#
# There is insufficient memory for the Java Runtime Environment to continue.
# Native memory allocation (mmap) failed to map 63963136 bytes for committing reserved memory.
# Possible reasons:
#   The system is out of physical RAM or swap space
#   The process is running with CompressedOops enabled, and the Java Heap may be blocking the growth of the native heap
# Possible solutions:
#   Reduce memory load on the system
#   Increase physical memory or swap space
#   Check if swap backing store is full
#   Decrease Java heap size (-Xmx/-Xms)
#   Decrease number of Java threads
#   Decrease Java thread stack sizes (-Xss)
#   Set larger code cache with -XX:ReservedCodeCacheSize=
#   JVM is running with Unscaled Compressed Oops mode in which the Java heap is
#     placed in the first 4GB address space. The Java Heap base address is the
#     maximum limit for the native heap growth. Please use -XX:HeapBaseMinAddress
#     to set the Java Heap base and to place the Java Heap above 4GB virtual address.
# This output file may be truncated or incomplete.
#
#  Out of Memory Error (os_linux.cpp:2706), pid=3492, tid=3505
#
# JRE version: OpenJDK Runtime Environment (10.0.1+10) (build 10.0.1+10-Ubuntu-3ubuntu1)
# Java VM: OpenJDK 64-Bit Server VM (10.0.1+10-Ubuntu-3ubuntu1, mixed mode, tiered, compressed oops, g1 gc, linux-amd64)
# Core dump will be written. Default location: Core dumps may be processed with "/usr/share/apport/apport %p %s %c %d %P" (or dumping to /home/ru/clojure/simpro-scene/core.3492)
#

---------------  S U M M A R Y ------------

Command Line: -Dfile.encoding=UTF-8 --add-modules=java.xml.bind -Dclojure.compile.path=/home/ru/clojure/simpro-scene/target/classes -Dsimpro-scene.version=0.1.0-SNAPSHOT -Dclojure.debug=false clojure.main -i /tmp/form-init13850302836248181048.clj

Host: Intel(R) Celeron(R) CPU  N2840  @ 2.16GHz, 2 cores, 1G, Linux Mint 19 Tara
Time: Sat Aug 18 08:39:52 2018 MSK elapsed time: 63 seconds (0d 0h 1m 3s)

---------------  T H R E A D  ---------------

Current thread (0x00007f19540c4000):  VMThread "VM Thread" [stack: 0x00007f1938ba7000,0x00007f1938ca7000] [id=3505]

Stack: [0x00007f1938ba7000,0x00007f1938ca7000],  sp=0x00007f1938ca50a0,  free space=1016k
Native frames: (J=compiled Java code, A=aot compiled Java code, j=interpreted, Vv=VM code, C=native code)
V  [libjvm.so+0xd27dc4]
V  [libjvm.so+0xd2896b]
V  [libjvm.so+0x64d415]
V  [libjvm.so+0xb2d6e8]
V  [libjvm.so+0xb25f3d]
V  [libjvm.so+0x7662ff]
V  [libjvm.so+0x76653e]
V  [libjvm.so+0x769500]
V  [libjvm.so+0x7efa1c]
V  [libjvm.so+0x7f06df]
V  [libjvm.so+0x7f0b59]
V  [libjvm.so+0x7162cf]
V  [libjvm.so+0x71a3ba]
V  [libjvm.so+0xd39f28]
V  [libjvm.so+0xd38791]
V  [libjvm.so+0xd35a5b]
V  [libjvm.so+0xd3707e]
V  [libjvm.so+0xd374a8]
V  [libjvm.so+0xb33c60]

VM_Operation (0x00007f18f86577d0): G1IncCollectionPause, mode: safepoint, requested by thread 0x00007f19043be000


---------------  P R O C E S S  ---------------

Threads class SMR info:
_java_thread_list=0x00007f1928005940, length=15, elements={
0x00007f19540d0800, 0x00007f19540d2800, 0x00007f19540e5000, 0x00007f19540e7000,
0x00007f19540e9000, 0x00007f19540eb000, 0x00007f19541cb000, 0x00007f19541fb800,
0x00007f1954a6e000, 0x00007f1954f16000, 0x00007f1954f19800, 0x00007f19041e9000,
0x00007f19043be000, 0x00007f1954013800, 0x00007f19300a9000
}

Java Threads: ( => current thread )
  0x00007f19540d0800 JavaThread "Reference Handler" daemon [_thread_blocked, id=3506, stack(0x00007f1938aa4000,0x00007f1938ba5000)]
  0x00007f19540d2800 JavaThread "Finalizer" daemon [_thread_blocked, id=3507, stack(0x00007f19389a3000,0x00007f1938aa4000)]
  0x00007f19540e5000 JavaThread "Signal Dispatcher" daemon [_thread_blocked, id=3508, stack(0x00007f1938493000,0x00007f1938594000)]
  0x00007f19540e7000 JavaThread "C2 CompilerThread0" daemon [_thread_blocked, id=3509, stack(0x00007f1938392000,0x00007f1938493000)]
  0x00007f19540e9000 JavaThread "C1 CompilerThread1" daemon [_thread_blocked, id=3510, stack(0x00007f1938291000,0x00007f1938392000)]
  0x00007f19540eb000 JavaThread "Sweeper thread" daemon [_thread_blocked, id=3511, stack(0x00007f1938190000,0x00007f1938291000)]
  0x00007f19541cb000 JavaThread "Service Thread" daemon [_thread_blocked, id=3512, stack(0x00007f193808f000,0x00007f1938190000)]
  0x00007f19541fb800 JavaThread "Common-Cleaner" daemon [_thread_blocked, id=3514, stack(0x00007f1903dfd000,0x00007f1903efe000)]
  0x00007f1954a6e000 JavaThread "Safe Main Thread" daemon [_thread_blocked, id=3515, stack(0x00007f1902ed2000,0x00007f1902fd3000)]
  0x00007f1954f16000 JavaThread "Java2D Disposer" daemon [_thread_blocked, id=3519, stack(0x00007f18f8c64000,0x00007f18f8d65000)]
  0x00007f1954f19800 JavaThread "AWT-XAWT" daemon [_thread_blocked, id=3520, stack(0x00007f18f8b63000,0x00007f18f8c64000)]
  0x00007f19041e9000 JavaThread "AWT-Shutdown" [_thread_blocked, id=3523, stack(0x00007f18f8660000,0x00007f18f8761000)]
  0x00007f19043be000 JavaThread "AWT-EventQueue-0" [_thread_blocked, id=3524, stack(0x00007f18f855f000,0x00007f18f8660000)]
  0x00007f1954013800 JavaThread "DestroyJavaVM" [_thread_blocked, id=3497, stack(0x00007f195d4cb000,0x00007f195d5cc000)]
  0x00007f19300a9000 JavaThread "TimerQueue" daemon [_thread_blocked, id=3526, stack(0x00007f18f8961000,0x00007f18f8a62000)]

Other Threads:
=>0x00007f19540c4000 VMThread "VM Thread" [stack: 0x00007f1938ba7000,0x00007f1938ca7000] [id=3505]
  0x00007f19541cd000 WatcherThread [stack: 0x00007f1903f00000,0x00007f1904000000] [id=3513]
  0x00007f195402a000 GCTaskThread "GC Thread#0" [stack: 0x00007f19595ed000,0x00007f19596ed000] [id=3498]
  0x00007f195402b800 GCTaskThread "GC Thread#1" [stack: 0x00007f19594eb000,0x00007f19595eb000] [id=3499]
  0x00007f1954049000 ConcurrentGCThread "G1 Main Marker" [stack: 0x00007f1958063000,0x00007f1958163000] [id=3500]
  0x00007f195404b000 ConcurrentGCThread "G1 Conc#0" [stack: 0x00007f193ba27000,0x00007f193bb27000] [id=3501]
  0x00007f1954064000 ConcurrentGCThread "G1 Refine#0" [stack: 0x00007f1939723000,0x00007f1939823000] [id=3502]
  0x00007f1954066000 ConcurrentGCThread "G1 Refine#1" [stack: 0x00007f1939621000,0x00007f1939721000] [id=3503]
  0x00007f1954067800 ConcurrentGCThread "G1 Young RemSet Sampling" [stack: 0x00007f193951f000,0x00007f193961f000] [id=3504]

Threads with active compile tasks:
C2 CompilerThread03394       4       java.util.Collections::unmodifiableList (27 bytes)

VM state:at safepoint (normal execution)

VM Mutex/Monitor currently owned by a thread:  ([mutex/lock_event])
[0x00007f19540100a0] Threads_lock - owner thread: 0x00007f19540c4000
[0x00007f1954010640] Heap_lock - owner thread: 0x00007f19043be000

Heap address: 0x00000000e2800000, size: 472 MB, Compressed Oops mode: 32-bit
Narrow klass base: 0x0000000000000000, Narrow klass shift: 3
Compressed class space size: 1073741824 Address: 0x0000000100000000

Heap:
 garbage-first heap   total 124928K, used 25451K [0x00000000e2800000, 0x0000000100000000)
  region size 1024K, 1 young (1024K), 1 survivors (1024K)
 Metaspace       used 36112K, capacity 36876K, committed 37328K, reserved 1081344K
  class space    used 5637K, capacity 6052K, committed 6144K, reserved 1048576K
Heap Regions: E=young(eden), S=young(survivor), O=old, HS=humongous(starts), HC=humongous(continues), CS=collection set, F=free, A=archive, TS=gc time stamp, AC=allocation context, TAMS=top-at-mark-start (previous, next)
|   0|0x00000000e2800000, 0x00000000e2900000, 0x00000000e2900000|100%| O|  |TS  0|AC  0|TAMS 0x00000000e2900000, 0x00000000e2900000|
|   1|0x00000000e2900000, 0x00000000e2a00000, 0x00000000e2a00000|100%| O|  |TS  0|AC  0|TAMS 0x00000000e2a00000, 0x00000000e2a00000|
|   2|0x00000000e2a00000, 0x00000000e2b00000, 0x00000000e2b00000|100%| O|  |TS  0|AC  0|TAMS 0x00000000e2b00000, 0x00000000e2b00000|
|   3|0x00000000e2b00000, 0x00000000e2c00000, 0x00000000e2c00000|100%| O|  |TS  0|AC  0|TAMS 0x00000000e2c00000, 0x00000000e2c00000|
|   4|0x00000000e2c00000, 0x00000000e2d00000, 0x00000000e2d00000|100%| O|  |TS  0|AC  0|TAMS 0x00000000e2d00000, 0x00000000e2d00000|
|   5|0x00000000e2d00000, 0x00000000e2e00000, 0x00000000e2e00000|100%| O|  |TS  0|AC  0|TAMS 0x00000000e2e00000, 0x00000000e2e00000|
|   6|0x00000000e2e00000, 0x00000000e2f00000, 0x00000000e2f00000|100%| O|  |TS  0|AC  0|TAMS 0x00000000e2f00000, 0x00000000e2f00000|
|   7|0x00000000e2f00000, 0x00000000e3000000, 0x00000000e3000000|100%| O|  |TS  0|AC  0|TAMS 0x00000000e3000000, 0x00000000e3000000|
|   8|0x00000000e3000000, 0x00000000e3100000, 0x00000000e3100000|100%| O|  |TS  0|AC  0|TAMS 0x00000000e3100000, 0x00000000e3100000|
|   9|0x00000000e3100000, 0x00000000e3200000, 0x00000000e3200000|100%| O|  |TS  0|AC  0|TAMS 0x00000000e3200000, 0x00000000e3200000|
|  10|0x00000000e3200000, 0x00000000e3300000, 0x00000000e3300000|100%| O|  |TS  2|AC  0|TAMS 0x00000000e3200000, 0x00000000e3200000|
|  11|0x00000000e3300000, 0x00000000e3400000, 0x00000000e3400000|100%| O|  |TS  3|AC  0|TAMS 0x00000000e3300000, 0x00000000e3300000|
|  12|0x00000000e3400000, 0x00000000e3500000, 0x00000000e3500000|100%| O|  |TS  6|AC  0|TAMS 0x00000000e3400000, 0x00000000e3400000|
|  13|0x00000000e3500000, 0x00000000e35d3600, 0x00000000e3600000| 82%| O|  |TS 10|AC  0|TAMS 0x00000000e3500000, 0x00000000e3500000|
|  14|0x00000000e3600000, 0x00000000e3700000, 0x00000000e3700000|100%| O|  |TS  1|AC  0|TAMS 0x00000000e364f200, 0x00000000e364f200|
|  15|0x00000000e3700000, 0x00000000e3800000, 0x00000000e3800000|100%| O|  |TS  1|AC  0|TAMS 0x00000000e3700000, 0x00000000e3700000|
|  16|0x00000000e3800000, 0x00000000e3900000, 0x00000000e3900000|100%| O|  |TS  1|AC  0|TAMS 0x00000000e3800000, 0x00000000e3800000|
|  17|0x00000000e3900000, 0x00000000e3a00000, 0x00000000e3a00000|100%| O|  |TS  2|AC  0|TAMS 0x00000000e3900000, 0x00000000e3900000|
|  18|0x00000000e3a00000, 0x00000000e3a00000, 0x00000000e3b00000|  0%| F|  |TS  5|AC  0|TAMS 0x00000000e3a00000, 0x00000000e3a00000|
|  19|0x00000000e3b00000, 0x00000000e3b00000, 0x00000000e3c00000|  0%| F|  |TS  5|AC  0|TAMS 0x00000000e3b00000, 0x00000000e3b00000|
|  20|0x00000000e3c00000, 0x00000000e3d00000, 0x00000000e3d00000|100%| O|  |TS  3|AC  0|TAMS 0x00000000e3c00000, 0x00000000e3c00000|
|  21|0x00000000e3d00000, 0x00000000e3e00000, 0x00000000e3e00000|100%| O|  |TS  3|AC  0|TAMS 0x00000000e3d00000, 0x00000000e3d00000|
|  22|0x00000000e3e00000, 0x00000000e3f00000, 0x00000000e3f00000|100%| O|  |TS  3|AC  0|TAMS 0x00000000e3e00000, 0x00000000e3e00000|
|  23|0x00000000e3f00000, 0x00000000e4000000, 0x00000000e4000000|100%| O|  |TS  4|AC  0|TAMS 0x00000000e3f00000, 0x00000000e3f00000|
|  24|0x00000000e4000000, 0x00000000e4100000, 0x00000000e4100000|100%| O|  |TS  4|AC  0|TAMS 0x00000000e4000000, 0x00000000e4000000|
|  25|0x00000000e4100000, 0x00000000e4200000, 0x00000000e4200000|100%| O|  |TS  4|AC  0|TAMS 0x00000000e4100000, 0x00000000e4100000|
|  26|0x00000000e4200000, 0x00000000e4300000, 0x00000000e4300000|100%| O|  |TS  6|AC  0|TAMS 0x00000000e4200000, 0x00000000e4200000|
|  27|0x00000000e4300000, 0x00000000e4300000, 0x00000000e4400000|  0%| F|  |TS  0|AC  0|TAMS 0x00000000e4300000, 0x00000000e4300000|
|  28|0x00000000e4400000, 0x00000000e4400000, 0x00000000e4500000|  0%| F|  |TS  0|AC  0|TAMS 0x00000000e4400000, 0x00000000e4400000|
|  29|0x00000000e4500000, 0x00000000e4500000, 0x00000000e4600000|  0%| F|  |TS  0|AC  0|TAMS 0x00000000e4500000, 0x00000000e4500000|
|  30|0x00000000e4600000, 0x00000000e4600000, 0x00000000e4700000|  0%| F|  |TS  0|AC  0|TAMS 0x00000000e4600000, 0x00000000e4600000|
|  31|0x00000000e4700000, 0x00000000e4700000, 0x00000000e4800000|  0%| F|  |TS  0|AC  0|TAMS 0x00000000e4700000, 0x00000000e4700000|
|  32|0x00000000e4800000, 0x00000000e4800000, 0x00000000e4900000|  0%| F|  |TS  2|AC  0|TAMS 0x00000000e4800000, 0x00000000e4800000|
|  33|0x00000000e4900000, 0x00000000e4900000, 0x00000000e4a00000|  0%| F|  |TS  2|AC  0|TAMS 0x00000000e4900000, 0x00000000e4900000|
|  34|0x00000000e4a00000, 0x00000000e4a00000, 0x00000000e4b00000|  0%| F|  |TS  1|AC  0|TAMS 0x00000000e4a00000, 0x00000000e4a00000|
|  35|0x00000000e4b00000, 0x00000000e4b00000, 0x00000000e4c00000|  0%| F|  |TS  1|AC  0|TAMS 0x00000000e4b00000, 0x00000000e4b00000|
|  36|0x00000000e4c00000, 0x00000000e4c00000, 0x00000000e4d00000|  0%| F|  |TS  1|AC  0|TAMS 0x00000000e4c00000, 0x00000000e4c00000|
|  37|0x00000000e4d00000, 0x00000000e4d00000, 0x00000000e4e00000|  0%| F|  |TS  1|AC  0|TAMS 0x00000000e4d00000, 0x00000000e4d00000|
|  38|0x00000000e4e00000, 0x00000000e4e00000, 0x00000000e4f00000|  0%| F|  |TS  1|AC  0|TAMS 0x00000000e4e00000, 0x00000000e4e00000|
|  39|0x00000000e4f00000, 0x00000000e4f00000, 0x00000000e5000000|  0%| F|  |TS  1|AC  0|TAMS 0x00000000e4f00000, 0x00000000e4f00000|
|  40|0x00000000e5000000, 0x00000000e5000000, 0x00000000e5100000|  0%| F|  |TS  1|AC  0|TAMS 0x00000000e5000000, 0x00000000e5000000|
|  41|0x00000000e5100000, 0x00000000e5100000, 0x00000000e5200000|  0%| F|  |TS  3|AC  0|TAMS 0x00000000e5100000, 0x00000000e5100000|
|  42|0x00000000e5200000, 0x00000000e5200000, 0x00000000e5300000|  0%| F|  |TS  2|AC  0|TAMS 0x00000000e5200000, 0x00000000e5200000|
|  43|0x00000000e5300000, 0x00000000e5300000, 0x00000000e5400000|  0%| F|  |TS  2|AC  0|TAMS 0x00000000e5300000, 0x00000000e5300000|
|  44|0x00000000e5400000, 0x00000000e5400000, 0x00000000e5500000|  0%| F|  |TS  2|AC  0|TAMS 0x00000000e5400000, 0x00000000e5400000|
|  45|0x00000000e5500000, 0x00000000e5500000, 0x00000000e5600000|  0%| F|  |TS  2|AC  0|TAMS 0x00000000e5500000, 0x00000000e5500000|
|  46|0x00000000e5600000, 0x00000000e5600000, 0x00000000e5700000|  0%| F|  |TS  2|AC  0|TAMS 0x00000000e5600000, 0x00000000e5600000|
|  47|0x00000000e5700000, 0x00000000e5700000, 0x00000000e5800000|  0%| F|  |TS  2|AC  0|TAMS 0x00000000e5700000, 0x00000000e5700000|
|  48|0x00000000e5800000, 0x00000000e5800000, 0x00000000e5900000|  0%| F|  |TS  2|AC  0|TAMS 0x00000000e5800000, 0x00000000e5800000|
|  49|0x00000000e5900000, 0x00000000e5900000, 0x00000000e5a00000|  0%| F|  |TS  2|AC  0|TAMS 0x00000000e5900000, 0x00000000e5900000|
|  50|0x00000000e5a00000, 0x00000000e5a00000, 0x00000000e5b00000|  0%| F|  |TS  6|AC  0|TAMS 0x00000000e5a00000, 0x00000000e5a00000|
|  51|0x00000000e5b00000, 0x00000000e5b00000, 0x00000000e5c00000|  0%| F|  |TS  6|AC  0|TAMS 0x00000000e5b00000, 0x00000000e5b00000|
|  52|0x00000000e5c00000, 0x00000000e5c00000, 0x00000000e5d00000|  0%| F|  |TS  5|AC  0|TAMS 0x00000000e5c00000, 0x00000000e5c00000|
|  53|0x00000000e5d00000, 0x00000000e5d00000, 0x00000000e5e00000|  0%| F|  |TS  5|AC  0|TAMS 0x00000000e5d00000, 0x00000000e5d00000|
|  54|0x00000000e5e00000, 0x00000000e5e00000, 0x00000000e5f00000|  0%| F|  |TS  5|AC  0|TAMS 0x00000000e5e00000, 0x00000000e5e00000|
|  55|0x00000000e5f00000, 0x00000000e5f00000, 0x00000000e6000000|  0%| F|  |TS  5|AC  0|TAMS 0x00000000e5f00000, 0x00000000e5f00000|
|  56|0x00000000e6000000, 0x00000000e6000000, 0x00000000e6100000|  0%| F|  |TS 10|AC  0|TAMS 0x00000000e6000000, 0x00000000e6000000|
|  57|0x00000000e6100000, 0x00000000e6100000, 0x00000000e6200000|  0%| F|  |TS  9|AC  0|TAMS 0x00000000e6100000, 0x00000000e6100000|
|  58|0x00000000e6200000, 0x00000000e6207970, 0x00000000e6300000|  2%| S|CS|TS 10|AC  0|TAMS 0x00000000e6200000, 0x00000000e6200000|
|  59|0x00000000e6300000, 0x00000000e6300000, 0x00000000e6400000|  0%| F|  |TS 10|AC  0|TAMS 0x00000000e6300000, 0x00000000e6300000|
|  60|0x00000000e6400000, 0x00000000e6400000, 0x00000000e6500000|  0%| F|  |TS 10|AC  0|TAMS 0x00000000e6400000, 0x00000000e6400000|

Card table byte_map: [0x00007f195910f000,0x00007f19591fb000] byte_map_base: 0x00007f19589fb000

Marking Bits (Prev, Next): (CMBitMap*) 0x00007f19540483a0, (CMBitMap*) 0x00007f19540483d8
 Prev Bits: [0x00007f19588c3000, 0x00007f1959023000)
 Next Bits: [0x00007f1958163000, 0x00007f19588c3000)

Polling page: 0x00007f195d5e2000

CodeHeap 'non-profiled nmethods': size=120036Kb used=1112Kb max_used=1112Kb free=118923Kb
 bounds [0x00007f19435ee000, 0x00007f194385e000, 0x00007f194ab27000]
CodeHeap 'profiled nmethods': size=120032Kb used=5426Kb max_used=5426Kb free=114605Kb
 bounds [0x00007f193c0b6000, 0x00007f193c616000, 0x00007f19435ee000]
CodeHeap 'non-nmethods': size=5692Kb used=1270Kb max_used=1291Kb free=4421Kb
 bounds [0x00007f193bb27000, 0x00007f193bd97000, 0x00007f193c0b6000]
 total_blobs=4616 nmethods=2948 adapters=631
 compilation: enabled

Compilation events (10 events):
Event: 59,858 Thread 0x00007f19540e9000 3389       3       edu.stanford.smi.protege.model.framestore.SimpleFrameStore::addInheritedTemplateSlotValues (105 bytes)
Event: 59,874 Thread 0x00007f19540e9000 nmethod 3389 0x00007f193c604410 code [0x00007f193c6047e0, 0x00007f193c606478]
Event: 59,884 Thread 0x00007f19540e9000 3390       2       edu.stanford.smi.protege.model.framestore.ArgumentCheckingFrameStore::getOwnSlots (15 bytes)
Event: 59,884 Thread 0x00007f19540e9000 nmethod 3390 0x00007f193c606d10 code [0x00007f193c606ee0, 0x00007f193c607098]
Event: 59,885 Thread 0x00007f19540e9000 3391       2       edu.stanford.smi.protege.model.framestore.ArgumentCheckingFrameStore::getOwnSlotValues (20 bytes)
Event: 59,886 Thread 0x00007f19540e9000 nmethod 3391 0x00007f193c607190 code [0x00007f193c607360, 0x00007f193c607548]
Event: 59,941 Thread 0x00007f19540e7000 nmethod 3368% 0x00007f1943703c10 code [0x00007f1943703dc0, 0x00007f1943703f78]
Event: 59,941 Thread 0x00007f19540e7000 3381       4       java.util.AbstractCollection::addAll (42 bytes)
Event: 63,277 Thread 0x00007f19540e7000 nmethod 3381 0x00007f1943704110 code [0x00007f19437042e0, 0x00007f1943704498]
Event: 63,300 Thread 0x00007f19540e7000 3394       4       java.util.Collections::unmodifiableList (27 bytes)

GC Heap History (10 events):
Event: 58,517 GC heap after
{Heap after GC invocations=19 (full 0):
 garbage-first heap   total 62464K, used 25378K [0x00000000e2800000, 0x0000000100000000)
  region size 1024K, 2 young (2048K), 2 survivors (2048K)
 Metaspace       used 36108K, capacity 36876K, committed 37328K, reserved 1081344K
  class space    used 5637K, capacity 6052K, committed 6144K, reserved 1048576K
}
Event: 59,705 GC heap before
{Heap before GC invocations=19 (full 0):
 garbage-first heap   total 62464K, used 26402K [0x00000000e2800000, 0x0000000100000000)
  region size 1024K, 3 young (3072K), 2 survivors (2048K)
 Metaspace       used 36108K, capacity 36876K, committed 37328K, reserved 1081344K
  class space    used 5637K, capacity 6052K, committed 6144K, reserved 1048576K
}
Event: 59,735 GC heap after
{Heap after GC invocations=20 (full 0):
 garbage-first heap   total 62464K, used 25765K [0x00000000e2800000, 0x0000000100000000)
  region size 1024K, 1 young (1024K), 1 survivors (1024K)
 Metaspace       used 36108K, capacity 36876K, committed 37328K, reserved 1081344K
  class space    used 5637K, capacity 6052K, committed 6144K, reserved 1048576K
}
Event: 59,986 GC heap before
{Heap before GC invocations=20 (full 0):
 garbage-first heap   total 62464K, used 27813K [0x00000000e2800000, 0x0000000100000000)
  region size 1024K, 3 young (3072K), 1 survivors (1024K)
 Metaspace       used 36112K, capacity 36876K, committed 37328K, reserved 1081344K
  class space    used 5637K, capacity 6052K, committed 6144K, reserved 1048576K
}
Event: 60,129 GC heap after
{Heap after GC invocations=21 (full 0):
 garbage-first heap   total 62464K, used 25508K [0x00000000e2800000, 0x0000000100000000)
  region size 1024K, 1 young (1024K), 1 survivors (1024K)
 Metaspace       used 36112K, capacity 36876K, committed 37328K, reserved 1081344K
  class space    used 5637K, capacity 6052K, committed 6144K, reserved 1048576K
}
Event: 60,623 GC heap before
{Heap before GC invocations=21 (full 0):
 garbage-first heap   total 62464K, used 27556K [0x00000000e2800000, 0x0000000100000000)
  region size 1024K, 3 young (3072K), 1 survivors (1024K)
 Metaspace       used 36112K, capacity 36876K, committed 37328K, reserved 1081344K
  class space    used 5637K, capacity 6052K, committed 6144K, reserved 1048576K
}
Event: 60,959 GC heap after
{Heap after GC invocations=22 (full 0):
 garbage-first heap   total 62464K, used 25456K [0x00000000e2800000, 0x0000000100000000)
  region size 1024K, 1 young (1024K), 1 survivors (1024K)
 Metaspace       used 36112K, capacity 36876K, committed 37328K, reserved 1081344K
  class space    used 5637K, capacity 6052K, committed 6144K, reserved 1048576K
}
Event: 61,815 GC heap before
{Heap before GC invocations=22 (full 0):
 garbage-first heap   total 62464K, used 28528K [0x00000000e2800000, 0x0000000100000000)
  region size 1024K, 4 young (4096K), 1 survivors (1024K)
 Metaspace       used 36112K, capacity 36876K, committed 37328K, reserved 1081344K
  class space    used 5637K, capacity 6052K, committed 6144K, reserved 1048576K
}
Event: 62,769 GC heap after
{Heap after GC invocations=23 (full 0):
 garbage-first heap   total 62464K, used 25449K [0x00000000e2800000, 0x0000000100000000)
  region size 1024K, 1 young (1024K), 1 survivors (1024K)
 Metaspace       used 36112K, capacity 36876K, committed 37328K, reserved 1081344K
  class space    used 5637K, capacity 6052K, committed 6144K, reserved 1048576K
}
Event: 63,371 GC heap before
{Heap before GC invocations=23 (full 0):
 garbage-first heap   total 62464K, used 27497K [0x00000000e2800000, 0x0000000100000000)
  region size 1024K, 3 young (3072K), 1 survivors (1024K)
 Metaspace       used 36112K, capacity 36876K, committed 37328K, reserved 1081344K
  class space    used 5637K, capacity 6052K, committed 6144K, reserved 1048576K
}

Deoptimization events (10 events):
Event: 11,324 Thread 0x00007f1954a6e000 Uncommon trap: reason=unstable_if action=reinterpret pc=0x00007f19436967bc method=java.nio.Buffer.position(I)Ljava/nio/Buffer; @ 45 c2
Event: 11,963 Thread 0x00007f1954a6e000 Uncommon trap: reason=unstable_if action=reinterpret pc=0x00007f1943614944 method=java.lang.StringCoding.encodeUTF8(B[BZ)[B @ 18 c2
Event: 11,967 Thread 0x00007f1954a6e000 Uncommon trap: reason=unstable_if action=reinterpret pc=0x00007f19436051b4 method=java.lang.StringCoding.hasNegatives([BII)Z @ 12 c2
Event: 40,512 Thread 0x00007f19043be000 Uncommon trap: reason=unstable_if action=reinterpret pc=0x00007f19436c8d50 method=jdk.internal.org.objectweb.asm.Frame.execute(IILjdk/internal/org/objectweb/asm/ClassWriter;Ljdk/internal/org/objectweb/asm/Item;)V @ 2219 c2
Event: 40,555 Thread 0x00007f19043be000 Uncommon trap: reason=unstable_if action=reinterpret pc=0x00007f194363ff18 method=jdk.internal.org.objectweb.asm.Type.getArgumentsAndReturnSizes(Ljava/lang/String;)I @ 88 c2
Event: 41,072 Thread 0x00007f19043be000 Uncommon trap: reason=unstable_if action=reinterpret pc=0x00007f1943698a8c method=java.util.HashMap.getNode(ILjava/lang/Object;)Ljava/util/HashMap$Node; @ 62 c2
Event: 42,148 Thread 0x00007f19043be000 Uncommon trap: reason=unstable_if action=reinterpret pc=0x00007f194365d1ac method=java.util.HashMap.getNode(ILjava/lang/Object;)Ljava/util/HashMap$Node; @ 62 c2
Event: 42,455 Thread 0x00007f19043be000 Uncommon trap: reason=unstable_if action=reinterpret pc=0x00007f19436cffbc method=java.util.Arrays.equals([Ljava/lang/Object;[Ljava/lang/Object;)Z @ 44 c2
Event: 47,490 Thread 0x00007f19043be000 Uncommon trap: reason=unstable_if action=reinterpret pc=0x00007f19436eef30 method=edu.stanford.smi.protege.storage.clips.SimpleCharStream.readChar()C @ 32 c2
Event: 56,291 Thread 0x00007f19043be000 Uncommon trap: reason=unstable_if action=reinterpret pc=0x00007f1943618484 method=java.lang.String.isLatin1()Z @ 10 c2

Classes redefined (0 events):
No events

Internal exceptions (10 events):
Event: 10,536 Thread 0x00007f1954a6e000 Exception <a 'java/lang/NoSuchMethodError'{0x00000000e500cf10}: method resolution failed> (0x00000000e500cf10) thrown at [/build/openjdk-lts-tXWsoM/openjdk-lts-10.0.1+10/src/hotspot/share/prims/methodHandles.cpp, line 1226]
Event: 10,562 Thread 0x00007f1954a6e000 Exception <a 'java/lang/NoSuchMethodError'{0x00000000e50a02c8}: java.lang.invoke.DirectMethodHandle$Holder.invokeSpecial(Ljava/lang/Object;Ljava/lang/Object;IILjava/lang/Object;Ljava/lang/Object;Ljava/lang/Object;Ljava/lang/Object;)Ljava/lang/Object;> (0x
Event: 10,563 Thread 0x00007f1954a6e000 Exception <a 'java/lang/NoSuchMethodError'{0x00000000e50a40d8}: java.lang.invoke.DelegatingMethodHandle$Holder.reinvoke_L(Ljava/lang/Object;IILjava/lang/Object;Ljava/lang/Object;Ljava/lang/Object;Ljava/lang/Object;)Ljava/lang/Object;> (0x00000000e50a40d8)
Event: 10,758 Thread 0x00007f1954a6e000 Exception <a 'java/lang/NoSuchMethodError'{0x00000000e4e94ef8}: java.lang.invoke.DirectMethodHandle$Holder.invokeStatic(Ljava/lang/Object;Ljava/lang/Object;Ljava/lang/Object;Ljava/lang/Object;Ljava/lang/Object;Ljava/lang/Object;Ljava/lang/Object;Ljava/lan
Event: 10,767 Thread 0x00007f1954a6e000 Exception <a 'java/lang/NoSuchMethodError'{0x00000000e4eb5760}: java.lang.invoke.DirectMethodHandle$Holder.invokeStatic(Ljava/lang/Object;Ljava/lang/Object;Ljava/lang/Object;Ljava/lang/Object;Ljava/lang/Object;Ljava/lang/Object;Ljava/lang/Object;Ljava/lan
Event: 10,776 Thread 0x00007f1954a6e000 Exception <a 'java/lang/NoSuchMethodError'{0x00000000e4ed6868}: java.lang.invoke.DirectMethodHandle$Holder.invokeStatic(Ljava/lang/Object;Ljava/lang/Object;Ljava/lang/Object;Ljava/lang/Object;Ljava/lang/Object;Ljava/lang/Object;Ljava/lang/Object;Ljava/lan
Event: 10,789 Thread 0x00007f1954a6e000 Exception <a 'java/lang/NoSuchMethodError'{0x00000000e4ef9668}: java.lang.invoke.DirectMethodHandle$Holder.invokeStatic(Ljava/lang/Object;Ljava/lang/Object;Ljava/lang/Object;Ljava/lang/Object;Ljava/lang/Object;Ljava/lang/Object;Ljava/lang/Object;Ljava/lan
Event: 19,030 Thread 0x00007f19043be000 Exception <a 'java/lang/UnsupportedOperationException'{0x00000000e4867690}: > (0x00000000e4867690) thrown at [/build/openjdk-lts-tXWsoM/openjdk-lts-10.0.1+10/src/hotspot/share/prims/jni.cpp, line 632]
Event: 26,452 Thread 0x00007f19043be000 Exception <a 'java/lang/UnsupportedOperationException'{0x00000000e554c030}: > (0x00000000e554c030) thrown at [/build/openjdk-lts-tXWsoM/openjdk-lts-10.0.1+10/src/hotspot/share/prims/jni.cpp, line 632]
Event: 40,405 Thread 0x00007f19043be000 Exception <a 'java/lang/NoSuchMethodError'{0x00000000e5500cf8}: java.lang.Object.of([Ljava/lang/Object;)Ljava/util/stream/Stream;> (0x00000000e5500cf8) thrown at [/build/openjdk-lts-tXWsoM/openjdk-lts-10.0.1+10/src/hotspot/share/interpreter/linkResolver.c

Events (10 events):
Event: 58,686 Executing VM operation: G1IncCollectionPause done
Event: 59,690 Executing VM operation: G1IncCollectionPause
Event: 59,753 Executing VM operation: G1IncCollectionPause done
Event: 59,951 Executing VM operation: G1IncCollectionPause
Event: 60,204 Executing VM operation: G1IncCollectionPause done
Event: 60,396 Executing VM operation: G1IncCollectionPause
Event: 61,008 Executing VM operation: G1IncCollectionPause done
Event: 61,287 Executing VM operation: G1IncCollectionPause
Event: 62,861 Executing VM operation: G1IncCollectionPause done
Event: 63,326 Executing VM operation: G1IncCollectionPause


Dynamic libraries:
e2800000-e6500000 rw-p 00000000 00:00 0 
ea200000-100000000 ---p 00000000 00:00 0 
100000000-100600000 rw-p 00000000 00:00 0 
100600000-140000000 ---p 00000000 00:00 0 
5580e1511000-5580e1512000 r-xp 00000000 b3:02 1184473                    /usr/lib/jvm/java-11-openjdk-amd64/bin/java
5580e1712000-5580e1713000 r--p 00001000 b3:02 1184473                    /usr/lib/jvm/java-11-openjdk-amd64/bin/java
5580e1713000-5580e1714000 rw-p 00002000 b3:02 1184473                    /usr/lib/jvm/java-11-openjdk-amd64/bin/java
5580e2e96000-5580e2eb7000 rw-p 00000000 00:00 0                          [heap]
7f18f7ee4000-7f18f7f64000 rw-p 00000000 00:00 0 
7f18f7f64000-7f18f80e4000 ---p 00000000 00:00 0 
7f18f80e4000-7f18f82d8000 rw-p 00000000 00:00 0 
7f18f82d8000-7f18f82e4000 ---p 00000000 00:00 0 
7f18f82e4000-7f18f835f000 rw-s 00000000 00:05 6946835                    /SYSV00000000 (deleted)
7f18f835f000-7f18f855f000 rw-p 00000000 00:00 0 
7f18f855f000-7f18f8563000 ---p 00000000 00:00 0 
7f18f8563000-7f18f8660000 rw-p 00000000 00:00 0 
7f18f8660000-7f18f8664000 ---p 00000000 00:00 0 
7f18f8664000-7f18f8961000 rw-p 00000000 00:00 0 
7f18f8961000-7f18f8965000 ---p 00000000 00:00 0 
7f18f8965000-7f18f8a62000 rw-p 00000000 00:00 0 
7f18f8a62000-7f18f8a66000 ---p 00000000 00:00 0 
7f18f8a66000-7f18f8b63000 rw-p 00000000 00:00 0 
7f18f8b63000-7f18f8b67000 ---p 00000000 00:00 0 
7f18f8b67000-7f18f8c64000 rw-p 00000000 00:00 0 
7f18f8c64000-7f18f8c68000 ---p 00000000 00:00 0 
7f18f8c68000-7f18f8f65000 rw-p 00000000 00:00 0 
7f18f8f65000-7f18f8f6a000 r-xp 00000000 b3:02 1189082                    /usr/lib/x86_64-linux-gnu/libXfixes.so.3.1.0
7f18f8f6a000-7f18f9169000 ---p 00005000 b3:02 1189082                    /usr/lib/x86_64-linux-gnu/libXfixes.so.3.1.0
7f18f9169000-7f18f916a000 r--p 00004000 b3:02 1189082                    /usr/lib/x86_64-linux-gnu/libXfixes.so.3.1.0
7f18f916a000-7f18f916b000 rw-p 00005000 b3:02 1189082                    /usr/lib/x86_64-linux-gnu/libXfixes.so.3.1.0
7f18f916b000-7f18f9174000 r-xp 00000000 b3:02 1189074                    /usr/lib/x86_64-linux-gnu/libXcursor.so.1.0.2
7f18f9174000-7f18f9373000 ---p 00009000 b3:02 1189074                    /usr/lib/x86_64-linux-gnu/libXcursor.so.1.0.2
7f18f9373000-7f18f9374000 r--p 00008000 b3:02 1189074                    /usr/lib/x86_64-linux-gnu/libXcursor.so.1.0.2
7f18f9374000-7f18f9375000 rw-p 00009000 b3:02 1189074                    /usr/lib/x86_64-linux-gnu/libXcursor.so.1.0.2
7f18f9375000-7f18f9376000 ---p 00000000 00:00 0 
7f18f9376000-7f18f9b76000 rw-p 00000000 00:00 0 
7f18f9b76000-7f18f9b77000 ---p 00000000 00:00 0 
7f18f9b77000-7f18fa377000 rw-p 00000000 00:00 0 
7f18fa377000-7f18fa378000 ---p 00000000 00:00 0 
7f18fa378000-7f18fab78000 rw-p 00000000 00:00 0 
7f18fab78000-7f18fab84000 r-xp 00000000 b3:02 1444499                    /usr/lib/x86_64-linux-gnu/gio/modules/libdconfsettings.so
7f18fab84000-7f18fad83000 ---p 0000c000 b3:02 1444499                    /usr/lib/x86_64-linux-gnu/gio/modules/libdconfsettings.so
7f18fad83000-7f18fad84000 r--p 0000b000 b3:02 1444499                    /usr/lib/x86_64-linux-gnu/gio/modules/libdconfsettings.so
7f18fad84000-7f18fad85000 rw-p 0000c000 b3:02 1444499                    /usr/lib/x86_64-linux-gnu/gio/modules/libdconfsettings.so
7f18fad85000-7f18fad8b000 r-xp 00000000 b3:02 526175                     /lib/x86_64-linux-gnu/libuuid.so.1.3.0
7f18fad8b000-7f18faf8a000 ---p 00006000 b3:02 526175                     /lib/x86_64-linux-gnu/libuuid.so.1.3.0
7f18faf8a000-7f18faf8b000 r--p 00005000 b3:02 526175                     /lib/x86_64-linux-gnu/libuuid.so.1.3.0
7f18faf8b000-7f18faf8c000 rw-p 00006000 b3:02 526175                     /lib/x86_64-linux-gnu/libuuid.so.1.3.0
7f18faf8c000-7f18fafd3000 r-xp 00000000 b3:02 530258                     /lib/x86_64-linux-gnu/libblkid.so.1.1.0
7f18fafd3000-7f18fb1d3000 ---p 00047000 b3:02 530258                     /lib/x86_64-linux-gnu/libblkid.so.1.1.0
7f18fb1d3000-7f18fb1d7000 r--p 00047000 b3:02 530258                     /lib/x86_64-linux-gnu/libblkid.so.1.1.0
7f18fb1d7000-7f18fb1d8000 rw-p 0004b000 b3:02 530258                     /lib/x86_64-linux-gnu/libblkid.so.1.1.0
7f18fb1d8000-7f18fb1d9000 rw-p 00000000 00:00 0 
7f18fb1d9000-7f18fb249000 r-xp 00000000 b3:02 530211                     /lib/x86_64-linux-gnu/libpcre.so.3.13.3
7f18fb249000-7f18fb449000 ---p 00070000 b3:02 530211                     /lib/x86_64-linux-gnu/libpcre.so.3.13.3
7f18fb449000-7f18fb44a000 r--p 00070000 b3:02 530211                     /lib/x86_64-linux-gnu/libpcre.so.3.13.3
7f18fb44a000-7f18fb44b000 rw-p 00071000 b3:02 530211                     /lib/x86_64-linux-gnu/libpcre.so.3.13.3
7f18fb44b000-7f18fb452000 r-xp 00000000 b3:02 1189462                    /usr/lib/x86_64-linux-gnu/libffi.so.6.0.4
7f18fb452000-7f18fb651000 ---p 00007000 b3:02 1189462                    /usr/lib/x86_64-linux-gnu/libffi.so.6.0.4
7f18fb651000-7f18fb652000 r--p 00006000 b3:02 1189462                    /usr/lib/x86_64-linux-gnu/libffi.so.6.0.4
7f18fb652000-7f18fb653000 rw-p 00007000 b3:02 1189462                    /usr/lib/x86_64-linux-gnu/libffi.so.6.0.4
7f18fb653000-7f18fb6a4000 r-xp 00000000 b3:02 530122                     /lib/x86_64-linux-gnu/libmount.so.1.1.0
7f18fb6a4000-7f18fb8a3000 ---p 00051000 b3:02 530122                     /lib/x86_64-linux-gnu/libmount.so.1.1.0
7f18fb8a3000-7f18fb8a5000 r--p 00050000 b3:02 530122                     /lib/x86_64-linux-gnu/libmount.so.1.1.0
7f18fb8a5000-7f18fb8a6000 rw-p 00052000 b3:02 530122                     /lib/x86_64-linux-gnu/libmount.so.1.1.0
7f18fb8a6000-7f18fb8a7000 rw-p 00000000 00:00 0 
7f18fb8a7000-7f18fb8be000 r-xp 00000000 b3:02 530228                     /lib/x86_64-linux-gnu/libresolv-2.27.so
7f18fb8be000-7f18fbabe000 ---p 00017000 b3:02 530228                     /lib/x86_64-linux-gnu/libresolv-2.27.so
7f18fbabe000-7f18fbabf000 r--p 00017000 b3:02 530228                     /lib/x86_64-linux-gnu/libresolv-2.27.so
7f18fbabf000-7f18fbac0000 rw-p 00018000 b3:02 530228                     /lib/x86_64-linux-gnu/libresolv-2.27.so
7f18fbac0000-7f18fbac2000 rw-p 00000000 00:00 0 
7f18fbac2000-7f18fbae7000 r-xp 00000000 b3:02 530234                     /lib/x86_64-linux-gnu/libselinux.so.1
7f18fbae7000-7f18fbce6000 ---p 00025000 b3:02 530234                     /lib/x86_64-linux-gnu/libselinux.so.1
7f18fbce6000-7f18fbce7000 r--p 00024000 b3:02 530234                     /lib/x86_64-linux-gnu/libselinux.so.1
7f18fbce7000-7f18fbce8000 rw-p 00025000 b3:02 530234                     /lib/x86_64-linux-gnu/libselinux.so.1
7f18fbce8000-7f18fbcea000 rw-p 00000000 00:00 0 
7f18fbcea000-7f18fbdfd000 r-xp 00000000 b3:02 1189574                    /usr/lib/x86_64-linux-gnu/libglib-2.0.so.0.5600.1
7f18fbdfd000-7f18fbffd000 ---p 00113000 b3:02 1189574                    /usr/lib/x86_64-linux-gnu/libglib-2.0.so.0.5600.1
7f18fbffd000-7f18fbffe000 r--p 00113000 b3:02 1189574                    /usr/lib/x86_64-linux-gnu/libglib-2.0.so.0.5600.1
7f18fbffe000-7f18fbfff000 rw-p 00114000 b3:02 1189574                    /usr/lib/x86_64-linux-gnu/libglib-2.0.so.0.5600.1
7f18fbfff000-7f18fc000000 rw-p 00000000 00:00 0 
7f18fc000000-7f18fc021000 rw-p 00000000 00:00 0 
7f18fc021000-7f1900000000 ---p 00000000 00:00 0 
7f190006c000-7f190006f000 r-xp 00000000 b3:02 1189586                    /usr/lib/x86_64-linux-gnu/libgmodule-2.0.so.0.5600.1
7f190006f000-7f190026e000 ---p 00003000 b3:02 1189586                    /usr/lib/x86_64-linux-gnu/libgmodule-2.0.so.0.5600.1
7f190026e000-7f190026f000 r--p 00002000 b3:02 1189586                    /usr/lib/x86_64-linux-gnu/libgmodule-2.0.so.0.5600.1
7f190026f000-7f1900270000 rw-p 00003000 b3:02 1189586                    /usr/lib/x86_64-linux-gnu/libgmodule-2.0.so.0.5600.1
7f1900270000-7f19002c2000 r-xp 00000000 b3:02 1189604                    /usr/lib/x86_64-linux-gnu/libgobject-2.0.so.0.5600.1
7f19002c2000-7f19004c2000 ---p 00052000 b3:02 1189604                    /usr/lib/x86_64-linux-gnu/libgobject-2.0.so.0.5600.1
7f19004c2000-7f19004c3000 r--p 00052000 b3:02 1189604                    /usr/lib/x86_64-linux-gnu/libgobject-2.0.so.0.5600.1
7f19004c3000-7f19004c4000 rw-p 00053000 b3:02 1189604                    /usr/lib/x86_64-linux-gnu/libgobject-2.0.so.0.5600.1
7f19004c4000-7f1900658000 r-xp 00000000 b3:02 1189564                    /usr/lib/x86_64-linux-gnu/libgio-2.0.so.0.5600.1
7f1900658000-7f1900858000 ---p 00194000 b3:02 1189564                    /usr/lib/x86_64-linux-gnu/libgio-2.0.so.0.5600.1
7f1900858000-7f190085f000 r--p 00194000 b3:02 1189564                    /usr/lib/x86_64-linux-gnu/libgio-2.0.so.0.5600.1
7f190085f000-7f1900860000 rw-p 0019b000 b3:02 1189564                    /usr/lib/x86_64-linux-gnu/libgio-2.0.so.0.5600.1
7f1900860000-7f1900862000 rw-p 00000000 00:00 0 
7f1900862000-7f190086c000 r-xp 00000000 b3:02 1189098                    /usr/lib/x86_64-linux-gnu/libXrandr.so.2.2.0
7f190086c000-7f1900a6b000 ---p 0000a000 b3:02 1189098                    /usr/lib/x86_64-linux-gnu/libXrandr.so.2.2.0
7f1900a6b000-7f1900a6c000 r--p 00009000 b3:02 1189098                    /usr/lib/x86_64-linux-gnu/libXrandr.so.2.2.0
7f1900a6c000-7f1900a6d000 rw-p 0000a000 b3:02 1189098                    /usr/lib/x86_64-linux-gnu/libXrandr.so.2.2.0
7f1900a6d000-7f1900a9e000 r-xp 00000000 b3:02 1180393                    /usr/lib/x86_64-linux-gnu/libpng16.so.16.34.0
7f1900a9e000-7f1900c9d000 ---p 00031000 b3:02 1180393                    /usr/lib/x86_64-linux-gnu/libpng16.so.16.34.0
7f1900c9d000-7f1900c9e000 r--p 00030000 b3:02 1180393                    /usr/lib/x86_64-linux-gnu/libpng16.so.16.34.0
7f1900c9e000-7f1900c9f000 rw-p 00031000 b3:02 1180393                    /usr/lib/x86_64-linux-gnu/libpng16.so.16.34.0
7f1900c9f000-7f1900d4c000 r-xp 00000000 b3:02 1189492                    /usr/lib/x86_64-linux-gnu/libfreetype.so.6.15.0
7f1900d4c000-7f1900f4b000 ---p 000ad000 b3:02 1189492                    /usr/lib/x86_64-linux-gnu/libfreetype.so.6.15.0
7f1900f4b000-7f1900f52000 r--p 000ac000 b3:02 1189492                    /usr/lib/x86_64-linux-gnu/libfreetype.so.6.15.0
7f1900f52000-7f1900f53000 rw-p 000b3000 b3:02 1189492                    /usr/lib/x86_64-linux-gnu/libfreetype.so.6.15.0
7f1900f53000-7f1900fe8000 r-xp 00000000 b3:02 1184857                    /usr/lib/jvm/java-11-openjdk-amd64/lib/libfontmanager.so
7f1900fe8000-7f19011e8000 ---p 00095000 b3:02 1184857                    /usr/lib/jvm/java-11-openjdk-amd64/lib/libfontmanager.so
7f19011e8000-7f19011e9000 r--p 00095000 b3:02 1184857                    /usr/lib/jvm/java-11-openjdk-amd64/lib/libfontmanager.so
7f19011e9000-7f19011ea000 rw-p 00096000 b3:02 1184857                    /usr/lib/jvm/java-11-openjdk-amd64/lib/libfontmanager.so
7f19011ea000-7f19013eb000 rw-p 00000000 00:00 0 
7f19013eb000-7f19015eb000 rw-p 00000000 00:00 0 
7f19015eb000-7f19015fe000 r-xp 00000000 b3:02 530085                     /lib/x86_64-linux-gnu/libbsd.so.0.8.7
7f19015fe000-7f19017fd000 ---p 00013000 b3:02 530085                     /lib/x86_64-linux-gnu/libbsd.so.0.8.7
7f19017fd000-7f19017fe000 r--p 00012000 b3:02 530085                     /lib/x86_64-linux-gnu/libbsd.so.0.8.7
7f19017fe000-7f19017ff000 rw-p 00013000 b3:02 530085                     /lib/x86_64-linux-gnu/libbsd.so.0.8.7
7f19017ff000-7f1901800000 rw-p 00000000 00:00 0 
7f1901800000-7f1901805000 r-xp 00000000 b3:02 1189078                    /usr/lib/x86_64-linux-gnu/libXdmcp.so.6.0.0
7f1901805000-7f1901a04000 ---p 00005000 b3:02 1189078                    /usr/lib/x86_64-linux-gnu/libXdmcp.so.6.0.0
7f1901a04000-7f1901a05000 r--p 00004000 b3:02 1189078                    /usr/lib/x86_64-linux-gnu/libXdmcp.so.6.0.0
7f1901a05000-7f1901a06000 rw-p 00005000 b3:02 1189078                    /usr/lib/x86_64-linux-gnu/libXdmcp.so.6.0.0
7f1901a06000-7f1901a08000 r-xp 00000000 b3:02 1189067                    /usr/lib/x86_64-linux-gnu/libXau.so.6.0.0
7f1901a08000-7f1901c08000 ---p 00002000 b3:02 1189067                    /usr/lib/x86_64-linux-gnu/libXau.so.6.0.0
7f1901c08000-7f1901c09000 r--p 00002000 b3:02 1189067                    /usr/lib/x86_64-linux-gnu/libXau.so.6.0.0
7f1901c09000-7f1901c0a000 rw-p 00003000 b3:02 1189067                    /usr/lib/x86_64-linux-gnu/libXau.so.6.0.0
7f1901c0a000-7f1901c30000 r-xp 00000000 b3:02 1190404                    /usr/lib/x86_64-linux-gnu/libxcb.so.1.1.0
7f1901c30000-7f1901e30000 ---p 00026000 b3:02 1190404                    /usr/lib/x86_64-linux-gnu/libxcb.so.1.1.0
7f1901e30000-7f1901e31000 r--p 00026000 b3:02 1190404                    /usr/lib/x86_64-linux-gnu/libxcb.so.1.1.0
7f1901e31000-7f1901e32000 rw-p 00027000 b3:02 1190404                    /usr/lib/x86_64-linux-gnu/libxcb.so.1.1.0
7f1901e32000-7f1901e41000 r-xp 00000000 b3:02 1189088                    /usr/lib/x86_64-linux-gnu/libXi.so.6.1.0
7f1901e41000-7f1902040000 ---p 0000f000 b3:02 1189088                    /usr/lib/x86_64-linux-gnu/libXi.so.6.1.0
7f1902040000-7f1902041000 r--p 0000e000 b3:02 1189088                    /usr/lib/x86_64-linux-gnu/libXi.so.6.1.0
7f1902041000-7f1902042000 rw-p 0000f000 b3:02 1189088                    /usr/lib/x86_64-linux-gnu/libXi.so.6.1.0
7f1902042000-7f1902047000 r-xp 00000000 b3:02 1189106                    /usr/lib/x86_64-linux-gnu/libXtst.so.6.1.0
7f1902047000-7f1902246000 ---p 00005000 b3:02 1189106                    /usr/lib/x86_64-linux-gnu/libXtst.so.6.1.0
7f1902246000-7f1902247000 r--p 00004000 b3:02 1189106                    /usr/lib/x86_64-linux-gnu/libXtst.so.6.1.0
7f1902247000-7f1902248000 rw-p 00005000 b3:02 1189106                    /usr/lib/x86_64-linux-gnu/libXtst.so.6.1.0
7f1902248000-7f1902251000 r-xp 00000000 b3:02 1189100                    /usr/lib/x86_64-linux-gnu/libXrender.so.1.3.0
7f1902251000-7f1902450000 ---p 00009000 b3:02 1189100                    /usr/lib/x86_64-linux-gnu/libXrender.so.1.3.0
7f1902450000-7f1902451000 r--p 00008000 b3:02 1189100                    /usr/lib/x86_64-linux-gnu/libXrender.so.1.3.0
7f1902451000-7f1902452000 rw-p 00009000 b3:02 1189100                    /usr/lib/x86_64-linux-gnu/libXrender.so.1.3.0
7f1902452000-7f1902586000 r-xp 00000000 b3:02 1189063                    /usr/lib/x86_64-linux-gnu/libX11.so.6.3.0
7f1902586000-7f1902786000 ---p 00134000 b3:02 1189063                    /usr/lib/x86_64-linux-gnu/libX11.so.6.3.0
7f1902786000-7f1902787000 r--p 00134000 b3:02 1189063                    /usr/lib/x86_64-linux-gnu/libX11.so.6.3.0
7f1902787000-7f190278b000 rw-p 00135000 b3:02 1189063                    /usr/lib/x86_64-linux-gnu/libX11.so.6.3.0
7f190278b000-7f190279c000 r-xp 00000000 b3:02 1189080                    /usr/lib/x86_64-linux-gnu/libXext.so.6.4.0
7f190279c000-7f190299b000 ---p 00011000 b3:02 1189080                    /usr/lib/x86_64-linux-gnu/libXext.so.6.4.0
7f190299b000-7f190299c000 r--p 00010000 b3:02 1189080                    /usr/lib/x86_64-linux-gnu/libXext.so.6.4.0
7f190299c000-7f190299d000 rw-p 00011000 b3:02 1189080                    /usr/lib/x86_64-linux-gnu/libXext.so.6.4.0
7f190299d000-7f19029fc000 r-xp 00000000 b3:02 1184854                    /usr/lib/jvm/java-11-openjdk-amd64/lib/libawt_xawt.so
7f19029fc000-7f1902bfb000 ---p 0005f000 b3:02 1184854                    /usr/lib/jvm/java-11-openjdk-amd64/lib/libawt_xawt.so
7f1902bfb000-7f1902bfc000 r--p 0005e000 b3:02 1184854                    /usr/lib/jvm/java-11-openjdk-amd64/lib/libawt_xawt.so
7f1902bfc000-7f1902bff000 rw-p 0005f000 b3:02 1184854                    /usr/lib/jvm/java-11-openjdk-amd64/lib/libawt_xawt.so
7f1902bff000-7f1902c01000 rw-p 00000000 00:00 0 
7f1902c01000-7f1902ca1000 r-xp 00000000 b3:02 1184852                    /usr/lib/jvm/java-11-openjdk-amd64/lib/libawt.so
7f1902ca1000-7f1902ea1000 ---p 000a0000 b3:02 1184852                    /usr/lib/jvm/java-11-openjdk-amd64/lib/libawt.so
7f1902ea1000-7f1902ea2000 r--p 000a0000 b3:02 1184852                    /usr/lib/jvm/java-11-openjdk-amd64/lib/libawt.so
7f1902ea2000-7f1902ead000 rw-p 000a1000 b3:02 1184852                    /usr/lib/jvm/java-11-openjdk-amd64/lib/libawt.so
7f1902ead000-7f1902ed2000 rw-p 00000000 00:00 0 
7f1902ed2000-7f1902ed6000 ---p 00000000 00:00 0 
7f1902ed6000-7f19031d3000 rw-p 00000000 00:00 0 
7f19031d3000-7f19033d3000 rw-p 00000000 00:00 0 
7f19033d3000-7f19035d3000 rw-p 00000000 00:00 0 
7f19035d3000-7f19037d3000 rw-p 00000000 00:00 0 
7f19037d3000-7f19039d3000 rw-p 00000000 00:00 0 
7f19039d3000-7f19039e9000 r-xp 00000000 b3:02 1184876                    /usr/lib/jvm/java-11-openjdk-amd64/lib/libnet.so
7f19039e9000-7f1903be9000 ---p 00016000 b3:02 1184876                    /usr/lib/jvm/java-11-openjdk-amd64/lib/libnet.so
7f1903be9000-7f1903bea000 r--p 00016000 b3:02 1184876                    /usr/lib/jvm/java-11-openjdk-amd64/lib/libnet.so
7f1903bea000-7f1903beb000 rw-p 00017000 b3:02 1184876                    /usr/lib/jvm/java-11-openjdk-amd64/lib/libnet.so
7f1903beb000-7f1903bfc000 r-xp 00000000 b3:02 1184877                    /usr/lib/jvm/java-11-openjdk-amd64/lib/libnio.so
7f1903bfc000-7f1903dfb000 ---p 00011000 b3:02 1184877                    /usr/lib/jvm/java-11-openjdk-amd64/lib/libnio.so
7f1903dfb000-7f1903dfc000 r--p 00010000 b3:02 1184877                    /usr/lib/jvm/java-11-openjdk-amd64/lib/libnio.so
7f1903dfc000-7f1903dfd000 rw-p 00011000 b3:02 1184877                    /usr/lib/jvm/java-11-openjdk-amd64/lib/libnio.so
7f1903dfd000-7f1903e01000 ---p 00000000 00:00 0 
7f1903e01000-7f1903efe000 rw-p 00000000 00:00 0 
7f1903efe000-7f1903eff000 ---p 00000000 00:00 0 
7f1903eff000-7f1904000000 rw-p 00000000 00:00 0 
7f1904000000-7f1904e15000 rw-p 00000000 00:00 0 
7f1904e15000-7f1908000000 ---p 00000000 00:00 0 
7f1908000000-7f1908627000 rw-p 00000000 00:00 0 
7f1908627000-7f190c000000 ---p 00000000 00:00 0 
7f190c000000-7f190c021000 rw-p 00000000 00:00 0 
7f190c021000-7f1910000000 ---p 00000000 00:00 0 
7f1910000000-7f1910021000 rw-p 00000000 00:00 0 
7f1910021000-7f1914000000 ---p 00000000 00:00 0 
7f1914000000-7f19140c9000 rw-p 00000000 00:00 0 
7f19140c9000-7f1918000000 ---p 00000000 00:00 0 
7f1918000000-7f1918021000 rw-p 00000000 00:00 0 
7f1918021000-7f191c000000 ---p 00000000 00:00 0 
7f191c000000-7f191c021000 rw-p 00000000 00:00 0 
7f191c021000-7f1920000000 ---p 00000000 00:00 0 
7f1920000000-7f1920021000 rw-p 00000000 00:00 0 
7f1920021000-7f1924000000 ---p 00000000 00:00 0 
7f1924000000-7f1924021000 rw-p 00000000 00:00 0 
7f1924021000-7f1928000000 ---p 00000000 00:00 0 
7f1928000000-7f1928021000 rw-p 00000000 00:00 0 
7f1928021000-7f192c000000 ---p 00000000 00:00 0 
7f192c000000-7f192c021000 rw-p 00000000 00:00 0 
7f192c021000-7f1930000000 ---p 00000000 00:00 0 
7f1930000000-7f19301a0000 rw-p 00000000 00:00 0 
7f19301a0000-7f1934000000 ---p 00000000 00:00 0 
7f1934000000-7f1934021000 rw-p 00000000 00:00 0 
7f1934021000-7f1938000000 ---p 00000000 00:00 0 
7f1938046000-7f193808f000 r--p 00000000 b3:02 276205                     /usr/share/glib-2.0/schemas/gschemas.compiled
7f193808f000-7f1938093000 ---p 00000000 00:00 0 
7f1938093000-7f1938190000 rw-p 00000000 00:00 0 
7f1938190000-7f1938194000 ---p 00000000 00:00 0 
7f1938194000-7f1938291000 rw-p 00000000 00:00 0 
7f1938291000-7f1938295000 ---p 00000000 00:00 0 
7f1938295000-7f1938392000 rw-p 00000000 00:00 0 
7f1938392000-7f1938396000 ---p 00000000 00:00 0 
7f1938396000-7f1938493000 rw-p 00000000 00:00 0 
7f1938493000-7f1938497000 ---p 00000000 00:00 0 
7f1938497000-7f1938594000 rw-p 00000000 00:00 0 
7f1938594000-7f19389a3000 r--p 00000000 b3:02 1187311                    /usr/lib/locale/locale-archive
7f19389a3000-7f19389a7000 ---p 00000000 00:00 0 
7f19389a7000-7f1938aa4000 rw-p 00000000 00:00 0 
7f1938aa4000-7f1938aa8000 ---p 00000000 00:00 0 
7f1938aa8000-7f1938ba5000 rw-p 00000000 00:00 0 
7f1938ba5000-7f1938ba6000 ---p 00000000 00:00 0 
7f1938ba6000-7f193951d000 rw-p 00000000 00:00 0 
7f193951d000-7f193951e000 ---p 00000000 00:00 0 
7f193951e000-7f193961f000 rw-p 00000000 00:00 0 
7f193961f000-7f1939620000 ---p 00000000 00:00 0 
7f1939620000-7f1939721000 rw-p 00000000 00:00 0 
7f1939721000-7f1939722000 ---p 00000000 00:00 0 
7f1939722000-7f193ba25000 rw-p 00000000 00:00 0 
7f193ba25000-7f193ba26000 ---p 00000000 00:00 0 
7f193ba26000-7f193bb27000 rw-p 00000000 00:00 0 
7f193bb27000-7f193bd97000 rwxp 00000000 00:00 0 
7f193bd97000-7f193c0b6000 ---p 00000000 00:00 0 
7f193c0b6000-7f193c616000 rwxp 00000000 00:00 0 
7f193c616000-7f19435ee000 ---p 00000000 00:00 0 
7f19435ee000-7f194385e000 rwxp 00000000 00:00 0 
7f194385e000-7f194ab27000 ---p 00000000 00:00 0 
7f194ab27000-7f1954000000 r--s 00000000 b3:02 1184887                    /usr/lib/jvm/java-11-openjdk-amd64/lib/modules
7f1954000000-7f195536e000 rw-p 00000000 00:00 0 
7f195536e000-7f1958000000 ---p 00000000 00:00 0 
7f1958018000-7f1958061000 r--p 00000000 b3:02 276205                     /usr/share/glib-2.0/schemas/gschemas.compiled
7f1958061000-7f1958062000 ---p 00000000 00:00 0 
7f1958062000-7f1958257000 rw-p 00000000 00:00 0 
7f1958257000-7f19588c3000 ---p 00000000 00:00 0 
7f19588c3000-7f19589b7000 rw-p 00000000 00:00 0 
7f19589b7000-7f1959023000 ---p 00000000 00:00 0 
7f1959023000-7f1959042000 rw-p 00000000 00:00 0 
7f1959042000-7f195910f000 ---p 00000000 00:00 0 
7f195910f000-7f195912e000 rw-p 00000000 00:00 0 
7f195912e000-7f19591fb000 ---p 00000000 00:00 0 
7f19591fb000-7f195921a000 rw-p 00000000 00:00 0 
7f195921a000-7f19592e7000 ---p 00000000 00:00 0 
7f19592e7000-7f19594e9000 rw-p 00000000 00:00 0 
7f19594e9000-7f19594ea000 ---p 00000000 00:00 0 
7f19594ea000-7f19595eb000 rw-p 00000000 00:00 0 
7f19595eb000-7f19595ec000 ---p 00000000 00:00 0 
7f19595ec000-7f19596f2000 rw-p 00000000 00:00 0 
7f19596f2000-7f19597d8000 ---p 00000000 00:00 0 
7f19597d8000-7f19597e3000 rw-p 00000000 00:00 0 
7f19597e3000-7f19598c3000 ---p 00000000 00:00 0 
7f19598c3000-7f19598c8000 r-xp 00000000 b3:02 1184867                    /usr/lib/jvm/java-11-openjdk-amd64/lib/libjimage.so
7f19598c8000-7f1959ac7000 ---p 00005000 b3:02 1184867                    /usr/lib/jvm/java-11-openjdk-amd64/lib/libjimage.so
7f1959ac7000-7f1959ac8000 r--p 00004000 b3:02 1184867                    /usr/lib/jvm/java-11-openjdk-amd64/lib/libjimage.so
7f1959ac8000-7f1959ac9000 rw-p 00005000 b3:02 1184867                    /usr/lib/jvm/java-11-openjdk-amd64/lib/libjimage.so
7f1959ac9000-7f1959ad0000 r-xp 00000000 b3:02 1184886                    /usr/lib/jvm/java-11-openjdk-amd64/lib/libzip.so
7f1959ad0000-7f1959ccf000 ---p 00007000 b3:02 1184886                    /usr/lib/jvm/java-11-openjdk-amd64/lib/libzip.so
7f1959ccf000-7f1959cd0000 r--p 00006000 b3:02 1184886                    /usr/lib/jvm/java-11-openjdk-amd64/lib/libzip.so
7f1959cd0000-7f1959cd1000 rw-p 00007000 b3:02 1184886                    /usr/lib/jvm/java-11-openjdk-amd64/lib/libzip.so
7f1959cd1000-7f1959cdc000 r-xp 00000000 b3:02 530179                     /lib/x86_64-linux-gnu/libnss_files-2.27.so
7f1959cdc000-7f1959edb000 ---p 0000b000 b3:02 530179                     /lib/x86_64-linux-gnu/libnss_files-2.27.so
7f1959edb000-7f1959edc000 r--p 0000a000 b3:02 530179                     /lib/x86_64-linux-gnu/libnss_files-2.27.so
7f1959edc000-7f1959edd000 rw-p 0000b000 b3:02 530179                     /lib/x86_64-linux-gnu/libnss_files-2.27.so
7f1959edd000-7f1959ee3000 rw-p 00000000 00:00 0 
7f1959ee3000-7f1959efa000 r-xp 00000000 b3:02 530173                     /lib/x86_64-linux-gnu/libnsl-2.27.so
7f1959efa000-7f195a0f9000 ---p 00017000 b3:02 530173                     /lib/x86_64-linux-gnu/libnsl-2.27.so
7f195a0f9000-7f195a0fa000 r--p 00016000 b3:02 530173                     /lib/x86_64-linux-gnu/libnsl-2.27.so
7f195a0fa000-7f195a0fb000 rw-p 00017000 b3:02 530173                     /lib/x86_64-linux-gnu/libnsl-2.27.so
7f195a0fb000-7f195a0fd000 rw-p 00000000 00:00 0 
7f195a0fd000-7f195a108000 r-xp 00000000 b3:02 530190                     /lib/x86_64-linux-gnu/libnss_nis-2.27.so
7f195a108000-7f195a307000 ---p 0000b000 b3:02 530190                     /lib/x86_64-linux-gnu/libnss_nis-2.27.so
7f195a307000-7f195a308000 r--p 0000a000 b3:02 530190                     /lib/x86_64-linux-gnu/libnss_nis-2.27.so
7f195a308000-7f195a309000 rw-p 0000b000 b3:02 530190                     /lib/x86_64-linux-gnu/libnss_nis-2.27.so
7f195a309000-7f195a311000 r-xp 00000000 b3:02 530175                     /lib/x86_64-linux-gnu/libnss_compat-2.27.so
7f195a311000-7f195a511000 ---p 00008000 b3:02 530175                     /lib/x86_64-linux-gnu/libnss_compat-2.27.so
7f195a511000-7f195a512000 r--p 00008000 b3:02 530175                     /lib/x86_64-linux-gnu/libnss_compat-2.27.so
7f195a512000-7f195a513000 rw-p 00009000 b3:02 530175                     /lib/x86_64-linux-gnu/libnss_compat-2.27.so
7f195a513000-7f195a53f000 r-xp 00000000 b3:02 1184863                    /usr/lib/jvm/java-11-openjdk-amd64/lib/libjava.so
7f195a53f000-7f195a73e000 ---p 0002c000 b3:02 1184863                    /usr/lib/jvm/java-11-openjdk-amd64/lib/libjava.so
7f195a73e000-7f195a73f000 r--p 0002b000 b3:02 1184863                    /usr/lib/jvm/java-11-openjdk-amd64/lib/libjava.so
7f195a73f000-7f195a741000 rw-p 0002c000 b3:02 1184863                    /usr/lib/jvm/java-11-openjdk-amd64/lib/libjava.so
7f195a741000-7f195a74e000 r-xp 00000000 b3:02 1184885                    /usr/lib/jvm/java-11-openjdk-amd64/lib/libverify.so
7f195a74e000-7f195a94d000 ---p 0000d000 b3:02 1184885                    /usr/lib/jvm/java-11-openjdk-amd64/lib/libverify.so
7f195a94d000-7f195a94f000 r--p 0000c000 b3:02 1184885                    /usr/lib/jvm/java-11-openjdk-amd64/lib/libverify.so
7f195a94f000-7f195a950000 rw-p 0000e000 b3:02 1184885                    /usr/lib/jvm/java-11-openjdk-amd64/lib/libverify.so
7f195a950000-7f195a957000 r-xp 00000000 b3:02 530230                     /lib/x86_64-linux-gnu/librt-2.27.so
7f195a957000-7f195ab56000 ---p 00007000 b3:02 530230                     /lib/x86_64-linux-gnu/librt-2.27.so
7f195ab56000-7f195ab57000 r--p 00006000 b3:02 530230                     /lib/x86_64-linux-gnu/librt-2.27.so
7f195ab57000-7f195ab58000 rw-p 00007000 b3:02 530230                     /lib/x86_64-linux-gnu/librt-2.27.so
7f195ab58000-7f195ab6f000 r-xp 00000000 b3:02 530126                     /lib/x86_64-linux-gnu/libgcc_s.so.1
7f195ab6f000-7f195ad6e000 ---p 00017000 b3:02 530126                     /lib/x86_64-linux-gnu/libgcc_s.so.1
7f195ad6e000-7f195ad6f000 r--p 00016000 b3:02 530126                     /lib/x86_64-linux-gnu/libgcc_s.so.1
7f195ad6f000-7f195ad70000 rw-p 00017000 b3:02 530126                     /lib/x86_64-linux-gnu/libgcc_s.so.1
7f195ad70000-7f195af0d000 r-xp 00000000 b3:02 530152                     /lib/x86_64-linux-gnu/libm-2.27.so
7f195af0d000-7f195b10c000 ---p 0019d000 b3:02 530152                     /lib/x86_64-linux-gnu/libm-2.27.so
7f195b10c000-7f195b10d000 r--p 0019c000 b3:02 530152                     /lib/x86_64-linux-gnu/libm-2.27.so
7f195b10d000-7f195b10e000 rw-p 0019d000 b3:02 530152                     /lib/x86_64-linux-gnu/libm-2.27.so
7f195b10e000-7f195b28c000 r-xp 00000000 b3:02 1190199                    /usr/lib/x86_64-linux-gnu/libstdc++.so.6.0.25
7f195b28c000-7f195b48c000 ---p 0017e000 b3:02 1190199                    /usr/lib/x86_64-linux-gnu/libstdc++.so.6.0.25
7f195b48c000-7f195b496000 r--p 0017e000 b3:02 1190199                    /usr/lib/x86_64-linux-gnu/libstdc++.so.6.0.25
7f195b496000-7f195b498000 rw-p 00188000 b3:02 1190199                    /usr/lib/x86_64-linux-gnu/libstdc++.so.6.0.25
7f195b498000-7f195b49c000 rw-p 00000000 00:00 0 
7f195b49c000-7f195c439000 r-xp 00000000 b3:02 1184899                    /usr/lib/jvm/java-11-openjdk-amd64/lib/server/libjvm.so
7f195c439000-7f195c639000 ---p 00f9d000 b3:02 1184899                    /usr/lib/jvm/java-11-openjdk-amd64/lib/server/libjvm.so
7f195c639000-7f195c6fd000 r--p 00f9d000 b3:02 1184899                    /usr/lib/jvm/java-11-openjdk-amd64/lib/server/libjvm.so
7f195c6fd000-7f195c735000 rw-p 01061000 b3:02 1184899                    /usr/lib/jvm/java-11-openjdk-amd64/lib/server/libjvm.so
7f195c735000-7f195c77e000 rw-p 00000000 00:00 0 
7f195c77e000-7f195c798000 r-xp 00000000 b3:02 530222                     /lib/x86_64-linux-gnu/libpthread-2.27.so
7f195c798000-7f195c997000 ---p 0001a000 b3:02 530222                     /lib/x86_64-linux-gnu/libpthread-2.27.so
7f195c997000-7f195c998000 r--p 00019000 b3:02 530222                     /lib/x86_64-linux-gnu/libpthread-2.27.so
7f195c998000-7f195c999000 rw-p 0001a000 b3:02 530222                     /lib/x86_64-linux-gnu/libpthread-2.27.so
7f195c999000-7f195c99d000 rw-p 00000000 00:00 0 
7f195c99d000-7f195c9a0000 r-xp 00000000 b3:02 530112                     /lib/x86_64-linux-gnu/libdl-2.27.so
7f195c9a0000-7f195cb9f000 ---p 00003000 b3:02 530112                     /lib/x86_64-linux-gnu/libdl-2.27.so
7f195cb9f000-7f195cba0000 r--p 00002000 b3:02 530112                     /lib/x86_64-linux-gnu/libdl-2.27.so
7f195cba0000-7f195cba1000 rw-p 00003000 b3:02 530112                     /lib/x86_64-linux-gnu/libdl-2.27.so
7f195cba1000-7f195cbbd000 r-xp 00000000 b3:02 530263                     /lib/x86_64-linux-gnu/libz.so.1.2.11
7f195cbbd000-7f195cdbc000 ---p 0001c000 b3:02 530263                     /lib/x86_64-linux-gnu/libz.so.1.2.11
7f195cdbc000-7f195cdbd000 r--p 0001b000 b3:02 530263                     /lib/x86_64-linux-gnu/libz.so.1.2.11
7f195cdbd000-7f195cdbe000 rw-p 0001c000 b3:02 530263                     /lib/x86_64-linux-gnu/libz.so.1.2.11
7f195cdbe000-7f195cfa5000 r-xp 00000000 b3:02 530089                     /lib/x86_64-linux-gnu/libc-2.27.so
7f195cfa5000-7f195d1a5000 ---p 001e7000 b3:02 530089                     /lib/x86_64-linux-gnu/libc-2.27.so
7f195d1a5000-7f195d1a9000 r--p 001e7000 b3:02 530089                     /lib/x86_64-linux-gnu/libc-2.27.so
7f195d1a9000-7f195d1ab000 rw-p 001eb000 b3:02 530089                     /lib/x86_64-linux-gnu/libc-2.27.so
7f195d1ab000-7f195d1af000 rw-p 00000000 00:00 0 
7f195d1af000-7f195d1be000 r-xp 00000000 b3:02 1184892                    /usr/lib/jvm/java-11-openjdk-amd64/lib/jli/libjli.so
7f195d1be000-7f195d3bd000 ---p 0000f000 b3:02 1184892                    /usr/lib/jvm/java-11-openjdk-amd64/lib/jli/libjli.so
7f195d3bd000-7f195d3be000 r--p 0000e000 b3:02 1184892                    /usr/lib/jvm/java-11-openjdk-amd64/lib/jli/libjli.so
7f195d3be000-7f195d3bf000 rw-p 0000f000 b3:02 1184892                    /usr/lib/jvm/java-11-openjdk-amd64/lib/jli/libjli.so
7f195d3bf000-7f195d3e6000 r-xp 00000000 b3:02 530061                     /lib/x86_64-linux-gnu/ld-2.27.so
7f195d426000-7f195d428000 r--p 00000000 b3:02 1733317                    /home/ru/.config/dconf/user
7f195d428000-7f195d429000 r--s 00000000 00:32 28                         /run/user/1000/dconf/user
7f195d429000-7f195d4cb000 rw-p 00000000 00:00 0 
7f195d4cb000-7f195d4cf000 ---p 00000000 00:00 0 
7f195d4cf000-7f195d5d3000 rw-p 00000000 00:00 0 
7f195d5d3000-7f195d5da000 ---p 00000000 00:00 0 
7f195d5da000-7f195d5e2000 rw-s 00000000 b3:02 276458                     /tmp/hsperfdata_ru/3492
7f195d5e2000-7f195d5e3000 ---p 00000000 00:00 0 
7f195d5e3000-7f195d5e4000 r--p 00000000 00:00 0 
7f195d5e4000-7f195d5e6000 rw-p 00000000 00:00 0 
7f195d5e6000-7f195d5e7000 r--p 00027000 b3:02 530061                     /lib/x86_64-linux-gnu/ld-2.27.so
7f195d5e7000-7f195d5e8000 rw-p 00028000 b3:02 530061                     /lib/x86_64-linux-gnu/ld-2.27.so
7f195d5e8000-7f195d5e9000 rw-p 00000000 00:00 0 
7fff1ea60000-7fff1ea83000 rw-p 00000000 00:00 0                          [stack]
7fff1eb33000-7fff1eb36000 r--p 00000000 00:00 0                          [vvar]
7fff1eb36000-7fff1eb38000 r-xp 00000000 00:00 0                          [vdso]
ffffffffff600000-ffffffffff601000 r-xp 00000000 00:00 0                  [vsyscall]


VM Arguments:
jvm_args: -Dfile.encoding=UTF-8 --add-modules=java.xml.bind -Dclojure.compile.path=/home/ru/clojure/simpro-scene/target/classes -Dsimpro-scene.version=0.1.0-SNAPSHOT -Dclojure.debug=false 
java_command: clojure.main -i /tmp/form-init13850302836248181048.clj
java_class_path (initial): /home/ru/clojure/simpro-scene/test:/home/ru/clojure/simpro-scene/src:/home/ru/clojure/simpro-scene/dev-resources:/home/ru/clojure/simpro-scene/src/clojure:/home/ru/clojure/simpro-scene/target/classes:/home/ru/.m2/repository/clj-time/clj-time/0.11.0/clj-time-0.11.0.jar:/home/ru/.m2/repository/com/cognitect/transit-clj/0.8.300/transit-clj-0.8.300.jar:/home/ru/.m2/repository/org/clojure/core.async/0.4.474/core.async-0.4.474.jar:/home/ru/.m2/repository/org/msgpack/msgpack/0.6.12/msgpack-0.6.12.jar:/home/ru/.m2/repository/org/apache/httpcomponents/httpclient/4.5.3/httpclient-4.5.3.jar:/home/ru/.m2/repository/instaparse/instaparse/1.4.0/instaparse-1.4.0.jar:/home/ru/.m2/repository/net/colourcoding/poppea/0.2.1/poppea-0.2.1.jar:/home/ru/.m2/repository/org/apache/httpcomponents/httpcore-nio/4.4.6/httpcore-nio-4.4.6.jar:/home/ru/.m2/repository/tigris/tigris/0.1.1/tigris-0.1.1.jar:/home/ru/.m2/repository/commons-io/commons-io/2.5/commons-io-2.5.jar:/home/ru/.m2/repository/protege/JGoLayout/3.5.0/JGoLayout-3.5.0.jar:/home/ru/.m2/repository/org/clojure/tools.macro/0.1.5/tools.macro-0.1.5.jar:/home/ru/.m2/repository/ring/ring-servlet/1.6.3/ring-servlet-1.6.3.jar:/home/ru/.m2/repository/org/clojure/google-closure-library/0.0-20170809-b9c14c6b/google-closure-library-0.0-20170809-b9c14c6b.jar:/home/ru/.m2/repository/OpenMapTab/OpenMapTab/5.2.1/OpenMapTab-5.2.1.jar:/home/ru/.m2/repository/com/miglayout/miglayout/3.7.4/miglayout-3.7.4.jar:/home/ru/.m2/repository/com/google/guava/guava/20.0/guava-20.0.jar:/home/ru/.m2/repository/com/google/code/gson/gson/2.7/gson-2.7.jar:/home/ru/.m2/repository/ring/ring-codec/1.0.1/ring-codec-1.0.1.jar:/home/ru/.m2/repository/protege/JGo/3.5.0/JGo-3.5.0.jar:/home/ru/.m2/repository/com/google/errorprone/error_prone_annotations/2.0.18/error_prone_annotations-2.0.18.jar:/home/ru/.m2/repository/org/eclipse/jetty/jetty-util/9.2.21.v20170120/jetty-util-9.2.21.v20170120.jar:/home/ru/.m2/repository/ring/ring/1.6.3/ring-1.6.3.jar:
Launcher Type: SUN_STANDARD

Logging:
Log output configuration:
#0: stdout all=warning uptime,level,tags
#1: stderr all=off uptime,level,tags

Environment Variables:
CLASSPATH=/home/ru/.lein/self-installs/leiningen-2.8.1-standalone.jar
PATH=/home/ru/bin:/usr/local/sbin:/usr/local/bin:/usr/sbin:/usr/bin:/sbin:/bin:/usr/games:/usr/local/games
SHELL=/bin/bash
DISPLAY=:0.0

Signal Handlers:
SIGSEGV: [libjvm.so+0xd28a90], sa_mask[0]=11111111011111111101111111111110, sa_flags=SA_RESTART|SA_SIGINFO
SIGBUS: [libjvm.so+0xd28a90], sa_mask[0]=11111111011111111101111111111110, sa_flags=SA_RESTART|SA_SIGINFO
SIGFPE: [libjvm.so+0xd28a90], sa_mask[0]=11111111011111111101111111111110, sa_flags=SA_RESTART|SA_SIGINFO
SIGPIPE: SIG_IGN, sa_mask[0]=00000000000010000000000000000000, sa_flags=SA_RESTART
SIGXFSZ: [libjvm.so+0xb2a110], sa_mask[0]=11111111011111111101111111111110, sa_flags=SA_RESTART|SA_SIGINFO
SIGILL: [libjvm.so+0xd28a90], sa_mask[0]=11111111011111111101111111111110, sa_flags=SA_RESTART|SA_SIGINFO
SIGUSR2: [libjvm.so+0xb29f50], sa_mask[0]=00100000000000000000000000000000, sa_flags=SA_RESTART|SA_SIGINFO
SIGHUP: [libjvm.so+0xb2a0a0], sa_mask[0]=11111111011111111101111111111110, sa_flags=SA_RESTART|SA_SIGINFO
SIGINT: [libjvm.so+0xb2a0a0], sa_mask[0]=11111111011111111101111111111110, sa_flags=SA_RESTART|SA_SIGINFO
SIGTERM: [libjvm.so+0xb2a0a0], sa_mask[0]=11111111011111111101111111111110, sa_flags=SA_RESTART|SA_SIGINFO
SIGQUIT: [libjvm.so+0xb2a0a0], sa_mask[0]=11111111011111111101111111111110, sa_flags=SA_RESTART|SA_SIGINFO


---------------  S Y S T E M  ---------------

OS:DISTRIB_ID=LinuxMint
DISTRIB_RELEASE=19
DISTRIB_CODENAME=tara
DISTRIB_DESCRIPTION="Linux Mint 19 Tara"
uname:Linux 4.15.0-32-generic #35-Ubuntu SMP Fri Aug 10 17:58:07 UTC 2018 x86_64
libc:glibc 2.27 NPTL 2.27 
rlimit: STACK 8192k, CORE 0k, NPROC 7146, NOFILE 1048576, AS infinity, DATA infinity, FSIZE infinity
load average:8,12 2,62 1,60

/proc/meminfo:
MemTotal:        1930088 kB
MemFree:           52484 kB
MemAvailable:       2172 kB
Buffers:             336 kB
Cached:           251712 kB
SwapCached:         2796 kB
Active:          1268220 kB
Inactive:         432472 kB
Active(anon):    1259744 kB
Inactive(anon):   420064 kB
Active(file):       8476 kB
Inactive(file):    12408 kB
Unevictable:          96 kB
Mlocked:              96 kB
SwapTotal:       1392256 kB
SwapFree:              0 kB
Dirty:                44 kB
Writeback:            64 kB
AnonPages:       1448352 kB
Mapped:           109628 kB
Shmem:            230972 kB
Slab:              66604 kB
SReclaimable:      28076 kB
SUnreclaim:        38528 kB
KernelStack:       10832 kB
PageTables:        52288 kB
NFS_Unstable:          0 kB
Bounce:                0 kB
WritebackTmp:          0 kB
CommitLimit:     2357300 kB
Committed_AS:    9744668 kB
VmallocTotal:   34359738367 kB
VmallocUsed:           0 kB
VmallocChunk:          0 kB
HardwareCorrupted:     0 kB
AnonHugePages:         0 kB
ShmemHugePages:        0 kB
ShmemPmdMapped:        0 kB
CmaTotal:              0 kB
CmaFree:               0 kB
HugePages_Total:       0
HugePages_Free:        0
HugePages_Rsvd:        0
HugePages_Surp:        0
Hugepagesize:       2048 kB
DirectMap4k:      142868 kB
DirectMap2M:     1843200 kB

container (cgroup) information:
container_type: cgroupv1
cpu_cpuset_cpus: 0-1
cpu_memory_nodes: 0
active_processor_count: 2
cpu_quota: -1
cpu_period: 100000
cpu_shares: -1
memory_limit_in_bytes: -1
memory_and_swap_limit_in_bytes: -2
memory_soft_limit_in_bytes: -1
memory_usage_in_bytes: 1739620352
memory_max_usage_in_bytes: 0


CPU:total 2 (initial active 2) (2 cores per cpu, 1 threads per core) family 6 model 55 stepping 8, cmov, cx8, fxsr, mmx, sse, sse2, sse3, ssse3, sse4.1, sse4.2, popcnt, clmul, erms, 3dnowpref, tsc, tscinvbit
CPU Model and flags from /proc/cpuinfo:
model name	: Intel(R) Celeron(R) CPU  N2840  @ 2.16GHz
flags		: fpu vme de pse tsc msr pae mce cx8 apic sep mtrr pge mca cmov pat pse36 clflush dts acpi mmx fxsr sse sse2 ss ht tm pbe syscall nx rdtscp lm constant_tsc arch_perfmon pebs bts rep_good nopl xtopology tsc_reliable nonstop_tsc cpuid aperfmperf tsc_known_freq pni pclmulqdq dtes64 monitor ds_cpl vmx est tm2 ssse3 cx16 xtpr pdcm sse4_1 sse4_2 movbe popcnt tsc_deadline_timer rdrand lahf_lm 3dnowprefetch epb pti tpr_shadow vnmi flexpriority ept vpid tsc_adjust smep erms dtherm ida arat

Memory: 4k page, physical 1930088k(54144k free), swap 1392256k(0k free)

vm_info: OpenJDK 64-Bit Server VM (10.0.1+10-Ubuntu-3ubuntu1) for linux-amd64 JRE (10.0.1+10-Ubuntu-3ubuntu1), built on Apr 21 2018 13:41:27 by "buildd" with gcc 7.3.0

END.
