2019.02.09 13:12:07.748 MSK INFO: *** SYSTEM START *** -- SystemUtilities.logSystemInfo()
2019.02.09 13:12:07.759 MSK CONFIG: Protege 3.5 Build 663, JVM 11.0.1+13-LTS, memory=2147M, Mac OS X, encoding=UTF-8, language=en, country=RU -- SystemUtilities.logSystemInfo()
2019.02.09 13:12:07.782 MSK WARNING: Plugins directory not found: /Users/ru/clojure/simpro-scene/plugins -- PluginUtilities.findPluginsDirectory()
2019.02.09 13:12:08.206 MSK WARNING: missing bundle: standard_extensions_text -- BundleHelper.<init>()
2019.02.09 13:12:08.222 MSK WARNING: no resource bundle: tab.queries -- BundleHelper.internalGetText()
2019.02.09 13:12:11.914 MSK WARNING: missing bundle: protege_text -- BundleHelper.<init>()
2019.02.09 13:12:26.898 MSK INFO: Load time for file:/Users/ru/clojure/simpro-scene/pprj_base/Cezium.pprj = 1 sec (project) + 5 sec (ui) -- ProjectManager$3.run()
2019.02.09 13:13:24.830 MSK SEVERE: null -- Syntax error compiling at (clojure/cesium/core.clj:1:1).
	at clojure.lang.Compiler.load(Compiler.java:7647)
	at clojure.lang.RT.loadResourceScript(RT.java:381)
	at clojure.lang.RT.loadResourceScript(RT.java:372)
	at clojure.lang.RT.load(RT.java:463)
	at clojure.lang.RT.load(RT.java:428)
	at clojure.core$load$fn__6824.invoke(core.clj:6126)
	at clojure.core$load.invokeStatic(core.clj:6125)
	at clojure.core$load.doInvoke(core.clj:6109)
	at clojure.lang.RestFn.invoke(RestFn.java:408)
	at clojure.lang.Var.invoke(Var.java:384)
	at clojuretab.ClojureTab.loadProgram(ClojureTab.java:544)
	at clojuretab.ClojureTab.loadSelectedPrograms(ClojureTab.java:533)
	at clojuretab.ClojureTab.access$3(ClojureTab.java:529)
	at clojuretab.ClojureTab$5.actionPerformed(ClojureTab.java:255)
	at java.desktop/javax.swing.AbstractButton.fireActionPerformed(AbstractButton.java:1967)
	at java.desktop/javax.swing.AbstractButton$Handler.actionPerformed(AbstractButton.java:2308)
	at java.desktop/javax.swing.DefaultButtonModel.fireActionPerformed(DefaultButtonModel.java:405)
	at java.desktop/javax.swing.DefaultButtonModel.setPressed(DefaultButtonModel.java:262)
	at java.desktop/javax.swing.plaf.basic.BasicButtonListener.mouseReleased(BasicButtonListener.java:279)
	at java.desktop/java.awt.AWTEventMulticaster.mouseReleased(AWTEventMulticaster.java:297)
	at java.desktop/java.awt.Component.processMouseEvent(Component.java:6632)
	at java.desktop/javax.swing.JComponent.processMouseEvent(JComponent.java:3342)
	at java.desktop/java.awt.Component.processEvent(Component.java:6397)
	at java.desktop/java.awt.Container.processEvent(Container.java:2263)
	at java.desktop/java.awt.Component.dispatchEventImpl(Component.java:5008)
	at java.desktop/java.awt.Container.dispatchEventImpl(Container.java:2321)
	at java.desktop/java.awt.Component.dispatchEvent(Component.java:4840)
	at java.desktop/java.awt.LightweightDispatcher.retargetMouseEvent(Container.java:4918)
	at java.desktop/java.awt.LightweightDispatcher.processMouseEvent(Container.java:4547)
	at java.desktop/java.awt.LightweightDispatcher.dispatchEvent(Container.java:4488)
	at java.desktop/java.awt.Container.dispatchEventImpl(Container.java:2307)
	at java.desktop/java.awt.Window.dispatchEventImpl(Window.java:2772)
	at java.desktop/java.awt.Component.dispatchEvent(Component.java:4840)
	at java.desktop/java.awt.EventQueue.dispatchEventImpl(EventQueue.java:772)
	at java.desktop/java.awt.EventQueue$4.run(EventQueue.java:721)
	at java.desktop/java.awt.EventQueue$4.run(EventQueue.java:715)
	at java.base/java.security.AccessController.doPrivileged(Native Method)
	at java.base/java.security.ProtectionDomain$JavaSecurityAccessImpl.doIntersectionPrivilege(ProtectionDomain.java:85)
	at java.base/java.security.ProtectionDomain$JavaSecurityAccessImpl.doIntersectionPrivilege(ProtectionDomain.java:95)
	at java.desktop/java.awt.EventQueue$5.run(EventQueue.java:745)
	at java.desktop/java.awt.EventQueue$5.run(EventQueue.java:743)
	at java.base/java.security.AccessController.doPrivileged(Native Method)
	at java.base/java.security.ProtectionDomain$JavaSecurityAccessImpl.doIntersectionPrivilege(ProtectionDomain.java:85)
	at java.desktop/java.awt.EventQueue.dispatchEvent(EventQueue.java:742)
	at java.desktop/java.awt.EventDispatchThread.pumpOneEventForFilters(EventDispatchThread.java:203)
	at java.desktop/java.awt.EventDispatchThread.pumpEventsForFilter(EventDispatchThread.java:124)
	at java.desktop/java.awt.EventDispatchThread.pumpEventsForHierarchy(EventDispatchThread.java:113)
	at java.desktop/java.awt.EventDispatchThread.pumpEvents(EventDispatchThread.java:109)
	at java.desktop/java.awt.EventDispatchThread.pumpEvents(EventDispatchThread.java:101)
	at java.desktop/java.awt.EventDispatchThread.run(EventDispatchThread.java:90)
Caused by: java.io.FileNotFoundException: Could not locate async/proc__init.class, async/proc.clj or async/proc.cljc on classpath.
	at clojure.lang.RT.load(RT.java:466)
	at clojure.lang.RT.load(RT.java:428)
	at clojure.core$load$fn__6824.invoke(core.clj:6126)
	at clojure.core$load.invokeStatic(core.clj:6125)
	at clojure.core$load.doInvoke(core.clj:6109)
	at clojure.lang.RestFn.invoke(RestFn.java:408)
	at clojure.core$load_one.invokeStatic(core.clj:5908)
	at clojure.core$load_one.invoke(core.clj:5903)
	at clojure.core$load_lib$fn__6765.invoke(core.clj:5948)
	at clojure.core$load_lib.invokeStatic(core.clj:5947)
	at clojure.core$load_lib.doInvoke(core.clj:5928)
	at clojure.lang.RestFn.applyTo(RestFn.java:142)
	at clojure.core$apply.invokeStatic(core.clj:667)
	at clojure.core$load_libs.invokeStatic(core.clj:5985)
	at clojure.core$load_libs.doInvoke(core.clj:5969)
	at clojure.lang.RestFn.applyTo(RestFn.java:137)
	at clojure.core$apply.invokeStatic(core.clj:667)
	at clojure.core$require.invokeStatic(core.clj:6007)
	at clojure.core$require.doInvoke(core.clj:6007)
	at clojure.lang.RestFn.invoke(RestFn.java:436)
	at cesium.core$eval549$loading__6706__auto____550.invoke(core.clj:1)
	at cesium.core$eval549.invokeStatic(core.clj:1)
	at cesium.core$eval549.invoke(core.clj:1)
	at clojure.lang.Compiler.eval(Compiler.java:7176)
	at clojure.lang.Compiler.eval(Compiler.java:7165)
	at clojure.lang.Compiler.load(Compiler.java:7635)
	... 49 more

