2017.12.23 12:50:02.581 MSK INFO: *** SYSTEM START *** -- SystemUtilities.logSystemInfo()
2017.12.23 12:50:02.585 MSK CONFIG: Protege 3.5 Build 663, JVM 1.8.0_31-b13, memory=1908M, Mac OS X, encoding=UTF-8, language=en, country=US -- SystemUtilities.logSystemInfo()
2017.12.23 12:50:02.957 MSK CONFIG: Loaded plugin clojuretab -- PluginUtilities.logClassLoaderInformation()
2017.12.23 12:50:03.001 MSK CONFIG: Loaded plugin edu.stanford.smi.protegex.standard_extensions - Graph Widget, Table Widget -- PluginUtilities.logClassLoaderInformation()
2017.12.23 12:50:03.055 MSK CONFIG: Loaded plugin ru.igis.omtab -- PluginUtilities.logClassLoaderInformation()
2017.12.23 12:50:04.174 MSK WARNING: missing bundle: protege_text -- BundleHelper.<init>()
2017.12.23 12:50:08.833 MSK INFO: Loaded 5000 instances: ScenarioN_ProjectKB_Class82481 -- Parser.getInstance()
2017.12.23 12:50:08.838 MSK INFO: Loaded 6000 instances: ScenarioN_ProjectKB_Class83481 -- Parser.getInstance()
2017.12.23 12:50:08.855 MSK INFO: Set type on 5000 instances: ScenarioN_ProjectKB_Class83092 -- Parser.getInstance()
2017.12.23 12:50:08.872 MSK INFO: Set type on 6000 instances: ScenarioN_ProjectKB_Class84092 -- Parser.getInstance()
2017.12.23 12:50:10.821 MSK SEVERE: Duplicate definition of class EditorLayer was ignored -- Parser.recordError()
2017.12.23 12:50:10.832 MSK SEVERE: non-existent slot: task_impl -- Parser.recordError()
2017.12.23 12:50:10.837 MSK SEVERE: Undefined class: TaskImpl found while loading instances -- Parser.recordError()
2017.12.23 12:50:10.837 MSK SEVERE: Undefined instance: Scenario_Instance_100001 -- Parser.recordError()
2017.12.23 12:50:11.582 MSK INFO: Failed to locate property "null.class"
  Skipping layer "null" -- LayerHandler.getLayers()
2017.12.23 12:50:11.588 MSK WARNING: Couldn't locate shape file data/shape/dcwpo-browse.shp -- SpatialIndex.locateAndSetShapeData()
2017.12.23 12:50:11.688 MSK INFO: [navObReflector : ru.igis.omtab.reflect.NavObReflector(21)] NOT created. -- Set logging flag to FINE/FINER for details. -- ComponentFactory._create()
2017.12.23 12:50:11.690 MSK WARNING: finding out that the navObReflector wasn't created -- PropertyHandler.createComponents()
2017.12.23 12:50:12.000 MSK INFO: Load time for file:/Users/ru/clojure/simpro-scene/pprj_examples/ShuffleEurope.pprj = 2 sec (project) + 1 sec (ui) -- ProjectManager$3.run()
2017.12.23 13:16:25.386 MSK INFO: [navObReflector : ru.igis.omtab.reflect.NavObReflector(21)] NOT created. -- Set logging flag to FINE/FINER for details. -- ComponentFactory._create()
2017.12.23 13:16:25.402 MSK WARNING: finding out that the navObReflector wasn't created -- PropertyHandler.createComponents()
2017.12.23 13:17:28.614 MSK INFO: [navObReflector : ru.igis.omtab.reflect.NavObReflector(21)] NOT created. -- Set logging flag to FINE/FINER for details. -- ComponentFactory._create()
2017.12.23 13:17:28.627 MSK WARNING: finding out that the navObReflector wasn't created -- PropertyHandler.createComponents()
2017.12.23 13:18:46.759 MSK INFO: [navObReflector : ru.igis.omtab.reflect.NavObReflector(14)] NOT created. -- Set logging flag to FINE/FINER for details. -- ComponentFactory._create()
2017.12.23 13:18:46.786 MSK WARNING: finding out that the navObReflector wasn't created -- PropertyHandler.createComponents()
2017.12.23 13:19:28.538 MSK INFO: [navObReflector : ru.igis.omtab.reflect.NavObReflector(14)] NOT created. -- Set logging flag to FINE/FINER for details. -- ComponentFactory._create()
2017.12.23 13:19:28.538 MSK WARNING: finding out that the navObReflector wasn't created -- PropertyHandler.createComponents()
