2018.08.14 11:58:35.488 MSK INFO: *** SYSTEM START *** -- SystemUtilities.logSystemInfo()
2018.08.14 11:58:35.571 MSK CONFIG: Protege 3.5 Build 663, JVM 1.8.0_31-b13, memory=1908M, Mac OS X, encoding=UTF-8, language=en, country=US -- SystemUtilities.logSystemInfo()
2018.08.14 11:58:35.603 MSK WARNING: Plugins directory not found: /Users/ru/clojure/simpro-scene/plugins -- PluginUtilities.findPluginsDirectory()
2018.08.14 11:58:41.636 MSK WARNING: missing bundle: protege_text -- BundleHelper.<init>()
2018.08.14 11:58:47.145 MSK WARNING: missing bundle: standard_extensions_text -- BundleHelper.<init>()
2018.08.14 11:58:47.146 MSK WARNING: no resource bundle: tab.queries -- BundleHelper.internalGetText()
2018.08.14 11:58:51.425 MSK INFO: Load time for file:/Users/ru/clojure/simpro-scene/pprj_examples/RasterToVector.pprj = 1 sec (project) + 4 sec (ui) -- ProjectManager$3.run()
2018.08.14 12:06:43.853 MSK SEVERE: null -- java.lang.ClassCastException: java.lang.Character cannot be cast to java.lang.Number
	at rtv.core$segment$fn__5867.invoke(core.clj:145)
	at clojure.core$map$fn__5587.invoke(core.clj:2745)
	at clojure.lang.LazySeq.sval(LazySeq.java:40)
	at clojure.lang.LazySeq.seq(LazySeq.java:49)
	at clojure.lang.ChunkedCons.chunkedNext(ChunkedCons.java:59)
	at clojure.lang.ChunkedCons.next(ChunkedCons.java:43)
	at clojure.lang.PersistentVector.create(PersistentVector.java:73)
	at clojure.lang.LazilyPersistentVector.create(LazilyPersistentVector.java:44)
	at clojure.core$vec.invokeStatic(core.clj:377)
	at clojure.core$vec.invoke(core.clj:367)
	at rtv.core$segment.invokeStatic(core.clj:145)
	at rtv.core$segment.invoke(core.clj:135)
	at rtv.core$segment.invokeStatic(core.clj:149)
	at rtv.core$segment.invoke(core.clj:135)
	at clojure.core$eval841$fn__842.invoke(NO_SOURCE_FILE:0)
	at clojure.lang.AFn.applyToHelper(AFn.java:154)
	at clojure.lang.AFn.applyTo(AFn.java:144)
	at clojure.core$apply.invokeStatic(core.clj:657)
	at clojure.core$apply.invoke(core.clj:652)
	at rete.core$fire_resolved.invokeStatic(core.clj:653)
	at rete.core$fire_resolved.invoke(core.clj:644)
	at rete.core$fire.invokeStatic(core.clj:663)
	at rete.core$fire.invoke(core.clj:655)
	at rete.core$fire.invokeStatic(core.clj:659)
	at rete.core$fire.invoke(core.clj:655)
	at ru.rules$fire_all_rules.invokeStatic(rules.clj:210)
	at ru.rules$fire_all_rules.invoke(rules.clj:209)
	at clojure.lang.Var.invoke(Var.java:385)
	at clojuretab.ClojureTab.invoke(ClojureTab.java:700)
	at clojuretab.ClojureActionButton$1.actionPerformed(ClojureActionButton.java:53)
	at javax.swing.AbstractButton.fireActionPerformed(AbstractButton.java:2022)
	at javax.swing.AbstractButton$Handler.actionPerformed(AbstractButton.java:2346)
	at javax.swing.DefaultButtonModel.fireActionPerformed(DefaultButtonModel.java:402)
	at javax.swing.DefaultButtonModel.setPressed(DefaultButtonModel.java:259)
	at javax.swing.plaf.basic.BasicButtonListener.mouseReleased(BasicButtonListener.java:252)
	at java.awt.Component.processMouseEvent(Component.java:6525)
	at javax.swing.JComponent.processMouseEvent(JComponent.java:3322)
	at java.awt.Component.processEvent(Component.java:6290)
	at java.awt.Container.processEvent(Container.java:2234)
	at java.awt.Component.dispatchEventImpl(Component.java:4881)
	at java.awt.Container.dispatchEventImpl(Container.java:2292)
	at java.awt.Component.dispatchEvent(Component.java:4703)
	at java.awt.LightweightDispatcher.retargetMouseEvent(Container.java:4898)
	at java.awt.LightweightDispatcher.processMouseEvent(Container.java:4533)
	at java.awt.LightweightDispatcher.dispatchEvent(Container.java:4462)
	at java.awt.Container.dispatchEventImpl(Container.java:2278)
	at java.awt.Window.dispatchEventImpl(Window.java:2739)
	at java.awt.Component.dispatchEvent(Component.java:4703)
	at java.awt.EventQueue.dispatchEventImpl(EventQueue.java:751)
	at java.awt.EventQueue.access$500(EventQueue.java:97)
	at java.awt.EventQueue$3.run(EventQueue.java:702)
	at java.awt.EventQueue$3.run(EventQueue.java:696)
	at java.security.AccessController.doPrivileged(Native Method)
	at java.security.ProtectionDomain$1.doIntersectionPrivilege(ProtectionDomain.java:75)
	at java.security.ProtectionDomain$1.doIntersectionPrivilege(ProtectionDomain.java:86)
	at java.awt.EventQueue$4.run(EventQueue.java:724)
	at java.awt.EventQueue$4.run(EventQueue.java:722)
	at java.security.AccessController.doPrivileged(Native Method)
	at java.security.ProtectionDomain$1.doIntersectionPrivilege(ProtectionDomain.java:75)
	at java.awt.EventQueue.dispatchEvent(EventQueue.java:721)
	at java.awt.EventDispatchThread.pumpOneEventForFilters(EventDispatchThread.java:201)
	at java.awt.EventDispatchThread.pumpEventsForFilter(EventDispatchThread.java:116)
	at java.awt.EventDispatchThread.pumpEventsForHierarchy(EventDispatchThread.java:105)
	at java.awt.EventDispatchThread.pumpEvents(EventDispatchThread.java:101)
	at java.awt.EventDispatchThread.pumpEvents(EventDispatchThread.java:93)
	at java.awt.EventDispatchThread.run(EventDispatchThread.java:82)

2018.08.14 21:52:41.957 MSK SEVERE: null -- java.lang.RuntimeException: Unable to resolve symbol: LEVEL in this context, compiling:(NO_SOURCE_PATH:0:0)
	at clojure.lang.Compiler.analyze(Compiler.java:6792)
	at clojure.lang.Compiler.analyze(Compiler.java:6729)
	at clojure.lang.Compiler$InvokeExpr.parse(Compiler.java:3881)
	at clojure.lang.Compiler.analyzeSeq(Compiler.java:7005)
	at clojure.lang.Compiler.analyze(Compiler.java:6773)
	at clojure.lang.Compiler.analyze(Compiler.java:6729)
	at clojure.lang.Compiler$InvokeExpr.parse(Compiler.java:3881)
	at clojure.lang.Compiler.analyzeSeq(Compiler.java:7005)
	at clojure.lang.Compiler.analyze(Compiler.java:6773)
	at clojure.lang.Compiler.analyze(Compiler.java:6729)
	at clojure.lang.Compiler$HostExpr$Parser.parse(Compiler.java:986)
	at clojure.lang.Compiler.analyzeSeq(Compiler.java:7003)
	at clojure.lang.Compiler.analyze(Compiler.java:6773)
	at clojure.lang.Compiler.analyzeSeq(Compiler.java:6991)
	at clojure.lang.Compiler.analyze(Compiler.java:6773)
	at clojure.lang.Compiler.analyze(Compiler.java:6729)
	at clojure.lang.Compiler$BodyExpr$Parser.parse(Compiler.java:6100)
	at clojure.lang.Compiler$FnMethod.parse(Compiler.java:5460)
	at clojure.lang.Compiler$FnExpr.parse(Compiler.java:4022)
	at clojure.lang.Compiler.analyzeSeq(Compiler.java:7001)
	at clojure.lang.Compiler.analyze(Compiler.java:6773)
	at clojure.lang.Compiler.analyze(Compiler.java:6729)
	at clojure.lang.Compiler$BodyExpr$Parser.parse(Compiler.java:6100)
	at clojure.lang.Compiler$FnMethod.parse(Compiler.java:5460)
	at clojure.lang.Compiler$FnExpr.parse(Compiler.java:4022)
	at clojure.lang.Compiler.analyzeSeq(Compiler.java:7001)
	at clojure.lang.Compiler.analyze(Compiler.java:6773)
	at clojure.lang.Compiler.eval(Compiler.java:7059)
	at clojure.lang.Compiler.eval(Compiler.java:7025)
	at clojure.core$eval.invokeStatic(core.clj:3206)
	at clojure.core$eval.invoke(core.clj:3202)
	at rete.core$mk_rhs_func.invokeStatic(core.clj:227)
	at rete.core$mk_rhs_func.invoke(core.clj:222)
	at rete.core$beta_net_plan.invokeStatic(core.clj:252)
	at rete.core$beta_net_plan.invoke(core.clj:231)
	at rete.core$beta_net_plan$fn__137.invoke(core.clj:239)
	at clojure.core$map$fn__5587.invoke(core.clj:2745)
	at clojure.lang.LazySeq.sval(LazySeq.java:40)
	at clojure.lang.LazySeq.seq(LazySeq.java:49)
	at clojure.lang.Cons.next(Cons.java:39)
	at clojure.lang.RT.boundedLength(RT.java:1785)
	at clojure.lang.RestFn.applyTo(RestFn.java:130)
	at clojure.core$apply.invokeStatic(core.clj:657)
	at clojure.core$mapcat.invokeStatic(core.clj:2775)
	at clojure.core$mapcat.doInvoke(core.clj:2775)
	at clojure.lang.RestFn.invoke(RestFn.java:423)
	at rete.core$beta_net_plan.invokeStatic(core.clj:238)
	at rete.core$beta_net_plan.invoke(core.clj:231)
	at rete.core$create_rete.invokeStatic(core.clj:314)
	at rete.core$create_rete.invoke(core.clj:299)
	at rete.core$run_with.invokeStatic(core.clj:857)
	at rete.core$run_with.invoke(core.clj:848)
	at ru.rules$run_engine.invokeStatic(rules.clj:94)
	at ru.rules$run_engine.invoke(rules.clj:60)
	at ru.rules$run_engine.invokeStatic(rules.clj:78)
	at ru.rules$run_engine.invoke(rules.clj:60)
	at clojure.lang.Var.invoke(Var.java:385)
	at clojuretab.ClojureTab.invoke(ClojureTab.java:700)
	at clojuretab.ClojureActionButton$1.actionPerformed(ClojureActionButton.java:53)
	at javax.swing.AbstractButton.fireActionPerformed(AbstractButton.java:2022)
	at javax.swing.AbstractButton$Handler.actionPerformed(AbstractButton.java:2346)
	at javax.swing.DefaultButtonModel.fireActionPerformed(DefaultButtonModel.java:402)
	at javax.swing.DefaultButtonModel.setPressed(DefaultButtonModel.java:259)
	at javax.swing.plaf.basic.BasicButtonListener.mouseReleased(BasicButtonListener.java:252)
	at java.awt.Component.processMouseEvent(Component.java:6525)
	at javax.swing.JComponent.processMouseEvent(JComponent.java:3322)
	at java.awt.Component.processEvent(Component.java:6290)
	at java.awt.Container.processEvent(Container.java:2234)
	at java.awt.Component.dispatchEventImpl(Component.java:4881)
	at java.awt.Container.dispatchEventImpl(Container.java:2292)
	at java.awt.Component.dispatchEvent(Component.java:4703)
	at java.awt.LightweightDispatcher.retargetMouseEvent(Container.java:4898)
	at java.awt.LightweightDispatcher.processMouseEvent(Container.java:4533)
	at java.awt.LightweightDispatcher.dispatchEvent(Container.java:4462)
	at java.awt.Container.dispatchEventImpl(Container.java:2278)
	at java.awt.Window.dispatchEventImpl(Window.java:2739)
	at java.awt.Component.dispatchEvent(Component.java:4703)
	at java.awt.EventQueue.dispatchEventImpl(EventQueue.java:751)
	at java.awt.EventQueue.access$500(EventQueue.java:97)
	at java.awt.EventQueue$3.run(EventQueue.java:702)
	at java.awt.EventQueue$3.run(EventQueue.java:696)
	at java.security.AccessController.doPrivileged(Native Method)
	at java.security.ProtectionDomain$1.doIntersectionPrivilege(ProtectionDomain.java:75)
	at java.security.ProtectionDomain$1.doIntersectionPrivilege(ProtectionDomain.java:86)
	at java.awt.EventQueue$4.run(EventQueue.java:724)
	at java.awt.EventQueue$4.run(EventQueue.java:722)
	at java.security.AccessController.doPrivileged(Native Method)
	at java.security.ProtectionDomain$1.doIntersectionPrivilege(ProtectionDomain.java:75)
	at java.awt.EventQueue.dispatchEvent(EventQueue.java:721)
	at java.awt.EventDispatchThread.pumpOneEventForFilters(EventDispatchThread.java:201)
	at java.awt.EventDispatchThread.pumpEventsForFilter(EventDispatchThread.java:116)
	at java.awt.EventDispatchThread.pumpEventsForHierarchy(EventDispatchThread.java:105)
	at java.awt.EventDispatchThread.pumpEvents(EventDispatchThread.java:101)
	at java.awt.EventDispatchThread.pumpEvents(EventDispatchThread.java:93)
	at java.awt.EventDispatchThread.run(EventDispatchThread.java:82)
Caused by: java.lang.RuntimeException: Unable to resolve symbol: LEVEL in this context
	at clojure.lang.Util.runtimeException(Util.java:221)
	at clojure.lang.Compiler.resolveIn(Compiler.java:7299)
	at clojure.lang.Compiler.resolve(Compiler.java:7243)
	at clojure.lang.Compiler.analyzeSymbol(Compiler.java:7204)
	at clojure.lang.Compiler.analyze(Compiler.java:6752)
	... 94 more

