2018.07.08 21:45:09.796 MSK INFO: *** SYSTEM START *** -- SystemUtilities.logSystemInfo()
2018.07.08 21:45:09.820 MSK CONFIG: Protege 3.5 Build 663, JVM 10.0.1+10, memory=1811M, Linux, encoding=UTF-8, language=en, country=US -- SystemUtilities.logSystemInfo()
2018.07.08 21:45:10.238 MSK CONFIG: Loaded plugin clojuretab -- PluginUtilities.logClassLoaderInformation()
2018.07.08 21:45:10.255 MSK CONFIG: Loaded plugin edu.stanford.smi.protegex.standard_extensions - Graph Widget, Table Widget -- PluginUtilities.logClassLoaderInformation()
2018.07.08 21:45:10.401 MSK CONFIG: Loaded plugin ru.igis.omtab -- PluginUtilities.logClassLoaderInformation()
2018.07.08 21:45:10.801 MSK WARNING: Look and feel not found: com.apple.laf.AquaLookAndFeel -- SystemUtilities.setLookAndFeel()
2018.07.08 21:45:11.357 MSK WARNING: missing bundle: protege_text -- BundleHelper.<init>()
2018.07.08 21:45:18.920 MSK INFO: Loaded 5000 instances: ScenarioN_ProjectKB_Class72426 -- Parser.getInstance()
2018.07.08 21:45:18.949 MSK INFO: Loaded 6000 instances: ScenarioN_ProjectKB_Class83426 -- Parser.getInstance()
2018.07.08 21:45:19.054 MSK INFO: Set type on 5000 instances: ScenarioN_ProjectKB_Class83146 -- Parser.getInstance()
2018.07.08 21:45:19.145 MSK INFO: Set type on 6000 instances: ScenarioN_ProjectKB_Class91405 -- Parser.getInstance()
2018.07.08 21:45:31.276 MSK INFO: Load time for file:/home/ru/clojure/simpro-scene/pprj_examples/Tsunami.pprj = 9 sec (project) + 4 sec (ui) -- ProjectManager$3.run()
2018.07.08 21:49:30.842 MSK INFO: Loaded 5000 instances: ScenarioN_ProjectKB_Class72426 -- Parser.getInstance()
2018.07.08 21:49:30.907 MSK INFO: Loaded 6000 instances: ScenarioN_ProjectKB_Class83426 -- Parser.getInstance()
2018.07.08 21:49:31.009 MSK INFO: Set type on 5000 instances: ScenarioN_ProjectKB_Class83146 -- Parser.getInstance()
2018.07.08 21:49:31.100 MSK INFO: Set type on 6000 instances: ScenarioN_ProjectKB_Class91405 -- Parser.getInstance()
2018.07.08 21:49:39.621 MSK INFO: Load time for file:/home/ru/clojure/simpro-scene/pprj_examples/RasterToVector.pprj = 8 sec (project) + 0 sec (ui) -- ProjectManager$3.run()
2018.07.08 21:51:18.008 MSK INFO: Loaded 5000 instances: ScenarioN_ProjectKB_Class72426 -- Parser.getInstance()
2018.07.08 21:51:18.033 MSK INFO: Loaded 6000 instances: ScenarioN_ProjectKB_Class83426 -- Parser.getInstance()
2018.07.08 21:51:18.137 MSK INFO: Set type on 5000 instances: ScenarioN_ProjectKB_Class83146 -- Parser.getInstance()
2018.07.08 21:51:18.229 MSK INFO: Set type on 6000 instances: ScenarioN_ProjectKB_Class91405 -- Parser.getInstance()
