2018.11.03 14:07:56.754 MSK INFO: *** SYSTEM START *** -- SystemUtilities.logSystemInfo()
2018.11.03 14:07:56.758 MSK CONFIG: Protege 3.5 Build 663, JVM 1.8.0_31-b13, memory=1908M, Mac OS X, encoding=UTF-8, language=en, country=US -- SystemUtilities.logSystemInfo()
2018.11.03 14:07:56.785 MSK WARNING: Plugins directory not found: /Users/ru/clojure/simpro-scene/plugins -- PluginUtilities.findPluginsDirectory()
2018.11.03 14:07:58.922 MSK WARNING: missing bundle: standard_extensions_text -- BundleHelper.<init>()
2018.11.03 14:07:58.925 MSK WARNING: no resource bundle: tab.queries -- BundleHelper.internalGetText()
2018.11.03 14:08:06.641 MSK WARNING: missing bundle: protege_text -- BundleHelper.<init>()
2018.11.03 14:08:25.770 MSK INFO: Load time for file:/Users/ru/clojure/simpro-scene/pprj_examples/SailExpert.pprj = 1 sec (project) + 9 sec (ui) -- ProjectManager$3.run()
2018.11.03 14:08:55.219 MSK SEVERE: null -- java.lang.RuntimeException: No such var: czs/base-url, compiling:(clojure/pro/server.clj:83:1)
	at clojure.lang.Compiler.analyze(Compiler.java:6792)
	at clojure.lang.Compiler.analyze(Compiler.java:6729)
	at clojure.lang.Compiler$InvokeExpr.parse(Compiler.java:3813)
	at clojure.lang.Compiler.analyzeSeq(Compiler.java:7005)
	at clojure.lang.Compiler.analyze(Compiler.java:6773)
	at clojure.lang.Compiler.analyze(Compiler.java:6729)
	at clojure.lang.Compiler$BodyExpr$Parser.parse(Compiler.java:6100)
	at clojure.lang.Compiler$FnMethod.parse(Compiler.java:5460)
	at clojure.lang.Compiler$FnExpr.parse(Compiler.java:4022)
	at clojure.lang.Compiler.analyzeSeq(Compiler.java:7001)
	at clojure.lang.Compiler.analyze(Compiler.java:6773)
	at clojure.lang.Compiler.analyzeSeq(Compiler.java:6991)
	at clojure.lang.Compiler.analyze(Compiler.java:6773)
	at clojure.lang.Compiler.access$300(Compiler.java:38)
	at clojure.lang.Compiler$DefExpr$Parser.parse(Compiler.java:595)
	at clojure.lang.Compiler.analyzeSeq(Compiler.java:7003)
	at clojure.lang.Compiler.analyze(Compiler.java:6773)
	at clojure.lang.Compiler.analyze(Compiler.java:6729)
	at clojure.lang.Compiler.eval(Compiler.java:7066)
	at clojure.lang.Compiler.load(Compiler.java:7514)
	at clojure.lang.RT.loadResourceScript(RT.java:379)
	at clojure.lang.RT.loadResourceScript(RT.java:370)
	at clojure.lang.RT.load(RT.java:460)
	at clojure.lang.RT.load(RT.java:426)
	at clojure.core$load$fn__6548.invoke(core.clj:6046)
	at clojure.core$load.invokeStatic(core.clj:6045)
	at clojure.core$load.doInvoke(core.clj:6029)
	at clojure.lang.RestFn.invoke(RestFn.java:408)
	at clojure.lang.Var.invoke(Var.java:381)
	at clojuretab.ClojureTab.loadProgram(ClojureTab.java:544)
	at clojuretab.ClojureActionButton.loadProgram(ClojureActionButton.java:130)
	at clojuretab.ClojureActionButton.setValues(ClojureActionButton.java:101)
	at edu.stanford.smi.protege.widget.AbstractSlotWidget.setWidgetValues(Unknown Source)
	at edu.stanford.smi.protege.widget.AbstractSlotWidget.loadValues(Unknown Source)
	at edu.stanford.smi.protege.widget.AbstractSlotWidget.setInstance(Unknown Source)
	at edu.stanford.smi.protege.widget.FormWidget.propagateSetInstanceToWidgets(Unknown Source)
	at edu.stanford.smi.protege.widget.FormWidget.setInstance(Unknown Source)
	at edu.stanford.smi.protege.model.Project.createRuntimeClsWidget(Unknown Source)
	at edu.stanford.smi.protege.ui.InstanceDisplay.getWidget(Unknown Source)
	at edu.stanford.smi.protege.ui.InstanceDisplay.addRuntimeWidgets(Unknown Source)
	at edu.stanford.smi.protege.ui.InstanceDisplay.setInstance(Unknown Source)
	at edu.stanford.smi.protege.ui.InstanceDisplay.setInstance(Unknown Source)
	at edu.stanford.smi.protege.widget.InstancesTab$2.selectionChanged(Unknown Source)
	at edu.stanford.smi.protege.util.SelectionEventDispatcher.postEvent(Unknown Source)
	at edu.stanford.smi.protege.util.ListenerCollection.postEvent(Unknown Source)
	at edu.stanford.smi.protege.util.ListenerCollection.postEvent(Unknown Source)
	at edu.stanford.smi.protege.util.SelectableContainer.notifySelectionListeners(Unknown Source)
	at edu.stanford.smi.protege.util.SelectableContainer$1.selectionChanged(Unknown Source)
	at edu.stanford.smi.protege.util.SelectionEventDispatcher.postEvent(Unknown Source)
	at edu.stanford.smi.protege.util.ListenerCollection.postEvent(Unknown Source)
	at edu.stanford.smi.protege.util.ListenerCollection.postEvent(Unknown Source)
	at edu.stanford.smi.protege.util.SelectableList.notifySelectionListeners(Unknown Source)
	at edu.stanford.smi.protege.util.SelectableList$1.valueChanged(Unknown Source)
	at javax.swing.JList.fireSelectionValueChanged(JList.java:1796)
	at javax.swing.JList$ListSelectionHandler.valueChanged(JList.java:1810)
	at javax.swing.DefaultListSelectionModel.fireValueChanged(DefaultListSelectionModel.java:184)
	at javax.swing.DefaultListSelectionModel.fireValueChanged(DefaultListSelectionModel.java:154)
	at javax.swing.DefaultListSelectionModel.setValueIsAdjusting(DefaultListSelectionModel.java:685)
	at javax.swing.JList.setValueIsAdjusting(JList.java:2140)
	at javax.swing.plaf.basic.BasicListUI$Handler.mouseReleased(BasicListUI.java:2796)
	at javax.swing.plaf.basic.BasicListUI$MouseInputHandler.mouseReleased(BasicListUI.java:1526)
	at java.awt.AWTEventMulticaster.mouseReleased(AWTEventMulticaster.java:290)
	at java.awt.AWTEventMulticaster.mouseReleased(AWTEventMulticaster.java:289)
	at java.awt.AWTEventMulticaster.mouseReleased(AWTEventMulticaster.java:289)
	at java.awt.Component.processMouseEvent(Component.java:6525)
	at javax.swing.JComponent.processMouseEvent(JComponent.java:3322)
	at edu.stanford.smi.protege.util.SelectableList.processMouseEvent(Unknown Source)
	at java.awt.Component.processEvent(Component.java:6290)
	at java.awt.Container.processEvent(Container.java:2234)
	at java.awt.Component.dispatchEventImpl(Component.java:4881)
	at java.awt.Container.dispatchEventImpl(Container.java:2292)
	at java.awt.Component.dispatchEvent(Component.java:4703)
	at java.awt.LightweightDispatcher.retargetMouseEvent(Container.java:4898)
	at java.awt.LightweightDispatcher.processMouseEvent(Container.java:4533)
	at java.awt.LightweightDispatcher.dispatchEvent(Container.java:4462)
	at java.awt.Container.dispatchEventImpl(Container.java:2278)
	at java.awt.Window.dispatchEventImpl(Window.java:2739)
	at java.awt.Component.dispatchEvent(Component.java:4703)
	at java.awt.EventQueue.dispatchEventImpl(EventQueue.java:751)
	at java.awt.EventQueue.access$500(EventQueue.java:97)
	at java.awt.EventQueue$3.run(EventQueue.java:702)
	at java.awt.EventQueue$3.run(EventQueue.java:696)
	at java.security.AccessController.doPrivileged(Native Method)
	at java.security.ProtectionDomain$1.doIntersectionPrivilege(ProtectionDomain.java:75)
	at java.security.ProtectionDomain$1.doIntersectionPrivilege(ProtectionDomain.java:86)
	at java.awt.EventQueue$4.run(EventQueue.java:724)
	at java.awt.EventQueue$4.run(EventQueue.java:722)
	at java.security.AccessController.doPrivileged(Native Method)
	at java.security.ProtectionDomain$1.doIntersectionPrivilege(ProtectionDomain.java:75)
	at java.awt.EventQueue.dispatchEvent(EventQueue.java:721)
	at java.awt.EventDispatchThread.pumpOneEventForFilters(EventDispatchThread.java:201)
	at java.awt.EventDispatchThread.pumpEventsForFilter(EventDispatchThread.java:116)
	at java.awt.EventDispatchThread.pumpEventsForHierarchy(EventDispatchThread.java:105)
	at java.awt.EventDispatchThread.pumpEvents(EventDispatchThread.java:101)
	at java.awt.EventDispatchThread.pumpEvents(EventDispatchThread.java:93)
	at java.awt.EventDispatchThread.run(EventDispatchThread.java:82)
Caused by: java.lang.RuntimeException: No such var: czs/base-url
	at clojure.lang.Util.runtimeException(Util.java:221)
	at clojure.lang.Compiler.resolveIn(Compiler.java:7273)
	at clojure.lang.Compiler.resolve(Compiler.java:7243)
	at clojure.lang.Compiler.analyzeSymbol(Compiler.java:7204)
	at clojure.lang.Compiler.analyze(Compiler.java:6752)
	... 95 more

2018.11.03 14:08:55.318 MSK SEVERE: null -- java.lang.RuntimeException: No such var: czs/base-url, compiling:(clojure/pro/server.clj:83:1)
	at clojure.lang.Compiler.analyze(Compiler.java:6792)
	at clojure.lang.Compiler.analyze(Compiler.java:6729)
	at clojure.lang.Compiler$InvokeExpr.parse(Compiler.java:3813)
	at clojure.lang.Compiler.analyzeSeq(Compiler.java:7005)
	at clojure.lang.Compiler.analyze(Compiler.java:6773)
	at clojure.lang.Compiler.analyze(Compiler.java:6729)
	at clojure.lang.Compiler$BodyExpr$Parser.parse(Compiler.java:6100)
	at clojure.lang.Compiler$FnMethod.parse(Compiler.java:5460)
	at clojure.lang.Compiler$FnExpr.parse(Compiler.java:4022)
	at clojure.lang.Compiler.analyzeSeq(Compiler.java:7001)
	at clojure.lang.Compiler.analyze(Compiler.java:6773)
	at clojure.lang.Compiler.analyzeSeq(Compiler.java:6991)
	at clojure.lang.Compiler.analyze(Compiler.java:6773)
	at clojure.lang.Compiler.access$300(Compiler.java:38)
	at clojure.lang.Compiler$DefExpr$Parser.parse(Compiler.java:595)
	at clojure.lang.Compiler.analyzeSeq(Compiler.java:7003)
	at clojure.lang.Compiler.analyze(Compiler.java:6773)
	at clojure.lang.Compiler.analyze(Compiler.java:6729)
	at clojure.lang.Compiler.eval(Compiler.java:7066)
	at clojure.lang.Compiler.load(Compiler.java:7514)
	at clojure.lang.RT.loadResourceScript(RT.java:379)
	at clojure.lang.RT.loadResourceScript(RT.java:370)
	at clojure.lang.RT.load(RT.java:460)
	at clojure.lang.RT.load(RT.java:426)
	at clojure.core$load$fn__6548.invoke(core.clj:6046)
	at clojure.core$load.invokeStatic(core.clj:6045)
	at clojure.core$load.doInvoke(core.clj:6029)
	at clojure.lang.RestFn.invoke(RestFn.java:408)
	at clojure.lang.Var.invoke(Var.java:381)
	at clojuretab.ClojureTab.loadProgram(ClojureTab.java:544)
	at clojuretab.ClojureActionButton.loadProgram(ClojureActionButton.java:130)
	at clojuretab.ClojureActionButton.setValues(ClojureActionButton.java:101)
	at edu.stanford.smi.protege.widget.AbstractSlotWidget.setWidgetValues(Unknown Source)
	at edu.stanford.smi.protege.widget.AbstractSlotWidget.loadValues(Unknown Source)
	at edu.stanford.smi.protege.widget.AbstractSlotWidget.setInstance(Unknown Source)
	at edu.stanford.smi.protege.widget.FormWidget.propagateSetInstanceToWidgets(Unknown Source)
	at edu.stanford.smi.protege.widget.FormWidget.setInstance(Unknown Source)
	at edu.stanford.smi.protege.model.Project.createRuntimeClsWidget(Unknown Source)
	at edu.stanford.smi.protege.ui.InstanceDisplay.getWidget(Unknown Source)
	at edu.stanford.smi.protege.ui.InstanceDisplay.addRuntimeWidgets(Unknown Source)
	at edu.stanford.smi.protege.ui.InstanceDisplay.setInstance(Unknown Source)
	at edu.stanford.smi.protege.ui.InstanceDisplay.setInstance(Unknown Source)
	at edu.stanford.smi.protege.widget.InstancesTab$2.selectionChanged(Unknown Source)
	at edu.stanford.smi.protege.util.SelectionEventDispatcher.postEvent(Unknown Source)
	at edu.stanford.smi.protege.util.ListenerCollection.postEvent(Unknown Source)
	at edu.stanford.smi.protege.util.ListenerCollection.postEvent(Unknown Source)
	at edu.stanford.smi.protege.util.SelectableContainer.notifySelectionListeners(Unknown Source)
	at edu.stanford.smi.protege.util.SelectableContainer$1.selectionChanged(Unknown Source)
	at edu.stanford.smi.protege.util.SelectionEventDispatcher.postEvent(Unknown Source)
	at edu.stanford.smi.protege.util.ListenerCollection.postEvent(Unknown Source)
	at edu.stanford.smi.protege.util.ListenerCollection.postEvent(Unknown Source)
	at edu.stanford.smi.protege.util.SelectableList.notifySelectionListeners(Unknown Source)
	at edu.stanford.smi.protege.util.SelectableList$1.valueChanged(Unknown Source)
	at javax.swing.JList.fireSelectionValueChanged(JList.java:1796)
	at javax.swing.JList$ListSelectionHandler.valueChanged(JList.java:1810)
	at javax.swing.DefaultListSelectionModel.fireValueChanged(DefaultListSelectionModel.java:184)
	at javax.swing.DefaultListSelectionModel.fireValueChanged(DefaultListSelectionModel.java:154)
	at javax.swing.DefaultListSelectionModel.setValueIsAdjusting(DefaultListSelectionModel.java:685)
	at javax.swing.JList.setValueIsAdjusting(JList.java:2140)
	at javax.swing.plaf.basic.BasicListUI$Handler.mouseReleased(BasicListUI.java:2796)
	at javax.swing.plaf.basic.BasicListUI$MouseInputHandler.mouseReleased(BasicListUI.java:1526)
	at java.awt.AWTEventMulticaster.mouseReleased(AWTEventMulticaster.java:290)
	at java.awt.AWTEventMulticaster.mouseReleased(AWTEventMulticaster.java:289)
	at java.awt.AWTEventMulticaster.mouseReleased(AWTEventMulticaster.java:289)
	at java.awt.Component.processMouseEvent(Component.java:6525)
	at javax.swing.JComponent.processMouseEvent(JComponent.java:3322)
	at edu.stanford.smi.protege.util.SelectableList.processMouseEvent(Unknown Source)
	at java.awt.Component.processEvent(Component.java:6290)
	at java.awt.Container.processEvent(Container.java:2234)
	at java.awt.Component.dispatchEventImpl(Component.java:4881)
	at java.awt.Container.dispatchEventImpl(Container.java:2292)
	at java.awt.Component.dispatchEvent(Component.java:4703)
	at java.awt.LightweightDispatcher.retargetMouseEvent(Container.java:4898)
	at java.awt.LightweightDispatcher.processMouseEvent(Container.java:4533)
	at java.awt.LightweightDispatcher.dispatchEvent(Container.java:4462)
	at java.awt.Container.dispatchEventImpl(Container.java:2278)
	at java.awt.Window.dispatchEventImpl(Window.java:2739)
	at java.awt.Component.dispatchEvent(Component.java:4703)
	at java.awt.EventQueue.dispatchEventImpl(EventQueue.java:751)
	at java.awt.EventQueue.access$500(EventQueue.java:97)
	at java.awt.EventQueue$3.run(EventQueue.java:702)
	at java.awt.EventQueue$3.run(EventQueue.java:696)
	at java.security.AccessController.doPrivileged(Native Method)
	at java.security.ProtectionDomain$1.doIntersectionPrivilege(ProtectionDomain.java:75)
	at java.security.ProtectionDomain$1.doIntersectionPrivilege(ProtectionDomain.java:86)
	at java.awt.EventQueue$4.run(EventQueue.java:724)
	at java.awt.EventQueue$4.run(EventQueue.java:722)
	at java.security.AccessController.doPrivileged(Native Method)
	at java.security.ProtectionDomain$1.doIntersectionPrivilege(ProtectionDomain.java:75)
	at java.awt.EventQueue.dispatchEvent(EventQueue.java:721)
	at java.awt.EventDispatchThread.pumpOneEventForFilters(EventDispatchThread.java:201)
	at java.awt.EventDispatchThread.pumpEventsForFilter(EventDispatchThread.java:116)
	at java.awt.EventDispatchThread.pumpEventsForHierarchy(EventDispatchThread.java:105)
	at java.awt.EventDispatchThread.pumpEvents(EventDispatchThread.java:101)
	at java.awt.EventDispatchThread.pumpEvents(EventDispatchThread.java:93)
	at java.awt.EventDispatchThread.run(EventDispatchThread.java:82)
Caused by: java.lang.RuntimeException: No such var: czs/base-url
	at clojure.lang.Util.runtimeException(Util.java:221)
	at clojure.lang.Compiler.resolveIn(Compiler.java:7273)
	at clojure.lang.Compiler.resolve(Compiler.java:7243)
	at clojure.lang.Compiler.analyzeSymbol(Compiler.java:7204)
	at clojure.lang.Compiler.analyze(Compiler.java:6752)
	... 95 more

2018.11.03 14:08:55.403 MSK SEVERE: null -- java.lang.RuntimeException: No such var: czs/base-url, compiling:(clojure/pro/server.clj:83:1)
	at clojure.lang.Compiler.analyze(Compiler.java:6792)
	at clojure.lang.Compiler.analyze(Compiler.java:6729)
	at clojure.lang.Compiler$InvokeExpr.parse(Compiler.java:3813)
	at clojure.lang.Compiler.analyzeSeq(Compiler.java:7005)
	at clojure.lang.Compiler.analyze(Compiler.java:6773)
	at clojure.lang.Compiler.analyze(Compiler.java:6729)
	at clojure.lang.Compiler$BodyExpr$Parser.parse(Compiler.java:6100)
	at clojure.lang.Compiler$FnMethod.parse(Compiler.java:5460)
	at clojure.lang.Compiler$FnExpr.parse(Compiler.java:4022)
	at clojure.lang.Compiler.analyzeSeq(Compiler.java:7001)
	at clojure.lang.Compiler.analyze(Compiler.java:6773)
	at clojure.lang.Compiler.analyzeSeq(Compiler.java:6991)
	at clojure.lang.Compiler.analyze(Compiler.java:6773)
	at clojure.lang.Compiler.access$300(Compiler.java:38)
	at clojure.lang.Compiler$DefExpr$Parser.parse(Compiler.java:595)
	at clojure.lang.Compiler.analyzeSeq(Compiler.java:7003)
	at clojure.lang.Compiler.analyze(Compiler.java:6773)
	at clojure.lang.Compiler.analyze(Compiler.java:6729)
	at clojure.lang.Compiler.eval(Compiler.java:7066)
	at clojure.lang.Compiler.load(Compiler.java:7514)
	at clojure.lang.RT.loadResourceScript(RT.java:379)
	at clojure.lang.RT.loadResourceScript(RT.java:370)
	at clojure.lang.RT.load(RT.java:460)
	at clojure.lang.RT.load(RT.java:426)
	at clojure.core$load$fn__6548.invoke(core.clj:6046)
	at clojure.core$load.invokeStatic(core.clj:6045)
	at clojure.core$load.doInvoke(core.clj:6029)
	at clojure.lang.RestFn.invoke(RestFn.java:408)
	at clojure.lang.Var.invoke(Var.java:381)
	at clojuretab.ClojureTab.loadProgram(ClojureTab.java:544)
	at clojuretab.ClojureActionButton.loadProgram(ClojureActionButton.java:130)
	at clojuretab.ClojureActionButton.setValues(ClojureActionButton.java:101)
	at edu.stanford.smi.protege.widget.AbstractSlotWidget.setWidgetValues(Unknown Source)
	at edu.stanford.smi.protege.widget.AbstractSlotWidget.loadValues(Unknown Source)
	at edu.stanford.smi.protege.widget.AbstractSlotWidget.setInstance(Unknown Source)
	at edu.stanford.smi.protege.widget.FormWidget.propagateSetInstanceToWidgets(Unknown Source)
	at edu.stanford.smi.protege.widget.FormWidget.setInstance(Unknown Source)
	at edu.stanford.smi.protege.model.Project.createRuntimeClsWidget(Unknown Source)
	at edu.stanford.smi.protege.ui.InstanceDisplay.getWidget(Unknown Source)
	at edu.stanford.smi.protege.ui.InstanceDisplay.addRuntimeWidgets(Unknown Source)
	at edu.stanford.smi.protege.ui.InstanceDisplay.setInstance(Unknown Source)
	at edu.stanford.smi.protege.ui.InstanceDisplay.setInstance(Unknown Source)
	at edu.stanford.smi.protege.widget.InstancesTab$2.selectionChanged(Unknown Source)
	at edu.stanford.smi.protege.util.SelectionEventDispatcher.postEvent(Unknown Source)
	at edu.stanford.smi.protege.util.ListenerCollection.postEvent(Unknown Source)
	at edu.stanford.smi.protege.util.ListenerCollection.postEvent(Unknown Source)
	at edu.stanford.smi.protege.util.SelectableContainer.notifySelectionListeners(Unknown Source)
	at edu.stanford.smi.protege.util.SelectableContainer$1.selectionChanged(Unknown Source)
	at edu.stanford.smi.protege.util.SelectionEventDispatcher.postEvent(Unknown Source)
	at edu.stanford.smi.protege.util.ListenerCollection.postEvent(Unknown Source)
	at edu.stanford.smi.protege.util.ListenerCollection.postEvent(Unknown Source)
	at edu.stanford.smi.protege.util.SelectableList.notifySelectionListeners(Unknown Source)
	at edu.stanford.smi.protege.util.SelectableList$1.valueChanged(Unknown Source)
	at javax.swing.JList.fireSelectionValueChanged(JList.java:1796)
	at javax.swing.JList$ListSelectionHandler.valueChanged(JList.java:1810)
	at javax.swing.DefaultListSelectionModel.fireValueChanged(DefaultListSelectionModel.java:184)
	at javax.swing.DefaultListSelectionModel.fireValueChanged(DefaultListSelectionModel.java:154)
	at javax.swing.DefaultListSelectionModel.setValueIsAdjusting(DefaultListSelectionModel.java:685)
	at javax.swing.JList.setValueIsAdjusting(JList.java:2140)
	at javax.swing.plaf.basic.BasicListUI$Handler.mouseReleased(BasicListUI.java:2796)
	at javax.swing.plaf.basic.BasicListUI$MouseInputHandler.mouseReleased(BasicListUI.java:1526)
	at java.awt.AWTEventMulticaster.mouseReleased(AWTEventMulticaster.java:290)
	at java.awt.AWTEventMulticaster.mouseReleased(AWTEventMulticaster.java:289)
	at java.awt.AWTEventMulticaster.mouseReleased(AWTEventMulticaster.java:289)
	at java.awt.Component.processMouseEvent(Component.java:6525)
	at javax.swing.JComponent.processMouseEvent(JComponent.java:3322)
	at edu.stanford.smi.protege.util.SelectableList.processMouseEvent(Unknown Source)
	at java.awt.Component.processEvent(Component.java:6290)
	at java.awt.Container.processEvent(Container.java:2234)
	at java.awt.Component.dispatchEventImpl(Component.java:4881)
	at java.awt.Container.dispatchEventImpl(Container.java:2292)
	at java.awt.Component.dispatchEvent(Component.java:4703)
	at java.awt.LightweightDispatcher.retargetMouseEvent(Container.java:4898)
	at java.awt.LightweightDispatcher.processMouseEvent(Container.java:4533)
	at java.awt.LightweightDispatcher.dispatchEvent(Container.java:4462)
	at java.awt.Container.dispatchEventImpl(Container.java:2278)
	at java.awt.Window.dispatchEventImpl(Window.java:2739)
	at java.awt.Component.dispatchEvent(Component.java:4703)
	at java.awt.EventQueue.dispatchEventImpl(EventQueue.java:751)
	at java.awt.EventQueue.access$500(EventQueue.java:97)
	at java.awt.EventQueue$3.run(EventQueue.java:702)
	at java.awt.EventQueue$3.run(EventQueue.java:696)
	at java.security.AccessController.doPrivileged(Native Method)
	at java.security.ProtectionDomain$1.doIntersectionPrivilege(ProtectionDomain.java:75)
	at java.security.ProtectionDomain$1.doIntersectionPrivilege(ProtectionDomain.java:86)
	at java.awt.EventQueue$4.run(EventQueue.java:724)
	at java.awt.EventQueue$4.run(EventQueue.java:722)
	at java.security.AccessController.doPrivileged(Native Method)
	at java.security.ProtectionDomain$1.doIntersectionPrivilege(ProtectionDomain.java:75)
	at java.awt.EventQueue.dispatchEvent(EventQueue.java:721)
	at java.awt.EventDispatchThread.pumpOneEventForFilters(EventDispatchThread.java:201)
	at java.awt.EventDispatchThread.pumpEventsForFilter(EventDispatchThread.java:116)
	at java.awt.EventDispatchThread.pumpEventsForHierarchy(EventDispatchThread.java:105)
	at java.awt.EventDispatchThread.pumpEvents(EventDispatchThread.java:101)
	at java.awt.EventDispatchThread.pumpEvents(EventDispatchThread.java:93)
	at java.awt.EventDispatchThread.run(EventDispatchThread.java:82)
Caused by: java.lang.RuntimeException: No such var: czs/base-url
	at clojure.lang.Util.runtimeException(Util.java:221)
	at clojure.lang.Compiler.resolveIn(Compiler.java:7273)
	at clojure.lang.Compiler.resolve(Compiler.java:7243)
	at clojure.lang.Compiler.analyzeSymbol(Compiler.java:7204)
	at clojure.lang.Compiler.analyze(Compiler.java:6752)
	... 95 more

2018.11.03 14:09:16.485 MSK SEVERE: null -- java.lang.RuntimeException: No such var: czs/base-url, compiling:(clojure/pro/server.clj:83:1)
	at clojure.lang.Compiler.analyze(Compiler.java:6792)
	at clojure.lang.Compiler.analyze(Compiler.java:6729)
	at clojure.lang.Compiler$InvokeExpr.parse(Compiler.java:3813)
	at clojure.lang.Compiler.analyzeSeq(Compiler.java:7005)
	at clojure.lang.Compiler.analyze(Compiler.java:6773)
	at clojure.lang.Compiler.analyze(Compiler.java:6729)
	at clojure.lang.Compiler$BodyExpr$Parser.parse(Compiler.java:6100)
	at clojure.lang.Compiler$FnMethod.parse(Compiler.java:5460)
	at clojure.lang.Compiler$FnExpr.parse(Compiler.java:4022)
	at clojure.lang.Compiler.analyzeSeq(Compiler.java:7001)
	at clojure.lang.Compiler.analyze(Compiler.java:6773)
	at clojure.lang.Compiler.analyzeSeq(Compiler.java:6991)
	at clojure.lang.Compiler.analyze(Compiler.java:6773)
	at clojure.lang.Compiler.access$300(Compiler.java:38)
	at clojure.lang.Compiler$DefExpr$Parser.parse(Compiler.java:595)
	at clojure.lang.Compiler.analyzeSeq(Compiler.java:7003)
	at clojure.lang.Compiler.analyze(Compiler.java:6773)
	at clojure.lang.Compiler.analyze(Compiler.java:6729)
	at clojure.lang.Compiler.eval(Compiler.java:7066)
	at clojure.lang.Compiler.load(Compiler.java:7514)
	at clojure.lang.RT.loadResourceScript(RT.java:379)
	at clojure.lang.RT.loadResourceScript(RT.java:370)
	at clojure.lang.RT.load(RT.java:460)
	at clojure.lang.RT.load(RT.java:426)
	at clojure.core$load$fn__6548.invoke(core.clj:6046)
	at clojure.core$load.invokeStatic(core.clj:6045)
	at clojure.core$load.doInvoke(core.clj:6029)
	at clojure.lang.RestFn.invoke(RestFn.java:408)
	at clojure.lang.Var.invoke(Var.java:381)
	at clojuretab.ClojureTab.loadProgram(ClojureTab.java:544)
	at clojuretab.ClojureTab.loadSelectedPrograms(ClojureTab.java:533)
	at clojuretab.ClojureTab.access$3(ClojureTab.java:529)
	at clojuretab.ClojureTab$5.actionPerformed(ClojureTab.java:255)
	at javax.swing.AbstractButton.fireActionPerformed(AbstractButton.java:2022)
	at javax.swing.AbstractButton$Handler.actionPerformed(AbstractButton.java:2346)
	at javax.swing.DefaultButtonModel.fireActionPerformed(DefaultButtonModel.java:402)
	at javax.swing.DefaultButtonModel.setPressed(DefaultButtonModel.java:259)
	at javax.swing.plaf.basic.BasicButtonListener.mouseReleased(BasicButtonListener.java:252)
	at java.awt.AWTEventMulticaster.mouseReleased(AWTEventMulticaster.java:289)
	at java.awt.Component.processMouseEvent(Component.java:6525)
	at javax.swing.JComponent.processMouseEvent(JComponent.java:3322)
	at java.awt.Component.processEvent(Component.java:6290)
	at java.awt.Container.processEvent(Container.java:2234)
	at java.awt.Component.dispatchEventImpl(Component.java:4881)
	at java.awt.Container.dispatchEventImpl(Container.java:2292)
	at java.awt.Component.dispatchEvent(Component.java:4703)
	at java.awt.LightweightDispatcher.retargetMouseEvent(Container.java:4898)
	at java.awt.LightweightDispatcher.processMouseEvent(Container.java:4533)
	at java.awt.LightweightDispatcher.dispatchEvent(Container.java:4462)
	at java.awt.Container.dispatchEventImpl(Container.java:2278)
	at java.awt.Window.dispatchEventImpl(Window.java:2739)
	at java.awt.Component.dispatchEvent(Component.java:4703)
	at java.awt.EventQueue.dispatchEventImpl(EventQueue.java:751)
	at java.awt.EventQueue.access$500(EventQueue.java:97)
	at java.awt.EventQueue$3.run(EventQueue.java:702)
	at java.awt.EventQueue$3.run(EventQueue.java:696)
	at java.security.AccessController.doPrivileged(Native Method)
	at java.security.ProtectionDomain$1.doIntersectionPrivilege(ProtectionDomain.java:75)
	at java.security.ProtectionDomain$1.doIntersectionPrivilege(ProtectionDomain.java:86)
	at java.awt.EventQueue$4.run(EventQueue.java:724)
	at java.awt.EventQueue$4.run(EventQueue.java:722)
	at java.security.AccessController.doPrivileged(Native Method)
	at java.security.ProtectionDomain$1.doIntersectionPrivilege(ProtectionDomain.java:75)
	at java.awt.EventQueue.dispatchEvent(EventQueue.java:721)
	at java.awt.EventDispatchThread.pumpOneEventForFilters(EventDispatchThread.java:201)
	at java.awt.EventDispatchThread.pumpEventsForFilter(EventDispatchThread.java:116)
	at java.awt.EventDispatchThread.pumpEventsForHierarchy(EventDispatchThread.java:105)
	at java.awt.EventDispatchThread.pumpEvents(EventDispatchThread.java:101)
	at java.awt.EventDispatchThread.pumpEvents(EventDispatchThread.java:93)
	at java.awt.EventDispatchThread.run(EventDispatchThread.java:82)
Caused by: java.lang.RuntimeException: No such var: czs/base-url
	at clojure.lang.Util.runtimeException(Util.java:221)
	at clojure.lang.Compiler.resolveIn(Compiler.java:7273)
	at clojure.lang.Compiler.resolve(Compiler.java:7243)
	at clojure.lang.Compiler.analyzeSymbol(Compiler.java:7204)
	at clojure.lang.Compiler.analyze(Compiler.java:6752)
	... 69 more

2018.11.03 15:06:33.128 MSK INFO: Project load time for file:/Users/ru/clojure/simpro-scene/pprj_base/Cezium.pprj: 0 sec -- ProjectChooser.loadProject()
2018.11.03 15:06:33.653 MSK INFO: UI display time = 0 sec -- ProjectManager$2.run()
