2018.08.13 14:34:15.242 MSK INFO: *** SYSTEM START *** -- SystemUtilities.logSystemInfo()
2018.08.13 14:34:15.304 MSK CONFIG: Protege 3.5 Build 663, JVM 1.8.0_31-b13, memory=1908M, Mac OS X, encoding=UTF-8, language=en, country=US -- SystemUtilities.logSystemInfo()
2018.08.13 14:34:15.336 MSK WARNING: Plugins directory not found: /Users/ru/clojure/simpro-scene/plugins -- PluginUtilities.findPluginsDirectory()
2018.08.13 14:34:22.852 MSK WARNING: missing bundle: protege_text -- BundleHelper.<init>()
2018.08.13 14:34:51.991 MSK WARNING: missing bundle: standard_extensions_text -- BundleHelper.<init>()
2018.08.13 14:34:51.991 MSK WARNING: no resource bundle: tab.queries -- BundleHelper.internalGetText()
2018.08.13 14:34:56.400 MSK INFO: Load time for file:/Users/ru/clojure/simpro-scene/pprj_examples/RasterToVector.pprj = 1 sec (project) + 4 sec (ui) -- ProjectManager$3.run()
2018.08.13 14:54:19.762 MSK SEVERE: null -- java.lang.ClassCastException: clojure.lang.Symbol cannot be cast to java.lang.Number
	at clojure.lang.Numbers.lte(Numbers.java:230)
	at rtv.core$near.invokeStatic(core.clj:154)
	at rtv.core$near.invoke(core.clj:151)
	at clojure.core$eval6085$fn__6086.invoke(NO_SOURCE_FILE:0)
	at clojure.lang.AFn.applyToHelper(AFn.java:156)
	at clojure.lang.AFn.applyTo(AFn.java:144)
	at clojure.core$apply.invokeStatic(core.clj:657)
	at clojure.core$apply.invoke(core.clj:652)
	at rete.core$try_func_add_fid.invokeStatic(core.clj:357)
	at rete.core$try_func_add_fid.invoke(core.clj:355)
	at rete.core$match_ctx_amem$iter__232__236$fn__237$fn__238.invoke(core.clj:406)
	at rete.core$match_ctx_amem$iter__232__236$fn__237.invoke(core.clj:405)
	at clojure.lang.LazySeq.sval(LazySeq.java:40)
	at clojure.lang.LazySeq.seq(LazySeq.java:49)
	at clojure.lang.RT.seq(RT.java:528)
	at clojure.core$seq__5124.invokeStatic(core.clj:137)
	at clojure.core$filter$fn__5614.invoke(core.clj:2801)
	at clojure.lang.LazySeq.sval(LazySeq.java:40)
	at clojure.lang.LazySeq.seq(LazySeq.java:56)
	at clojure.lang.RT.seq(RT.java:528)
	at clojure.core$seq__5124.invokeStatic(core.clj:137)
	at clojure.core$seq__5124.invoke(core.clj:137)
	at rete.core$activate_b.invokeStatic(core.clj:458)
	at rete.core$activate_b.invoke(core.clj:449)
	at rete.core$entry_a_action.invokeStatic(core.clj:470)
	at rete.core$entry_a_action.invoke(core.clj:465)
	at rete.core$activate_a.invokeStatic(core.clj:504)
	at rete.core$activate_a.invoke(core.clj:494)
	at rete.core$modify_fact.invokeStatic(core.clj:593)
	at rete.core$modify_fact.invoke(core.clj:586)
	at rete.core$modify.invokeStatic(core.clj:684)
	at rete.core$modify.doInvoke(core.clj:679)
	at clojure.lang.RestFn.invoke(RestFn.java:521)
	at clojure.core$eval6081$fn__6082.invoke(NO_SOURCE_FILE:0)
	at clojure.lang.AFn.applyToHelper(AFn.java:160)
	at clojure.lang.AFn.applyTo(AFn.java:144)
	at clojure.core$apply.invokeStatic(core.clj:657)
	at clojure.core$apply.invoke(core.clj:652)
	at rete.core$fire_resolved.invokeStatic(core.clj:653)
	at rete.core$fire_resolved.invoke(core.clj:644)
	at rete.core$fire.invokeStatic(core.clj:663)
	at rete.core$fire.invoke(core.clj:655)
	at rete.core$fire.invokeStatic(core.clj:659)
	at rete.core$fire.invoke(core.clj:655)
	at ru.rules$fire_all_rules.invokeStatic(rules.clj:210)
	at ru.rules$fire_all_rules.invoke(rules.clj:209)
	at clojure.lang.Var.invoke(Var.java:385)
	at clojuretab.ClojureTab.invoke(ClojureTab.java:700)
	at clojuretab.ClojureActionButton$1.actionPerformed(ClojureActionButton.java:53)
	at javax.swing.AbstractButton.fireActionPerformed(AbstractButton.java:2022)
	at javax.swing.AbstractButton$Handler.actionPerformed(AbstractButton.java:2346)
	at javax.swing.DefaultButtonModel.fireActionPerformed(DefaultButtonModel.java:402)
	at javax.swing.DefaultButtonModel.setPressed(DefaultButtonModel.java:259)
	at javax.swing.plaf.basic.BasicButtonListener.mouseReleased(BasicButtonListener.java:252)
	at java.awt.Component.processMouseEvent(Component.java:6525)
	at javax.swing.JComponent.processMouseEvent(JComponent.java:3322)
	at java.awt.Component.processEvent(Component.java:6290)
	at java.awt.Container.processEvent(Container.java:2234)
	at java.awt.Component.dispatchEventImpl(Component.java:4881)
	at java.awt.Container.dispatchEventImpl(Container.java:2292)
	at java.awt.Component.dispatchEvent(Component.java:4703)
	at java.awt.LightweightDispatcher.retargetMouseEvent(Container.java:4898)
	at java.awt.LightweightDispatcher.processMouseEvent(Container.java:4533)
	at java.awt.LightweightDispatcher.dispatchEvent(Container.java:4462)
	at java.awt.Container.dispatchEventImpl(Container.java:2278)
	at java.awt.Window.dispatchEventImpl(Window.java:2739)
	at java.awt.Component.dispatchEvent(Component.java:4703)
	at java.awt.EventQueue.dispatchEventImpl(EventQueue.java:751)
	at java.awt.EventQueue.access$500(EventQueue.java:97)
	at java.awt.EventQueue$3.run(EventQueue.java:702)
	at java.awt.EventQueue$3.run(EventQueue.java:696)
	at java.security.AccessController.doPrivileged(Native Method)
	at java.security.ProtectionDomain$1.doIntersectionPrivilege(ProtectionDomain.java:75)
	at java.security.ProtectionDomain$1.doIntersectionPrivilege(ProtectionDomain.java:86)
	at java.awt.EventQueue$4.run(EventQueue.java:724)
	at java.awt.EventQueue$4.run(EventQueue.java:722)
	at java.security.AccessController.doPrivileged(Native Method)
	at java.security.ProtectionDomain$1.doIntersectionPrivilege(ProtectionDomain.java:75)
	at java.awt.EventQueue.dispatchEvent(EventQueue.java:721)
	at java.awt.EventDispatchThread.pumpOneEventForFilters(EventDispatchThread.java:201)
	at java.awt.EventDispatchThread.pumpEventsForFilter(EventDispatchThread.java:116)
	at java.awt.EventDispatchThread.pumpEventsForHierarchy(EventDispatchThread.java:105)
	at java.awt.EventDispatchThread.pumpEvents(EventDispatchThread.java:101)
	at java.awt.EventDispatchThread.pumpEvents(EventDispatchThread.java:93)
	at java.awt.EventDispatchThread.run(EventDispatchThread.java:82)

2018.08.13 14:56:43.197 MSK SEVERE: null -- java.lang.ClassCastException: clojure.lang.Symbol cannot be cast to java.lang.Number
	at clojure.lang.Numbers.lte(Numbers.java:230)
	at rtv.core$near.invokeStatic(core.clj:155)
	at rtv.core$near.invoke(core.clj:151)
	at clojure.core$eval6317$fn__6318.invoke(NO_SOURCE_FILE:0)
	at clojure.lang.AFn.applyToHelper(AFn.java:156)
	at clojure.lang.AFn.applyTo(AFn.java:144)
	at clojure.core$apply.invokeStatic(core.clj:657)
	at clojure.core$apply.invoke(core.clj:652)
	at rete.core$try_func_add_fid.invokeStatic(core.clj:357)
	at rete.core$try_func_add_fid.invoke(core.clj:355)
	at rete.core$match_ctx_amem$iter__232__236$fn__237$fn__238.invoke(core.clj:406)
	at rete.core$match_ctx_amem$iter__232__236$fn__237.invoke(core.clj:405)
	at clojure.lang.LazySeq.sval(LazySeq.java:40)
	at clojure.lang.LazySeq.seq(LazySeq.java:49)
	at clojure.lang.RT.seq(RT.java:528)
	at clojure.core$seq__5124.invokeStatic(core.clj:137)
	at clojure.core$filter$fn__5614.invoke(core.clj:2801)
	at clojure.lang.LazySeq.sval(LazySeq.java:40)
	at clojure.lang.LazySeq.seq(LazySeq.java:56)
	at clojure.lang.RT.seq(RT.java:528)
	at clojure.core$seq__5124.invokeStatic(core.clj:137)
	at clojure.core$seq__5124.invoke(core.clj:137)
	at rete.core$activate_b.invokeStatic(core.clj:458)
	at rete.core$activate_b.invoke(core.clj:449)
	at rete.core$entry_a_action.invokeStatic(core.clj:470)
	at rete.core$entry_a_action.invoke(core.clj:465)
	at rete.core$activate_a.invokeStatic(core.clj:504)
	at rete.core$activate_a.invoke(core.clj:494)
	at rete.core$modify_fact.invokeStatic(core.clj:593)
	at rete.core$modify_fact.invoke(core.clj:586)
	at rete.core$modify.invokeStatic(core.clj:684)
	at rete.core$modify.doInvoke(core.clj:679)
	at clojure.lang.RestFn.invoke(RestFn.java:521)
	at clojure.core$eval6313$fn__6314.invoke(NO_SOURCE_FILE:0)
	at clojure.lang.AFn.applyToHelper(AFn.java:160)
	at clojure.lang.AFn.applyTo(AFn.java:144)
	at clojure.core$apply.invokeStatic(core.clj:657)
	at clojure.core$apply.invoke(core.clj:652)
	at rete.core$fire_resolved.invokeStatic(core.clj:653)
	at rete.core$fire_resolved.invoke(core.clj:644)
	at rete.core$fire.invokeStatic(core.clj:663)
	at rete.core$fire.invoke(core.clj:655)
	at rete.core$fire.invokeStatic(core.clj:659)
	at rete.core$fire.invoke(core.clj:655)
	at ru.rules$fire_all_rules.invokeStatic(rules.clj:210)
	at ru.rules$fire_all_rules.invoke(rules.clj:209)
	at clojure.lang.Var.invoke(Var.java:385)
	at clojuretab.ClojureTab.invoke(ClojureTab.java:700)
	at clojuretab.ClojureActionButton$1.actionPerformed(ClojureActionButton.java:53)
	at javax.swing.AbstractButton.fireActionPerformed(AbstractButton.java:2022)
	at javax.swing.AbstractButton$Handler.actionPerformed(AbstractButton.java:2346)
	at javax.swing.DefaultButtonModel.fireActionPerformed(DefaultButtonModel.java:402)
	at javax.swing.DefaultButtonModel.setPressed(DefaultButtonModel.java:259)
	at javax.swing.plaf.basic.BasicButtonListener.mouseReleased(BasicButtonListener.java:252)
	at java.awt.Component.processMouseEvent(Component.java:6525)
	at javax.swing.JComponent.processMouseEvent(JComponent.java:3322)
	at java.awt.Component.processEvent(Component.java:6290)
	at java.awt.Container.processEvent(Container.java:2234)
	at java.awt.Component.dispatchEventImpl(Component.java:4881)
	at java.awt.Container.dispatchEventImpl(Container.java:2292)
	at java.awt.Component.dispatchEvent(Component.java:4703)
	at java.awt.LightweightDispatcher.retargetMouseEvent(Container.java:4898)
	at java.awt.LightweightDispatcher.processMouseEvent(Container.java:4533)
	at java.awt.LightweightDispatcher.dispatchEvent(Container.java:4462)
	at java.awt.Container.dispatchEventImpl(Container.java:2278)
	at java.awt.Window.dispatchEventImpl(Window.java:2739)
	at java.awt.Component.dispatchEvent(Component.java:4703)
	at java.awt.EventQueue.dispatchEventImpl(EventQueue.java:751)
	at java.awt.EventQueue.access$500(EventQueue.java:97)
	at java.awt.EventQueue$3.run(EventQueue.java:702)
	at java.awt.EventQueue$3.run(EventQueue.java:696)
	at java.security.AccessController.doPrivileged(Native Method)
	at java.security.ProtectionDomain$1.doIntersectionPrivilege(ProtectionDomain.java:75)
	at java.security.ProtectionDomain$1.doIntersectionPrivilege(ProtectionDomain.java:86)
	at java.awt.EventQueue$4.run(EventQueue.java:724)
	at java.awt.EventQueue$4.run(EventQueue.java:722)
	at java.security.AccessController.doPrivileged(Native Method)
	at java.security.ProtectionDomain$1.doIntersectionPrivilege(ProtectionDomain.java:75)
	at java.awt.EventQueue.dispatchEvent(EventQueue.java:721)
	at java.awt.EventDispatchThread.pumpOneEventForFilters(EventDispatchThread.java:201)
	at java.awt.EventDispatchThread.pumpEventsForFilter(EventDispatchThread.java:116)
	at java.awt.EventDispatchThread.pumpEventsForHierarchy(EventDispatchThread.java:105)
	at java.awt.EventDispatchThread.pumpEvents(EventDispatchThread.java:101)
	at java.awt.EventDispatchThread.pumpEvents(EventDispatchThread.java:93)
	at java.awt.EventDispatchThread.run(EventDispatchThread.java:82)

2018.08.13 17:39:32.955 MSK SEVERE: null -- java.lang.ClassCastException: java.lang.Character cannot be cast to java.lang.Number
	at rtv.core$segment$fn__8222.invoke(core.clj:145)
	at clojure.core$map$fn__5587.invoke(core.clj:2745)
	at clojure.lang.LazySeq.sval(LazySeq.java:40)
	at clojure.lang.LazySeq.seq(LazySeq.java:49)
	at clojure.lang.ChunkedCons.chunkedNext(ChunkedCons.java:59)
	at clojure.lang.ChunkedCons.next(ChunkedCons.java:43)
	at clojure.lang.PersistentVector.create(PersistentVector.java:73)
	at clojure.lang.LazilyPersistentVector.create(LazilyPersistentVector.java:44)
	at clojure.core$vec.invokeStatic(core.clj:377)
	at clojure.core$vec.invoke(core.clj:367)
	at rtv.core$segment.invokeStatic(core.clj:145)
	at rtv.core$segment.invoke(core.clj:135)
	at rtv.core$segment.invokeStatic(core.clj:149)
	at rtv.core$segment.invoke(core.clj:135)
	at clojure.core$eval10041$fn__10042.invoke(NO_SOURCE_FILE:0)
	at clojure.lang.AFn.applyToHelper(AFn.java:154)
	at clojure.lang.AFn.applyTo(AFn.java:144)
	at clojure.core$apply.invokeStatic(core.clj:657)
	at clojure.core$apply.invoke(core.clj:652)
	at rete.core$fire_resolved.invokeStatic(core.clj:653)
	at rete.core$fire_resolved.invoke(core.clj:644)
	at rete.core$fire.invokeStatic(core.clj:663)
	at rete.core$fire.invoke(core.clj:655)
	at rete.core$fire.invokeStatic(core.clj:659)
	at rete.core$fire.invoke(core.clj:655)
	at ru.rules$fire_all_rules.invokeStatic(rules.clj:210)
	at ru.rules$fire_all_rules.invoke(rules.clj:209)
	at clojure.lang.Var.invoke(Var.java:385)
	at clojuretab.ClojureTab.invoke(ClojureTab.java:700)
	at clojuretab.ClojureActionButton$1.actionPerformed(ClojureActionButton.java:53)
	at javax.swing.AbstractButton.fireActionPerformed(AbstractButton.java:2022)
	at javax.swing.AbstractButton$Handler.actionPerformed(AbstractButton.java:2346)
	at javax.swing.DefaultButtonModel.fireActionPerformed(DefaultButtonModel.java:402)
	at javax.swing.DefaultButtonModel.setPressed(DefaultButtonModel.java:259)
	at javax.swing.plaf.basic.BasicButtonListener.mouseReleased(BasicButtonListener.java:252)
	at java.awt.Component.processMouseEvent(Component.java:6525)
	at javax.swing.JComponent.processMouseEvent(JComponent.java:3322)
	at java.awt.Component.processEvent(Component.java:6290)
	at java.awt.Container.processEvent(Container.java:2234)
	at java.awt.Component.dispatchEventImpl(Component.java:4881)
	at java.awt.Container.dispatchEventImpl(Container.java:2292)
	at java.awt.Component.dispatchEvent(Component.java:4703)
	at java.awt.LightweightDispatcher.retargetMouseEvent(Container.java:4898)
	at java.awt.LightweightDispatcher.processMouseEvent(Container.java:4533)
	at java.awt.LightweightDispatcher.dispatchEvent(Container.java:4462)
	at java.awt.Container.dispatchEventImpl(Container.java:2278)
	at java.awt.Window.dispatchEventImpl(Window.java:2739)
	at java.awt.Component.dispatchEvent(Component.java:4703)
	at java.awt.EventQueue.dispatchEventImpl(EventQueue.java:751)
	at java.awt.EventQueue.access$500(EventQueue.java:97)
	at java.awt.EventQueue$3.run(EventQueue.java:702)
	at java.awt.EventQueue$3.run(EventQueue.java:696)
	at java.security.AccessController.doPrivileged(Native Method)
	at java.security.ProtectionDomain$1.doIntersectionPrivilege(ProtectionDomain.java:75)
	at java.security.ProtectionDomain$1.doIntersectionPrivilege(ProtectionDomain.java:86)
	at java.awt.EventQueue$4.run(EventQueue.java:724)
	at java.awt.EventQueue$4.run(EventQueue.java:722)
	at java.security.AccessController.doPrivileged(Native Method)
	at java.security.ProtectionDomain$1.doIntersectionPrivilege(ProtectionDomain.java:75)
	at java.awt.EventQueue.dispatchEvent(EventQueue.java:721)
	at java.awt.EventDispatchThread.pumpOneEventForFilters(EventDispatchThread.java:201)
	at java.awt.EventDispatchThread.pumpEventsForFilter(EventDispatchThread.java:116)
	at java.awt.EventDispatchThread.pumpEventsForHierarchy(EventDispatchThread.java:105)
	at java.awt.EventDispatchThread.pumpEvents(EventDispatchThread.java:101)
	at java.awt.EventDispatchThread.pumpEvents(EventDispatchThread.java:93)
	at java.awt.EventDispatchThread.run(EventDispatchThread.java:82)

