2017.10.21 19:58:07.480 MSK INFO: *** SYSTEM START *** -- SystemUtilities.logSystemInfo()
2017.10.21 19:58:07.484 MSK CONFIG: Protege 3.5 Build 663, JVM 1.8.0_31-b13, memory=1908M, Mac OS X, encoding=UTF-8, language=en, country=US -- SystemUtilities.logSystemInfo()
2017.10.21 19:58:07.680 MSK CONFIG: Loaded plugin clojuretab -- PluginUtilities.logClassLoaderInformation()
2017.10.21 19:58:07.682 MSK CONFIG: Loaded plugin edu.stanford.smi.protegex.standard_extensions - Graph Widget, Table Widget -- PluginUtilities.logClassLoaderInformation()
2017.10.21 19:58:07.715 MSK CONFIG: Loaded plugin ru.igis.omtab -- PluginUtilities.logClassLoaderInformation()
2017.10.21 19:58:08.574 MSK WARNING: missing bundle: protege_text -- BundleHelper.<init>()
2017.10.21 19:58:11.479 MSK INFO: Loaded 5000 instances: ScenarioN_ProjectKB_Class82880 -- Parser.getInstance()
2017.10.21 19:58:11.485 MSK INFO: Loaded 6000 instances: ScenarioN_ProjectKB_Class83880 -- Parser.getInstance()
2017.10.21 19:58:11.508 MSK INFO: Set type on 5000 instances: ScenarioN_ProjectKB_Class83372 -- Parser.getInstance()
2017.10.21 19:58:13.114 MSK SEVERE: non-existent slot: instance -- Parser.recordError()
2017.10.21 19:58:13.114 MSK SEVERE: non-existent slot: task_impl -- Parser.recordError()
2017.10.21 19:58:13.125 MSK SEVERE: non-existent slot: synchro -- Parser.recordError()
2017.10.21 19:58:13.138 MSK SEVERE: Undefined class: IfActionStatus found while loading instances -- Parser.recordError()
2017.10.21 19:58:13.138 MSK SEVERE: Undefined class: TaskImpl found while loading instances -- Parser.recordError()
2017.10.21 19:58:13.138 MSK SEVERE: Undefined instance: Scenario_Class580000 -- Parser.recordError()
2017.10.21 19:58:13.138 MSK SEVERE: Undefined instance: Scenario_Instance_4 -- Parser.recordError()
2017.10.21 19:58:13.138 MSK SEVERE: Undefined instance: Mission -- Parser.recordError()
2017.10.21 19:58:13.139 MSK SEVERE: Undefined instance: CompoServ_Class0 -- Parser.recordError()
2017.10.21 19:58:13.139 MSK SEVERE: Undefined instance: direction file:data/CDirect3.csv -- Parser.recordError()
2017.10.21 19:58:13.139 MSK SEVERE: Undefined instance: CompoServer_Class160000 -- Parser.recordError()
2017.10.21 19:58:13.139 MSK SEVERE: Undefined instance: Scenario_Class16 -- Parser.recordError()
2017.10.21 19:58:13.139 MSK SEVERE: Undefined instance: speed file:data/CSpeed3.csv -- Parser.recordError()
2017.10.21 19:58:13.139 MSK SEVERE: Undefined instance: Scenario_Class60000 -- Parser.recordError()
2017.10.21 19:58:13.830 MSK WARNING: Couldn't locate shape file data/shape/BoundaryLines.shp -- SpatialIndex.locateAndSetShapeData()
2017.10.21 19:58:13.831 MSK WARNING: Couldn't locate shape file data/shape/Coastlines.shp -- SpatialIndex.locateAndSetShapeData()
2017.10.21 19:58:13.832 MSK WARNING: Couldn't locate shape file data/shape/Bridges.shp -- SpatialIndex.locateAndSetShapeData()
2017.10.21 19:58:13.832 MSK WARNING: Couldn't locate shape file data/shape/MajorRailroads.shp -- SpatialIndex.locateAndSetShapeData()
2017.10.21 19:58:13.832 MSK WARNING: Couldn't locate shape file data/shape/MajorRoads.shp -- SpatialIndex.locateAndSetShapeData()
2017.10.21 19:58:13.833 MSK WARNING: Couldn't locate shape file data/shape/UrbanAreas.shp -- SpatialIndex.locateAndSetShapeData()
2017.10.21 19:58:13.833 MSK WARNING: Couldn't locate shape file data/shape/InlandWaterBodies.shp -- SpatialIndex.locateAndSetShapeData()
2017.10.21 19:58:13.834 MSK WARNING: Couldn't locate shape file data/shape/Croplands.shp -- SpatialIndex.locateAndSetShapeData()
2017.10.21 19:58:13.834 MSK WARNING: Couldn't locate shape file data/shape/Trees.shp -- SpatialIndex.locateAndSetShapeData()
2017.10.21 19:58:13.835 MSK WARNING: Couldn't locate shape file data/shape/Land.shp -- SpatialIndex.locateAndSetShapeData()
2017.10.21 19:58:13.835 MSK WARNING: Couldn't locate shape file data/shape/SeaIce.shp -- SpatialIndex.locateAndSetShapeData()
2017.10.21 19:58:13.835 MSK INFO: Failed to locate property "null.class"
  Skipping layer "null" -- LayerHandler.getLayers()
