2017.10.21 21:05:18.531 MSK INFO: *** SYSTEM START *** -- SystemUtilities.logSystemInfo()
2017.10.21 21:05:18.535 MSK CONFIG: Protege 3.5 Build 663, JVM 1.8.0_31-b13, memory=1908M, Mac OS X, encoding=UTF-8, language=en, country=US -- SystemUtilities.logSystemInfo()
2017.10.21 21:05:18.922 MSK CONFIG: Loaded plugin clojuretab -- PluginUtilities.logClassLoaderInformation()
2017.10.21 21:05:18.923 MSK CONFIG: Loaded plugin edu.stanford.smi.protegex.standard_extensions - Graph Widget, Table Widget -- PluginUtilities.logClassLoaderInformation()
2017.10.21 21:05:18.953 MSK CONFIG: Loaded plugin ru.igis.omtab -- PluginUtilities.logClassLoaderInformation()
2017.10.21 21:05:19.959 MSK WARNING: missing bundle: protege_text -- BundleHelper.<init>()
2017.10.21 21:05:24.349 MSK INFO: Loaded 5000 instances: ScenarioN_ProjectKB_Class82880 -- Parser.getInstance()
2017.10.21 21:05:24.355 MSK INFO: Loaded 6000 instances: ScenarioN_ProjectKB_Class83880 -- Parser.getInstance()
2017.10.21 21:05:24.378 MSK INFO: Set type on 5000 instances: ScenarioN_ProjectKB_Class83372 -- Parser.getInstance()
2017.10.21 21:05:25.847 MSK SEVERE: non-existent slot: params -- Parser.recordError()
2017.10.21 21:05:25.847 MSK SEVERE: non-existent slot: return-type -- Parser.recordError()
2017.10.21 21:05:25.850 MSK SEVERE: non-existent slot: resolve -- Parser.recordError()
2017.10.21 21:05:25.860 MSK SEVERE: non-existent slot: then -- Parser.recordError()
2017.10.21 21:05:25.860 MSK SEVERE: non-existent slot: when -- Parser.recordError()
2017.10.21 21:05:25.864 MSK SEVERE: non-existent slot: assert-strings -- Parser.recordError()
2017.10.21 21:05:25.864 MSK SEVERE: non-existent slot: onto-classpath -- Parser.recordError()
2017.10.21 21:05:25.864 MSK SEVERE: non-existent slot: onto-package -- Parser.recordError()
2017.10.21 21:05:25.865 MSK SEVERE: non-existent slot: onto-topclasses -- Parser.recordError()
2017.10.21 21:05:25.865 MSK SEVERE: non-existent slot: packages -- Parser.recordError()
2017.10.21 21:05:25.865 MSK SEVERE: non-existent slot: scripts -- Parser.recordError()
2017.10.21 21:05:25.865 MSK SEVERE: non-existent slot: working-memory -- Parser.recordError()
2017.10.21 21:05:25.866 MSK SEVERE: non-existent slot: globals -- Parser.recordError()
2017.10.21 21:05:25.866 MSK SEVERE: non-existent slot: imports -- Parser.recordError()
2017.10.21 21:05:25.871 MSK SEVERE: Undefined class: Global found while loading instances -- Parser.recordError()
2017.10.21 21:05:25.871 MSK SEVERE: Undefined class: ObAttributesFork found while loading instances -- Parser.recordError()
2017.10.21 21:05:25.871 MSK SEVERE: Undefined class: RuleBase found while loading instances -- Parser.recordError()
2017.10.21 21:05:25.871 MSK SEVERE: Undefined class: IfActionStatus found while loading instances -- Parser.recordError()
2017.10.21 21:05:25.872 MSK SEVERE: Undefined class: WaitEvents found while loading instances -- Parser.recordError()
2017.10.21 21:05:25.872 MSK SEVERE: Undefined class: OMCircle found while loading instances -- Parser.recordError()
2017.10.21 21:05:25.872 MSK SEVERE: Undefined class: OMText found while loading instances -- Parser.recordError()
2017.10.21 21:05:25.872 MSK SEVERE: Undefined class: Function found while loading instances -- Parser.recordError()
2017.10.21 21:05:25.872 MSK SEVERE: Undefined class: Package found while loading instances -- Parser.recordError()
2017.10.21 21:05:25.872 MSK SEVERE: Undefined class: EventFork found while loading instances -- Parser.recordError()
2017.10.21 21:05:25.873 MSK SEVERE: Undefined instance: Scenario_Instance_1 -- Parser.recordError()
2017.10.21 21:05:25.873 MSK SEVERE: Undefined instance: Scenario_Instance_4 -- Parser.recordError()
2017.10.21 21:05:25.873 MSK SEVERE: Undefined instance: Collision_Instance_250000 -- Parser.recordError()
2017.10.21 21:05:25.873 MSK SEVERE: Undefined instance: Scenario_Instance_420005 -- Parser.recordError()
2017.10.21 21:05:25.873 MSK SEVERE: Undefined instance: ScenarioAzm_Instance_10007 -- Parser.recordError()
2017.10.21 21:05:25.873 MSK SEVERE: Undefined instance: Scenario_Instance_20000 -- Parser.recordError()
2017.10.21 21:05:25.874 MSK SEVERE: Undefined instance: direction file:data/CDirect3.csv -- Parser.recordError()
2017.10.21 21:05:25.874 MSK SEVERE: Undefined instance: Scenario_Instance_50000 -- Parser.recordError()
2017.10.21 21:05:25.874 MSK SEVERE: Undefined instance: Scenario_Instance_300000 -- Parser.recordError()
2017.10.21 21:05:25.874 MSK SEVERE: Undefined instance: speed file:data/CSpeed3.csv -- Parser.recordError()
2017.10.21 21:05:25.874 MSK SEVERE: Undefined instance: Scenario_Instance_330000 -- Parser.recordError()
2017.10.21 21:05:25.874 MSK SEVERE: Undefined instance: Scenario_Instance_10007 -- Parser.recordError()
2017.10.21 21:05:25.874 MSK SEVERE: Undefined instance: Scenario_Class60000 -- Parser.recordError()
2017.10.21 21:05:25.875 MSK SEVERE: Undefined instance: Scenario_Instance_350000 -- Parser.recordError()
2017.10.21 21:05:26.518 MSK WARNING: java.lang.ClassCastException: java.lang.Integer cannot be cast to java.lang.String
	at ru.igis.omtab.OpenMapTab.getKnowledgeBaseProperties(OpenMapTab.java:178)
	at ru.igis.omtab.OpenMapTab.getKnowledgeBaseProperties(OpenMapTab.java:176)
	at ru.igis.omtab.OpenMapTab.setMap(OpenMapTab.java:136)
	at ru.igis.omtab.OpenMapTab.initialize(OpenMapTab.java:97)
	at edu.stanford.smi.protege.widget.WidgetUtilities.createTabWidget(Unknown Source)
	at edu.stanford.smi.protege.ui.ProjectView.addTab(Unknown Source)
	at edu.stanford.smi.protege.ui.ProjectView.createTabbedPane(Unknown Source)
	at edu.stanford.smi.protege.ui.ProjectView.<init>(Unknown Source)
	at edu.stanford.smi.protege.ui.ProjectManager.displayCurrentProject(Unknown Source)
	at edu.stanford.smi.protege.ui.ProjectManager.displayCurrentProject(Unknown Source)
	at edu.stanford.smi.protege.ui.ProjectManager.loadProject(Unknown Source)
	at edu.stanford.smi.protege.ui.WelcomeDialog.doOpenProject(Unknown Source)
	at edu.stanford.smi.protege.ui.WelcomeDialog.openButton_actionPerformed(Unknown Source)
	at edu.stanford.smi.protege.ui.WelcomeDialog$2.actionPerformed(Unknown Source)
	at javax.swing.AbstractButton.fireActionPerformed(AbstractButton.java:2022)
	at javax.swing.AbstractButton$Handler.actionPerformed(AbstractButton.java:2346)
	at javax.swing.DefaultButtonModel.fireActionPerformed(DefaultButtonModel.java:402)
	at javax.swing.DefaultButtonModel.setPressed(DefaultButtonModel.java:259)
	at javax.swing.plaf.basic.BasicButtonListener.mouseReleased(BasicButtonListener.java:252)
	at java.awt.AWTEventMulticaster.mouseReleased(AWTEventMulticaster.java:289)
	at java.awt.Component.processMouseEvent(Component.java:6525)
	at javax.swing.JComponent.processMouseEvent(JComponent.java:3322)
	at java.awt.Component.processEvent(Component.java:6290)
	at java.awt.Container.processEvent(Container.java:2234)
	at java.awt.Component.dispatchEventImpl(Component.java:4881)
	at java.awt.Container.dispatchEventImpl(Container.java:2292)
	at java.awt.Component.dispatchEvent(Component.java:4703)
	at java.awt.LightweightDispatcher.retargetMouseEvent(Container.java:4898)
	at java.awt.LightweightDispatcher.processMouseEvent(Container.java:4533)
	at java.awt.LightweightDispatcher.dispatchEvent(Container.java:4462)
	at java.awt.Container.dispatchEventImpl(Container.java:2278)
	at java.awt.Window.dispatchEventImpl(Window.java:2739)
	at java.awt.Component.dispatchEvent(Component.java:4703)
	at java.awt.EventQueue.dispatchEventImpl(EventQueue.java:751)
	at java.awt.EventQueue.access$500(EventQueue.java:97)
	at java.awt.EventQueue$3.run(EventQueue.java:702)
	at java.awt.EventQueue$3.run(EventQueue.java:696)
	at java.security.AccessController.doPrivileged(Native Method)
	at java.security.ProtectionDomain$1.doIntersectionPrivilege(ProtectionDomain.java:75)
	at java.security.ProtectionDomain$1.doIntersectionPrivilege(ProtectionDomain.java:86)
	at java.awt.EventQueue$4.run(EventQueue.java:724)
	at java.awt.EventQueue$4.run(EventQueue.java:722)
	at java.security.AccessController.doPrivileged(Native Method)
	at java.security.ProtectionDomain$1.doIntersectionPrivilege(ProtectionDomain.java:75)
	at java.awt.EventQueue.dispatchEvent(EventQueue.java:721)
	at java.awt.EventDispatchThread.pumpOneEventForFilters(EventDispatchThread.java:201)
	at java.awt.EventDispatchThread.pumpEventsForFilter(EventDispatchThread.java:116)
	at java.awt.EventDispatchThread.pumpEventsForFilter(EventDispatchThread.java:109)
	at java.awt.WaitDispatchSupport$2.run(WaitDispatchSupport.java:184)
	at java.awt.event.InvocationEvent.dispatch(InvocationEvent.java:311)
	at java.awt.EventQueue.dispatchEventImpl(EventQueue.java:749)
	at java.awt.EventQueue.access$500(EventQueue.java:97)
	at java.awt.EventQueue$3.run(EventQueue.java:702)
	at java.awt.EventQueue$3.run(EventQueue.java:696)
	at java.security.AccessController.doPrivileged(Native Method)
	at java.security.ProtectionDomain$1.doIntersectionPrivilege(ProtectionDomain.java:75)
	at java.awt.EventQueue.dispatchEvent(EventQueue.java:719)
	at java.awt.EventDispatchThread.pumpOneEventForFilters(EventDispatchThread.java:201)
	at java.awt.EventDispatchThread.pumpEventsForFilter(EventDispatchThread.java:116)
	at java.awt.EventDispatchThread.pumpEventsForHierarchy(EventDispatchThread.java:105)
	at java.awt.EventDispatchThread.pumpEvents(EventDispatchThread.java:101)
	at java.awt.EventDispatchThread.pumpEvents(EventDispatchThread.java:93)
	at java.awt.EventDispatchThread.run(EventDispatchThread.java:82)
 -- WidgetUtilities.createTabWidget()
2017.10.21 21:05:26.636 MSK INFO: Load time for file:/Users/ru/clojure/simpro-scene/pprj_examples/Sea.pprj = 1 sec (project) + 0 sec (ui) -- ProjectManager$3.run()
2017.10.21 21:11:26.593 MSK WARNING: java.lang.ClassCastException: java.lang.Integer cannot be cast to java.lang.String
	at ru.igis.omtab.OpenMapTab.getKnowledgeBaseProperties(OpenMapTab.java:178)
	at ru.igis.omtab.OpenMapTab.getKnowledgeBaseProperties(OpenMapTab.java:176)
	at ru.igis.omtab.OpenMapTab.setMap(OpenMapTab.java:136)
	at ru.igis.omtab.OpenMapTab.initialize(OpenMapTab.java:97)
	at edu.stanford.smi.protege.widget.WidgetUtilities.createTabWidget(Unknown Source)
	at edu.stanford.smi.protege.ui.ProjectView.addTab(Unknown Source)
	at edu.stanford.smi.protege.ui.ProjectView.addEnabledTabs(Unknown Source)
	at edu.stanford.smi.protege.ui.ProjectView.synchronizeTabbedPane(Unknown Source)
	at edu.stanford.smi.protege.ui.ProjectView.reloadPartial(Unknown Source)
	at edu.stanford.smi.protege.ui.ProjectView.reload(Unknown Source)
	at edu.stanford.smi.protege.ui.ProjectManager.reloadUI(Unknown Source)
	at edu.stanford.smi.protege.ui.ProjectManager.configureProjectRequest(Unknown Source)
	at edu.stanford.smi.protege.action.ConfigureProject.actionPerformed(Unknown Source)
	at javax.swing.AbstractButton.fireActionPerformed(AbstractButton.java:2022)
	at javax.swing.AbstractButton$Handler.actionPerformed(AbstractButton.java:2346)
	at javax.swing.DefaultButtonModel.fireActionPerformed(DefaultButtonModel.java:402)
	at javax.swing.DefaultButtonModel.setPressed(DefaultButtonModel.java:259)
	at javax.swing.AbstractButton.doClick(AbstractButton.java:376)
	at javax.swing.plaf.basic.BasicMenuItemUI.doClick(BasicMenuItemUI.java:833)
	at com.apple.laf.AquaMenuItemUI.doClick(AquaMenuItemUI.java:157)
	at javax.swing.plaf.basic.BasicMenuItemUI$Handler.mouseReleased(BasicMenuItemUI.java:877)
	at java.awt.Component.processMouseEvent(Component.java:6525)
	at javax.swing.JComponent.processMouseEvent(JComponent.java:3322)
	at java.awt.Component.processEvent(Component.java:6290)
	at java.awt.Container.processEvent(Container.java:2234)
	at java.awt.Component.dispatchEventImpl(Component.java:4881)
	at java.awt.Container.dispatchEventImpl(Container.java:2292)
	at java.awt.Component.dispatchEvent(Component.java:4703)
	at java.awt.LightweightDispatcher.retargetMouseEvent(Container.java:4898)
	at java.awt.LightweightDispatcher.processMouseEvent(Container.java:4533)
	at java.awt.LightweightDispatcher.dispatchEvent(Container.java:4462)
	at java.awt.Container.dispatchEventImpl(Container.java:2278)
	at java.awt.Window.dispatchEventImpl(Window.java:2739)
	at java.awt.Component.dispatchEvent(Component.java:4703)
	at java.awt.EventQueue.dispatchEventImpl(EventQueue.java:751)
	at java.awt.EventQueue.access$500(EventQueue.java:97)
	at java.awt.EventQueue$3.run(EventQueue.java:702)
	at java.awt.EventQueue$3.run(EventQueue.java:696)
	at java.security.AccessController.doPrivileged(Native Method)
	at java.security.ProtectionDomain$1.doIntersectionPrivilege(ProtectionDomain.java:75)
	at java.security.ProtectionDomain$1.doIntersectionPrivilege(ProtectionDomain.java:86)
	at java.awt.EventQueue$4.run(EventQueue.java:724)
	at java.awt.EventQueue$4.run(EventQueue.java:722)
	at java.security.AccessController.doPrivileged(Native Method)
	at java.security.ProtectionDomain$1.doIntersectionPrivilege(ProtectionDomain.java:75)
	at java.awt.EventQueue.dispatchEvent(EventQueue.java:721)
	at java.awt.EventDispatchThread.pumpOneEventForFilters(EventDispatchThread.java:201)
	at java.awt.EventDispatchThread.pumpEventsForFilter(EventDispatchThread.java:116)
	at java.awt.EventDispatchThread.pumpEventsForHierarchy(EventDispatchThread.java:105)
	at java.awt.EventDispatchThread.pumpEvents(EventDispatchThread.java:101)
	at java.awt.EventDispatchThread.pumpEvents(EventDispatchThread.java:93)
	at java.awt.EventDispatchThread.run(EventDispatchThread.java:82)
 -- WidgetUtilities.createTabWidget()
