2018.09.08 14:23:59.582 MSK INFO: *** SYSTEM START *** -- SystemUtilities.logSystemInfo()
2018.09.08 14:23:59.586 MSK CONFIG: Protege 3.5 Build 663, JVM 1.8.0_31-b13, memory=1908M, Mac OS X, encoding=UTF-8, language=en, country=US -- SystemUtilities.logSystemInfo()
2018.09.08 14:23:59.588 MSK WARNING: Plugins directory not found: /Users/ru/clojure/simpro-scene/plugins -- PluginUtilities.findPluginsDirectory()
2018.09.08 14:23:59.884 MSK WARNING: missing bundle: standard_extensions_text -- BundleHelper.<init>()
2018.09.08 14:23:59.887 MSK WARNING: no resource bundle: tab.queries -- BundleHelper.internalGetText()
2018.09.08 14:24:01.369 MSK WARNING: missing bundle: protege_text -- BundleHelper.<init>()
2018.09.08 14:24:09.985 MSK INFO: Load time for file:/Users/ru/clojure/simpro-scene/pprj_examples/SailExpert.pprj = 0 sec (project) + 4 sec (ui) -- ProjectManager$3.run()
2018.09.08 14:49:34.150 MSK INFO: RuNA|LayerWorker.construct(): java.lang.ArrayIndexOutOfBoundsException, 132 -- OMGraphicHandlerLayer$LayerWorker.construct()
2018.09.08 14:49:39.259 MSK INFO: RuNA|LayerWorker.construct(): java.lang.ArrayIndexOutOfBoundsException, 132 -- OMGraphicHandlerLayer$LayerWorker.construct()
2018.09.08 14:49:39.337 MSK INFO: RuNA|LayerWorker.construct(): java.lang.ArrayIndexOutOfBoundsException, 132 -- OMGraphicHandlerLayer$LayerWorker.construct()
2018.09.08 14:49:39.428 MSK INFO: RuNA|LayerWorker.construct(): java.lang.ArrayIndexOutOfBoundsException, 132 -- OMGraphicHandlerLayer$LayerWorker.construct()
2018.09.08 14:49:39.576 MSK INFO: RuNA|LayerWorker.construct(): java.lang.ArrayIndexOutOfBoundsException, 132 -- OMGraphicHandlerLayer$LayerWorker.construct()
2018.09.08 14:49:41.097 MSK INFO: RuNA|LayerWorker.construct(): java.lang.ArrayIndexOutOfBoundsException, 132 -- OMGraphicHandlerLayer$LayerWorker.construct()
2018.09.08 14:49:41.369 MSK INFO: RuNA|LayerWorker.construct(): java.lang.ArrayIndexOutOfBoundsException, 132 -- OMGraphicHandlerLayer$LayerWorker.construct()
2018.09.08 14:49:41.459 MSK INFO: RuNA|LayerWorker.construct(): java.lang.ArrayIndexOutOfBoundsException, 132 -- OMGraphicHandlerLayer$LayerWorker.construct()
2018.09.08 14:49:44.596 MSK INFO: RuNA|LayerWorker.construct(): java.lang.ArrayIndexOutOfBoundsException, 132 -- OMGraphicHandlerLayer$LayerWorker.construct()
2018.09.08 14:49:44.753 MSK INFO: RuNA|LayerWorker.construct(): java.lang.ArrayIndexOutOfBoundsException, 132 -- OMGraphicHandlerLayer$LayerWorker.construct()
2018.09.08 14:49:44.911 MSK INFO: RuNA|LayerWorker.construct(): java.lang.ArrayIndexOutOfBoundsException, 132 -- OMGraphicHandlerLayer$LayerWorker.construct()
2018.09.08 14:49:47.082 MSK INFO: RuNA|LayerWorker.construct(): java.lang.ArrayIndexOutOfBoundsException, 132 -- OMGraphicHandlerLayer$LayerWorker.construct()
2018.09.08 14:49:47.228 MSK INFO: RuNA|LayerWorker.construct(): java.lang.ArrayIndexOutOfBoundsException, 132 -- OMGraphicHandlerLayer$LayerWorker.construct()
2018.09.08 14:49:47.343 MSK INFO: RuNA|LayerWorker.construct(): java.lang.ArrayIndexOutOfBoundsException, 132 -- OMGraphicHandlerLayer$LayerWorker.construct()
2018.09.08 14:49:47.444 MSK INFO: RuNA|LayerWorker.construct(): java.lang.ArrayIndexOutOfBoundsException, 132 -- OMGraphicHandlerLayer$LayerWorker.construct()
2018.09.08 18:10:53.374 MSK INFO: RuNA|LayerWorker.construct(): java.lang.ArrayIndexOutOfBoundsException, 132 -- OMGraphicHandlerLayer$LayerWorker.construct()
2018.09.08 18:10:54.215 MSK INFO: RuNA|LayerWorker.construct(): java.lang.ArrayIndexOutOfBoundsException, 132 -- OMGraphicHandlerLayer$LayerWorker.construct()
2018.09.08 18:11:01.606 MSK INFO: RuNA|LayerWorker.construct(): java.lang.ArrayIndexOutOfBoundsException, 132 -- OMGraphicHandlerLayer$LayerWorker.construct()
2018.09.08 18:11:03.923 MSK INFO: RuNA|LayerWorker.construct(): java.lang.ArrayIndexOutOfBoundsException, 132 -- OMGraphicHandlerLayer$LayerWorker.construct()
