2019.08.07 10:16:57.464 MSK INFO: *** SYSTEM START *** -- SystemUtilities.logSystemInfo()
2019.08.07 10:16:57.473 MSK CONFIG: Protege 3.5 Build 663, JVM 11.0.2+9-LTS, memory=2076M, Linux, encoding=UTF-8, language=en, country=US -- SystemUtilities.logSystemInfo()
2019.08.07 10:16:57.572 MSK WARNING: Plugins directory not found: /home/ru/clojure/simpro-scene/plugins -- PluginUtilities.findPluginsDirectory()
2019.08.07 10:16:58.278 MSK WARNING: missing bundle: standard_extensions_text -- BundleHelper.<init>()
2019.08.07 10:16:58.281 MSK WARNING: no resource bundle: tab.queries -- BundleHelper.internalGetText()
2019.08.07 10:16:58.437 MSK WARNING: Look and feel not found:  -- SystemUtilities.setLookAndFeel()
2019.08.07 10:16:58.619 MSK WARNING: missing bundle: protege_text -- BundleHelper.<init>()
2019.08.07 10:17:03.200 MSK WARNING: Unknown class: option -- Project.loadWidgetDescriptors()
2019.08.07 10:17:04.547 MSK INFO: Load time for file:/home/ru/clojure/simpro-scene/pprj_examples/MASCampus.pprj = 0 sec (project) + 1 sec (ui) -- ProjectManager$3.run()
2019.08.07 10:21:47.439 MSK SEVERE: null -- Syntax error compiling at (clojure/mas/world.clj:20:1).
	at clojure.lang.Compiler.analyze(Compiler.java:6808)
	at clojure.lang.Compiler.analyze(Compiler.java:6745)
	at clojure.lang.Compiler$InvokeExpr.parse(Compiler.java:3820)
	at clojure.lang.Compiler.analyzeSeq(Compiler.java:7109)
	at clojure.lang.Compiler.analyze(Compiler.java:6789)
	at clojure.lang.Compiler.analyze(Compiler.java:6745)
	at clojure.lang.Compiler$BodyExpr$Parser.parse(Compiler.java:6120)
	at clojure.lang.Compiler$NewInstanceMethod.parse(Compiler.java:8553)
	at clojure.lang.Compiler$NewInstanceExpr.build(Compiler.java:8059)
	at clojure.lang.Compiler$NewInstanceExpr$DeftypeParser.parse(Compiler.java:7935)
	at clojure.lang.Compiler.analyzeSeq(Compiler.java:7107)
	at clojure.lang.Compiler.analyze(Compiler.java:6789)
	at clojure.lang.Compiler.analyze(Compiler.java:6745)
	at clojure.lang.Compiler$BodyExpr$Parser.parse(Compiler.java:6118)
	at clojure.lang.Compiler$LetExpr$Parser.parse(Compiler.java:6436)
	at clojure.lang.Compiler.analyzeSeq(Compiler.java:7107)
	at clojure.lang.Compiler.analyze(Compiler.java:6789)
	at clojure.lang.Compiler.analyze(Compiler.java:6745)
	at clojure.lang.Compiler$BodyExpr$Parser.parse(Compiler.java:6120)
	at clojure.lang.Compiler$FnMethod.parse(Compiler.java:5467)
	at clojure.lang.Compiler$FnExpr.parse(Compiler.java:4029)
	at clojure.lang.Compiler.analyzeSeq(Compiler.java:7105)
	at clojure.lang.Compiler.analyze(Compiler.java:6789)
	at clojure.lang.Compiler.eval(Compiler.java:7174)
	at clojure.lang.Compiler.load(Compiler.java:7636)
	at clojure.lang.RT.loadResourceScript(RT.java:381)
	at clojure.lang.RT.loadResourceScript(RT.java:372)
	at clojure.lang.RT.load(RT.java:459)
	at clojure.lang.RT.load(RT.java:424)
	at clojure.core$load$fn__6839.invoke(core.clj:6126)
	at clojure.core$load.invokeStatic(core.clj:6125)
	at clojure.core$load.doInvoke(core.clj:6109)
	at clojure.lang.RestFn.invoke(RestFn.java:408)
	at clojure.lang.Var.invoke(Var.java:384)
	at clojuretab.ClojureTab.loadProgram(ClojureTab.java:544)
	at clojuretab.ClojureTab.loadSelectedPrograms(ClojureTab.java:533)
	at clojuretab.ClojureTab.access$3(ClojureTab.java:529)
	at clojuretab.ClojureTab$5.actionPerformed(ClojureTab.java:255)
	at java.desktop/javax.swing.AbstractButton.fireActionPerformed(AbstractButton.java:1967)
	at java.desktop/javax.swing.AbstractButton$Handler.actionPerformed(AbstractButton.java:2308)
	at java.desktop/javax.swing.DefaultButtonModel.fireActionPerformed(DefaultButtonModel.java:405)
	at java.desktop/javax.swing.DefaultButtonModel.setPressed(DefaultButtonModel.java:262)
	at java.desktop/javax.swing.plaf.basic.BasicButtonListener.mouseReleased(BasicButtonListener.java:279)
	at java.desktop/java.awt.AWTEventMulticaster.mouseReleased(AWTEventMulticaster.java:297)
	at java.desktop/java.awt.Component.processMouseEvent(Component.java:6632)
	at java.desktop/javax.swing.JComponent.processMouseEvent(JComponent.java:3342)
	at java.desktop/java.awt.Component.processEvent(Component.java:6397)
	at java.desktop/java.awt.Container.processEvent(Container.java:2263)
	at java.desktop/java.awt.Component.dispatchEventImpl(Component.java:5008)
	at java.desktop/java.awt.Container.dispatchEventImpl(Container.java:2321)
	at java.desktop/java.awt.Component.dispatchEvent(Component.java:4840)
	at java.desktop/java.awt.LightweightDispatcher.retargetMouseEvent(Container.java:4918)
	at java.desktop/java.awt.LightweightDispatcher.processMouseEvent(Container.java:4547)
	at java.desktop/java.awt.LightweightDispatcher.dispatchEvent(Container.java:4488)
	at java.desktop/java.awt.Container.dispatchEventImpl(Container.java:2307)
	at java.desktop/java.awt.Window.dispatchEventImpl(Window.java:2772)
	at java.desktop/java.awt.Component.dispatchEvent(Component.java:4840)
	at java.desktop/java.awt.EventQueue.dispatchEventImpl(EventQueue.java:772)
	at java.desktop/java.awt.EventQueue$4.run(EventQueue.java:721)
	at java.desktop/java.awt.EventQueue$4.run(EventQueue.java:715)
	at java.base/java.security.AccessController.doPrivileged(Native Method)
	at java.base/java.security.ProtectionDomain$JavaSecurityAccessImpl.doIntersectionPrivilege(ProtectionDomain.java:85)
	at java.base/java.security.ProtectionDomain$JavaSecurityAccessImpl.doIntersectionPrivilege(ProtectionDomain.java:95)
	at java.desktop/java.awt.EventQueue$5.run(EventQueue.java:745)
	at java.desktop/java.awt.EventQueue$5.run(EventQueue.java:743)
	at java.base/java.security.AccessController.doPrivileged(Native Method)
	at java.base/java.security.ProtectionDomain$JavaSecurityAccessImpl.doIntersectionPrivilege(ProtectionDomain.java:85)
	at java.desktop/java.awt.EventQueue.dispatchEvent(EventQueue.java:742)
	at java.desktop/java.awt.EventDispatchThread.pumpOneEventForFilters(EventDispatchThread.java:203)
	at java.desktop/java.awt.EventDispatchThread.pumpEventsForFilter(EventDispatchThread.java:124)
	at java.desktop/java.awt.EventDispatchThread.pumpEventsForHierarchy(EventDispatchThread.java:113)
	at java.desktop/java.awt.EventDispatchThread.pumpEvents(EventDispatchThread.java:109)
	at java.desktop/java.awt.EventDispatchThread.pumpEvents(EventDispatchThread.java:101)
	at java.desktop/java.awt.EventDispatchThread.run(EventDispatchThread.java:90)
Caused by: java.lang.RuntimeException: Unable to resolve symbol: move in this context
	at clojure.lang.Util.runtimeException(Util.java:221)
	at clojure.lang.Compiler.resolveIn(Compiler.java:7414)
	at clojure.lang.Compiler.resolve(Compiler.java:7358)
	at clojure.lang.Compiler.analyzeSymbol(Compiler.java:7319)
	at clojure.lang.Compiler.analyze(Compiler.java:6768)
	... 73 more

2019.08.07 12:06:25.011 MSK SEVERE: null -- Syntax error compiling at (clojure/mas/world.clj:60:18).
	at clojure.lang.Compiler.analyze(Compiler.java:6808)
	at clojure.lang.Compiler.analyze(Compiler.java:6745)
	at clojure.lang.Compiler$HostExpr$Parser.parse(Compiler.java:986)
	at clojure.lang.Compiler.analyzeSeq(Compiler.java:7107)
	at clojure.lang.Compiler.analyze(Compiler.java:6789)
	at clojure.lang.Compiler.analyzeSeq(Compiler.java:7095)
	at clojure.lang.Compiler.analyze(Compiler.java:6789)
	at clojure.lang.Compiler.access$300(Compiler.java:38)
	at clojure.lang.Compiler$LetExpr$Parser.parse(Compiler.java:6384)
	at clojure.lang.Compiler.analyzeSeq(Compiler.java:7107)
	at clojure.lang.Compiler.analyze(Compiler.java:6789)
	at clojure.lang.Compiler.analyzeSeq(Compiler.java:7095)
	at clojure.lang.Compiler.analyze(Compiler.java:6789)
	at clojure.lang.Compiler.analyze(Compiler.java:6745)
	at clojure.lang.Compiler$BodyExpr$Parser.parse(Compiler.java:6118)
	at clojure.lang.Compiler.analyzeSeq(Compiler.java:7107)
	at clojure.lang.Compiler.analyze(Compiler.java:6789)
	at clojure.lang.Compiler.analyze(Compiler.java:6745)
	at clojure.lang.Compiler$IfExpr$Parser.parse(Compiler.java:2829)
	at clojure.lang.Compiler.analyzeSeq(Compiler.java:7107)
	at clojure.lang.Compiler.analyze(Compiler.java:6789)
	at clojure.lang.Compiler.analyzeSeq(Compiler.java:7095)
	at clojure.lang.Compiler.analyze(Compiler.java:6789)
	at clojure.lang.Compiler.analyze(Compiler.java:6745)
	at clojure.lang.Compiler$BodyExpr$Parser.parse(Compiler.java:6120)
	at clojure.lang.Compiler$LetExpr$Parser.parse(Compiler.java:6436)
	at clojure.lang.Compiler.analyzeSeq(Compiler.java:7107)
	at clojure.lang.Compiler.analyze(Compiler.java:6789)
	at clojure.lang.Compiler.analyzeSeq(Compiler.java:7095)
	at clojure.lang.Compiler.analyze(Compiler.java:6789)
	at clojure.lang.Compiler.analyzeSeq(Compiler.java:7095)
	at clojure.lang.Compiler.analyze(Compiler.java:6789)
	at clojure.lang.Compiler.analyze(Compiler.java:6745)
	at clojure.lang.Compiler$BodyExpr$Parser.parse(Compiler.java:6118)
	at clojure.lang.Compiler$LetExpr$Parser.parse(Compiler.java:6436)
	at clojure.lang.Compiler.analyzeSeq(Compiler.java:7107)
	at clojure.lang.Compiler.analyze(Compiler.java:6789)
	at clojure.lang.Compiler.analyzeSeq(Compiler.java:7095)
	at clojure.lang.Compiler.analyze(Compiler.java:6789)
	at clojure.lang.Compiler.analyze(Compiler.java:6745)
	at clojure.lang.Compiler$BodyExpr$Parser.parse(Compiler.java:6120)
	at clojure.lang.Compiler$NewInstanceMethod.parse(Compiler.java:8553)
	at clojure.lang.Compiler$NewInstanceExpr.build(Compiler.java:8059)
	at clojure.lang.Compiler$NewInstanceExpr$DeftypeParser.parse(Compiler.java:7935)
	at clojure.lang.Compiler.analyzeSeq(Compiler.java:7107)
	at clojure.lang.Compiler.analyze(Compiler.java:6789)
	at clojure.lang.Compiler.analyze(Compiler.java:6745)
	at clojure.lang.Compiler$BodyExpr$Parser.parse(Compiler.java:6118)
	at clojure.lang.Compiler$LetExpr$Parser.parse(Compiler.java:6436)
	at clojure.lang.Compiler.analyzeSeq(Compiler.java:7107)
	at clojure.lang.Compiler.analyze(Compiler.java:6789)
	at clojure.lang.Compiler.analyze(Compiler.java:6745)
	at clojure.lang.Compiler$BodyExpr$Parser.parse(Compiler.java:6120)
	at clojure.lang.Compiler$FnMethod.parse(Compiler.java:5467)
	at clojure.lang.Compiler$FnExpr.parse(Compiler.java:4029)
	at clojure.lang.Compiler.analyzeSeq(Compiler.java:7105)
	at clojure.lang.Compiler.analyze(Compiler.java:6789)
	at clojure.lang.Compiler.eval(Compiler.java:7174)
	at clojure.lang.Compiler.load(Compiler.java:7636)
	at clojure.lang.RT.loadResourceScript(RT.java:381)
	at clojure.lang.RT.loadResourceScript(RT.java:372)
	at clojure.lang.RT.load(RT.java:459)
	at clojure.lang.RT.load(RT.java:424)
	at clojure.core$load$fn__6839.invoke(core.clj:6126)
	at clojure.core$load.invokeStatic(core.clj:6125)
	at clojure.core$load.doInvoke(core.clj:6109)
	at clojure.lang.RestFn.invoke(RestFn.java:408)
	at clojure.lang.Var.invoke(Var.java:384)
	at clojuretab.ClojureTab.loadProgram(ClojureTab.java:544)
	at clojuretab.ClojureTab.loadSelectedPrograms(ClojureTab.java:533)
	at clojuretab.ClojureTab.access$3(ClojureTab.java:529)
	at clojuretab.ClojureTab$5.actionPerformed(ClojureTab.java:255)
	at java.desktop/javax.swing.AbstractButton.fireActionPerformed(AbstractButton.java:1967)
	at java.desktop/javax.swing.AbstractButton$Handler.actionPerformed(AbstractButton.java:2308)
	at java.desktop/javax.swing.DefaultButtonModel.fireActionPerformed(DefaultButtonModel.java:405)
	at java.desktop/javax.swing.DefaultButtonModel.setPressed(DefaultButtonModel.java:262)
	at java.desktop/javax.swing.plaf.basic.BasicButtonListener.mouseReleased(BasicButtonListener.java:279)
	at java.desktop/java.awt.AWTEventMulticaster.mouseReleased(AWTEventMulticaster.java:297)
	at java.desktop/java.awt.Component.processMouseEvent(Component.java:6632)
	at java.desktop/javax.swing.JComponent.processMouseEvent(JComponent.java:3342)
	at java.desktop/java.awt.Component.processEvent(Component.java:6397)
	at java.desktop/java.awt.Container.processEvent(Container.java:2263)
	at java.desktop/java.awt.Component.dispatchEventImpl(Component.java:5008)
	at java.desktop/java.awt.Container.dispatchEventImpl(Container.java:2321)
	at java.desktop/java.awt.Component.dispatchEvent(Component.java:4840)
	at java.desktop/java.awt.LightweightDispatcher.retargetMouseEvent(Container.java:4918)
	at java.desktop/java.awt.LightweightDispatcher.processMouseEvent(Container.java:4547)
	at java.desktop/java.awt.LightweightDispatcher.dispatchEvent(Container.java:4488)
	at java.desktop/java.awt.Container.dispatchEventImpl(Container.java:2307)
	at java.desktop/java.awt.Window.dispatchEventImpl(Window.java:2772)
	at java.desktop/java.awt.Component.dispatchEvent(Component.java:4840)
	at java.desktop/java.awt.EventQueue.dispatchEventImpl(EventQueue.java:772)
	at java.desktop/java.awt.EventQueue$4.run(EventQueue.java:721)
	at java.desktop/java.awt.EventQueue$4.run(EventQueue.java:715)
	at java.base/java.security.AccessController.doPrivileged(Native Method)
	at java.base/java.security.ProtectionDomain$JavaSecurityAccessImpl.doIntersectionPrivilege(ProtectionDomain.java:85)
	at java.base/java.security.ProtectionDomain$JavaSecurityAccessImpl.doIntersectionPrivilege(ProtectionDomain.java:95)
	at java.desktop/java.awt.EventQueue$5.run(EventQueue.java:745)
	at java.desktop/java.awt.EventQueue$5.run(EventQueue.java:743)
	at java.base/java.security.AccessController.doPrivileged(Native Method)
	at java.base/java.security.ProtectionDomain$JavaSecurityAccessImpl.doIntersectionPrivilege(ProtectionDomain.java:85)
	at java.desktop/java.awt.EventQueue.dispatchEvent(EventQueue.java:742)
	at java.desktop/java.awt.EventDispatchThread.pumpOneEventForFilters(EventDispatchThread.java:203)
	at java.desktop/java.awt.EventDispatchThread.pumpEventsForFilter(EventDispatchThread.java:124)
	at java.desktop/java.awt.EventDispatchThread.pumpEventsForHierarchy(EventDispatchThread.java:113)
	at java.desktop/java.awt.EventDispatchThread.pumpEvents(EventDispatchThread.java:109)
	at java.desktop/java.awt.EventDispatchThread.pumpEvents(EventDispatchThread.java:101)
	at java.desktop/java.awt.EventDispatchThread.run(EventDispatchThread.java:90)
Caused by: java.lang.RuntimeException: Unable to resolve symbol: fact in this context
	at clojure.lang.Util.runtimeException(Util.java:221)
	at clojure.lang.Compiler.resolveIn(Compiler.java:7414)
	at clojure.lang.Compiler.resolve(Compiler.java:7358)
	at clojure.lang.Compiler.analyzeSymbol(Compiler.java:7319)
	at clojure.lang.Compiler.analyze(Compiler.java:6768)
	... 107 more

2019.08.07 13:07:15.448 MSK SEVERE: null -- Syntax error compiling at (clojure/mas/world.clj:63:3).
	at clojure.lang.Compiler.analyze(Compiler.java:6808)
	at clojure.lang.Compiler.analyze(Compiler.java:6745)
	at clojure.lang.Compiler$HostExpr$Parser.parse(Compiler.java:986)
	at clojure.lang.Compiler.analyzeSeq(Compiler.java:7107)
	at clojure.lang.Compiler.analyze(Compiler.java:6789)
	at clojure.lang.Compiler.analyzeSeq(Compiler.java:7095)
	at clojure.lang.Compiler.analyze(Compiler.java:6789)
	at clojure.lang.Compiler.analyze(Compiler.java:6745)
	at clojure.lang.Compiler$BodyExpr$Parser.parse(Compiler.java:6118)
	at clojure.lang.Compiler$LetExpr$Parser.parse(Compiler.java:6436)
	at clojure.lang.Compiler.analyzeSeq(Compiler.java:7107)
	at clojure.lang.Compiler.analyze(Compiler.java:6789)
	at clojure.lang.Compiler.analyzeSeq(Compiler.java:7095)
	at clojure.lang.Compiler.analyze(Compiler.java:6789)
	at clojure.lang.Compiler.analyze(Compiler.java:6745)
	at clojure.lang.Compiler$BodyExpr$Parser.parse(Compiler.java:6120)
	at clojure.lang.Compiler$NewInstanceMethod.parse(Compiler.java:8553)
	at clojure.lang.Compiler$NewInstanceExpr.build(Compiler.java:8059)
	at clojure.lang.Compiler$NewInstanceExpr$DeftypeParser.parse(Compiler.java:7935)
	at clojure.lang.Compiler.analyzeSeq(Compiler.java:7107)
	at clojure.lang.Compiler.analyze(Compiler.java:6789)
	at clojure.lang.Compiler.analyze(Compiler.java:6745)
	at clojure.lang.Compiler$BodyExpr$Parser.parse(Compiler.java:6118)
	at clojure.lang.Compiler$LetExpr$Parser.parse(Compiler.java:6436)
	at clojure.lang.Compiler.analyzeSeq(Compiler.java:7107)
	at clojure.lang.Compiler.analyze(Compiler.java:6789)
	at clojure.lang.Compiler.analyze(Compiler.java:6745)
	at clojure.lang.Compiler$BodyExpr$Parser.parse(Compiler.java:6120)
	at clojure.lang.Compiler$FnMethod.parse(Compiler.java:5467)
	at clojure.lang.Compiler$FnExpr.parse(Compiler.java:4029)
	at clojure.lang.Compiler.analyzeSeq(Compiler.java:7105)
	at clojure.lang.Compiler.analyze(Compiler.java:6789)
	at clojure.lang.Compiler.eval(Compiler.java:7174)
	at clojure.lang.Compiler.load(Compiler.java:7636)
	at clojure.lang.RT.loadResourceScript(RT.java:381)
	at clojure.lang.RT.loadResourceScript(RT.java:372)
	at clojure.lang.RT.load(RT.java:459)
	at clojure.lang.RT.load(RT.java:424)
	at clojure.core$load$fn__6839.invoke(core.clj:6126)
	at clojure.core$load.invokeStatic(core.clj:6125)
	at clojure.core$load.doInvoke(core.clj:6109)
	at clojure.lang.RestFn.invoke(RestFn.java:408)
	at clojure.lang.Var.invoke(Var.java:384)
	at clojuretab.ClojureTab.loadProgram(ClojureTab.java:544)
	at clojuretab.ClojureTab.loadSelectedPrograms(ClojureTab.java:533)
	at clojuretab.ClojureTab.access$3(ClojureTab.java:529)
	at clojuretab.ClojureTab$5.actionPerformed(ClojureTab.java:255)
	at java.desktop/javax.swing.AbstractButton.fireActionPerformed(AbstractButton.java:1967)
	at java.desktop/javax.swing.AbstractButton$Handler.actionPerformed(AbstractButton.java:2308)
	at java.desktop/javax.swing.DefaultButtonModel.fireActionPerformed(DefaultButtonModel.java:405)
	at java.desktop/javax.swing.DefaultButtonModel.setPressed(DefaultButtonModel.java:262)
	at java.desktop/javax.swing.plaf.basic.BasicButtonListener.mouseReleased(BasicButtonListener.java:279)
	at java.desktop/java.awt.AWTEventMulticaster.mouseReleased(AWTEventMulticaster.java:297)
	at java.desktop/java.awt.Component.processMouseEvent(Component.java:6632)
	at java.desktop/javax.swing.JComponent.processMouseEvent(JComponent.java:3342)
	at java.desktop/java.awt.Component.processEvent(Component.java:6397)
	at java.desktop/java.awt.Container.processEvent(Container.java:2263)
	at java.desktop/java.awt.Component.dispatchEventImpl(Component.java:5008)
	at java.desktop/java.awt.Container.dispatchEventImpl(Container.java:2321)
	at java.desktop/java.awt.Component.dispatchEvent(Component.java:4840)
	at java.desktop/java.awt.LightweightDispatcher.retargetMouseEvent(Container.java:4918)
	at java.desktop/java.awt.LightweightDispatcher.processMouseEvent(Container.java:4547)
	at java.desktop/java.awt.LightweightDispatcher.dispatchEvent(Container.java:4488)
	at java.desktop/java.awt.Container.dispatchEventImpl(Container.java:2307)
	at java.desktop/java.awt.Window.dispatchEventImpl(Window.java:2772)
	at java.desktop/java.awt.Component.dispatchEvent(Component.java:4840)
	at java.desktop/java.awt.EventQueue.dispatchEventImpl(EventQueue.java:772)
	at java.desktop/java.awt.EventQueue$4.run(EventQueue.java:721)
	at java.desktop/java.awt.EventQueue$4.run(EventQueue.java:715)
	at java.base/java.security.AccessController.doPrivileged(Native Method)
	at java.base/java.security.ProtectionDomain$JavaSecurityAccessImpl.doIntersectionPrivilege(ProtectionDomain.java:85)
	at java.base/java.security.ProtectionDomain$JavaSecurityAccessImpl.doIntersectionPrivilege(ProtectionDomain.java:95)
	at java.desktop/java.awt.EventQueue$5.run(EventQueue.java:745)
	at java.desktop/java.awt.EventQueue$5.run(EventQueue.java:743)
	at java.base/java.security.AccessController.doPrivileged(Native Method)
	at java.base/java.security.ProtectionDomain$JavaSecurityAccessImpl.doIntersectionPrivilege(ProtectionDomain.java:85)
	at java.desktop/java.awt.EventQueue.dispatchEvent(EventQueue.java:742)
	at java.desktop/java.awt.EventDispatchThread.pumpOneEventForFilters(EventDispatchThread.java:203)
	at java.desktop/java.awt.EventDispatchThread.pumpEventsForFilter(EventDispatchThread.java:124)
	at java.desktop/java.awt.EventDispatchThread.pumpEventsForHierarchy(EventDispatchThread.java:113)
	at java.desktop/java.awt.EventDispatchThread.pumpEvents(EventDispatchThread.java:109)
	at java.desktop/java.awt.EventDispatchThread.pumpEvents(EventDispatchThread.java:101)
	at java.desktop/java.awt.EventDispatchThread.run(EventDispatchThread.java:90)
Caused by: java.lang.RuntimeException: Unable to resolve symbol: wstate in this context
	at clojure.lang.Util.runtimeException(Util.java:221)
	at clojure.lang.Compiler.resolveIn(Compiler.java:7414)
	at clojure.lang.Compiler.resolve(Compiler.java:7358)
	at clojure.lang.Compiler.analyzeSymbol(Compiler.java:7319)
	at clojure.lang.Compiler.analyze(Compiler.java:6768)
	... 82 more

2019.08.07 13:56:19.822 MSK SEVERE: null -- Syntax error compiling at (clojure/mas/world.clj:59:35).
	at clojure.lang.Compiler.analyze(Compiler.java:6808)
	at clojure.lang.Compiler.analyze(Compiler.java:6745)
	at clojure.lang.Compiler$InvokeExpr.parse(Compiler.java:3820)
	at clojure.lang.Compiler.analyzeSeq(Compiler.java:7109)
	at clojure.lang.Compiler.analyze(Compiler.java:6789)
	at clojure.lang.Compiler.analyze(Compiler.java:6745)
	at clojure.lang.Compiler$BodyExpr$Parser.parse(Compiler.java:6120)
	at clojure.lang.Compiler$NewInstanceMethod.parse(Compiler.java:8553)
	at clojure.lang.Compiler$NewInstanceExpr.build(Compiler.java:8059)
	at clojure.lang.Compiler$NewInstanceExpr$DeftypeParser.parse(Compiler.java:7935)
	at clojure.lang.Compiler.analyzeSeq(Compiler.java:7107)
	at clojure.lang.Compiler.analyze(Compiler.java:6789)
	at clojure.lang.Compiler.analyze(Compiler.java:6745)
	at clojure.lang.Compiler$BodyExpr$Parser.parse(Compiler.java:6118)
	at clojure.lang.Compiler$LetExpr$Parser.parse(Compiler.java:6436)
	at clojure.lang.Compiler.analyzeSeq(Compiler.java:7107)
	at clojure.lang.Compiler.analyze(Compiler.java:6789)
	at clojure.lang.Compiler.analyze(Compiler.java:6745)
	at clojure.lang.Compiler$BodyExpr$Parser.parse(Compiler.java:6120)
	at clojure.lang.Compiler$FnMethod.parse(Compiler.java:5467)
	at clojure.lang.Compiler$FnExpr.parse(Compiler.java:4029)
	at clojure.lang.Compiler.analyzeSeq(Compiler.java:7105)
	at clojure.lang.Compiler.analyze(Compiler.java:6789)
	at clojure.lang.Compiler.eval(Compiler.java:7174)
	at clojure.lang.Compiler.load(Compiler.java:7636)
	at clojure.lang.RT.loadResourceScript(RT.java:381)
	at clojure.lang.RT.loadResourceScript(RT.java:372)
	at clojure.lang.RT.load(RT.java:459)
	at clojure.lang.RT.load(RT.java:424)
	at clojure.core$load$fn__6839.invoke(core.clj:6126)
	at clojure.core$load.invokeStatic(core.clj:6125)
	at clojure.core$load.doInvoke(core.clj:6109)
	at clojure.lang.RestFn.invoke(RestFn.java:408)
	at clojure.lang.Var.invoke(Var.java:384)
	at clojuretab.ClojureTab.loadProgram(ClojureTab.java:544)
	at clojuretab.ClojureTab.loadSelectedPrograms(ClojureTab.java:533)
	at clojuretab.ClojureTab.access$3(ClojureTab.java:529)
	at clojuretab.ClojureTab$5.actionPerformed(ClojureTab.java:255)
	at java.desktop/javax.swing.AbstractButton.fireActionPerformed(AbstractButton.java:1967)
	at java.desktop/javax.swing.AbstractButton$Handler.actionPerformed(AbstractButton.java:2308)
	at java.desktop/javax.swing.DefaultButtonModel.fireActionPerformed(DefaultButtonModel.java:405)
	at java.desktop/javax.swing.DefaultButtonModel.setPressed(DefaultButtonModel.java:262)
	at java.desktop/javax.swing.plaf.basic.BasicButtonListener.mouseReleased(BasicButtonListener.java:279)
	at java.desktop/java.awt.AWTEventMulticaster.mouseReleased(AWTEventMulticaster.java:297)
	at java.desktop/java.awt.Component.processMouseEvent(Component.java:6632)
	at java.desktop/javax.swing.JComponent.processMouseEvent(JComponent.java:3342)
	at java.desktop/java.awt.Component.processEvent(Component.java:6397)
	at java.desktop/java.awt.Container.processEvent(Container.java:2263)
	at java.desktop/java.awt.Component.dispatchEventImpl(Component.java:5008)
	at java.desktop/java.awt.Container.dispatchEventImpl(Container.java:2321)
	at java.desktop/java.awt.Component.dispatchEvent(Component.java:4840)
	at java.desktop/java.awt.LightweightDispatcher.retargetMouseEvent(Container.java:4918)
	at java.desktop/java.awt.LightweightDispatcher.processMouseEvent(Container.java:4547)
	at java.desktop/java.awt.LightweightDispatcher.dispatchEvent(Container.java:4488)
	at java.desktop/java.awt.Container.dispatchEventImpl(Container.java:2307)
	at java.desktop/java.awt.Window.dispatchEventImpl(Window.java:2772)
	at java.desktop/java.awt.Component.dispatchEvent(Component.java:4840)
	at java.desktop/java.awt.EventQueue.dispatchEventImpl(EventQueue.java:772)
	at java.desktop/java.awt.EventQueue$4.run(EventQueue.java:721)
	at java.desktop/java.awt.EventQueue$4.run(EventQueue.java:715)
	at java.base/java.security.AccessController.doPrivileged(Native Method)
	at java.base/java.security.ProtectionDomain$JavaSecurityAccessImpl.doIntersectionPrivilege(ProtectionDomain.java:85)
	at java.base/java.security.ProtectionDomain$JavaSecurityAccessImpl.doIntersectionPrivilege(ProtectionDomain.java:95)
	at java.desktop/java.awt.EventQueue$5.run(EventQueue.java:745)
	at java.desktop/java.awt.EventQueue$5.run(EventQueue.java:743)
	at java.base/java.security.AccessController.doPrivileged(Native Method)
	at java.base/java.security.ProtectionDomain$JavaSecurityAccessImpl.doIntersectionPrivilege(ProtectionDomain.java:85)
	at java.desktop/java.awt.EventQueue.dispatchEvent(EventQueue.java:742)
	at java.desktop/java.awt.EventDispatchThread.pumpOneEventForFilters(EventDispatchThread.java:203)
	at java.desktop/java.awt.EventDispatchThread.pumpEventsForFilter(EventDispatchThread.java:124)
	at java.desktop/java.awt.EventDispatchThread.pumpEventsForHierarchy(EventDispatchThread.java:113)
	at java.desktop/java.awt.EventDispatchThread.pumpEvents(EventDispatchThread.java:109)
	at java.desktop/java.awt.EventDispatchThread.pumpEvents(EventDispatchThread.java:101)
	at java.desktop/java.awt.EventDispatchThread.run(EventDispatchThread.java:90)
Caused by: java.lang.RuntimeException: Unable to resolve symbol: create-display in this context
	at clojure.lang.Util.runtimeException(Util.java:221)
	at clojure.lang.Compiler.resolveIn(Compiler.java:7414)
	at clojure.lang.Compiler.resolve(Compiler.java:7358)
	at clojure.lang.Compiler.analyzeSymbol(Compiler.java:7319)
	at clojure.lang.Compiler.analyze(Compiler.java:6768)
	... 73 more

2019.08.07 15:28:38.327 MSK SEVERE: null -- Syntax error reading source at (clojure/mas/world.clj:105:73).
	at clojure.lang.Compiler.load(Compiler.java:7643)
	at clojure.lang.RT.loadResourceScript(RT.java:381)
	at clojure.lang.RT.loadResourceScript(RT.java:372)
	at clojure.lang.RT.load(RT.java:459)
	at clojure.lang.RT.load(RT.java:424)
	at clojure.core$load$fn__6839.invoke(core.clj:6126)
	at clojure.core$load.invokeStatic(core.clj:6125)
	at clojure.core$load.doInvoke(core.clj:6109)
	at clojure.lang.RestFn.invoke(RestFn.java:408)
	at clojure.lang.Var.invoke(Var.java:384)
	at clojuretab.ClojureTab.loadProgram(ClojureTab.java:544)
	at clojuretab.ClojureTab.loadSelectedPrograms(ClojureTab.java:533)
	at clojuretab.ClojureTab.access$3(ClojureTab.java:529)
	at clojuretab.ClojureTab$5.actionPerformed(ClojureTab.java:255)
	at java.desktop/javax.swing.AbstractButton.fireActionPerformed(AbstractButton.java:1967)
	at java.desktop/javax.swing.AbstractButton$Handler.actionPerformed(AbstractButton.java:2308)
	at java.desktop/javax.swing.DefaultButtonModel.fireActionPerformed(DefaultButtonModel.java:405)
	at java.desktop/javax.swing.DefaultButtonModel.setPressed(DefaultButtonModel.java:262)
	at java.desktop/javax.swing.plaf.basic.BasicButtonListener.mouseReleased(BasicButtonListener.java:279)
	at java.desktop/java.awt.AWTEventMulticaster.mouseReleased(AWTEventMulticaster.java:297)
	at java.desktop/java.awt.Component.processMouseEvent(Component.java:6632)
	at java.desktop/javax.swing.JComponent.processMouseEvent(JComponent.java:3342)
	at java.desktop/java.awt.Component.processEvent(Component.java:6397)
	at java.desktop/java.awt.Container.processEvent(Container.java:2263)
	at java.desktop/java.awt.Component.dispatchEventImpl(Component.java:5008)
	at java.desktop/java.awt.Container.dispatchEventImpl(Container.java:2321)
	at java.desktop/java.awt.Component.dispatchEvent(Component.java:4840)
	at java.desktop/java.awt.LightweightDispatcher.retargetMouseEvent(Container.java:4918)
	at java.desktop/java.awt.LightweightDispatcher.processMouseEvent(Container.java:4547)
	at java.desktop/java.awt.LightweightDispatcher.dispatchEvent(Container.java:4488)
	at java.desktop/java.awt.Container.dispatchEventImpl(Container.java:2307)
	at java.desktop/java.awt.Window.dispatchEventImpl(Window.java:2772)
	at java.desktop/java.awt.Component.dispatchEvent(Component.java:4840)
	at java.desktop/java.awt.EventQueue.dispatchEventImpl(EventQueue.java:772)
	at java.desktop/java.awt.EventQueue$4.run(EventQueue.java:721)
	at java.desktop/java.awt.EventQueue$4.run(EventQueue.java:715)
	at java.base/java.security.AccessController.doPrivileged(Native Method)
	at java.base/java.security.ProtectionDomain$JavaSecurityAccessImpl.doIntersectionPrivilege(ProtectionDomain.java:85)
	at java.base/java.security.ProtectionDomain$JavaSecurityAccessImpl.doIntersectionPrivilege(ProtectionDomain.java:95)
	at java.desktop/java.awt.EventQueue$5.run(EventQueue.java:745)
	at java.desktop/java.awt.EventQueue$5.run(EventQueue.java:743)
	at java.base/java.security.AccessController.doPrivileged(Native Method)
	at java.base/java.security.ProtectionDomain$JavaSecurityAccessImpl.doIntersectionPrivilege(ProtectionDomain.java:85)
	at java.desktop/java.awt.EventQueue.dispatchEvent(EventQueue.java:742)
	at java.desktop/java.awt.EventDispatchThread.pumpOneEventForFilters(EventDispatchThread.java:203)
	at java.desktop/java.awt.EventDispatchThread.pumpEventsForFilter(EventDispatchThread.java:124)
	at java.desktop/java.awt.EventDispatchThread.pumpEventsForHierarchy(EventDispatchThread.java:113)
	at java.desktop/java.awt.EventDispatchThread.pumpEvents(EventDispatchThread.java:109)
	at java.desktop/java.awt.EventDispatchThread.pumpEvents(EventDispatchThread.java:101)
	at java.desktop/java.awt.EventDispatchThread.run(EventDispatchThread.java:90)
Caused by: java.lang.RuntimeException: Unmatched delimiter: )
	at clojure.lang.Util.runtimeException(Util.java:221)
	at clojure.lang.LispReader$UnmatchedDelimiterReader.invoke(LispReader.java:1373)
	at clojure.lang.LispReader.read(LispReader.java:285)
	at clojure.lang.LispReader.read(LispReader.java:216)
	at clojure.lang.Compiler.load(Compiler.java:7631)
	... 49 more

2019.08.07 15:43:44.985 MSK SEVERE: null -- Syntax error compiling at (clojure/mas/world.clj:78:13).
	at clojure.lang.Compiler.analyze(Compiler.java:6808)
	at clojure.lang.Compiler.analyze(Compiler.java:6745)
	at clojure.lang.Compiler$NewExpr$Parser.parse(Compiler.java:2666)
	at clojure.lang.Compiler.analyzeSeq(Compiler.java:7107)
	at clojure.lang.Compiler.analyze(Compiler.java:6789)
	at clojure.lang.Compiler.analyzeSeq(Compiler.java:7095)
	at clojure.lang.Compiler.analyze(Compiler.java:6789)
	at clojure.lang.Compiler.access$300(Compiler.java:38)
	at clojure.lang.Compiler$LetExpr$Parser.parse(Compiler.java:6384)
	at clojure.lang.Compiler.analyzeSeq(Compiler.java:7107)
	at clojure.lang.Compiler.analyze(Compiler.java:6789)
	at clojure.lang.Compiler.analyzeSeq(Compiler.java:7095)
	at clojure.lang.Compiler.analyze(Compiler.java:6789)
	at clojure.lang.Compiler.analyze(Compiler.java:6745)
	at clojure.lang.Compiler$BodyExpr$Parser.parse(Compiler.java:6120)
	at clojure.lang.Compiler$FnMethod.parse(Compiler.java:5467)
	at clojure.lang.Compiler$FnExpr.parse(Compiler.java:4029)
	at clojure.lang.Compiler.analyzeSeq(Compiler.java:7105)
	at clojure.lang.Compiler.analyze(Compiler.java:6789)
	at clojure.lang.Compiler.analyzeSeq(Compiler.java:7095)
	at clojure.lang.Compiler.analyze(Compiler.java:6789)
	at clojure.lang.Compiler.access$300(Compiler.java:38)
	at clojure.lang.Compiler$DefExpr$Parser.parse(Compiler.java:596)
	at clojure.lang.Compiler.analyzeSeq(Compiler.java:7107)
	at clojure.lang.Compiler.analyze(Compiler.java:6789)
	at clojure.lang.Compiler.analyze(Compiler.java:6745)
	at clojure.lang.Compiler.eval(Compiler.java:7181)
	at clojure.lang.Compiler.load(Compiler.java:7636)
	at clojure.lang.RT.loadResourceScript(RT.java:381)
	at clojure.lang.RT.loadResourceScript(RT.java:372)
	at clojure.lang.RT.load(RT.java:459)
	at clojure.lang.RT.load(RT.java:424)
	at clojure.core$load$fn__6839.invoke(core.clj:6126)
	at clojure.core$load.invokeStatic(core.clj:6125)
	at clojure.core$load.doInvoke(core.clj:6109)
	at clojure.lang.RestFn.invoke(RestFn.java:408)
	at clojure.lang.Var.invoke(Var.java:384)
	at clojuretab.ClojureTab.loadProgram(ClojureTab.java:544)
	at clojuretab.ClojureTab.loadSelectedPrograms(ClojureTab.java:533)
	at clojuretab.ClojureTab.access$3(ClojureTab.java:529)
	at clojuretab.ClojureTab$5.actionPerformed(ClojureTab.java:255)
	at java.desktop/javax.swing.AbstractButton.fireActionPerformed(AbstractButton.java:1967)
	at java.desktop/javax.swing.AbstractButton$Handler.actionPerformed(AbstractButton.java:2308)
	at java.desktop/javax.swing.DefaultButtonModel.fireActionPerformed(DefaultButtonModel.java:405)
	at java.desktop/javax.swing.DefaultButtonModel.setPressed(DefaultButtonModel.java:262)
	at java.desktop/javax.swing.plaf.basic.BasicButtonListener.mouseReleased(BasicButtonListener.java:279)
	at java.desktop/java.awt.AWTEventMulticaster.mouseReleased(AWTEventMulticaster.java:297)
	at java.desktop/java.awt.Component.processMouseEvent(Component.java:6632)
	at java.desktop/javax.swing.JComponent.processMouseEvent(JComponent.java:3342)
	at java.desktop/java.awt.Component.processEvent(Component.java:6397)
	at java.desktop/java.awt.Container.processEvent(Container.java:2263)
	at java.desktop/java.awt.Component.dispatchEventImpl(Component.java:5008)
	at java.desktop/java.awt.Container.dispatchEventImpl(Container.java:2321)
	at java.desktop/java.awt.Component.dispatchEvent(Component.java:4840)
	at java.desktop/java.awt.LightweightDispatcher.retargetMouseEvent(Container.java:4918)
	at java.desktop/java.awt.LightweightDispatcher.processMouseEvent(Container.java:4547)
	at java.desktop/java.awt.LightweightDispatcher.dispatchEvent(Container.java:4488)
	at java.desktop/java.awt.Container.dispatchEventImpl(Container.java:2307)
	at java.desktop/java.awt.Window.dispatchEventImpl(Window.java:2772)
	at java.desktop/java.awt.Component.dispatchEvent(Component.java:4840)
	at java.desktop/java.awt.EventQueue.dispatchEventImpl(EventQueue.java:772)
	at java.desktop/java.awt.EventQueue$4.run(EventQueue.java:721)
	at java.desktop/java.awt.EventQueue$4.run(EventQueue.java:715)
	at java.base/java.security.AccessController.doPrivileged(Native Method)
	at java.base/java.security.ProtectionDomain$JavaSecurityAccessImpl.doIntersectionPrivilege(ProtectionDomain.java:85)
	at java.base/java.security.ProtectionDomain$JavaSecurityAccessImpl.doIntersectionPrivilege(ProtectionDomain.java:95)
	at java.desktop/java.awt.EventQueue$5.run(EventQueue.java:745)
	at java.desktop/java.awt.EventQueue$5.run(EventQueue.java:743)
	at java.base/java.security.AccessController.doPrivileged(Native Method)
	at java.base/java.security.ProtectionDomain$JavaSecurityAccessImpl.doIntersectionPrivilege(ProtectionDomain.java:85)
	at java.desktop/java.awt.EventQueue.dispatchEvent(EventQueue.java:742)
	at java.desktop/java.awt.EventDispatchThread.pumpOneEventForFilters(EventDispatchThread.java:203)
	at java.desktop/java.awt.EventDispatchThread.pumpEventsForFilter(EventDispatchThread.java:124)
	at java.desktop/java.awt.EventDispatchThread.pumpEventsForHierarchy(EventDispatchThread.java:113)
	at java.desktop/java.awt.EventDispatchThread.pumpEvents(EventDispatchThread.java:109)
	at java.desktop/java.awt.EventDispatchThread.pumpEvents(EventDispatchThread.java:101)
	at java.desktop/java.awt.EventDispatchThread.run(EventDispatchThread.java:90)
Caused by: java.lang.RuntimeException: Unable to resolve symbol: point in this context
	at clojure.lang.Util.runtimeException(Util.java:221)
	at clojure.lang.Compiler.resolveIn(Compiler.java:7414)
	at clojure.lang.Compiler.resolve(Compiler.java:7358)
	at clojure.lang.Compiler.analyzeSymbol(Compiler.java:7319)
	at clojure.lang.Compiler.analyze(Compiler.java:6768)
	... 76 more

2019.08.07 17:20:13.839 MSK SEVERE: null -- Syntax error compiling at (clojure/mas/world.clj:113:9).
	at clojure.lang.Compiler.analyze(Compiler.java:6808)
	at clojure.lang.Compiler.analyze(Compiler.java:6745)
	at clojure.lang.Compiler$HostExpr$Parser.parse(Compiler.java:986)
	at clojure.lang.Compiler.analyzeSeq(Compiler.java:7107)
	at clojure.lang.Compiler.analyze(Compiler.java:6789)
	at clojure.lang.Compiler.analyzeSeq(Compiler.java:7095)
	at clojure.lang.Compiler.analyze(Compiler.java:6789)
	at clojure.lang.Compiler.analyze(Compiler.java:6745)
	at clojure.lang.Compiler$AssignExpr$Parser.parse(Compiler.java:632)
	at clojure.lang.Compiler.analyzeSeq(Compiler.java:7107)
	at clojure.lang.Compiler.analyze(Compiler.java:6789)
	at clojure.lang.Compiler.analyze(Compiler.java:6745)
	at clojure.lang.Compiler$BodyExpr$Parser.parse(Compiler.java:6118)
	at clojure.lang.Compiler$LetExpr$Parser.parse(Compiler.java:6436)
	at clojure.lang.Compiler.analyzeSeq(Compiler.java:7107)
	at clojure.lang.Compiler.analyze(Compiler.java:6789)
	at clojure.lang.Compiler.analyzeSeq(Compiler.java:7095)
	at clojure.lang.Compiler.analyze(Compiler.java:6789)
	at clojure.lang.Compiler.analyze(Compiler.java:6745)
	at clojure.lang.Compiler$BodyExpr$Parser.parse(Compiler.java:6120)
	at clojure.lang.Compiler$FnMethod.parse(Compiler.java:5467)
	at clojure.lang.Compiler$FnExpr.parse(Compiler.java:4029)
	at clojure.lang.Compiler.analyzeSeq(Compiler.java:7105)
	at clojure.lang.Compiler.analyze(Compiler.java:6789)
	at clojure.lang.Compiler.analyzeSeq(Compiler.java:7095)
	at clojure.lang.Compiler.analyze(Compiler.java:6789)
	at clojure.lang.Compiler.access$300(Compiler.java:38)
	at clojure.lang.Compiler$DefExpr$Parser.parse(Compiler.java:596)
	at clojure.lang.Compiler.analyzeSeq(Compiler.java:7107)
	at clojure.lang.Compiler.analyze(Compiler.java:6789)
	at clojure.lang.Compiler.analyze(Compiler.java:6745)
	at clojure.lang.Compiler.eval(Compiler.java:7181)
	at clojure.lang.Compiler.load(Compiler.java:7636)
	at clojure.lang.RT.loadResourceScript(RT.java:381)
	at clojure.lang.RT.loadResourceScript(RT.java:372)
	at clojure.lang.RT.load(RT.java:459)
	at clojure.lang.RT.load(RT.java:424)
	at clojure.core$load$fn__6839.invoke(core.clj:6126)
	at clojure.core$load.invokeStatic(core.clj:6125)
	at clojure.core$load.doInvoke(core.clj:6109)
	at clojure.lang.RestFn.invoke(RestFn.java:408)
	at clojure.lang.Var.invoke(Var.java:384)
	at clojuretab.ClojureTab.loadProgram(ClojureTab.java:544)
	at clojuretab.ClojureTab.loadSelectedPrograms(ClojureTab.java:533)
	at clojuretab.ClojureTab.access$3(ClojureTab.java:529)
	at clojuretab.ClojureTab$5.actionPerformed(ClojureTab.java:255)
	at java.desktop/javax.swing.AbstractButton.fireActionPerformed(AbstractButton.java:1967)
	at java.desktop/javax.swing.AbstractButton$Handler.actionPerformed(AbstractButton.java:2308)
	at java.desktop/javax.swing.DefaultButtonModel.fireActionPerformed(DefaultButtonModel.java:405)
	at java.desktop/javax.swing.DefaultButtonModel.setPressed(DefaultButtonModel.java:262)
	at java.desktop/javax.swing.plaf.basic.BasicButtonListener.mouseReleased(BasicButtonListener.java:279)
	at java.desktop/java.awt.AWTEventMulticaster.mouseReleased(AWTEventMulticaster.java:297)
	at java.desktop/java.awt.Component.processMouseEvent(Component.java:6632)
	at java.desktop/javax.swing.JComponent.processMouseEvent(JComponent.java:3342)
	at java.desktop/java.awt.Component.processEvent(Component.java:6397)
	at java.desktop/java.awt.Container.processEvent(Container.java:2263)
	at java.desktop/java.awt.Component.dispatchEventImpl(Component.java:5008)
	at java.desktop/java.awt.Container.dispatchEventImpl(Container.java:2321)
	at java.desktop/java.awt.Component.dispatchEvent(Component.java:4840)
	at java.desktop/java.awt.LightweightDispatcher.retargetMouseEvent(Container.java:4918)
	at java.desktop/java.awt.LightweightDispatcher.processMouseEvent(Container.java:4547)
	at java.desktop/java.awt.LightweightDispatcher.dispatchEvent(Container.java:4488)
	at java.desktop/java.awt.Container.dispatchEventImpl(Container.java:2307)
	at java.desktop/java.awt.Window.dispatchEventImpl(Window.java:2772)
	at java.desktop/java.awt.Component.dispatchEvent(Component.java:4840)
	at java.desktop/java.awt.EventQueue.dispatchEventImpl(EventQueue.java:772)
	at java.desktop/java.awt.EventQueue$4.run(EventQueue.java:721)
	at java.desktop/java.awt.EventQueue$4.run(EventQueue.java:715)
	at java.base/java.security.AccessController.doPrivileged(Native Method)
	at java.base/java.security.ProtectionDomain$JavaSecurityAccessImpl.doIntersectionPrivilege(ProtectionDomain.java:85)
	at java.base/java.security.ProtectionDomain$JavaSecurityAccessImpl.doIntersectionPrivilege(ProtectionDomain.java:95)
	at java.desktop/java.awt.EventQueue$5.run(EventQueue.java:745)
	at java.desktop/java.awt.EventQueue$5.run(EventQueue.java:743)
	at java.base/java.security.AccessController.doPrivileged(Native Method)
	at java.base/java.security.ProtectionDomain$JavaSecurityAccessImpl.doIntersectionPrivilege(ProtectionDomain.java:85)
	at java.desktop/java.awt.EventQueue.dispatchEvent(EventQueue.java:742)
	at java.desktop/java.awt.EventDispatchThread.pumpOneEventForFilters(EventDispatchThread.java:203)
	at java.desktop/java.awt.EventDispatchThread.pumpEventsForFilter(EventDispatchThread.java:124)
	at java.desktop/java.awt.EventDispatchThread.pumpEventsForHierarchy(EventDispatchThread.java:113)
	at java.desktop/java.awt.EventDispatchThread.pumpEvents(EventDispatchThread.java:109)
	at java.desktop/java.awt.EventDispatchThread.pumpEvents(EventDispatchThread.java:101)
	at java.desktop/java.awt.EventDispatchThread.run(EventDispatchThread.java:90)
Caused by: java.lang.RuntimeException: Unable to resolve symbol: loc in this context
	at clojure.lang.Util.runtimeException(Util.java:221)
	at clojure.lang.Compiler.resolveIn(Compiler.java:7414)
	at clojure.lang.Compiler.resolve(Compiler.java:7358)
	at clojure.lang.Compiler.analyzeSymbol(Compiler.java:7319)
	at clojure.lang.Compiler.analyze(Compiler.java:6768)
	... 81 more

2019.08.07 17:58:10.728 MSK SEVERE: null -- Syntax error compiling at (clojure/mas/world.clj:113:9).
	at clojure.lang.Compiler.analyze(Compiler.java:6808)
	at clojure.lang.Compiler.analyze(Compiler.java:6745)
	at clojure.lang.Compiler$HostExpr$Parser.parse(Compiler.java:986)
	at clojure.lang.Compiler.analyzeSeq(Compiler.java:7107)
	at clojure.lang.Compiler.analyze(Compiler.java:6789)
	at clojure.lang.Compiler.analyzeSeq(Compiler.java:7095)
	at clojure.lang.Compiler.analyze(Compiler.java:6789)
	at clojure.lang.Compiler.analyze(Compiler.java:6745)
	at clojure.lang.Compiler$AssignExpr$Parser.parse(Compiler.java:632)
	at clojure.lang.Compiler.analyzeSeq(Compiler.java:7107)
	at clojure.lang.Compiler.analyze(Compiler.java:6789)
	at clojure.lang.Compiler.analyze(Compiler.java:6745)
	at clojure.lang.Compiler$BodyExpr$Parser.parse(Compiler.java:6118)
	at clojure.lang.Compiler$LetExpr$Parser.parse(Compiler.java:6436)
	at clojure.lang.Compiler.analyzeSeq(Compiler.java:7107)
	at clojure.lang.Compiler.analyze(Compiler.java:6789)
	at clojure.lang.Compiler.analyzeSeq(Compiler.java:7095)
	at clojure.lang.Compiler.analyze(Compiler.java:6789)
	at clojure.lang.Compiler.analyze(Compiler.java:6745)
	at clojure.lang.Compiler$BodyExpr$Parser.parse(Compiler.java:6120)
	at clojure.lang.Compiler$FnMethod.parse(Compiler.java:5467)
	at clojure.lang.Compiler$FnExpr.parse(Compiler.java:4029)
	at clojure.lang.Compiler.analyzeSeq(Compiler.java:7105)
	at clojure.lang.Compiler.analyze(Compiler.java:6789)
	at clojure.lang.Compiler.analyzeSeq(Compiler.java:7095)
	at clojure.lang.Compiler.analyze(Compiler.java:6789)
	at clojure.lang.Compiler.access$300(Compiler.java:38)
	at clojure.lang.Compiler$DefExpr$Parser.parse(Compiler.java:596)
	at clojure.lang.Compiler.analyzeSeq(Compiler.java:7107)
	at clojure.lang.Compiler.analyze(Compiler.java:6789)
	at clojure.lang.Compiler.analyze(Compiler.java:6745)
	at clojure.lang.Compiler.eval(Compiler.java:7181)
	at clojure.lang.Compiler.load(Compiler.java:7636)
	at clojure.lang.RT.loadResourceScript(RT.java:381)
	at clojure.lang.RT.loadResourceScript(RT.java:372)
	at clojure.lang.RT.load(RT.java:459)
	at clojure.lang.RT.load(RT.java:424)
	at clojure.core$load$fn__6839.invoke(core.clj:6126)
	at clojure.core$load.invokeStatic(core.clj:6125)
	at clojure.core$load.doInvoke(core.clj:6109)
	at clojure.lang.RestFn.invoke(RestFn.java:408)
	at clojure.lang.Var.invoke(Var.java:384)
	at clojuretab.ClojureTab.loadProgram(ClojureTab.java:544)
	at clojuretab.ClojureTab.loadSelectedPrograms(ClojureTab.java:533)
	at clojuretab.ClojureTab.access$3(ClojureTab.java:529)
	at clojuretab.ClojureTab$5.actionPerformed(ClojureTab.java:255)
	at java.desktop/javax.swing.AbstractButton.fireActionPerformed(AbstractButton.java:1967)
	at java.desktop/javax.swing.AbstractButton$Handler.actionPerformed(AbstractButton.java:2308)
	at java.desktop/javax.swing.DefaultButtonModel.fireActionPerformed(DefaultButtonModel.java:405)
	at java.desktop/javax.swing.DefaultButtonModel.setPressed(DefaultButtonModel.java:262)
	at java.desktop/javax.swing.plaf.basic.BasicButtonListener.mouseReleased(BasicButtonListener.java:279)
	at java.desktop/java.awt.AWTEventMulticaster.mouseReleased(AWTEventMulticaster.java:297)
	at java.desktop/java.awt.Component.processMouseEvent(Component.java:6632)
	at java.desktop/javax.swing.JComponent.processMouseEvent(JComponent.java:3342)
	at java.desktop/java.awt.Component.processEvent(Component.java:6397)
	at java.desktop/java.awt.Container.processEvent(Container.java:2263)
	at java.desktop/java.awt.Component.dispatchEventImpl(Component.java:5008)
	at java.desktop/java.awt.Container.dispatchEventImpl(Container.java:2321)
	at java.desktop/java.awt.Component.dispatchEvent(Component.java:4840)
	at java.desktop/java.awt.LightweightDispatcher.retargetMouseEvent(Container.java:4918)
	at java.desktop/java.awt.LightweightDispatcher.processMouseEvent(Container.java:4547)
	at java.desktop/java.awt.LightweightDispatcher.dispatchEvent(Container.java:4488)
	at java.desktop/java.awt.Container.dispatchEventImpl(Container.java:2307)
	at java.desktop/java.awt.Window.dispatchEventImpl(Window.java:2772)
	at java.desktop/java.awt.Component.dispatchEvent(Component.java:4840)
	at java.desktop/java.awt.EventQueue.dispatchEventImpl(EventQueue.java:772)
	at java.desktop/java.awt.EventQueue$4.run(EventQueue.java:721)
	at java.desktop/java.awt.EventQueue$4.run(EventQueue.java:715)
	at java.base/java.security.AccessController.doPrivileged(Native Method)
	at java.base/java.security.ProtectionDomain$JavaSecurityAccessImpl.doIntersectionPrivilege(ProtectionDomain.java:85)
	at java.base/java.security.ProtectionDomain$JavaSecurityAccessImpl.doIntersectionPrivilege(ProtectionDomain.java:95)
	at java.desktop/java.awt.EventQueue$5.run(EventQueue.java:745)
	at java.desktop/java.awt.EventQueue$5.run(EventQueue.java:743)
	at java.base/java.security.AccessController.doPrivileged(Native Method)
	at java.base/java.security.ProtectionDomain$JavaSecurityAccessImpl.doIntersectionPrivilege(ProtectionDomain.java:85)
	at java.desktop/java.awt.EventQueue.dispatchEvent(EventQueue.java:742)
	at java.desktop/java.awt.EventDispatchThread.pumpOneEventForFilters(EventDispatchThread.java:203)
	at java.desktop/java.awt.EventDispatchThread.pumpEventsForFilter(EventDispatchThread.java:124)
	at java.desktop/java.awt.EventDispatchThread.pumpEventsForHierarchy(EventDispatchThread.java:113)
	at java.desktop/java.awt.EventDispatchThread.pumpEvents(EventDispatchThread.java:109)
	at java.desktop/java.awt.EventDispatchThread.pumpEvents(EventDispatchThread.java:101)
	at java.desktop/java.awt.EventDispatchThread.run(EventDispatchThread.java:90)
Caused by: java.lang.RuntimeException: Unable to resolve symbol: loc in this context
	at clojure.lang.Util.runtimeException(Util.java:221)
	at clojure.lang.Compiler.resolveIn(Compiler.java:7414)
	at clojure.lang.Compiler.resolve(Compiler.java:7358)
	at clojure.lang.Compiler.analyzeSymbol(Compiler.java:7319)
	at clojure.lang.Compiler.analyze(Compiler.java:6768)
	... 81 more

2019.08.07 18:00:20.666 MSK SEVERE: null -- Syntax error compiling at (clojure/mas/world.clj:100:3).
	at clojure.lang.Compiler.analyze(Compiler.java:6808)
	at clojure.lang.Compiler.analyze(Compiler.java:6745)
	at clojure.lang.Compiler$MapExpr.parse(Compiler.java:3104)
	at clojure.lang.Compiler.analyze(Compiler.java:6797)
	at clojure.lang.Compiler.analyze(Compiler.java:6745)
	at clojure.lang.Compiler$BodyExpr$Parser.parse(Compiler.java:6120)
	at clojure.lang.Compiler$LetExpr$Parser.parse(Compiler.java:6436)
	at clojure.lang.Compiler.analyzeSeq(Compiler.java:7107)
	at clojure.lang.Compiler.analyze(Compiler.java:6789)
	at clojure.lang.Compiler.analyzeSeq(Compiler.java:7095)
	at clojure.lang.Compiler.analyze(Compiler.java:6789)
	at clojure.lang.Compiler.analyze(Compiler.java:6745)
	at clojure.lang.Compiler$BodyExpr$Parser.parse(Compiler.java:6120)
	at clojure.lang.Compiler$FnMethod.parse(Compiler.java:5467)
	at clojure.lang.Compiler$FnExpr.parse(Compiler.java:4029)
	at clojure.lang.Compiler.analyzeSeq(Compiler.java:7105)
	at clojure.lang.Compiler.analyze(Compiler.java:6789)
	at clojure.lang.Compiler.analyzeSeq(Compiler.java:7095)
	at clojure.lang.Compiler.analyze(Compiler.java:6789)
	at clojure.lang.Compiler.access$300(Compiler.java:38)
	at clojure.lang.Compiler$DefExpr$Parser.parse(Compiler.java:596)
	at clojure.lang.Compiler.analyzeSeq(Compiler.java:7107)
	at clojure.lang.Compiler.analyze(Compiler.java:6789)
	at clojure.lang.Compiler.analyze(Compiler.java:6745)
	at clojure.lang.Compiler.eval(Compiler.java:7181)
	at clojure.lang.Compiler.load(Compiler.java:7636)
	at clojure.lang.RT.loadResourceScript(RT.java:381)
	at clojure.lang.RT.loadResourceScript(RT.java:372)
	at clojure.lang.RT.load(RT.java:459)
	at clojure.lang.RT.load(RT.java:424)
	at clojure.core$load$fn__6839.invoke(core.clj:6126)
	at clojure.core$load.invokeStatic(core.clj:6125)
	at clojure.core$load.doInvoke(core.clj:6109)
	at clojure.lang.RestFn.invoke(RestFn.java:408)
	at clojure.lang.Var.invoke(Var.java:384)
	at clojuretab.ClojureTab.loadProgram(ClojureTab.java:544)
	at clojuretab.ClojureTab.loadSelectedPrograms(ClojureTab.java:533)
	at clojuretab.ClojureTab.access$3(ClojureTab.java:529)
	at clojuretab.ClojureTab$5.actionPerformed(ClojureTab.java:255)
	at java.desktop/javax.swing.AbstractButton.fireActionPerformed(AbstractButton.java:1967)
	at java.desktop/javax.swing.AbstractButton$Handler.actionPerformed(AbstractButton.java:2308)
	at java.desktop/javax.swing.DefaultButtonModel.fireActionPerformed(DefaultButtonModel.java:405)
	at java.desktop/javax.swing.DefaultButtonModel.setPressed(DefaultButtonModel.java:262)
	at java.desktop/javax.swing.plaf.basic.BasicButtonListener.mouseReleased(BasicButtonListener.java:279)
	at java.desktop/java.awt.AWTEventMulticaster.mouseReleased(AWTEventMulticaster.java:297)
	at java.desktop/java.awt.Component.processMouseEvent(Component.java:6632)
	at java.desktop/javax.swing.JComponent.processMouseEvent(JComponent.java:3342)
	at java.desktop/java.awt.Component.processEvent(Component.java:6397)
	at java.desktop/java.awt.Container.processEvent(Container.java:2263)
	at java.desktop/java.awt.Component.dispatchEventImpl(Component.java:5008)
	at java.desktop/java.awt.Container.dispatchEventImpl(Container.java:2321)
	at java.desktop/java.awt.Component.dispatchEvent(Component.java:4840)
	at java.desktop/java.awt.LightweightDispatcher.retargetMouseEvent(Container.java:4918)
	at java.desktop/java.awt.LightweightDispatcher.processMouseEvent(Container.java:4547)
	at java.desktop/java.awt.LightweightDispatcher.dispatchEvent(Container.java:4488)
	at java.desktop/java.awt.Container.dispatchEventImpl(Container.java:2307)
	at java.desktop/java.awt.Window.dispatchEventImpl(Window.java:2772)
	at java.desktop/java.awt.Component.dispatchEvent(Component.java:4840)
	at java.desktop/java.awt.EventQueue.dispatchEventImpl(EventQueue.java:772)
	at java.desktop/java.awt.EventQueue$4.run(EventQueue.java:721)
	at java.desktop/java.awt.EventQueue$4.run(EventQueue.java:715)
	at java.base/java.security.AccessController.doPrivileged(Native Method)
	at java.base/java.security.ProtectionDomain$JavaSecurityAccessImpl.doIntersectionPrivilege(ProtectionDomain.java:85)
	at java.base/java.security.ProtectionDomain$JavaSecurityAccessImpl.doIntersectionPrivilege(ProtectionDomain.java:95)
	at java.desktop/java.awt.EventQueue$5.run(EventQueue.java:745)
	at java.desktop/java.awt.EventQueue$5.run(EventQueue.java:743)
	at java.base/java.security.AccessController.doPrivileged(Native Method)
	at java.base/java.security.ProtectionDomain$JavaSecurityAccessImpl.doIntersectionPrivilege(ProtectionDomain.java:85)
	at java.desktop/java.awt.EventQueue.dispatchEvent(EventQueue.java:742)
	at java.desktop/java.awt.EventDispatchThread.pumpOneEventForFilters(EventDispatchThread.java:203)
	at java.desktop/java.awt.EventDispatchThread.pumpEventsForFilter(EventDispatchThread.java:124)
	at java.desktop/java.awt.EventDispatchThread.pumpEventsForHierarchy(EventDispatchThread.java:113)
	at java.desktop/java.awt.EventDispatchThread.pumpEvents(EventDispatchThread.java:109)
	at java.desktop/java.awt.EventDispatchThread.pumpEvents(EventDispatchThread.java:101)
	at java.desktop/java.awt.EventDispatchThread.run(EventDispatchThread.java:90)
Caused by: java.lang.RuntimeException: Unable to resolve symbol: loc in this context
	at clojure.lang.Util.runtimeException(Util.java:221)
	at clojure.lang.Compiler.resolveIn(Compiler.java:7414)
	at clojure.lang.Compiler.resolve(Compiler.java:7358)
	at clojure.lang.Compiler.analyzeSymbol(Compiler.java:7319)
	at clojure.lang.Compiler.analyze(Compiler.java:6768)
	... 74 more

2019.08.07 18:01:28.764 MSK SEVERE: null -- Syntax error compiling at (clojure/mas/world.clj:100:3).
	at clojure.lang.Compiler.analyze(Compiler.java:6808)
	at clojure.lang.Compiler.analyze(Compiler.java:6745)
	at clojure.lang.Compiler$MapExpr.parse(Compiler.java:3104)
	at clojure.lang.Compiler.analyze(Compiler.java:6797)
	at clojure.lang.Compiler.analyze(Compiler.java:6745)
	at clojure.lang.Compiler$BodyExpr$Parser.parse(Compiler.java:6120)
	at clojure.lang.Compiler$LetExpr$Parser.parse(Compiler.java:6436)
	at clojure.lang.Compiler.analyzeSeq(Compiler.java:7107)
	at clojure.lang.Compiler.analyze(Compiler.java:6789)
	at clojure.lang.Compiler.analyzeSeq(Compiler.java:7095)
	at clojure.lang.Compiler.analyze(Compiler.java:6789)
	at clojure.lang.Compiler.analyze(Compiler.java:6745)
	at clojure.lang.Compiler$BodyExpr$Parser.parse(Compiler.java:6120)
	at clojure.lang.Compiler$FnMethod.parse(Compiler.java:5467)
	at clojure.lang.Compiler$FnExpr.parse(Compiler.java:4029)
	at clojure.lang.Compiler.analyzeSeq(Compiler.java:7105)
	at clojure.lang.Compiler.analyze(Compiler.java:6789)
	at clojure.lang.Compiler.analyzeSeq(Compiler.java:7095)
	at clojure.lang.Compiler.analyze(Compiler.java:6789)
	at clojure.lang.Compiler.access$300(Compiler.java:38)
	at clojure.lang.Compiler$DefExpr$Parser.parse(Compiler.java:596)
	at clojure.lang.Compiler.analyzeSeq(Compiler.java:7107)
	at clojure.lang.Compiler.analyze(Compiler.java:6789)
	at clojure.lang.Compiler.analyze(Compiler.java:6745)
	at clojure.lang.Compiler.eval(Compiler.java:7181)
	at clojure.lang.Compiler.load(Compiler.java:7636)
	at clojure.lang.RT.loadResourceScript(RT.java:381)
	at clojure.lang.RT.loadResourceScript(RT.java:372)
	at clojure.lang.RT.load(RT.java:459)
	at clojure.lang.RT.load(RT.java:424)
	at clojure.core$load$fn__6839.invoke(core.clj:6126)
	at clojure.core$load.invokeStatic(core.clj:6125)
	at clojure.core$load.doInvoke(core.clj:6109)
	at clojure.lang.RestFn.invoke(RestFn.java:408)
	at clojure.lang.Var.invoke(Var.java:384)
	at clojuretab.ClojureTab.loadProgram(ClojureTab.java:544)
	at clojuretab.ClojureTab.loadSelectedPrograms(ClojureTab.java:533)
	at clojuretab.ClojureTab.access$3(ClojureTab.java:529)
	at clojuretab.ClojureTab$5.actionPerformed(ClojureTab.java:255)
	at java.desktop/javax.swing.AbstractButton.fireActionPerformed(AbstractButton.java:1967)
	at java.desktop/javax.swing.AbstractButton$Handler.actionPerformed(AbstractButton.java:2308)
	at java.desktop/javax.swing.DefaultButtonModel.fireActionPerformed(DefaultButtonModel.java:405)
	at java.desktop/javax.swing.DefaultButtonModel.setPressed(DefaultButtonModel.java:262)
	at java.desktop/javax.swing.plaf.basic.BasicButtonListener.mouseReleased(BasicButtonListener.java:279)
	at java.desktop/java.awt.AWTEventMulticaster.mouseReleased(AWTEventMulticaster.java:297)
	at java.desktop/java.awt.Component.processMouseEvent(Component.java:6632)
	at java.desktop/javax.swing.JComponent.processMouseEvent(JComponent.java:3342)
	at java.desktop/java.awt.Component.processEvent(Component.java:6397)
	at java.desktop/java.awt.Container.processEvent(Container.java:2263)
	at java.desktop/java.awt.Component.dispatchEventImpl(Component.java:5008)
	at java.desktop/java.awt.Container.dispatchEventImpl(Container.java:2321)
	at java.desktop/java.awt.Component.dispatchEvent(Component.java:4840)
	at java.desktop/java.awt.LightweightDispatcher.retargetMouseEvent(Container.java:4918)
	at java.desktop/java.awt.LightweightDispatcher.processMouseEvent(Container.java:4547)
	at java.desktop/java.awt.LightweightDispatcher.dispatchEvent(Container.java:4488)
	at java.desktop/java.awt.Container.dispatchEventImpl(Container.java:2307)
	at java.desktop/java.awt.Window.dispatchEventImpl(Window.java:2772)
	at java.desktop/java.awt.Component.dispatchEvent(Component.java:4840)
	at java.desktop/java.awt.EventQueue.dispatchEventImpl(EventQueue.java:772)
	at java.desktop/java.awt.EventQueue$4.run(EventQueue.java:721)
	at java.desktop/java.awt.EventQueue$4.run(EventQueue.java:715)
	at java.base/java.security.AccessController.doPrivileged(Native Method)
	at java.base/java.security.ProtectionDomain$JavaSecurityAccessImpl.doIntersectionPrivilege(ProtectionDomain.java:85)
	at java.base/java.security.ProtectionDomain$JavaSecurityAccessImpl.doIntersectionPrivilege(ProtectionDomain.java:95)
	at java.desktop/java.awt.EventQueue$5.run(EventQueue.java:745)
	at java.desktop/java.awt.EventQueue$5.run(EventQueue.java:743)
	at java.base/java.security.AccessController.doPrivileged(Native Method)
	at java.base/java.security.ProtectionDomain$JavaSecurityAccessImpl.doIntersectionPrivilege(ProtectionDomain.java:85)
	at java.desktop/java.awt.EventQueue.dispatchEvent(EventQueue.java:742)
	at java.desktop/java.awt.EventDispatchThread.pumpOneEventForFilters(EventDispatchThread.java:203)
	at java.desktop/java.awt.EventDispatchThread.pumpEventsForFilter(EventDispatchThread.java:124)
	at java.desktop/java.awt.EventDispatchThread.pumpEventsForHierarchy(EventDispatchThread.java:113)
	at java.desktop/java.awt.EventDispatchThread.pumpEvents(EventDispatchThread.java:109)
	at java.desktop/java.awt.EventDispatchThread.pumpEvents(EventDispatchThread.java:101)
	at java.desktop/java.awt.EventDispatchThread.run(EventDispatchThread.java:90)
Caused by: java.lang.RuntimeException: Unable to resolve symbol: loc in this context
	at clojure.lang.Util.runtimeException(Util.java:221)
	at clojure.lang.Compiler.resolveIn(Compiler.java:7414)
	at clojure.lang.Compiler.resolve(Compiler.java:7358)
	at clojure.lang.Compiler.analyzeSymbol(Compiler.java:7319)
	at clojure.lang.Compiler.analyze(Compiler.java:6768)
	... 74 more

2019.08.07 18:01:30.711 MSK SEVERE: null -- Syntax error compiling at (clojure/mas/world.clj:100:3).
	at clojure.lang.Compiler.analyze(Compiler.java:6808)
	at clojure.lang.Compiler.analyze(Compiler.java:6745)
	at clojure.lang.Compiler$MapExpr.parse(Compiler.java:3104)
	at clojure.lang.Compiler.analyze(Compiler.java:6797)
	at clojure.lang.Compiler.analyze(Compiler.java:6745)
	at clojure.lang.Compiler$BodyExpr$Parser.parse(Compiler.java:6120)
	at clojure.lang.Compiler$LetExpr$Parser.parse(Compiler.java:6436)
	at clojure.lang.Compiler.analyzeSeq(Compiler.java:7107)
	at clojure.lang.Compiler.analyze(Compiler.java:6789)
	at clojure.lang.Compiler.analyzeSeq(Compiler.java:7095)
	at clojure.lang.Compiler.analyze(Compiler.java:6789)
	at clojure.lang.Compiler.analyze(Compiler.java:6745)
	at clojure.lang.Compiler$BodyExpr$Parser.parse(Compiler.java:6120)
	at clojure.lang.Compiler$FnMethod.parse(Compiler.java:5467)
	at clojure.lang.Compiler$FnExpr.parse(Compiler.java:4029)
	at clojure.lang.Compiler.analyzeSeq(Compiler.java:7105)
	at clojure.lang.Compiler.analyze(Compiler.java:6789)
	at clojure.lang.Compiler.analyzeSeq(Compiler.java:7095)
	at clojure.lang.Compiler.analyze(Compiler.java:6789)
	at clojure.lang.Compiler.access$300(Compiler.java:38)
	at clojure.lang.Compiler$DefExpr$Parser.parse(Compiler.java:596)
	at clojure.lang.Compiler.analyzeSeq(Compiler.java:7107)
	at clojure.lang.Compiler.analyze(Compiler.java:6789)
	at clojure.lang.Compiler.analyze(Compiler.java:6745)
	at clojure.lang.Compiler.eval(Compiler.java:7181)
	at clojure.lang.Compiler.load(Compiler.java:7636)
	at clojure.lang.RT.loadResourceScript(RT.java:381)
	at clojure.lang.RT.loadResourceScript(RT.java:372)
	at clojure.lang.RT.load(RT.java:459)
	at clojure.lang.RT.load(RT.java:424)
	at clojure.core$load$fn__6839.invoke(core.clj:6126)
	at clojure.core$load.invokeStatic(core.clj:6125)
	at clojure.core$load.doInvoke(core.clj:6109)
	at clojure.lang.RestFn.invoke(RestFn.java:408)
	at clojure.lang.Var.invoke(Var.java:384)
	at clojuretab.ClojureTab.loadProgram(ClojureTab.java:544)
	at clojuretab.ClojureTab.loadSelectedPrograms(ClojureTab.java:533)
	at clojuretab.ClojureTab.access$3(ClojureTab.java:529)
	at clojuretab.ClojureTab$5.actionPerformed(ClojureTab.java:255)
	at java.desktop/javax.swing.AbstractButton.fireActionPerformed(AbstractButton.java:1967)
	at java.desktop/javax.swing.AbstractButton$Handler.actionPerformed(AbstractButton.java:2308)
	at java.desktop/javax.swing.DefaultButtonModel.fireActionPerformed(DefaultButtonModel.java:405)
	at java.desktop/javax.swing.DefaultButtonModel.setPressed(DefaultButtonModel.java:262)
	at java.desktop/javax.swing.plaf.basic.BasicButtonListener.mouseReleased(BasicButtonListener.java:279)
	at java.desktop/java.awt.AWTEventMulticaster.mouseReleased(AWTEventMulticaster.java:297)
	at java.desktop/java.awt.Component.processMouseEvent(Component.java:6632)
	at java.desktop/javax.swing.JComponent.processMouseEvent(JComponent.java:3342)
	at java.desktop/java.awt.Component.processEvent(Component.java:6397)
	at java.desktop/java.awt.Container.processEvent(Container.java:2263)
	at java.desktop/java.awt.Component.dispatchEventImpl(Component.java:5008)
	at java.desktop/java.awt.Container.dispatchEventImpl(Container.java:2321)
	at java.desktop/java.awt.Component.dispatchEvent(Component.java:4840)
	at java.desktop/java.awt.LightweightDispatcher.retargetMouseEvent(Container.java:4918)
	at java.desktop/java.awt.LightweightDispatcher.processMouseEvent(Container.java:4547)
	at java.desktop/java.awt.LightweightDispatcher.dispatchEvent(Container.java:4488)
	at java.desktop/java.awt.Container.dispatchEventImpl(Container.java:2307)
	at java.desktop/java.awt.Window.dispatchEventImpl(Window.java:2772)
	at java.desktop/java.awt.Component.dispatchEvent(Component.java:4840)
	at java.desktop/java.awt.EventQueue.dispatchEventImpl(EventQueue.java:772)
	at java.desktop/java.awt.EventQueue$4.run(EventQueue.java:721)
	at java.desktop/java.awt.EventQueue$4.run(EventQueue.java:715)
	at java.base/java.security.AccessController.doPrivileged(Native Method)
	at java.base/java.security.ProtectionDomain$JavaSecurityAccessImpl.doIntersectionPrivilege(ProtectionDomain.java:85)
	at java.base/java.security.ProtectionDomain$JavaSecurityAccessImpl.doIntersectionPrivilege(ProtectionDomain.java:95)
	at java.desktop/java.awt.EventQueue$5.run(EventQueue.java:745)
	at java.desktop/java.awt.EventQueue$5.run(EventQueue.java:743)
	at java.base/java.security.AccessController.doPrivileged(Native Method)
	at java.base/java.security.ProtectionDomain$JavaSecurityAccessImpl.doIntersectionPrivilege(ProtectionDomain.java:85)
	at java.desktop/java.awt.EventQueue.dispatchEvent(EventQueue.java:742)
	at java.desktop/java.awt.EventDispatchThread.pumpOneEventForFilters(EventDispatchThread.java:203)
	at java.desktop/java.awt.EventDispatchThread.pumpEventsForFilter(EventDispatchThread.java:124)
	at java.desktop/java.awt.EventDispatchThread.pumpEventsForHierarchy(EventDispatchThread.java:113)
	at java.desktop/java.awt.EventDispatchThread.pumpEvents(EventDispatchThread.java:109)
	at java.desktop/java.awt.EventDispatchThread.pumpEvents(EventDispatchThread.java:101)
	at java.desktop/java.awt.EventDispatchThread.run(EventDispatchThread.java:90)
Caused by: java.lang.RuntimeException: Unable to resolve symbol: loc in this context
	at clojure.lang.Util.runtimeException(Util.java:221)
	at clojure.lang.Compiler.resolveIn(Compiler.java:7414)
	at clojure.lang.Compiler.resolve(Compiler.java:7358)
	at clojure.lang.Compiler.analyzeSymbol(Compiler.java:7319)
	at clojure.lang.Compiler.analyze(Compiler.java:6768)
	... 74 more

