2018.08.25 04:31:12.345 MSK INFO: *** SYSTEM START *** -- SystemUtilities.logSystemInfo()
2018.08.25 04:31:12.355 MSK CONFIG: Protege 3.5 Build 663, JVM 1.8.0_181-8u181-b13-0ubuntu0.18.04.1-b13, memory=1610M, Linux, encoding=UTF-8, language=en, country=US -- SystemUtilities.logSystemInfo()
2018.08.25 04:31:12.360 MSK WARNING: Plugins directory not found: /home/ru/clojure/simpro-scene/plugins -- PluginUtilities.findPluginsDirectory()
2018.08.25 04:31:12.561 MSK WARNING: missing bundle: standard_extensions_text -- BundleHelper.<init>()
2018.08.25 04:31:12.569 MSK WARNING: no resource bundle: tab.queries -- BundleHelper.internalGetText()
2018.08.25 04:31:12.820 MSK WARNING: Look and feel not found: com.apple.laf.AquaLookAndFeel -- SystemUtilities.setLookAndFeel()
2018.08.25 04:31:12.851 MSK INFO: Exception caught -- java.lang.NullPointerException
	at javax.swing.MultiUIDefaults.getUIError(MultiUIDefaults.java:130)
	at javax.swing.UIDefaults.getUI(UIDefaults.java:761)
	at javax.swing.UIManager.getUI(UIManager.java:1016)
	at javax.swing.JPanel.updateUI(JPanel.java:126)
	at javax.swing.JPanel.<init>(JPanel.java:86)
	at javax.swing.JPanel.<init>(JPanel.java:109)
	at javax.swing.JPanel.<init>(JPanel.java:117)
	at javax.swing.JRootPane.createGlassPane(JRootPane.java:546)
	at javax.swing.JRootPane.<init>(JRootPane.java:366)
	at javax.swing.JWindow.createRootPane(JWindow.java:276)
	at javax.swing.JWindow.windowInit(JWindow.java:266)
	at javax.swing.JWindow.<init>(JWindow.java:193)
	at javax.swing.JWindow.<init>(JWindow.java:139)
	at edu.stanford.smi.protege.ui.SplashScreen.<init>(Unknown Source)
	at edu.stanford.smi.protege.Application.realmain(Unknown Source)
	at edu.stanford.smi.protege.Application$3.run(Unknown Source)

