2020.12.03 14:00:51.954 MSK INFO: *** SYSTEM START *** -- SystemUtilities.logSystemInfo()
2020.12.03 14:00:51.963 MSK CONFIG: Protege 3.5 Build 663, JVM 11.0.9.1+1-Ubuntu-0ubuntu1.20.04, memory=2071M, Linux, encoding=UTF-8, language=en, country=US -- SystemUtilities.logSystemInfo()
2020.12.03 14:00:51.966 MSK WARNING: Plugins directory not found: /home/ru/clojure/simpro-scene/plugins -- PluginUtilities.findPluginsDirectory()
2020.12.03 14:00:52.294 MSK WARNING: missing bundle: standard_extensions_text -- BundleHelper.<init>()
2020.12.03 14:00:52.296 MSK WARNING: no resource bundle: tab.queries -- BundleHelper.internalGetText()
2020.12.03 14:00:52.654 MSK WARNING: missing bundle: protege_text -- BundleHelper.<init>()
2020.12.03 14:00:58.334 MSK INFO: Loaded 5000 instances: ScenarioN_ProjectKB_Class72281 -- Parser.getInstance()
2020.12.03 14:00:58.340 MSK INFO: Loaded 6000 instances: ScenarioN_ProjectKB_Class83281 -- Parser.getInstance()
2020.12.03 14:00:58.366 MSK INFO: Set type on 5000 instances: ScenarioN_ProjectKB_Class83129 -- Parser.getInstance()
2020.12.03 14:00:58.423 MSK INFO: Set type on 6000 instances: ScenarioN_ProjectKB_Class84139 -- Parser.getInstance()
2020.12.03 14:00:59.879 MSK SEVERE: Duplicate definition of class Clock was ignored -- Parser.recordError()
2020.12.03 14:00:59.879 MSK SEVERE: Duplicate definition of class MapObEvent was ignored -- Parser.recordError()
2020.12.03 14:01:02.765 MSK INFO: Load time for file:/home/ru/clojure/simpro-scene/pprj_cesium/PyongyangSPb.pprj = 2 sec (project) + 2 sec (ui) -- ProjectManager$3.run()
2020.12.03 16:57:09.929 MSK INFO: Project load time for file:/home/ru/clojure/simpro-scene/pprj_base/PathsGraph.pprj: 0 sec -- ProjectChooser.loadProject()
2020.12.03 16:57:10.100 MSK INFO: UI display time = 0 sec -- ProjectManager$2.run()
2020.12.03 17:01:21.720 MSK SEVERE: non-existent slot: components -- Parser.recordError()
2020.12.03 17:01:21.721 MSK SEVERE: non-existent slot: Debug -- Parser.recordError()
2020.12.03 17:01:21.722 MSK SEVERE: non-existent slot: label -- Parser.recordError()
2020.12.03 17:01:21.722 MSK SEVERE: non-existent slot: Latitude -- Parser.recordError()
2020.12.03 17:01:21.722 MSK SEVERE: non-existent slot: layers -- Parser.recordError()
2020.12.03 17:01:21.722 MSK SEVERE: non-existent slot: Longitude -- Parser.recordError()
2020.12.03 17:01:21.722 MSK SEVERE: non-existent slot: Scale -- Parser.recordError()
2020.12.03 17:01:21.723 MSK SEVERE: non-existent slot: startUpLayers -- Parser.recordError()
2020.12.03 17:01:21.724 MSK SEVERE: non-existent slot: latitude -- Parser.recordError()
2020.12.03 17:01:21.724 MSK SEVERE: non-existent slot: lineColor -- Parser.recordError()
2020.12.03 17:01:21.724 MSK SEVERE: non-existent slot: longitude -- Parser.recordError()
2020.12.03 17:01:21.724 MSK SEVERE: non-existent slot: playground-index -- Parser.recordError()
2020.12.03 17:01:21.725 MSK SEVERE: non-existent slot: relative -- Parser.recordError()
2020.12.03 17:01:21.725 MSK SEVERE: non-existent slot: description -- Parser.recordError()
2020.12.03 17:01:21.725 MSK SEVERE: non-existent slot: line -- Parser.recordError()
2020.12.03 17:01:21.726 MSK SEVERE: non-existent slot: capDecoration -- Parser.recordError()
2020.12.03 17:01:21.726 MSK SEVERE: non-existent slot: jointDecoration -- Parser.recordError()
2020.12.03 17:01:21.726 MSK SEVERE: non-existent slot: lineType -- Parser.recordError()
2020.12.03 17:01:21.727 MSK SEVERE: non-existent slot: lineWidth -- Parser.recordError()
2020.12.03 17:01:21.731 MSK SEVERE: non-existent slot: class -- Parser.recordError()
2020.12.03 17:01:21.731 MSK SEVERE: non-existent slot: fillColor -- Parser.recordError()
2020.12.03 17:01:21.731 MSK SEVERE: non-existent slot: prettyName -- Parser.recordError()
2020.12.03 17:01:21.732 MSK SEVERE: non-existent slot: shapeFile -- Parser.recordError()
2020.12.03 17:01:21.732 MSK SEVERE: non-existent slot: spatialIndex -- Parser.recordError()
2020.12.03 17:01:21.732 MSK SEVERE: non-existent slot: dashPattern -- Parser.recordError()
2020.12.03 17:01:21.732 MSK SEVERE: non-existent slot: altitude -- Parser.recordError()
2020.12.03 17:01:21.733 MSK SEVERE: non-existent slot: course -- Parser.recordError()
2020.12.03 17:01:21.733 MSK SEVERE: non-existent slot: speed -- Parser.recordError()
2020.12.03 17:01:21.733 MSK SEVERE: non-existent slot: type -- Parser.recordError()
2020.12.03 17:01:21.733 MSK SEVERE: non-existent slot: url -- Parser.recordError()
2020.12.03 17:01:21.733 MSK SEVERE: non-existent slot: verticalSpeed -- Parser.recordError()
2020.12.03 17:01:21.733 MSK SEVERE: non-existent slot: missions -- Parser.recordError()
2020.12.03 17:01:21.735 MSK SEVERE: Undefined class: Openmap found while loading instances -- Parser.recordError()
2020.12.03 17:01:21.735 MSK SEVERE: Undefined class: ShapeLayer found while loading instances -- Parser.recordError()
2020.12.03 17:01:21.736 MSK SEVERE: Undefined class: ObjectMission found while loading instances -- Parser.recordError()
2020.12.03 17:01:21.736 MSK SEVERE: Undefined class: NavOb found while loading instances -- Parser.recordError()
2020.12.03 17:01:21.736 MSK SEVERE: Undefined class: Line found while loading instances -- Parser.recordError()
2020.12.03 17:01:21.736 MSK SEVERE: Undefined class: OMTPoly found while loading instances -- Parser.recordError()
2020.12.03 17:01:21.736 MSK SEVERE: Undefined class: Type found while loading instances -- Parser.recordError()
2020.12.03 17:01:21.736 MSK SEVERE: Undefined instance: igis_Class30 -- Parser.recordError()
2020.12.03 17:01:21.736 MSK SEVERE: Undefined instance: igis_Class26 -- Parser.recordError()
2020.12.03 17:01:21.737 MSK SEVERE: Undefined instance: igis_Class25 -- Parser.recordError()
2020.12.03 17:01:21.737 MSK SEVERE: Undefined instance: igis_Class3 -- Parser.recordError()
2020.12.03 17:01:21.737 MSK SEVERE: Undefined instance: igis_Class4 -- Parser.recordError()
2020.12.03 17:01:21.737 MSK SEVERE: Undefined instance: igis_Class22 -- Parser.recordError()
2020.12.03 17:01:21.737 MSK SEVERE: Undefined instance: igis_Class1 -- Parser.recordError()
2020.12.03 17:01:21.737 MSK SEVERE: Undefined instance: igis_Class2 -- Parser.recordError()
2020.12.03 17:01:21.737 MSK SEVERE: Undefined instance: igis_Class21 -- Parser.recordError()
2020.12.03 17:01:21.737 MSK SEVERE: Undefined instance: igis_Class20 -- Parser.recordError()
2020.12.03 17:01:21.738 MSK SEVERE: Undefined instance: igis_Class70000 -- Parser.recordError()
2020.12.03 17:01:21.738 MSK SEVERE: Undefined instance: igis_Class29 -- Parser.recordError()
2020.12.03 17:01:21.738 MSK SEVERE: Undefined instance: igis_Class28 -- Parser.recordError()
2020.12.03 17:01:21.738 MSK SEVERE: Undefined instance: igis_Class27 -- Parser.recordError()
2020.12.03 17:01:21.738 MSK SEVERE: Undefined instance: igis_Class15 -- Parser.recordError()
2020.12.03 17:01:21.738 MSK SEVERE: Undefined instance: igis_Class14 -- Parser.recordError()
2020.12.03 17:01:21.738 MSK SEVERE: Undefined instance: igis_Class12 -- Parser.recordError()
2020.12.03 17:01:21.738 MSK SEVERE: Undefined instance: igis_Class19 -- Parser.recordError()
2020.12.03 17:01:21.738 MSK SEVERE: Undefined instance: igis_Class40012 -- Parser.recordError()
2020.12.03 17:01:21.739 MSK SEVERE: Undefined instance: igis_Class18 -- Parser.recordError()
2020.12.03 17:01:21.739 MSK SEVERE: Undefined instance: igis_Class17 -- Parser.recordError()
2020.12.03 17:01:21.739 MSK SEVERE: Undefined instance: igis_Class16 -- Parser.recordError()
2020.12.03 17:01:21.739 MSK SEVERE: Undefined instance: igis_Class40011 -- Parser.recordError()
2020.12.03 17:01:21.739 MSK SEVERE: Undefined instance: igis_Class40001 -- Parser.recordError()
2020.12.03 17:01:21.739 MSK SEVERE: Undefined instance: igis_Class40000 -- Parser.recordError()
2020.12.03 17:01:21.977 MSK INFO: Load time for file:/home/ru/clojure/simpro-scene/pprj_base/PathsGraph.pprj = 0 sec (project) + 0 sec (ui) -- ProjectManager$3.run()
