2018.04.02 18:35:03.308 MSK INFO: *** SYSTEM START *** -- SystemUtilities.logSystemInfo()
2018.04.02 18:35:03.312 MSK CONFIG: Protege 3.5 Build 663, JVM 1.8.0_31-b13, memory=1908M, Mac OS X, encoding=UTF-8, language=en, country=US -- SystemUtilities.logSystemInfo()
2018.04.02 18:35:03.542 MSK CONFIG: Loaded plugin clojuretab -- PluginUtilities.logClassLoaderInformation()
2018.04.02 18:35:03.558 MSK CONFIG: Loaded plugin edu.stanford.smi.protegex.standard_extensions - Graph Widget, Table Widget -- PluginUtilities.logClassLoaderInformation()
2018.04.02 18:35:03.605 MSK CONFIG: Loaded plugin ru.igis.omtab -- PluginUtilities.logClassLoaderInformation()
2018.04.02 18:35:04.594 MSK WARNING: missing bundle: protege_text -- BundleHelper.<init>()
2018.04.02 18:35:17.044 MSK INFO: Loaded 5000 instances: ScenarioN_ProjectKB_Class72400 -- Parser.getInstance()
2018.04.02 18:35:17.050 MSK INFO: Loaded 6000 instances: ScenarioN_ProjectKB_Class83400 -- Parser.getInstance()
2018.04.02 18:35:17.067 MSK INFO: Set type on 5000 instances: ScenarioN_ProjectKB_Class83101 -- Parser.getInstance()
2018.04.02 18:35:17.084 MSK INFO: Set type on 6000 instances: ScenarioN_ProjectKB_Class84101 -- Parser.getInstance()
2018.04.02 18:35:23.746 MSK INFO: Load time for file:/Users/ru/clojure/simpro-scene/pprj_examples/OSMRoads.pprj = 2 sec (project) + 4 sec (ui) -- ProjectManager$3.run()
2018.04.02 19:23:17.844 MSK INFO: Project load time for file:/Users/ru/clojure/simpro-scene/pprj_base/Cezium.pprj: 0 sec -- ProjectChooser.loadProject()
2018.04.02 19:23:18.590 MSK INFO: UI display time = 0 sec -- ProjectManager$2.run()
2018.04.02 19:25:07.135 MSK INFO: Loaded 5000 instances: ScenarioN_ProjectKB_Class72400 -- Parser.getInstance()
2018.04.02 19:25:07.140 MSK INFO: Loaded 6000 instances: ScenarioN_ProjectKB_Class83400 -- Parser.getInstance()
2018.04.02 19:25:07.160 MSK INFO: Set type on 5000 instances: ScenarioN_ProjectKB_Class83101 -- Parser.getInstance()
2018.04.02 19:25:07.180 MSK INFO: Set type on 6000 instances: ScenarioN_ProjectKB_Class84101 -- Parser.getInstance()
2018.04.02 19:25:09.250 MSK INFO: Project load time for file:/Users/ru/clojure/simpro-scene/pprj_examples/OSMRoads.pprj: 2 sec -- ProjectChooser.loadProject()
2018.04.02 19:25:10.210 MSK INFO: UI display time = 0 sec -- ProjectManager$2.run()
2018.04.02 19:26:38.793 MSK SEVERE: null -- java.net.BindException: Address already in use
	at sun.nio.ch.Net.bind0(Native Method)
	at sun.nio.ch.Net.bind(Net.java:436)
	at sun.nio.ch.Net.bind(Net.java:428)
	at sun.nio.ch.ServerSocketChannelImpl.bind(ServerSocketChannelImpl.java:214)
	at sun.nio.ch.ServerSocketAdaptor.bind(ServerSocketAdaptor.java:74)
	at org.eclipse.jetty.server.ServerConnector.open(ServerConnector.java:321)
	at org.eclipse.jetty.server.AbstractNetworkConnector.doStart(AbstractNetworkConnector.java:80)
	at org.eclipse.jetty.server.ServerConnector.doStart(ServerConnector.java:236)
	at org.eclipse.jetty.util.component.AbstractLifeCycle.start(AbstractLifeCycle.java:68)
	at org.eclipse.jetty.server.Server.doStart(Server.java:366)
	at org.eclipse.jetty.util.component.AbstractLifeCycle.start(AbstractLifeCycle.java:68)
	at ring.adapter.jetty$run_jetty.invokeStatic(jetty.clj:154)
	at ring.adapter.jetty$run_jetty.invoke(jetty.clj:114)
	at pro.server$start_server.invokeStatic(server.clj:82)
	at pro.server$start_server.invoke(server.clj:76)
	at pro.server$start_server.invokeStatic(server.clj:78)
	at pro.server$start_server.invoke(server.clj:76)
	at pro.server$start_server.invokeStatic(server.clj:84)
	at pro.server$start_server.invoke(server.clj:76)
	at clojure.lang.Var.invoke(Var.java:385)
	at clojuretab.ClojureTab.invoke(ClojureTab.java:700)
	at clojuretab.ClojureActionButton$1.actionPerformed(ClojureActionButton.java:53)
	at javax.swing.AbstractButton.fireActionPerformed(AbstractButton.java:2022)
	at javax.swing.AbstractButton$Handler.actionPerformed(AbstractButton.java:2346)
	at javax.swing.DefaultButtonModel.fireActionPerformed(DefaultButtonModel.java:402)
	at javax.swing.DefaultButtonModel.setPressed(DefaultButtonModel.java:259)
	at javax.swing.plaf.basic.BasicButtonListener.mouseReleased(BasicButtonListener.java:252)
	at java.awt.Component.processMouseEvent(Component.java:6525)
	at javax.swing.JComponent.processMouseEvent(JComponent.java:3322)
	at java.awt.Component.processEvent(Component.java:6290)
	at java.awt.Container.processEvent(Container.java:2234)
	at java.awt.Component.dispatchEventImpl(Component.java:4881)
	at java.awt.Container.dispatchEventImpl(Container.java:2292)
	at java.awt.Component.dispatchEvent(Component.java:4703)
	at java.awt.LightweightDispatcher.retargetMouseEvent(Container.java:4898)
	at java.awt.LightweightDispatcher.processMouseEvent(Container.java:4533)
	at java.awt.LightweightDispatcher.dispatchEvent(Container.java:4462)
	at java.awt.Container.dispatchEventImpl(Container.java:2278)
	at java.awt.Window.dispatchEventImpl(Window.java:2739)
	at java.awt.Component.dispatchEvent(Component.java:4703)
	at java.awt.EventQueue.dispatchEventImpl(EventQueue.java:751)
	at java.awt.EventQueue.access$500(EventQueue.java:97)
	at java.awt.EventQueue$3.run(EventQueue.java:702)
	at java.awt.EventQueue$3.run(EventQueue.java:696)
	at java.security.AccessController.doPrivileged(Native Method)
	at java.security.ProtectionDomain$1.doIntersectionPrivilege(ProtectionDomain.java:75)
	at java.security.ProtectionDomain$1.doIntersectionPrivilege(ProtectionDomain.java:86)
	at java.awt.EventQueue$4.run(EventQueue.java:724)
	at java.awt.EventQueue$4.run(EventQueue.java:722)
	at java.security.AccessController.doPrivileged(Native Method)
	at java.security.ProtectionDomain$1.doIntersectionPrivilege(ProtectionDomain.java:75)
	at java.awt.EventQueue.dispatchEvent(EventQueue.java:721)
	at java.awt.EventDispatchThread.pumpOneEventForFilters(EventDispatchThread.java:201)
	at java.awt.EventDispatchThread.pumpEventsForFilter(EventDispatchThread.java:116)
	at java.awt.EventDispatchThread.pumpEventsForHierarchy(EventDispatchThread.java:105)
	at java.awt.EventDispatchThread.pumpEvents(EventDispatchThread.java:101)
	at java.awt.EventDispatchThread.pumpEvents(EventDispatchThread.java:93)
	at java.awt.EventDispatchThread.run(EventDispatchThread.java:82)

