2017.10.21 21:40:02.099 MSK INFO: *** SYSTEM START *** -- SystemUtilities.logSystemInfo()
2017.10.21 21:40:02.103 MSK CONFIG: Protege 3.5 Build 663, JVM 1.8.0_31-b13, memory=1908M, Mac OS X, encoding=UTF-8, language=en, country=US -- SystemUtilities.logSystemInfo()
2017.10.21 21:40:02.279 MSK CONFIG: Loaded plugin clojuretab -- PluginUtilities.logClassLoaderInformation()
2017.10.21 21:40:02.280 MSK CONFIG: Loaded plugin edu.stanford.smi.protegex.standard_extensions - Graph Widget, Table Widget -- PluginUtilities.logClassLoaderInformation()
2017.10.21 21:40:02.312 MSK CONFIG: Loaded plugin ru.igis.omtab -- PluginUtilities.logClassLoaderInformation()
2017.10.21 21:40:03.157 MSK WARNING: missing bundle: protege_text -- BundleHelper.<init>()
2017.10.21 21:40:11.446 MSK INFO: Loaded 5000 instances: ScenarioN_ProjectKB_Class82880 -- Parser.getInstance()
2017.10.21 21:40:11.452 MSK INFO: Loaded 6000 instances: ScenarioN_ProjectKB_Class83880 -- Parser.getInstance()
2017.10.21 21:40:11.477 MSK INFO: Set type on 5000 instances: ScenarioN_ProjectKB_Class83372 -- Parser.getInstance()
2017.10.21 21:40:14.144 MSK INFO: Load time for file:/Users/ru/clojure/simpro-scene/pprj_examples/Sea.pprj = 2 sec (project) + 0 sec (ui) -- ProjectManager$3.run()
2017.10.21 21:45:03.882 MSK INFO: Loaded 5000 instances: ScenarioN_ProjectKB_Class82880 -- Parser.getInstance()
2017.10.21 21:45:03.886 MSK INFO: Loaded 6000 instances: ScenarioN_ProjectKB_Class83880 -- Parser.getInstance()
2017.10.21 21:45:03.906 MSK INFO: Set type on 5000 instances: ScenarioN_ProjectKB_Class83372 -- Parser.getInstance()
2017.10.21 21:45:04.619 MSK INFO: Project load time for file:/Users/ru/clojure/simpro-scene/pprj_base/Scenario.pprj: 0 sec -- ProjectChooser.loadProject()
2017.10.21 21:45:05.011 MSK INFO: UI display time = 0 sec -- ProjectManager$2.run()
2017.10.21 21:47:00.638 MSK INFO: Loaded 5000 instances: ScenarioN_ProjectKB_Class82876 -- Parser.getInstance()
2017.10.21 21:47:00.689 MSK INFO: Loaded 6000 instances: ScenarioN_ProjectKB_Class83876 -- Parser.getInstance()
2017.10.21 21:47:00.712 MSK INFO: Set type on 5000 instances: ScenarioN_ProjectKB_Class83370 -- Parser.getInstance()
2017.10.21 21:47:02.556 MSK INFO: Project load time for file:/Users/ru/clojure/simpro-scene/pprj_examples/Sea.pprj: 2 sec -- ProjectChooser.loadProject()
2017.10.21 21:47:03.106 MSK INFO: UI display time = 0 sec -- ProjectManager$2.run()
