2018.10.01 21:27:23.850 MSK INFO: *** SYSTEM START *** -- SystemUtilities.logSystemInfo()
2018.10.01 21:27:23.853 MSK CONFIG: Protege 3.5 Build 663, JVM 1.8.0_31-b13, memory=1908M, Mac OS X, encoding=UTF-8, language=en, country=US -- SystemUtilities.logSystemInfo()
2018.10.01 21:27:23.855 MSK WARNING: Plugins directory not found: /Users/ru/clojure/simpro-scene/plugins -- PluginUtilities.findPluginsDirectory()
2018.10.01 21:27:24.254 MSK WARNING: missing bundle: standard_extensions_text -- BundleHelper.<init>()
2018.10.01 21:27:24.256 MSK WARNING: no resource bundle: tab.queries -- BundleHelper.internalGetText()
2018.10.01 21:27:26.078 MSK WARNING: missing bundle: protege_text -- BundleHelper.<init>()
2018.10.01 21:27:42.416 MSK INFO: Loaded 5000 instances: ScenarioN_ProjectKB_Class72426 -- Parser.getInstance()
2018.10.01 21:27:42.422 MSK INFO: Loaded 6000 instances: ScenarioN_ProjectKB_Class83426 -- Parser.getInstance()
2018.10.01 21:27:42.441 MSK INFO: Set type on 5000 instances: ScenarioN_ProjectKB_Class83146 -- Parser.getInstance()
2018.10.01 21:27:42.458 MSK INFO: Set type on 6000 instances: ScenarioN_ProjectKB_Class91405 -- Parser.getInstance()
2018.10.01 21:27:44.226 MSK INFO: Project load time for file:/Users/ru/clojure/simpro-scene/pprj_examples/OSMRoads.pprj: 2 sec -- ProjectChooser.loadProject()
2018.10.01 21:27:49.652 MSK INFO: UI display time = 5 sec -- ProjectManager$2.run()
2018.10.01 21:52:41.127 MSK INFO: Project load time for file:/Users/ru/clojure/simpro-scene/pprj_base/Cezium.pprj: 0 sec -- ProjectChooser.loadProject()
2018.10.01 21:52:41.772 MSK INFO: UI display time = 0 sec -- ProjectManager$2.run()
2018.10.01 22:05:38.097 MSK SEVERE: null -- clojure.lang.ExceptionInfo: failed compiling file:src/cljs/czm/core.cljs {:file #object[java.io.File 0x5dd61c10 "src/cljs/czm/core.cljs"]}
	at clojure.core$ex_info.invokeStatic(core.clj:4739)
	at clojure.core$ex_info.invoke(core.clj:4739)
	at cljs.compiler$compile_file$fn__4895.invoke(compiler.cljc:1552)
	at cljs.compiler$compile_file.invokeStatic(compiler.cljc:1513)
	at cljs.compiler$compile_file.invoke(compiler.cljc:1489)
	at cljs.closure$compile_file.invokeStatic(closure.clj:540)
	at cljs.closure$compile_file.invoke(closure.clj:531)
	at cljs.closure$eval7150$fn__7151.invoke(closure.clj:609)
	at cljs.closure$eval7086$fn__7087$G__7075__7094.invoke(closure.clj:493)
	at cljs.closure$compile_sources$iter__7274__7278$fn__7279.invoke(closure.clj:954)
	at clojure.lang.LazySeq.sval(LazySeq.java:40)
	at clojure.lang.LazySeq.seq(LazySeq.java:49)
	at clojure.lang.Cons.next(Cons.java:39)
	at clojure.lang.RT.next(RT.java:706)
	at clojure.core$next__5108.invokeStatic(core.clj:64)
	at clojure.core$dorun.invokeStatic(core.clj:3134)
	at clojure.core$doall.invokeStatic(core.clj:3140)
	at clojure.core$doall.invoke(core.clj:3140)
	at cljs.closure$compile_sources.invokeStatic(closure.clj:950)
	at cljs.closure$compile_sources.invoke(closure.clj:939)
	at cljs.closure$build.invokeStatic(closure.clj:2596)
	at cljs.closure$build.invoke(closure.clj:2507)
	at cljs.build.api$build.invokeStatic(api.clj:205)
	at cljs.build.api$build.invoke(api.clj:189)
	at cljs.build.api$build.invokeStatic(api.clj:192)
	at cljs.build.api$build.invoke(api.clj:189)
	at cljs.compile$build.invokeStatic(compile.clj:70)
	at cljs.compile$build.invoke(compile.clj:43)
	at clojure.lang.Var.invoke(Var.java:385)
	at clojuretab.ClojureTab.invoke(ClojureTab.java:700)
	at clojuretab.ClojureActionButton$1.actionPerformed(ClojureActionButton.java:53)
	at javax.swing.AbstractButton.fireActionPerformed(AbstractButton.java:2022)
	at javax.swing.AbstractButton$Handler.actionPerformed(AbstractButton.java:2346)
	at javax.swing.DefaultButtonModel.fireActionPerformed(DefaultButtonModel.java:402)
	at javax.swing.DefaultButtonModel.setPressed(DefaultButtonModel.java:259)
	at javax.swing.plaf.basic.BasicButtonListener.mouseReleased(BasicButtonListener.java:252)
	at java.awt.Component.processMouseEvent(Component.java:6525)
	at javax.swing.JComponent.processMouseEvent(JComponent.java:3322)
	at java.awt.Component.processEvent(Component.java:6290)
	at java.awt.Container.processEvent(Container.java:2234)
	at java.awt.Component.dispatchEventImpl(Component.java:4881)
	at java.awt.Container.dispatchEventImpl(Container.java:2292)
	at java.awt.Component.dispatchEvent(Component.java:4703)
	at java.awt.LightweightDispatcher.retargetMouseEvent(Container.java:4898)
	at java.awt.LightweightDispatcher.processMouseEvent(Container.java:4533)
	at java.awt.LightweightDispatcher.dispatchEvent(Container.java:4462)
	at java.awt.Container.dispatchEventImpl(Container.java:2278)
	at java.awt.Window.dispatchEventImpl(Window.java:2739)
	at java.awt.Component.dispatchEvent(Component.java:4703)
	at java.awt.EventQueue.dispatchEventImpl(EventQueue.java:751)
	at java.awt.EventQueue.access$500(EventQueue.java:97)
	at java.awt.EventQueue$3.run(EventQueue.java:702)
	at java.awt.EventQueue$3.run(EventQueue.java:696)
	at java.security.AccessController.doPrivileged(Native Method)
	at java.security.ProtectionDomain$1.doIntersectionPrivilege(ProtectionDomain.java:75)
	at java.security.ProtectionDomain$1.doIntersectionPrivilege(ProtectionDomain.java:86)
	at java.awt.EventQueue$4.run(EventQueue.java:724)
	at java.awt.EventQueue$4.run(EventQueue.java:722)
	at java.security.AccessController.doPrivileged(Native Method)
	at java.security.ProtectionDomain$1.doIntersectionPrivilege(ProtectionDomain.java:75)
	at java.awt.EventQueue.dispatchEvent(EventQueue.java:721)
	at java.awt.EventDispatchThread.pumpOneEventForFilters(EventDispatchThread.java:201)
	at java.awt.EventDispatchThread.pumpEventsForFilter(EventDispatchThread.java:116)
	at java.awt.EventDispatchThread.pumpEventsForHierarchy(EventDispatchThread.java:105)
	at java.awt.EventDispatchThread.pumpEvents(EventDispatchThread.java:101)
	at java.awt.EventDispatchThread.pumpEvents(EventDispatchThread.java:93)
	at java.awt.EventDispatchThread.run(EventDispatchThread.java:82)
Caused by: clojure.lang.ExceptionInfo: /Users/ru/clojure/simpro-scene/src/cljs/czm/core.cljs [line 8, col 53] Invalid symbol: js/Cesium/createWorldImagery. {:type :reader-exception, :ex-kind :reader-error, :file "/Users/ru/clojure/simpro-scene/src/cljs/czm/core.cljs", :line 8, :col 53}
	at clojure.core$ex_info.invokeStatic(core.clj:4739)
	at clojure.core$ex_info.invoke(core.clj:4739)
	at clojure.tools.reader.impl.errors$throw_ex.invokeStatic(errors.clj:34)
	at clojure.tools.reader.impl.errors$throw_ex.doInvoke(errors.clj:24)
	at clojure.lang.RestFn.invoke(RestFn.java:442)
	at clojure.tools.reader.impl.errors$reader_error.invokeStatic(errors.clj:40)
	at clojure.tools.reader.impl.errors$reader_error.doInvoke(errors.clj:36)
	at clojure.lang.RestFn.invoke(RestFn.java:516)
	at clojure.tools.reader.impl.errors$throw_invalid.invokeStatic(errors.clj:97)
	at clojure.tools.reader.impl.errors$throw_invalid.invoke(errors.clj:96)
	at clojure.tools.reader$read_symbol.invokeStatic(reader.clj:325)
	at clojure.tools.reader$read_symbol.invoke(reader.clj:302)
	at clojure.tools.reader$read_STAR_.invokeStatic(reader.clj:928)
	at clojure.tools.reader$read_STAR_.invoke(reader.clj:905)
	at clojure.tools.reader$read_delimited.invokeStatic(reader.clj:196)
	at clojure.tools.reader$read_delimited.invoke(reader.clj:189)
	at clojure.tools.reader$read_list.invokeStatic(reader.clj:207)
	at clojure.tools.reader$read_list.invoke(reader.clj:203)
	at clojure.tools.reader$read_STAR_.invokeStatic(reader.clj:924)
	at clojure.tools.reader$read_STAR_.invoke(reader.clj:905)
	at clojure.tools.reader$read_delimited.invokeStatic(reader.clj:196)
	at clojure.tools.reader$read_delimited.invoke(reader.clj:189)
	at clojure.tools.reader$read_map.invokeStatic(reader.clj:241)
	at clojure.tools.reader$read_map.invoke(reader.clj:237)
	at clojure.tools.reader$read_STAR_.invokeStatic(reader.clj:924)
	at clojure.tools.reader$read_STAR_.invoke(reader.clj:905)
	at clojure.tools.reader$read_STAR_.invokeStatic(reader.clj:907)
	at clojure.tools.reader$read_STAR_.invoke(reader.clj:905)
	at clojure.tools.reader$read_tagged.invokeStatic(reader.clj:854)
	at clojure.tools.reader$read_tagged.invoke(reader.clj:846)
	at clojure.tools.reader$read_dispatch.invokeStatic(reader.clj:71)
	at clojure.tools.reader$read_dispatch.invoke(reader.clj:66)
	at clojure.tools.reader$read_STAR_.invokeStatic(reader.clj:924)
	at clojure.tools.reader$read_STAR_.invoke(reader.clj:905)
	at clojure.tools.reader$read_delimited.invokeStatic(reader.clj:196)
	at clojure.tools.reader$read_delimited.invoke(reader.clj:189)
	at clojure.tools.reader$read_list.invokeStatic(reader.clj:207)
	at clojure.tools.reader$read_list.invoke(reader.clj:203)
	at clojure.tools.reader$read_STAR_.invokeStatic(reader.clj:924)
	at clojure.tools.reader$read_STAR_.invoke(reader.clj:905)
	at clojure.tools.reader$read_delimited.invokeStatic(reader.clj:196)
	at clojure.tools.reader$read_delimited.invoke(reader.clj:189)
	at clojure.tools.reader$read_list.invokeStatic(reader.clj:207)
	at clojure.tools.reader$read_list.invoke(reader.clj:203)
	at clojure.tools.reader$read_STAR_.invokeStatic(reader.clj:924)
	at clojure.tools.reader$read_STAR_.invoke(reader.clj:905)
	at clojure.tools.reader$read.invokeStatic(reader.clj:973)
	at clojure.tools.reader$read.invoke(reader.clj:950)
	at cljs.analyzer$forms_seq_STAR_$forms_seq___3621$fn__3622$fn__3623.invoke(analyzer.cljc:3666)
	at cljs.analyzer$forms_seq_STAR_$forms_seq___3621$fn__3622.invoke(analyzer.cljc:3659)
	at clojure.lang.LazySeq.sval(LazySeq.java:40)
	at clojure.lang.LazySeq.seq(LazySeq.java:49)
	at clojure.lang.RT.seq(RT.java:528)
	at clojure.core$seq__5124.invokeStatic(core.clj:137)
	at clojure.core$seq__5124.invoke(core.clj:137)
	at cljs.compiler$emit_source.invokeStatic(compiler.cljc:1375)
	at cljs.compiler$emit_source.invoke(compiler.cljc:1356)
	at cljs.compiler$compile_file_STAR_$fn__4864.invoke(compiler.cljc:1456)
	at cljs.compiler$with_core_cljs.invokeStatic(compiler.cljc:1271)
	at cljs.compiler$with_core_cljs.invoke(compiler.cljc:1260)
	at cljs.compiler$compile_file_STAR_.invokeStatic(compiler.cljc:1441)
	at cljs.compiler$compile_file_STAR_.invoke(compiler.cljc:1434)
	at cljs.compiler$compile_file$fn__4895.invoke(compiler.cljc:1538)
	... 64 more

