2018.01.06 17:14:49.346 MSK INFO: *** SYSTEM START *** -- SystemUtilities.logSystemInfo()
2018.01.06 17:14:49.362 MSK CONFIG: Protege 3.5 Build 663, JVM 1.8.0_151-8u151-b12-0ubuntu0.16.04.2-b12, memory=441M, Linux, encoding=UTF-8, language=ru, country=RU -- SystemUtilities.logSystemInfo()
2018.01.06 17:14:49.754 MSK CONFIG: Loaded plugin clojuretab -- PluginUtilities.logClassLoaderInformation()
2018.01.06 17:14:49.763 MSK CONFIG: Loaded plugin ru.igis.omtab -- PluginUtilities.logClassLoaderInformation()
2018.01.06 17:14:49.774 MSK CONFIG: Loaded plugin edu.stanford.smi.protegex.standard_extensions - Graph Widget, Table Widget -- PluginUtilities.logClassLoaderInformation()
2018.01.06 17:14:50.092 MSK WARNING: Look and feel not found: com.apple.laf.AquaLookAndFeel -- SystemUtilities.setLookAndFeel()
2018.01.06 17:14:50.685 MSK WARNING: missing bundle: protege_text -- BundleHelper.<init>()
2018.01.06 17:14:54.953 MSK INFO: Loaded 5000 instances: ScenarioN_ProjectKB_Class82484 -- Parser.getInstance()
2018.01.06 17:14:54.977 MSK INFO: Loaded 6000 instances: ScenarioN_ProjectKB_Class83484 -- Parser.getInstance()
2018.01.06 17:14:55.445 MSK INFO: Set type on 5000 instances: ScenarioN_ProjectKB_Class83150 -- Parser.getInstance()
2018.01.06 17:14:55.521 MSK INFO: Set type on 6000 instances: ScenarioN_ProjectKB_Class91448 -- Parser.getInstance()
2018.01.06 17:15:05.923 MSK INFO: Load time for file:/home/ta/clojure/simpro-scene/pprj_examples/PyongyangStPetersburg.pprj = 8 sec (project) + 3 sec (ui) -- ProjectManager$3.run()
2018.01.06 18:12:34.387 MSK WARNING: has been deleted: MapInspector_Class20000 -- InstanceStorer.isStorableInstance()
2018.01.06 18:12:34.388 MSK WARNING: has been deleted: MapInspector_Class20001 -- InstanceStorer.isStorableInstance()
2018.01.06 18:12:34.388 MSK WARNING: has been deleted: MapInspector_Class20002 -- InstanceStorer.isStorableInstance()
2018.01.06 18:12:34.388 MSK WARNING: has been deleted: MapInspector_Class20003 -- InstanceStorer.isStorableInstance()
2018.01.06 18:12:34.389 MSK WARNING: has been deleted: MapInspector_Class20004 -- InstanceStorer.isStorableInstance()
2018.01.06 18:12:34.392 MSK WARNING: has been deleted: MapInspector_Class20005 -- InstanceStorer.isStorableInstance()
2018.01.06 18:12:34.392 MSK WARNING: has been deleted: MapInspector_Class20006 -- InstanceStorer.isStorableInstance()
2018.01.06 18:12:34.392 MSK WARNING: has been deleted: MapInspector_Class20007 -- InstanceStorer.isStorableInstance()
2018.01.06 18:12:34.393 MSK WARNING: has been deleted: MapInspector_Class20008 -- InstanceStorer.isStorableInstance()
2018.01.06 18:12:34.394 MSK WARNING: has been deleted: MapInspector_Class20009 -- InstanceStorer.isStorableInstance()
2018.01.06 18:12:34.394 MSK WARNING: has been deleted: MapInspector_Class20010 -- InstanceStorer.isStorableInstance()
2018.01.06 18:12:34.394 MSK WARNING: has been deleted: MapInspector_Class20011 -- InstanceStorer.isStorableInstance()
2018.01.06 18:12:34.394 MSK WARNING: has been deleted: MapInspector_Class20012 -- InstanceStorer.isStorableInstance()
2018.01.06 18:12:34.395 MSK WARNING: has been deleted: MapInspector_Class20013 -- InstanceStorer.isStorableInstance()
2018.01.06 18:12:34.395 MSK WARNING: has been deleted: MapInspector_Class20014 -- InstanceStorer.isStorableInstance()
2018.01.06 18:12:34.395 MSK WARNING: has been deleted: MapInspector_Class20015 -- InstanceStorer.isStorableInstance()
2018.01.06 18:12:34.395 MSK WARNING: has been deleted: MapInspector_Class20016 -- InstanceStorer.isStorableInstance()
2018.01.06 18:12:34.396 MSK WARNING: has been deleted: MapInspector_Class20017 -- InstanceStorer.isStorableInstance()
2018.01.06 18:12:34.396 MSK WARNING: has been deleted: MapInspector_Class20018 -- InstanceStorer.isStorableInstance()
2018.01.06 18:39:17.624 MSK WARNING: has been deleted: MapInspector_Class20000 -- InstanceStorer.isStorableInstance()
2018.01.06 18:39:17.625 MSK WARNING: has been deleted: MapInspector_Class20001 -- InstanceStorer.isStorableInstance()
2018.01.06 18:39:17.625 MSK WARNING: has been deleted: MapInspector_Class20002 -- InstanceStorer.isStorableInstance()
2018.01.06 18:39:17.625 MSK WARNING: has been deleted: MapInspector_Class20003 -- InstanceStorer.isStorableInstance()
2018.01.06 18:39:17.625 MSK WARNING: has been deleted: MapInspector_Class20004 -- InstanceStorer.isStorableInstance()
2018.01.06 18:39:17.625 MSK WARNING: has been deleted: MapInspector_Class20005 -- InstanceStorer.isStorableInstance()
2018.01.06 18:39:17.626 MSK WARNING: has been deleted: MapInspector_Class20006 -- InstanceStorer.isStorableInstance()
2018.01.06 18:39:17.626 MSK WARNING: has been deleted: MapInspector_Class20007 -- InstanceStorer.isStorableInstance()
2018.01.06 18:39:17.626 MSK WARNING: has been deleted: MapInspector_Class20008 -- InstanceStorer.isStorableInstance()
2018.01.06 18:39:17.626 MSK WARNING: has been deleted: MapInspector_Class20009 -- InstanceStorer.isStorableInstance()
2018.01.06 18:39:17.626 MSK WARNING: has been deleted: MapInspector_Class20010 -- InstanceStorer.isStorableInstance()
2018.01.06 18:39:17.627 MSK WARNING: has been deleted: MapInspector_Class20011 -- InstanceStorer.isStorableInstance()
2018.01.06 18:39:17.627 MSK WARNING: has been deleted: MapInspector_Class20012 -- InstanceStorer.isStorableInstance()
2018.01.06 18:39:17.627 MSK WARNING: has been deleted: MapInspector_Class20013 -- InstanceStorer.isStorableInstance()
2018.01.06 18:39:17.627 MSK WARNING: has been deleted: MapInspector_Class20014 -- InstanceStorer.isStorableInstance()
2018.01.06 18:39:17.627 MSK WARNING: has been deleted: MapInspector_Class20015 -- InstanceStorer.isStorableInstance()
2018.01.06 18:39:17.628 MSK WARNING: has been deleted: MapInspector_Class20016 -- InstanceStorer.isStorableInstance()
2018.01.06 18:39:17.628 MSK WARNING: has been deleted: MapInspector_Class20017 -- InstanceStorer.isStorableInstance()
2018.01.06 18:39:17.628 MSK WARNING: has been deleted: MapInspector_Class20018 -- InstanceStorer.isStorableInstance()
2018.01.06 18:51:58.064 MSK WARNING: has been deleted: MapInspector_Class20000 -- InstanceStorer.isStorableInstance()
2018.01.06 18:51:58.065 MSK WARNING: has been deleted: MapInspector_Class20001 -- InstanceStorer.isStorableInstance()
2018.01.06 18:51:58.065 MSK WARNING: has been deleted: MapInspector_Class20002 -- InstanceStorer.isStorableInstance()
2018.01.06 18:51:58.065 MSK WARNING: has been deleted: MapInspector_Class20003 -- InstanceStorer.isStorableInstance()
2018.01.06 18:51:58.065 MSK WARNING: has been deleted: MapInspector_Class20004 -- InstanceStorer.isStorableInstance()
2018.01.06 18:51:58.065 MSK WARNING: has been deleted: MapInspector_Class20005 -- InstanceStorer.isStorableInstance()
2018.01.06 18:51:58.065 MSK WARNING: has been deleted: MapInspector_Class20006 -- InstanceStorer.isStorableInstance()
2018.01.06 18:51:58.066 MSK WARNING: has been deleted: MapInspector_Class20007 -- InstanceStorer.isStorableInstance()
2018.01.06 18:51:58.066 MSK WARNING: has been deleted: MapInspector_Class20008 -- InstanceStorer.isStorableInstance()
2018.01.06 18:51:58.066 MSK WARNING: has been deleted: MapInspector_Class20009 -- InstanceStorer.isStorableInstance()
2018.01.06 18:51:58.066 MSK WARNING: has been deleted: MapInspector_Class20010 -- InstanceStorer.isStorableInstance()
2018.01.06 18:51:58.066 MSK WARNING: has been deleted: MapInspector_Class20011 -- InstanceStorer.isStorableInstance()
2018.01.06 18:51:58.066 MSK WARNING: has been deleted: MapInspector_Class20012 -- InstanceStorer.isStorableInstance()
2018.01.06 18:51:58.066 MSK WARNING: has been deleted: MapInspector_Class20013 -- InstanceStorer.isStorableInstance()
2018.01.06 18:51:58.067 MSK WARNING: has been deleted: MapInspector_Class20014 -- InstanceStorer.isStorableInstance()
2018.01.06 18:51:58.067 MSK WARNING: has been deleted: MapInspector_Class20015 -- InstanceStorer.isStorableInstance()
2018.01.06 18:51:58.067 MSK WARNING: has been deleted: MapInspector_Class20016 -- InstanceStorer.isStorableInstance()
2018.01.06 18:51:58.067 MSK WARNING: has been deleted: MapInspector_Class20017 -- InstanceStorer.isStorableInstance()
2018.01.06 18:51:58.067 MSK WARNING: has been deleted: MapInspector_Class20018 -- InstanceStorer.isStorableInstance()
