2018.11.04 12:36:45.220 MSK INFO: *** SYSTEM START *** -- SystemUtilities.logSystemInfo()
2018.11.04 12:36:45.223 MSK CONFIG: Protege 3.5 Build 663, JVM 1.8.0_31-b13, memory=1908M, Mac OS X, encoding=UTF-8, language=en, country=US -- SystemUtilities.logSystemInfo()
2018.11.04 12:36:45.253 MSK WARNING: Plugins directory not found: /Users/ru/clojure/simpro-scene/plugins -- PluginUtilities.findPluginsDirectory()
2018.11.04 12:36:46.756 MSK WARNING: missing bundle: standard_extensions_text -- BundleHelper.<init>()
2018.11.04 12:36:46.775 MSK WARNING: no resource bundle: tab.queries -- BundleHelper.internalGetText()
2018.11.04 12:36:53.891 MSK WARNING: missing bundle: protege_text -- BundleHelper.<init>()
2018.11.04 12:37:08.738 MSK INFO: Load time for file:/Users/ru/clojure/simpro-scene/pprj_examples/SailExpert.pprj = 0 sec (project) + 7 sec (ui) -- ProjectManager$3.run()
2018.11.04 14:47:51.867 MSK SEVERE: null -- java.lang.RuntimeException: Unable to resolve symbol: iso8601curt in this context, compiling:(clojure/sail/exp.clj:129:13)
	at clojure.lang.Compiler.analyze(Compiler.java:6792)
	at clojure.lang.Compiler.analyze(Compiler.java:6729)
	at clojure.lang.Compiler$InvokeExpr.parse(Compiler.java:3813)
	at clojure.lang.Compiler.analyzeSeq(Compiler.java:7005)
	at clojure.lang.Compiler.analyze(Compiler.java:6773)
	at clojure.lang.Compiler.access$300(Compiler.java:38)
	at clojure.lang.Compiler$LetExpr$Parser.parse(Compiler.java:6368)
	at clojure.lang.Compiler.analyzeSeq(Compiler.java:7003)
	at clojure.lang.Compiler.analyze(Compiler.java:6773)
	at clojure.lang.Compiler.analyzeSeq(Compiler.java:6991)
	at clojure.lang.Compiler.analyze(Compiler.java:6773)
	at clojure.lang.Compiler.analyze(Compiler.java:6729)
	at clojure.lang.Compiler$BodyExpr$Parser.parse(Compiler.java:6100)
	at clojure.lang.Compiler$FnMethod.parse(Compiler.java:5460)
	at clojure.lang.Compiler$FnExpr.parse(Compiler.java:4022)
	at clojure.lang.Compiler.analyzeSeq(Compiler.java:7001)
	at clojure.lang.Compiler.analyze(Compiler.java:6773)
	at clojure.lang.Compiler.analyzeSeq(Compiler.java:6991)
	at clojure.lang.Compiler.analyze(Compiler.java:6773)
	at clojure.lang.Compiler.access$300(Compiler.java:38)
	at clojure.lang.Compiler$DefExpr$Parser.parse(Compiler.java:595)
	at clojure.lang.Compiler.analyzeSeq(Compiler.java:7003)
	at clojure.lang.Compiler.analyze(Compiler.java:6773)
	at clojure.lang.Compiler.analyze(Compiler.java:6729)
	at clojure.lang.Compiler.eval(Compiler.java:7066)
	at clojure.lang.Compiler.load(Compiler.java:7514)
	at clojure.lang.RT.loadResourceScript(RT.java:379)
	at clojure.lang.RT.loadResourceScript(RT.java:370)
	at clojure.lang.RT.load(RT.java:460)
	at clojure.lang.RT.load(RT.java:426)
	at clojure.core$load$fn__6548.invoke(core.clj:6046)
	at clojure.core$load.invokeStatic(core.clj:6045)
	at clojure.core$load.doInvoke(core.clj:6029)
	at clojure.lang.RestFn.invoke(RestFn.java:408)
	at clojure.lang.Var.invoke(Var.java:381)
	at clojuretab.ClojureTab.loadProgram(ClojureTab.java:544)
	at clojuretab.ClojureTab.loadSelectedPrograms(ClojureTab.java:533)
	at clojuretab.ClojureTab.access$3(ClojureTab.java:529)
	at clojuretab.ClojureTab$5.actionPerformed(ClojureTab.java:255)
	at javax.swing.AbstractButton.fireActionPerformed(AbstractButton.java:2022)
	at javax.swing.AbstractButton$Handler.actionPerformed(AbstractButton.java:2346)
	at javax.swing.DefaultButtonModel.fireActionPerformed(DefaultButtonModel.java:402)
	at javax.swing.DefaultButtonModel.setPressed(DefaultButtonModel.java:259)
	at javax.swing.plaf.basic.BasicButtonListener.mouseReleased(BasicButtonListener.java:252)
	at java.awt.AWTEventMulticaster.mouseReleased(AWTEventMulticaster.java:289)
	at java.awt.Component.processMouseEvent(Component.java:6525)
	at javax.swing.JComponent.processMouseEvent(JComponent.java:3322)
	at java.awt.Component.processEvent(Component.java:6290)
	at java.awt.Container.processEvent(Container.java:2234)
	at java.awt.Component.dispatchEventImpl(Component.java:4881)
	at java.awt.Container.dispatchEventImpl(Container.java:2292)
	at java.awt.Component.dispatchEvent(Component.java:4703)
	at java.awt.LightweightDispatcher.retargetMouseEvent(Container.java:4898)
	at java.awt.LightweightDispatcher.processMouseEvent(Container.java:4533)
	at java.awt.LightweightDispatcher.dispatchEvent(Container.java:4462)
	at java.awt.Container.dispatchEventImpl(Container.java:2278)
	at java.awt.Window.dispatchEventImpl(Window.java:2739)
	at java.awt.Component.dispatchEvent(Component.java:4703)
	at java.awt.EventQueue.dispatchEventImpl(EventQueue.java:751)
	at java.awt.EventQueue.access$500(EventQueue.java:97)
	at java.awt.EventQueue$3.run(EventQueue.java:702)
	at java.awt.EventQueue$3.run(EventQueue.java:696)
	at java.security.AccessController.doPrivileged(Native Method)
	at java.security.ProtectionDomain$1.doIntersectionPrivilege(ProtectionDomain.java:75)
	at java.security.ProtectionDomain$1.doIntersectionPrivilege(ProtectionDomain.java:86)
	at java.awt.EventQueue$4.run(EventQueue.java:724)
	at java.awt.EventQueue$4.run(EventQueue.java:722)
	at java.security.AccessController.doPrivileged(Native Method)
	at java.security.ProtectionDomain$1.doIntersectionPrivilege(ProtectionDomain.java:75)
	at java.awt.EventQueue.dispatchEvent(EventQueue.java:721)
	at java.awt.EventDispatchThread.pumpOneEventForFilters(EventDispatchThread.java:201)
	at java.awt.EventDispatchThread.pumpEventsForFilter(EventDispatchThread.java:116)
	at java.awt.EventDispatchThread.pumpEventsForHierarchy(EventDispatchThread.java:105)
	at java.awt.EventDispatchThread.pumpEvents(EventDispatchThread.java:101)
	at java.awt.EventDispatchThread.pumpEvents(EventDispatchThread.java:93)
	at java.awt.EventDispatchThread.run(EventDispatchThread.java:82)
Caused by: java.lang.RuntimeException: Unable to resolve symbol: iso8601curt in this context
	at clojure.lang.Util.runtimeException(Util.java:221)
	at clojure.lang.Compiler.resolveIn(Compiler.java:7299)
	at clojure.lang.Compiler.resolve(Compiler.java:7243)
	at clojure.lang.Compiler.analyzeSymbol(Compiler.java:7204)
	at clojure.lang.Compiler.analyze(Compiler.java:6752)
	... 75 more

2018.11.04 14:49:05.913 MSK SEVERE: null -- java.lang.RuntimeException: Unable to resolve symbol: BASE-URL in this context, compiling:(clojure/sail/exp.clj:132:12)
	at clojure.lang.Compiler.analyze(Compiler.java:6792)
	at clojure.lang.Compiler.analyze(Compiler.java:6729)
	at clojure.lang.Compiler$InvokeExpr.parse(Compiler.java:3881)
	at clojure.lang.Compiler.analyzeSeq(Compiler.java:7005)
	at clojure.lang.Compiler.analyze(Compiler.java:6773)
	at clojure.lang.Compiler.access$300(Compiler.java:38)
	at clojure.lang.Compiler$LetExpr$Parser.parse(Compiler.java:6368)
	at clojure.lang.Compiler.analyzeSeq(Compiler.java:7003)
	at clojure.lang.Compiler.analyze(Compiler.java:6773)
	at clojure.lang.Compiler.analyzeSeq(Compiler.java:6991)
	at clojure.lang.Compiler.analyze(Compiler.java:6773)
	at clojure.lang.Compiler.analyze(Compiler.java:6729)
	at clojure.lang.Compiler$BodyExpr$Parser.parse(Compiler.java:6100)
	at clojure.lang.Compiler$FnMethod.parse(Compiler.java:5460)
	at clojure.lang.Compiler$FnExpr.parse(Compiler.java:4022)
	at clojure.lang.Compiler.analyzeSeq(Compiler.java:7001)
	at clojure.lang.Compiler.analyze(Compiler.java:6773)
	at clojure.lang.Compiler.analyzeSeq(Compiler.java:6991)
	at clojure.lang.Compiler.analyze(Compiler.java:6773)
	at clojure.lang.Compiler.access$300(Compiler.java:38)
	at clojure.lang.Compiler$DefExpr$Parser.parse(Compiler.java:595)
	at clojure.lang.Compiler.analyzeSeq(Compiler.java:7003)
	at clojure.lang.Compiler.analyze(Compiler.java:6773)
	at clojure.lang.Compiler.analyze(Compiler.java:6729)
	at clojure.lang.Compiler.eval(Compiler.java:7066)
	at clojure.lang.Compiler.load(Compiler.java:7514)
	at clojure.lang.RT.loadResourceScript(RT.java:379)
	at clojure.lang.RT.loadResourceScript(RT.java:370)
	at clojure.lang.RT.load(RT.java:460)
	at clojure.lang.RT.load(RT.java:426)
	at clojure.core$load$fn__6548.invoke(core.clj:6046)
	at clojure.core$load.invokeStatic(core.clj:6045)
	at clojure.core$load.doInvoke(core.clj:6029)
	at clojure.lang.RestFn.invoke(RestFn.java:408)
	at clojure.lang.Var.invoke(Var.java:381)
	at clojuretab.ClojureTab.loadProgram(ClojureTab.java:544)
	at clojuretab.ClojureTab.loadSelectedPrograms(ClojureTab.java:533)
	at clojuretab.ClojureTab.access$3(ClojureTab.java:529)
	at clojuretab.ClojureTab$5.actionPerformed(ClojureTab.java:255)
	at javax.swing.AbstractButton.fireActionPerformed(AbstractButton.java:2022)
	at javax.swing.AbstractButton$Handler.actionPerformed(AbstractButton.java:2346)
	at javax.swing.DefaultButtonModel.fireActionPerformed(DefaultButtonModel.java:402)
	at javax.swing.DefaultButtonModel.setPressed(DefaultButtonModel.java:259)
	at javax.swing.plaf.basic.BasicButtonListener.mouseReleased(BasicButtonListener.java:252)
	at java.awt.AWTEventMulticaster.mouseReleased(AWTEventMulticaster.java:289)
	at java.awt.Component.processMouseEvent(Component.java:6525)
	at javax.swing.JComponent.processMouseEvent(JComponent.java:3322)
	at java.awt.Component.processEvent(Component.java:6290)
	at java.awt.Container.processEvent(Container.java:2234)
	at java.awt.Component.dispatchEventImpl(Component.java:4881)
	at java.awt.Container.dispatchEventImpl(Container.java:2292)
	at java.awt.Component.dispatchEvent(Component.java:4703)
	at java.awt.LightweightDispatcher.retargetMouseEvent(Container.java:4898)
	at java.awt.LightweightDispatcher.processMouseEvent(Container.java:4533)
	at java.awt.LightweightDispatcher.dispatchEvent(Container.java:4462)
	at java.awt.Container.dispatchEventImpl(Container.java:2278)
	at java.awt.Window.dispatchEventImpl(Window.java:2739)
	at java.awt.Component.dispatchEvent(Component.java:4703)
	at java.awt.EventQueue.dispatchEventImpl(EventQueue.java:751)
	at java.awt.EventQueue.access$500(EventQueue.java:97)
	at java.awt.EventQueue$3.run(EventQueue.java:702)
	at java.awt.EventQueue$3.run(EventQueue.java:696)
	at java.security.AccessController.doPrivileged(Native Method)
	at java.security.ProtectionDomain$1.doIntersectionPrivilege(ProtectionDomain.java:75)
	at java.security.ProtectionDomain$1.doIntersectionPrivilege(ProtectionDomain.java:86)
	at java.awt.EventQueue$4.run(EventQueue.java:724)
	at java.awt.EventQueue$4.run(EventQueue.java:722)
	at java.security.AccessController.doPrivileged(Native Method)
	at java.security.ProtectionDomain$1.doIntersectionPrivilege(ProtectionDomain.java:75)
	at java.awt.EventQueue.dispatchEvent(EventQueue.java:721)
	at java.awt.EventDispatchThread.pumpOneEventForFilters(EventDispatchThread.java:201)
	at java.awt.EventDispatchThread.pumpEventsForFilter(EventDispatchThread.java:116)
	at java.awt.EventDispatchThread.pumpEventsForHierarchy(EventDispatchThread.java:105)
	at java.awt.EventDispatchThread.pumpEvents(EventDispatchThread.java:101)
	at java.awt.EventDispatchThread.pumpEvents(EventDispatchThread.java:93)
	at java.awt.EventDispatchThread.run(EventDispatchThread.java:82)
Caused by: java.lang.RuntimeException: Unable to resolve symbol: BASE-URL in this context
	at clojure.lang.Util.runtimeException(Util.java:221)
	at clojure.lang.Compiler.resolveIn(Compiler.java:7299)
	at clojure.lang.Compiler.resolve(Compiler.java:7243)
	at clojure.lang.Compiler.analyzeSymbol(Compiler.java:7204)
	at clojure.lang.Compiler.analyze(Compiler.java:6752)
	... 75 more

2018.11.04 17:42:58.885 MSK SEVERE: null -- clojure.lang.ExceptionInfo: Call to clojure.core/defn did not conform to spec:
In: [1 0] val: label fails spec: :clojure.core.specs.alpha/arg-list at: [:args :bs :arity-n :bodies :args] predicate: vector?
In: [1 2] val: ([8 -8] img-url bil-scl [tim1 lon1 lat1 alt1] [tim2 lon2 lat2 alt2]) fails spec: :clojure.core.specs.alpha/arg-list at: [:args :bs :arity-1 :args] predicate: (cat :args (* :clojure.core.specs.alpha/binding-form) :varargs (? (cat :amp #{(quote &)} :form :clojure.core.specs.alpha/binding-form))),  Extra input
 {:clojure.spec.alpha/problems ({:path [:args :bs :arity-1 :args], :reason "Extra input", :pred (clojure.spec.alpha/cat :args (clojure.spec.alpha/* :clojure.core.specs.alpha/binding-form) :varargs (clojure.spec.alpha/? (clojure.spec.alpha/cat :amp #{(quote &)} :form :clojure.core.specs.alpha/binding-form))), :val ([8 -8] img-url bil-scl [tim1 lon1 lat1 alt1] [tim2 lon2 lat2 alt2]), :via [:clojure.core.specs.alpha/defn-args :clojure.core.specs.alpha/args+body :clojure.core.specs.alpha/arg-list :clojure.core.specs.alpha/arg-list], :in [1 2]} {:path [:args :bs :arity-n :bodies :args], :pred clojure.core/vector?, :val label, :via [:clojure.core.specs.alpha/defn-args :clojure.core.specs.alpha/args+body :clojure.core.specs.alpha/args+body :clojure.core.specs.alpha/args+body :clojure.core.specs.alpha/arg-list :clojure.core.specs.alpha/arg-list], :in [1 0]}), :clojure.spec.alpha/spec #object[clojure.spec.alpha$regex_spec_impl$reify__2436 0x7252b7bc "clojure.spec.alpha$regex_spec_impl$reify__2436@7252b7bc"], :clojure.spec.alpha/value (boat-leg [label lab-scl [8 -8] img-url bil-scl [tim1 lon1 lat1 alt1] [tim2 lon2 lat2 alt2]] (let [p {:id label, :label {:scale lab-scl, :pixelOffset {:cartesian2 lab-off}, :text label}, :billboard {:scale bil-scl, :heightReference "RELATIVE_TO_GROUND", :verticalOrigin "BOTTOM", :image img-url}, :position {:cartographicDegrees [tim1 lon1 lat1 alt1 tim2 lon2 lat2 alt2]}}] (if (not cesium.core/DOC-SENT) (cesium.core/send-doc-curt)) (cesium.core/send-event "czml" (clojure.data.json/write-str p)))), :clojure.spec.alpha/args (boat-leg [label lab-scl [8 -8] img-url bil-scl [tim1 lon1 lat1 alt1] [tim2 lon2 lat2 alt2]] (let [p {:id label, :label {:scale lab-scl, :pixelOffset {:cartesian2 lab-off}, :text label}, :billboard {:scale bil-scl, :heightReference "RELATIVE_TO_GROUND", :verticalOrigin "BOTTOM", :image img-url}, :position {:cartographicDegrees [tim1 lon1 lat1 alt1 tim2 lon2 lat2 alt2]}}] (if (not cesium.core/DOC-SENT) (cesium.core/send-doc-curt)) (cesium.core/send-event "czml" (clojure.data.json/write-str p))))}, compiling:(clojure/sail/exp.clj:104:1)
	at clojure.lang.Compiler.checkSpecs(Compiler.java:6891)
	at clojure.lang.Compiler.macroexpand1(Compiler.java:6907)
	at clojure.lang.Compiler.macroexpand(Compiler.java:6972)
	at clojure.lang.Compiler.eval(Compiler.java:7046)
	at clojure.lang.Compiler.load(Compiler.java:7514)
	at clojure.lang.RT.loadResourceScript(RT.java:379)
	at clojure.lang.RT.loadResourceScript(RT.java:370)
	at clojure.lang.RT.load(RT.java:460)
	at clojure.lang.RT.load(RT.java:426)
	at clojure.core$load$fn__6548.invoke(core.clj:6046)
	at clojure.core$load.invokeStatic(core.clj:6045)
	at clojure.core$load.doInvoke(core.clj:6029)
	at clojure.lang.RestFn.invoke(RestFn.java:408)
	at clojure.lang.Var.invoke(Var.java:381)
	at clojuretab.ClojureTab.loadProgram(ClojureTab.java:544)
	at clojuretab.ClojureTab.loadSelectedPrograms(ClojureTab.java:533)
	at clojuretab.ClojureTab.access$3(ClojureTab.java:529)
	at clojuretab.ClojureTab$5.actionPerformed(ClojureTab.java:255)
	at javax.swing.AbstractButton.fireActionPerformed(AbstractButton.java:2022)
	at javax.swing.AbstractButton$Handler.actionPerformed(AbstractButton.java:2346)
	at javax.swing.DefaultButtonModel.fireActionPerformed(DefaultButtonModel.java:402)
	at javax.swing.DefaultButtonModel.setPressed(DefaultButtonModel.java:259)
	at javax.swing.plaf.basic.BasicButtonListener.mouseReleased(BasicButtonListener.java:252)
	at java.awt.AWTEventMulticaster.mouseReleased(AWTEventMulticaster.java:289)
	at java.awt.Component.processMouseEvent(Component.java:6525)
	at javax.swing.JComponent.processMouseEvent(JComponent.java:3322)
	at java.awt.Component.processEvent(Component.java:6290)
	at java.awt.Container.processEvent(Container.java:2234)
	at java.awt.Component.dispatchEventImpl(Component.java:4881)
	at java.awt.Container.dispatchEventImpl(Container.java:2292)
	at java.awt.Component.dispatchEvent(Component.java:4703)
	at java.awt.LightweightDispatcher.retargetMouseEvent(Container.java:4898)
	at java.awt.LightweightDispatcher.processMouseEvent(Container.java:4533)
	at java.awt.LightweightDispatcher.dispatchEvent(Container.java:4462)
	at java.awt.Container.dispatchEventImpl(Container.java:2278)
	at java.awt.Window.dispatchEventImpl(Window.java:2739)
	at java.awt.Component.dispatchEvent(Component.java:4703)
	at java.awt.EventQueue.dispatchEventImpl(EventQueue.java:751)
	at java.awt.EventQueue.access$500(EventQueue.java:97)
	at java.awt.EventQueue$3.run(EventQueue.java:702)
	at java.awt.EventQueue$3.run(EventQueue.java:696)
	at java.security.AccessController.doPrivileged(Native Method)
	at java.security.ProtectionDomain$1.doIntersectionPrivilege(ProtectionDomain.java:75)
	at java.security.ProtectionDomain$1.doIntersectionPrivilege(ProtectionDomain.java:86)
	at java.awt.EventQueue$4.run(EventQueue.java:724)
	at java.awt.EventQueue$4.run(EventQueue.java:722)
	at java.security.AccessController.doPrivileged(Native Method)
	at java.security.ProtectionDomain$1.doIntersectionPrivilege(ProtectionDomain.java:75)
	at java.awt.EventQueue.dispatchEvent(EventQueue.java:721)
	at java.awt.EventDispatchThread.pumpOneEventForFilters(EventDispatchThread.java:201)
	at java.awt.EventDispatchThread.pumpEventsForFilter(EventDispatchThread.java:116)
	at java.awt.EventDispatchThread.pumpEventsForHierarchy(EventDispatchThread.java:105)
	at java.awt.EventDispatchThread.pumpEvents(EventDispatchThread.java:101)
	at java.awt.EventDispatchThread.pumpEvents(EventDispatchThread.java:93)
	at java.awt.EventDispatchThread.run(EventDispatchThread.java:82)
Caused by: clojure.lang.ExceptionInfo: Call to clojure.core/defn did not conform to spec:
In: [1 0] val: label fails spec: :clojure.core.specs.alpha/arg-list at: [:args :bs :arity-n :bodies :args] predicate: vector?
In: [1 2] val: ([8 -8] img-url bil-scl [tim1 lon1 lat1 alt1] [tim2 lon2 lat2 alt2]) fails spec: :clojure.core.specs.alpha/arg-list at: [:args :bs :arity-1 :args] predicate: (cat :args (* :clojure.core.specs.alpha/binding-form) :varargs (? (cat :amp #{(quote &)} :form :clojure.core.specs.alpha/binding-form))),  Extra input
 {:clojure.spec.alpha/problems ({:path [:args :bs :arity-1 :args], :reason "Extra input", :pred (clojure.spec.alpha/cat :args (clojure.spec.alpha/* :clojure.core.specs.alpha/binding-form) :varargs (clojure.spec.alpha/? (clojure.spec.alpha/cat :amp #{(quote &)} :form :clojure.core.specs.alpha/binding-form))), :val ([8 -8] img-url bil-scl [tim1 lon1 lat1 alt1] [tim2 lon2 lat2 alt2]), :via [:clojure.core.specs.alpha/defn-args :clojure.core.specs.alpha/args+body :clojure.core.specs.alpha/arg-list :clojure.core.specs.alpha/arg-list], :in [1 2]} {:path [:args :bs :arity-n :bodies :args], :pred clojure.core/vector?, :val label, :via [:clojure.core.specs.alpha/defn-args :clojure.core.specs.alpha/args+body :clojure.core.specs.alpha/args+body :clojure.core.specs.alpha/args+body :clojure.core.specs.alpha/arg-list :clojure.core.specs.alpha/arg-list], :in [1 0]}), :clojure.spec.alpha/spec #object[clojure.spec.alpha$regex_spec_impl$reify__2436 0x7252b7bc "clojure.spec.alpha$regex_spec_impl$reify__2436@7252b7bc"], :clojure.spec.alpha/value (boat-leg [label lab-scl [8 -8] img-url bil-scl [tim1 lon1 lat1 alt1] [tim2 lon2 lat2 alt2]] (let [p {:id label, :label {:scale lab-scl, :pixelOffset {:cartesian2 lab-off}, :text label}, :billboard {:scale bil-scl, :heightReference "RELATIVE_TO_GROUND", :verticalOrigin "BOTTOM", :image img-url}, :position {:cartographicDegrees [tim1 lon1 lat1 alt1 tim2 lon2 lat2 alt2]}}] (if (not cesium.core/DOC-SENT) (cesium.core/send-doc-curt)) (cesium.core/send-event "czml" (clojure.data.json/write-str p)))), :clojure.spec.alpha/args (boat-leg [label lab-scl [8 -8] img-url bil-scl [tim1 lon1 lat1 alt1] [tim2 lon2 lat2 alt2]] (let [p {:id label, :label {:scale lab-scl, :pixelOffset {:cartesian2 lab-off}, :text label}, :billboard {:scale bil-scl, :heightReference "RELATIVE_TO_GROUND", :verticalOrigin "BOTTOM", :image img-url}, :position {:cartographicDegrees [tim1 lon1 lat1 alt1 tim2 lon2 lat2 alt2]}}] (if (not cesium.core/DOC-SENT) (cesium.core/send-doc-curt)) (cesium.core/send-event "czml" (clojure.data.json/write-str p))))}
	at clojure.core$ex_info.invokeStatic(core.clj:4739)
	at clojure.core$ex_info.invoke(core.clj:4739)
	at clojure.spec.alpha$macroexpand_check.invokeStatic(alpha.clj:689)
	at clojure.spec.alpha$macroexpand_check.invoke(alpha.clj:681)
	at clojure.lang.AFn.applyToHelper(AFn.java:156)
	at clojure.lang.AFn.applyTo(AFn.java:144)
	at clojure.lang.Var.applyTo(Var.java:702)
	at clojure.lang.Compiler.checkSpecs(Compiler.java:6889)
	... 54 more

2018.11.04 18:01:07.095 MSK INFO: Project load time for file:/Users/ru/clojure/simpro-scene/pprj_base/Cezium.pprj: 0 sec -- ProjectChooser.loadProject()
2018.11.04 18:01:07.589 MSK INFO: UI display time = 0 sec -- ProjectManager$2.run()
