2020.04.23 13:45:18.793 MSK INFO: *** SYSTEM START *** -- SystemUtilities.logSystemInfo()
2020.04.23 13:45:18.802 MSK CONFIG: Protege 3.5 Build 663, JVM 11.0.6+10-post-Debian-1deb10u1, memory=2076M, Linux, encoding=UTF-8, language=en, country=US -- SystemUtilities.logSystemInfo()
2020.04.23 13:45:18.813 MSK WARNING: Plugins directory not found: /home/ru/clojure/simpro-scene/plugins -- PluginUtilities.findPluginsDirectory()
2020.04.23 13:45:19.448 MSK WARNING: missing bundle: standard_extensions_text -- BundleHelper.<init>()
2020.04.23 13:45:19.450 MSK WARNING: no resource bundle: tab.queries -- BundleHelper.internalGetText()
2020.04.23 13:45:19.637 MSK WARNING: Look and feel not found:  -- SystemUtilities.setLookAndFeel()
2020.04.23 13:45:19.848 MSK WARNING: missing bundle: protege_text -- BundleHelper.<init>()
2020.04.23 13:45:37.482 MSK INFO: Load time for file:/home/ru/clojure/simpro-scene/pprj_cesium/CesiumBase.pprj = 0 sec (project) + 3 sec (ui) -- ProjectManager$3.run()
2020.04.23 16:03:50.550 MSK SEVERE: null -- clojure.lang.ExceptionInfo: failed compiling file:src/cljs/test/cesium/client.cljs {:file #object[java.io.File 0x6518c20f "src/cljs/test/cesium/client.cljs"]}
	at cljs.compiler$compile_file$fn__3822.invoke(compiler.cljc:1705)
	at cljs.compiler$compile_file.invokeStatic(compiler.cljc:1665)
	at cljs.compiler$compile_file.invoke(compiler.cljc:1641)
	at cljs.closure$compile_file.invokeStatic(closure.clj:647)
	at cljs.closure$compile_file.invoke(closure.clj:625)
	at cljs.closure$fn__5294.invokeStatic(closure.clj:721)
	at cljs.closure$fn__5294.invoke(closure.clj:715)
	at cljs.closure$fn__5207$G__5200__5214.invoke(closure.clj:543)
	at cljs.closure$compile_sources$iter__5420__5424$fn__5425.invoke(closure.clj:1081)
	at clojure.lang.LazySeq.sval(LazySeq.java:42)
	at clojure.lang.LazySeq.seq(LazySeq.java:51)
	at clojure.lang.Cons.next(Cons.java:39)
	at clojure.lang.RT.next(RT.java:713)
	at clojure.core$next__5386.invokeStatic(core.clj:64)
	at clojure.core$dorun.invokeStatic(core.clj:3142)
	at clojure.core$doall.invokeStatic(core.clj:3148)
	at clojure.core$doall.invoke(core.clj:3148)
	at cljs.closure$compile_sources.invokeStatic(closure.clj:1077)
	at cljs.closure$compile_sources.invoke(closure.clj:1066)
	at cljs.closure$build.invokeStatic(closure.clj:2995)
	at cljs.closure$build.invoke(closure.clj:2903)
	at cljs.build.api$build.invokeStatic(api.clj:208)
	at cljs.build.api$build.invoke(api.clj:189)
	at cljs.build.api$build.invokeStatic(api.clj:195)
	at cljs.build.api$build.invoke(api.clj:189)
	at cljs.compile$build.invokeStatic(compile.clj:69)
	at cljs.compile$build.invoke(compile.clj:42)
	at clojure.lang.Var.invoke(Var.java:388)
	at clojuretab.ClojureTab.invoke(ClojureTab.java:700)
	at clojuretab.ClojureActionButton$1.actionPerformed(ClojureActionButton.java:53)
	at java.desktop/javax.swing.AbstractButton.fireActionPerformed(AbstractButton.java:1967)
	at java.desktop/javax.swing.AbstractButton$Handler.actionPerformed(AbstractButton.java:2308)
	at java.desktop/javax.swing.DefaultButtonModel.fireActionPerformed(DefaultButtonModel.java:405)
	at java.desktop/javax.swing.DefaultButtonModel.setPressed(DefaultButtonModel.java:262)
	at java.desktop/javax.swing.plaf.basic.BasicButtonListener.mouseReleased(BasicButtonListener.java:279)
	at java.desktop/java.awt.Component.processMouseEvent(Component.java:6632)
	at java.desktop/javax.swing.JComponent.processMouseEvent(JComponent.java:3342)
	at java.desktop/java.awt.Component.processEvent(Component.java:6397)
	at java.desktop/java.awt.Container.processEvent(Container.java:2263)
	at java.desktop/java.awt.Component.dispatchEventImpl(Component.java:5008)
	at java.desktop/java.awt.Container.dispatchEventImpl(Container.java:2321)
	at java.desktop/java.awt.Component.dispatchEvent(Component.java:4840)
	at java.desktop/java.awt.LightweightDispatcher.retargetMouseEvent(Container.java:4918)
	at java.desktop/java.awt.LightweightDispatcher.processMouseEvent(Container.java:4547)
	at java.desktop/java.awt.LightweightDispatcher.dispatchEvent(Container.java:4488)
	at java.desktop/java.awt.Container.dispatchEventImpl(Container.java:2307)
	at java.desktop/java.awt.Window.dispatchEventImpl(Window.java:2772)
	at java.desktop/java.awt.Component.dispatchEvent(Component.java:4840)
	at java.desktop/java.awt.EventQueue.dispatchEventImpl(EventQueue.java:772)
	at java.desktop/java.awt.EventQueue$4.run(EventQueue.java:721)
	at java.desktop/java.awt.EventQueue$4.run(EventQueue.java:715)
	at java.base/java.security.AccessController.doPrivileged(Native Method)
	at java.base/java.security.ProtectionDomain$JavaSecurityAccessImpl.doIntersectionPrivilege(ProtectionDomain.java:85)
	at java.base/java.security.ProtectionDomain$JavaSecurityAccessImpl.doIntersectionPrivilege(ProtectionDomain.java:95)
	at java.desktop/java.awt.EventQueue$5.run(EventQueue.java:745)
	at java.desktop/java.awt.EventQueue$5.run(EventQueue.java:743)
	at java.base/java.security.AccessController.doPrivileged(Native Method)
	at java.base/java.security.ProtectionDomain$JavaSecurityAccessImpl.doIntersectionPrivilege(ProtectionDomain.java:85)
	at java.desktop/java.awt.EventQueue.dispatchEvent(EventQueue.java:742)
	at java.desktop/java.awt.EventDispatchThread.pumpOneEventForFilters(EventDispatchThread.java:203)
	at java.desktop/java.awt.EventDispatchThread.pumpEventsForFilter(EventDispatchThread.java:124)
	at java.desktop/java.awt.EventDispatchThread.pumpEventsForHierarchy(EventDispatchThread.java:113)
	at java.desktop/java.awt.EventDispatchThread.pumpEvents(EventDispatchThread.java:109)
	at java.desktop/java.awt.EventDispatchThread.pumpEvents(EventDispatchThread.java:101)
	at java.desktop/java.awt.EventDispatchThread.run(EventDispatchThread.java:90)
Caused by: clojure.lang.ExceptionInfo: set! target must be a field or a symbol naming a var at line 76 src/cljs/test/cesium/client.cljs {:file "src/cljs/test/cesium/client.cljs", :line 76, :column 3, :tag :cljs/analysis-error}
	at cljs.analyzer$error.invokeStatic(analyzer.cljc:718)
	at cljs.analyzer$error.invoke(analyzer.cljc:714)
	at cljs.analyzer$error.invokeStatic(analyzer.cljc:716)
	at cljs.analyzer$error.invoke(analyzer.cljc:714)
	at cljs.analyzer$fn__1932.invokeStatic(analyzer.cljc:2271)
	at cljs.analyzer$fn__1932.invoke(analyzer.cljc:2229)
	at clojure.lang.MultiFn.invoke(MultiFn.java:252)
	at cljs.analyzer$analyze_seq_STAR_.invokeStatic(analyzer.cljc:3600)
	at cljs.analyzer$analyze_seq_STAR_.invoke(analyzer.cljc:3598)
	at cljs.analyzer$analyze_seq_STAR__wrap.invokeStatic(analyzer.cljc:3605)
	at cljs.analyzer$analyze_seq_STAR__wrap.invoke(analyzer.cljc:3603)
	at cljs.analyzer$analyze_seq.invokeStatic(analyzer.cljc:3629)
	at cljs.analyzer$analyze_seq.invoke(analyzer.cljc:3607)
	at cljs.analyzer$analyze_form.invokeStatic(analyzer.cljc:3810)
	at cljs.analyzer$analyze_form.invoke(analyzer.cljc:3807)
	at cljs.analyzer$analyze_STAR_.invokeStatic(analyzer.cljc:3860)
	at cljs.analyzer$analyze_STAR_.invoke(analyzer.cljc:3851)
	at cljs.analyzer$analyze.invokeStatic(analyzer.cljc:3880)
	at cljs.analyzer$analyze.invoke(analyzer.cljc:3863)
	at cljs.analyzer$analyze.invokeStatic(analyzer.cljc:3873)
	at cljs.analyzer$analyze.invoke(analyzer.cljc:3863)
	at cljs.analyzer$analyze.invokeStatic(analyzer.cljc:3871)
	at cljs.analyzer$analyze.invoke(analyzer.cljc:3863)
	at cljs.analyzer$analyze_do_statements_STAR_$fn__1874.invoke(analyzer.cljc:2032)
	at clojure.core$mapv$fn__8445.invoke(core.clj:6912)
	at clojure.lang.ArrayChunk.reduce(ArrayChunk.java:63)
	at clojure.core.protocols$fn__8154.invokeStatic(protocols.clj:136)
	at clojure.core.protocols$fn__8154.invoke(protocols.clj:124)
	at clojure.core.protocols$fn__8114$G__8109__8123.invoke(protocols.clj:19)
	at clojure.core.protocols$seq_reduce.invokeStatic(protocols.clj:31)
	at clojure.core.protocols$fn__8144.invokeStatic(protocols.clj:75)
	at clojure.core.protocols$fn__8144.invoke(protocols.clj:75)
	at clojure.core.protocols$fn__8088$G__8083__8101.invoke(protocols.clj:13)
	at clojure.core$reduce.invokeStatic(core.clj:6828)
	at clojure.core$mapv.invokeStatic(core.clj:6903)
	at clojure.core$mapv.invoke(core.clj:6903)
	at cljs.analyzer$analyze_do_statements_STAR_.invokeStatic(analyzer.cljc:2032)
	at cljs.analyzer$analyze_do_statements_STAR_.invoke(analyzer.cljc:2031)
	at cljs.analyzer$analyze_do_statements.invokeStatic(analyzer.cljc:2035)
	at cljs.analyzer$analyze_do_statements.invoke(analyzer.cljc:2034)
	at cljs.analyzer$fn__1879.invokeStatic(analyzer.cljc:2039)
	at cljs.analyzer$fn__1879.invoke(analyzer.cljc:2037)
	at clojure.lang.MultiFn.invoke(MultiFn.java:252)
	at cljs.analyzer$analyze_seq_STAR_.invokeStatic(analyzer.cljc:3600)
	at cljs.analyzer$analyze_seq_STAR_.invoke(analyzer.cljc:3598)
	at cljs.analyzer$analyze_seq_STAR__wrap.invokeStatic(analyzer.cljc:3605)
	at cljs.analyzer$analyze_seq_STAR__wrap.invoke(analyzer.cljc:3603)
	at cljs.analyzer$analyze_seq.invokeStatic(analyzer.cljc:3629)
	at cljs.analyzer$analyze_seq.invoke(analyzer.cljc:3607)
	at cljs.analyzer$analyze_form.invokeStatic(analyzer.cljc:3810)
	at cljs.analyzer$analyze_form.invoke(analyzer.cljc:3807)
	at cljs.analyzer$analyze_STAR_.invokeStatic(analyzer.cljc:3860)
	at cljs.analyzer$analyze_STAR_.invoke(analyzer.cljc:3851)
	at cljs.analyzer$analyze.invokeStatic(analyzer.cljc:3880)
	at cljs.analyzer$analyze.invoke(analyzer.cljc:3863)
	at cljs.analyzer$analyze.invokeStatic(analyzer.cljc:3873)
	at cljs.analyzer$analyze.invoke(analyzer.cljc:3863)
	at cljs.analyzer$analyze.invokeStatic(analyzer.cljc:3871)
	at cljs.analyzer$analyze.invoke(analyzer.cljc:3863)
	at cljs.analyzer$analyze_let_body_STAR_.invokeStatic(analyzer.cljc:2117)
	at cljs.analyzer$analyze_let_body_STAR_.invoke(analyzer.cljc:2116)
	at cljs.analyzer$analyze_let_body.invokeStatic(analyzer.cljc:2122)
	at cljs.analyzer$analyze_let_body.invoke(analyzer.cljc:2119)
	at cljs.analyzer$analyze_let.invokeStatic(analyzer.cljc:2139)
	at cljs.analyzer$analyze_let.invoke(analyzer.cljc:2124)
	at cljs.analyzer$fn__1898.invokeStatic(analyzer.cljc:2150)
	at cljs.analyzer$fn__1898.invoke(analyzer.cljc:2148)
	at clojure.lang.MultiFn.invoke(MultiFn.java:252)
	at cljs.analyzer$analyze_seq_STAR_.invokeStatic(analyzer.cljc:3600)
	at cljs.analyzer$analyze_seq_STAR_.invoke(analyzer.cljc:3598)
	at cljs.analyzer$analyze_seq_STAR__wrap.invokeStatic(analyzer.cljc:3605)
	at cljs.analyzer$analyze_seq_STAR__wrap.invoke(analyzer.cljc:3603)
	at cljs.analyzer$analyze_seq.invokeStatic(analyzer.cljc:3629)
	at cljs.analyzer$analyze_seq.invoke(analyzer.cljc:3607)
	at cljs.analyzer$analyze_form.invokeStatic(analyzer.cljc:3810)
	at cljs.analyzer$analyze_form.invoke(analyzer.cljc:3807)
	at cljs.analyzer$analyze_STAR_.invokeStatic(analyzer.cljc:3860)
	at cljs.analyzer$analyze_STAR_.invoke(analyzer.cljc:3851)
	at cljs.analyzer$analyze.invokeStatic(analyzer.cljc:3880)
	at cljs.analyzer$analyze.invoke(analyzer.cljc:3863)
	at cljs.analyzer$analyze_seq.invokeStatic(analyzer.cljc:3630)
	at cljs.analyzer$analyze_seq.invoke(analyzer.cljc:3607)
	at cljs.analyzer$analyze_form.invokeStatic(analyzer.cljc:3810)
	at cljs.analyzer$analyze_form.invoke(analyzer.cljc:3807)
	at cljs.analyzer$analyze_STAR_.invokeStatic(analyzer.cljc:3860)
	at cljs.analyzer$analyze_STAR_.invoke(analyzer.cljc:3851)
	at cljs.analyzer$analyze.invokeStatic(analyzer.cljc:3880)
	at cljs.analyzer$analyze.invoke(analyzer.cljc:3863)
	at cljs.analyzer$analyze.invokeStatic(analyzer.cljc:3873)
	at cljs.analyzer$analyze.invoke(analyzer.cljc:3863)
	at cljs.analyzer$analyze.invokeStatic(analyzer.cljc:3871)
	at cljs.analyzer$analyze.invoke(analyzer.cljc:3863)
	at cljs.analyzer$fn__1879.invokeStatic(analyzer.cljc:2041)
	at cljs.analyzer$fn__1879.invoke(analyzer.cljc:2037)
	at clojure.lang.MultiFn.invoke(MultiFn.java:252)
	at cljs.analyzer$analyze_seq_STAR_.invokeStatic(analyzer.cljc:3600)
	at cljs.analyzer$analyze_seq_STAR_.invoke(analyzer.cljc:3598)
	at cljs.analyzer$analyze_seq_STAR__wrap.invokeStatic(analyzer.cljc:3605)
	at cljs.analyzer$analyze_seq_STAR__wrap.invoke(analyzer.cljc:3603)
	at cljs.analyzer$analyze_seq.invokeStatic(analyzer.cljc:3629)
	at cljs.analyzer$analyze_seq.invoke(analyzer.cljc:3607)
	at cljs.analyzer$analyze_form.invokeStatic(analyzer.cljc:3810)
	at cljs.analyzer$analyze_form.invoke(analyzer.cljc:3807)
	at cljs.analyzer$analyze_STAR_.invokeStatic(analyzer.cljc:3860)
	at cljs.analyzer$analyze_STAR_.invoke(analyzer.cljc:3851)
	at cljs.analyzer$analyze.invokeStatic(analyzer.cljc:3880)
	at cljs.analyzer$analyze.invoke(analyzer.cljc:3863)
	at cljs.analyzer$analyze.invokeStatic(analyzer.cljc:3873)
	at cljs.analyzer$analyze.invoke(analyzer.cljc:3863)
	at cljs.analyzer$analyze.invokeStatic(analyzer.cljc:3871)
	at cljs.analyzer$analyze.invoke(analyzer.cljc:3863)
	at cljs.analyzer$analyze_fn_method_body.invokeStatic(analyzer.cljc:1835)
	at cljs.analyzer$analyze_fn_method_body.invoke(analyzer.cljc:1833)
	at cljs.analyzer$analyze_fn_method.invokeStatic(analyzer.cljc:1856)
	at cljs.analyzer$analyze_fn_method.invoke(analyzer.cljc:1837)
	at cljs.analyzer$analyze_fn_methods_pass2_STAR_$fn__1836.invoke(analyzer.cljc:1894)
	at clojure.core$mapv$fn__8445.invoke(core.clj:6912)
	at clojure.core.protocols$fn__8159.invokeStatic(protocols.clj:168)
	at clojure.core.protocols$fn__8159.invoke(protocols.clj:124)
	at clojure.core.protocols$fn__8114$G__8109__8123.invoke(protocols.clj:19)
	at clojure.core.protocols$seq_reduce.invokeStatic(protocols.clj:31)
	at clojure.core.protocols$fn__8144.invokeStatic(protocols.clj:75)
	at clojure.core.protocols$fn__8144.invoke(protocols.clj:75)
	at clojure.core.protocols$fn__8088$G__8083__8101.invoke(protocols.clj:13)
	at clojure.core$reduce.invokeStatic(core.clj:6828)
	at clojure.core$mapv.invokeStatic(core.clj:6903)
	at clojure.core$mapv.invoke(core.clj:6903)
	at cljs.analyzer$analyze_fn_methods_pass2_STAR_.invokeStatic(analyzer.cljc:1894)
	at cljs.analyzer$analyze_fn_methods_pass2_STAR_.invoke(analyzer.cljc:1893)
	at cljs.analyzer$analyze_fn_methods_pass2.invokeStatic(analyzer.cljc:1897)
	at cljs.analyzer$analyze_fn_methods_pass2.invoke(analyzer.cljc:1896)
	at cljs.analyzer$fn__1842$fn__1847.invoke(analyzer.cljc:1942)
	at cljs.analyzer$fn__1842.invokeStatic(analyzer.cljc:1942)
	at cljs.analyzer$fn__1842.invoke(analyzer.cljc:1899)
	at clojure.lang.MultiFn.invoke(MultiFn.java:252)
	at cljs.analyzer$analyze_seq_STAR_.invokeStatic(analyzer.cljc:3600)
	at cljs.analyzer$analyze_seq_STAR_.invoke(analyzer.cljc:3598)
	at cljs.analyzer$analyze_seq_STAR__wrap.invokeStatic(analyzer.cljc:3605)
	at cljs.analyzer$analyze_seq_STAR__wrap.invoke(analyzer.cljc:3603)
	at cljs.analyzer$analyze_seq.invokeStatic(analyzer.cljc:3629)
	at cljs.analyzer$analyze_seq.invoke(analyzer.cljc:3607)
	at cljs.analyzer$analyze_form.invokeStatic(analyzer.cljc:3810)
	at cljs.analyzer$analyze_form.invoke(analyzer.cljc:3807)
	at cljs.analyzer$analyze_STAR_.invokeStatic(analyzer.cljc:3860)
	at cljs.analyzer$analyze_STAR_.invoke(analyzer.cljc:3851)
	at cljs.analyzer$analyze.invokeStatic(analyzer.cljc:3880)
	at cljs.analyzer$analyze.invoke(analyzer.cljc:3863)
	at cljs.analyzer$analyze_seq.invokeStatic(analyzer.cljc:3630)
	at cljs.analyzer$analyze_seq.invoke(analyzer.cljc:3607)
	at cljs.analyzer$analyze_form.invokeStatic(analyzer.cljc:3810)
	at cljs.analyzer$analyze_form.invoke(analyzer.cljc:3807)
	at cljs.analyzer$analyze_STAR_.invokeStatic(analyzer.cljc:3860)
	at cljs.analyzer$analyze_STAR_.invoke(analyzer.cljc:3851)
	at cljs.analyzer$analyze.invokeStatic(analyzer.cljc:3880)
	at cljs.analyzer$analyze.invoke(analyzer.cljc:3863)
	at cljs.analyzer$analyze.invokeStatic(analyzer.cljc:3873)
	at cljs.analyzer$analyze.invoke(analyzer.cljc:3863)
	at cljs.analyzer$fn__1783$fn__1786.invoke(analyzer.cljc:1702)
	at cljs.analyzer$fn__1783.invokeStatic(analyzer.cljc:1700)
	at cljs.analyzer$fn__1783.invoke(analyzer.cljc:1623)
	at clojure.lang.MultiFn.invoke(MultiFn.java:252)
	at cljs.analyzer$analyze_seq_STAR_.invokeStatic(analyzer.cljc:3600)
	at cljs.analyzer$analyze_seq_STAR_.invoke(analyzer.cljc:3598)
	at cljs.analyzer$analyze_seq_STAR__wrap.invokeStatic(analyzer.cljc:3605)
	at cljs.analyzer$analyze_seq_STAR__wrap.invoke(analyzer.cljc:3603)
	at cljs.analyzer$analyze_seq.invokeStatic(analyzer.cljc:3629)
	at cljs.analyzer$analyze_seq.invoke(analyzer.cljc:3607)
	at cljs.analyzer$analyze_form.invokeStatic(analyzer.cljc:3810)
	at cljs.analyzer$analyze_form.invoke(analyzer.cljc:3807)
	at cljs.analyzer$analyze_STAR_.invokeStatic(analyzer.cljc:3860)
	at cljs.analyzer$analyze_STAR_.invoke(analyzer.cljc:3851)
	at cljs.analyzer$analyze.invokeStatic(analyzer.cljc:3880)
	at cljs.analyzer$analyze.invoke(analyzer.cljc:3863)
	at cljs.analyzer$analyze_seq.invokeStatic(analyzer.cljc:3630)
	at cljs.analyzer$analyze_seq.invoke(analyzer.cljc:3607)
	at cljs.analyzer$analyze_form.invokeStatic(analyzer.cljc:3810)
	at cljs.analyzer$analyze_form.invoke(analyzer.cljc:3807)
	at cljs.analyzer$analyze_STAR_.invokeStatic(analyzer.cljc:3860)
	at cljs.analyzer$analyze_STAR_.invoke(analyzer.cljc:3851)
	at cljs.analyzer$analyze.invokeStatic(analyzer.cljc:3880)
	at cljs.analyzer$analyze.invoke(analyzer.cljc:3863)
	at cljs.compiler$emit_source.invokeStatic(compiler.cljc:1523)
	at cljs.compiler$emit_source.invoke(compiler.cljc:1496)
	at cljs.compiler$compile_file_STAR_$fn__3791.invoke(compiler.cljc:1608)
	at cljs.compiler$with_core_cljs.invokeStatic(compiler.cljc:1416)
	at cljs.compiler$with_core_cljs.invoke(compiler.cljc:1405)
	at cljs.compiler$compile_file_STAR_.invokeStatic(compiler.cljc:1592)
	at cljs.compiler$compile_file_STAR_.invoke(compiler.cljc:1585)
	at cljs.compiler$compile_file$fn__3822.invoke(compiler.cljc:1690)
	... 64 more

