2017.12.20 21:09:52.576 MSK INFO: *** SYSTEM START *** -- SystemUtilities.logSystemInfo()
2017.12.20 21:09:52.580 MSK CONFIG: Protege 3.5 Build 663, JVM 1.8.0_31-b13, memory=1908M, Mac OS X, encoding=UTF-8, language=en, country=US -- SystemUtilities.logSystemInfo()
2017.12.20 21:09:53.902 MSK CONFIG: Loaded plugin clojuretab -- PluginUtilities.logClassLoaderInformation()
2017.12.20 21:09:53.949 MSK CONFIG: Loaded plugin edu.stanford.smi.protegex.standard_extensions - Graph Widget, Table Widget -- PluginUtilities.logClassLoaderInformation()
2017.12.20 21:09:54.018 MSK CONFIG: Loaded plugin ru.igis.omtab -- PluginUtilities.logClassLoaderInformation()
2017.12.20 21:09:56.322 MSK WARNING: missing bundle: protege_text -- BundleHelper.<init>()
2017.12.20 21:11:25.566 MSK INFO: Loaded 5000 instances: ScenarioN_ProjectKB_Class72422 -- Parser.getInstance()
2017.12.20 21:11:25.582 MSK INFO: Loaded 6000 instances: ScenarioN_ProjectKB_Class83422 -- Parser.getInstance()
2017.12.20 21:11:25.766 MSK INFO: Set type on 5000 instances: ScenarioN_ProjectKB_Class83036 -- Parser.getInstance()
2017.12.20 21:11:25.782 MSK INFO: Set type on 6000 instances: ScenarioN_ProjectKB_Class84036 -- Parser.getInstance()
2017.12.20 21:11:27.622 MSK INFO: Load time for file:/Users/ru/clojure/simpro-scene/pprj_examples/Tsunami.pprj = 2 sec (project) + 0 sec (ui) -- ProjectManager$3.run()
2017.12.20 21:15:20.019 MSK INFO: Loaded 5000 instances: ScenarioN_ProjectKB_Class72422 -- Parser.getInstance()
2017.12.20 21:15:20.033 MSK INFO: Loaded 6000 instances: ScenarioN_ProjectKB_Class83422 -- Parser.getInstance()
2017.12.20 21:15:20.051 MSK INFO: Set type on 5000 instances: ScenarioN_ProjectKB_Class83036 -- Parser.getInstance()
2017.12.20 21:15:20.069 MSK INFO: Set type on 6000 instances: ScenarioN_ProjectKB_Class84036 -- Parser.getInstance()
2017.12.20 21:15:38.572 MSK SEVERE: null -- java.lang.NullPointerException
	at clojuretab.ClojureTab.findForSlotValue(ClojureTab.java:318)
	at protege.core$fifos.invokeStatic(core.clj:105)
	at protege.core$fifos.invoke(core.clj:103)
	at share.onto$check_n_gen.invokeStatic(onto.clj:49)
	at share.onto$check_n_gen.invoke(onto.clj:48)
	at share.onto$copy_instance.invokeStatic(onto.clj:79)
	at share.onto$copy_instance.invoke(onto.clj:53)
	at share.onto$find_or_create_copy.invokeStatic(onto.clj:44)
	at share.onto$find_or_create_copy.invoke(onto.clj:33)
	at share.onto$copy_instance.invokeStatic(onto.clj:80)
	at share.onto$copy_instance.invoke(onto.clj:53)
	at share.onto$deep_copy.invokeStatic(onto.clj:138)
	at share.onto$deep_copy.invoke(onto.clj:133)
	at clojure.lang.Var.invoke(Var.java:383)
	at clojuretab.ClojureTab.invoke(ClojureTab.java:700)
	at clojuretab.ClojureActionButton$1.actionPerformed(ClojureActionButton.java:53)
	at javax.swing.AbstractButton.fireActionPerformed(AbstractButton.java:2022)
	at javax.swing.AbstractButton$Handler.actionPerformed(AbstractButton.java:2346)
	at javax.swing.DefaultButtonModel.fireActionPerformed(DefaultButtonModel.java:402)
	at javax.swing.DefaultButtonModel.setPressed(DefaultButtonModel.java:259)
	at javax.swing.plaf.basic.BasicButtonListener.mouseReleased(BasicButtonListener.java:252)
	at java.awt.Component.processMouseEvent(Component.java:6525)
	at javax.swing.JComponent.processMouseEvent(JComponent.java:3322)
	at java.awt.Component.processEvent(Component.java:6290)
	at java.awt.Container.processEvent(Container.java:2234)
	at java.awt.Component.dispatchEventImpl(Component.java:4881)
	at java.awt.Container.dispatchEventImpl(Container.java:2292)
	at java.awt.Component.dispatchEvent(Component.java:4703)
	at java.awt.LightweightDispatcher.retargetMouseEvent(Container.java:4898)
	at java.awt.LightweightDispatcher.processMouseEvent(Container.java:4533)
	at java.awt.LightweightDispatcher.dispatchEvent(Container.java:4462)
	at java.awt.Container.dispatchEventImpl(Container.java:2278)
	at java.awt.Window.dispatchEventImpl(Window.java:2739)
	at java.awt.Component.dispatchEvent(Component.java:4703)
	at java.awt.EventQueue.dispatchEventImpl(EventQueue.java:751)
	at java.awt.EventQueue.access$500(EventQueue.java:97)
	at java.awt.EventQueue$3.run(EventQueue.java:702)
	at java.awt.EventQueue$3.run(EventQueue.java:696)
	at java.security.AccessController.doPrivileged(Native Method)
	at java.security.ProtectionDomain$1.doIntersectionPrivilege(ProtectionDomain.java:75)
	at java.security.ProtectionDomain$1.doIntersectionPrivilege(ProtectionDomain.java:86)
	at java.awt.EventQueue$4.run(EventQueue.java:724)
	at java.awt.EventQueue$4.run(EventQueue.java:722)
	at java.security.AccessController.doPrivileged(Native Method)
	at java.security.ProtectionDomain$1.doIntersectionPrivilege(ProtectionDomain.java:75)
	at java.awt.EventQueue.dispatchEvent(EventQueue.java:721)
	at java.awt.EventDispatchThread.pumpOneEventForFilters(EventDispatchThread.java:201)
	at java.awt.EventDispatchThread.pumpEventsForFilter(EventDispatchThread.java:116)
	at java.awt.EventDispatchThread.pumpEventsForHierarchy(EventDispatchThread.java:105)
	at java.awt.EventDispatchThread.pumpEvents(EventDispatchThread.java:101)
	at java.awt.EventDispatchThread.pumpEvents(EventDispatchThread.java:93)
	at java.awt.EventDispatchThread.run(EventDispatchThread.java:82)

2017.12.20 21:18:09.706 MSK INFO: Loaded 5000 instances: ScenarioN_ProjectKB_Class72422 -- Parser.getInstance()
2017.12.20 21:18:09.717 MSK INFO: Loaded 6000 instances: ScenarioN_ProjectKB_Class83422 -- Parser.getInstance()
2017.12.20 21:18:09.734 MSK INFO: Set type on 5000 instances: ScenarioN_ProjectKB_Class83036 -- Parser.getInstance()
2017.12.20 21:18:09.750 MSK INFO: Set type on 6000 instances: ScenarioN_ProjectKB_Class84036 -- Parser.getInstance()
2017.12.20 21:21:32.238 MSK SEVERE: null -- java.lang.NullPointerException
	at clojuretab.ClojureTab.findForSlotValue(ClojureTab.java:318)
	at protege.core$fifos.invokeStatic(core.clj:105)
	at protege.core$fifos.invoke(core.clj:103)
	at share.onto$check_n_gen.invokeStatic(onto.clj:49)
	at share.onto$check_n_gen.invoke(onto.clj:48)
	at share.onto$copy_instance.invokeStatic(onto.clj:79)
	at share.onto$copy_instance.invoke(onto.clj:53)
	at share.onto$shal_copy.invokeStatic(onto.clj:129)
	at share.onto$shal_copy.invoke(onto.clj:124)
	at clojure.lang.Var.invoke(Var.java:383)
	at clojuretab.ClojureTab.invoke(ClojureTab.java:700)
	at clojuretab.ClojureActionButton$1.actionPerformed(ClojureActionButton.java:53)
	at javax.swing.AbstractButton.fireActionPerformed(AbstractButton.java:2022)
	at javax.swing.AbstractButton$Handler.actionPerformed(AbstractButton.java:2346)
	at javax.swing.DefaultButtonModel.fireActionPerformed(DefaultButtonModel.java:402)
	at javax.swing.DefaultButtonModel.setPressed(DefaultButtonModel.java:259)
	at javax.swing.plaf.basic.BasicButtonListener.mouseReleased(BasicButtonListener.java:252)
	at java.awt.Component.processMouseEvent(Component.java:6525)
	at javax.swing.JComponent.processMouseEvent(JComponent.java:3322)
	at java.awt.Component.processEvent(Component.java:6290)
	at java.awt.Container.processEvent(Container.java:2234)
	at java.awt.Component.dispatchEventImpl(Component.java:4881)
	at java.awt.Container.dispatchEventImpl(Container.java:2292)
	at java.awt.Component.dispatchEvent(Component.java:4703)
	at java.awt.LightweightDispatcher.retargetMouseEvent(Container.java:4898)
	at java.awt.LightweightDispatcher.processMouseEvent(Container.java:4533)
	at java.awt.LightweightDispatcher.dispatchEvent(Container.java:4462)
	at java.awt.Container.dispatchEventImpl(Container.java:2278)
	at java.awt.Window.dispatchEventImpl(Window.java:2739)
	at java.awt.Component.dispatchEvent(Component.java:4703)
	at java.awt.EventQueue.dispatchEventImpl(EventQueue.java:751)
	at java.awt.EventQueue.access$500(EventQueue.java:97)
	at java.awt.EventQueue$3.run(EventQueue.java:702)
	at java.awt.EventQueue$3.run(EventQueue.java:696)
	at java.security.AccessController.doPrivileged(Native Method)
	at java.security.ProtectionDomain$1.doIntersectionPrivilege(ProtectionDomain.java:75)
	at java.security.ProtectionDomain$1.doIntersectionPrivilege(ProtectionDomain.java:86)
	at java.awt.EventQueue$4.run(EventQueue.java:724)
	at java.awt.EventQueue$4.run(EventQueue.java:722)
	at java.security.AccessController.doPrivileged(Native Method)
	at java.security.ProtectionDomain$1.doIntersectionPrivilege(ProtectionDomain.java:75)
	at java.awt.EventQueue.dispatchEvent(EventQueue.java:721)
	at java.awt.EventDispatchThread.pumpOneEventForFilters(EventDispatchThread.java:201)
	at java.awt.EventDispatchThread.pumpEventsForFilter(EventDispatchThread.java:116)
	at java.awt.EventDispatchThread.pumpEventsForHierarchy(EventDispatchThread.java:105)
	at java.awt.EventDispatchThread.pumpEvents(EventDispatchThread.java:101)
	at java.awt.EventDispatchThread.pumpEvents(EventDispatchThread.java:93)
	at java.awt.EventDispatchThread.run(EventDispatchThread.java:82)

2017.12.20 21:22:02.310 MSK SEVERE: null -- java.lang.NullPointerException
	at clojuretab.ClojureTab.findForSlotValue(ClojureTab.java:318)
	at protege.core$fifos.invokeStatic(core.clj:105)
	at protege.core$fifos.invoke(core.clj:103)
	at share.onto$check_n_gen.invokeStatic(onto.clj:49)
	at share.onto$check_n_gen.invoke(onto.clj:48)
	at share.onto$copy_instance.invokeStatic(onto.clj:79)
	at share.onto$copy_instance.invoke(onto.clj:53)
	at share.onto$shal_copy.invokeStatic(onto.clj:129)
	at share.onto$shal_copy.invoke(onto.clj:124)
	at clojure.lang.Var.invoke(Var.java:383)
	at clojuretab.ClojureTab.invoke(ClojureTab.java:700)
	at clojuretab.ClojureActionButton$1.actionPerformed(ClojureActionButton.java:53)
	at javax.swing.AbstractButton.fireActionPerformed(AbstractButton.java:2022)
	at javax.swing.AbstractButton$Handler.actionPerformed(AbstractButton.java:2346)
	at javax.swing.DefaultButtonModel.fireActionPerformed(DefaultButtonModel.java:402)
	at javax.swing.DefaultButtonModel.setPressed(DefaultButtonModel.java:259)
	at javax.swing.plaf.basic.BasicButtonListener.mouseReleased(BasicButtonListener.java:252)
	at java.awt.Component.processMouseEvent(Component.java:6525)
	at javax.swing.JComponent.processMouseEvent(JComponent.java:3322)
	at java.awt.Component.processEvent(Component.java:6290)
	at java.awt.Container.processEvent(Container.java:2234)
	at java.awt.Component.dispatchEventImpl(Component.java:4881)
	at java.awt.Container.dispatchEventImpl(Container.java:2292)
	at java.awt.Component.dispatchEvent(Component.java:4703)
	at java.awt.LightweightDispatcher.retargetMouseEvent(Container.java:4898)
	at java.awt.LightweightDispatcher.processMouseEvent(Container.java:4533)
	at java.awt.LightweightDispatcher.dispatchEvent(Container.java:4462)
	at java.awt.Container.dispatchEventImpl(Container.java:2278)
	at java.awt.Window.dispatchEventImpl(Window.java:2739)
	at java.awt.Component.dispatchEvent(Component.java:4703)
	at java.awt.EventQueue.dispatchEventImpl(EventQueue.java:751)
	at java.awt.EventQueue.access$500(EventQueue.java:97)
	at java.awt.EventQueue$3.run(EventQueue.java:702)
	at java.awt.EventQueue$3.run(EventQueue.java:696)
	at java.security.AccessController.doPrivileged(Native Method)
	at java.security.ProtectionDomain$1.doIntersectionPrivilege(ProtectionDomain.java:75)
	at java.security.ProtectionDomain$1.doIntersectionPrivilege(ProtectionDomain.java:86)
	at java.awt.EventQueue$4.run(EventQueue.java:724)
	at java.awt.EventQueue$4.run(EventQueue.java:722)
	at java.security.AccessController.doPrivileged(Native Method)
	at java.security.ProtectionDomain$1.doIntersectionPrivilege(ProtectionDomain.java:75)
	at java.awt.EventQueue.dispatchEvent(EventQueue.java:721)
	at java.awt.EventDispatchThread.pumpOneEventForFilters(EventDispatchThread.java:201)
	at java.awt.EventDispatchThread.pumpEventsForFilter(EventDispatchThread.java:116)
	at java.awt.EventDispatchThread.pumpEventsForHierarchy(EventDispatchThread.java:105)
	at java.awt.EventDispatchThread.pumpEvents(EventDispatchThread.java:101)
	at java.awt.EventDispatchThread.pumpEvents(EventDispatchThread.java:93)
	at java.awt.EventDispatchThread.run(EventDispatchThread.java:82)

2017.12.20 21:23:04.692 MSK SEVERE: null -- java.lang.NullPointerException
	at clojuretab.ClojureTab.findForSlotValue(ClojureTab.java:318)
	at protege.core$fifos.invokeStatic(core.clj:105)
	at protege.core$fifos.invoke(core.clj:103)
	at share.onto$check_n_gen.invokeStatic(onto.clj:49)
	at share.onto$check_n_gen.invoke(onto.clj:48)
	at share.onto$copy_instance.invokeStatic(onto.clj:79)
	at share.onto$copy_instance.invoke(onto.clj:53)
	at share.onto$shal_copy.invokeStatic(onto.clj:129)
	at share.onto$shal_copy.invoke(onto.clj:124)
	at clojure.lang.Var.invoke(Var.java:383)
	at clojuretab.ClojureTab.invoke(ClojureTab.java:700)
	at clojuretab.ClojureActionButton$1.actionPerformed(ClojureActionButton.java:53)
	at javax.swing.AbstractButton.fireActionPerformed(AbstractButton.java:2022)
	at javax.swing.AbstractButton$Handler.actionPerformed(AbstractButton.java:2346)
	at javax.swing.DefaultButtonModel.fireActionPerformed(DefaultButtonModel.java:402)
	at javax.swing.DefaultButtonModel.setPressed(DefaultButtonModel.java:259)
	at javax.swing.plaf.basic.BasicButtonListener.mouseReleased(BasicButtonListener.java:252)
	at java.awt.Component.processMouseEvent(Component.java:6525)
	at javax.swing.JComponent.processMouseEvent(JComponent.java:3322)
	at java.awt.Component.processEvent(Component.java:6290)
	at java.awt.Container.processEvent(Container.java:2234)
	at java.awt.Component.dispatchEventImpl(Component.java:4881)
	at java.awt.Container.dispatchEventImpl(Container.java:2292)
	at java.awt.Component.dispatchEvent(Component.java:4703)
	at java.awt.LightweightDispatcher.retargetMouseEvent(Container.java:4898)
	at java.awt.LightweightDispatcher.processMouseEvent(Container.java:4533)
	at java.awt.LightweightDispatcher.dispatchEvent(Container.java:4462)
	at java.awt.Container.dispatchEventImpl(Container.java:2278)
	at java.awt.Window.dispatchEventImpl(Window.java:2739)
	at java.awt.Component.dispatchEvent(Component.java:4703)
	at java.awt.EventQueue.dispatchEventImpl(EventQueue.java:751)
	at java.awt.EventQueue.access$500(EventQueue.java:97)
	at java.awt.EventQueue$3.run(EventQueue.java:702)
	at java.awt.EventQueue$3.run(EventQueue.java:696)
	at java.security.AccessController.doPrivileged(Native Method)
	at java.security.ProtectionDomain$1.doIntersectionPrivilege(ProtectionDomain.java:75)
	at java.security.ProtectionDomain$1.doIntersectionPrivilege(ProtectionDomain.java:86)
	at java.awt.EventQueue$4.run(EventQueue.java:724)
	at java.awt.EventQueue$4.run(EventQueue.java:722)
	at java.security.AccessController.doPrivileged(Native Method)
	at java.security.ProtectionDomain$1.doIntersectionPrivilege(ProtectionDomain.java:75)
	at java.awt.EventQueue.dispatchEvent(EventQueue.java:721)
	at java.awt.EventDispatchThread.pumpOneEventForFilters(EventDispatchThread.java:201)
	at java.awt.EventDispatchThread.pumpEventsForFilter(EventDispatchThread.java:116)
	at java.awt.EventDispatchThread.pumpEventsForHierarchy(EventDispatchThread.java:105)
	at java.awt.EventDispatchThread.pumpEvents(EventDispatchThread.java:101)
	at java.awt.EventDispatchThread.pumpEvents(EventDispatchThread.java:93)
	at java.awt.EventDispatchThread.run(EventDispatchThread.java:82)

2017.12.20 21:33:51.248 MSK INFO: Skipped "ETOPO5Ele"  - unable to create  -- LayerHandler.getLayers()
2017.12.20 21:33:51.300 MSK WARNING: Couldn't locate shape file data/shape/dcwpo-browse.shp -- SpatialIndex.locateAndSetShapeData()
