2018.08.02 14:10:00.164 MSK INFO: *** SYSTEM START *** -- SystemUtilities.logSystemInfo()
2018.08.02 14:10:00.168 MSK CONFIG: Protege 3.5 Build 663, JVM 1.8.0_31-b13, memory=1908M, Mac OS X, encoding=UTF-8, language=en, country=US -- SystemUtilities.logSystemInfo()
2018.08.02 14:10:00.171 MSK WARNING: Plugins directory not found: /Users/ru/clojure/simpro-scene/plugins -- PluginUtilities.findPluginsDirectory()
2018.08.02 14:10:01.376 MSK WARNING: missing bundle: protege_text -- BundleHelper.<init>()
2018.08.02 14:10:05.750 MSK INFO: Loaded 5000 instances: ScenarioN_ProjectKB_Class72426 -- Parser.getInstance()
2018.08.02 14:10:05.756 MSK INFO: Loaded 6000 instances: ScenarioN_ProjectKB_Class83426 -- Parser.getInstance()
2018.08.02 14:10:05.777 MSK INFO: Set type on 5000 instances: ScenarioN_ProjectKB_Class83146 -- Parser.getInstance()
2018.08.02 14:10:05.799 MSK INFO: Set type on 6000 instances: ScenarioN_ProjectKB_Class91405 -- Parser.getInstance()
2018.08.02 14:10:07.480 MSK WARNING: missing bundle: standard_extensions_text -- BundleHelper.<init>()
2018.08.02 14:10:07.480 MSK WARNING: no resource bundle: tab.queries -- BundleHelper.internalGetText()
2018.08.02 14:10:09.106 MSK INFO: Load time for file:/Users/ru/clojure/simpro-scene/pprj_examples/RasterToVector.pprj = 2 sec (project) + 1 sec (ui) -- ProjectManager$3.run()
2018.08.02 16:22:56.296 MSK WARNING: unable to load frame: ScenarioN_Class590017 -- PropertyMapUtil.getFrame()
2018.08.02 16:22:56.311 MSK WARNING: unable to load frame: ScenarioN_Class540004 -- PropertyMapUtil.getFrame()
2018.08.02 16:22:56.312 MSK WARNING: unable to load frame: ScenarioN_Class290013 -- PropertyMapUtil.getFrame()
2018.08.02 16:22:56.312 MSK WARNING: unable to load frame: ScenarioN_Class500009 -- PropertyMapUtil.getFrame()
2018.08.02 16:22:56.312 MSK WARNING: unable to load frame: Scenario_Instance_240000 -- PropertyMapUtil.getFrame()
2018.08.02 16:22:56.312 MSK WARNING: unable to load frame: ScenarioN_Class370007 -- PropertyMapUtil.getFrame()
2018.08.02 16:22:56.312 MSK WARNING: unable to load frame: ScenarioN_Class110007 -- PropertyMapUtil.getFrame()
2018.08.02 16:22:56.312 MSK WARNING: unable to load frame: ScenarioN_Class650008 -- PropertyMapUtil.getFrame()
2018.08.02 16:22:56.312 MSK WARNING: unable to load frame: ScenarioN_Class680011 -- PropertyMapUtil.getFrame()
2018.08.02 16:22:56.312 MSK WARNING: unable to load frame: ScenarioN_Class380010 -- PropertyMapUtil.getFrame()
2018.08.02 16:22:56.312 MSK WARNING: unable to load frame: ScenarioN_Class320007 -- PropertyMapUtil.getFrame()
2018.08.02 16:22:56.313 MSK WARNING: unable to load frame: ScenarioN_Class620009 -- PropertyMapUtil.getFrame()
2018.08.02 16:22:56.313 MSK WARNING: unable to load frame: Scenario_Class60003 -- PropertyMapUtil.getFrame()
2018.08.02 16:22:56.313 MSK WARNING: unable to load frame: ScenarioN_Class640008 -- PropertyMapUtil.getFrame()
2018.08.02 16:22:57.005 MSK INFO: Load time for file:/Users/ru/clojure/simpro-scene/pprj_examples/RasterToVector.pprj = 0 sec (project) + 0 sec (ui) -- ProjectManager$3.run()
