2019.10.16 17:39:51.726 MSK INFO: *** SYSTEM START *** -- SystemUtilities.logSystemInfo()
2019.10.16 17:39:51.735 MSK CONFIG: Protege 3.5 Build 663, JVM 11.0.2+9-LTS, memory=2076M, Linux, encoding=UTF-8, language=en, country=US -- SystemUtilities.logSystemInfo()
2019.10.16 17:39:51.738 MSK WARNING: Plugins directory not found: /home/ru/clojure/simpro-scene/plugins -- PluginUtilities.findPluginsDirectory()
2019.10.16 17:39:52.041 MSK WARNING: missing bundle: standard_extensions_text -- BundleHelper.<init>()
2019.10.16 17:39:52.044 MSK WARNING: no resource bundle: tab.queries -- BundleHelper.internalGetText()
2019.10.16 17:39:52.181 MSK WARNING: Look and feel not found:  -- SystemUtilities.setLookAndFeel()
2019.10.16 17:39:52.397 MSK WARNING: missing bundle: protege_text -- BundleHelper.<init>()
2019.10.16 17:39:56.683 MSK INFO: Load time for file:/home/ru/clojure/simpro-scene/pprj_examples/MASCampus2.pprj = 0 sec (project) + 0 sec (ui) -- ProjectManager$3.run()
2019.10.16 18:24:19.662 MSK SEVERE: null -- Syntax error macroexpanding clojure.core/let at (clojure/mas/world/campus.clj:95:3).
Call to clojure.core/let did not conform to spec.
	at clojure.lang.Compiler.checkSpecs(Compiler.java:6972)
	at clojure.lang.Compiler.macroexpand1(Compiler.java:6988)
	at clojure.lang.Compiler.analyzeSeq(Compiler.java:7093)
	at clojure.lang.Compiler.analyze(Compiler.java:6789)
	at clojure.lang.Compiler.analyze(Compiler.java:6745)
	at clojure.lang.Compiler$BodyExpr$Parser.parse(Compiler.java:6120)
	at clojure.lang.Compiler$FnMethod.parse(Compiler.java:5467)
	at clojure.lang.Compiler$FnExpr.parse(Compiler.java:4029)
	at clojure.lang.Compiler.analyzeSeq(Compiler.java:7105)
	at clojure.lang.Compiler.analyze(Compiler.java:6789)
	at clojure.lang.Compiler.analyzeSeq(Compiler.java:7095)
	at clojure.lang.Compiler.analyze(Compiler.java:6789)
	at clojure.lang.Compiler.access$300(Compiler.java:38)
	at clojure.lang.Compiler$DefExpr$Parser.parse(Compiler.java:596)
	at clojure.lang.Compiler.analyzeSeq(Compiler.java:7107)
	at clojure.lang.Compiler.analyze(Compiler.java:6789)
	at clojure.lang.Compiler.analyze(Compiler.java:6745)
	at clojure.lang.Compiler.eval(Compiler.java:7181)
	at clojure.lang.Compiler.load(Compiler.java:7636)
	at clojure.lang.RT.loadResourceScript(RT.java:381)
	at clojure.lang.RT.loadResourceScript(RT.java:372)
	at clojure.lang.RT.load(RT.java:459)
	at clojure.lang.RT.load(RT.java:424)
	at clojure.core$load$fn__6839.invoke(core.clj:6126)
	at clojure.core$load.invokeStatic(core.clj:6125)
	at clojure.core$load.doInvoke(core.clj:6109)
	at clojure.lang.RestFn.invoke(RestFn.java:408)
	at clojure.lang.Var.invoke(Var.java:384)
	at clojuretab.ClojureTab.loadProgram(ClojureTab.java:544)
	at clojuretab.ClojureTab.loadSelectedPrograms(ClojureTab.java:533)
	at clojuretab.ClojureTab.access$3(ClojureTab.java:529)
	at clojuretab.ClojureTab$5.actionPerformed(ClojureTab.java:255)
	at java.desktop/javax.swing.AbstractButton.fireActionPerformed(AbstractButton.java:1967)
	at java.desktop/javax.swing.AbstractButton$Handler.actionPerformed(AbstractButton.java:2308)
	at java.desktop/javax.swing.DefaultButtonModel.fireActionPerformed(DefaultButtonModel.java:405)
	at java.desktop/javax.swing.DefaultButtonModel.setPressed(DefaultButtonModel.java:262)
	at java.desktop/javax.swing.plaf.basic.BasicButtonListener.mouseReleased(BasicButtonListener.java:279)
	at java.desktop/java.awt.AWTEventMulticaster.mouseReleased(AWTEventMulticaster.java:297)
	at java.desktop/java.awt.Component.processMouseEvent(Component.java:6632)
	at java.desktop/javax.swing.JComponent.processMouseEvent(JComponent.java:3342)
	at java.desktop/java.awt.Component.processEvent(Component.java:6397)
	at java.desktop/java.awt.Container.processEvent(Container.java:2263)
	at java.desktop/java.awt.Component.dispatchEventImpl(Component.java:5008)
	at java.desktop/java.awt.Container.dispatchEventImpl(Container.java:2321)
	at java.desktop/java.awt.Component.dispatchEvent(Component.java:4840)
	at java.desktop/java.awt.LightweightDispatcher.retargetMouseEvent(Container.java:4918)
	at java.desktop/java.awt.LightweightDispatcher.processMouseEvent(Container.java:4547)
	at java.desktop/java.awt.LightweightDispatcher.dispatchEvent(Container.java:4488)
	at java.desktop/java.awt.Container.dispatchEventImpl(Container.java:2307)
	at java.desktop/java.awt.Window.dispatchEventImpl(Window.java:2772)
	at java.desktop/java.awt.Component.dispatchEvent(Component.java:4840)
	at java.desktop/java.awt.EventQueue.dispatchEventImpl(EventQueue.java:772)
	at java.desktop/java.awt.EventQueue$4.run(EventQueue.java:721)
	at java.desktop/java.awt.EventQueue$4.run(EventQueue.java:715)
	at java.base/java.security.AccessController.doPrivileged(Native Method)
	at java.base/java.security.ProtectionDomain$JavaSecurityAccessImpl.doIntersectionPrivilege(ProtectionDomain.java:85)
	at java.base/java.security.ProtectionDomain$JavaSecurityAccessImpl.doIntersectionPrivilege(ProtectionDomain.java:95)
	at java.desktop/java.awt.EventQueue$5.run(EventQueue.java:745)
	at java.desktop/java.awt.EventQueue$5.run(EventQueue.java:743)
	at java.base/java.security.AccessController.doPrivileged(Native Method)
	at java.base/java.security.ProtectionDomain$JavaSecurityAccessImpl.doIntersectionPrivilege(ProtectionDomain.java:85)
	at java.desktop/java.awt.EventQueue.dispatchEvent(EventQueue.java:742)
	at java.desktop/java.awt.EventDispatchThread.pumpOneEventForFilters(EventDispatchThread.java:203)
	at java.desktop/java.awt.EventDispatchThread.pumpEventsForFilter(EventDispatchThread.java:124)
	at java.desktop/java.awt.EventDispatchThread.pumpEventsForHierarchy(EventDispatchThread.java:113)
	at java.desktop/java.awt.EventDispatchThread.pumpEvents(EventDispatchThread.java:109)
	at java.desktop/java.awt.EventDispatchThread.pumpEvents(EventDispatchThread.java:101)
	at java.desktop/java.awt.EventDispatchThread.run(EventDispatchThread.java:90)
Caused by: clojure.lang.ExceptionInfo: Call to clojure.core/let did not conform to spec. {:clojure.spec.alpha/problems [{:path [:bindings], :pred clojure.core.specs.alpha/even-number-of-forms?, :val [re (ru.igis.sim.util.RandomEdge.) rand (.random world) nds (-> network .getNetwork .getAllNodes) crd (-> nds (.get (.nextInt rand (.size nds))) .getCoordinate) pnt (.createPoint factory crd) loc (MasonGeometry. pnt) rate (* 1.0 (Math/abs (.nextGaussian rand))) (println :RATE rate) nwf (NetworkFollower. network loc rate re world)], :via [:clojure.core.specs.alpha/bindings :clojure.core.specs.alpha/bindings], :in [0]}], :clojure.spec.alpha/spec #object[clojure.spec.alpha$regex_spec_impl$reify__2509 0x534adb72 "clojure.spec.alpha$regex_spec_impl$reify__2509@534adb72"], :clojure.spec.alpha/value ([re (ru.igis.sim.util.RandomEdge.) rand (.random world) nds (-> network .getNetwork .getAllNodes) crd (-> nds (.get (.nextInt rand (.size nds))) .getCoordinate) pnt (.createPoint factory crd) loc (MasonGeometry. pnt) rate (* 1.0 (Math/abs (.nextGaussian rand))) (println :RATE rate) nwf (NetworkFollower. network loc rate re world)] (if (.nextBoolean rand) (do (.addStringAttribute loc "TYPE" "STUDENT") (.addIntegerAttribute loc "AGE" (int (+ 20.0 (* 2.0 (.nextGaussian rand)))))) (do (.addStringAttribute loc "TYPE" "FACULTY") (.addIntegerAttribute loc "AGE" (int (+ 40.0 (* 9.0 (.nextGaussian rand))))))) (.addDoubleAttribute loc "MOVE RATE" rate) (volatile! {:location loc, :net-follower nwf})), :clojure.spec.alpha/args ([re (ru.igis.sim.util.RandomEdge.) rand (.random world) nds (-> network .getNetwork .getAllNodes) crd (-> nds (.get (.nextInt rand (.size nds))) .getCoordinate) pnt (.createPoint factory crd) loc (MasonGeometry. pnt) rate (* 1.0 (Math/abs (.nextGaussian rand))) (println :RATE rate) nwf (NetworkFollower. network loc rate re world)] (if (.nextBoolean rand) (do (.addStringAttribute loc "TYPE" "STUDENT") (.addIntegerAttribute loc "AGE" (int (+ 20.0 (* 2.0 (.nextGaussian rand)))))) (do (.addStringAttribute loc "TYPE" "FACULTY") (.addIntegerAttribute loc "AGE" (int (+ 40.0 (* 9.0 (.nextGaussian rand))))))) (.addDoubleAttribute loc "MOVE RATE" rate) (volatile! {:location loc, :net-follower nwf}))}
	at clojure.spec.alpha$macroexpand_check.invokeStatic(alpha.clj:705)
	at clojure.spec.alpha$macroexpand_check.invoke(alpha.clj:697)
	at clojure.lang.AFn.applyToHelper(AFn.java:156)
	at clojure.lang.AFn.applyTo(AFn.java:144)
	at clojure.lang.Var.applyTo(Var.java:705)
	at clojure.lang.Compiler.checkSpecs(Compiler.java:6970)
	... 67 more

