2017.11.18 15:03:44.961 MSK INFO: *** SYSTEM START *** -- SystemUtilities.logSystemInfo()
2017.11.18 15:03:44.965 MSK CONFIG: Protege 3.5 Build 663, JVM 1.8.0_31-b13, memory=1908M, Mac OS X, encoding=UTF-8, language=en, country=US -- SystemUtilities.logSystemInfo()
2017.11.18 15:03:45.320 MSK CONFIG: Loaded plugin clojuretab -- PluginUtilities.logClassLoaderInformation()
2017.11.18 15:03:45.343 MSK CONFIG: Loaded plugin edu.stanford.smi.protegex.standard_extensions - Graph Widget, Table Widget -- PluginUtilities.logClassLoaderInformation()
2017.11.18 15:03:45.389 MSK CONFIG: Loaded plugin ru.igis.omtab -- PluginUtilities.logClassLoaderInformation()
2017.11.18 15:03:46.666 MSK WARNING: missing bundle: protege_text -- BundleHelper.<init>()
2017.11.18 15:03:49.983 MSK INFO: Loaded 5000 instances: ScenarioN_ProjectKB_Class82856 -- Parser.getInstance()
2017.11.18 15:03:49.989 MSK INFO: Loaded 6000 instances: ScenarioN_ProjectKB_Class83856 -- Parser.getInstance()
2017.11.18 15:03:50.014 MSK INFO: Set type on 5000 instances: ScenarioN_ProjectKB_Class83419 -- Parser.getInstance()
2017.11.18 15:03:52.941 MSK INFO: Load time for file:/Users/ru/clojure/simpro-scene/pprj_examples/Sea.pprj = 1 sec (project) + 1 sec (ui) -- ProjectManager$3.run()
2017.11.18 15:04:32.224 MSK INFO: Project load time for file:/Users/ru/clojure/simpro-scene/pprj_base/igis.pprj: 0 sec -- ProjectChooser.loadProject()
2017.11.18 15:04:32.570 MSK INFO: UI display time = 0 sec -- ProjectManager$2.run()
2017.11.18 15:16:07.115 MSK INFO: Loaded 5000 instances: ScenarioN_ProjectKB_Class82856 -- Parser.getInstance()
2017.11.18 15:16:07.138 MSK INFO: Loaded 6000 instances: ScenarioN_ProjectKB_Class83856 -- Parser.getInstance()
2017.11.18 15:16:07.161 MSK INFO: Set type on 5000 instances: ScenarioN_ProjectKB_Class83419 -- Parser.getInstance()
2017.11.18 15:16:08.946 MSK INFO: Project load time for file:/Users/ru/clojure/simpro-scene/pprj_examples/Sea.pprj: 2 sec -- ProjectChooser.loadProject()
2017.11.18 15:16:09.403 MSK INFO: UI display time = 0 sec -- ProjectManager$2.run()
2017.11.18 15:27:31.228 MSK INFO: Project load time for file:/Users/ru/clojure/simpro-scene/pprj_base/igis.pprj: 0 sec -- ProjectChooser.loadProject()
2017.11.18 15:27:31.581 MSK INFO: UI display time = 0 sec -- ProjectManager$2.run()
2017.11.18 15:27:54.237 MSK INFO: Loaded 5000 instances: ScenarioN_ProjectKB_Class82856 -- Parser.getInstance()
2017.11.18 15:27:54.241 MSK INFO: Loaded 6000 instances: ScenarioN_ProjectKB_Class83856 -- Parser.getInstance()
2017.11.18 15:27:54.263 MSK INFO: Set type on 5000 instances: ScenarioN_ProjectKB_Class83419 -- Parser.getInstance()
2017.11.18 15:27:55.044 MSK INFO: Project load time for file:/Users/ru/clojure/simpro-scene/pprj_base/Scenario.pprj: 0 sec -- ProjectChooser.loadProject()
2017.11.18 15:27:55.444 MSK INFO: UI display time = 0 sec -- ProjectManager$2.run()
