2017.10.31 12:42:58.885 MSK INFO: *** SYSTEM START *** -- SystemUtilities.logSystemInfo()
2017.10.31 12:42:58.910 MSK CONFIG: Protege 3.5 Build 663, JVM 1.8.0_31-b13, memory=1908M, Mac OS X, encoding=UTF-8, language=en, country=US -- SystemUtilities.logSystemInfo()
2017.10.31 12:43:00.207 MSK CONFIG: Loaded plugin clojuretab -- PluginUtilities.logClassLoaderInformation()
2017.10.31 12:43:00.253 MSK CONFIG: Loaded plugin edu.stanford.smi.protegex.standard_extensions - Graph Widget, Table Widget -- PluginUtilities.logClassLoaderInformation()
2017.10.31 12:43:00.418 MSK CONFIG: Loaded plugin ru.igis.omtab -- PluginUtilities.logClassLoaderInformation()
2017.10.31 12:43:03.859 MSK WARNING: missing bundle: protege_text -- BundleHelper.<init>()
2017.10.31 12:43:08.841 MSK INFO: Loaded 5000 instances: ScenarioN_ProjectKB_Class82888 -- Parser.getInstance()
2017.10.31 12:43:08.846 MSK INFO: Loaded 6000 instances: ScenarioN_ProjectKB_Class83888 -- Parser.getInstance()
2017.10.31 12:43:08.864 MSK INFO: Set type on 5000 instances: ScenarioN_ProjectKB_Class83386 -- Parser.getInstance()
2017.10.31 12:43:13.766 MSK INFO: Load time for file:/Users/ru/clojure/simpro-scene/pprj_examples/Sea.pprj = 2 sec (project) + 3 sec (ui) -- ProjectManager$3.run()
2017.10.31 17:52:46.137 MSK WARNING: has been deleted: ScenarioN_Class680003 -- InstanceStorer.isStorableInstance()
2017.10.31 17:52:55.459 MSK INFO: Project load time for file:/Users/ru/clojure/simpro-scene/pprj_base/igis.pprj: 0 sec -- ProjectChooser.loadProject()
2017.10.31 17:52:55.824 MSK INFO: UI display time = 0 sec -- ProjectManager$2.run()
2017.10.31 17:54:00.424 MSK INFO: Loaded 5000 instances: ScenarioN_ProjectKB_Class82888 -- Parser.getInstance()
2017.10.31 17:54:00.429 MSK INFO: Loaded 6000 instances: ScenarioN_ProjectKB_Class83888 -- Parser.getInstance()
2017.10.31 17:54:00.448 MSK INFO: Set type on 5000 instances: ScenarioN_ProjectKB_Class83386 -- Parser.getInstance()
2017.10.31 17:54:01.231 MSK INFO: Project load time for file:/Users/ru/clojure/simpro-scene/pprj_base/Scenario.pprj: 0 sec -- ProjectChooser.loadProject()
2017.10.31 17:54:01.622 MSK INFO: UI display time = 0 sec -- ProjectManager$2.run()
2017.10.31 18:54:32.211 MSK INFO: Project load time for file:/Users/ru/clojure/simpro-scene/pprj_base/igis.pprj: 0 sec -- ProjectChooser.loadProject()
2017.10.31 18:54:32.513 MSK INFO: UI display time = 0 sec -- ProjectManager$2.run()
2017.10.31 18:54:53.648 MSK INFO: Project load time for file:/Users/ru/clojure/simpro-scene/pprj_base/Clojure.pprj: 0 sec -- ProjectChooser.loadProject()
2017.10.31 18:54:53.758 MSK INFO: UI display time = 0 sec -- ProjectManager$2.run()
2017.10.31 18:55:18.119 MSK INFO: Project load time for file:/Users/ru/clojure/simpro-scene/pprj_base/RuleEngine.pprj: 0 sec -- ProjectChooser.loadProject()
2017.10.31 18:55:18.226 MSK INFO: UI display time = 0 sec -- ProjectManager$2.run()
2017.10.31 18:55:40.956 MSK INFO: Loaded 5000 instances: ScenarioN_ProjectKB_Class82888 -- Parser.getInstance()
2017.10.31 18:55:40.960 MSK INFO: Loaded 6000 instances: ScenarioN_ProjectKB_Class83888 -- Parser.getInstance()
2017.10.31 18:55:40.980 MSK INFO: Set type on 5000 instances: ScenarioN_ProjectKB_Class83386 -- Parser.getInstance()
2017.10.31 18:55:41.742 MSK INFO: Project load time for file:/Users/ru/clojure/simpro-scene/pprj_base/Scenario.pprj: 0 sec -- ProjectChooser.loadProject()
2017.10.31 18:55:42.195 MSK INFO: UI display time = 0 sec -- ProjectManager$2.run()
2017.10.31 18:57:20.442 MSK INFO: Project load time for file:/Users/ru/clojure/simpro-scene/pprj_base/RuleEngine.pprj: 0 sec -- ProjectChooser.loadProject()
2017.10.31 18:57:20.547 MSK INFO: UI display time = 0 sec -- ProjectManager$2.run()
2017.10.31 19:03:55.227 MSK INFO: Loaded 5000 instances: ScenarioN_ProjectKB_Class82888 -- Parser.getInstance()
2017.10.31 19:03:55.231 MSK INFO: Loaded 6000 instances: ScenarioN_ProjectKB_Class83888 -- Parser.getInstance()
2017.10.31 19:03:55.251 MSK INFO: Set type on 5000 instances: ScenarioN_ProjectKB_Class83386 -- Parser.getInstance()
2017.10.31 19:03:56.105 MSK INFO: Project load time for file:/Users/ru/clojure/simpro-scene/pprj_base/Scenario.pprj: 0 sec -- ProjectChooser.loadProject()
2017.10.31 19:03:56.454 MSK INFO: UI display time = 0 sec -- ProjectManager$2.run()
