2018.08.15 18:07:53.935 MSK INFO: *** SYSTEM START *** -- SystemUtilities.logSystemInfo()
2018.08.15 18:07:53.939 MSK CONFIG: Protege 3.5 Build 663, JVM 1.8.0_31-b13, memory=1908M, Mac OS X, encoding=UTF-8, language=en, country=US -- SystemUtilities.logSystemInfo()
2018.08.15 18:07:53.941 MSK WARNING: Plugins directory not found: /Users/ru/clojure/simpro-scene/plugins -- PluginUtilities.findPluginsDirectory()
2018.08.15 18:07:56.385 MSK WARNING: missing bundle: protege_text -- BundleHelper.<init>()
2018.08.15 18:08:01.891 MSK WARNING: missing bundle: standard_extensions_text -- BundleHelper.<init>()
2018.08.15 18:08:01.891 MSK WARNING: no resource bundle: tab.queries -- BundleHelper.internalGetText()
2018.08.15 18:08:03.778 MSK INFO: Load time for file:/Users/ru/clojure/simpro-scene/pprj_examples/RasterToVector.pprj = 0 sec (project) + 1 sec (ui) -- ProjectManager$3.run()
2018.08.15 18:21:06.551 MSK SEVERE: null -- java.lang.IllegalArgumentException: invalid type: 0
	at edu.stanford.smi.protege.model.framestore.ArgumentCheckingFrameStore.fail(Unknown Source)
	at edu.stanford.smi.protege.model.framestore.ArgumentCheckingFrameStore.checkValue(Unknown Source)
	at edu.stanford.smi.protege.model.framestore.ArgumentCheckingFrameStore.checkValues(Unknown Source)
	at edu.stanford.smi.protege.model.framestore.ArgumentCheckingFrameStore.setDirectOwnSlotValues(Unknown Source)
	at edu.stanford.smi.protege.model.framestore.ChangeMonitorFrameStore.setDirectOwnSlotValues(Unknown Source)
	at edu.stanford.smi.protege.model.framestore.cleandispatch.DefaultDispatch.setDirectOwnSlotValues(Unknown Source)
	at edu.stanford.smi.protege.model.framestore.cleandispatch.CleanDispatchFrameStore.setDirectOwnSlotValues(Unknown Source)
	at edu.stanford.smi.protege.model.framestore.FrameStoreAdapter.setDirectOwnSlotValues(Unknown Source)
	at edu.stanford.smi.protege.model.framestore.FrameStoreAdapter.setDirectOwnSlotValues(Unknown Source)
	at edu.stanford.smi.protege.model.DefaultKnowledgeBase.setDirectOwnSlotValues(Unknown Source)
	at edu.stanford.smi.protege.model.DefaultKnowledgeBase.setOwnSlotValues(Unknown Source)
	at edu.stanford.smi.protege.model.DefaultFrame.setOwnSlotValues(Unknown Source)
	at edu.stanford.smi.protege.model.DefaultFrame.setOwnSlotValue(Unknown Source)
	at sun.reflect.NativeMethodAccessorImpl.invoke0(Native Method)
	at sun.reflect.NativeMethodAccessorImpl.invoke(NativeMethodAccessorImpl.java:62)
	at sun.reflect.DelegatingMethodAccessorImpl.invoke(DelegatingMethodAccessorImpl.java:43)
	at java.lang.reflect.Method.invoke(Method.java:483)
	at clojure.lang.Reflector.invokeMatchingMethod(Reflector.java:93)
	at clojure.lang.Reflector.invokeInstanceMethod(Reflector.java:28)
	at protege.core$ssv.invokeStatic(core.clj:48)
	at protege.core$ssv.invoke(core.clj:46)
	at rtv.core$segment.invokeStatic(core.clj:63)
	at rtv.core$segment.invoke(core.clj:57)
	at clojure.core$eval5986$fn__5987.invoke(NO_SOURCE_FILE:0)
	at clojure.lang.AFn.applyToHelper(AFn.java:156)
	at clojure.lang.AFn.applyTo(AFn.java:144)
	at clojure.core$apply.invokeStatic(core.clj:657)
	at clojure.core$apply.invoke(core.clj:652)
	at rete.core$fire_resolved.invokeStatic(core.clj:653)
	at rete.core$fire_resolved.invoke(core.clj:644)
	at rete.core$fire.invokeStatic(core.clj:663)
	at rete.core$fire.invoke(core.clj:655)
	at rete.core$fire.invokeStatic(core.clj:659)
	at rete.core$fire.invoke(core.clj:655)
	at ru.rules$fire_all_rules.invokeStatic(rules.clj:210)
	at ru.rules$fire_all_rules.invoke(rules.clj:209)
	at clojure.lang.Var.invoke(Var.java:385)
	at clojuretab.ClojureTab.invoke(ClojureTab.java:700)
	at clojuretab.ClojureActionButton$1.actionPerformed(ClojureActionButton.java:53)
	at javax.swing.AbstractButton.fireActionPerformed(AbstractButton.java:2022)
	at javax.swing.AbstractButton$Handler.actionPerformed(AbstractButton.java:2346)
	at javax.swing.DefaultButtonModel.fireActionPerformed(DefaultButtonModel.java:402)
	at javax.swing.DefaultButtonModel.setPressed(DefaultButtonModel.java:259)
	at javax.swing.plaf.basic.BasicButtonListener.mouseReleased(BasicButtonListener.java:252)
	at java.awt.Component.processMouseEvent(Component.java:6525)
	at javax.swing.JComponent.processMouseEvent(JComponent.java:3322)
	at java.awt.Component.processEvent(Component.java:6290)
	at java.awt.Container.processEvent(Container.java:2234)
	at java.awt.Component.dispatchEventImpl(Component.java:4881)
	at java.awt.Container.dispatchEventImpl(Container.java:2292)
	at java.awt.Component.dispatchEvent(Component.java:4703)
	at java.awt.LightweightDispatcher.retargetMouseEvent(Container.java:4898)
	at java.awt.LightweightDispatcher.processMouseEvent(Container.java:4533)
	at java.awt.LightweightDispatcher.dispatchEvent(Container.java:4462)
	at java.awt.Container.dispatchEventImpl(Container.java:2278)
	at java.awt.Window.dispatchEventImpl(Window.java:2739)
	at java.awt.Component.dispatchEvent(Component.java:4703)
	at java.awt.EventQueue.dispatchEventImpl(EventQueue.java:751)
	at java.awt.EventQueue.access$500(EventQueue.java:97)
	at java.awt.EventQueue$3.run(EventQueue.java:702)
	at java.awt.EventQueue$3.run(EventQueue.java:696)
	at java.security.AccessController.doPrivileged(Native Method)
	at java.security.ProtectionDomain$1.doIntersectionPrivilege(ProtectionDomain.java:75)
	at java.security.ProtectionDomain$1.doIntersectionPrivilege(ProtectionDomain.java:86)
	at java.awt.EventQueue$4.run(EventQueue.java:724)
	at java.awt.EventQueue$4.run(EventQueue.java:722)
	at java.security.AccessController.doPrivileged(Native Method)
	at java.security.ProtectionDomain$1.doIntersectionPrivilege(ProtectionDomain.java:75)
	at java.awt.EventQueue.dispatchEvent(EventQueue.java:721)
	at java.awt.EventDispatchThread.pumpOneEventForFilters(EventDispatchThread.java:201)
	at java.awt.EventDispatchThread.pumpEventsForFilter(EventDispatchThread.java:116)
	at java.awt.EventDispatchThread.pumpEventsForHierarchy(EventDispatchThread.java:105)
	at java.awt.EventDispatchThread.pumpEvents(EventDispatchThread.java:101)
	at java.awt.EventDispatchThread.pumpEvents(EventDispatchThread.java:93)
	at java.awt.EventDispatchThread.run(EventDispatchThread.java:82)

