2018.01.31 19:38:52.369 MSK INFO: *** SYSTEM START *** -- SystemUtilities.logSystemInfo()
2018.01.31 19:38:52.374 MSK CONFIG: Protege 3.5 Build 663, JVM 1.8.0_31-b13, memory=1908M, Mac OS X, encoding=UTF-8, language=en, country=US -- SystemUtilities.logSystemInfo()
2018.01.31 19:38:53.139 MSK CONFIG: Loaded plugin clojuretab -- PluginUtilities.logClassLoaderInformation()
2018.01.31 19:38:53.197 MSK CONFIG: Loaded plugin edu.stanford.smi.protegex.standard_extensions - Graph Widget, Table Widget -- PluginUtilities.logClassLoaderInformation()
2018.01.31 19:38:53.245 MSK CONFIG: Loaded plugin ru.igis.omtab -- PluginUtilities.logClassLoaderInformation()
2018.01.31 19:38:54.689 MSK WARNING: missing bundle: protege_text -- BundleHelper.<init>()
2018.01.31 19:39:02.591 MSK INFO: Loaded 5000 instances: ScenarioN_ProjectKB_Class72402 -- Parser.getInstance()
2018.01.31 19:39:02.595 MSK INFO: Loaded 6000 instances: ScenarioN_ProjectKB_Class83402 -- Parser.getInstance()
2018.01.31 19:39:02.612 MSK INFO: Set type on 5000 instances: ScenarioN_ProjectKB_Class83072 -- Parser.getInstance()
2018.01.31 19:39:02.627 MSK INFO: Set type on 6000 instances: ScenarioN_ProjectKB_Class84072 -- Parser.getInstance()
2018.01.31 19:39:08.075 MSK INFO: Load time for file:/Users/ru/clojure/simpro-scene/pprj_base/Cezium.pprj = 2 sec (project) + 3 sec (ui) -- ProjectManager$3.run()
2018.01.31 19:39:19.290 MSK SEVERE: null -- clojure.lang.ExceptionInfo: failed compiling file:src/cljs/view3d/client.cljs {:file #object[java.io.File 0x6e7f70a1 "src/cljs/view3d/client.cljs"]}
	at clojure.core$ex_info.invokeStatic(core.clj:4617)
	at clojure.core$ex_info.invoke(core.clj:4617)
	at cljs.compiler$compile_file$fn__3809.invoke(compiler.cljc:1410)
	at cljs.compiler$compile_file.invokeStatic(compiler.cljc:1376)
	at cljs.compiler$compile_file.invoke(compiler.cljc:1356)
	at cljs.closure$compile_file.invokeStatic(closure.clj:432)
	at cljs.closure$compile_file.invoke(closure.clj:423)
	at cljs.closure$eval5574$fn__5575.invoke(closure.clj:499)
	at cljs.closure$eval5510$fn__5511$G__5499__5518.invoke(closure.clj:389)
	at cljs.closure$compile_sources$iter__5695__5699$fn__5700.invoke(closure.clj:829)
	at clojure.lang.LazySeq.sval(LazySeq.java:40)
	at clojure.lang.LazySeq.seq(LazySeq.java:49)
	at clojure.lang.Cons.next(Cons.java:39)
	at clojure.lang.RT.next(RT.java:688)
	at clojure.core$next__4341.invokeStatic(core.clj:64)
	at clojure.core$dorun.invokeStatic(core.clj:3033)
	at clojure.core$doall.invokeStatic(core.clj:3039)
	at clojure.core$doall.invoke(core.clj:3039)
	at cljs.closure$compile_sources.invokeStatic(closure.clj:825)
	at cljs.closure$compile_sources.invoke(closure.clj:814)
	at cljs.closure$build.invokeStatic(closure.clj:1945)
	at cljs.closure$build.invoke(closure.clj:1883)
	at cljs.build.api$build.invokeStatic(api.clj:199)
	at cljs.build.api$build.invoke(api.clj:187)
	at cljs.build.api$build.invokeStatic(api.clj:190)
	at cljs.build.api$build.invoke(api.clj:187)
	at cljs.compile$build.invokeStatic(compile.clj:70)
	at cljs.compile$build.invoke(compile.clj:43)
	at clojure.lang.Var.invoke(Var.java:383)
	at clojuretab.ClojureTab.invoke(ClojureTab.java:700)
	at clojuretab.ClojureActionButton$1.actionPerformed(ClojureActionButton.java:53)
	at javax.swing.AbstractButton.fireActionPerformed(AbstractButton.java:2022)
	at javax.swing.AbstractButton$Handler.actionPerformed(AbstractButton.java:2346)
	at javax.swing.DefaultButtonModel.fireActionPerformed(DefaultButtonModel.java:402)
	at javax.swing.DefaultButtonModel.setPressed(DefaultButtonModel.java:259)
	at javax.swing.plaf.basic.BasicButtonListener.mouseReleased(BasicButtonListener.java:252)
	at java.awt.Component.processMouseEvent(Component.java:6525)
	at javax.swing.JComponent.processMouseEvent(JComponent.java:3322)
	at java.awt.Component.processEvent(Component.java:6290)
	at java.awt.Container.processEvent(Container.java:2234)
	at java.awt.Component.dispatchEventImpl(Component.java:4881)
	at java.awt.Container.dispatchEventImpl(Container.java:2292)
	at java.awt.Component.dispatchEvent(Component.java:4703)
	at java.awt.LightweightDispatcher.retargetMouseEvent(Container.java:4898)
	at java.awt.LightweightDispatcher.processMouseEvent(Container.java:4533)
	at java.awt.LightweightDispatcher.dispatchEvent(Container.java:4462)
	at java.awt.Container.dispatchEventImpl(Container.java:2278)
	at java.awt.Window.dispatchEventImpl(Window.java:2739)
	at java.awt.Component.dispatchEvent(Component.java:4703)
	at java.awt.EventQueue.dispatchEventImpl(EventQueue.java:751)
	at java.awt.EventQueue.access$500(EventQueue.java:97)
	at java.awt.EventQueue$3.run(EventQueue.java:702)
	at java.awt.EventQueue$3.run(EventQueue.java:696)
	at java.security.AccessController.doPrivileged(Native Method)
	at java.security.ProtectionDomain$1.doIntersectionPrivilege(ProtectionDomain.java:75)
	at java.security.ProtectionDomain$1.doIntersectionPrivilege(ProtectionDomain.java:86)
	at java.awt.EventQueue$4.run(EventQueue.java:724)
	at java.awt.EventQueue$4.run(EventQueue.java:722)
	at java.security.AccessController.doPrivileged(Native Method)
	at java.security.ProtectionDomain$1.doIntersectionPrivilege(ProtectionDomain.java:75)
	at java.awt.EventQueue.dispatchEvent(EventQueue.java:721)
	at java.awt.EventDispatchThread.pumpOneEventForFilters(EventDispatchThread.java:201)
	at java.awt.EventDispatchThread.pumpEventsForFilter(EventDispatchThread.java:116)
	at java.awt.EventDispatchThread.pumpEventsForHierarchy(EventDispatchThread.java:105)
	at java.awt.EventDispatchThread.pumpEvents(EventDispatchThread.java:101)
	at java.awt.EventDispatchThread.pumpEvents(EventDispatchThread.java:93)
	at java.awt.EventDispatchThread.run(EventDispatchThread.java:82)
Caused by: clojure.lang.ExceptionInfo: EOF while reading, starting at line 36 and column 1 {:type :reader-exception, :line 64, :column 38, :file "/Users/ru/clojure/simpro-scene/src/cljs/view3d/client.cljs"}
	at clojure.core$ex_info.invokeStatic(core.clj:4617)
	at clojure.core$ex_info.invoke(core.clj:4617)
	at clojure.tools.reader.reader_types$reader_error.invokeStatic(reader_types.clj:389)
	at clojure.tools.reader.reader_types$reader_error.doInvoke(reader_types.clj:385)
	at clojure.lang.RestFn.invoke(RestFn.java:439)
	at clojure.tools.reader$read_delimited.invokeStatic(reader.clj:201)
	at clojure.tools.reader$read_delimited.invoke(reader.clj:190)
	at clojure.tools.reader$read_list.invokeStatic(reader.clj:210)
	at clojure.tools.reader$read_list.invoke(reader.clj:206)
	at clojure.tools.reader$read_STAR_.invokeStatic(reader.clj:916)
	at clojure.tools.reader$read_STAR_.invoke(reader.clj:897)
	at clojure.tools.reader$read.invokeStatic(reader.clj:965)
	at clojure.tools.reader$read.invoke(reader.clj:942)
	at cljs.analyzer$forms_seq_STAR_$forms_seq___2543$fn__2544$fn__2545.invoke(analyzer.cljc:3112)
	at cljs.analyzer$forms_seq_STAR_$forms_seq___2543$fn__2544.invoke(analyzer.cljc:3105)
	at clojure.lang.LazySeq.sval(LazySeq.java:40)
	at clojure.lang.LazySeq.seq(LazySeq.java:49)
	at clojure.lang.RT.seq(RT.java:521)
	at clojure.core$seq__4357.invokeStatic(core.clj:137)
	at clojure.core$seq__4357.invoke(core.clj:137)
	at cljs.compiler$emit_source.invokeStatic(compiler.cljc:1255)
	at cljs.compiler$emit_source.invoke(compiler.cljc:1237)
	at cljs.compiler$compile_file_STAR_$fn__3786.invoke(compiler.cljc:1328)
	at cljs.compiler$with_core_cljs.invokeStatic(compiler.cljc:1159)
	at cljs.compiler$with_core_cljs.invoke(compiler.cljc:1150)
	at cljs.compiler$compile_file_STAR_.invokeStatic(compiler.cljc:1317)
	at cljs.compiler$compile_file_STAR_.invoke(compiler.cljc:1313)
	at cljs.compiler$compile_file$fn__3809.invoke(compiler.cljc:1398)
	... 64 more

2018.01.31 19:42:01.261 MSK SEVERE: null -- java.lang.RuntimeException: No such var: clojure.core/require-macros, compiling:(clojure/view3d/client.clj:1:1)
	at clojure.lang.Compiler.analyze(Compiler.java:6688)
	at clojure.lang.Compiler.analyze(Compiler.java:6625)
	at clojure.lang.Compiler$InvokeExpr.parse(Compiler.java:3766)
	at clojure.lang.Compiler.analyzeSeq(Compiler.java:6870)
	at clojure.lang.Compiler.analyze(Compiler.java:6669)
	at clojure.lang.Compiler.analyze(Compiler.java:6625)
	at clojure.lang.Compiler$BodyExpr$Parser.parse(Compiler.java:6001)
	at clojure.lang.Compiler$TryExpr$Parser.parse(Compiler.java:2277)
	at clojure.lang.Compiler.analyzeSeq(Compiler.java:6868)
	at clojure.lang.Compiler.analyze(Compiler.java:6669)
	at clojure.lang.Compiler.analyze(Compiler.java:6625)
	at clojure.lang.Compiler$BodyExpr$Parser.parse(Compiler.java:6001)
	at clojure.lang.Compiler$FnMethod.parse(Compiler.java:5380)
	at clojure.lang.Compiler$FnExpr.parse(Compiler.java:3972)
	at clojure.lang.Compiler.analyzeSeq(Compiler.java:6866)
	at clojure.lang.Compiler.analyze(Compiler.java:6669)
	at clojure.lang.Compiler.analyzeSeq(Compiler.java:6856)
	at clojure.lang.Compiler.analyze(Compiler.java:6669)
	at clojure.lang.Compiler.analyze(Compiler.java:6625)
	at clojure.lang.Compiler$InvokeExpr.parse(Compiler.java:3766)
	at clojure.lang.Compiler.analyzeSeq(Compiler.java:6870)
	at clojure.lang.Compiler.analyze(Compiler.java:6669)
	at clojure.lang.Compiler.analyze(Compiler.java:6625)
	at clojure.lang.Compiler$BodyExpr$Parser.parse(Compiler.java:6001)
	at clojure.lang.Compiler$FnMethod.parse(Compiler.java:5380)
	at clojure.lang.Compiler$FnExpr.parse(Compiler.java:3972)
	at clojure.lang.Compiler.analyzeSeq(Compiler.java:6866)
	at clojure.lang.Compiler.analyze(Compiler.java:6669)
	at clojure.lang.Compiler.eval(Compiler.java:6924)
	at clojure.lang.Compiler.eval(Compiler.java:6916)
	at clojure.lang.Compiler.load(Compiler.java:7379)
	at clojure.lang.RT.loadResourceScript(RT.java:372)
	at clojure.lang.RT.loadResourceScript(RT.java:363)
	at clojure.lang.RT.load(RT.java:453)
	at clojure.lang.RT.load(RT.java:419)
	at clojure.core$load$fn__5677.invoke(core.clj:5893)
	at clojure.core$load.invokeStatic(core.clj:5892)
	at clojure.core$load.doInvoke(core.clj:5876)
	at clojure.lang.RestFn.invoke(RestFn.java:408)
	at clojure.lang.Var.invoke(Var.java:379)
	at clojuretab.ClojureTab.loadProgram(ClojureTab.java:544)
	at clojuretab.ClojureTab.loadSelectedPrograms(ClojureTab.java:533)
	at clojuretab.ClojureTab.access$3(ClojureTab.java:529)
	at clojuretab.ClojureTab$5.actionPerformed(ClojureTab.java:255)
	at javax.swing.AbstractButton.fireActionPerformed(AbstractButton.java:2022)
	at javax.swing.AbstractButton$Handler.actionPerformed(AbstractButton.java:2346)
	at javax.swing.DefaultButtonModel.fireActionPerformed(DefaultButtonModel.java:402)
	at javax.swing.DefaultButtonModel.setPressed(DefaultButtonModel.java:259)
	at javax.swing.plaf.basic.BasicButtonListener.mouseReleased(BasicButtonListener.java:252)
	at java.awt.AWTEventMulticaster.mouseReleased(AWTEventMulticaster.java:289)
	at java.awt.Component.processMouseEvent(Component.java:6525)
	at javax.swing.JComponent.processMouseEvent(JComponent.java:3322)
	at java.awt.Component.processEvent(Component.java:6290)
	at java.awt.Container.processEvent(Container.java:2234)
	at java.awt.Component.dispatchEventImpl(Component.java:4881)
	at java.awt.Container.dispatchEventImpl(Container.java:2292)
	at java.awt.Component.dispatchEvent(Component.java:4703)
	at java.awt.LightweightDispatcher.retargetMouseEvent(Container.java:4898)
	at java.awt.LightweightDispatcher.processMouseEvent(Container.java:4533)
	at java.awt.LightweightDispatcher.dispatchEvent(Container.java:4462)
	at java.awt.Container.dispatchEventImpl(Container.java:2278)
	at java.awt.Window.dispatchEventImpl(Window.java:2739)
	at java.awt.Component.dispatchEvent(Component.java:4703)
	at java.awt.EventQueue.dispatchEventImpl(EventQueue.java:751)
	at java.awt.EventQueue.access$500(EventQueue.java:97)
	at java.awt.EventQueue$3.run(EventQueue.java:702)
	at java.awt.EventQueue$3.run(EventQueue.java:696)
	at java.security.AccessController.doPrivileged(Native Method)
	at java.security.ProtectionDomain$1.doIntersectionPrivilege(ProtectionDomain.java:75)
	at java.security.ProtectionDomain$1.doIntersectionPrivilege(ProtectionDomain.java:86)
	at java.awt.EventQueue$4.run(EventQueue.java:724)
	at java.awt.EventQueue$4.run(EventQueue.java:722)
	at java.security.AccessController.doPrivileged(Native Method)
	at java.security.ProtectionDomain$1.doIntersectionPrivilege(ProtectionDomain.java:75)
	at java.awt.EventQueue.dispatchEvent(EventQueue.java:721)
	at java.awt.EventDispatchThread.pumpOneEventForFilters(EventDispatchThread.java:201)
	at java.awt.EventDispatchThread.pumpEventsForFilter(EventDispatchThread.java:116)
	at java.awt.EventDispatchThread.pumpEventsForHierarchy(EventDispatchThread.java:105)
	at java.awt.EventDispatchThread.pumpEvents(EventDispatchThread.java:101)
	at java.awt.EventDispatchThread.pumpEvents(EventDispatchThread.java:93)
	at java.awt.EventDispatchThread.run(EventDispatchThread.java:82)
Caused by: java.lang.RuntimeException: No such var: clojure.core/require-macros
	at clojure.lang.Util.runtimeException(Util.java:221)
	at clojure.lang.Compiler.resolveIn(Compiler.java:7138)
	at clojure.lang.Compiler.resolve(Compiler.java:7108)
	at clojure.lang.Compiler.analyzeSymbol(Compiler.java:7069)
	at clojure.lang.Compiler.analyze(Compiler.java:6648)
	... 80 more

