2017.11.27 19:43:30.807 MSK INFO: *** SYSTEM START *** -- SystemUtilities.logSystemInfo()
2017.11.27 19:43:30.811 MSK CONFIG: Protege 3.5 Build 663, JVM 1.8.0_31-b13, memory=1908M, Mac OS X, encoding=UTF-8, language=en, country=US -- SystemUtilities.logSystemInfo()
2017.11.27 19:43:31.814 MSK CONFIG: Loaded plugin clojuretab -- PluginUtilities.logClassLoaderInformation()
2017.11.27 19:43:31.838 MSK CONFIG: Loaded plugin edu.stanford.smi.protegex.standard_extensions - Graph Widget, Table Widget -- PluginUtilities.logClassLoaderInformation()
2017.11.27 19:43:31.908 MSK CONFIG: Loaded plugin ru.igis.omtab -- PluginUtilities.logClassLoaderInformation()
2017.11.27 19:43:34.768 MSK WARNING: missing bundle: protege_text -- BundleHelper.<init>()
2017.11.27 19:43:38.788 MSK INFO: Loaded 5000 instances: ScenarioN_ProjectKB_Class82973 -- Parser.getInstance()
2017.11.27 19:43:38.795 MSK INFO: Loaded 6000 instances: ScenarioN_ProjectKB_Class83973 -- Parser.getInstance()
2017.11.27 19:43:38.823 MSK INFO: Set type on 5000 instances: ScenarioN_ProjectKB_Class83589 -- Parser.getInstance()
2017.11.27 19:43:42.041 MSK INFO: Load time for file:/Users/ru/clojure/simpro-scene/pprj_examples/Sea.pprj = 2 sec (project) + 1 sec (ui) -- ProjectManager$3.run()
2017.11.27 19:47:16.000 MSK INFO: Loaded 5000 instances: ScenarioN_ProjectKB_Class82973 -- Parser.getInstance()
2017.11.27 19:47:16.016 MSK INFO: Loaded 6000 instances: ScenarioN_ProjectKB_Class83973 -- Parser.getInstance()
2017.11.27 19:47:16.042 MSK INFO: Set type on 5000 instances: ScenarioN_ProjectKB_Class83589 -- Parser.getInstance()
2017.11.27 19:47:16.995 MSK INFO: Project load time for file:/Users/ru/clojure/simpro-scene/pprj_base/Scenario.pprj: 1 sec -- ProjectChooser.loadProject()
2017.11.27 19:47:17.571 MSK INFO: UI display time = 0 sec -- ProjectManager$2.run()
2017.11.27 19:52:18.343 MSK INFO: Project load time for file:/Users/ru/clojure/simpro-scene/pprj_base/RuleEngine.pprj: 0 sec -- ProjectChooser.loadProject()
2017.11.27 19:52:18.496 MSK INFO: UI display time = 0 sec -- ProjectManager$2.run()
2017.11.27 20:12:30.528 MSK SEVERE: null -- java.lang.RuntimeException: Unmatched delimiter: ], compiling:(clojure/ru/rules.clj:287:21)
	at clojure.lang.Compiler.load(Compiler.java:7386)
	at clojure.lang.RT.loadResourceScript(RT.java:372)
	at clojure.lang.RT.loadResourceScript(RT.java:363)
	at clojure.lang.RT.load(RT.java:453)
	at clojure.lang.RT.load(RT.java:419)
	at clojure.core$load$fn__5677.invoke(core.clj:5893)
	at clojure.core$load.invokeStatic(core.clj:5892)
	at clojure.core$load.doInvoke(core.clj:5876)
	at clojure.lang.RestFn.invoke(RestFn.java:408)
	at clojure.lang.Var.invoke(Var.java:379)
	at clojuretab.ClojureTab.loadProgram(ClojureTab.java:544)
	at clojuretab.ClojureTab.loadSelectedPrograms(ClojureTab.java:533)
	at clojuretab.ClojureTab.access$3(ClojureTab.java:529)
	at clojuretab.ClojureTab$5.actionPerformed(ClojureTab.java:255)
	at javax.swing.AbstractButton.fireActionPerformed(AbstractButton.java:2022)
	at javax.swing.AbstractButton$Handler.actionPerformed(AbstractButton.java:2346)
	at javax.swing.DefaultButtonModel.fireActionPerformed(DefaultButtonModel.java:402)
	at javax.swing.DefaultButtonModel.setPressed(DefaultButtonModel.java:259)
	at javax.swing.plaf.basic.BasicButtonListener.mouseReleased(BasicButtonListener.java:252)
	at java.awt.AWTEventMulticaster.mouseReleased(AWTEventMulticaster.java:289)
	at java.awt.Component.processMouseEvent(Component.java:6525)
	at javax.swing.JComponent.processMouseEvent(JComponent.java:3322)
	at java.awt.Component.processEvent(Component.java:6290)
	at java.awt.Container.processEvent(Container.java:2234)
	at java.awt.Component.dispatchEventImpl(Component.java:4881)
	at java.awt.Container.dispatchEventImpl(Container.java:2292)
	at java.awt.Component.dispatchEvent(Component.java:4703)
	at java.awt.LightweightDispatcher.retargetMouseEvent(Container.java:4898)
	at java.awt.LightweightDispatcher.processMouseEvent(Container.java:4533)
	at java.awt.LightweightDispatcher.dispatchEvent(Container.java:4462)
	at java.awt.Container.dispatchEventImpl(Container.java:2278)
	at java.awt.Window.dispatchEventImpl(Window.java:2739)
	at java.awt.Component.dispatchEvent(Component.java:4703)
	at java.awt.EventQueue.dispatchEventImpl(EventQueue.java:751)
	at java.awt.EventQueue.access$500(EventQueue.java:97)
	at java.awt.EventQueue$3.run(EventQueue.java:702)
	at java.awt.EventQueue$3.run(EventQueue.java:696)
	at java.security.AccessController.doPrivileged(Native Method)
	at java.security.ProtectionDomain$1.doIntersectionPrivilege(ProtectionDomain.java:75)
	at java.security.ProtectionDomain$1.doIntersectionPrivilege(ProtectionDomain.java:86)
	at java.awt.EventQueue$4.run(EventQueue.java:724)
	at java.awt.EventQueue$4.run(EventQueue.java:722)
	at java.security.AccessController.doPrivileged(Native Method)
	at java.security.ProtectionDomain$1.doIntersectionPrivilege(ProtectionDomain.java:75)
	at java.awt.EventQueue.dispatchEvent(EventQueue.java:721)
	at java.awt.EventDispatchThread.pumpOneEventForFilters(EventDispatchThread.java:201)
	at java.awt.EventDispatchThread.pumpEventsForFilter(EventDispatchThread.java:116)
	at java.awt.EventDispatchThread.pumpEventsForHierarchy(EventDispatchThread.java:105)
	at java.awt.EventDispatchThread.pumpEvents(EventDispatchThread.java:101)
	at java.awt.EventDispatchThread.pumpEvents(EventDispatchThread.java:93)
	at java.awt.EventDispatchThread.run(EventDispatchThread.java:82)
Caused by: java.lang.RuntimeException: Unmatched delimiter: ]
	at clojure.lang.Util.runtimeException(Util.java:221)
	at clojure.lang.LispReader$UnmatchedDelimiterReader.invoke(LispReader.java:1176)
	at clojure.lang.LispReader.read(LispReader.java:263)
	at clojure.lang.LispReader.readDelimitedList(LispReader.java:1200)
	at clojure.lang.LispReader$ListReader.invoke(LispReader.java:1049)
	at clojure.lang.LispReader.read(LispReader.java:263)
	at clojure.lang.LispReader.readDelimitedList(LispReader.java:1200)
	at clojure.lang.LispReader$ListReader.invoke(LispReader.java:1049)
	at clojure.lang.LispReader.read(LispReader.java:263)
	at clojure.lang.LispReader.read(LispReader.java:196)
	at clojure.lang.Compiler.load(Compiler.java:7374)
	... 50 more

2017.11.27 20:29:14.563 MSK INFO: Loaded 5000 instances: ScenarioN_ProjectKB_Class82973 -- Parser.getInstance()
2017.11.27 20:29:14.584 MSK INFO: Loaded 6000 instances: ScenarioN_ProjectKB_Class83973 -- Parser.getInstance()
2017.11.27 20:29:14.612 MSK INFO: Set type on 5000 instances: ScenarioN_ProjectKB_Class83589 -- Parser.getInstance()
2017.11.27 20:29:15.451 MSK INFO: Project load time for file:/Users/ru/clojure/simpro-scene/pprj_base/Scenario.pprj: 1 sec -- ProjectChooser.loadProject()
2017.11.27 20:29:16.077 MSK INFO: UI display time = 0 sec -- ProjectManager$2.run()
