2018.02.11 10:32:03.912 MSK INFO: *** SYSTEM START *** -- SystemUtilities.logSystemInfo()
2018.02.11 10:32:03.916 MSK CONFIG: Protege 3.5 Build 663, JVM 1.8.0_31-b13, memory=1908M, Mac OS X, encoding=UTF-8, language=en, country=US -- SystemUtilities.logSystemInfo()
2018.02.11 10:32:05.327 MSK CONFIG: Loaded plugin clojuretab -- PluginUtilities.logClassLoaderInformation()
2018.02.11 10:32:05.366 MSK CONFIG: Loaded plugin edu.stanford.smi.protegex.standard_extensions - Graph Widget, Table Widget -- PluginUtilities.logClassLoaderInformation()
2018.02.11 10:32:05.609 MSK CONFIG: Loaded plugin ru.igis.omtab -- PluginUtilities.logClassLoaderInformation()
2018.02.11 10:32:08.817 MSK WARNING: missing bundle: protege_text -- BundleHelper.<init>()
2018.02.11 10:32:39.945 MSK INFO: Loaded 5000 instances: ScenarioN_ProjectKB_Class72402 -- Parser.getInstance()
2018.02.11 10:32:39.950 MSK INFO: Loaded 6000 instances: ScenarioN_ProjectKB_Class83402 -- Parser.getInstance()
2018.02.11 10:32:39.965 MSK INFO: Set type on 5000 instances: ScenarioN_ProjectKB_Class83072 -- Parser.getInstance()
2018.02.11 10:32:39.981 MSK INFO: Set type on 6000 instances: ScenarioN_ProjectKB_Class84072 -- Parser.getInstance()
2018.02.11 10:32:41.890 MSK INFO: Project load time for file:/Users/ru/clojure/simpro-scene/pprj_examples/OSMRoads.pprj: 2 sec -- ProjectChooser.loadProject()
2018.02.11 10:32:49.896 MSK INFO: UI display time = 8 sec -- ProjectManager$2.run()
2018.02.11 11:10:23.371 MSK SEVERE: null -- java.lang.IllegalArgumentException: null string
	at edu.stanford.smi.protege.model.framestore.ArgumentCheckingFrameStore.assertNotNull(Unknown Source)
	at edu.stanford.smi.protege.model.framestore.ArgumentCheckingFrameStore.checkString(Unknown Source)
	at edu.stanford.smi.protege.model.framestore.ArgumentCheckingFrameStore.getFrame(Unknown Source)
	at edu.stanford.smi.protege.model.framestore.ModificationFrameStore.getFrame(Unknown Source)
	at edu.stanford.smi.protege.model.framestore.FrameStoreAdapter.getFrame(Unknown Source)
	at edu.stanford.smi.protege.model.framestore.FrameStoreAdapter.getFrame(Unknown Source)
	at edu.stanford.smi.protege.model.framestore.FrameStoreAdapter.getFrame(Unknown Source)
	at edu.stanford.smi.protege.model.DefaultKnowledgeBase.getFrame(Unknown Source)
	at edu.stanford.smi.protege.model.DefaultKnowledgeBase.getFrameOfType(Unknown Source)
	at edu.stanford.smi.protege.model.DefaultKnowledgeBase.getCls(Unknown Source)
	at sun.reflect.NativeMethodAccessorImpl.invoke0(Native Method)
	at sun.reflect.NativeMethodAccessorImpl.invoke(NativeMethodAccessorImpl.java:62)
	at sun.reflect.DelegatingMethodAccessorImpl.invoke(DelegatingMethodAccessorImpl.java:43)
	at java.lang.reflect.Method.invoke(Method.java:483)
	at clojure.lang.Reflector.invokeMatchingMethod(Reflector.java:93)
	at clojure.lang.Reflector.invokeInstanceMethod(Reflector.java:28)
	at protege.core$crin.invokeStatic(core.clj:97)
	at protege.core$crin.invoke(core.clj:95)
	at osm.data$create_road.invokeStatic(data.clj:215)
	at osm.data$create_road.invoke(data.clj:212)
	at clojure.lang.Var.invoke(Var.java:385)
	at clojuretab.ClojureTab.invoke(ClojureTab.java:700)
	at clojuretab.ClojureActionButton$1.actionPerformed(ClojureActionButton.java:53)
	at javax.swing.AbstractButton.fireActionPerformed(AbstractButton.java:2022)
	at javax.swing.AbstractButton$Handler.actionPerformed(AbstractButton.java:2346)
	at javax.swing.DefaultButtonModel.fireActionPerformed(DefaultButtonModel.java:402)
	at javax.swing.DefaultButtonModel.setPressed(DefaultButtonModel.java:259)
	at javax.swing.plaf.basic.BasicButtonListener.mouseReleased(BasicButtonListener.java:252)
	at java.awt.Component.processMouseEvent(Component.java:6525)
	at javax.swing.JComponent.processMouseEvent(JComponent.java:3322)
	at java.awt.Component.processEvent(Component.java:6290)
	at java.awt.Container.processEvent(Container.java:2234)
	at java.awt.Component.dispatchEventImpl(Component.java:4881)
	at java.awt.Container.dispatchEventImpl(Container.java:2292)
	at java.awt.Component.dispatchEvent(Component.java:4703)
	at java.awt.LightweightDispatcher.retargetMouseEvent(Container.java:4898)
	at java.awt.LightweightDispatcher.processMouseEvent(Container.java:4533)
	at java.awt.LightweightDispatcher.dispatchEvent(Container.java:4462)
	at java.awt.Container.dispatchEventImpl(Container.java:2278)
	at java.awt.Window.dispatchEventImpl(Window.java:2739)
	at java.awt.Component.dispatchEvent(Component.java:4703)
	at java.awt.EventQueue.dispatchEventImpl(EventQueue.java:751)
	at java.awt.EventQueue.access$500(EventQueue.java:97)
	at java.awt.EventQueue$3.run(EventQueue.java:702)
	at java.awt.EventQueue$3.run(EventQueue.java:696)
	at java.security.AccessController.doPrivileged(Native Method)
	at java.security.ProtectionDomain$1.doIntersectionPrivilege(ProtectionDomain.java:75)
	at java.security.ProtectionDomain$1.doIntersectionPrivilege(ProtectionDomain.java:86)
	at java.awt.EventQueue$4.run(EventQueue.java:724)
	at java.awt.EventQueue$4.run(EventQueue.java:722)
	at java.security.AccessController.doPrivileged(Native Method)
	at java.security.ProtectionDomain$1.doIntersectionPrivilege(ProtectionDomain.java:75)
	at java.awt.EventQueue.dispatchEvent(EventQueue.java:721)
	at java.awt.EventDispatchThread.pumpOneEventForFilters(EventDispatchThread.java:201)
	at java.awt.EventDispatchThread.pumpEventsForFilter(EventDispatchThread.java:116)
	at java.awt.EventDispatchThread.pumpEventsForHierarchy(EventDispatchThread.java:105)
	at java.awt.EventDispatchThread.pumpEvents(EventDispatchThread.java:101)
	at java.awt.EventDispatchThread.pumpEvents(EventDispatchThread.java:93)
	at java.awt.EventDispatchThread.run(EventDispatchThread.java:82)

