2018.02.06 18:21:38.276 MSK INFO: *** SYSTEM START *** -- SystemUtilities.logSystemInfo()
2018.02.06 18:21:38.280 MSK CONFIG: Protege 3.5 Build 663, JVM 1.8.0_31-b13, memory=1908M, Mac OS X, encoding=UTF-8, language=en, country=US -- SystemUtilities.logSystemInfo()
2018.02.06 18:21:39.174 MSK CONFIG: Loaded plugin clojuretab -- PluginUtilities.logClassLoaderInformation()
2018.02.06 18:21:39.187 MSK CONFIG: Loaded plugin edu.stanford.smi.protegex.standard_extensions - Graph Widget, Table Widget -- PluginUtilities.logClassLoaderInformation()
2018.02.06 18:21:39.235 MSK CONFIG: Loaded plugin ru.igis.omtab -- PluginUtilities.logClassLoaderInformation()
2018.02.06 18:21:41.029 MSK WARNING: missing bundle: protege_text -- BundleHelper.<init>()
2018.02.06 18:21:48.705 MSK INFO: Load time for file:/Users/ru/clojure/simpro-scene/pprj_base/Cezium.pprj = 0 sec (project) + 4 sec (ui) -- ProjectManager$3.run()
2018.02.06 18:33:53.371 MSK SEVERE: null -- clojure.lang.ExceptionInfo: failed compiling file:src/cljs/view3d/client.cljs {:file #object[java.io.File 0x533c63d1 "src/cljs/view3d/client.cljs"]}
	at clojure.core$ex_info.invokeStatic(core.clj:4739)
	at clojure.core$ex_info.invoke(core.clj:4739)
	at cljs.compiler$compile_file$fn__4906.invoke(compiler.cljc:1552)
	at cljs.compiler$compile_file.invokeStatic(compiler.cljc:1513)
	at cljs.compiler$compile_file.invoke(compiler.cljc:1489)
	at cljs.closure$compile_file.invokeStatic(closure.clj:540)
	at cljs.closure$compile_file.invoke(closure.clj:531)
	at cljs.closure$eval7161$fn__7162.invoke(closure.clj:609)
	at cljs.closure$eval7097$fn__7098$G__7086__7105.invoke(closure.clj:493)
	at cljs.closure$compile_sources$iter__7285__7289$fn__7290.invoke(closure.clj:954)
	at clojure.lang.LazySeq.sval(LazySeq.java:40)
	at clojure.lang.LazySeq.seq(LazySeq.java:49)
	at clojure.lang.Cons.next(Cons.java:39)
	at clojure.lang.RT.next(RT.java:706)
	at clojure.core$next__5108.invokeStatic(core.clj:64)
	at clojure.core$dorun.invokeStatic(core.clj:3134)
	at clojure.core$doall.invokeStatic(core.clj:3140)
	at clojure.core$doall.invoke(core.clj:3140)
	at cljs.closure$compile_sources.invokeStatic(closure.clj:950)
	at cljs.closure$compile_sources.invoke(closure.clj:939)
	at cljs.closure$build.invokeStatic(closure.clj:2596)
	at cljs.closure$build.invoke(closure.clj:2507)
	at cljs.build.api$build.invokeStatic(api.clj:205)
	at cljs.build.api$build.invoke(api.clj:189)
	at cljs.build.api$build.invokeStatic(api.clj:192)
	at cljs.build.api$build.invoke(api.clj:189)
	at cljs.compile$build.invokeStatic(compile.clj:70)
	at cljs.compile$build.invoke(compile.clj:43)
	at clojure.lang.Var.invoke(Var.java:385)
	at clojuretab.ClojureTab.invoke(ClojureTab.java:700)
	at clojuretab.ClojureActionButton$1.actionPerformed(ClojureActionButton.java:53)
	at javax.swing.AbstractButton.fireActionPerformed(AbstractButton.java:2022)
	at javax.swing.AbstractButton$Handler.actionPerformed(AbstractButton.java:2346)
	at javax.swing.DefaultButtonModel.fireActionPerformed(DefaultButtonModel.java:402)
	at javax.swing.DefaultButtonModel.setPressed(DefaultButtonModel.java:259)
	at javax.swing.plaf.basic.BasicButtonListener.mouseReleased(BasicButtonListener.java:252)
	at java.awt.Component.processMouseEvent(Component.java:6525)
	at javax.swing.JComponent.processMouseEvent(JComponent.java:3322)
	at java.awt.Component.processEvent(Component.java:6290)
	at java.awt.Container.processEvent(Container.java:2234)
	at java.awt.Component.dispatchEventImpl(Component.java:4881)
	at java.awt.Container.dispatchEventImpl(Container.java:2292)
	at java.awt.Component.dispatchEvent(Component.java:4703)
	at java.awt.LightweightDispatcher.retargetMouseEvent(Container.java:4898)
	at java.awt.LightweightDispatcher.processMouseEvent(Container.java:4533)
	at java.awt.LightweightDispatcher.dispatchEvent(Container.java:4462)
	at java.awt.Container.dispatchEventImpl(Container.java:2278)
	at java.awt.Window.dispatchEventImpl(Window.java:2739)
	at java.awt.Component.dispatchEvent(Component.java:4703)
	at java.awt.EventQueue.dispatchEventImpl(EventQueue.java:751)
	at java.awt.EventQueue.access$500(EventQueue.java:97)
	at java.awt.EventQueue$3.run(EventQueue.java:702)
	at java.awt.EventQueue$3.run(EventQueue.java:696)
	at java.security.AccessController.doPrivileged(Native Method)
	at java.security.ProtectionDomain$1.doIntersectionPrivilege(ProtectionDomain.java:75)
	at java.security.ProtectionDomain$1.doIntersectionPrivilege(ProtectionDomain.java:86)
	at java.awt.EventQueue$4.run(EventQueue.java:724)
	at java.awt.EventQueue$4.run(EventQueue.java:722)
	at java.security.AccessController.doPrivileged(Native Method)
	at java.security.ProtectionDomain$1.doIntersectionPrivilege(ProtectionDomain.java:75)
	at java.awt.EventQueue.dispatchEvent(EventQueue.java:721)
	at java.awt.EventDispatchThread.pumpOneEventForFilters(EventDispatchThread.java:201)
	at java.awt.EventDispatchThread.pumpEventsForFilter(EventDispatchThread.java:116)
	at java.awt.EventDispatchThread.pumpEventsForHierarchy(EventDispatchThread.java:105)
	at java.awt.EventDispatchThread.pumpEvents(EventDispatchThread.java:101)
	at java.awt.EventDispatchThread.pumpEvents(EventDispatchThread.java:93)
	at java.awt.EventDispatchThread.run(EventDispatchThread.java:82)
Caused by: clojure.lang.ExceptionInfo: /Users/ru/clojure/simpro-scene/src/cljs/view3d/client.cljs [line 135, col 38] Unexpected EOF while reading item 9 of list, starting at line 125 and column 1. {:type :reader-exception, :ex-kind :eof, :file "/Users/ru/clojure/simpro-scene/src/cljs/view3d/client.cljs", :line 135, :col 38}
	at clojure.core$ex_info.invokeStatic(core.clj:4739)
	at clojure.core$ex_info.invoke(core.clj:4739)
	at clojure.tools.reader.impl.errors$throw_ex.invokeStatic(errors.clj:34)
	at clojure.tools.reader.impl.errors$throw_ex.doInvoke(errors.clj:24)
	at clojure.lang.RestFn.invoke(RestFn.java:442)
	at clojure.tools.reader.impl.errors$eof_error.invokeStatic(errors.clj:46)
	at clojure.tools.reader.impl.errors$eof_error.doInvoke(errors.clj:42)
	at clojure.lang.RestFn.invoke(RestFn.java:516)
	at clojure.tools.reader.impl.errors$throw_eof_delimited.invokeStatic(errors.clj:57)
	at clojure.tools.reader.impl.errors$throw_eof_delimited.invoke(errors.clj:54)
	at clojure.tools.reader$read_delimited.invokeStatic(reader.clj:200)
	at clojure.tools.reader$read_delimited.invoke(reader.clj:189)
	at clojure.tools.reader$read_list.invokeStatic(reader.clj:207)
	at clojure.tools.reader$read_list.invoke(reader.clj:203)
	at clojure.tools.reader$read_STAR_.invokeStatic(reader.clj:924)
	at clojure.tools.reader$read_STAR_.invoke(reader.clj:905)
	at clojure.tools.reader$read.invokeStatic(reader.clj:973)
	at clojure.tools.reader$read.invoke(reader.clj:950)
	at cljs.analyzer$forms_seq_STAR_$forms_seq___3632$fn__3633$fn__3634.invoke(analyzer.cljc:3666)
	at cljs.analyzer$forms_seq_STAR_$forms_seq___3632$fn__3633.invoke(analyzer.cljc:3659)
	at clojure.lang.LazySeq.sval(LazySeq.java:40)
	at clojure.lang.LazySeq.seq(LazySeq.java:49)
	at clojure.lang.RT.seq(RT.java:528)
	at clojure.core$seq__5124.invokeStatic(core.clj:137)
	at clojure.core$seq__5124.invoke(core.clj:137)
	at cljs.compiler$emit_source.invokeStatic(compiler.cljc:1375)
	at cljs.compiler$emit_source.invoke(compiler.cljc:1356)
	at cljs.compiler$compile_file_STAR_$fn__4875.invoke(compiler.cljc:1456)
	at cljs.compiler$with_core_cljs.invokeStatic(compiler.cljc:1271)
	at cljs.compiler$with_core_cljs.invoke(compiler.cljc:1260)
	at cljs.compiler$compile_file_STAR_.invokeStatic(compiler.cljc:1441)
	at cljs.compiler$compile_file_STAR_.invoke(compiler.cljc:1434)
	at cljs.compiler$compile_file$fn__4906.invoke(compiler.cljc:1538)
	... 64 more

2018.02.06 18:34:41.046 MSK SEVERE: null -- clojure.lang.ExceptionInfo: Call to clojure.core/ns did not conform to spec:
In: [2 0] val: :require-macros fails spec: :clojure.core.specs.alpha/ns-refer-clojure at: [:args :clauses :refer-clojure :clause] predicate: #{:refer-clojure}
In: [2 0] val: :require-macros fails spec: :clojure.core.specs.alpha/ns-require at: [:args :clauses :require :clause] predicate: #{:require}
In: [2 0] val: :require-macros fails spec: :clojure.core.specs.alpha/ns-import at: [:args :clauses :import :clause] predicate: #{:import}
In: [2 0] val: :require-macros fails spec: :clojure.core.specs.alpha/ns-use at: [:args :clauses :use :clause] predicate: #{:use}
In: [2 0] val: :require-macros fails spec: :clojure.core.specs.alpha/ns-refer at: [:args :clauses :refer :clause] predicate: #{:refer}
In: [2 0] val: :require-macros fails spec: :clojure.core.specs.alpha/ns-load at: [:args :clauses :load :clause] predicate: #{:load}
In: [2 0] val: :require-macros fails spec: :clojure.core.specs.alpha/ns-gen-class at: [:args :clauses :gen-class :clause] predicate: #{:gen-class}
 {:clojure.spec.alpha/problems ({:path [:args :clauses :refer-clojure :clause], :pred #{:refer-clojure}, :val :require-macros, :via [:clojure.core.specs.alpha/ns-form :clojure.core.specs.alpha/ns-refer-clojure :clojure.core.specs.alpha/ns-refer-clojure], :in [2 0]} {:path [:args :clauses :require :clause], :pred #{:require}, :val :require-macros, :via [:clojure.core.specs.alpha/ns-form :clojure.core.specs.alpha/ns-require :clojure.core.specs.alpha/ns-require], :in [2 0]} {:path [:args :clauses :import :clause], :pred #{:import}, :val :require-macros, :via [:clojure.core.specs.alpha/ns-form :clojure.core.specs.alpha/ns-import :clojure.core.specs.alpha/ns-import], :in [2 0]} {:path [:args :clauses :use :clause], :pred #{:use}, :val :require-macros, :via [:clojure.core.specs.alpha/ns-form :clojure.core.specs.alpha/ns-use :clojure.core.specs.alpha/ns-use], :in [2 0]} {:path [:args :clauses :refer :clause], :pred #{:refer}, :val :require-macros, :via [:clojure.core.specs.alpha/ns-form :clojure.core.specs.alpha/ns-refer :clojure.core.specs.alpha/ns-refer], :in [2 0]} {:path [:args :clauses :load :clause], :pred #{:load}, :val :require-macros, :via [:clojure.core.specs.alpha/ns-form :clojure.core.specs.alpha/ns-load :clojure.core.specs.alpha/ns-load], :in [2 0]} {:path [:args :clauses :gen-class :clause], :pred #{:gen-class}, :val :require-macros, :via [:clojure.core.specs.alpha/ns-form :clojure.core.specs.alpha/ns-gen-class :clojure.core.specs.alpha/ns-gen-class], :in [2 0]}), :clojure.spec.alpha/spec #object[clojure.spec.alpha$regex_spec_impl$reify__2436 0x555de908 "clojure.spec.alpha$regex_spec_impl$reify__2436@555de908"], :clojure.spec.alpha/value (view3d.client (:require [goog.string :as gstring] [goog.string.format] [cljs.core.async :refer [<! timeout close!]] [cognitect.transit :as t] [ajax.core :refer (GET)] [cljs.reader :as rdr] [czm.core :as czm]) (:require-macros [cljs.core.async.macros :refer [go]])), :clojure.spec.alpha/args (view3d.client (:require [goog.string :as gstring] [goog.string.format] [cljs.core.async :refer [<! timeout close!]] [cognitect.transit :as t] [ajax.core :refer (GET)] [cljs.reader :as rdr] [czm.core :as czm]) (:require-macros [cljs.core.async.macros :refer [go]]))}, compiling:(clojure/view3d/client.clj:1:1)
	at clojure.lang.Compiler.checkSpecs(Compiler.java:6891)
	at clojure.lang.Compiler.macroexpand1(Compiler.java:6907)
	at clojure.lang.Compiler.macroexpand(Compiler.java:6972)
	at clojure.lang.Compiler.eval(Compiler.java:7046)
	at clojure.lang.Compiler.load(Compiler.java:7514)
	at clojure.lang.RT.loadResourceScript(RT.java:379)
	at clojure.lang.RT.loadResourceScript(RT.java:370)
	at clojure.lang.RT.load(RT.java:460)
	at clojure.lang.RT.load(RT.java:426)
	at clojure.core$load$fn__6548.invoke(core.clj:6046)
	at clojure.core$load.invokeStatic(core.clj:6045)
	at clojure.core$load.doInvoke(core.clj:6029)
	at clojure.lang.RestFn.invoke(RestFn.java:408)
	at clojure.lang.Var.invoke(Var.java:381)
	at clojuretab.ClojureTab.loadProgram(ClojureTab.java:544)
	at clojuretab.ClojureTab.loadSelectedPrograms(ClojureTab.java:533)
	at clojuretab.ClojureTab.access$3(ClojureTab.java:529)
	at clojuretab.ClojureTab$5.actionPerformed(ClojureTab.java:255)
	at javax.swing.AbstractButton.fireActionPerformed(AbstractButton.java:2022)
	at javax.swing.AbstractButton$Handler.actionPerformed(AbstractButton.java:2346)
	at javax.swing.DefaultButtonModel.fireActionPerformed(DefaultButtonModel.java:402)
	at javax.swing.DefaultButtonModel.setPressed(DefaultButtonModel.java:259)
	at javax.swing.plaf.basic.BasicButtonListener.mouseReleased(BasicButtonListener.java:252)
	at java.awt.AWTEventMulticaster.mouseReleased(AWTEventMulticaster.java:289)
	at java.awt.Component.processMouseEvent(Component.java:6525)
	at javax.swing.JComponent.processMouseEvent(JComponent.java:3322)
	at java.awt.Component.processEvent(Component.java:6290)
	at java.awt.Container.processEvent(Container.java:2234)
	at java.awt.Component.dispatchEventImpl(Component.java:4881)
	at java.awt.Container.dispatchEventImpl(Container.java:2292)
	at java.awt.Component.dispatchEvent(Component.java:4703)
	at java.awt.LightweightDispatcher.retargetMouseEvent(Container.java:4898)
	at java.awt.LightweightDispatcher.processMouseEvent(Container.java:4533)
	at java.awt.LightweightDispatcher.dispatchEvent(Container.java:4462)
	at java.awt.Container.dispatchEventImpl(Container.java:2278)
	at java.awt.Window.dispatchEventImpl(Window.java:2739)
	at java.awt.Component.dispatchEvent(Component.java:4703)
	at java.awt.EventQueue.dispatchEventImpl(EventQueue.java:751)
	at java.awt.EventQueue.access$500(EventQueue.java:97)
	at java.awt.EventQueue$3.run(EventQueue.java:702)
	at java.awt.EventQueue$3.run(EventQueue.java:696)
	at java.security.AccessController.doPrivileged(Native Method)
	at java.security.ProtectionDomain$1.doIntersectionPrivilege(ProtectionDomain.java:75)
	at java.security.ProtectionDomain$1.doIntersectionPrivilege(ProtectionDomain.java:86)
	at java.awt.EventQueue$4.run(EventQueue.java:724)
	at java.awt.EventQueue$4.run(EventQueue.java:722)
	at java.security.AccessController.doPrivileged(Native Method)
	at java.security.ProtectionDomain$1.doIntersectionPrivilege(ProtectionDomain.java:75)
	at java.awt.EventQueue.dispatchEvent(EventQueue.java:721)
	at java.awt.EventDispatchThread.pumpOneEventForFilters(EventDispatchThread.java:201)
	at java.awt.EventDispatchThread.pumpEventsForFilter(EventDispatchThread.java:116)
	at java.awt.EventDispatchThread.pumpEventsForHierarchy(EventDispatchThread.java:105)
	at java.awt.EventDispatchThread.pumpEvents(EventDispatchThread.java:101)
	at java.awt.EventDispatchThread.pumpEvents(EventDispatchThread.java:93)
	at java.awt.EventDispatchThread.run(EventDispatchThread.java:82)
Caused by: clojure.lang.ExceptionInfo: Call to clojure.core/ns did not conform to spec:
In: [2 0] val: :require-macros fails spec: :clojure.core.specs.alpha/ns-refer-clojure at: [:args :clauses :refer-clojure :clause] predicate: #{:refer-clojure}
In: [2 0] val: :require-macros fails spec: :clojure.core.specs.alpha/ns-require at: [:args :clauses :require :clause] predicate: #{:require}
In: [2 0] val: :require-macros fails spec: :clojure.core.specs.alpha/ns-import at: [:args :clauses :import :clause] predicate: #{:import}
In: [2 0] val: :require-macros fails spec: :clojure.core.specs.alpha/ns-use at: [:args :clauses :use :clause] predicate: #{:use}
In: [2 0] val: :require-macros fails spec: :clojure.core.specs.alpha/ns-refer at: [:args :clauses :refer :clause] predicate: #{:refer}
In: [2 0] val: :require-macros fails spec: :clojure.core.specs.alpha/ns-load at: [:args :clauses :load :clause] predicate: #{:load}
In: [2 0] val: :require-macros fails spec: :clojure.core.specs.alpha/ns-gen-class at: [:args :clauses :gen-class :clause] predicate: #{:gen-class}
 {:clojure.spec.alpha/problems ({:path [:args :clauses :refer-clojure :clause], :pred #{:refer-clojure}, :val :require-macros, :via [:clojure.core.specs.alpha/ns-form :clojure.core.specs.alpha/ns-refer-clojure :clojure.core.specs.alpha/ns-refer-clojure], :in [2 0]} {:path [:args :clauses :require :clause], :pred #{:require}, :val :require-macros, :via [:clojure.core.specs.alpha/ns-form :clojure.core.specs.alpha/ns-require :clojure.core.specs.alpha/ns-require], :in [2 0]} {:path [:args :clauses :import :clause], :pred #{:import}, :val :require-macros, :via [:clojure.core.specs.alpha/ns-form :clojure.core.specs.alpha/ns-import :clojure.core.specs.alpha/ns-import], :in [2 0]} {:path [:args :clauses :use :clause], :pred #{:use}, :val :require-macros, :via [:clojure.core.specs.alpha/ns-form :clojure.core.specs.alpha/ns-use :clojure.core.specs.alpha/ns-use], :in [2 0]} {:path [:args :clauses :refer :clause], :pred #{:refer}, :val :require-macros, :via [:clojure.core.specs.alpha/ns-form :clojure.core.specs.alpha/ns-refer :clojure.core.specs.alpha/ns-refer], :in [2 0]} {:path [:args :clauses :load :clause], :pred #{:load}, :val :require-macros, :via [:clojure.core.specs.alpha/ns-form :clojure.core.specs.alpha/ns-load :clojure.core.specs.alpha/ns-load], :in [2 0]} {:path [:args :clauses :gen-class :clause], :pred #{:gen-class}, :val :require-macros, :via [:clojure.core.specs.alpha/ns-form :clojure.core.specs.alpha/ns-gen-class :clojure.core.specs.alpha/ns-gen-class], :in [2 0]}), :clojure.spec.alpha/spec #object[clojure.spec.alpha$regex_spec_impl$reify__2436 0x555de908 "clojure.spec.alpha$regex_spec_impl$reify__2436@555de908"], :clojure.spec.alpha/value (view3d.client (:require [goog.string :as gstring] [goog.string.format] [cljs.core.async :refer [<! timeout close!]] [cognitect.transit :as t] [ajax.core :refer (GET)] [cljs.reader :as rdr] [czm.core :as czm]) (:require-macros [cljs.core.async.macros :refer [go]])), :clojure.spec.alpha/args (view3d.client (:require [goog.string :as gstring] [goog.string.format] [cljs.core.async :refer [<! timeout close!]] [cognitect.transit :as t] [ajax.core :refer (GET)] [cljs.reader :as rdr] [czm.core :as czm]) (:require-macros [cljs.core.async.macros :refer [go]]))}
	at clojure.core$ex_info.invokeStatic(core.clj:4739)
	at clojure.core$ex_info.invoke(core.clj:4739)
	at clojure.spec.alpha$macroexpand_check.invokeStatic(alpha.clj:689)
	at clojure.spec.alpha$macroexpand_check.invoke(alpha.clj:681)
	at clojure.lang.AFn.applyToHelper(AFn.java:156)
	at clojure.lang.AFn.applyTo(AFn.java:144)
	at clojure.lang.Var.applyTo(Var.java:702)
	at clojure.lang.Compiler.checkSpecs(Compiler.java:6889)
	... 54 more

2018.02.06 18:41:09.398 MSK SEVERE: null -- clojure.lang.ExceptionInfo: failed compiling file:src/cljs/view3d/client.cljs {:file #object[java.io.File 0x56549ffc "src/cljs/view3d/client.cljs"]}
	at clojure.core$ex_info.invokeStatic(core.clj:4739)
	at clojure.core$ex_info.invoke(core.clj:4739)
	at cljs.compiler$compile_file$fn__4906.invoke(compiler.cljc:1552)
	at cljs.compiler$compile_file.invokeStatic(compiler.cljc:1513)
	at cljs.compiler$compile_file.invoke(compiler.cljc:1489)
	at cljs.closure$compile_file.invokeStatic(closure.clj:540)
	at cljs.closure$compile_file.invoke(closure.clj:531)
	at cljs.closure$eval7161$fn__7162.invoke(closure.clj:609)
	at cljs.closure$eval7097$fn__7098$G__7086__7105.invoke(closure.clj:493)
	at cljs.closure$compile_sources$iter__7285__7289$fn__7290.invoke(closure.clj:954)
	at clojure.lang.LazySeq.sval(LazySeq.java:40)
	at clojure.lang.LazySeq.seq(LazySeq.java:49)
	at clojure.lang.Cons.next(Cons.java:39)
	at clojure.lang.RT.next(RT.java:706)
	at clojure.core$next__5108.invokeStatic(core.clj:64)
	at clojure.core$dorun.invokeStatic(core.clj:3134)
	at clojure.core$doall.invokeStatic(core.clj:3140)
	at clojure.core$doall.invoke(core.clj:3140)
	at cljs.closure$compile_sources.invokeStatic(closure.clj:950)
	at cljs.closure$compile_sources.invoke(closure.clj:939)
	at cljs.closure$build.invokeStatic(closure.clj:2596)
	at cljs.closure$build.invoke(closure.clj:2507)
	at cljs.build.api$build.invokeStatic(api.clj:205)
	at cljs.build.api$build.invoke(api.clj:189)
	at cljs.build.api$build.invokeStatic(api.clj:192)
	at cljs.build.api$build.invoke(api.clj:189)
	at cljs.compile$build.invokeStatic(compile.clj:70)
	at cljs.compile$build.invoke(compile.clj:43)
	at clojure.lang.Var.invoke(Var.java:385)
	at clojuretab.ClojureTab.invoke(ClojureTab.java:700)
	at clojuretab.ClojureActionButton$1.actionPerformed(ClojureActionButton.java:53)
	at javax.swing.AbstractButton.fireActionPerformed(AbstractButton.java:2022)
	at javax.swing.AbstractButton$Handler.actionPerformed(AbstractButton.java:2346)
	at javax.swing.DefaultButtonModel.fireActionPerformed(DefaultButtonModel.java:402)
	at javax.swing.DefaultButtonModel.setPressed(DefaultButtonModel.java:259)
	at javax.swing.plaf.basic.BasicButtonListener.mouseReleased(BasicButtonListener.java:252)
	at java.awt.Component.processMouseEvent(Component.java:6525)
	at javax.swing.JComponent.processMouseEvent(JComponent.java:3322)
	at java.awt.Component.processEvent(Component.java:6290)
	at java.awt.Container.processEvent(Container.java:2234)
	at java.awt.Component.dispatchEventImpl(Component.java:4881)
	at java.awt.Container.dispatchEventImpl(Container.java:2292)
	at java.awt.Component.dispatchEvent(Component.java:4703)
	at java.awt.LightweightDispatcher.retargetMouseEvent(Container.java:4898)
	at java.awt.LightweightDispatcher.processMouseEvent(Container.java:4533)
	at java.awt.LightweightDispatcher.dispatchEvent(Container.java:4462)
	at java.awt.Container.dispatchEventImpl(Container.java:2278)
	at java.awt.Window.dispatchEventImpl(Window.java:2739)
	at java.awt.Component.dispatchEvent(Component.java:4703)
	at java.awt.EventQueue.dispatchEventImpl(EventQueue.java:751)
	at java.awt.EventQueue.access$500(EventQueue.java:97)
	at java.awt.EventQueue$3.run(EventQueue.java:702)
	at java.awt.EventQueue$3.run(EventQueue.java:696)
	at java.security.AccessController.doPrivileged(Native Method)
	at java.security.ProtectionDomain$1.doIntersectionPrivilege(ProtectionDomain.java:75)
	at java.security.ProtectionDomain$1.doIntersectionPrivilege(ProtectionDomain.java:86)
	at java.awt.EventQueue$4.run(EventQueue.java:724)
	at java.awt.EventQueue$4.run(EventQueue.java:722)
	at java.security.AccessController.doPrivileged(Native Method)
	at java.security.ProtectionDomain$1.doIntersectionPrivilege(ProtectionDomain.java:75)
	at java.awt.EventQueue.dispatchEvent(EventQueue.java:721)
	at java.awt.EventDispatchThread.pumpOneEventForFilters(EventDispatchThread.java:201)
	at java.awt.EventDispatchThread.pumpEventsForFilter(EventDispatchThread.java:116)
	at java.awt.EventDispatchThread.pumpEventsForHierarchy(EventDispatchThread.java:105)
	at java.awt.EventDispatchThread.pumpEvents(EventDispatchThread.java:101)
	at java.awt.EventDispatchThread.pumpEvents(EventDispatchThread.java:93)
	at java.awt.EventDispatchThread.run(EventDispatchThread.java:82)
Caused by: clojure.lang.ExceptionInfo: /Users/ru/clojure/simpro-scene/src/cljs/view3d/client.cljs [line 137, col 38] Unexpected EOF while reading item 9 of list, starting at line 125 and column 1. {:type :reader-exception, :ex-kind :eof, :file "/Users/ru/clojure/simpro-scene/src/cljs/view3d/client.cljs", :line 137, :col 38}
	at clojure.core$ex_info.invokeStatic(core.clj:4739)
	at clojure.core$ex_info.invoke(core.clj:4739)
	at clojure.tools.reader.impl.errors$throw_ex.invokeStatic(errors.clj:34)
	at clojure.tools.reader.impl.errors$throw_ex.doInvoke(errors.clj:24)
	at clojure.lang.RestFn.invoke(RestFn.java:442)
	at clojure.tools.reader.impl.errors$eof_error.invokeStatic(errors.clj:46)
	at clojure.tools.reader.impl.errors$eof_error.doInvoke(errors.clj:42)
	at clojure.lang.RestFn.invoke(RestFn.java:516)
	at clojure.tools.reader.impl.errors$throw_eof_delimited.invokeStatic(errors.clj:57)
	at clojure.tools.reader.impl.errors$throw_eof_delimited.invoke(errors.clj:54)
	at clojure.tools.reader$read_delimited.invokeStatic(reader.clj:200)
	at clojure.tools.reader$read_delimited.invoke(reader.clj:189)
	at clojure.tools.reader$read_list.invokeStatic(reader.clj:207)
	at clojure.tools.reader$read_list.invoke(reader.clj:203)
	at clojure.tools.reader$read_STAR_.invokeStatic(reader.clj:924)
	at clojure.tools.reader$read_STAR_.invoke(reader.clj:905)
	at clojure.tools.reader$read.invokeStatic(reader.clj:973)
	at clojure.tools.reader$read.invoke(reader.clj:950)
	at cljs.analyzer$forms_seq_STAR_$forms_seq___3632$fn__3633$fn__3634.invoke(analyzer.cljc:3666)
	at cljs.analyzer$forms_seq_STAR_$forms_seq___3632$fn__3633.invoke(analyzer.cljc:3659)
	at clojure.lang.LazySeq.sval(LazySeq.java:40)
	at clojure.lang.LazySeq.seq(LazySeq.java:49)
	at clojure.lang.RT.seq(RT.java:528)
	at clojure.core$seq__5124.invokeStatic(core.clj:137)
	at clojure.core$seq__5124.invoke(core.clj:137)
	at cljs.compiler$emit_source.invokeStatic(compiler.cljc:1375)
	at cljs.compiler$emit_source.invoke(compiler.cljc:1356)
	at cljs.compiler$compile_file_STAR_$fn__4875.invoke(compiler.cljc:1456)
	at cljs.compiler$with_core_cljs.invokeStatic(compiler.cljc:1271)
	at cljs.compiler$with_core_cljs.invoke(compiler.cljc:1260)
	at cljs.compiler$compile_file_STAR_.invokeStatic(compiler.cljc:1441)
	at cljs.compiler$compile_file_STAR_.invoke(compiler.cljc:1434)
	at cljs.compiler$compile_file$fn__4906.invoke(compiler.cljc:1538)
	... 64 more

2018.02.06 18:44:52.063 MSK SEVERE: null -- clojure.lang.ExceptionInfo: failed compiling file:src/cljs/view3d/client.cljs {:file #object[java.io.File 0x3280c139 "src/cljs/view3d/client.cljs"]}
	at clojure.core$ex_info.invokeStatic(core.clj:4739)
	at clojure.core$ex_info.invoke(core.clj:4739)
	at cljs.compiler$compile_file$fn__4906.invoke(compiler.cljc:1552)
	at cljs.compiler$compile_file.invokeStatic(compiler.cljc:1513)
	at cljs.compiler$compile_file.invoke(compiler.cljc:1489)
	at cljs.closure$compile_file.invokeStatic(closure.clj:540)
	at cljs.closure$compile_file.invoke(closure.clj:531)
	at cljs.closure$eval7161$fn__7162.invoke(closure.clj:609)
	at cljs.closure$eval7097$fn__7098$G__7086__7105.invoke(closure.clj:493)
	at cljs.closure$compile_sources$iter__7285__7289$fn__7290.invoke(closure.clj:954)
	at clojure.lang.LazySeq.sval(LazySeq.java:40)
	at clojure.lang.LazySeq.seq(LazySeq.java:49)
	at clojure.lang.Cons.next(Cons.java:39)
	at clojure.lang.RT.next(RT.java:706)
	at clojure.core$next__5108.invokeStatic(core.clj:64)
	at clojure.core$dorun.invokeStatic(core.clj:3134)
	at clojure.core$doall.invokeStatic(core.clj:3140)
	at clojure.core$doall.invoke(core.clj:3140)
	at cljs.closure$compile_sources.invokeStatic(closure.clj:950)
	at cljs.closure$compile_sources.invoke(closure.clj:939)
	at cljs.closure$build.invokeStatic(closure.clj:2596)
	at cljs.closure$build.invoke(closure.clj:2507)
	at cljs.build.api$build.invokeStatic(api.clj:205)
	at cljs.build.api$build.invoke(api.clj:189)
	at cljs.build.api$build.invokeStatic(api.clj:192)
	at cljs.build.api$build.invoke(api.clj:189)
	at cljs.compile$build.invokeStatic(compile.clj:70)
	at cljs.compile$build.invoke(compile.clj:43)
	at clojure.lang.Var.invoke(Var.java:385)
	at clojuretab.ClojureTab.invoke(ClojureTab.java:700)
	at clojuretab.ClojureActionButton$1.actionPerformed(ClojureActionButton.java:53)
	at javax.swing.AbstractButton.fireActionPerformed(AbstractButton.java:2022)
	at javax.swing.AbstractButton$Handler.actionPerformed(AbstractButton.java:2346)
	at javax.swing.DefaultButtonModel.fireActionPerformed(DefaultButtonModel.java:402)
	at javax.swing.DefaultButtonModel.setPressed(DefaultButtonModel.java:259)
	at javax.swing.plaf.basic.BasicButtonListener.mouseReleased(BasicButtonListener.java:252)
	at java.awt.Component.processMouseEvent(Component.java:6525)
	at javax.swing.JComponent.processMouseEvent(JComponent.java:3322)
	at java.awt.Component.processEvent(Component.java:6290)
	at java.awt.Container.processEvent(Container.java:2234)
	at java.awt.Component.dispatchEventImpl(Component.java:4881)
	at java.awt.Container.dispatchEventImpl(Container.java:2292)
	at java.awt.Component.dispatchEvent(Component.java:4703)
	at java.awt.LightweightDispatcher.retargetMouseEvent(Container.java:4898)
	at java.awt.LightweightDispatcher.processMouseEvent(Container.java:4533)
	at java.awt.LightweightDispatcher.dispatchEvent(Container.java:4462)
	at java.awt.Container.dispatchEventImpl(Container.java:2278)
	at java.awt.Window.dispatchEventImpl(Window.java:2739)
	at java.awt.Component.dispatchEvent(Component.java:4703)
	at java.awt.EventQueue.dispatchEventImpl(EventQueue.java:751)
	at java.awt.EventQueue.access$500(EventQueue.java:97)
	at java.awt.EventQueue$3.run(EventQueue.java:702)
	at java.awt.EventQueue$3.run(EventQueue.java:696)
	at java.security.AccessController.doPrivileged(Native Method)
	at java.security.ProtectionDomain$1.doIntersectionPrivilege(ProtectionDomain.java:75)
	at java.security.ProtectionDomain$1.doIntersectionPrivilege(ProtectionDomain.java:86)
	at java.awt.EventQueue$4.run(EventQueue.java:724)
	at java.awt.EventQueue$4.run(EventQueue.java:722)
	at java.security.AccessController.doPrivileged(Native Method)
	at java.security.ProtectionDomain$1.doIntersectionPrivilege(ProtectionDomain.java:75)
	at java.awt.EventQueue.dispatchEvent(EventQueue.java:721)
	at java.awt.EventDispatchThread.pumpOneEventForFilters(EventDispatchThread.java:201)
	at java.awt.EventDispatchThread.pumpEventsForFilter(EventDispatchThread.java:116)
	at java.awt.EventDispatchThread.pumpEventsForHierarchy(EventDispatchThread.java:105)
	at java.awt.EventDispatchThread.pumpEvents(EventDispatchThread.java:101)
	at java.awt.EventDispatchThread.pumpEvents(EventDispatchThread.java:93)
	at java.awt.EventDispatchThread.run(EventDispatchThread.java:82)
Caused by: clojure.lang.ExceptionInfo: /Users/ru/clojure/simpro-scene/src/cljs/view3d/client.cljs [line 137, col 38] Unexpected EOF while reading item 9 of list, starting at line 125 and column 1. {:type :reader-exception, :ex-kind :eof, :file "/Users/ru/clojure/simpro-scene/src/cljs/view3d/client.cljs", :line 137, :col 38}
	at clojure.core$ex_info.invokeStatic(core.clj:4739)
	at clojure.core$ex_info.invoke(core.clj:4739)
	at clojure.tools.reader.impl.errors$throw_ex.invokeStatic(errors.clj:34)
	at clojure.tools.reader.impl.errors$throw_ex.doInvoke(errors.clj:24)
	at clojure.lang.RestFn.invoke(RestFn.java:442)
	at clojure.tools.reader.impl.errors$eof_error.invokeStatic(errors.clj:46)
	at clojure.tools.reader.impl.errors$eof_error.doInvoke(errors.clj:42)
	at clojure.lang.RestFn.invoke(RestFn.java:516)
	at clojure.tools.reader.impl.errors$throw_eof_delimited.invokeStatic(errors.clj:57)
	at clojure.tools.reader.impl.errors$throw_eof_delimited.invoke(errors.clj:54)
	at clojure.tools.reader$read_delimited.invokeStatic(reader.clj:200)
	at clojure.tools.reader$read_delimited.invoke(reader.clj:189)
	at clojure.tools.reader$read_list.invokeStatic(reader.clj:207)
	at clojure.tools.reader$read_list.invoke(reader.clj:203)
	at clojure.tools.reader$read_STAR_.invokeStatic(reader.clj:924)
	at clojure.tools.reader$read_STAR_.invoke(reader.clj:905)
	at clojure.tools.reader$read.invokeStatic(reader.clj:973)
	at clojure.tools.reader$read.invoke(reader.clj:950)
	at cljs.analyzer$forms_seq_STAR_$forms_seq___3632$fn__3633$fn__3634.invoke(analyzer.cljc:3666)
	at cljs.analyzer$forms_seq_STAR_$forms_seq___3632$fn__3633.invoke(analyzer.cljc:3659)
	at clojure.lang.LazySeq.sval(LazySeq.java:40)
	at clojure.lang.LazySeq.seq(LazySeq.java:49)
	at clojure.lang.RT.seq(RT.java:528)
	at clojure.core$seq__5124.invokeStatic(core.clj:137)
	at clojure.core$seq__5124.invoke(core.clj:137)
	at cljs.compiler$emit_source.invokeStatic(compiler.cljc:1375)
	at cljs.compiler$emit_source.invoke(compiler.cljc:1356)
	at cljs.compiler$compile_file_STAR_$fn__4875.invoke(compiler.cljc:1456)
	at cljs.compiler$with_core_cljs.invokeStatic(compiler.cljc:1271)
	at cljs.compiler$with_core_cljs.invoke(compiler.cljc:1260)
	at cljs.compiler$compile_file_STAR_.invokeStatic(compiler.cljc:1441)
	at cljs.compiler$compile_file_STAR_.invoke(compiler.cljc:1434)
	at cljs.compiler$compile_file$fn__4906.invoke(compiler.cljc:1538)
	... 64 more

2018.02.06 18:45:21.793 MSK SEVERE: null -- clojure.lang.ExceptionInfo: failed compiling file:src/cljs/view3d/client.cljs {:file #object[java.io.File 0x5f3a72dc "src/cljs/view3d/client.cljs"]}
	at clojure.core$ex_info.invokeStatic(core.clj:4739)
	at clojure.core$ex_info.invoke(core.clj:4739)
	at cljs.compiler$compile_file$fn__4906.invoke(compiler.cljc:1552)
	at cljs.compiler$compile_file.invokeStatic(compiler.cljc:1513)
	at cljs.compiler$compile_file.invoke(compiler.cljc:1489)
	at cljs.closure$compile_file.invokeStatic(closure.clj:540)
	at cljs.closure$compile_file.invoke(closure.clj:531)
	at cljs.closure$eval7161$fn__7162.invoke(closure.clj:609)
	at cljs.closure$eval7097$fn__7098$G__7086__7105.invoke(closure.clj:493)
	at cljs.closure$compile_sources$iter__7285__7289$fn__7290.invoke(closure.clj:954)
	at clojure.lang.LazySeq.sval(LazySeq.java:40)
	at clojure.lang.LazySeq.seq(LazySeq.java:49)
	at clojure.lang.Cons.next(Cons.java:39)
	at clojure.lang.RT.next(RT.java:706)
	at clojure.core$next__5108.invokeStatic(core.clj:64)
	at clojure.core$dorun.invokeStatic(core.clj:3134)
	at clojure.core$doall.invokeStatic(core.clj:3140)
	at clojure.core$doall.invoke(core.clj:3140)
	at cljs.closure$compile_sources.invokeStatic(closure.clj:950)
	at cljs.closure$compile_sources.invoke(closure.clj:939)
	at cljs.closure$build.invokeStatic(closure.clj:2596)
	at cljs.closure$build.invoke(closure.clj:2507)
	at cljs.build.api$build.invokeStatic(api.clj:205)
	at cljs.build.api$build.invoke(api.clj:189)
	at cljs.build.api$build.invokeStatic(api.clj:192)
	at cljs.build.api$build.invoke(api.clj:189)
	at cljs.compile$build.invokeStatic(compile.clj:70)
	at cljs.compile$build.invoke(compile.clj:43)
	at clojure.lang.Var.invoke(Var.java:385)
	at clojuretab.ClojureTab.invoke(ClojureTab.java:700)
	at clojuretab.ClojureActionButton$1.actionPerformed(ClojureActionButton.java:53)
	at javax.swing.AbstractButton.fireActionPerformed(AbstractButton.java:2022)
	at javax.swing.AbstractButton$Handler.actionPerformed(AbstractButton.java:2346)
	at javax.swing.DefaultButtonModel.fireActionPerformed(DefaultButtonModel.java:402)
	at javax.swing.DefaultButtonModel.setPressed(DefaultButtonModel.java:259)
	at javax.swing.plaf.basic.BasicButtonListener.mouseReleased(BasicButtonListener.java:252)
	at java.awt.Component.processMouseEvent(Component.java:6525)
	at javax.swing.JComponent.processMouseEvent(JComponent.java:3322)
	at java.awt.Component.processEvent(Component.java:6290)
	at java.awt.Container.processEvent(Container.java:2234)
	at java.awt.Component.dispatchEventImpl(Component.java:4881)
	at java.awt.Container.dispatchEventImpl(Container.java:2292)
	at java.awt.Component.dispatchEvent(Component.java:4703)
	at java.awt.LightweightDispatcher.retargetMouseEvent(Container.java:4898)
	at java.awt.LightweightDispatcher.processMouseEvent(Container.java:4533)
	at java.awt.LightweightDispatcher.dispatchEvent(Container.java:4462)
	at java.awt.Container.dispatchEventImpl(Container.java:2278)
	at java.awt.Window.dispatchEventImpl(Window.java:2739)
	at java.awt.Component.dispatchEvent(Component.java:4703)
	at java.awt.EventQueue.dispatchEventImpl(EventQueue.java:751)
	at java.awt.EventQueue.access$500(EventQueue.java:97)
	at java.awt.EventQueue$3.run(EventQueue.java:702)
	at java.awt.EventQueue$3.run(EventQueue.java:696)
	at java.security.AccessController.doPrivileged(Native Method)
	at java.security.ProtectionDomain$1.doIntersectionPrivilege(ProtectionDomain.java:75)
	at java.security.ProtectionDomain$1.doIntersectionPrivilege(ProtectionDomain.java:86)
	at java.awt.EventQueue$4.run(EventQueue.java:724)
	at java.awt.EventQueue$4.run(EventQueue.java:722)
	at java.security.AccessController.doPrivileged(Native Method)
	at java.security.ProtectionDomain$1.doIntersectionPrivilege(ProtectionDomain.java:75)
	at java.awt.EventQueue.dispatchEvent(EventQueue.java:721)
	at java.awt.EventDispatchThread.pumpOneEventForFilters(EventDispatchThread.java:201)
	at java.awt.EventDispatchThread.pumpEventsForFilter(EventDispatchThread.java:116)
	at java.awt.EventDispatchThread.pumpEventsForHierarchy(EventDispatchThread.java:105)
	at java.awt.EventDispatchThread.pumpEvents(EventDispatchThread.java:101)
	at java.awt.EventDispatchThread.pumpEvents(EventDispatchThread.java:93)
	at java.awt.EventDispatchThread.run(EventDispatchThread.java:82)
Caused by: clojure.lang.ExceptionInfo: /Users/ru/clojure/simpro-scene/src/cljs/view3d/client.cljs [line 137, col 38] Unexpected EOF while reading item 9 of list, starting at line 125 and column 1. {:type :reader-exception, :ex-kind :eof, :file "/Users/ru/clojure/simpro-scene/src/cljs/view3d/client.cljs", :line 137, :col 38}
	at clojure.core$ex_info.invokeStatic(core.clj:4739)
	at clojure.core$ex_info.invoke(core.clj:4739)
	at clojure.tools.reader.impl.errors$throw_ex.invokeStatic(errors.clj:34)
	at clojure.tools.reader.impl.errors$throw_ex.doInvoke(errors.clj:24)
	at clojure.lang.RestFn.invoke(RestFn.java:442)
	at clojure.tools.reader.impl.errors$eof_error.invokeStatic(errors.clj:46)
	at clojure.tools.reader.impl.errors$eof_error.doInvoke(errors.clj:42)
	at clojure.lang.RestFn.invoke(RestFn.java:516)
	at clojure.tools.reader.impl.errors$throw_eof_delimited.invokeStatic(errors.clj:57)
	at clojure.tools.reader.impl.errors$throw_eof_delimited.invoke(errors.clj:54)
	at clojure.tools.reader$read_delimited.invokeStatic(reader.clj:200)
	at clojure.tools.reader$read_delimited.invoke(reader.clj:189)
	at clojure.tools.reader$read_list.invokeStatic(reader.clj:207)
	at clojure.tools.reader$read_list.invoke(reader.clj:203)
	at clojure.tools.reader$read_STAR_.invokeStatic(reader.clj:924)
	at clojure.tools.reader$read_STAR_.invoke(reader.clj:905)
	at clojure.tools.reader$read.invokeStatic(reader.clj:973)
	at clojure.tools.reader$read.invoke(reader.clj:950)
	at cljs.analyzer$forms_seq_STAR_$forms_seq___3632$fn__3633$fn__3634.invoke(analyzer.cljc:3666)
	at cljs.analyzer$forms_seq_STAR_$forms_seq___3632$fn__3633.invoke(analyzer.cljc:3659)
	at clojure.lang.LazySeq.sval(LazySeq.java:40)
	at clojure.lang.LazySeq.seq(LazySeq.java:49)
	at clojure.lang.RT.seq(RT.java:528)
	at clojure.core$seq__5124.invokeStatic(core.clj:137)
	at clojure.core$seq__5124.invoke(core.clj:137)
	at cljs.compiler$emit_source.invokeStatic(compiler.cljc:1375)
	at cljs.compiler$emit_source.invoke(compiler.cljc:1356)
	at cljs.compiler$compile_file_STAR_$fn__4875.invoke(compiler.cljc:1456)
	at cljs.compiler$with_core_cljs.invokeStatic(compiler.cljc:1271)
	at cljs.compiler$with_core_cljs.invoke(compiler.cljc:1260)
	at cljs.compiler$compile_file_STAR_.invokeStatic(compiler.cljc:1441)
	at cljs.compiler$compile_file_STAR_.invoke(compiler.cljc:1434)
	at cljs.compiler$compile_file$fn__4906.invoke(compiler.cljc:1538)
	... 64 more

