2018.03.01 10:46:04.211 MSK INFO: *** SYSTEM START *** -- SystemUtilities.logSystemInfo()
2018.03.01 10:46:04.236 MSK CONFIG: Protege 3.5 Build 663, JVM 1.8.0_31-b13, memory=1908M, Mac OS X, encoding=UTF-8, language=en, country=US -- SystemUtilities.logSystemInfo()
2018.03.01 10:46:06.219 MSK CONFIG: Loaded plugin clojuretab -- PluginUtilities.logClassLoaderInformation()
2018.03.01 10:46:06.290 MSK CONFIG: Loaded plugin edu.stanford.smi.protegex.standard_extensions - Graph Widget, Table Widget -- PluginUtilities.logClassLoaderInformation()
2018.03.01 10:46:06.589 MSK CONFIG: Loaded plugin ru.igis.omtab -- PluginUtilities.logClassLoaderInformation()
2018.03.01 10:46:13.249 MSK WARNING: missing bundle: protege_text -- BundleHelper.<init>()
2018.03.01 10:47:02.376 MSK INFO: Project load time for file:/Users/ru/clojure/simpro-scene/pprj_base/Algorithm.pprj: 0 sec -- ProjectChooser.loadProject()
2018.03.01 10:47:03.467 MSK INFO: UI display time = 1 sec -- ProjectManager$2.run()
2018.03.01 10:49:16.227 MSK SEVERE: Unable to load project from: file:/Users/ru/clojure/simpro-scene/pprj_examples/Algorithm.pprj -- Project.getProjectInstancesReader()
2018.03.01 10:49:16.235 MSK WARNING: Unable to load prj:file:/Users/ru/clojure/simpro-scene/pprj_examples/Algorithm.pprj -- Project.includeDomainKB()
2018.03.01 10:49:16.246 MSK SEVERE: Unable to load project from: file:/Users/ru/clojure/simpro-scene/pprj_examples/ShareOnto.pprj -- Project.getProjectInstancesReader()
2018.03.01 10:49:16.252 MSK WARNING: Unable to load prj:file:/Users/ru/clojure/simpro-scene/pprj_examples/ShareOnto.pprj -- Project.includeDomainKB()
2018.03.01 10:49:16.263 MSK WARNING: Unable to find child FrameStore: file:/Users/ru/clojure/simpro-scene/pprj_examples/Algorithm.pprj -- MergingNarrowFrameStore.addActiveFrameStore()
2018.03.01 10:49:16.263 MSK WARNING: Unable to find child FrameStore: file:/Users/ru/clojure/simpro-scene/pprj_examples/ShareOnto.pprj -- MergingNarrowFrameStore.addActiveFrameStore()
2018.03.01 10:49:16.265 MSK SEVERE: non-existent slot: but-deep-copy -- Parser.recordError()
2018.03.01 10:49:16.265 MSK SEVERE: non-existent slot: but-del-fil -- Parser.recordError()
2018.03.01 10:49:16.265 MSK SEVERE: non-existent slot: but-del-unref -- Parser.recordError()
2018.03.01 10:49:16.266 MSK SEVERE: non-existent slot: but-find-unref -- Parser.recordError()
2018.03.01 10:49:16.266 MSK SEVERE: non-existent slot: but-load-prj -- Parser.recordError()
2018.03.01 10:49:16.266 MSK SEVERE: non-existent slot: but-shal-copy -- Parser.recordError()
2018.03.01 10:49:16.266 MSK SEVERE: non-existent slot: source-project -- Parser.recordError()
2018.03.01 10:49:16.266 MSK SEVERE: non-existent slot: code -- Parser.recordError()
2018.03.01 10:49:16.266 MSK SEVERE: non-existent slot: next -- Parser.recordError()
2018.03.01 10:49:16.267 MSK SEVERE: non-existent slot: title -- Parser.recordError()
2018.03.01 10:49:16.267 MSK SEVERE: non-existent slot: cloFunctions -- Parser.recordError()
2018.03.01 10:49:16.267 MSK SEVERE: non-existent slot: cloNamespace -- Parser.recordError()
2018.03.01 10:49:16.267 MSK SEVERE: non-existent slot: variants -- Parser.recordError()
2018.03.01 10:49:16.267 MSK SEVERE: non-existent slot: cloPrograms -- Parser.recordError()
2018.03.01 10:49:16.268 MSK SEVERE: non-existent slot: algorithm -- Parser.recordError()
2018.03.01 10:49:16.268 MSK SEVERE: non-existent slot: begin -- Parser.recordError()
2018.03.01 10:49:16.268 MSK SEVERE: non-existent slot: but-start -- Parser.recordError()
2018.03.01 10:49:16.268 MSK SEVERE: non-existent slot: flow-chart -- Parser.recordError()
2018.03.01 10:49:16.268 MSK SEVERE: non-existent slot: trace -- Parser.recordError()
2018.03.01 10:49:16.269 MSK SEVERE: non-existent slot: debug -- Parser.recordError()
2018.03.01 10:49:16.269 MSK SEVERE: non-existent slot: currents -- Parser.recordError()
2018.03.01 10:49:16.269 MSK SEVERE: non-existent slot: wait -- Parser.recordError()
2018.03.01 10:49:16.270 MSK SEVERE: non-existent slot: source -- Parser.recordError()
2018.03.01 10:49:16.271 MSK SEVERE: non-existent slot: cloVars -- Parser.recordError()
2018.03.01 10:49:16.271 MSK SEVERE: non-existent slot: object-rows -- Parser.recordError()
2018.03.01 10:49:16.272 MSK SEVERE: non-existent slot: objects -- Parser.recordError()
2018.03.01 10:49:16.272 MSK SEVERE: non-existent slot: variable -- Parser.recordError()
2018.03.01 10:49:16.273 MSK SEVERE: Undefined class: ShareOnto found while loading instances -- Parser.recordError()
2018.03.01 10:49:16.273 MSK SEVERE: Undefined class: WorkingPrograms found while loading instances -- Parser.recordError()
2018.03.01 10:49:16.273 MSK SEVERE: Undefined class: CloFunction found while loading instances -- Parser.recordError()
2018.03.01 10:49:16.273 MSK SEVERE: Undefined class: CloProgram found while loading instances -- Parser.recordError()
2018.03.01 10:49:16.273 MSK SEVERE: Undefined class: Input found while loading instances -- Parser.recordError()
2018.03.01 10:49:16.273 MSK SEVERE: Undefined class: ObjectRow found while loading instances -- Parser.recordError()
2018.03.01 10:49:16.274 MSK SEVERE: Undefined class: Concurrent found while loading instances -- Parser.recordError()
2018.03.01 10:49:16.274 MSK SEVERE: Undefined class: CloFuncall found while loading instances -- Parser.recordError()
2018.03.01 10:49:16.274 MSK SEVERE: Undefined class: CloVar found while loading instances -- Parser.recordError()
2018.03.01 10:49:16.274 MSK SEVERE: Undefined class: Decision found while loading instances -- Parser.recordError()
2018.03.01 10:49:16.274 MSK SEVERE: Undefined class: Wait found while loading instances -- Parser.recordError()
2018.03.01 10:49:16.274 MSK SEVERE: Undefined class: CloNamespace found while loading instances -- Parser.recordError()
2018.03.01 10:49:16.274 MSK SEVERE: Undefined class: Algorithm found while loading instances -- Parser.recordError()
2018.03.01 10:49:16.274 MSK SEVERE: Undefined class: Process found while loading instances -- Parser.recordError()
2018.03.01 10:49:16.275 MSK SEVERE: Undefined class: PredefinedProcess found while loading instances -- Parser.recordError()
2018.03.01 10:49:16.275 MSK SEVERE: Undefined instance: Clojure_Class10000 -- Parser.recordError()
2018.03.01 10:49:16.275 MSK SEVERE: Undefined instance: Algorithm_Class10000 -- Parser.recordError()
2018.03.01 10:49:16.275 MSK SEVERE: Undefined instance: Clojure_Class300001 -- Parser.recordError()
2018.03.01 10:49:16.275 MSK SEVERE: Undefined instance: Clojure_Class300000 -- Parser.recordError()
2018.03.01 10:49:16.294 MSK INFO: Project load time for file:/Users/ru/clojure/simpro-scene/pprj_examples/AlgorithmExamples.pprj: 0 sec -- ProjectChooser.loadProject()
2018.03.01 10:49:16.410 MSK WARNING: empty values: Slot(algorithm) Slot(:SLOT-VALUE-TYPE) -- ValueTypeWidget.setValues()
2018.03.01 10:49:16.511 MSK INFO: UI display time = 0 sec -- ProjectManager$2.run()
2018.03.01 10:51:44.074 MSK SEVERE: non-existent slot: but-deep-copy -- Parser.recordError()
2018.03.01 10:51:44.074 MSK SEVERE: non-existent slot: but-del-fil -- Parser.recordError()
2018.03.01 10:51:44.074 MSK SEVERE: non-existent slot: but-del-unref -- Parser.recordError()
2018.03.01 10:51:44.074 MSK SEVERE: non-existent slot: but-find-unref -- Parser.recordError()
2018.03.01 10:51:44.075 MSK SEVERE: non-existent slot: but-load-prj -- Parser.recordError()
2018.03.01 10:51:44.075 MSK SEVERE: non-existent slot: but-shal-copy -- Parser.recordError()
2018.03.01 10:51:44.075 MSK SEVERE: non-existent slot: source-project -- Parser.recordError()
2018.03.01 10:51:44.079 MSK SEVERE: Undefined class: ShareOnto found while loading instances -- Parser.recordError()
2018.03.01 10:51:44.079 MSK SEVERE: Undefined class: Decision found while loading instances -- Parser.recordError()
2018.03.01 10:51:44.079 MSK SEVERE: Undefined class: Wait found while loading instances -- Parser.recordError()
2018.03.01 10:51:44.095 MSK INFO: Project load time for file:/Users/ru/clojure/simpro-scene/pprj_examples/AlgorithmExamples.pprj: 0 sec -- ProjectChooser.loadProject()
2018.03.01 10:51:44.353 MSK INFO: UI display time = 0 sec -- ProjectManager$2.run()
2018.03.01 10:56:33.607 MSK INFO: Project load time for file:/Users/ru/clojure/simpro-scene/pprj_examples/AlgorithmExamples.pprj: 0 sec -- ProjectChooser.loadProject()
2018.03.01 10:56:33.789 MSK INFO: UI display time = 0 sec -- ProjectManager$2.run()
