2017.12.15 18:24:33.671 MSK INFO: *** SYSTEM START *** -- SystemUtilities.logSystemInfo()
2017.12.15 18:24:33.675 MSK CONFIG: Protege 3.5 Build 663, JVM 1.8.0_31-b13, memory=1908M, Mac OS X, encoding=UTF-8, language=en, country=US -- SystemUtilities.logSystemInfo()
2017.12.15 18:24:34.480 MSK CONFIG: Loaded plugin clojuretab -- PluginUtilities.logClassLoaderInformation()
2017.12.15 18:24:34.495 MSK CONFIG: Loaded plugin edu.stanford.smi.protegex.standard_extensions - Graph Widget, Table Widget -- PluginUtilities.logClassLoaderInformation()
2017.12.15 18:24:34.564 MSK CONFIG: Loaded plugin ru.igis.omtab -- PluginUtilities.logClassLoaderInformation()
2017.12.15 18:24:35.893 MSK WARNING: missing bundle: protege_text -- BundleHelper.<init>()
2017.12.15 18:24:45.645 MSK INFO: Loaded 5000 instances: ScenarioN_ProjectKB_Class72448 -- Parser.getInstance()
2017.12.15 18:24:45.649 MSK INFO: Loaded 6000 instances: ScenarioN_ProjectKB_Class83448 -- Parser.getInstance()
2017.12.15 18:24:45.666 MSK INFO: Set type on 5000 instances: ScenarioN_ProjectKB_Class83059 -- Parser.getInstance()
2017.12.15 18:24:45.683 MSK INFO: Set type on 6000 instances: ScenarioN_ProjectKB_Class84059 -- Parser.getInstance()
2017.12.15 18:24:48.709 MSK INFO: Load time for file:/Users/ru/clojure/simpro-scene/pprj_examples/Sea.pprj = 2 sec (project) + 1 sec (ui) -- ProjectManager$3.run()
2017.12.15 18:30:05.165 MSK INFO: Loaded 5000 instances: ScenarioN_ProjectKB_Class72448 -- Parser.getInstance()
2017.12.15 18:30:05.186 MSK INFO: Loaded 6000 instances: ScenarioN_ProjectKB_Class83448 -- Parser.getInstance()
2017.12.15 18:30:05.203 MSK INFO: Set type on 5000 instances: ScenarioN_ProjectKB_Class83059 -- Parser.getInstance()
2017.12.15 18:30:05.220 MSK INFO: Set type on 6000 instances: ScenarioN_ProjectKB_Class84059 -- Parser.getInstance()
2017.12.15 18:30:06.208 MSK INFO: Project load time for file:/Users/ru/clojure/simpro-scene/pprj_base/Scenario.pprj: 1 sec -- ProjectChooser.loadProject()
2017.12.15 18:30:06.653 MSK INFO: UI display time = 0 sec -- ProjectManager$2.run()
2017.12.15 18:30:29.468 MSK INFO: Project load time for file:/Users/ru/clojure/simpro-scene/pprj_base/igis.pprj: 0 sec -- ProjectChooser.loadProject()
2017.12.15 18:30:29.825 MSK INFO: UI display time = 0 sec -- ProjectManager$2.run()
2017.12.15 18:31:05.562 MSK INFO: Loaded 5000 instances: ScenarioN_ProjectKB_Class72448 -- Parser.getInstance()
2017.12.15 18:31:05.577 MSK INFO: Loaded 6000 instances: ScenarioN_ProjectKB_Class83448 -- Parser.getInstance()
2017.12.15 18:31:05.594 MSK INFO: Set type on 5000 instances: ScenarioN_ProjectKB_Class83059 -- Parser.getInstance()
2017.12.15 18:31:05.613 MSK INFO: Set type on 6000 instances: ScenarioN_ProjectKB_Class84059 -- Parser.getInstance()
2017.12.15 18:31:06.440 MSK INFO: Project load time for file:/Users/ru/clojure/simpro-scene/pprj_base/Scenario.pprj: 1 sec -- ProjectChooser.loadProject()
2017.12.15 18:31:06.941 MSK INFO: UI display time = 0 sec -- ProjectManager$2.run()
2017.12.15 18:32:37.404 MSK INFO: Project load time for file:/Users/ru/clojure/simpro-scene/pprj_base/igis.pprj: 0 sec -- ProjectChooser.loadProject()
2017.12.15 18:32:37.723 MSK INFO: UI display time = 0 sec -- ProjectManager$2.run()
