2017.12.27 23:38:19.373 MSK INFO: *** SYSTEM START *** -- SystemUtilities.logSystemInfo()
2017.12.27 23:38:19.386 MSK CONFIG: Protege 3.5 Build 663, JVM 1.8.0_151-8u151-b12-0ubuntu0.16.04.2-b12, memory=1610M, Linux, encoding=UTF-8, language=en, country=US -- SystemUtilities.logSystemInfo()
2017.12.27 23:38:19.720 MSK CONFIG: Loaded plugin ru.igis.omtab -- PluginUtilities.logClassLoaderInformation()
2017.12.27 23:38:19.727 MSK CONFIG: Loaded plugin edu.stanford.smi.protegex.standard_extensions - Graph Widget, Table Widget -- PluginUtilities.logClassLoaderInformation()
2017.12.27 23:38:19.819 MSK CONFIG: Loaded plugin clojuretab -- PluginUtilities.logClassLoaderInformation()
2017.12.27 23:38:20.007 MSK WARNING: Look and feel not found: com.apple.laf.AquaLookAndFeel -- SystemUtilities.setLookAndFeel()
2017.12.27 23:38:20.522 MSK WARNING: missing bundle: protege_text -- BundleHelper.<init>()
2017.12.27 23:38:46.857 MSK SEVERE: Unable to load project from: file:/Users/ru/clojure/simpro-scene/pprj_base/Scenario.pprj -- Project.getProjectInstancesReader()
2017.12.27 23:38:46.895 MSK WARNING: Unable to load prj:file:/Users/ru/clojure/simpro-scene/pprj_base/Scenario.pprj -- Project.includeDomainKB()
2017.12.27 23:38:46.949 MSK WARNING: Unable to find child FrameStore: file:/Users/ru/clojure/simpro-scene/pprj_base/Scenario.pprj -- MergingNarrowFrameStore.addActiveFrameStore()
2017.12.27 23:38:46.958 MSK SEVERE: Undefined class: Layer found while loading classes -- Parser.recordError()
2017.12.27 23:38:46.959 MSK SEVERE: non-existent slot: final_actions -- Parser.recordError()
2017.12.27 23:38:46.960 MSK SEVERE: non-existent slot: finish_type -- Parser.recordError()
2017.12.27 23:38:46.961 MSK SEVERE: non-existent slot: initial_actions -- Parser.recordError()
2017.12.27 23:38:46.961 MSK SEVERE: non-existent slot: task_scheme -- Parser.recordError()
2017.12.27 23:38:46.961 MSK SEVERE: non-existent slot: title -- Parser.recordError()
2017.12.27 23:38:46.962 MSK SEVERE: non-existent slot: pairs -- Parser.recordError()
2017.12.27 23:38:46.963 MSK SEVERE: non-existent slot: value -- Parser.recordError()
2017.12.27 23:38:46.964 MSK SEVERE: non-existent slot: variable -- Parser.recordError()
2017.12.27 23:38:46.964 MSK SEVERE: non-existent slot: direction -- Parser.recordError()
2017.12.27 23:38:46.965 MSK SEVERE: non-existent slot: getPoliesFromTargets -- Parser.recordError()
2017.12.27 23:38:46.965 MSK SEVERE: non-existent slot: layer -- Parser.recordError()
2017.12.27 23:38:46.966 MSK SEVERE: non-existent slot: object -- Parser.recordError()
2017.12.27 23:38:46.966 MSK SEVERE: non-existent slot: spd -- Parser.recordError()
2017.12.27 23:38:46.967 MSK SEVERE: non-existent slot: label -- Parser.recordError()
2017.12.27 23:38:46.968 MSK SEVERE: non-existent slot: missions -- Parser.recordError()
2017.12.27 23:38:46.969 MSK SEVERE: non-existent slot: column1 -- Parser.recordError()
2017.12.27 23:38:46.969 MSK SEVERE: non-existent slot: column2 -- Parser.recordError()
2017.12.27 23:38:46.970 MSK SEVERE: non-existent slot: altitude -- Parser.recordError()
2017.12.27 23:38:46.970 MSK SEVERE: non-existent slot: course -- Parser.recordError()
2017.12.27 23:38:46.971 MSK SEVERE: non-existent slot: latitude -- Parser.recordError()
2017.12.27 23:38:46.971 MSK SEVERE: non-existent slot: longitude -- Parser.recordError()
2017.12.27 23:38:46.972 MSK SEVERE: non-existent slot: playground-index -- Parser.recordError()
2017.12.27 23:38:46.972 MSK SEVERE: non-existent slot: speed -- Parser.recordError()
2017.12.27 23:38:46.972 MSK SEVERE: non-existent slot: tangage -- Parser.recordError()
2017.12.27 23:38:46.973 MSK SEVERE: non-existent slot: type -- Parser.recordError()
2017.12.27 23:38:46.973 MSK SEVERE: non-existent slot: url -- Parser.recordError()
2017.12.27 23:38:46.974 MSK SEVERE: non-existent slot: context -- Parser.recordError()
2017.12.27 23:38:46.975 MSK SEVERE: non-existent slot: final_tasks -- Parser.recordError()
2017.12.27 23:38:46.976 MSK SEVERE: non-existent slot: initial_tasks -- Parser.recordError()
2017.12.27 23:38:46.976 MSK SEVERE: non-existent slot: protagonist -- Parser.recordError()
2017.12.27 23:38:46.977 MSK SEVERE: non-existent slot: scenario_scheme -- Parser.recordError()
2017.12.27 23:38:46.979 MSK SEVERE: non-existent slot: mapob -- Parser.recordError()
2017.12.27 23:38:46.980 MSK SEVERE: non-existent slot: next_actions -- Parser.recordError()
2017.12.27 23:38:46.981 MSK SEVERE: non-existent slot: number -- Parser.recordError()
2017.12.27 23:38:46.982 MSK SEVERE: non-existent slot: rename -- Parser.recordError()
2017.12.27 23:38:46.983 MSK SEVERE: non-existent slot: resource -- Parser.recordError()
2017.12.27 23:38:46.983 MSK SEVERE: non-existent slot: seed -- Parser.recordError()
2017.12.27 23:38:46.986 MSK SEVERE: non-existent slot: BackgroundColor -- Parser.recordError()
2017.12.27 23:38:46.987 MSK SEVERE: non-existent slot: components -- Parser.recordError()
2017.12.27 23:38:46.988 MSK SEVERE: non-existent slot: Debug -- Parser.recordError()
2017.12.27 23:38:46.989 MSK SEVERE: non-existent slot: Latitude -- Parser.recordError()
2017.12.27 23:38:46.989 MSK SEVERE: non-existent slot: layers -- Parser.recordError()
2017.12.27 23:38:46.989 MSK SEVERE: non-existent slot: Longitude -- Parser.recordError()
2017.12.27 23:38:46.990 MSK SEVERE: non-existent slot: Scale -- Parser.recordError()
2017.12.27 23:38:46.990 MSK SEVERE: non-existent slot: startUpLayers -- Parser.recordError()
2017.12.27 23:38:46.991 MSK SEVERE: non-existent slot: but-deep-copy -- Parser.recordError()
2017.12.27 23:38:46.992 MSK SEVERE: non-existent slot: but-del-fil -- Parser.recordError()
2017.12.27 23:38:46.993 MSK SEVERE: non-existent slot: but-del-unref -- Parser.recordError()
2017.12.27 23:38:46.993 MSK SEVERE: non-existent slot: but-find-unref -- Parser.recordError()
2017.12.27 23:38:46.994 MSK SEVERE: non-existent slot: but-load-prj -- Parser.recordError()
2017.12.27 23:38:46.995 MSK SEVERE: non-existent slot: but-shal-copy -- Parser.recordError()
2017.12.27 23:38:46.995 MSK SEVERE: non-existent slot: source-project -- Parser.recordError()
2017.12.27 23:38:46.996 MSK SEVERE: non-existent slot: class -- Parser.recordError()
2017.12.27 23:38:46.997 MSK SEVERE: non-existent slot: prettyName -- Parser.recordError()
2017.12.27 23:38:46.999 MSK SEVERE: non-existent slot: butt-load-progs -- Parser.recordError()
2017.12.27 23:38:47.000 MSK SEVERE: non-existent slot: cloPrograms -- Parser.recordError()
2017.12.27 23:38:47.002 MSK SEVERE: non-existent slot: butt-ass-inss -- Parser.recordError()
2017.12.27 23:38:47.002 MSK SEVERE: non-existent slot: butt-fire -- Parser.recordError()
2017.12.27 23:38:47.003 MSK SEVERE: non-existent slot: butt-run -- Parser.recordError()
2017.12.27 23:38:47.004 MSK SEVERE: non-existent slot: butt-step -- Parser.recordError()
2017.12.27 23:38:47.004 MSK SEVERE: non-existent slot: mode -- Parser.recordError()
2017.12.27 23:38:47.005 MSK SEVERE: non-existent slot: rule-sets -- Parser.recordError()
2017.12.27 23:38:47.005 MSK SEVERE: non-existent slot: steps -- Parser.recordError()
2017.12.27 23:38:47.006 MSK SEVERE: Undefined class: ShareOnto found while loading instances -- Parser.recordError()
2017.12.27 23:38:47.006 MSK SEVERE: Undefined class: WorkingPrograms found while loading instances -- Parser.recordError()
2017.12.27 23:38:47.006 MSK SEVERE: Undefined class: ObjectMission found while loading instances -- Parser.recordError()
2017.12.27 23:38:47.007 MSK SEVERE: Undefined class: Scenario found while loading instances -- Parser.recordError()
2017.12.27 23:38:47.007 MSK SEVERE: Undefined class: LoadResource found while loading instances -- Parser.recordError()
2017.12.27 23:38:47.007 MSK SEVERE: Undefined class: ObjectPair found while loading instances -- Parser.recordError()
2017.12.27 23:38:47.008 MSK SEVERE: Undefined class: Task found while loading instances -- Parser.recordError()
2017.12.27 23:38:47.008 MSK SEVERE: Undefined class: MissionScenario found while loading instances -- Parser.recordError()
2017.12.27 23:38:47.008 MSK SEVERE: Undefined class: Type found while loading instances -- Parser.recordError()
2017.12.27 23:38:47.008 MSK SEVERE: Undefined class: Openmap found while loading instances -- Parser.recordError()
2017.12.27 23:38:47.009 MSK SEVERE: Undefined class: GoLayer found while loading instances -- Parser.recordError()
2017.12.27 23:38:47.009 MSK SEVERE: Undefined class: Table2 found while loading instances -- Parser.recordError()
2017.12.27 23:38:47.010 MSK SEVERE: Undefined class: Run found while loading instances -- Parser.recordError()
2017.12.27 23:38:47.010 MSK SEVERE: Undefined class: Context found while loading instances -- Parser.recordError()
2017.12.27 23:38:47.010 MSK SEVERE: Undefined class: DeleteResource found while loading instances -- Parser.recordError()
2017.12.27 23:38:47.011 MSK SEVERE: Undefined class: ValuePair found while loading instances -- Parser.recordError()
2017.12.27 23:38:47.011 MSK SEVERE: Undefined class: Variable found while loading instances -- Parser.recordError()
2017.12.27 23:38:47.011 MSK SEVERE: Undefined class: NavOb found while loading instances -- Parser.recordError()
2017.12.27 23:38:47.011 MSK SEVERE: Undefined class: PutOffMap found while loading instances -- Parser.recordError()
2017.12.27 23:38:47.012 MSK SEVERE: Undefined class: Attribute found while loading instances -- Parser.recordError()
2017.12.27 23:38:47.012 MSK SEVERE: Undefined instance: ScenarioN_Class510000 -- Parser.recordError()
2017.12.27 23:38:47.013 MSK SEVERE: Undefined instance: igis_Class15 -- Parser.recordError()
2017.12.27 23:38:47.013 MSK SEVERE: Undefined instance: igis_Class14 -- Parser.recordError()
2017.12.27 23:38:47.013 MSK SEVERE: Undefined instance: igis_Class12 -- Parser.recordError()
2017.12.27 23:38:47.013 MSK SEVERE: Undefined instance: ScenarioN_Class570000 -- Parser.recordError()
2017.12.27 23:38:47.014 MSK SEVERE: Undefined instance: ScenarioN_Class550020 -- Parser.recordError()
2017.12.27 23:38:47.014 MSK SEVERE: Undefined instance: igis_Class30 -- Parser.recordError()
2017.12.27 23:38:47.014 MSK SEVERE: Undefined instance: igis_Class19 -- Parser.recordError()
2017.12.27 23:38:47.014 MSK SEVERE: Undefined instance: igis_Class40012 -- Parser.recordError()
2017.12.27 23:38:47.015 MSK SEVERE: Undefined instance: Scenario_Class250011 -- Parser.recordError()
2017.12.27 23:38:47.015 MSK SEVERE: Undefined instance: igis_Class18 -- Parser.recordError()
2017.12.27 23:38:47.015 MSK SEVERE: Undefined instance: igis_Class17 -- Parser.recordError()
2017.12.27 23:38:47.015 MSK SEVERE: Undefined instance: igis_Class16 -- Parser.recordError()
2017.12.27 23:38:47.016 MSK SEVERE: Undefined instance: igis_Class40011 -- Parser.recordError()
2017.12.27 23:38:47.016 MSK SEVERE: Undefined instance: Scenario_Class3 -- Parser.recordError()
2017.12.27 23:38:47.016 MSK SEVERE: Undefined instance: Scenario_Class17 -- Parser.recordError()
2017.12.27 23:38:47.017 MSK SEVERE: Undefined instance: Scenario_Class100006 -- Parser.recordError()
2017.12.27 23:38:47.017 MSK SEVERE: Undefined instance: Scenario_Class220003 -- Parser.recordError()
2017.12.27 23:38:47.017 MSK SEVERE: Undefined instance: Clojure_Class10000 -- Parser.recordError()
2017.12.27 23:38:47.017 MSK SEVERE: Undefined instance: igis_Class26 -- Parser.recordError()
2017.12.27 23:38:47.018 MSK SEVERE: Undefined instance: igis_Class25 -- Parser.recordError()
2017.12.27 23:38:47.018 MSK SEVERE: Undefined instance: igis_Class3 -- Parser.recordError()
2017.12.27 23:38:47.018 MSK SEVERE: Undefined instance: igis_Class4 -- Parser.recordError()
2017.12.27 23:38:47.018 MSK SEVERE: Undefined instance: igis_Class22 -- Parser.recordError()
2017.12.27 23:38:47.019 MSK SEVERE: Undefined instance: igis_Class1 -- Parser.recordError()
2017.12.27 23:38:47.019 MSK SEVERE: Undefined instance: igis_Class2 -- Parser.recordError()
2017.12.27 23:38:47.019 MSK SEVERE: Undefined instance: igis_Class21 -- Parser.recordError()
2017.12.27 23:38:47.020 MSK SEVERE: Undefined instance: ScenarioN_Class550030 -- Parser.recordError()
2017.12.27 23:38:47.020 MSK SEVERE: Undefined instance: igis_Class20 -- Parser.recordError()
2017.12.27 23:38:47.020 MSK SEVERE: Undefined instance: Algorithm_Class10000 -- Parser.recordError()
2017.12.27 23:38:47.021 MSK SEVERE: Undefined instance: RuleEngine_Class30000 -- Parser.recordError()
2017.12.27 23:38:47.021 MSK SEVERE: Undefined instance: igis_Class40001 -- Parser.recordError()
2017.12.27 23:38:47.021 MSK SEVERE: Undefined instance: igis_Class70000 -- Parser.recordError()
2017.12.27 23:38:47.022 MSK SEVERE: Undefined instance: igis_Class29 -- Parser.recordError()
2017.12.27 23:38:47.022 MSK SEVERE: Undefined instance: Scenario_Class120024 -- Parser.recordError()
2017.12.27 23:38:47.023 MSK SEVERE: Undefined instance: igis_Class28 -- Parser.recordError()
2017.12.27 23:38:47.023 MSK SEVERE: Undefined instance: igis_Class40000 -- Parser.recordError()
2017.12.27 23:38:47.023 MSK SEVERE: Undefined instance: igis_Class27 -- Parser.recordError()
2017.12.27 23:38:47.024 MSK SEVERE: Undefined instance: Scenario_Class250008 -- Parser.recordError()
2017.12.27 23:38:47.024 MSK SEVERE: Undefined instance: Scenario_Class340000 -- Parser.recordError()
2017.12.27 23:38:47.024 MSK SEVERE: Undefined instance: Scenario_Class60001 -- Parser.recordError()
2017.12.27 23:38:47.030 MSK WARNING: unable to load frame: ScenarioN_Class590017 -- PropertyMapUtil.getFrame()
2017.12.27 23:38:47.030 MSK WARNING: unable to load frame: ScenarioN_Class540004 -- PropertyMapUtil.getFrame()
2017.12.27 23:38:47.031 MSK WARNING: unable to load frame: ScenarioN_Class290013 -- PropertyMapUtil.getFrame()
2017.12.27 23:38:47.031 MSK WARNING: unable to load frame: ScenarioN_Class500009 -- PropertyMapUtil.getFrame()
2017.12.27 23:38:47.032 MSK WARNING: unable to load frame: Scenario_Instance_240000 -- PropertyMapUtil.getFrame()
2017.12.27 23:38:47.032 MSK WARNING: unable to load frame: ScenarioN_Class370007 -- PropertyMapUtil.getFrame()
2017.12.27 23:38:47.032 MSK WARNING: unable to load frame: ScenarioN_Class110007 -- PropertyMapUtil.getFrame()
2017.12.27 23:38:47.033 MSK WARNING: unable to load frame: ScenarioN_Class650008 -- PropertyMapUtil.getFrame()
2017.12.27 23:38:47.033 MSK WARNING: unable to load frame: ScenarioN_Class680011 -- PropertyMapUtil.getFrame()
2017.12.27 23:38:47.034 MSK WARNING: unable to load frame: ScenarioN_Class380010 -- PropertyMapUtil.getFrame()
2017.12.27 23:38:47.034 MSK WARNING: unable to load frame: ScenarioN_Class320007 -- PropertyMapUtil.getFrame()
2017.12.27 23:38:47.035 MSK WARNING: unable to load frame: ScenarioN_Class620009 -- PropertyMapUtil.getFrame()
2017.12.27 23:38:47.035 MSK WARNING: unable to load frame: Scenario_Class60003 -- PropertyMapUtil.getFrame()
2017.12.27 23:38:47.035 MSK WARNING: unable to load frame: ScenarioN_Class640008 -- PropertyMapUtil.getFrame()
2017.12.27 23:38:47.049 MSK INFO: Project load time for file:/home/ru/clojure/simpro-scene/pprj_examples/FranceRoads.pprj: 0 sec -- ProjectChooser.loadProject()
2017.12.27 23:38:47.858 MSK WARNING: empty values: Slot(altitude) Slot(:SLOT-VALUE-TYPE) -- ValueTypeWidget.setValues()
2017.12.27 23:38:47.983 MSK WARNING: java.lang.NullPointerException
	at clojuretab.ClojureTab.fillProgramList(ClojureTab.java:499)
	at clojuretab.ClojureTab.createProgramList(ClojureTab.java:517)
	at clojuretab.ClojureTab.initialize(ClojureTab.java:140)
	at edu.stanford.smi.protege.widget.WidgetUtilities.createTabWidget(Unknown Source)
	at edu.stanford.smi.protege.ui.ProjectView.addTab(Unknown Source)
	at edu.stanford.smi.protege.ui.ProjectView.createTabbedPane(Unknown Source)
	at edu.stanford.smi.protege.ui.ProjectView.<init>(Unknown Source)
	at edu.stanford.smi.protege.ui.ProjectManager.displayCurrentProject(Unknown Source)
	at edu.stanford.smi.protege.ui.ProjectManager.displayCurrentProject(Unknown Source)
	at edu.stanford.smi.protege.ui.ProjectManager.openProjectRequest(Unknown Source)
	at edu.stanford.smi.protege.ui.WelcomeDialog.openOtherButton_actionPerformed(Unknown Source)
	at edu.stanford.smi.protege.ui.WelcomeDialog$3.actionPerformed(Unknown Source)
	at javax.swing.AbstractButton.fireActionPerformed(AbstractButton.java:2022)
	at javax.swing.AbstractButton$Handler.actionPerformed(AbstractButton.java:2348)
	at javax.swing.DefaultButtonModel.fireActionPerformed(DefaultButtonModel.java:402)
	at javax.swing.DefaultButtonModel.setPressed(DefaultButtonModel.java:259)
	at javax.swing.plaf.basic.BasicButtonListener.mouseReleased(BasicButtonListener.java:252)
	at java.awt.AWTEventMulticaster.mouseReleased(AWTEventMulticaster.java:289)
	at java.awt.Component.processMouseEvent(Component.java:6533)
	at javax.swing.JComponent.processMouseEvent(JComponent.java:3324)
	at java.awt.Component.processEvent(Component.java:6298)
	at java.awt.Container.processEvent(Container.java:2236)
	at java.awt.Component.dispatchEventImpl(Component.java:4889)
	at java.awt.Container.dispatchEventImpl(Container.java:2294)
	at java.awt.Component.dispatchEvent(Component.java:4711)
	at java.awt.LightweightDispatcher.retargetMouseEvent(Container.java:4888)
	at java.awt.LightweightDispatcher.processMouseEvent(Container.java:4525)
	at java.awt.LightweightDispatcher.dispatchEvent(Container.java:4466)
	at java.awt.Container.dispatchEventImpl(Container.java:2280)
	at java.awt.Window.dispatchEventImpl(Window.java:2746)
	at java.awt.Component.dispatchEvent(Component.java:4711)
	at java.awt.EventQueue.dispatchEventImpl(EventQueue.java:758)
	at java.awt.EventQueue.access$500(EventQueue.java:97)
	at java.awt.EventQueue$3.run(EventQueue.java:709)
	at java.awt.EventQueue$3.run(EventQueue.java:703)
	at java.security.AccessController.doPrivileged(Native Method)
	at java.security.ProtectionDomain$JavaSecurityAccessImpl.doIntersectionPrivilege(ProtectionDomain.java:80)
	at java.security.ProtectionDomain$JavaSecurityAccessImpl.doIntersectionPrivilege(ProtectionDomain.java:90)
	at java.awt.EventQueue$4.run(EventQueue.java:731)
	at java.awt.EventQueue$4.run(EventQueue.java:729)
	at java.security.AccessController.doPrivileged(Native Method)
	at java.security.ProtectionDomain$JavaSecurityAccessImpl.doIntersectionPrivilege(ProtectionDomain.java:80)
	at java.awt.EventQueue.dispatchEvent(EventQueue.java:728)
	at java.awt.EventDispatchThread.pumpOneEventForFilters(EventDispatchThread.java:201)
	at java.awt.EventDispatchThread.pumpEventsForFilter(EventDispatchThread.java:116)
	at java.awt.EventDispatchThread.pumpEventsForFilter(EventDispatchThread.java:109)
	at java.awt.WaitDispatchSupport$2.run(WaitDispatchSupport.java:184)
	at java.awt.event.InvocationEvent.dispatch(InvocationEvent.java:311)
	at java.awt.EventQueue.dispatchEventImpl(EventQueue.java:756)
	at java.awt.EventQueue.access$500(EventQueue.java:97)
	at java.awt.EventQueue$3.run(EventQueue.java:709)
	at java.awt.EventQueue$3.run(EventQueue.java:703)
	at java.security.AccessController.doPrivileged(Native Method)
	at java.security.ProtectionDomain$JavaSecurityAccessImpl.doIntersectionPrivilege(ProtectionDomain.java:80)
	at java.awt.EventQueue.dispatchEvent(EventQueue.java:726)
	at java.awt.EventDispatchThread.pumpOneEventForFilters(EventDispatchThread.java:201)
	at java.awt.EventDispatchThread.pumpEventsForFilter(EventDispatchThread.java:116)
	at java.awt.EventDispatchThread.pumpEventsForHierarchy(EventDispatchThread.java:105)
	at java.awt.EventDispatchThread.pumpEvents(EventDispatchThread.java:101)
	at java.awt.EventDispatchThread.pumpEvents(EventDispatchThread.java:93)
	at java.awt.EventDispatchThread.run(EventDispatchThread.java:82)
 -- WidgetUtilities.createTabWidget()
2017.12.27 23:38:48.450 MSK WARNING: java.lang.NullPointerException
	at java.awt.Container.addImpl(Container.java:1097)
	at java.awt.Container.add(Container.java:973)
	at ru.igis.omtab.OpenMapTab.setMap(OpenMapTab.java:143)
	at ru.igis.omtab.OpenMapTab.initialize(OpenMapTab.java:97)
	at edu.stanford.smi.protege.widget.WidgetUtilities.createTabWidget(Unknown Source)
	at edu.stanford.smi.protege.ui.ProjectView.addTab(Unknown Source)
	at edu.stanford.smi.protege.ui.ProjectView.createTabbedPane(Unknown Source)
	at edu.stanford.smi.protege.ui.ProjectView.<init>(Unknown Source)
	at edu.stanford.smi.protege.ui.ProjectManager.displayCurrentProject(Unknown Source)
	at edu.stanford.smi.protege.ui.ProjectManager.displayCurrentProject(Unknown Source)
	at edu.stanford.smi.protege.ui.ProjectManager.openProjectRequest(Unknown Source)
	at edu.stanford.smi.protege.ui.WelcomeDialog.openOtherButton_actionPerformed(Unknown Source)
	at edu.stanford.smi.protege.ui.WelcomeDialog$3.actionPerformed(Unknown Source)
	at javax.swing.AbstractButton.fireActionPerformed(AbstractButton.java:2022)
	at javax.swing.AbstractButton$Handler.actionPerformed(AbstractButton.java:2348)
	at javax.swing.DefaultButtonModel.fireActionPerformed(DefaultButtonModel.java:402)
	at javax.swing.DefaultButtonModel.setPressed(DefaultButtonModel.java:259)
	at javax.swing.plaf.basic.BasicButtonListener.mouseReleased(BasicButtonListener.java:252)
	at java.awt.AWTEventMulticaster.mouseReleased(AWTEventMulticaster.java:289)
	at java.awt.Component.processMouseEvent(Component.java:6533)
	at javax.swing.JComponent.processMouseEvent(JComponent.java:3324)
	at java.awt.Component.processEvent(Component.java:6298)
	at java.awt.Container.processEvent(Container.java:2236)
	at java.awt.Component.dispatchEventImpl(Component.java:4889)
	at java.awt.Container.dispatchEventImpl(Container.java:2294)
	at java.awt.Component.dispatchEvent(Component.java:4711)
	at java.awt.LightweightDispatcher.retargetMouseEvent(Container.java:4888)
	at java.awt.LightweightDispatcher.processMouseEvent(Container.java:4525)
	at java.awt.LightweightDispatcher.dispatchEvent(Container.java:4466)
	at java.awt.Container.dispatchEventImpl(Container.java:2280)
	at java.awt.Window.dispatchEventImpl(Window.java:2746)
	at java.awt.Component.dispatchEvent(Component.java:4711)
	at java.awt.EventQueue.dispatchEventImpl(EventQueue.java:758)
	at java.awt.EventQueue.access$500(EventQueue.java:97)
	at java.awt.EventQueue$3.run(EventQueue.java:709)
	at java.awt.EventQueue$3.run(EventQueue.java:703)
	at java.security.AccessController.doPrivileged(Native Method)
	at java.security.ProtectionDomain$JavaSecurityAccessImpl.doIntersectionPrivilege(ProtectionDomain.java:80)
	at java.security.ProtectionDomain$JavaSecurityAccessImpl.doIntersectionPrivilege(ProtectionDomain.java:90)
	at java.awt.EventQueue$4.run(EventQueue.java:731)
	at java.awt.EventQueue$4.run(EventQueue.java:729)
	at java.security.AccessController.doPrivileged(Native Method)
	at java.security.ProtectionDomain$JavaSecurityAccessImpl.doIntersectionPrivilege(ProtectionDomain.java:80)
	at java.awt.EventQueue.dispatchEvent(EventQueue.java:728)
	at java.awt.EventDispatchThread.pumpOneEventForFilters(EventDispatchThread.java:201)
	at java.awt.EventDispatchThread.pumpEventsForFilter(EventDispatchThread.java:116)
	at java.awt.EventDispatchThread.pumpEventsForFilter(EventDispatchThread.java:109)
	at java.awt.WaitDispatchSupport$2.run(WaitDispatchSupport.java:184)
	at java.awt.event.InvocationEvent.dispatch(InvocationEvent.java:311)
	at java.awt.EventQueue.dispatchEventImpl(EventQueue.java:756)
	at java.awt.EventQueue.access$500(EventQueue.java:97)
	at java.awt.EventQueue$3.run(EventQueue.java:709)
	at java.awt.EventQueue$3.run(EventQueue.java:703)
	at java.security.AccessController.doPrivileged(Native Method)
	at java.security.ProtectionDomain$JavaSecurityAccessImpl.doIntersectionPrivilege(ProtectionDomain.java:80)
	at java.awt.EventQueue.dispatchEvent(EventQueue.java:726)
	at java.awt.EventDispatchThread.pumpOneEventForFilters(EventDispatchThread.java:201)
	at java.awt.EventDispatchThread.pumpEventsForFilter(EventDispatchThread.java:116)
	at java.awt.EventDispatchThread.pumpEventsForHierarchy(EventDispatchThread.java:105)
	at java.awt.EventDispatchThread.pumpEvents(EventDispatchThread.java:101)
	at java.awt.EventDispatchThread.pumpEvents(EventDispatchThread.java:93)
	at java.awt.EventDispatchThread.run(EventDispatchThread.java:82)
 -- WidgetUtilities.createTabWidget()
2017.12.27 23:38:48.747 MSK INFO: UI display time = 1 sec -- ProjectManager$2.run()
2017.12.27 23:40:30.644 MSK INFO: Loaded 5000 instances: ScenarioN_ProjectKB_Class82577 -- Parser.getInstance()
2017.12.27 23:40:30.668 MSK INFO: Loaded 6000 instances: ScenarioN_ProjectKB_Class83577 -- Parser.getInstance()
2017.12.27 23:40:30.749 MSK INFO: Set type on 5000 instances: ScenarioN_ProjectKB_Class83179 -- Parser.getInstance()
2017.12.27 23:40:36.684 MSK INFO: Project load time for file:/home/ru/clojure/simpro-scene/pprj_examples/FranceRoads.pprj: 6 sec -- ProjectChooser.loadProject()
2017.12.27 23:40:39.493 MSK INFO: UI display time = 2 sec -- ProjectManager$2.run()
