2020.04.24 20:45:11.366 MSK INFO: *** SYSTEM START *** -- SystemUtilities.logSystemInfo()
2020.04.24 20:45:11.374 MSK CONFIG: Protege 3.5 Build 663, JVM 11.0.6+10-post-Debian-1deb10u1, memory=2076M, Linux, encoding=UTF-8, language=en, country=US -- SystemUtilities.logSystemInfo()
2020.04.24 20:45:11.376 MSK WARNING: Plugins directory not found: /home/ru/clojure/simpro-scene/plugins -- PluginUtilities.findPluginsDirectory()
2020.04.24 20:45:11.720 MSK WARNING: missing bundle: standard_extensions_text -- BundleHelper.<init>()
2020.04.24 20:45:11.722 MSK WARNING: no resource bundle: tab.queries -- BundleHelper.internalGetText()
2020.04.24 20:45:11.902 MSK WARNING: Look and feel not found:  -- SystemUtilities.setLookAndFeel()
2020.04.24 20:45:12.131 MSK WARNING: missing bundle: protege_text -- BundleHelper.<init>()
2020.04.24 20:45:18.754 MSK INFO: Load time for file:/home/ru/clojure/simpro-scene/pprj_cesium/CesiumBase.pprj = 0 sec (project) + 1 sec (ui) -- ProjectManager$3.run()
2020.04.24 21:29:06.173 MSK SEVERE: null -- clojure.lang.ExceptionInfo: failed compiling file:src/cljs/test/cesium/client.cljs {:file #object[java.io.File 0x4b348a9d "src/cljs/test/cesium/client.cljs"]}
	at cljs.compiler$compile_file$fn__3822.invoke(compiler.cljc:1705)
	at cljs.compiler$compile_file.invokeStatic(compiler.cljc:1665)
	at cljs.compiler$compile_file.invoke(compiler.cljc:1641)
	at cljs.closure$compile_file.invokeStatic(closure.clj:647)
	at cljs.closure$compile_file.invoke(closure.clj:625)
	at cljs.closure$fn__5294.invokeStatic(closure.clj:721)
	at cljs.closure$fn__5294.invoke(closure.clj:715)
	at cljs.closure$fn__5207$G__5200__5214.invoke(closure.clj:543)
	at cljs.closure$compile_sources$iter__5420__5424$fn__5425.invoke(closure.clj:1081)
	at clojure.lang.LazySeq.sval(LazySeq.java:42)
	at clojure.lang.LazySeq.seq(LazySeq.java:51)
	at clojure.lang.Cons.next(Cons.java:39)
	at clojure.lang.RT.next(RT.java:713)
	at clojure.core$next__5386.invokeStatic(core.clj:64)
	at clojure.core$dorun.invokeStatic(core.clj:3142)
	at clojure.core$doall.invokeStatic(core.clj:3148)
	at clojure.core$doall.invoke(core.clj:3148)
	at cljs.closure$compile_sources.invokeStatic(closure.clj:1077)
	at cljs.closure$compile_sources.invoke(closure.clj:1066)
	at cljs.closure$build.invokeStatic(closure.clj:2995)
	at cljs.closure$build.invoke(closure.clj:2903)
	at cljs.build.api$build.invokeStatic(api.clj:208)
	at cljs.build.api$build.invoke(api.clj:189)
	at cljs.build.api$build.invokeStatic(api.clj:195)
	at cljs.build.api$build.invoke(api.clj:189)
	at cljs.compile$build.invokeStatic(compile.clj:69)
	at cljs.compile$build.invoke(compile.clj:42)
	at clojure.lang.Var.invoke(Var.java:388)
	at clojuretab.ClojureTab.invoke(ClojureTab.java:700)
	at clojuretab.ClojureActionButton$1.actionPerformed(ClojureActionButton.java:53)
	at java.desktop/javax.swing.AbstractButton.fireActionPerformed(AbstractButton.java:1967)
	at java.desktop/javax.swing.AbstractButton$Handler.actionPerformed(AbstractButton.java:2308)
	at java.desktop/javax.swing.DefaultButtonModel.fireActionPerformed(DefaultButtonModel.java:405)
	at java.desktop/javax.swing.DefaultButtonModel.setPressed(DefaultButtonModel.java:262)
	at java.desktop/javax.swing.plaf.basic.BasicButtonListener.mouseReleased(BasicButtonListener.java:279)
	at java.desktop/java.awt.Component.processMouseEvent(Component.java:6632)
	at java.desktop/javax.swing.JComponent.processMouseEvent(JComponent.java:3342)
	at java.desktop/java.awt.Component.processEvent(Component.java:6397)
	at java.desktop/java.awt.Container.processEvent(Container.java:2263)
	at java.desktop/java.awt.Component.dispatchEventImpl(Component.java:5008)
	at java.desktop/java.awt.Container.dispatchEventImpl(Container.java:2321)
	at java.desktop/java.awt.Component.dispatchEvent(Component.java:4840)
	at java.desktop/java.awt.LightweightDispatcher.retargetMouseEvent(Container.java:4918)
	at java.desktop/java.awt.LightweightDispatcher.processMouseEvent(Container.java:4547)
	at java.desktop/java.awt.LightweightDispatcher.dispatchEvent(Container.java:4488)
	at java.desktop/java.awt.Container.dispatchEventImpl(Container.java:2307)
	at java.desktop/java.awt.Window.dispatchEventImpl(Window.java:2772)
	at java.desktop/java.awt.Component.dispatchEvent(Component.java:4840)
	at java.desktop/java.awt.EventQueue.dispatchEventImpl(EventQueue.java:772)
	at java.desktop/java.awt.EventQueue$4.run(EventQueue.java:721)
	at java.desktop/java.awt.EventQueue$4.run(EventQueue.java:715)
	at java.base/java.security.AccessController.doPrivileged(Native Method)
	at java.base/java.security.ProtectionDomain$JavaSecurityAccessImpl.doIntersectionPrivilege(ProtectionDomain.java:85)
	at java.base/java.security.ProtectionDomain$JavaSecurityAccessImpl.doIntersectionPrivilege(ProtectionDomain.java:95)
	at java.desktop/java.awt.EventQueue$5.run(EventQueue.java:745)
	at java.desktop/java.awt.EventQueue$5.run(EventQueue.java:743)
	at java.base/java.security.AccessController.doPrivileged(Native Method)
	at java.base/java.security.ProtectionDomain$JavaSecurityAccessImpl.doIntersectionPrivilege(ProtectionDomain.java:85)
	at java.desktop/java.awt.EventQueue.dispatchEvent(EventQueue.java:742)
	at java.desktop/java.awt.EventDispatchThread.pumpOneEventForFilters(EventDispatchThread.java:203)
	at java.desktop/java.awt.EventDispatchThread.pumpEventsForFilter(EventDispatchThread.java:124)
	at java.desktop/java.awt.EventDispatchThread.pumpEventsForHierarchy(EventDispatchThread.java:113)
	at java.desktop/java.awt.EventDispatchThread.pumpEvents(EventDispatchThread.java:109)
	at java.desktop/java.awt.EventDispatchThread.pumpEvents(EventDispatchThread.java:101)
	at java.desktop/java.awt.EventDispatchThread.run(EventDispatchThread.java:90)
Caused by: clojure.lang.ExceptionInfo: /home/ru/clojure/simpro-scene/src/cljs/test/cesium/client.cljs [line 27, col 15] The map literal starting with :ring on line 23 column 3 contains 9 form(s). Map literals must contain an even number of forms. {:type :reader-exception, :ex-kind :reader-error, :file "/home/ru/clojure/simpro-scene/src/cljs/test/cesium/client.cljs", :line 27, :col 15}
	at clojure.tools.reader.impl.errors$throw_ex.invokeStatic(errors.clj:34)
	at clojure.tools.reader.impl.errors$throw_ex.doInvoke(errors.clj:24)
	at clojure.lang.RestFn.invoke(RestFn.java:442)
	at clojure.tools.reader.impl.errors$reader_error.invokeStatic(errors.clj:40)
	at clojure.tools.reader.impl.errors$reader_error.doInvoke(errors.clj:36)
	at clojure.lang.RestFn.invoke(RestFn.java:559)
	at clojure.tools.reader.impl.errors$throw_odd_map.invokeStatic(errors.clj:68)
	at clojure.tools.reader.impl.errors$throw_odd_map.invoke(errors.clj:67)
	at clojure.tools.reader$read_map.invokeStatic(reader.clj:246)
	at clojure.tools.reader$read_map.invoke(reader.clj:238)
	at clojure.tools.reader$read_STAR_.invokeStatic(reader.clj:924)
	at clojure.tools.reader$read_STAR_.invoke(reader.clj:906)
	at clojure.tools.reader$read_delimited.invokeStatic(reader.clj:197)
	at clojure.tools.reader$read_delimited.invoke(reader.clj:190)
	at clojure.tools.reader$read_list.invokeStatic(reader.clj:208)
	at clojure.tools.reader$read_list.invoke(reader.clj:204)
	at clojure.tools.reader$read_STAR_.invokeStatic(reader.clj:924)
	at clojure.tools.reader$read_STAR_.invoke(reader.clj:906)
	at clojure.tools.reader$read_delimited.invokeStatic(reader.clj:197)
	at clojure.tools.reader$read_delimited.invoke(reader.clj:190)
	at clojure.tools.reader$read_list.invokeStatic(reader.clj:208)
	at clojure.tools.reader$read_list.invoke(reader.clj:204)
	at clojure.tools.reader$read_STAR_.invokeStatic(reader.clj:924)
	at clojure.tools.reader$read_STAR_.invoke(reader.clj:906)
	at clojure.tools.reader$read.invokeStatic(reader.clj:977)
	at clojure.tools.reader$read.invoke(reader.clj:950)
	at cljs.analyzer$forms_seq_STAR_$forms_seq___2593$fn__2594$fn__2595.invoke(analyzer.cljc:3938)
	at cljs.analyzer$forms_seq_STAR_$forms_seq___2593$fn__2594.invoke(analyzer.cljc:3931)
	at clojure.lang.LazySeq.sval(LazySeq.java:42)
	at clojure.lang.LazySeq.seq(LazySeq.java:51)
	at clojure.lang.RT.seq(RT.java:535)
	at clojure.core$seq__5402.invokeStatic(core.clj:137)
	at clojure.core$seq__5402.invoke(core.clj:137)
	at cljs.compiler$emit_source.invokeStatic(compiler.cljc:1521)
	at cljs.compiler$emit_source.invoke(compiler.cljc:1496)
	at cljs.compiler$compile_file_STAR_$fn__3791.invoke(compiler.cljc:1608)
	at cljs.compiler$with_core_cljs.invokeStatic(compiler.cljc:1416)
	at cljs.compiler$with_core_cljs.invoke(compiler.cljc:1405)
	at cljs.compiler$compile_file_STAR_.invokeStatic(compiler.cljc:1592)
	at cljs.compiler$compile_file_STAR_.invoke(compiler.cljc:1585)
	at cljs.compiler$compile_file$fn__3822.invoke(compiler.cljc:1690)
	... 64 more

2020.04.24 21:31:05.597 MSK SEVERE: null -- clojure.lang.ExceptionInfo: failed compiling file:src/cljs/test/cesium/client.cljs {:file #object[java.io.File 0x56aaa4ac "src/cljs/test/cesium/client.cljs"]}
	at cljs.compiler$compile_file$fn__3822.invoke(compiler.cljc:1705)
	at cljs.compiler$compile_file.invokeStatic(compiler.cljc:1665)
	at cljs.compiler$compile_file.invoke(compiler.cljc:1641)
	at cljs.closure$compile_file.invokeStatic(closure.clj:647)
	at cljs.closure$compile_file.invoke(closure.clj:625)
	at cljs.closure$fn__5294.invokeStatic(closure.clj:721)
	at cljs.closure$fn__5294.invoke(closure.clj:715)
	at cljs.closure$fn__5207$G__5200__5214.invoke(closure.clj:543)
	at cljs.closure$compile_sources$iter__5420__5424$fn__5425.invoke(closure.clj:1081)
	at clojure.lang.LazySeq.sval(LazySeq.java:42)
	at clojure.lang.LazySeq.seq(LazySeq.java:51)
	at clojure.lang.Cons.next(Cons.java:39)
	at clojure.lang.RT.next(RT.java:713)
	at clojure.core$next__5386.invokeStatic(core.clj:64)
	at clojure.core$dorun.invokeStatic(core.clj:3142)
	at clojure.core$doall.invokeStatic(core.clj:3148)
	at clojure.core$doall.invoke(core.clj:3148)
	at cljs.closure$compile_sources.invokeStatic(closure.clj:1077)
	at cljs.closure$compile_sources.invoke(closure.clj:1066)
	at cljs.closure$build.invokeStatic(closure.clj:2995)
	at cljs.closure$build.invoke(closure.clj:2903)
	at cljs.build.api$build.invokeStatic(api.clj:208)
	at cljs.build.api$build.invoke(api.clj:189)
	at cljs.build.api$build.invokeStatic(api.clj:195)
	at cljs.build.api$build.invoke(api.clj:189)
	at cljs.compile$build.invokeStatic(compile.clj:69)
	at cljs.compile$build.invoke(compile.clj:42)
	at clojure.lang.Var.invoke(Var.java:388)
	at clojuretab.ClojureTab.invoke(ClojureTab.java:700)
	at clojuretab.ClojureActionButton$1.actionPerformed(ClojureActionButton.java:53)
	at java.desktop/javax.swing.AbstractButton.fireActionPerformed(AbstractButton.java:1967)
	at java.desktop/javax.swing.AbstractButton$Handler.actionPerformed(AbstractButton.java:2308)
	at java.desktop/javax.swing.DefaultButtonModel.fireActionPerformed(DefaultButtonModel.java:405)
	at java.desktop/javax.swing.DefaultButtonModel.setPressed(DefaultButtonModel.java:262)
	at java.desktop/javax.swing.plaf.basic.BasicButtonListener.mouseReleased(BasicButtonListener.java:279)
	at java.desktop/java.awt.Component.processMouseEvent(Component.java:6632)
	at java.desktop/javax.swing.JComponent.processMouseEvent(JComponent.java:3342)
	at java.desktop/java.awt.Component.processEvent(Component.java:6397)
	at java.desktop/java.awt.Container.processEvent(Container.java:2263)
	at java.desktop/java.awt.Component.dispatchEventImpl(Component.java:5008)
	at java.desktop/java.awt.Container.dispatchEventImpl(Container.java:2321)
	at java.desktop/java.awt.Component.dispatchEvent(Component.java:4840)
	at java.desktop/java.awt.LightweightDispatcher.retargetMouseEvent(Container.java:4918)
	at java.desktop/java.awt.LightweightDispatcher.processMouseEvent(Container.java:4547)
	at java.desktop/java.awt.LightweightDispatcher.dispatchEvent(Container.java:4488)
	at java.desktop/java.awt.Container.dispatchEventImpl(Container.java:2307)
	at java.desktop/java.awt.Window.dispatchEventImpl(Window.java:2772)
	at java.desktop/java.awt.Component.dispatchEvent(Component.java:4840)
	at java.desktop/java.awt.EventQueue.dispatchEventImpl(EventQueue.java:772)
	at java.desktop/java.awt.EventQueue$4.run(EventQueue.java:721)
	at java.desktop/java.awt.EventQueue$4.run(EventQueue.java:715)
	at java.base/java.security.AccessController.doPrivileged(Native Method)
	at java.base/java.security.ProtectionDomain$JavaSecurityAccessImpl.doIntersectionPrivilege(ProtectionDomain.java:85)
	at java.base/java.security.ProtectionDomain$JavaSecurityAccessImpl.doIntersectionPrivilege(ProtectionDomain.java:95)
	at java.desktop/java.awt.EventQueue$5.run(EventQueue.java:745)
	at java.desktop/java.awt.EventQueue$5.run(EventQueue.java:743)
	at java.base/java.security.AccessController.doPrivileged(Native Method)
	at java.base/java.security.ProtectionDomain$JavaSecurityAccessImpl.doIntersectionPrivilege(ProtectionDomain.java:85)
	at java.desktop/java.awt.EventQueue.dispatchEvent(EventQueue.java:742)
	at java.desktop/java.awt.EventDispatchThread.pumpOneEventForFilters(EventDispatchThread.java:203)
	at java.desktop/java.awt.EventDispatchThread.pumpEventsForFilter(EventDispatchThread.java:124)
	at java.desktop/java.awt.EventDispatchThread.pumpEventsForHierarchy(EventDispatchThread.java:113)
	at java.desktop/java.awt.EventDispatchThread.pumpEvents(EventDispatchThread.java:109)
	at java.desktop/java.awt.EventDispatchThread.pumpEvents(EventDispatchThread.java:101)
	at java.desktop/java.awt.EventDispatchThread.run(EventDispatchThread.java:90)
Caused by: clojure.lang.ExceptionInfo: /home/ru/clojure/simpro-scene/src/cljs/test/cesium/client.cljs [line 99, col 76] Unmatched delimiter ). {:type :reader-exception, :ex-kind :reader-error, :file "/home/ru/clojure/simpro-scene/src/cljs/test/cesium/client.cljs", :line 99, :col 76}
	at clojure.tools.reader.impl.errors$throw_ex.invokeStatic(errors.clj:34)
	at clojure.tools.reader.impl.errors$throw_ex.doInvoke(errors.clj:24)
	at clojure.lang.RestFn.invoke(RestFn.java:442)
	at clojure.tools.reader.impl.errors$reader_error.invokeStatic(errors.clj:40)
	at clojure.tools.reader.impl.errors$reader_error.doInvoke(errors.clj:36)
	at clojure.lang.RestFn.invoke(RestFn.java:460)
	at clojure.tools.reader.impl.errors$throw_unmatch_delimiter.invokeStatic(errors.clj:112)
	at clojure.tools.reader.impl.errors$throw_unmatch_delimiter.invoke(errors.clj:111)
	at clojure.tools.reader$read_unmatched_delimiter.invokeStatic(reader.clj:77)
	at clojure.tools.reader$read_unmatched_delimiter.invoke(reader.clj:75)
	at clojure.tools.reader$read_STAR_.invokeStatic(reader.clj:924)
	at clojure.tools.reader$read_STAR_.invoke(reader.clj:906)
	at clojure.tools.reader$read.invokeStatic(reader.clj:977)
	at clojure.tools.reader$read.invoke(reader.clj:950)
	at cljs.analyzer$forms_seq_STAR_$forms_seq___2593$fn__2594$fn__2595.invoke(analyzer.cljc:3938)
	at cljs.analyzer$forms_seq_STAR_$forms_seq___2593$fn__2594.invoke(analyzer.cljc:3931)
	at clojure.lang.LazySeq.sval(LazySeq.java:42)
	at clojure.lang.LazySeq.seq(LazySeq.java:51)
	at clojure.lang.RT.seq(RT.java:535)
	at clojure.core$seq__5402.invokeStatic(core.clj:137)
	at clojure.core$seq__5402.invoke(core.clj:137)
	at cljs.compiler$emit_source.invokeStatic(compiler.cljc:1521)
	at cljs.compiler$emit_source.invoke(compiler.cljc:1496)
	at cljs.compiler$compile_file_STAR_$fn__3791.invoke(compiler.cljc:1608)
	at cljs.compiler$with_core_cljs.invokeStatic(compiler.cljc:1416)
	at cljs.compiler$with_core_cljs.invoke(compiler.cljc:1405)
	at cljs.compiler$compile_file_STAR_.invokeStatic(compiler.cljc:1592)
	at cljs.compiler$compile_file_STAR_.invoke(compiler.cljc:1585)
	at cljs.compiler$compile_file$fn__3822.invoke(compiler.cljc:1690)
	... 64 more

2020.04.24 21:32:44.610 MSK SEVERE: null -- clojure.lang.ExceptionInfo: failed compiling file:src/cljs/test/cesium/testclient.cljs {:file #object[java.io.File 0x4d16a256 "src/cljs/test/cesium/testclient.cljs"]}
	at cljs.compiler$compile_file$fn__3822.invoke(compiler.cljc:1705)
	at cljs.compiler$compile_file.invokeStatic(compiler.cljc:1665)
	at cljs.compiler$compile_file.invoke(compiler.cljc:1641)
	at cljs.closure$compile_file.invokeStatic(closure.clj:647)
	at cljs.closure$compile_file.invoke(closure.clj:625)
	at cljs.closure$fn__5294.invokeStatic(closure.clj:721)
	at cljs.closure$fn__5294.invoke(closure.clj:715)
	at cljs.closure$fn__5207$G__5200__5214.invoke(closure.clj:543)
	at cljs.closure$compile_sources$iter__5420__5424$fn__5425.invoke(closure.clj:1081)
	at clojure.lang.LazySeq.sval(LazySeq.java:42)
	at clojure.lang.LazySeq.seq(LazySeq.java:51)
	at clojure.lang.Cons.next(Cons.java:39)
	at clojure.lang.RT.next(RT.java:713)
	at clojure.core$next__5386.invokeStatic(core.clj:64)
	at clojure.core$dorun.invokeStatic(core.clj:3142)
	at clojure.core$doall.invokeStatic(core.clj:3148)
	at clojure.core$doall.invoke(core.clj:3148)
	at cljs.closure$compile_sources.invokeStatic(closure.clj:1077)
	at cljs.closure$compile_sources.invoke(closure.clj:1066)
	at cljs.closure$build.invokeStatic(closure.clj:2995)
	at cljs.closure$build.invoke(closure.clj:2903)
	at cljs.build.api$build.invokeStatic(api.clj:208)
	at cljs.build.api$build.invoke(api.clj:189)
	at cljs.build.api$build.invokeStatic(api.clj:195)
	at cljs.build.api$build.invoke(api.clj:189)
	at cljs.compile$build.invokeStatic(compile.clj:69)
	at cljs.compile$build.invoke(compile.clj:42)
	at clojure.lang.Var.invoke(Var.java:388)
	at clojuretab.ClojureTab.invoke(ClojureTab.java:700)
	at clojuretab.ClojureActionButton$1.actionPerformed(ClojureActionButton.java:53)
	at java.desktop/javax.swing.AbstractButton.fireActionPerformed(AbstractButton.java:1967)
	at java.desktop/javax.swing.AbstractButton$Handler.actionPerformed(AbstractButton.java:2308)
	at java.desktop/javax.swing.DefaultButtonModel.fireActionPerformed(DefaultButtonModel.java:405)
	at java.desktop/javax.swing.DefaultButtonModel.setPressed(DefaultButtonModel.java:262)
	at java.desktop/javax.swing.plaf.basic.BasicButtonListener.mouseReleased(BasicButtonListener.java:279)
	at java.desktop/java.awt.Component.processMouseEvent(Component.java:6632)
	at java.desktop/javax.swing.JComponent.processMouseEvent(JComponent.java:3342)
	at java.desktop/java.awt.Component.processEvent(Component.java:6397)
	at java.desktop/java.awt.Container.processEvent(Container.java:2263)
	at java.desktop/java.awt.Component.dispatchEventImpl(Component.java:5008)
	at java.desktop/java.awt.Container.dispatchEventImpl(Container.java:2321)
	at java.desktop/java.awt.Component.dispatchEvent(Component.java:4840)
	at java.desktop/java.awt.LightweightDispatcher.retargetMouseEvent(Container.java:4918)
	at java.desktop/java.awt.LightweightDispatcher.processMouseEvent(Container.java:4547)
	at java.desktop/java.awt.LightweightDispatcher.dispatchEvent(Container.java:4488)
	at java.desktop/java.awt.Container.dispatchEventImpl(Container.java:2307)
	at java.desktop/java.awt.Window.dispatchEventImpl(Window.java:2772)
	at java.desktop/java.awt.Component.dispatchEvent(Component.java:4840)
	at java.desktop/java.awt.EventQueue.dispatchEventImpl(EventQueue.java:772)
	at java.desktop/java.awt.EventQueue$4.run(EventQueue.java:721)
	at java.desktop/java.awt.EventQueue$4.run(EventQueue.java:715)
	at java.base/java.security.AccessController.doPrivileged(Native Method)
	at java.base/java.security.ProtectionDomain$JavaSecurityAccessImpl.doIntersectionPrivilege(ProtectionDomain.java:85)
	at java.base/java.security.ProtectionDomain$JavaSecurityAccessImpl.doIntersectionPrivilege(ProtectionDomain.java:95)
	at java.desktop/java.awt.EventQueue$5.run(EventQueue.java:745)
	at java.desktop/java.awt.EventQueue$5.run(EventQueue.java:743)
	at java.base/java.security.AccessController.doPrivileged(Native Method)
	at java.base/java.security.ProtectionDomain$JavaSecurityAccessImpl.doIntersectionPrivilege(ProtectionDomain.java:85)
	at java.desktop/java.awt.EventQueue.dispatchEvent(EventQueue.java:742)
	at java.desktop/java.awt.EventDispatchThread.pumpOneEventForFilters(EventDispatchThread.java:203)
	at java.desktop/java.awt.EventDispatchThread.pumpEventsForFilter(EventDispatchThread.java:124)
	at java.desktop/java.awt.EventDispatchThread.pumpEventsForHierarchy(EventDispatchThread.java:113)
	at java.desktop/java.awt.EventDispatchThread.pumpEvents(EventDispatchThread.java:109)
	at java.desktop/java.awt.EventDispatchThread.pumpEvents(EventDispatchThread.java:101)
	at java.desktop/java.awt.EventDispatchThread.run(EventDispatchThread.java:90)
Caused by: clojure.lang.ExceptionInfo: Invalid :refer, var cesium.client/add-orbit-button does not exist in file src/cljs/test/cesium/testclient.cljs {:tag :cljs/analysis-error}
	at cljs.analyzer$error.invokeStatic(analyzer.cljc:718)
	at cljs.analyzer$error.invoke(analyzer.cljc:714)
	at cljs.analyzer$error.invokeStatic(analyzer.cljc:716)
	at cljs.analyzer$error.invoke(analyzer.cljc:714)
	at cljs.analyzer$check_uses.invokeStatic(analyzer.cljc:2399)
	at cljs.analyzer$check_uses.invoke(analyzer.cljc:2394)
	at cljs.analyzer$check_use_macros.invokeStatic(analyzer.cljc:2412)
	at cljs.analyzer$check_use_macros.invoke(analyzer.cljc:2402)
	at cljs.analyzer$check_use_macros_inferring_missing$fn__2039.invoke(analyzer.cljc:2424)
	at clojure.lang.AFn.applyToHelper(AFn.java:154)
	at clojure.lang.AFn.applyTo(AFn.java:144)
	at clojure.core$apply.invokeStatic(core.clj:667)
	at clojure.core$update_in$up__6853.invoke(core.clj:6185)
	at clojure.core$update_in.invokeStatic(core.clj:6186)
	at clojure.core$update_in.doInvoke(core.clj:6172)
	at clojure.lang.RestFn.invoke(RestFn.java:445)
	at cljs.analyzer$check_use_macros_inferring_missing.invokeStatic(analyzer.cljc:2422)
	at cljs.analyzer$check_use_macros_inferring_missing.invoke(analyzer.cljc:2415)
	at cljs.analyzer$ns_side_effects.invokeStatic(analyzer.cljc:3769)
	at cljs.analyzer$ns_side_effects.invoke(analyzer.cljc:3737)
	at cljs.analyzer$analyze_STAR_$fn__2579.invoke(analyzer.cljc:3861)
	at clojure.lang.PersistentVector.reduce(PersistentVector.java:343)
	at clojure.core$reduce.invokeStatic(core.clj:6827)
	at clojure.core$reduce.invoke(core.clj:6810)
	at cljs.analyzer$analyze_STAR_.invokeStatic(analyzer.cljc:3861)
	at cljs.analyzer$analyze_STAR_.invoke(analyzer.cljc:3851)
	at cljs.analyzer$analyze.invokeStatic(analyzer.cljc:3880)
	at cljs.analyzer$analyze.invoke(analyzer.cljc:3863)
	at cljs.compiler$emit_source.invokeStatic(compiler.cljc:1523)
	at cljs.compiler$emit_source.invoke(compiler.cljc:1496)
	at cljs.compiler$compile_file_STAR_$fn__3791.invoke(compiler.cljc:1608)
	at cljs.compiler$with_core_cljs.invokeStatic(compiler.cljc:1416)
	at cljs.compiler$with_core_cljs.invoke(compiler.cljc:1405)
	at cljs.compiler$compile_file_STAR_.invokeStatic(compiler.cljc:1592)
	at cljs.compiler$compile_file_STAR_.invoke(compiler.cljc:1585)
	at cljs.compiler$compile_file$fn__3822.invoke(compiler.cljc:1690)
	... 64 more

2020.04.24 21:33:37.030 MSK SEVERE: null -- clojure.lang.ExceptionInfo: failed compiling file:src/cljs/test/cesium/client.cljs {:file #object[java.io.File 0x188ab829 "src/cljs/test/cesium/client.cljs"]}
	at cljs.compiler$compile_file$fn__3822.invoke(compiler.cljc:1705)
	at cljs.compiler$compile_file.invokeStatic(compiler.cljc:1665)
	at cljs.compiler$compile_file.invoke(compiler.cljc:1641)
	at cljs.closure$compile_file.invokeStatic(closure.clj:647)
	at cljs.closure$compile_file.invoke(closure.clj:625)
	at cljs.closure$fn__5294.invokeStatic(closure.clj:721)
	at cljs.closure$fn__5294.invoke(closure.clj:715)
	at cljs.closure$fn__5207$G__5200__5214.invoke(closure.clj:543)
	at cljs.closure$compile_sources$iter__5420__5424$fn__5425.invoke(closure.clj:1081)
	at clojure.lang.LazySeq.sval(LazySeq.java:42)
	at clojure.lang.LazySeq.seq(LazySeq.java:51)
	at clojure.lang.Cons.next(Cons.java:39)
	at clojure.lang.RT.next(RT.java:713)
	at clojure.core$next__5386.invokeStatic(core.clj:64)
	at clojure.core$dorun.invokeStatic(core.clj:3142)
	at clojure.core$doall.invokeStatic(core.clj:3148)
	at clojure.core$doall.invoke(core.clj:3148)
	at cljs.closure$compile_sources.invokeStatic(closure.clj:1077)
	at cljs.closure$compile_sources.invoke(closure.clj:1066)
	at cljs.closure$build.invokeStatic(closure.clj:2995)
	at cljs.closure$build.invoke(closure.clj:2903)
	at cljs.build.api$build.invokeStatic(api.clj:208)
	at cljs.build.api$build.invoke(api.clj:189)
	at cljs.build.api$build.invokeStatic(api.clj:195)
	at cljs.build.api$build.invoke(api.clj:189)
	at cljs.compile$build.invokeStatic(compile.clj:69)
	at cljs.compile$build.invoke(compile.clj:42)
	at clojure.lang.Var.invoke(Var.java:388)
	at clojuretab.ClojureTab.invoke(ClojureTab.java:700)
	at clojuretab.ClojureActionButton$1.actionPerformed(ClojureActionButton.java:53)
	at java.desktop/javax.swing.AbstractButton.fireActionPerformed(AbstractButton.java:1967)
	at java.desktop/javax.swing.AbstractButton$Handler.actionPerformed(AbstractButton.java:2308)
	at java.desktop/javax.swing.DefaultButtonModel.fireActionPerformed(DefaultButtonModel.java:405)
	at java.desktop/javax.swing.DefaultButtonModel.setPressed(DefaultButtonModel.java:262)
	at java.desktop/javax.swing.plaf.basic.BasicButtonListener.mouseReleased(BasicButtonListener.java:279)
	at java.desktop/java.awt.Component.processMouseEvent(Component.java:6632)
	at java.desktop/javax.swing.JComponent.processMouseEvent(JComponent.java:3342)
	at java.desktop/java.awt.Component.processEvent(Component.java:6397)
	at java.desktop/java.awt.Container.processEvent(Container.java:2263)
	at java.desktop/java.awt.Component.dispatchEventImpl(Component.java:5008)
	at java.desktop/java.awt.Container.dispatchEventImpl(Container.java:2321)
	at java.desktop/java.awt.Component.dispatchEvent(Component.java:4840)
	at java.desktop/java.awt.LightweightDispatcher.retargetMouseEvent(Container.java:4918)
	at java.desktop/java.awt.LightweightDispatcher.processMouseEvent(Container.java:4547)
	at java.desktop/java.awt.LightweightDispatcher.dispatchEvent(Container.java:4488)
	at java.desktop/java.awt.Container.dispatchEventImpl(Container.java:2307)
	at java.desktop/java.awt.Window.dispatchEventImpl(Window.java:2772)
	at java.desktop/java.awt.Component.dispatchEvent(Component.java:4840)
	at java.desktop/java.awt.EventQueue.dispatchEventImpl(EventQueue.java:772)
	at java.desktop/java.awt.EventQueue$4.run(EventQueue.java:721)
	at java.desktop/java.awt.EventQueue$4.run(EventQueue.java:715)
	at java.base/java.security.AccessController.doPrivileged(Native Method)
	at java.base/java.security.ProtectionDomain$JavaSecurityAccessImpl.doIntersectionPrivilege(ProtectionDomain.java:85)
	at java.base/java.security.ProtectionDomain$JavaSecurityAccessImpl.doIntersectionPrivilege(ProtectionDomain.java:95)
	at java.desktop/java.awt.EventQueue$5.run(EventQueue.java:745)
	at java.desktop/java.awt.EventQueue$5.run(EventQueue.java:743)
	at java.base/java.security.AccessController.doPrivileged(Native Method)
	at java.base/java.security.ProtectionDomain$JavaSecurityAccessImpl.doIntersectionPrivilege(ProtectionDomain.java:85)
	at java.desktop/java.awt.EventQueue.dispatchEvent(EventQueue.java:742)
	at java.desktop/java.awt.EventDispatchThread.pumpOneEventForFilters(EventDispatchThread.java:203)
	at java.desktop/java.awt.EventDispatchThread.pumpEventsForFilter(EventDispatchThread.java:124)
	at java.desktop/java.awt.EventDispatchThread.pumpEventsForHierarchy(EventDispatchThread.java:113)
	at java.desktop/java.awt.EventDispatchThread.pumpEvents(EventDispatchThread.java:109)
	at java.desktop/java.awt.EventDispatchThread.pumpEvents(EventDispatchThread.java:101)
	at java.desktop/java.awt.EventDispatchThread.run(EventDispatchThread.java:90)
Caused by: clojure.lang.ExceptionInfo: /home/ru/clojure/simpro-scene/src/cljs/test/cesium/client.cljs [line 136, col 1] Unexpected EOF while reading item 4 of list, starting at line 109 and column 1. {:type :reader-exception, :ex-kind :eof, :file "/home/ru/clojure/simpro-scene/src/cljs/test/cesium/client.cljs", :line 136, :col 1}
	at clojure.tools.reader.impl.errors$throw_ex.invokeStatic(errors.clj:34)
	at clojure.tools.reader.impl.errors$throw_ex.doInvoke(errors.clj:24)
	at clojure.lang.RestFn.invoke(RestFn.java:442)
	at clojure.tools.reader.impl.errors$eof_error.invokeStatic(errors.clj:46)
	at clojure.tools.reader.impl.errors$eof_error.doInvoke(errors.clj:42)
	at clojure.lang.RestFn.invoke(RestFn.java:516)
	at clojure.tools.reader.impl.errors$throw_eof_delimited.invokeStatic(errors.clj:57)
	at clojure.tools.reader.impl.errors$throw_eof_delimited.invoke(errors.clj:54)
	at clojure.tools.reader$read_delimited.invokeStatic(reader.clj:201)
	at clojure.tools.reader$read_delimited.invoke(reader.clj:190)
	at clojure.tools.reader$read_list.invokeStatic(reader.clj:208)
	at clojure.tools.reader$read_list.invoke(reader.clj:204)
	at clojure.tools.reader$read_STAR_.invokeStatic(reader.clj:924)
	at clojure.tools.reader$read_STAR_.invoke(reader.clj:906)
	at clojure.tools.reader$read.invokeStatic(reader.clj:977)
	at clojure.tools.reader$read.invoke(reader.clj:950)
	at cljs.analyzer$forms_seq_STAR_$forms_seq___2593$fn__2594$fn__2595.invoke(analyzer.cljc:3938)
	at cljs.analyzer$forms_seq_STAR_$forms_seq___2593$fn__2594.invoke(analyzer.cljc:3931)
	at clojure.lang.LazySeq.sval(LazySeq.java:42)
	at clojure.lang.LazySeq.seq(LazySeq.java:51)
	at clojure.lang.RT.seq(RT.java:535)
	at clojure.core$seq__5402.invokeStatic(core.clj:137)
	at clojure.core$seq__5402.invoke(core.clj:137)
	at cljs.compiler$emit_source.invokeStatic(compiler.cljc:1521)
	at cljs.compiler$emit_source.invoke(compiler.cljc:1496)
	at cljs.compiler$compile_file_STAR_$fn__3791.invoke(compiler.cljc:1608)
	at cljs.compiler$with_core_cljs.invokeStatic(compiler.cljc:1416)
	at cljs.compiler$with_core_cljs.invoke(compiler.cljc:1405)
	at cljs.compiler$compile_file_STAR_.invokeStatic(compiler.cljc:1592)
	at cljs.compiler$compile_file_STAR_.invoke(compiler.cljc:1585)
	at cljs.compiler$compile_file$fn__3822.invoke(compiler.cljc:1690)
	... 64 more

