2018.09.20 11:18:02.257 MSK INFO: *** SYSTEM START *** -- SystemUtilities.logSystemInfo()
2018.09.20 11:18:02.267 MSK CONFIG: Protege 3.5 Build 663, JVM 1.8.0_181-8u181-b13-0ubuntu0.18.04.1-b13, memory=1610M, Linux, encoding=UTF-8, language=en, country=US -- SystemUtilities.logSystemInfo()
2018.09.20 11:18:02.274 MSK WARNING: Plugins directory not found: /home/ru/clojure/simpro-scene/plugins -- PluginUtilities.findPluginsDirectory()
2018.09.20 11:18:02.522 MSK WARNING: missing bundle: standard_extensions_text -- BundleHelper.<init>()
2018.09.20 11:18:02.530 MSK WARNING: no resource bundle: tab.queries -- BundleHelper.internalGetText()
2018.09.20 11:18:03.605 MSK WARNING: missing bundle: protege_text -- BundleHelper.<init>()
2018.09.20 11:18:30.293 MSK INFO: Load time for file:/home/ru/clojure/simpro-scene/pprj_examples/SailExpert.pprj = 2 sec (project) + 18 sec (ui) -- ProjectManager$3.run()
2018.09.20 11:41:11.145 MSK SEVERE: null -- java.lang.RuntimeException: EOF while reading, starting at line 99, compiling:(clojure/sail/exp.clj:104:1)
	at clojure.lang.Compiler.load(Compiler.java:7521)
	at clojure.lang.RT.loadResourceScript(RT.java:379)
	at clojure.lang.RT.loadResourceScript(RT.java:370)
	at clojure.lang.RT.load(RT.java:460)
	at clojure.lang.RT.load(RT.java:426)
	at clojure.core$load$fn__6548.invoke(core.clj:6046)
	at clojure.core$load.invokeStatic(core.clj:6045)
	at clojure.core$load.doInvoke(core.clj:6029)
	at clojure.lang.RestFn.invoke(RestFn.java:408)
	at clojure.lang.Var.invoke(Var.java:381)
	at clojuretab.ClojureTab.loadProgram(ClojureTab.java:544)
	at clojuretab.ClojureTab.loadSelectedPrograms(ClojureTab.java:533)
	at clojuretab.ClojureTab.access$3(ClojureTab.java:529)
	at clojuretab.ClojureTab$5.actionPerformed(ClojureTab.java:255)
	at javax.swing.AbstractButton.fireActionPerformed(AbstractButton.java:2022)
	at javax.swing.AbstractButton$Handler.actionPerformed(AbstractButton.java:2348)
	at javax.swing.DefaultButtonModel.fireActionPerformed(DefaultButtonModel.java:402)
	at javax.swing.DefaultButtonModel.setPressed(DefaultButtonModel.java:259)
	at javax.swing.plaf.basic.BasicButtonListener.mouseReleased(BasicButtonListener.java:252)
	at java.awt.AWTEventMulticaster.mouseReleased(AWTEventMulticaster.java:289)
	at java.awt.Component.processMouseEvent(Component.java:6539)
	at javax.swing.JComponent.processMouseEvent(JComponent.java:3324)
	at java.awt.Component.processEvent(Component.java:6304)
	at java.awt.Container.processEvent(Container.java:2239)
	at java.awt.Component.dispatchEventImpl(Component.java:4889)
	at java.awt.Container.dispatchEventImpl(Container.java:2297)
	at java.awt.Component.dispatchEvent(Component.java:4711)
	at java.awt.LightweightDispatcher.retargetMouseEvent(Container.java:4904)
	at java.awt.LightweightDispatcher.processMouseEvent(Container.java:4535)
	at java.awt.LightweightDispatcher.dispatchEvent(Container.java:4476)
	at java.awt.Container.dispatchEventImpl(Container.java:2283)
	at java.awt.Window.dispatchEventImpl(Window.java:2746)
	at java.awt.Component.dispatchEvent(Component.java:4711)
	at java.awt.EventQueue.dispatchEventImpl(EventQueue.java:760)
	at java.awt.EventQueue.access$500(EventQueue.java:97)
	at java.awt.EventQueue$3.run(EventQueue.java:709)
	at java.awt.EventQueue$3.run(EventQueue.java:703)
	at java.security.AccessController.doPrivileged(Native Method)
	at java.security.ProtectionDomain$JavaSecurityAccessImpl.doIntersectionPrivilege(ProtectionDomain.java:74)
	at java.security.ProtectionDomain$JavaSecurityAccessImpl.doIntersectionPrivilege(ProtectionDomain.java:84)
	at java.awt.EventQueue$4.run(EventQueue.java:733)
	at java.awt.EventQueue$4.run(EventQueue.java:731)
	at java.security.AccessController.doPrivileged(Native Method)
	at java.security.ProtectionDomain$JavaSecurityAccessImpl.doIntersectionPrivilege(ProtectionDomain.java:74)
	at java.awt.EventQueue.dispatchEvent(EventQueue.java:730)
	at java.awt.EventDispatchThread.pumpOneEventForFilters(EventDispatchThread.java:205)
	at java.awt.EventDispatchThread.pumpEventsForFilter(EventDispatchThread.java:116)
	at java.awt.EventDispatchThread.pumpEventsForHierarchy(EventDispatchThread.java:105)
	at java.awt.EventDispatchThread.pumpEvents(EventDispatchThread.java:101)
	at java.awt.EventDispatchThread.pumpEvents(EventDispatchThread.java:93)
	at java.awt.EventDispatchThread.run(EventDispatchThread.java:82)
Caused by: java.lang.RuntimeException: EOF while reading, starting at line 99
	at clojure.lang.Util.runtimeException(Util.java:221)
	at clojure.lang.LispReader.readDelimitedList(LispReader.java:1391)
	at clojure.lang.LispReader$ListReader.invoke(LispReader.java:1232)
	at clojure.lang.LispReader.read(LispReader.java:275)
	at clojure.lang.LispReader.read(LispReader.java:206)
	at clojure.lang.Compiler.load(Compiler.java:7509)
	... 50 more

2018.09.20 12:37:08.840 MSK SEVERE: null -- java.lang.RuntimeException: Unable to resolve symbol: NewCourse in this context, compiling:(NO_SOURCE_PATH:0:0)
	at clojure.lang.Compiler.analyze(Compiler.java:6792)
	at clojure.lang.Compiler.analyze(Compiler.java:6729)
	at clojure.lang.Compiler$InvokeExpr.parse(Compiler.java:3813)
	at clojure.lang.Compiler.analyzeSeq(Compiler.java:7005)
	at clojure.lang.Compiler.analyze(Compiler.java:6773)
	at clojure.lang.Compiler.analyze(Compiler.java:6729)
	at clojure.lang.Compiler$BodyExpr$Parser.parse(Compiler.java:6100)
	at clojure.lang.Compiler$FnMethod.parse(Compiler.java:5460)
	at clojure.lang.Compiler$FnExpr.parse(Compiler.java:4022)
	at clojure.lang.Compiler.analyzeSeq(Compiler.java:7001)
	at clojure.lang.Compiler.analyze(Compiler.java:6773)
	at clojure.lang.Compiler.analyze(Compiler.java:6729)
	at clojure.lang.Compiler$BodyExpr$Parser.parse(Compiler.java:6100)
	at clojure.lang.Compiler$FnMethod.parse(Compiler.java:5460)
	at clojure.lang.Compiler$FnExpr.parse(Compiler.java:4022)
	at clojure.lang.Compiler.analyzeSeq(Compiler.java:7001)
	at clojure.lang.Compiler.analyze(Compiler.java:6773)
	at clojure.lang.Compiler.eval(Compiler.java:7059)
	at clojure.lang.Compiler.eval(Compiler.java:7025)
	at clojure.core$eval.invokeStatic(core.clj:3206)
	at clojure.core$eval.invoke(core.clj:3202)
	at rete.core$mk_rhs_func.invokeStatic(core.clj:227)
	at rete.core$mk_rhs_func.invoke(core.clj:222)
	at rete.core$beta_net_plan.invokeStatic(core.clj:252)
	at rete.core$beta_net_plan.invoke(core.clj:231)
	at rete.core$beta_net_plan$fn__137.invoke(core.clj:239)
	at clojure.core$map$fn__5587.invoke(core.clj:2745)
	at clojure.lang.LazySeq.sval(LazySeq.java:40)
	at clojure.lang.LazySeq.seq(LazySeq.java:49)
	at clojure.lang.Cons.next(Cons.java:39)
	at clojure.lang.RT.next(RT.java:706)
	at clojure.core$next__5108.invokeStatic(core.clj:64)
	at clojure.core$concat$cat__5217$fn__5218.invoke(core.clj:734)
	at clojure.lang.LazySeq.sval(LazySeq.java:40)
	at clojure.lang.LazySeq.seq(LazySeq.java:49)
	at clojure.lang.Cons.next(Cons.java:39)
	at clojure.lang.RT.countFrom(RT.java:646)
	at clojure.lang.RT.count(RT.java:636)
	at rete.core$enl.invokeStatic(core.clj:220)
	at rete.core$enl.invoke(core.clj:218)
	at rete.core$beta_net_plan.invokeStatic(core.clj:238)
	at rete.core$beta_net_plan.invoke(core.clj:231)
	at rete.core$create_rete.invokeStatic(core.clj:314)
	at rete.core$create_rete.invoke(core.clj:299)
	at rete.core$run_with.invokeStatic(core.clj:857)
	at rete.core$run_with.invoke(core.clj:848)
	at ru.rules$run_engine.invokeStatic(rules.clj:94)
	at ru.rules$run_engine.invoke(rules.clj:60)
	at ru.rules$run_engine.invokeStatic(rules.clj:78)
	at ru.rules$run_engine.invoke(rules.clj:60)
	at clojure.lang.Var.invoke(Var.java:385)
	at clojuretab.ClojureTab.invoke(ClojureTab.java:700)
	at clojuretab.ClojureActionButton$1.actionPerformed(ClojureActionButton.java:53)
	at javax.swing.AbstractButton.fireActionPerformed(AbstractButton.java:2022)
	at javax.swing.AbstractButton$Handler.actionPerformed(AbstractButton.java:2348)
	at javax.swing.DefaultButtonModel.fireActionPerformed(DefaultButtonModel.java:402)
	at javax.swing.DefaultButtonModel.setPressed(DefaultButtonModel.java:259)
	at javax.swing.plaf.basic.BasicButtonListener.mouseReleased(BasicButtonListener.java:252)
	at java.awt.Component.processMouseEvent(Component.java:6539)
	at javax.swing.JComponent.processMouseEvent(JComponent.java:3324)
	at java.awt.Component.processEvent(Component.java:6304)
	at java.awt.Container.processEvent(Container.java:2239)
	at java.awt.Component.dispatchEventImpl(Component.java:4889)
	at java.awt.Container.dispatchEventImpl(Container.java:2297)
	at java.awt.Component.dispatchEvent(Component.java:4711)
	at java.awt.LightweightDispatcher.retargetMouseEvent(Container.java:4904)
	at java.awt.LightweightDispatcher.processMouseEvent(Container.java:4535)
	at java.awt.LightweightDispatcher.dispatchEvent(Container.java:4476)
	at java.awt.Container.dispatchEventImpl(Container.java:2283)
	at java.awt.Window.dispatchEventImpl(Window.java:2746)
	at java.awt.Component.dispatchEvent(Component.java:4711)
	at java.awt.EventQueue.dispatchEventImpl(EventQueue.java:760)
	at java.awt.EventQueue.access$500(EventQueue.java:97)
	at java.awt.EventQueue$3.run(EventQueue.java:709)
	at java.awt.EventQueue$3.run(EventQueue.java:703)
	at java.security.AccessController.doPrivileged(Native Method)
	at java.security.ProtectionDomain$JavaSecurityAccessImpl.doIntersectionPrivilege(ProtectionDomain.java:74)
	at java.security.ProtectionDomain$JavaSecurityAccessImpl.doIntersectionPrivilege(ProtectionDomain.java:84)
	at java.awt.EventQueue$4.run(EventQueue.java:733)
	at java.awt.EventQueue$4.run(EventQueue.java:731)
	at java.security.AccessController.doPrivileged(Native Method)
	at java.security.ProtectionDomain$JavaSecurityAccessImpl.doIntersectionPrivilege(ProtectionDomain.java:74)
	at java.awt.EventQueue.dispatchEvent(EventQueue.java:730)
	at java.awt.EventDispatchThread.pumpOneEventForFilters(EventDispatchThread.java:205)
	at java.awt.EventDispatchThread.pumpEventsForFilter(EventDispatchThread.java:116)
	at java.awt.EventDispatchThread.pumpEventsForHierarchy(EventDispatchThread.java:105)
	at java.awt.EventDispatchThread.pumpEvents(EventDispatchThread.java:101)
	at java.awt.EventDispatchThread.pumpEvents(EventDispatchThread.java:93)
	at java.awt.EventDispatchThread.run(EventDispatchThread.java:82)
Caused by: java.lang.RuntimeException: Unable to resolve symbol: NewCourse in this context
	at clojure.lang.Util.runtimeException(Util.java:221)
	at clojure.lang.Compiler.resolveIn(Compiler.java:7299)
	at clojure.lang.Compiler.resolve(Compiler.java:7243)
	at clojure.lang.Compiler.analyzeSymbol(Compiler.java:7204)
	at clojure.lang.Compiler.analyze(Compiler.java:6752)
	... 88 more

