2017.12.16 12:33:24.870 MSK INFO: *** SYSTEM START *** -- SystemUtilities.logSystemInfo()
2017.12.16 12:33:24.933 MSK CONFIG: Protege 3.5 Build 663, JVM 1.8.0_31-b13, memory=1908M, Mac OS X, encoding=UTF-8, language=en, country=US -- SystemUtilities.logSystemInfo()
2017.12.16 12:33:28.591 MSK CONFIG: Loaded plugin clojuretab -- PluginUtilities.logClassLoaderInformation()
2017.12.16 12:33:28.726 MSK CONFIG: Loaded plugin edu.stanford.smi.protegex.standard_extensions - Graph Widget, Table Widget -- PluginUtilities.logClassLoaderInformation()
2017.12.16 12:33:29.646 MSK CONFIG: Loaded plugin ru.igis.omtab -- PluginUtilities.logClassLoaderInformation()
2017.12.16 12:33:37.223 MSK WARNING: missing bundle: protege_text -- BundleHelper.<init>()
2017.12.16 12:33:51.591 MSK INFO: Loaded 5000 instances: ScenarioN_ProjectKB_Class72434 -- Parser.getInstance()
2017.12.16 12:33:51.596 MSK INFO: Loaded 6000 instances: ScenarioN_ProjectKB_Class83434 -- Parser.getInstance()
2017.12.16 12:33:51.612 MSK INFO: Set type on 5000 instances: ScenarioN_ProjectKB_Class83046 -- Parser.getInstance()
2017.12.16 12:33:51.628 MSK INFO: Set type on 6000 instances: ScenarioN_ProjectKB_Class84046 -- Parser.getInstance()
2017.12.16 12:33:53.678 MSK SEVERE: Undefined class: NavObTask found while loading instances -- Parser.recordError()
2017.12.16 12:33:58.266 MSK INFO: Load time for file:/Users/ru/clojure/simpro-scene/pprj_examples/Sea.pprj = 2 sec (project) + 4 sec (ui) -- ProjectManager$3.run()
2017.12.16 12:53:18.586 MSK INFO: Loaded 5000 instances: ScenarioN_ProjectKB_Class72434 -- Parser.getInstance()
2017.12.16 12:53:18.596 MSK INFO: Loaded 6000 instances: ScenarioN_ProjectKB_Class83434 -- Parser.getInstance()
2017.12.16 12:53:18.777 MSK INFO: Set type on 5000 instances: ScenarioN_ProjectKB_Class83046 -- Parser.getInstance()
2017.12.16 12:53:18.792 MSK INFO: Set type on 6000 instances: ScenarioN_ProjectKB_Class84046 -- Parser.getInstance()
2017.12.16 12:53:20.377 MSK INFO: Project load time for file:/Users/ru/clojure/simpro-scene/pprj_examples/Sea.pprj: 2 sec -- ProjectChooser.loadProject()
2017.12.16 12:53:20.903 MSK INFO: UI display time = 0 sec -- ProjectManager$2.run()
2017.12.16 12:59:16.321 MSK INFO: Loaded 5000 instances: ScenarioN_ProjectKB_Class72434 -- Parser.getInstance()
2017.12.16 12:59:16.325 MSK INFO: Loaded 6000 instances: ScenarioN_ProjectKB_Class83434 -- Parser.getInstance()
2017.12.16 12:59:16.345 MSK INFO: Set type on 5000 instances: ScenarioN_ProjectKB_Class83046 -- Parser.getInstance()
2017.12.16 12:59:16.363 MSK INFO: Set type on 6000 instances: ScenarioN_ProjectKB_Class84046 -- Parser.getInstance()
2017.12.16 12:59:17.050 MSK INFO: Project load time for file:/Users/ru/clojure/simpro-scene/pprj_base/Scenario.pprj: 0 sec -- ProjectChooser.loadProject()
2017.12.16 12:59:17.487 MSK INFO: UI display time = 0 sec -- ProjectManager$2.run()
2017.12.16 12:59:39.216 MSK INFO: Project load time for file:/Users/ru/clojure/simpro-scene/pprj_base/igis.pprj: 0 sec -- ProjectChooser.loadProject()
2017.12.16 12:59:39.500 MSK INFO: UI display time = 0 sec -- ProjectManager$2.run()
2017.12.16 13:03:06.164 MSK INFO: Loaded 5000 instances: ScenarioN_ProjectKB_Class72434 -- Parser.getInstance()
2017.12.16 13:03:06.168 MSK INFO: Loaded 6000 instances: ScenarioN_ProjectKB_Class83434 -- Parser.getInstance()
2017.12.16 13:03:06.184 MSK INFO: Set type on 5000 instances: ScenarioN_ProjectKB_Class83046 -- Parser.getInstance()
2017.12.16 13:03:06.200 MSK INFO: Set type on 6000 instances: ScenarioN_ProjectKB_Class84046 -- Parser.getInstance()
2017.12.16 13:03:06.908 MSK INFO: Project load time for file:/Users/ru/clojure/simpro-scene/pprj_base/Scenario.pprj: 0 sec -- ProjectChooser.loadProject()
2017.12.16 13:03:07.328 MSK INFO: UI display time = 0 sec -- ProjectManager$2.run()
2017.12.16 13:03:51.344 MSK INFO: Loaded 5000 instances: ScenarioN_ProjectKB_Class72434 -- Parser.getInstance()
2017.12.16 13:03:51.348 MSK INFO: Loaded 6000 instances: ScenarioN_ProjectKB_Class83434 -- Parser.getInstance()
2017.12.16 13:03:51.364 MSK INFO: Set type on 5000 instances: ScenarioN_ProjectKB_Class83046 -- Parser.getInstance()
2017.12.16 13:03:51.380 MSK INFO: Set type on 6000 instances: ScenarioN_ProjectKB_Class84046 -- Parser.getInstance()
2017.12.16 13:03:52.936 MSK INFO: Project load time for file:/Users/ru/clojure/simpro-scene/pprj_examples/Sea.pprj: 1 sec -- ProjectChooser.loadProject()
2017.12.16 13:03:53.419 MSK INFO: UI display time = 0 sec -- ProjectManager$2.run()
