2019.12.01 17:40:11.612 MSK INFO: *** SYSTEM START *** -- SystemUtilities.logSystemInfo()
2019.12.01 17:40:11.676 MSK CONFIG: Protege 3.5 Build 663, JVM 11.0.5+10-post-Debian-1deb10u1, memory=2076M, Linux, encoding=UTF-8, language=en, country=US -- SystemUtilities.logSystemInfo()
2019.12.01 17:40:11.691 MSK WARNING: Plugins directory not found: /home/ru/clojure/simpro-scene/plugins -- PluginUtilities.findPluginsDirectory()
2019.12.01 17:40:13.133 MSK WARNING: missing bundle: standard_extensions_text -- BundleHelper.<init>()
2019.12.01 17:40:13.169 MSK WARNING: no resource bundle: tab.queries -- BundleHelper.internalGetText()
2019.12.01 17:40:14.113 MSK WARNING: Look and feel not found:  -- SystemUtilities.setLookAndFeel()
2019.12.01 17:40:15.349 MSK WARNING: missing bundle: protege_text -- BundleHelper.<init>()
2019.12.01 17:41:13.503 MSK WARNING: Couldn't locate shape file data/mas/hiitolanjoki/shape/Adult_salmons.shp -- SpatialIndex.locateAndSetShapeData()
2019.12.01 17:41:14.728 MSK INFO: Load time for file:/home/ru/clojure/simpro-scene/pprj_mas/Hiitolanjoki.pprj = 1 sec (project) + 3 sec (ui) -- ProjectManager$3.run()
2019.12.01 18:20:48.718 MSK WARNING: Couldn't locate shape file data/mas/hiitolanjoki/shape/Adult_salmons.shp -- SpatialIndex.locateAndSetShapeData()
2019.12.01 18:21:34.606 MSK WARNING: Couldn't locate shape file data/mas/hiitolanjoki/shape/Adult_salmons.shp -- SpatialIndex.locateAndSetShapeData()
2019.12.01 18:22:33.257 MSK WARNING: Couldn't locate shape file data/mas/hiitolanjoki/shape/Adult_salmons.shp -- SpatialIndex.locateAndSetShapeData()
2019.12.01 18:23:48.839 MSK WARNING: Couldn't locate shape file data/mas/hiitolanjoki/shape/Adult_salmons.shp -- SpatialIndex.locateAndSetShapeData()
2019.12.01 18:25:43.573 MSK WARNING: Couldn't locate shape file data/mas/hiitolanjoki/shape/Adult_salmons.shp -- SpatialIndex.locateAndSetShapeData()
2019.12.01 18:26:45.592 MSK WARNING: Couldn't locate shape file data/mas/hiitolanjoki/shape/Adult_salmons.shp -- SpatialIndex.locateAndSetShapeData()
2019.12.01 18:29:45.376 MSK WARNING: Couldn't locate shape file data/mas/hiitolanjoki/shape/Adult_salmons.shp -- SpatialIndex.locateAndSetShapeData()
2019.12.01 18:33:19.744 MSK SEVERE: null -- Syntax error reading source at (clojure/mas/world/hiitolanjoki.clj:309:15).
	at clojure.lang.Compiler.load(Compiler.java:7643)
	at clojure.lang.RT.loadResourceScript(RT.java:381)
	at clojure.lang.RT.loadResourceScript(RT.java:372)
	at clojure.lang.RT.load(RT.java:459)
	at clojure.lang.RT.load(RT.java:424)
	at clojure.core$load$fn__6839.invoke(core.clj:6126)
	at clojure.core$load.invokeStatic(core.clj:6125)
	at clojure.core$load.doInvoke(core.clj:6109)
	at clojure.lang.RestFn.invoke(RestFn.java:408)
	at clojure.lang.Var.invoke(Var.java:384)
	at clojuretab.ClojureTab.loadProgram(ClojureTab.java:544)
	at clojuretab.ClojureTab.loadSelectedPrograms(ClojureTab.java:533)
	at clojuretab.ClojureTab.access$3(ClojureTab.java:529)
	at clojuretab.ClojureTab$5.actionPerformed(ClojureTab.java:255)
	at java.desktop/javax.swing.AbstractButton.fireActionPerformed(AbstractButton.java:1967)
	at java.desktop/javax.swing.AbstractButton$Handler.actionPerformed(AbstractButton.java:2308)
	at java.desktop/javax.swing.DefaultButtonModel.fireActionPerformed(DefaultButtonModel.java:405)
	at java.desktop/javax.swing.DefaultButtonModel.setPressed(DefaultButtonModel.java:262)
	at java.desktop/javax.swing.plaf.basic.BasicButtonListener.mouseReleased(BasicButtonListener.java:279)
	at java.desktop/java.awt.AWTEventMulticaster.mouseReleased(AWTEventMulticaster.java:297)
	at java.desktop/java.awt.Component.processMouseEvent(Component.java:6632)
	at java.desktop/javax.swing.JComponent.processMouseEvent(JComponent.java:3342)
	at java.desktop/java.awt.Component.processEvent(Component.java:6397)
	at java.desktop/java.awt.Container.processEvent(Container.java:2263)
	at java.desktop/java.awt.Component.dispatchEventImpl(Component.java:5008)
	at java.desktop/java.awt.Container.dispatchEventImpl(Container.java:2321)
	at java.desktop/java.awt.Component.dispatchEvent(Component.java:4840)
	at java.desktop/java.awt.LightweightDispatcher.retargetMouseEvent(Container.java:4918)
	at java.desktop/java.awt.LightweightDispatcher.processMouseEvent(Container.java:4547)
	at java.desktop/java.awt.LightweightDispatcher.dispatchEvent(Container.java:4488)
	at java.desktop/java.awt.Container.dispatchEventImpl(Container.java:2307)
	at java.desktop/java.awt.Window.dispatchEventImpl(Window.java:2772)
	at java.desktop/java.awt.Component.dispatchEvent(Component.java:4840)
	at java.desktop/java.awt.EventQueue.dispatchEventImpl(EventQueue.java:772)
	at java.desktop/java.awt.EventQueue$4.run(EventQueue.java:721)
	at java.desktop/java.awt.EventQueue$4.run(EventQueue.java:715)
	at java.base/java.security.AccessController.doPrivileged(Native Method)
	at java.base/java.security.ProtectionDomain$JavaSecurityAccessImpl.doIntersectionPrivilege(ProtectionDomain.java:85)
	at java.base/java.security.ProtectionDomain$JavaSecurityAccessImpl.doIntersectionPrivilege(ProtectionDomain.java:95)
	at java.desktop/java.awt.EventQueue$5.run(EventQueue.java:745)
	at java.desktop/java.awt.EventQueue$5.run(EventQueue.java:743)
	at java.base/java.security.AccessController.doPrivileged(Native Method)
	at java.base/java.security.ProtectionDomain$JavaSecurityAccessImpl.doIntersectionPrivilege(ProtectionDomain.java:85)
	at java.desktop/java.awt.EventQueue.dispatchEvent(EventQueue.java:742)
	at java.desktop/java.awt.EventDispatchThread.pumpOneEventForFilters(EventDispatchThread.java:203)
	at java.desktop/java.awt.EventDispatchThread.pumpEventsForFilter(EventDispatchThread.java:124)
	at java.desktop/java.awt.EventDispatchThread.pumpEventsForHierarchy(EventDispatchThread.java:113)
	at java.desktop/java.awt.EventDispatchThread.pumpEvents(EventDispatchThread.java:109)
	at java.desktop/java.awt.EventDispatchThread.pumpEvents(EventDispatchThread.java:101)
	at java.desktop/java.awt.EventDispatchThread.run(EventDispatchThread.java:90)
Caused by: java.lang.RuntimeException: Invalid token: CS:
	at clojure.lang.Util.runtimeException(Util.java:221)
	at clojure.lang.LispReader.interpretToken(LispReader.java:412)
	at clojure.lang.LispReader.read(LispReader.java:305)
	at clojure.lang.LispReader.readDelimitedList(LispReader.java:1398)
	at clojure.lang.LispReader$ListReader.invoke(LispReader.java:1243)
	at clojure.lang.LispReader.read(LispReader.java:285)
	at clojure.lang.LispReader.readDelimitedList(LispReader.java:1398)
	at clojure.lang.LispReader$ListReader.invoke(LispReader.java:1243)
	at clojure.lang.LispReader.read(LispReader.java:285)
	at clojure.lang.LispReader.readDelimitedList(LispReader.java:1398)
	at clojure.lang.LispReader$ListReader.invoke(LispReader.java:1243)
	at clojure.lang.LispReader.read(LispReader.java:285)
	at clojure.lang.LispReader.read(LispReader.java:216)
	at clojure.lang.Compiler.load(Compiler.java:7631)
	... 49 more

2019.12.01 18:36:56.303 MSK WARNING: Couldn't locate shape file data/mas/hiitolanjoki/shape/Adult_salmons.shp -- SpatialIndex.locateAndSetShapeData()
2019.12.01 18:37:45.165 MSK WARNING: Couldn't locate shape file data/mas/hiitolanjoki/shape/Adult_salmons.shp -- SpatialIndex.locateAndSetShapeData()
2019.12.01 18:38:34.947 MSK WARNING: Couldn't locate shape file data/mas/hiitolanjoki/shape/Adult_salmons.shp -- SpatialIndex.locateAndSetShapeData()
2019.12.01 18:39:23.393 MSK WARNING: Couldn't locate shape file data/mas/hiitolanjoki/shape/Adult_salmons.shp -- SpatialIndex.locateAndSetShapeData()
2019.12.01 18:39:52.660 MSK WARNING: Couldn't locate shape file data/mas/hiitolanjoki/shape/Adult_salmons.shp -- SpatialIndex.locateAndSetShapeData()
2019.12.01 18:40:18.677 MSK WARNING: Couldn't locate shape file data/mas/hiitolanjoki/shape/Adult_salmons.shp -- SpatialIndex.locateAndSetShapeData()
2019.12.01 18:40:41.251 MSK WARNING: Couldn't locate shape file data/mas/hiitolanjoki/shape/Adult_salmons.shp -- SpatialIndex.locateAndSetShapeData()
