2018.09.22 13:47:07.539 MSK INFO: *** SYSTEM START *** -- SystemUtilities.logSystemInfo()
2018.09.22 13:47:07.571 MSK CONFIG: Protege 3.5 Build 663, JVM 10.0.2+13-Ubuntu-1ubuntu0.18.04.2, memory=1811M, Linux, encoding=UTF-8, language=en, country=US -- SystemUtilities.logSystemInfo()
2018.09.22 13:47:07.578 MSK WARNING: Plugins directory not found: /home/ru/clojure/simpro-scene/plugins -- PluginUtilities.findPluginsDirectory()
2018.09.22 13:47:09.584 MSK WARNING: missing bundle: protege_text -- BundleHelper.<init>()
2018.09.22 13:47:18.642 MSK WARNING: missing bundle: standard_extensions_text -- BundleHelper.<init>()
2018.09.22 13:47:18.643 MSK WARNING: no resource bundle: tab.queries -- BundleHelper.internalGetText()
2018.09.22 13:47:23.474 MSK SEVERE: null -- java.lang.ClassNotFoundException: javax.xml.bind.DatatypeConverter, compiling:(cljs/util.cljc:1:1)
	at clojure.lang.Compiler.load(Compiler.java:7526)
	at clojure.lang.RT.loadResourceScript(RT.java:379)
	at clojure.lang.RT.loadResourceScript(RT.java:370)
	at clojure.lang.RT.load(RT.java:460)
	at clojure.lang.RT.load(RT.java:426)
	at clojure.core$load$fn__6548.invoke(core.clj:6046)
	at clojure.core$load.invokeStatic(core.clj:6045)
	at clojure.core$load.doInvoke(core.clj:6029)
	at clojure.lang.RestFn.invoke(RestFn.java:408)
	at clojure.core$load_one.invokeStatic(core.clj:5848)
	at clojure.core$load_one.invoke(core.clj:5843)
	at clojure.core$load_lib$fn__6493.invoke(core.clj:5888)
	at clojure.core$load_lib.invokeStatic(core.clj:5887)
	at clojure.core$load_lib.doInvoke(core.clj:5868)
	at clojure.lang.RestFn.applyTo(RestFn.java:142)
	at clojure.core$apply.invokeStatic(core.clj:659)
	at clojure.core$load_libs.invokeStatic(core.clj:5925)
	at clojure.core$load_libs.doInvoke(core.clj:5909)
	at clojure.lang.RestFn.applyTo(RestFn.java:137)
	at clojure.core$apply.invokeStatic(core.clj:659)
	at clojure.core$require.invokeStatic(core.clj:5947)
	at clojure.core$require.doInvoke(core.clj:5947)
	at clojure.lang.RestFn.invoke(RestFn.java:703)
	at cljs.build.api$eval312$loading__6434__auto____313.invoke(api.clj:8)
	at cljs.build.api$eval312.invokeStatic(api.clj:8)
	at cljs.build.api$eval312.invoke(api.clj:8)
	at clojure.lang.Compiler.eval(Compiler.java:7062)
	at clojure.lang.Compiler.eval(Compiler.java:7051)
	at clojure.lang.Compiler.load(Compiler.java:7514)
	at clojure.lang.RT.loadResourceScript(RT.java:379)
	at clojure.lang.RT.loadResourceScript(RT.java:370)
	at clojure.lang.RT.load(RT.java:460)
	at clojure.lang.RT.load(RT.java:426)
	at clojure.core$load$fn__6548.invoke(core.clj:6046)
	at clojure.core$load.invokeStatic(core.clj:6045)
	at clojure.core$load.doInvoke(core.clj:6029)
	at clojure.lang.RestFn.invoke(RestFn.java:408)
	at clojure.core$load_one.invokeStatic(core.clj:5848)
	at clojure.core$load_one.invoke(core.clj:5843)
	at clojure.core$load_lib$fn__6493.invoke(core.clj:5888)
	at clojure.core$load_lib.invokeStatic(core.clj:5887)
	at clojure.core$load_lib.doInvoke(core.clj:5868)
	at clojure.lang.RestFn.applyTo(RestFn.java:142)
	at clojure.core$apply.invokeStatic(core.clj:659)
	at clojure.core$load_libs.invokeStatic(core.clj:5925)
	at clojure.core$load_libs.doInvoke(core.clj:5909)
	at clojure.lang.RestFn.applyTo(RestFn.java:137)
	at clojure.core$apply.invokeStatic(core.clj:659)
	at clojure.core$require.invokeStatic(core.clj:5947)
	at clojure.core$require.doInvoke(core.clj:5947)
	at clojure.lang.RestFn.invoke(RestFn.java:421)
	at cljs.compile$eval304$loading__6434__auto____305.invoke(compile.clj:1)
	at cljs.compile$eval304.invokeStatic(compile.clj:1)
	at cljs.compile$eval304.invoke(compile.clj:1)
	at clojure.lang.Compiler.eval(Compiler.java:7062)
	at clojure.lang.Compiler.eval(Compiler.java:7051)
	at clojure.lang.Compiler.load(Compiler.java:7514)
	at clojure.lang.RT.loadResourceScript(RT.java:379)
	at clojure.lang.RT.loadResourceScript(RT.java:370)
	at clojure.lang.RT.load(RT.java:460)
	at clojure.lang.RT.load(RT.java:426)
	at clojure.core$load$fn__6548.invoke(core.clj:6046)
	at clojure.core$load.invokeStatic(core.clj:6045)
	at clojure.core$load.doInvoke(core.clj:6029)
	at clojure.lang.RestFn.invoke(RestFn.java:408)
	at clojure.lang.Var.invoke(Var.java:381)
	at clojuretab.ClojureTab.loadProgram(ClojureTab.java:544)
	at clojuretab.ClojureActionButton.loadProgram(ClojureActionButton.java:130)
	at clojuretab.ClojureActionButton.setValues(ClojureActionButton.java:101)
	at edu.stanford.smi.protege.widget.AbstractSlotWidget.setWidgetValues(Unknown Source)
	at edu.stanford.smi.protege.widget.AbstractSlotWidget.loadValues(Unknown Source)
	at edu.stanford.smi.protege.widget.AbstractSlotWidget.setInstance(Unknown Source)
	at edu.stanford.smi.protege.widget.FormWidget.propagateSetInstanceToWidgets(Unknown Source)
	at edu.stanford.smi.protege.widget.FormWidget.setInstance(Unknown Source)
	at edu.stanford.smi.protege.model.Project.createRuntimeClsWidget(Unknown Source)
	at edu.stanford.smi.protege.model.Project.createRuntimeClsWidget(Unknown Source)
	at edu.stanford.smi.protege.model.Project.createRuntimeClsWidget(Unknown Source)
	at clojuretab.ClojureTab.setRightProgramComponent(ClojureTab.java:490)
	at clojuretab.ClojureTab.access$9(ClojureTab.java:486)
	at clojuretab.ClojureTab$11.valueChanged(ClojureTab.java:508)
	at java.desktop/javax.swing.JList.fireSelectionValueChanged(JList.java:1804)
	at java.desktop/javax.swing.JList$ListSelectionHandler.valueChanged(JList.java:1818)
	at java.desktop/javax.swing.DefaultListSelectionModel.fireValueChanged(DefaultListSelectionModel.java:219)
	at java.desktop/javax.swing.DefaultListSelectionModel.fireValueChanged(DefaultListSelectionModel.java:199)
	at java.desktop/javax.swing.DefaultListSelectionModel.fireValueChanged(DefaultListSelectionModel.java:246)
	at java.desktop/javax.swing.DefaultListSelectionModel.changeSelection(DefaultListSelectionModel.java:443)
	at java.desktop/javax.swing.DefaultListSelectionModel.changeSelection(DefaultListSelectionModel.java:453)
	at java.desktop/javax.swing.DefaultListSelectionModel.setSelectionInterval(DefaultListSelectionModel.java:497)
	at java.desktop/javax.swing.JList.setSelectedIndex(JList.java:2222)
	at clojuretab.ClojureTab.fillProgramList(ClojureTab.java:512)
	at clojuretab.ClojureTab.createProgramList(ClojureTab.java:517)
	at clojuretab.ClojureTab.initialize(ClojureTab.java:140)
	at edu.stanford.smi.protege.widget.WidgetUtilities.createTabWidget(Unknown Source)
	at edu.stanford.smi.protege.ui.ProjectView.addTab(Unknown Source)
	at edu.stanford.smi.protege.ui.ProjectView.createTabbedPane(Unknown Source)
	at edu.stanford.smi.protege.ui.ProjectView.<init>(Unknown Source)
	at edu.stanford.smi.protege.ui.ProjectManager.displayCurrentProject(Unknown Source)
	at edu.stanford.smi.protege.ui.ProjectManager.displayCurrentProject(Unknown Source)
	at edu.stanford.smi.protege.ui.ProjectManager.loadProject(Unknown Source)
	at edu.stanford.smi.protege.ui.WelcomeDialog.doOpenProject(Unknown Source)
	at edu.stanford.smi.protege.ui.WelcomeDialog.openButton_actionPerformed(Unknown Source)
	at edu.stanford.smi.protege.ui.WelcomeDialog$2.actionPerformed(Unknown Source)
	at java.desktop/javax.swing.AbstractButton.fireActionPerformed(AbstractButton.java:1967)
	at java.desktop/javax.swing.AbstractButton$Handler.actionPerformed(AbstractButton.java:2308)
	at java.desktop/javax.swing.DefaultButtonModel.fireActionPerformed(DefaultButtonModel.java:405)
	at java.desktop/javax.swing.DefaultButtonModel.setPressed(DefaultButtonModel.java:262)
	at java.desktop/javax.swing.plaf.basic.BasicButtonListener.mouseReleased(BasicButtonListener.java:270)
	at java.desktop/java.awt.AWTEventMulticaster.mouseReleased(AWTEventMulticaster.java:297)
	at java.desktop/java.awt.Component.processMouseEvent(Component.java:6589)
	at java.desktop/javax.swing.JComponent.processMouseEvent(JComponent.java:3342)
	at java.desktop/java.awt.Component.processEvent(Component.java:6354)
	at java.desktop/java.awt.Container.processEvent(Container.java:2261)
	at java.desktop/java.awt.Component.dispatchEventImpl(Component.java:4966)
	at java.desktop/java.awt.Container.dispatchEventImpl(Container.java:2319)
	at java.desktop/java.awt.Component.dispatchEvent(Component.java:4798)
	at java.desktop/java.awt.LightweightDispatcher.retargetMouseEvent(Container.java:4914)
	at java.desktop/java.awt.LightweightDispatcher.processMouseEvent(Container.java:4543)
	at java.desktop/java.awt.LightweightDispatcher.dispatchEvent(Container.java:4484)
	at java.desktop/java.awt.Container.dispatchEventImpl(Container.java:2305)
	at java.desktop/java.awt.Window.dispatchEventImpl(Window.java:2772)
	at java.desktop/java.awt.Component.dispatchEvent(Component.java:4798)
	at java.desktop/java.awt.EventQueue.dispatchEventImpl(EventQueue.java:772)
	at java.desktop/java.awt.EventQueue.access$600(EventQueue.java:97)
	at java.desktop/java.awt.EventQueue$4.run(EventQueue.java:721)
	at java.desktop/java.awt.EventQueue$4.run(EventQueue.java:715)
	at java.base/java.security.AccessController.doPrivileged(Native Method)
	at java.base/java.security.ProtectionDomain$JavaSecurityAccessImpl.doIntersectionPrivilege(ProtectionDomain.java:87)
	at java.base/java.security.ProtectionDomain$JavaSecurityAccessImpl.doIntersectionPrivilege(ProtectionDomain.java:97)
	at java.desktop/java.awt.EventQueue$5.run(EventQueue.java:745)
	at java.desktop/java.awt.EventQueue$5.run(EventQueue.java:743)
	at java.base/java.security.AccessController.doPrivileged(Native Method)
	at java.base/java.security.ProtectionDomain$JavaSecurityAccessImpl.doIntersectionPrivilege(ProtectionDomain.java:87)
	at java.desktop/java.awt.EventQueue.dispatchEvent(EventQueue.java:742)
	at java.desktop/java.awt.EventDispatchThread.pumpOneEventForFilters(EventDispatchThread.java:203)
	at java.desktop/java.awt.EventDispatchThread.pumpEventsForFilter(EventDispatchThread.java:124)
	at java.desktop/java.awt.EventDispatchThread.pumpEventsForFilter(EventDispatchThread.java:117)
	at java.desktop/java.awt.WaitDispatchSupport$2.run(WaitDispatchSupport.java:190)
	at java.desktop/java.awt.event.InvocationEvent.dispatch(InvocationEvent.java:313)
	at java.desktop/java.awt.EventQueue.dispatchEventImpl(EventQueue.java:770)
	at java.desktop/java.awt.EventQueue.access$600(EventQueue.java:97)
	at java.desktop/java.awt.EventQueue$4.run(EventQueue.java:721)
	at java.desktop/java.awt.EventQueue$4.run(EventQueue.java:715)
	at java.base/java.security.AccessController.doPrivileged(Native Method)
	at java.base/java.security.ProtectionDomain$JavaSecurityAccessImpl.doIntersectionPrivilege(ProtectionDomain.java:87)
	at java.desktop/java.awt.EventQueue.dispatchEvent(EventQueue.java:740)
	at java.desktop/java.awt.EventDispatchThread.pumpOneEventForFilters(EventDispatchThread.java:203)
	at java.desktop/java.awt.EventDispatchThread.pumpEventsForFilter(EventDispatchThread.java:124)
	at java.desktop/java.awt.EventDispatchThread.pumpEventsForHierarchy(EventDispatchThread.java:113)
	at java.desktop/java.awt.EventDispatchThread.pumpEvents(EventDispatchThread.java:109)
	at java.desktop/java.awt.EventDispatchThread.pumpEvents(EventDispatchThread.java:101)
	at java.desktop/java.awt.EventDispatchThread.run(EventDispatchThread.java:90)
Caused by: java.lang.ClassNotFoundException: javax.xml.bind.DatatypeConverter
	at java.base/java.net.URLClassLoader.findClass(URLClassLoader.java:466)
	at clojure.lang.DynamicClassLoader.findClass(DynamicClassLoader.java:69)
	at java.base/java.lang.ClassLoader.loadClass(ClassLoader.java:566)
	at clojure.lang.DynamicClassLoader.loadClass(DynamicClassLoader.java:77)
	at java.base/java.lang.ClassLoader.loadClass(ClassLoader.java:499)
	at java.base/java.lang.Class.forName0(Native Method)
	at java.base/java.lang.Class.forName(Class.java:374)
	at clojure.lang.RT.classForName(RT.java:2204)
	at clojure.lang.RT.classForNameNonLoading(RT.java:2217)
	at cljs.util$eval518$loading__6434__auto____519.invoke(util.cljc:9)
	at cljs.util$eval518.invokeStatic(util.cljc:9)
	at cljs.util$eval518.invoke(util.cljc:9)
	at clojure.lang.Compiler.eval(Compiler.java:7062)
	at clojure.lang.Compiler.eval(Compiler.java:7051)
	at clojure.lang.Compiler.load(Compiler.java:7514)
	... 150 more

2018.09.22 13:47:24.252 MSK SEVERE: null -- java.lang.ClassNotFoundException: javax.xml.bind.DatatypeConverter, compiling:(cljs/util.cljc:1:1)
	at clojure.lang.Compiler.load(Compiler.java:7526)
	at clojure.lang.RT.loadResourceScript(RT.java:379)
	at clojure.lang.RT.loadResourceScript(RT.java:370)
	at clojure.lang.RT.load(RT.java:460)
	at clojure.lang.RT.load(RT.java:426)
	at clojure.core$load$fn__6548.invoke(core.clj:6046)
	at clojure.core$load.invokeStatic(core.clj:6045)
	at clojure.core$load.doInvoke(core.clj:6029)
	at clojure.lang.RestFn.invoke(RestFn.java:408)
	at clojure.core$load_one.invokeStatic(core.clj:5848)
	at clojure.core$load_one.invoke(core.clj:5843)
	at clojure.core$load_lib$fn__6493.invoke(core.clj:5888)
	at clojure.core$load_lib.invokeStatic(core.clj:5887)
	at clojure.core$load_lib.doInvoke(core.clj:5868)
	at clojure.lang.RestFn.applyTo(RestFn.java:142)
	at clojure.core$apply.invokeStatic(core.clj:659)
	at clojure.core$load_libs.invokeStatic(core.clj:5925)
	at clojure.core$load_libs.doInvoke(core.clj:5909)
	at clojure.lang.RestFn.applyTo(RestFn.java:137)
	at clojure.core$apply.invokeStatic(core.clj:659)
	at clojure.core$require.invokeStatic(core.clj:5947)
	at clojure.core$require.doInvoke(core.clj:5947)
	at clojure.lang.RestFn.invoke(RestFn.java:703)
	at cljs.build.api$eval684$loading__6434__auto____685.invoke(api.clj:8)
	at cljs.build.api$eval684.invokeStatic(api.clj:8)
	at cljs.build.api$eval684.invoke(api.clj:8)
	at clojure.lang.Compiler.eval(Compiler.java:7062)
	at clojure.lang.Compiler.eval(Compiler.java:7051)
	at clojure.lang.Compiler.load(Compiler.java:7514)
	at clojure.lang.RT.loadResourceScript(RT.java:379)
	at clojure.lang.RT.loadResourceScript(RT.java:370)
	at clojure.lang.RT.load(RT.java:460)
	at clojure.lang.RT.load(RT.java:426)
	at clojure.core$load$fn__6548.invoke(core.clj:6046)
	at clojure.core$load.invokeStatic(core.clj:6045)
	at clojure.core$load.doInvoke(core.clj:6029)
	at clojure.lang.RestFn.invoke(RestFn.java:408)
	at clojure.core$load_one.invokeStatic(core.clj:5848)
	at clojure.core$load_one.invoke(core.clj:5843)
	at clojure.core$load_lib$fn__6493.invoke(core.clj:5888)
	at clojure.core$load_lib.invokeStatic(core.clj:5887)
	at clojure.core$load_lib.doInvoke(core.clj:5868)
	at clojure.lang.RestFn.applyTo(RestFn.java:142)
	at clojure.core$apply.invokeStatic(core.clj:659)
	at clojure.core$load_libs.invokeStatic(core.clj:5925)
	at clojure.core$load_libs.doInvoke(core.clj:5909)
	at clojure.lang.RestFn.applyTo(RestFn.java:137)
	at clojure.core$apply.invokeStatic(core.clj:659)
	at clojure.core$require.invokeStatic(core.clj:5947)
	at clojure.core$require.doInvoke(core.clj:5947)
	at clojure.lang.RestFn.invoke(RestFn.java:421)
	at cljs.compile$eval676$loading__6434__auto____677.invoke(compile.clj:1)
	at cljs.compile$eval676.invokeStatic(compile.clj:1)
	at cljs.compile$eval676.invoke(compile.clj:1)
	at clojure.lang.Compiler.eval(Compiler.java:7062)
	at clojure.lang.Compiler.eval(Compiler.java:7051)
	at clojure.lang.Compiler.load(Compiler.java:7514)
	at clojure.lang.RT.loadResourceScript(RT.java:379)
	at clojure.lang.RT.loadResourceScript(RT.java:370)
	at clojure.lang.RT.load(RT.java:460)
	at clojure.lang.RT.load(RT.java:426)
	at clojure.core$load$fn__6548.invoke(core.clj:6046)
	at clojure.core$load.invokeStatic(core.clj:6045)
	at clojure.core$load.doInvoke(core.clj:6029)
	at clojure.lang.RestFn.invoke(RestFn.java:408)
	at clojure.lang.Var.invoke(Var.java:381)
	at clojuretab.ClojureTab.loadProgram(ClojureTab.java:544)
	at clojuretab.ClojureActionButton.loadProgram(ClojureActionButton.java:130)
	at clojuretab.ClojureActionButton.setValues(ClojureActionButton.java:101)
	at edu.stanford.smi.protege.widget.AbstractSlotWidget.setWidgetValues(Unknown Source)
	at edu.stanford.smi.protege.widget.AbstractSlotWidget.loadValues(Unknown Source)
	at edu.stanford.smi.protege.widget.AbstractSlotWidget.setInstance(Unknown Source)
	at edu.stanford.smi.protege.widget.FormWidget.propagateSetInstanceToWidgets(Unknown Source)
	at edu.stanford.smi.protege.widget.FormWidget.setInstance(Unknown Source)
	at edu.stanford.smi.protege.model.Project.createRuntimeClsWidget(Unknown Source)
	at edu.stanford.smi.protege.model.Project.createRuntimeClsWidget(Unknown Source)
	at edu.stanford.smi.protege.model.Project.createRuntimeClsWidget(Unknown Source)
	at clojuretab.ClojureTab.setRightProgramComponent(ClojureTab.java:490)
	at clojuretab.ClojureTab.initialize(ClojureTab.java:142)
	at edu.stanford.smi.protege.widget.WidgetUtilities.createTabWidget(Unknown Source)
	at edu.stanford.smi.protege.ui.ProjectView.addTab(Unknown Source)
	at edu.stanford.smi.protege.ui.ProjectView.createTabbedPane(Unknown Source)
	at edu.stanford.smi.protege.ui.ProjectView.<init>(Unknown Source)
	at edu.stanford.smi.protege.ui.ProjectManager.displayCurrentProject(Unknown Source)
	at edu.stanford.smi.protege.ui.ProjectManager.displayCurrentProject(Unknown Source)
	at edu.stanford.smi.protege.ui.ProjectManager.loadProject(Unknown Source)
	at edu.stanford.smi.protege.ui.WelcomeDialog.doOpenProject(Unknown Source)
	at edu.stanford.smi.protege.ui.WelcomeDialog.openButton_actionPerformed(Unknown Source)
	at edu.stanford.smi.protege.ui.WelcomeDialog$2.actionPerformed(Unknown Source)
	at java.desktop/javax.swing.AbstractButton.fireActionPerformed(AbstractButton.java:1967)
	at java.desktop/javax.swing.AbstractButton$Handler.actionPerformed(AbstractButton.java:2308)
	at java.desktop/javax.swing.DefaultButtonModel.fireActionPerformed(DefaultButtonModel.java:405)
	at java.desktop/javax.swing.DefaultButtonModel.setPressed(DefaultButtonModel.java:262)
	at java.desktop/javax.swing.plaf.basic.BasicButtonListener.mouseReleased(BasicButtonListener.java:270)
	at java.desktop/java.awt.AWTEventMulticaster.mouseReleased(AWTEventMulticaster.java:297)
	at java.desktop/java.awt.Component.processMouseEvent(Component.java:6589)
	at java.desktop/javax.swing.JComponent.processMouseEvent(JComponent.java:3342)
	at java.desktop/java.awt.Component.processEvent(Component.java:6354)
	at java.desktop/java.awt.Container.processEvent(Container.java:2261)
	at java.desktop/java.awt.Component.dispatchEventImpl(Component.java:4966)
	at java.desktop/java.awt.Container.dispatchEventImpl(Container.java:2319)
	at java.desktop/java.awt.Component.dispatchEvent(Component.java:4798)
	at java.desktop/java.awt.LightweightDispatcher.retargetMouseEvent(Container.java:4914)
	at java.desktop/java.awt.LightweightDispatcher.processMouseEvent(Container.java:4543)
	at java.desktop/java.awt.LightweightDispatcher.dispatchEvent(Container.java:4484)
	at java.desktop/java.awt.Container.dispatchEventImpl(Container.java:2305)
	at java.desktop/java.awt.Window.dispatchEventImpl(Window.java:2772)
	at java.desktop/java.awt.Component.dispatchEvent(Component.java:4798)
	at java.desktop/java.awt.EventQueue.dispatchEventImpl(EventQueue.java:772)
	at java.desktop/java.awt.EventQueue.access$600(EventQueue.java:97)
	at java.desktop/java.awt.EventQueue$4.run(EventQueue.java:721)
	at java.desktop/java.awt.EventQueue$4.run(EventQueue.java:715)
	at java.base/java.security.AccessController.doPrivileged(Native Method)
	at java.base/java.security.ProtectionDomain$JavaSecurityAccessImpl.doIntersectionPrivilege(ProtectionDomain.java:87)
	at java.base/java.security.ProtectionDomain$JavaSecurityAccessImpl.doIntersectionPrivilege(ProtectionDomain.java:97)
	at java.desktop/java.awt.EventQueue$5.run(EventQueue.java:745)
	at java.desktop/java.awt.EventQueue$5.run(EventQueue.java:743)
	at java.base/java.security.AccessController.doPrivileged(Native Method)
	at java.base/java.security.ProtectionDomain$JavaSecurityAccessImpl.doIntersectionPrivilege(ProtectionDomain.java:87)
	at java.desktop/java.awt.EventQueue.dispatchEvent(EventQueue.java:742)
	at java.desktop/java.awt.EventDispatchThread.pumpOneEventForFilters(EventDispatchThread.java:203)
	at java.desktop/java.awt.EventDispatchThread.pumpEventsForFilter(EventDispatchThread.java:124)
	at java.desktop/java.awt.EventDispatchThread.pumpEventsForFilter(EventDispatchThread.java:117)
	at java.desktop/java.awt.WaitDispatchSupport$2.run(WaitDispatchSupport.java:190)
	at java.desktop/java.awt.event.InvocationEvent.dispatch(InvocationEvent.java:313)
	at java.desktop/java.awt.EventQueue.dispatchEventImpl(EventQueue.java:770)
	at java.desktop/java.awt.EventQueue.access$600(EventQueue.java:97)
	at java.desktop/java.awt.EventQueue$4.run(EventQueue.java:721)
	at java.desktop/java.awt.EventQueue$4.run(EventQueue.java:715)
	at java.base/java.security.AccessController.doPrivileged(Native Method)
	at java.base/java.security.ProtectionDomain$JavaSecurityAccessImpl.doIntersectionPrivilege(ProtectionDomain.java:87)
	at java.desktop/java.awt.EventQueue.dispatchEvent(EventQueue.java:740)
	at java.desktop/java.awt.EventDispatchThread.pumpOneEventForFilters(EventDispatchThread.java:203)
	at java.desktop/java.awt.EventDispatchThread.pumpEventsForFilter(EventDispatchThread.java:124)
	at java.desktop/java.awt.EventDispatchThread.pumpEventsForHierarchy(EventDispatchThread.java:113)
	at java.desktop/java.awt.EventDispatchThread.pumpEvents(EventDispatchThread.java:109)
	at java.desktop/java.awt.EventDispatchThread.pumpEvents(EventDispatchThread.java:101)
	at java.desktop/java.awt.EventDispatchThread.run(EventDispatchThread.java:90)
Caused by: java.lang.ClassNotFoundException: javax.xml.bind.DatatypeConverter
	at java.base/java.net.URLClassLoader.findClass(URLClassLoader.java:466)
	at clojure.lang.DynamicClassLoader.findClass(DynamicClassLoader.java:69)
	at java.base/java.lang.ClassLoader.loadClass(ClassLoader.java:566)
	at clojure.lang.DynamicClassLoader.loadClass(DynamicClassLoader.java:77)
	at java.base/java.lang.ClassLoader.loadClass(ClassLoader.java:499)
	at java.base/java.lang.Class.forName0(Native Method)
	at java.base/java.lang.Class.forName(Class.java:374)
	at clojure.lang.RT.classForName(RT.java:2204)
	at clojure.lang.RT.classForNameNonLoading(RT.java:2217)
	at cljs.util$eval690$loading__6434__auto____691.invoke(util.cljc:9)
	at cljs.util$eval690.invokeStatic(util.cljc:9)
	at cljs.util$eval690.invoke(util.cljc:9)
	at clojure.lang.Compiler.eval(Compiler.java:7062)
	at clojure.lang.Compiler.eval(Compiler.java:7051)
	at clojure.lang.Compiler.load(Compiler.java:7514)
	... 137 more

2018.09.22 13:47:27.218 MSK INFO: Load time for file:/home/ru/clojure/simpro-scene/pprj_examples/SailExpert.pprj = 3 sec (project) + 8 sec (ui) -- ProjectManager$3.run()
