2019.02.09 18:04:15.573 MSK INFO: *** SYSTEM START *** -- SystemUtilities.logSystemInfo()
2019.02.09 18:04:16.759 MSK CONFIG: Protege 3.5 Build 663, JVM 11.0.1+13-LTS, memory=2147M, Mac OS X, encoding=UTF-8, language=en, country=RU -- SystemUtilities.logSystemInfo()
2019.02.09 18:04:16.903 MSK WARNING: Plugins directory not found: /Users/ru/clojure/simpro-scene/plugins -- PluginUtilities.findPluginsDirectory()
2019.02.09 18:04:45.840 MSK WARNING: missing bundle: standard_extensions_text -- BundleHelper.<init>()
2019.02.09 18:04:45.918 MSK WARNING: no resource bundle: tab.queries -- BundleHelper.internalGetText()
2019.02.09 18:05:18.800 MSK WARNING: missing bundle: protege_text -- BundleHelper.<init>()
2019.02.09 18:06:07.902 MSK INFO: Load time for file:/Users/ru/clojure/simpro-scene/pprj_examples/SailExpert.pprj = 4 sec (project) + 33 sec (ui) -- ProjectManager$3.run()
2019.02.09 18:06:24.275 MSK SEVERE: null -- java.lang.ClassCastException: class clojure.lang.PersistentArrayMap cannot be cast to class java.lang.Comparable (clojure.lang.PersistentArrayMap is in unnamed module of loader 'app'; java.lang.Comparable is in module java.base of loader 'bootstrap')
	at clojure.lang.Util.compare(Util.java:153)
	at clojure.lang.RT$DefaultComparator.compare(RT.java:283)
	at clojure.lang.PersistentTreeMap.doCompare(PersistentTreeMap.java:330)
	at clojure.lang.PersistentTreeMap.add(PersistentTreeMap.java:343)
	at clojure.lang.PersistentTreeMap.assoc(PersistentTreeMap.java:128)
	at clojure.lang.PersistentTreeMap.assoc(PersistentTreeMap.java:26)
	at clojure.lang.APersistentMap.cons(APersistentMap.java:43)
	at clojure.lang.RT.conj(RT.java:673)
	at clojure.core$conj__5375.invokeStatic(core.clj:85)
	at clojure.core$merge$fn__5943.invoke(core.clj:3049)
	at clojure.core$reduce1.invokeStatic(core.clj:944)
	at clojure.core$reduce1.invokeStatic(core.clj:934)
	at clojure.core$merge.invokeStatic(core.clj:3048)
	at clojure.core$merge.doInvoke(core.clj:3041)
	at clojure.lang.RestFn.invoke(RestFn.java:421)
	at rete.core$to_funarg.invokeStatic(core.clj:52)
	at rete.core$to_funarg.invoke(core.clj:50)
	at rete.core$modify_fact.invokeStatic(core.clj:592)
	at rete.core$modify_fact.invoke(core.clj:586)
	at rete.core$modify.invokeStatic(core.clj:684)
	at rete.core$modify.doInvoke(core.clj:679)
	at clojure.lang.RestFn.invoke(RestFn.java:464)
	at clojure.core$eval13914$fn__13915.invoke(NO_SOURCE_FILE:0)
	at clojure.lang.AFn.applyToHelper(AFn.java:178)
	at clojure.lang.AFn.applyTo(AFn.java:144)
	at clojure.core$apply.invokeStatic(core.clj:665)
	at clojure.core$apply.invoke(core.clj:660)
	at rete.core$fire_resolved.invokeStatic(core.clj:653)
	at rete.core$fire_resolved.invoke(core.clj:644)
	at rete.core$fire.invokeStatic(core.clj:663)
	at rete.core$fire.invoke(core.clj:655)
	at rete.core$fire.invokeStatic(core.clj:659)
	at rete.core$fire.invoke(core.clj:655)
	at rete.core$run.invokeStatic(core.clj:844)
	at rete.core$run.invoke(core.clj:840)
	at rete.core$run_with.invokeStatic(core.clj:862)
	at rete.core$run_with.invoke(core.clj:848)
	at ru.rules$run_engine.invokeStatic(rules.clj:94)
	at ru.rules$run_engine.invoke(rules.clj:60)
	at ru.rules$run_engine.invokeStatic(rules.clj:66)
	at ru.rules$run_engine.invoke(rules.clj:60)
	at clojure.lang.Var.invoke(Var.java:384)
	at clojuretab.ClojureTab.invoke(ClojureTab.java:696)
	at menu.item$clojure_work.invokeStatic(item.clj:16)
	at menu.item$clojure_work.invoke(item.clj:5)
	at clojure.lang.Var.invoke(Var.java:380)
	at clojuretab.ClojureTab.invoke(ClojureTab.java:692)
	at clojuretab.MenuItemInserter$1.actionPerformed(MenuItemInserter.java:59)
	at java.desktop/javax.swing.AbstractButton.fireActionPerformed(AbstractButton.java:1967)
	at java.desktop/javax.swing.AbstractButton$Handler.actionPerformed(AbstractButton.java:2308)
	at java.desktop/javax.swing.DefaultButtonModel.fireActionPerformed(DefaultButtonModel.java:405)
	at java.desktop/javax.swing.DefaultButtonModel.setPressed(DefaultButtonModel.java:262)
	at java.desktop/javax.swing.AbstractButton.doClick(AbstractButton.java:369)
	at java.desktop/javax.swing.plaf.basic.BasicMenuItemUI.doClick(BasicMenuItemUI.java:1020)
	at java.desktop/com.apple.laf.AquaMenuItemUI.doClick(AquaMenuItemUI.java:157)
	at java.desktop/javax.swing.plaf.basic.BasicMenuItemUI$Handler.mouseReleased(BasicMenuItemUI.java:1064)
	at java.desktop/java.awt.Component.processMouseEvent(Component.java:6632)
	at java.desktop/javax.swing.JComponent.processMouseEvent(JComponent.java:3342)
	at java.desktop/java.awt.Component.processEvent(Component.java:6397)
	at java.desktop/java.awt.Container.processEvent(Container.java:2263)
	at java.desktop/java.awt.Component.dispatchEventImpl(Component.java:5008)
	at java.desktop/java.awt.Container.dispatchEventImpl(Container.java:2321)
	at java.desktop/java.awt.Component.dispatchEvent(Component.java:4840)
	at java.desktop/java.awt.LightweightDispatcher.retargetMouseEvent(Container.java:4918)
	at java.desktop/java.awt.LightweightDispatcher.processMouseEvent(Container.java:4547)
	at java.desktop/java.awt.LightweightDispatcher.dispatchEvent(Container.java:4488)
	at java.desktop/java.awt.Container.dispatchEventImpl(Container.java:2307)
	at java.desktop/java.awt.Window.dispatchEventImpl(Window.java:2772)
	at java.desktop/java.awt.Component.dispatchEvent(Component.java:4840)
	at java.desktop/java.awt.EventQueue.dispatchEventImpl(EventQueue.java:772)
	at java.desktop/java.awt.EventQueue$4.run(EventQueue.java:721)
	at java.desktop/java.awt.EventQueue$4.run(EventQueue.java:715)
	at java.base/java.security.AccessController.doPrivileged(Native Method)
	at java.base/java.security.ProtectionDomain$JavaSecurityAccessImpl.doIntersectionPrivilege(ProtectionDomain.java:85)
	at java.base/java.security.ProtectionDomain$JavaSecurityAccessImpl.doIntersectionPrivilege(ProtectionDomain.java:95)
	at java.desktop/java.awt.EventQueue$5.run(EventQueue.java:745)
	at java.desktop/java.awt.EventQueue$5.run(EventQueue.java:743)
	at java.base/java.security.AccessController.doPrivileged(Native Method)
	at java.base/java.security.ProtectionDomain$JavaSecurityAccessImpl.doIntersectionPrivilege(ProtectionDomain.java:85)
	at java.desktop/java.awt.EventQueue.dispatchEvent(EventQueue.java:742)
	at java.desktop/java.awt.EventDispatchThread.pumpOneEventForFilters(EventDispatchThread.java:203)
	at java.desktop/java.awt.EventDispatchThread.pumpEventsForFilter(EventDispatchThread.java:124)
	at java.desktop/java.awt.EventDispatchThread.pumpEventsForHierarchy(EventDispatchThread.java:113)
	at java.desktop/java.awt.EventDispatchThread.pumpEvents(EventDispatchThread.java:109)
	at java.desktop/java.awt.EventDispatchThread.pumpEvents(EventDispatchThread.java:101)
	at java.desktop/java.awt.EventDispatchThread.run(EventDispatchThread.java:90)

2019.02.09 18:08:20.902 MSK INFO: Project load time for file:/Users/ru/clojure/simpro-scene/pprj_base/RuleEngine.pprj: 0 sec -- ProjectChooser.loadProject()
2019.02.09 18:08:21.135 MSK INFO: UI display time = 0 sec -- ProjectManager$2.run()
