2018.01.31 18:43:44.622 MSK INFO: *** SYSTEM START *** -- SystemUtilities.logSystemInfo()
2018.01.31 18:43:44.627 MSK CONFIG: Protege 3.5 Build 663, JVM 1.8.0_31-b13, memory=1908M, Mac OS X, encoding=UTF-8, language=en, country=US -- SystemUtilities.logSystemInfo()
2018.01.31 18:43:44.896 MSK CONFIG: Loaded plugin clojuretab -- PluginUtilities.logClassLoaderInformation()
2018.01.31 18:43:44.898 MSK CONFIG: Loaded plugin edu.stanford.smi.protegex.standard_extensions - Graph Widget, Table Widget -- PluginUtilities.logClassLoaderInformation()
2018.01.31 18:43:44.931 MSK CONFIG: Loaded plugin ru.igis.omtab -- PluginUtilities.logClassLoaderInformation()
2018.01.31 18:43:45.934 MSK WARNING: missing bundle: protege_text -- BundleHelper.<init>()
2018.01.31 18:43:51.767 MSK INFO: Loaded 5000 instances: ScenarioN_ProjectKB_Class72402 -- Parser.getInstance()
2018.01.31 18:43:51.771 MSK INFO: Loaded 6000 instances: ScenarioN_ProjectKB_Class83402 -- Parser.getInstance()
2018.01.31 18:43:51.788 MSK INFO: Set type on 5000 instances: ScenarioN_ProjectKB_Class83072 -- Parser.getInstance()
2018.01.31 18:43:51.804 MSK INFO: Set type on 6000 instances: ScenarioN_ProjectKB_Class84072 -- Parser.getInstance()
2018.01.31 18:43:55.400 MSK INFO: Load time for file:/Users/ru/clojure/simpro-scene/pprj_base/Cezium.pprj = 2 sec (project) + 1 sec (ui) -- ProjectManager$3.run()
2018.01.31 18:44:01.235 MSK SEVERE: null -- clojure.lang.ExceptionInfo: failed compiling file:resources/public/js/out/ajax/transit.cljc {:file #object[java.io.File 0x3ec75814 "resources/public/js/out/ajax/transit.cljc"]}
	at clojure.core$ex_info.invokeStatic(core.clj:4617)
	at cljs.compiler$compile_file$fn__3296.invoke(compiler.cljc:1432)
	at cljs.compiler$compile_file.invokeStatic(compiler.cljc:1401)
	at cljs.closure$compile_file.invokeStatic(closure.clj:481)
	at cljs.closure$fn__4367.invokeStatic(closure.clj:550)
	at cljs.closure$fn__4367.invoke(closure.clj:546)
	at cljs.closure$fn__4309$G__4302__4316.invoke(closure.clj:436)
	at cljs.closure$compile_from_jar.invokeStatic(closure.clj:534)
	at cljs.closure$fn__4371.invokeStatic(closure.clj:561)
	at cljs.closure$fn__4371.invoke(closure.clj:546)
	at cljs.closure$fn__4309$G__4302__4316.invoke(closure.clj:436)
	at cljs.closure$compile_sources$iter__4493__4497$fn__4498.invoke(closure.clj:900)
	at clojure.lang.LazySeq.sval(LazySeq.java:40)
	at clojure.lang.LazySeq.seq(LazySeq.java:49)
	at clojure.lang.Cons.next(Cons.java:39)
	at clojure.lang.RT.next(RT.java:688)
	at clojure.core$next__4341.invokeStatic(core.clj:64)
	at clojure.core$dorun.invokeStatic(core.clj:3033)
	at clojure.core$doall.invokeStatic(core.clj:3039)
	at cljs.closure$compile_sources.invokeStatic(closure.clj:895)
	at cljs.closure$build.invokeStatic(closure.clj:2117)
	at cljs.build.api$build.invokeStatic(api.clj:205)
	at cljs.build.api$build.invoke(api.clj:193)
	at cljs.build.api$build.invokeStatic(api.clj:196)
	at cljs.build.api$build.invoke(api.clj:193)
	at cljs.compile$build.invokeStatic(compile.clj:70)
	at cljs.compile$build.invoke(compile.clj:43)
	at clojure.lang.Var.invoke(Var.java:383)
	at clojuretab.ClojureTab.invoke(ClojureTab.java:700)
	at clojuretab.ClojureActionButton$1.actionPerformed(ClojureActionButton.java:53)
	at javax.swing.AbstractButton.fireActionPerformed(AbstractButton.java:2022)
	at javax.swing.AbstractButton$Handler.actionPerformed(AbstractButton.java:2346)
	at javax.swing.DefaultButtonModel.fireActionPerformed(DefaultButtonModel.java:402)
	at javax.swing.DefaultButtonModel.setPressed(DefaultButtonModel.java:259)
	at javax.swing.plaf.basic.BasicButtonListener.mouseReleased(BasicButtonListener.java:252)
	at java.awt.Component.processMouseEvent(Component.java:6525)
	at javax.swing.JComponent.processMouseEvent(JComponent.java:3322)
	at java.awt.Component.processEvent(Component.java:6290)
	at java.awt.Container.processEvent(Container.java:2234)
	at java.awt.Component.dispatchEventImpl(Component.java:4881)
	at java.awt.Container.dispatchEventImpl(Container.java:2292)
	at java.awt.Component.dispatchEvent(Component.java:4703)
	at java.awt.LightweightDispatcher.retargetMouseEvent(Container.java:4898)
	at java.awt.LightweightDispatcher.processMouseEvent(Container.java:4533)
	at java.awt.LightweightDispatcher.dispatchEvent(Container.java:4462)
	at java.awt.Container.dispatchEventImpl(Container.java:2278)
	at java.awt.Window.dispatchEventImpl(Window.java:2739)
	at java.awt.Component.dispatchEvent(Component.java:4703)
	at java.awt.EventQueue.dispatchEventImpl(EventQueue.java:751)
	at java.awt.EventQueue.access$500(EventQueue.java:97)
	at java.awt.EventQueue$3.run(EventQueue.java:702)
	at java.awt.EventQueue$3.run(EventQueue.java:696)
	at java.security.AccessController.doPrivileged(Native Method)
	at java.security.ProtectionDomain$1.doIntersectionPrivilege(ProtectionDomain.java:75)
	at java.security.ProtectionDomain$1.doIntersectionPrivilege(ProtectionDomain.java:86)
	at java.awt.EventQueue$4.run(EventQueue.java:724)
	at java.awt.EventQueue$4.run(EventQueue.java:722)
	at java.security.AccessController.doPrivileged(Native Method)
	at java.security.ProtectionDomain$1.doIntersectionPrivilege(ProtectionDomain.java:75)
	at java.awt.EventQueue.dispatchEvent(EventQueue.java:721)
	at java.awt.EventDispatchThread.pumpOneEventForFilters(EventDispatchThread.java:201)
	at java.awt.EventDispatchThread.pumpEventsForFilter(EventDispatchThread.java:116)
	at java.awt.EventDispatchThread.pumpEventsForHierarchy(EventDispatchThread.java:105)
	at java.awt.EventDispatchThread.pumpEvents(EventDispatchThread.java:101)
	at java.awt.EventDispatchThread.pumpEvents(EventDispatchThread.java:93)
	at java.awt.EventDispatchThread.run(EventDispatchThread.java:82)
Caused by: clojure.lang.ExceptionInfo: No such namespace: cognitect.transit, could not locate cognitect/transit.cljs, cognitect/transit.cljc, or Closure namespace "cognitect.transit" in file resources/public/js/out/ajax/transit.cljc {:tag :cljs/analysis-error}
	at clojure.core$ex_info.invokeStatic(core.clj:4617)
	at cljs.analyzer$error.invokeStatic(analyzer.cljc:641)
	at cljs.analyzer$error.invoke(analyzer.cljc:641)
	at cljs.analyzer$error.invokeStatic(analyzer.cljc:643)
	at cljs.analyzer$analyze_deps.invokeStatic(analyzer.cljc:1887)
	at cljs.analyzer$ns_side_effects.invokeStatic(analyzer.cljc:3125)
	at cljs.analyzer$ns_side_effects.invoke(analyzer.cljc:3119)
	at cljs.analyzer$analyze_STAR_$fn__2163.invoke(analyzer.cljc:3216)
	at clojure.lang.PersistentVector.reduce(PersistentVector.java:341)
	at clojure.core$reduce.invokeStatic(core.clj:6544)
	at cljs.analyzer$analyze_STAR_.invokeStatic(analyzer.cljc:3213)
	at cljs.analyzer$analyze.invokeStatic(analyzer.cljc:3233)
	at cljs.compiler$emit_source.invokeStatic(compiler.cljc:1270)
	at cljs.compiler$compile_file_STAR_$fn__3273.invoke(compiler.cljc:1343)
	at cljs.compiler$with_core_cljs.invokeStatic(compiler.cljc:1171)
	at cljs.compiler$compile_file_STAR_.invokeStatic(compiler.cljc:1334)
	at cljs.compiler$compile_file$fn__3296.invoke(compiler.cljc:1422)
	... 64 more

