2017.10.23 11:31:36.077 MSK INFO: *** SYSTEM START *** -- SystemUtilities.logSystemInfo()
2017.10.23 11:31:36.102 MSK CONFIG: Protege 3.5 Build 663, JVM 1.8.0_31-b13, memory=1908M, Mac OS X, encoding=UTF-8, language=en, country=US -- SystemUtilities.logSystemInfo()
2017.10.23 11:31:37.299 MSK CONFIG: Loaded plugin clojuretab -- PluginUtilities.logClassLoaderInformation()
2017.10.23 11:31:37.357 MSK CONFIG: Loaded plugin edu.stanford.smi.protegex.standard_extensions - Graph Widget, Table Widget -- PluginUtilities.logClassLoaderInformation()
2017.10.23 11:31:37.577 MSK CONFIG: Loaded plugin ru.igis.omtab -- PluginUtilities.logClassLoaderInformation()
2017.10.23 11:31:40.074 MSK WARNING: missing bundle: protege_text -- BundleHelper.<init>()
2017.10.23 11:31:50.641 MSK INFO: Loaded 5000 instances: ScenarioN_ProjectKB_Class82876 -- Parser.getInstance()
2017.10.23 11:31:50.646 MSK INFO: Loaded 6000 instances: ScenarioN_ProjectKB_Class83876 -- Parser.getInstance()
2017.10.23 11:31:50.665 MSK INFO: Set type on 5000 instances: ScenarioN_ProjectKB_Class83370 -- Parser.getInstance()
2017.10.23 11:31:55.005 MSK INFO: Load time for file:/Users/ru/clojure/simpro-scene/pprj_examples/Sea.pprj = 2 sec (project) + 2 sec (ui) -- ProjectManager$3.run()
2017.10.23 11:42:30.415 MSK INFO: Loaded 5000 instances: ScenarioN_ProjectKB_Class82876 -- Parser.getInstance()
2017.10.23 11:42:30.420 MSK INFO: Loaded 6000 instances: ScenarioN_ProjectKB_Class83876 -- Parser.getInstance()
2017.10.23 11:42:30.440 MSK INFO: Set type on 5000 instances: ScenarioN_ProjectKB_Class83370 -- Parser.getInstance()
2017.10.23 11:42:31.143 MSK INFO: Project load time for file:/Users/ru/clojure/simpro-scene/pprj_base/Scenario.pprj: 0 sec -- ProjectChooser.loadProject()
2017.10.23 11:42:31.602 MSK INFO: UI display time = 0 sec -- ProjectManager$2.run()
2017.10.23 11:46:36.894 MSK INFO: Loaded 5000 instances: ScenarioN_ProjectKB_Class82850 -- Parser.getInstance()
2017.10.23 11:46:36.899 MSK INFO: Loaded 6000 instances: ScenarioN_ProjectKB_Class83850 -- Parser.getInstance()
2017.10.23 11:46:36.918 MSK INFO: Set type on 5000 instances: ScenarioN_ProjectKB_Class83350 -- Parser.getInstance()
2017.10.23 11:46:38.412 MSK INFO: Project load time for file:/Users/ru/clojure/simpro-scene/pprj_examples/Sea.pprj: 1 sec -- ProjectChooser.loadProject()
2017.10.23 11:46:38.823 MSK INFO: UI display time = 0 sec -- ProjectManager$2.run()
