2018.08.02 18:15:16.291 MSK INFO: *** SYSTEM START *** -- SystemUtilities.logSystemInfo()
2018.08.02 18:15:16.294 MSK CONFIG: Protege 3.5 Build 663, JVM 1.8.0_31-b13, memory=1908M, Mac OS X, encoding=UTF-8, language=en, country=US -- SystemUtilities.logSystemInfo()
2018.08.02 18:15:16.296 MSK WARNING: Plugins directory not found: /Users/ru/clojure/simpro-scene/plugins -- PluginUtilities.findPluginsDirectory()
2018.08.02 18:15:18.832 MSK WARNING: missing bundle: protege_text -- BundleHelper.<init>()
2018.08.02 18:15:23.129 MSK WARNING: missing bundle: standard_extensions_text -- BundleHelper.<init>()
2018.08.02 18:15:23.129 MSK WARNING: no resource bundle: tab.queries -- BundleHelper.internalGetText()
2018.08.02 18:15:24.806 MSK INFO: Load time for file:/Users/ru/clojure/simpro-scene/pprj_examples/RasterToVector.pprj = 0 sec (project) + 1 sec (ui) -- ProjectManager$3.run()
2018.08.02 18:19:49.639 MSK SEVERE: null -- java.lang.ClassCastException: clojure.lang.Symbol cannot be cast to clojure.lang.Keyword
	at clojure.lang.Keyword.compareTo(Keyword.java:114)
	at clojure.lang.Util.compare(Util.java:153)
	at clojure.lang.RT$DefaultComparator.compare(RT.java:281)
	at clojure.lang.PersistentTreeMap.doCompare(PersistentTreeMap.java:327)
	at clojure.lang.PersistentTreeMap.add(PersistentTreeMap.java:338)
	at clojure.lang.PersistentTreeMap.assoc(PersistentTreeMap.java:125)
	at clojure.lang.PersistentTreeMap.assoc(PersistentTreeMap.java:25)
	at clojure.lang.APersistentMap.cons(APersistentMap.java:43)
	at clojure.lang.RT.conj(RT.java:670)
	at clojure.core$conj__5112.invokeStatic(core.clj:85)
	at clojure.core$merge$fn__5679.invoke(core.clj:3041)
	at clojure.core$reduce1.invokeStatic(core.clj:936)
	at clojure.core$reduce1.invokeStatic(core.clj:926)
	at clojure.core$merge.invokeStatic(core.clj:3040)
	at clojure.core$merge.doInvoke(core.clj:3033)
	at clojure.lang.RestFn.invoke(RestFn.java:421)
	at rete.core$to_funarg.invokeStatic(core.clj:52)
	at rete.core$to_funarg.invoke(core.clj:50)
	at rete.core$mk_funarg.invokeStatic(core.clj:98)
	at rete.core$mk_funarg.invoke(core.clj:93)
	at rete.core$mk_pattern_and_test.invokeStatic(core.clj:214)
	at rete.core$mk_pattern_and_test.invoke(core.clj:198)
	at clojure.core$map$fn__5587.invoke(core.clj:2747)
	at clojure.lang.LazySeq.sval(LazySeq.java:40)
	at clojure.lang.LazySeq.seq(LazySeq.java:49)
	at clojure.lang.LazySeq.next(LazySeq.java:78)
	at clojure.lang.RT.next(RT.java:706)
	at clojure.core$next__5108.invokeStatic(core.clj:64)
	at clojure.core$butlast__5152.invokeStatic(core.clj:279)
	at clojure.core$butlast__5152.invoke(core.clj:277)
	at rete.core$beta_net_plan.invokeStatic(core.clj:249)
	at rete.core$beta_net_plan.invoke(core.clj:231)
	at rete.core$beta_net_plan$fn__137.invoke(core.clj:239)
	at clojure.core$map$fn__5587.invoke(core.clj:2747)
	at clojure.lang.LazySeq.sval(LazySeq.java:40)
	at clojure.lang.LazySeq.seq(LazySeq.java:49)
	at clojure.lang.RT.seq(RT.java:528)
	at clojure.core$seq__5124.invokeStatic(core.clj:137)
	at clojure.core$apply.invokeStatic(core.clj:652)
	at clojure.core$mapcat.invokeStatic(core.clj:2775)
	at clojure.core$mapcat.doInvoke(core.clj:2775)
	at clojure.lang.RestFn.invoke(RestFn.java:423)
	at rete.core$beta_net_plan.invokeStatic(core.clj:238)
	at rete.core$beta_net_plan.invoke(core.clj:231)
	at rete.core$create_rete.invokeStatic(core.clj:314)
	at rete.core$create_rete.invoke(core.clj:299)
	at rete.core$run_with.invokeStatic(core.clj:857)
	at rete.core$run_with.invoke(core.clj:848)
	at ru.rules$run_engine.invokeStatic(rules.clj:94)
	at ru.rules$run_engine.invoke(rules.clj:60)
	at ru.rules$run_engine.invokeStatic(rules.clj:78)
	at ru.rules$run_engine.invoke(rules.clj:60)
	at clojure.lang.Var.invoke(Var.java:385)
	at clojuretab.ClojureTab.invoke(ClojureTab.java:700)
	at clojuretab.ClojureActionButton$1.actionPerformed(ClojureActionButton.java:53)
	at javax.swing.AbstractButton.fireActionPerformed(AbstractButton.java:2022)
	at javax.swing.AbstractButton$Handler.actionPerformed(AbstractButton.java:2346)
	at javax.swing.DefaultButtonModel.fireActionPerformed(DefaultButtonModel.java:402)
	at javax.swing.DefaultButtonModel.setPressed(DefaultButtonModel.java:259)
	at javax.swing.plaf.basic.BasicButtonListener.mouseReleased(BasicButtonListener.java:252)
	at java.awt.Component.processMouseEvent(Component.java:6525)
	at javax.swing.JComponent.processMouseEvent(JComponent.java:3322)
	at java.awt.Component.processEvent(Component.java:6290)
	at java.awt.Container.processEvent(Container.java:2234)
	at java.awt.Component.dispatchEventImpl(Component.java:4881)
	at java.awt.Container.dispatchEventImpl(Container.java:2292)
	at java.awt.Component.dispatchEvent(Component.java:4703)
	at java.awt.LightweightDispatcher.retargetMouseEvent(Container.java:4898)
	at java.awt.LightweightDispatcher.processMouseEvent(Container.java:4533)
	at java.awt.LightweightDispatcher.dispatchEvent(Container.java:4462)
	at java.awt.Container.dispatchEventImpl(Container.java:2278)
	at java.awt.Window.dispatchEventImpl(Window.java:2739)
	at java.awt.Component.dispatchEvent(Component.java:4703)
	at java.awt.EventQueue.dispatchEventImpl(EventQueue.java:751)
	at java.awt.EventQueue.access$500(EventQueue.java:97)
	at java.awt.EventQueue$3.run(EventQueue.java:702)
	at java.awt.EventQueue$3.run(EventQueue.java:696)
	at java.security.AccessController.doPrivileged(Native Method)
	at java.security.ProtectionDomain$1.doIntersectionPrivilege(ProtectionDomain.java:75)
	at java.security.ProtectionDomain$1.doIntersectionPrivilege(ProtectionDomain.java:86)
	at java.awt.EventQueue$4.run(EventQueue.java:724)
	at java.awt.EventQueue$4.run(EventQueue.java:722)
	at java.security.AccessController.doPrivileged(Native Method)
	at java.security.ProtectionDomain$1.doIntersectionPrivilege(ProtectionDomain.java:75)
	at java.awt.EventQueue.dispatchEvent(EventQueue.java:721)
	at java.awt.EventDispatchThread.pumpOneEventForFilters(EventDispatchThread.java:201)
	at java.awt.EventDispatchThread.pumpEventsForFilter(EventDispatchThread.java:116)
	at java.awt.EventDispatchThread.pumpEventsForHierarchy(EventDispatchThread.java:105)
	at java.awt.EventDispatchThread.pumpEvents(EventDispatchThread.java:101)
	at java.awt.EventDispatchThread.pumpEvents(EventDispatchThread.java:93)
	at java.awt.EventDispatchThread.run(EventDispatchThread.java:82)

