2018.01.11 16:02:06.505 MSK INFO: *** SYSTEM START *** -- SystemUtilities.logSystemInfo()
2018.01.11 16:02:06.529 MSK CONFIG: Protege 3.5 Build 663, JVM 1.8.0_31-b13, memory=1908M, Mac OS X, encoding=UTF-8, language=en, country=US -- SystemUtilities.logSystemInfo()
2018.01.11 16:02:07.904 MSK CONFIG: Loaded plugin clojuretab -- PluginUtilities.logClassLoaderInformation()
2018.01.11 16:02:07.950 MSK CONFIG: Loaded plugin edu.stanford.smi.protegex.standard_extensions - Graph Widget, Table Widget -- PluginUtilities.logClassLoaderInformation()
2018.01.11 16:02:08.138 MSK CONFIG: Loaded plugin ru.igis.omtab -- PluginUtilities.logClassLoaderInformation()
2018.01.11 16:02:12.605 MSK WARNING: missing bundle: protege_text -- BundleHelper.<init>()
2018.01.11 16:02:43.350 MSK SEVERE: Unable to load project from: file:/home/ta/clojure/simpro-scene/pprj_base/Scenario.pprj -- Project.getProjectInstancesReader()
2018.01.11 16:02:43.360 MSK WARNING: Unable to load prj:file:/home/ta/clojure/simpro-scene/pprj_base/Scenario.pprj -- Project.includeDomainKB()
2018.01.11 16:02:43.392 MSK WARNING: Unable to find child FrameStore: file:/home/ta/clojure/simpro-scene/pprj_base/Scenario.pprj -- MergingNarrowFrameStore.addActiveFrameStore()
2018.01.11 16:02:43.394 MSK SEVERE: non-existent slot: butt-load-progs -- Parser.recordError()
2018.01.11 16:02:43.394 MSK SEVERE: non-existent slot: cloPrograms -- Parser.recordError()
2018.01.11 16:02:43.394 MSK SEVERE: non-existent slot: title -- Parser.recordError()
2018.01.11 16:02:43.394 MSK SEVERE: non-existent slot: source -- Parser.recordError()
2018.01.11 16:02:43.395 MSK SEVERE: non-existent slot: butt-ass-inss -- Parser.recordError()
2018.01.11 16:02:43.395 MSK SEVERE: non-existent slot: butt-fire -- Parser.recordError()
2018.01.11 16:02:43.396 MSK SEVERE: non-existent slot: butt-run -- Parser.recordError()
2018.01.11 16:02:43.397 MSK SEVERE: non-existent slot: butt-step -- Parser.recordError()
2018.01.11 16:02:43.397 MSK SEVERE: non-existent slot: mode -- Parser.recordError()
2018.01.11 16:02:43.397 MSK SEVERE: non-existent slot: rule-sets -- Parser.recordError()
2018.01.11 16:02:43.397 MSK SEVERE: non-existent slot: steps -- Parser.recordError()
2018.01.11 16:02:43.398 MSK SEVERE: non-existent slot: components -- Parser.recordError()
2018.01.11 16:02:43.398 MSK SEVERE: non-existent slot: Debug -- Parser.recordError()
2018.01.11 16:02:43.398 MSK SEVERE: non-existent slot: label -- Parser.recordError()
2018.01.11 16:02:43.398 MSK SEVERE: non-existent slot: Latitude -- Parser.recordError()
2018.01.11 16:02:43.399 MSK SEVERE: non-existent slot: layers -- Parser.recordError()
2018.01.11 16:02:43.399 MSK SEVERE: non-existent slot: Longitude -- Parser.recordError()
2018.01.11 16:02:43.399 MSK SEVERE: non-existent slot: Scale -- Parser.recordError()
2018.01.11 16:02:43.399 MSK SEVERE: non-existent slot: startUpLayers -- Parser.recordError()
2018.01.11 16:02:43.399 MSK SEVERE: non-existent slot: but-deep-copy -- Parser.recordError()
2018.01.11 16:02:43.399 MSK SEVERE: non-existent slot: but-del-fil -- Parser.recordError()
2018.01.11 16:02:43.399 MSK SEVERE: non-existent slot: but-del-unref -- Parser.recordError()
2018.01.11 16:02:43.400 MSK SEVERE: non-existent slot: but-find-unref -- Parser.recordError()
2018.01.11 16:02:43.400 MSK SEVERE: non-existent slot: but-load-prj -- Parser.recordError()
2018.01.11 16:02:43.400 MSK SEVERE: non-existent slot: but-shal-copy -- Parser.recordError()
2018.01.11 16:02:43.400 MSK SEVERE: non-existent slot: source-project -- Parser.recordError()
2018.01.11 16:02:43.400 MSK SEVERE: non-existent slot: cloFunctions -- Parser.recordError()
2018.01.11 16:02:43.400 MSK SEVERE: non-existent slot: cloNamespace -- Parser.recordError()
2018.01.11 16:02:43.401 MSK SEVERE: non-existent slot: cloVars -- Parser.recordError()
2018.01.11 16:02:43.401 MSK SEVERE: Undefined class: CloFuncall found while loading instances -- Parser.recordError()
2018.01.11 16:02:43.401 MSK SEVERE: Undefined class: ShareOnto found while loading instances -- Parser.recordError()
2018.01.11 16:02:43.401 MSK SEVERE: Undefined class: CloVar found while loading instances -- Parser.recordError()
2018.01.11 16:02:43.401 MSK SEVERE: Undefined class: Openmap found while loading instances -- Parser.recordError()
2018.01.11 16:02:43.402 MSK SEVERE: Undefined class: WorkingPrograms found while loading instances -- Parser.recordError()
2018.01.11 16:02:43.402 MSK SEVERE: Undefined class: CloFunction found while loading instances -- Parser.recordError()
2018.01.11 16:02:43.402 MSK SEVERE: Undefined class: Run found while loading instances -- Parser.recordError()
2018.01.11 16:02:43.402 MSK SEVERE: Undefined class: CloNamespace found while loading instances -- Parser.recordError()
2018.01.11 16:02:43.402 MSK SEVERE: Undefined class: CloProgram found while loading instances -- Parser.recordError()
2018.01.11 16:02:43.402 MSK SEVERE: Undefined instance: ScenarioN_Class510000 -- Parser.recordError()
2018.01.11 16:02:43.402 MSK SEVERE: Undefined instance: igis_Class15 -- Parser.recordError()
2018.01.11 16:02:43.402 MSK SEVERE: Undefined instance: igis_Class14 -- Parser.recordError()
2018.01.11 16:02:43.403 MSK SEVERE: Undefined instance: igis_Class12 -- Parser.recordError()
2018.01.11 16:02:43.403 MSK SEVERE: Undefined instance: ScenarioN_Class550020 -- Parser.recordError()
2018.01.11 16:02:43.403 MSK SEVERE: Undefined instance: igis_Class30 -- Parser.recordError()
2018.01.11 16:02:43.403 MSK SEVERE: Undefined instance: Scenario_Class250011 -- Parser.recordError()
2018.01.11 16:02:43.403 MSK SEVERE: Undefined instance: igis_Class19 -- Parser.recordError()
2018.01.11 16:02:43.403 MSK SEVERE: Undefined instance: igis_Class40012 -- Parser.recordError()
2018.01.11 16:02:43.403 MSK SEVERE: Undefined instance: igis_Class18 -- Parser.recordError()
2018.01.11 16:02:43.403 MSK SEVERE: Undefined instance: igis_Class17 -- Parser.recordError()
2018.01.11 16:02:43.403 MSK SEVERE: Undefined instance: Scenario_Class3 -- Parser.recordError()
2018.01.11 16:02:43.404 MSK SEVERE: Undefined instance: Scenario_Class17 -- Parser.recordError()
2018.01.11 16:02:43.404 MSK SEVERE: Undefined instance: igis_Class16 -- Parser.recordError()
2018.01.11 16:02:43.404 MSK SEVERE: Undefined instance: igis_Class40011 -- Parser.recordError()
2018.01.11 16:02:43.404 MSK SEVERE: Undefined instance: Scenario_Class100006 -- Parser.recordError()
2018.01.11 16:02:43.404 MSK SEVERE: Undefined instance: Scenario_Class220003 -- Parser.recordError()
2018.01.11 16:02:43.404 MSK SEVERE: Undefined instance: Clojure_Class10000 -- Parser.recordError()
2018.01.11 16:02:43.404 MSK SEVERE: Undefined instance: igis_Class26 -- Parser.recordError()
2018.01.11 16:02:43.404 MSK SEVERE: Undefined instance: igis_Class25 -- Parser.recordError()
2018.01.11 16:02:43.404 MSK SEVERE: Undefined instance: igis_Class3 -- Parser.recordError()
2018.01.11 16:02:43.405 MSK SEVERE: Undefined instance: igis_Class4 -- Parser.recordError()
2018.01.11 16:02:43.405 MSK SEVERE: Undefined instance: igis_Class22 -- Parser.recordError()
2018.01.11 16:02:43.405 MSK SEVERE: Undefined instance: igis_Class1 -- Parser.recordError()
2018.01.11 16:02:43.405 MSK SEVERE: Undefined instance: ScenarioN_Class550030 -- Parser.recordError()
2018.01.11 16:02:43.405 MSK SEVERE: Undefined instance: igis_Class2 -- Parser.recordError()
2018.01.11 16:02:43.405 MSK SEVERE: Undefined instance: igis_Class21 -- Parser.recordError()
2018.01.11 16:02:43.405 MSK SEVERE: Undefined instance: Algorithm_Class10000 -- Parser.recordError()
2018.01.11 16:02:43.405 MSK SEVERE: Undefined instance: igis_Class20 -- Parser.recordError()
2018.01.11 16:02:43.405 MSK SEVERE: Undefined instance: RuleEngine_Class30000 -- Parser.recordError()
2018.01.11 16:02:43.405 MSK SEVERE: Undefined instance: igis_Class40001 -- Parser.recordError()
2018.01.11 16:02:43.405 MSK SEVERE: Undefined instance: igis_Class70000 -- Parser.recordError()
2018.01.11 16:02:43.406 MSK SEVERE: Undefined instance: Scenario_Class120024 -- Parser.recordError()
2018.01.11 16:02:43.406 MSK SEVERE: Undefined instance: igis_Class29 -- Parser.recordError()
2018.01.11 16:02:43.406 MSK SEVERE: Undefined instance: igis_Class28 -- Parser.recordError()
2018.01.11 16:02:43.406 MSK SEVERE: Undefined instance: igis_Class40000 -- Parser.recordError()
2018.01.11 16:02:43.406 MSK SEVERE: Undefined instance: igis_Class27 -- Parser.recordError()
2018.01.11 16:02:43.406 MSK SEVERE: Undefined instance: Scenario_Class250008 -- Parser.recordError()
2018.01.11 16:02:43.406 MSK SEVERE: Undefined instance: Scenario_Class340000 -- Parser.recordError()
2018.01.11 16:02:43.406 MSK SEVERE: Undefined instance: Scenario_Class60001 -- Parser.recordError()
2018.01.11 16:02:43.407 MSK WARNING: unable to load frame: ScenarioN_Class590017 -- PropertyMapUtil.getFrame()
2018.01.11 16:02:43.430 MSK WARNING: unable to load frame: ScenarioN_Class540004 -- PropertyMapUtil.getFrame()
2018.01.11 16:02:43.431 MSK WARNING: unable to load frame: ScenarioN_Class290013 -- PropertyMapUtil.getFrame()
2018.01.11 16:02:43.431 MSK WARNING: unable to load frame: ScenarioN_Class500009 -- PropertyMapUtil.getFrame()
2018.01.11 16:02:43.431 MSK WARNING: unable to load frame: Scenario_Instance_240000 -- PropertyMapUtil.getFrame()
2018.01.11 16:02:43.431 MSK WARNING: unable to load frame: ScenarioN_Class370007 -- PropertyMapUtil.getFrame()
2018.01.11 16:02:43.431 MSK WARNING: unable to load frame: ScenarioN_Class110007 -- PropertyMapUtil.getFrame()
2018.01.11 16:02:43.431 MSK WARNING: unable to load frame: ScenarioN_Class650008 -- PropertyMapUtil.getFrame()
2018.01.11 16:02:43.431 MSK WARNING: unable to load frame: ScenarioN_Class680011 -- PropertyMapUtil.getFrame()
2018.01.11 16:02:43.432 MSK WARNING: unable to load frame: ScenarioN_Class380010 -- PropertyMapUtil.getFrame()
2018.01.11 16:02:43.432 MSK WARNING: unable to load frame: ScenarioN_Class320007 -- PropertyMapUtil.getFrame()
2018.01.11 16:02:43.432 MSK WARNING: unable to load frame: ScenarioN_Class620009 -- PropertyMapUtil.getFrame()
2018.01.11 16:02:43.432 MSK WARNING: unable to load frame: Scenario_Class60003 -- PropertyMapUtil.getFrame()
2018.01.11 16:02:43.432 MSK WARNING: unable to load frame: ScenarioN_Class640008 -- PropertyMapUtil.getFrame()
2018.01.11 16:02:43.433 MSK INFO: Project load time for file:/Users/ru/clojure/simpro-scene/pprj_examples/BrigBern.pprj: 0 sec -- ProjectChooser.loadProject()
2018.01.11 16:02:44.024 MSK WARNING: empty values: Slot(but-deep-copy) Slot(:SLOT-VALUE-TYPE) -- ValueTypeWidget.setValues()
2018.01.11 16:02:44.818 MSK WARNING: java.lang.NullPointerException
	at java.awt.Container.addImpl(Container.java:1095)
	at java.awt.Container.add(Container.java:971)
	at ru.igis.omtab.OpenMapTab.setMap(OpenMapTab.java:143)
	at ru.igis.omtab.OpenMapTab.initialize(OpenMapTab.java:97)
	at edu.stanford.smi.protege.widget.WidgetUtilities.createTabWidget(Unknown Source)
	at edu.stanford.smi.protege.ui.ProjectView.addTab(Unknown Source)
	at edu.stanford.smi.protege.ui.ProjectView.createTabbedPane(Unknown Source)
	at edu.stanford.smi.protege.ui.ProjectView.<init>(Unknown Source)
	at edu.stanford.smi.protege.ui.ProjectManager.displayCurrentProject(Unknown Source)
	at edu.stanford.smi.protege.ui.ProjectManager.displayCurrentProject(Unknown Source)
	at edu.stanford.smi.protege.ui.ProjectManager.openProjectRequest(Unknown Source)
	at edu.stanford.smi.protege.ui.WelcomeDialog.openOtherButton_actionPerformed(Unknown Source)
	at edu.stanford.smi.protege.ui.WelcomeDialog$3.actionPerformed(Unknown Source)
	at javax.swing.AbstractButton.fireActionPerformed(AbstractButton.java:2022)
	at javax.swing.AbstractButton$Handler.actionPerformed(AbstractButton.java:2346)
	at javax.swing.DefaultButtonModel.fireActionPerformed(DefaultButtonModel.java:402)
	at javax.swing.DefaultButtonModel.setPressed(DefaultButtonModel.java:259)
	at javax.swing.plaf.basic.BasicButtonListener.mouseReleased(BasicButtonListener.java:252)
	at java.awt.AWTEventMulticaster.mouseReleased(AWTEventMulticaster.java:289)
	at java.awt.Component.processMouseEvent(Component.java:6525)
	at javax.swing.JComponent.processMouseEvent(JComponent.java:3322)
	at java.awt.Component.processEvent(Component.java:6290)
	at java.awt.Container.processEvent(Container.java:2234)
	at java.awt.Component.dispatchEventImpl(Component.java:4881)
	at java.awt.Container.dispatchEventImpl(Container.java:2292)
	at java.awt.Component.dispatchEvent(Component.java:4703)
	at java.awt.LightweightDispatcher.retargetMouseEvent(Container.java:4898)
	at java.awt.LightweightDispatcher.processMouseEvent(Container.java:4533)
	at java.awt.LightweightDispatcher.dispatchEvent(Container.java:4462)
	at java.awt.Container.dispatchEventImpl(Container.java:2278)
	at java.awt.Window.dispatchEventImpl(Window.java:2739)
	at java.awt.Component.dispatchEvent(Component.java:4703)
	at java.awt.EventQueue.dispatchEventImpl(EventQueue.java:751)
	at java.awt.EventQueue.access$500(EventQueue.java:97)
	at java.awt.EventQueue$3.run(EventQueue.java:702)
	at java.awt.EventQueue$3.run(EventQueue.java:696)
	at java.security.AccessController.doPrivileged(Native Method)
	at java.security.ProtectionDomain$1.doIntersectionPrivilege(ProtectionDomain.java:75)
	at java.security.ProtectionDomain$1.doIntersectionPrivilege(ProtectionDomain.java:86)
	at java.awt.EventQueue$4.run(EventQueue.java:724)
	at java.awt.EventQueue$4.run(EventQueue.java:722)
	at java.security.AccessController.doPrivileged(Native Method)
	at java.security.ProtectionDomain$1.doIntersectionPrivilege(ProtectionDomain.java:75)
	at java.awt.EventQueue.dispatchEvent(EventQueue.java:721)
	at java.awt.EventDispatchThread.pumpOneEventForFilters(EventDispatchThread.java:201)
	at java.awt.EventDispatchThread.pumpEventsForFilter(EventDispatchThread.java:116)
	at java.awt.EventDispatchThread.pumpEventsForFilter(EventDispatchThread.java:109)
	at java.awt.WaitDispatchSupport$2.run(WaitDispatchSupport.java:184)
	at java.awt.event.InvocationEvent.dispatch(InvocationEvent.java:311)
	at java.awt.EventQueue.dispatchEventImpl(EventQueue.java:749)
	at java.awt.EventQueue.access$500(EventQueue.java:97)
	at java.awt.EventQueue$3.run(EventQueue.java:702)
	at java.awt.EventQueue$3.run(EventQueue.java:696)
	at java.security.AccessController.doPrivileged(Native Method)
	at java.security.ProtectionDomain$1.doIntersectionPrivilege(ProtectionDomain.java:75)
	at java.awt.EventQueue.dispatchEvent(EventQueue.java:719)
	at java.awt.EventDispatchThread.pumpOneEventForFilters(EventDispatchThread.java:201)
	at java.awt.EventDispatchThread.pumpEventsForFilter(EventDispatchThread.java:116)
	at java.awt.EventDispatchThread.pumpEventsForHierarchy(EventDispatchThread.java:105)
	at java.awt.EventDispatchThread.pumpEvents(EventDispatchThread.java:101)
	at java.awt.EventDispatchThread.pumpEvents(EventDispatchThread.java:93)
	at java.awt.EventDispatchThread.run(EventDispatchThread.java:82)
 -- WidgetUtilities.createTabWidget()
2018.01.11 16:02:45.031 MSK INFO: UI display time = 1 sec -- ProjectManager$2.run()
2018.01.11 16:04:51.150 MSK INFO: Loaded 5000 instances: ScenarioN_ProjectKB_Class82484 -- Parser.getInstance()
2018.01.11 16:04:51.203 MSK INFO: Loaded 6000 instances: ScenarioN_ProjectKB_Class83484 -- Parser.getInstance()
2018.01.11 16:04:51.354 MSK INFO: Set type on 5000 instances: ScenarioN_ProjectKB_Class83150 -- Parser.getInstance()
2018.01.11 16:04:51.370 MSK INFO: Set type on 6000 instances: ScenarioN_ProjectKB_Class91448 -- Parser.getInstance()
2018.01.11 16:04:52.976 MSK INFO: Project load time for file:/Users/ru/clojure/simpro-scene/pprj_examples/BrigBern.pprj: 2 sec -- ProjectChooser.loadProject()
2018.01.11 16:04:54.516 MSK INFO: UI display time = 1 sec -- ProjectManager$2.run()
2018.01.11 16:34:05.836 MSK INFO: Loaded 5000 instances: ScenarioN_ProjectKB_Class82484 -- Parser.getInstance()
2018.01.11 16:34:05.853 MSK INFO: Loaded 6000 instances: ScenarioN_ProjectKB_Class83484 -- Parser.getInstance()
2018.01.11 16:34:05.874 MSK INFO: Set type on 5000 instances: ScenarioN_ProjectKB_Class83150 -- Parser.getInstance()
2018.01.11 16:34:05.893 MSK INFO: Set type on 6000 instances: ScenarioN_ProjectKB_Class91448 -- Parser.getInstance()
2018.01.11 16:58:35.746 MSK SEVERE: null -- java.lang.RuntimeException: Unable to resolve symbol: filter-kk in this context, compiling:(clojure/osm/data.clj:34:11)
	at clojure.lang.Compiler.analyze(Compiler.java:6688)
	at clojure.lang.Compiler.analyze(Compiler.java:6625)
	at clojure.lang.Compiler$InvokeExpr.parse(Compiler.java:3766)
	at clojure.lang.Compiler.analyzeSeq(Compiler.java:6870)
	at clojure.lang.Compiler.analyze(Compiler.java:6669)
	at clojure.lang.Compiler.access$300(Compiler.java:38)
	at clojure.lang.Compiler$LetExpr$Parser.parse(Compiler.java:6269)
	at clojure.lang.Compiler.analyzeSeq(Compiler.java:6868)
	at clojure.lang.Compiler.analyze(Compiler.java:6669)
	at clojure.lang.Compiler.analyzeSeq(Compiler.java:6856)
	at clojure.lang.Compiler.analyze(Compiler.java:6669)
	at clojure.lang.Compiler.analyze(Compiler.java:6625)
	at clojure.lang.Compiler$InvokeExpr.parse(Compiler.java:3834)
	at clojure.lang.Compiler.analyzeSeq(Compiler.java:6870)
	at clojure.lang.Compiler.analyze(Compiler.java:6669)
	at clojure.lang.Compiler.analyze(Compiler.java:6625)
	at clojure.lang.Compiler$BodyExpr$Parser.parse(Compiler.java:6001)
	at clojure.lang.Compiler.analyzeSeq(Compiler.java:6868)
	at clojure.lang.Compiler.analyze(Compiler.java:6669)
	at clojure.lang.Compiler.analyze(Compiler.java:6625)
	at clojure.lang.Compiler$BodyExpr$Parser.parse(Compiler.java:6001)
	at clojure.lang.Compiler$LetExpr$Parser.parse(Compiler.java:6319)
	at clojure.lang.Compiler.analyzeSeq(Compiler.java:6868)
	at clojure.lang.Compiler.analyze(Compiler.java:6669)
	at clojure.lang.Compiler.analyzeSeq(Compiler.java:6856)
	at clojure.lang.Compiler.analyze(Compiler.java:6669)
	at clojure.lang.Compiler.analyze(Compiler.java:6625)
	at clojure.lang.Compiler$IfExpr$Parser.parse(Compiler.java:2797)
	at clojure.lang.Compiler.analyzeSeq(Compiler.java:6868)
	at clojure.lang.Compiler.analyze(Compiler.java:6669)
	at clojure.lang.Compiler.analyze(Compiler.java:6625)
	at clojure.lang.Compiler$BodyExpr$Parser.parse(Compiler.java:6001)
	at clojure.lang.Compiler$LetExpr$Parser.parse(Compiler.java:6319)
	at clojure.lang.Compiler.analyzeSeq(Compiler.java:6868)
	at clojure.lang.Compiler.analyze(Compiler.java:6669)
	at clojure.lang.Compiler.analyze(Compiler.java:6625)
	at clojure.lang.Compiler$BodyExpr$Parser.parse(Compiler.java:6001)
	at clojure.lang.Compiler$FnMethod.parse(Compiler.java:5380)
	at clojure.lang.Compiler$FnExpr.parse(Compiler.java:3972)
	at clojure.lang.Compiler.analyzeSeq(Compiler.java:6866)
	at clojure.lang.Compiler.analyze(Compiler.java:6669)
	at clojure.lang.Compiler.analyze(Compiler.java:6625)
	at clojure.lang.Compiler$InvokeExpr.parse(Compiler.java:3766)
	at clojure.lang.Compiler.analyzeSeq(Compiler.java:6870)
	at clojure.lang.Compiler.analyze(Compiler.java:6669)
	at clojure.lang.Compiler.analyze(Compiler.java:6625)
	at clojure.lang.Compiler$LetExpr$Parser.parse(Compiler.java:6231)
	at clojure.lang.Compiler.analyzeSeq(Compiler.java:6868)
	at clojure.lang.Compiler.analyze(Compiler.java:6669)
	at clojure.lang.Compiler.analyzeSeq(Compiler.java:6856)
	at clojure.lang.Compiler.analyze(Compiler.java:6669)
	at clojure.lang.Compiler.analyze(Compiler.java:6625)
	at clojure.lang.Compiler$IfExpr$Parser.parse(Compiler.java:2792)
	at clojure.lang.Compiler.analyzeSeq(Compiler.java:6868)
	at clojure.lang.Compiler.analyze(Compiler.java:6669)
	at clojure.lang.Compiler.analyze(Compiler.java:6625)
	at clojure.lang.Compiler$BodyExpr$Parser.parse(Compiler.java:6001)
	at clojure.lang.Compiler$LetExpr$Parser.parse(Compiler.java:6319)
	at clojure.lang.Compiler.analyzeSeq(Compiler.java:6868)
	at clojure.lang.Compiler.analyze(Compiler.java:6669)
	at clojure.lang.Compiler.analyzeSeq(Compiler.java:6856)
	at clojure.lang.Compiler.analyze(Compiler.java:6669)
	at clojure.lang.Compiler.analyze(Compiler.java:6625)
	at clojure.lang.Compiler$IfExpr$Parser.parse(Compiler.java:2797)
	at clojure.lang.Compiler.analyzeSeq(Compiler.java:6868)
	at clojure.lang.Compiler.analyze(Compiler.java:6669)
	at clojure.lang.Compiler.analyze(Compiler.java:6625)
	at clojure.lang.Compiler$BodyExpr$Parser.parse(Compiler.java:6001)
	at clojure.lang.Compiler$LetExpr$Parser.parse(Compiler.java:6319)
	at clojure.lang.Compiler.analyzeSeq(Compiler.java:6868)
	at clojure.lang.Compiler.analyze(Compiler.java:6669)
	at clojure.lang.Compiler.analyzeSeq(Compiler.java:6856)
	at clojure.lang.Compiler.analyze(Compiler.java:6669)
	at clojure.lang.Compiler.analyze(Compiler.java:6625)
	at clojure.lang.Compiler$BodyExpr$Parser.parse(Compiler.java:6001)
	at clojure.lang.Compiler.analyzeSeq(Compiler.java:6868)
	at clojure.lang.Compiler.analyze(Compiler.java:6669)
	at clojure.lang.Compiler.analyze(Compiler.java:6625)
	at clojure.lang.Compiler$IfExpr$Parser.parse(Compiler.java:2797)
	at clojure.lang.Compiler.analyzeSeq(Compiler.java:6868)
	at clojure.lang.Compiler.analyze(Compiler.java:6669)
	at clojure.lang.Compiler.analyzeSeq(Compiler.java:6856)
	at clojure.lang.Compiler.analyze(Compiler.java:6669)
	at clojure.lang.Compiler.analyze(Compiler.java:6625)
	at clojure.lang.Compiler$BodyExpr$Parser.parse(Compiler.java:6001)
	at clojure.lang.Compiler$LetExpr$Parser.parse(Compiler.java:6319)
	at clojure.lang.Compiler.analyzeSeq(Compiler.java:6868)
	at clojure.lang.Compiler.analyze(Compiler.java:6669)
	at clojure.lang.Compiler.analyzeSeq(Compiler.java:6856)
	at clojure.lang.Compiler.analyze(Compiler.java:6669)
	at clojure.lang.Compiler.analyzeSeq(Compiler.java:6856)
	at clojure.lang.Compiler.analyze(Compiler.java:6669)
	at clojure.lang.Compiler.analyze(Compiler.java:6625)
	at clojure.lang.Compiler$BodyExpr$Parser.parse(Compiler.java:6001)
	at clojure.lang.Compiler$LetExpr$Parser.parse(Compiler.java:6319)
	at clojure.lang.Compiler.analyzeSeq(Compiler.java:6868)
	at clojure.lang.Compiler.analyze(Compiler.java:6669)
	at clojure.lang.Compiler.analyzeSeq(Compiler.java:6856)
	at clojure.lang.Compiler.analyze(Compiler.java:6669)
	at clojure.lang.Compiler.analyze(Compiler.java:6625)
	at clojure.lang.Compiler$BodyExpr$Parser.parse(Compiler.java:6001)
	at clojure.lang.Compiler$FnMethod.parse(Compiler.java:5380)
	at clojure.lang.Compiler$FnExpr.parse(Compiler.java:3972)
	at clojure.lang.Compiler.analyzeSeq(Compiler.java:6866)
	at clojure.lang.Compiler.analyze(Compiler.java:6669)
	at clojure.lang.Compiler.analyze(Compiler.java:6625)
	at clojure.lang.Compiler$NewExpr$Parser.parse(Compiler.java:2634)
	at clojure.lang.Compiler.analyzeSeq(Compiler.java:6868)
	at clojure.lang.Compiler.analyze(Compiler.java:6669)
	at clojure.lang.Compiler.analyzeSeq(Compiler.java:6856)
	at clojure.lang.Compiler.analyze(Compiler.java:6669)
	at clojure.lang.Compiler.analyze(Compiler.java:6625)
	at clojure.lang.Compiler$BodyExpr$Parser.parse(Compiler.java:6001)
	at clojure.lang.Compiler$FnMethod.parse(Compiler.java:5380)
	at clojure.lang.Compiler$FnExpr.parse(Compiler.java:3972)
	at clojure.lang.Compiler.analyzeSeq(Compiler.java:6866)
	at clojure.lang.Compiler.analyze(Compiler.java:6669)
	at clojure.lang.Compiler.analyzeSeq(Compiler.java:6856)
	at clojure.lang.Compiler.analyze(Compiler.java:6669)
	at clojure.lang.Compiler.access$300(Compiler.java:38)
	at clojure.lang.Compiler$LetExpr$Parser.parse(Compiler.java:6269)
	at clojure.lang.Compiler.analyzeSeq(Compiler.java:6868)
	at clojure.lang.Compiler.analyze(Compiler.java:6669)
	at clojure.lang.Compiler.analyzeSeq(Compiler.java:6856)
	at clojure.lang.Compiler.analyze(Compiler.java:6669)
	at clojure.lang.Compiler.analyzeSeq(Compiler.java:6856)
	at clojure.lang.Compiler.analyze(Compiler.java:6669)
	at clojure.lang.Compiler.access$300(Compiler.java:38)
	at clojure.lang.Compiler$LetExpr$Parser.parse(Compiler.java:6269)
	at clojure.lang.Compiler.analyzeSeq(Compiler.java:6868)
	at clojure.lang.Compiler.analyze(Compiler.java:6669)
	at clojure.lang.Compiler.analyzeSeq(Compiler.java:6856)
	at clojure.lang.Compiler.analyze(Compiler.java:6669)
	at clojure.lang.Compiler.analyze(Compiler.java:6625)
	at clojure.lang.Compiler$BodyExpr$Parser.parse(Compiler.java:6001)
	at clojure.lang.Compiler$FnMethod.parse(Compiler.java:5380)
	at clojure.lang.Compiler$FnExpr.parse(Compiler.java:3972)
	at clojure.lang.Compiler.analyzeSeq(Compiler.java:6866)
	at clojure.lang.Compiler.analyze(Compiler.java:6669)
	at clojure.lang.Compiler.analyzeSeq(Compiler.java:6856)
	at clojure.lang.Compiler.analyze(Compiler.java:6669)
	at clojure.lang.Compiler.access$300(Compiler.java:38)
	at clojure.lang.Compiler$DefExpr$Parser.parse(Compiler.java:589)
	at clojure.lang.Compiler.analyzeSeq(Compiler.java:6868)
	at clojure.lang.Compiler.analyze(Compiler.java:6669)
	at clojure.lang.Compiler.analyze(Compiler.java:6625)
	at clojure.lang.Compiler.eval(Compiler.java:6931)
	at clojure.lang.Compiler.load(Compiler.java:7379)
	at clojure.lang.RT.loadResourceScript(RT.java:372)
	at clojure.lang.RT.loadResourceScript(RT.java:363)
	at clojure.lang.RT.load(RT.java:453)
	at clojure.lang.RT.load(RT.java:419)
	at clojure.core$load$fn__5677.invoke(core.clj:5893)
	at clojure.core$load.invokeStatic(core.clj:5892)
	at clojure.core$load.doInvoke(core.clj:5876)
	at clojure.lang.RestFn.invoke(RestFn.java:408)
	at clojure.lang.Var.invoke(Var.java:379)
	at clojuretab.ClojureTab.loadProgram(ClojureTab.java:544)
	at menu.item$clojure_work.invokeStatic(item.clj:11)
	at menu.item$clojure_work.invoke(item.clj:5)
	at clojure.lang.Var.invoke(Var.java:375)
	at clojuretab.ClojureTab.invoke(ClojureTab.java:692)
	at clojuretab.MenuItemInserter$1.actionPerformed(MenuItemInserter.java:59)
	at javax.swing.AbstractButton.fireActionPerformed(AbstractButton.java:2022)
	at javax.swing.AbstractButton$Handler.actionPerformed(AbstractButton.java:2346)
	at javax.swing.DefaultButtonModel.fireActionPerformed(DefaultButtonModel.java:402)
	at javax.swing.DefaultButtonModel.setPressed(DefaultButtonModel.java:259)
	at javax.swing.AbstractButton.doClick(AbstractButton.java:376)
	at javax.swing.plaf.basic.BasicMenuItemUI.doClick(BasicMenuItemUI.java:833)
	at com.apple.laf.AquaMenuItemUI.doClick(AquaMenuItemUI.java:157)
	at javax.swing.plaf.basic.BasicMenuItemUI$Handler.mouseReleased(BasicMenuItemUI.java:877)
	at java.awt.Component.processMouseEvent(Component.java:6525)
	at javax.swing.JComponent.processMouseEvent(JComponent.java:3322)
	at java.awt.Component.processEvent(Component.java:6290)
	at java.awt.Container.processEvent(Container.java:2234)
	at java.awt.Component.dispatchEventImpl(Component.java:4881)
	at java.awt.Container.dispatchEventImpl(Container.java:2292)
	at java.awt.Component.dispatchEvent(Component.java:4703)
	at java.awt.LightweightDispatcher.retargetMouseEvent(Container.java:4898)
	at java.awt.LightweightDispatcher.processMouseEvent(Container.java:4533)
	at java.awt.LightweightDispatcher.dispatchEvent(Container.java:4462)
	at java.awt.Container.dispatchEventImpl(Container.java:2278)
	at java.awt.Window.dispatchEventImpl(Window.java:2739)
	at java.awt.Component.dispatchEvent(Component.java:4703)
	at java.awt.EventQueue.dispatchEventImpl(EventQueue.java:751)
	at java.awt.EventQueue.access$500(EventQueue.java:97)
	at java.awt.EventQueue$3.run(EventQueue.java:702)
	at java.awt.EventQueue$3.run(EventQueue.java:696)
	at java.security.AccessController.doPrivileged(Native Method)
	at java.security.ProtectionDomain$1.doIntersectionPrivilege(ProtectionDomain.java:75)
	at java.security.ProtectionDomain$1.doIntersectionPrivilege(ProtectionDomain.java:86)
	at java.awt.EventQueue$4.run(EventQueue.java:724)
	at java.awt.EventQueue$4.run(EventQueue.java:722)
	at java.security.AccessController.doPrivileged(Native Method)
	at java.security.ProtectionDomain$1.doIntersectionPrivilege(ProtectionDomain.java:75)
	at java.awt.EventQueue.dispatchEvent(EventQueue.java:721)
	at java.awt.EventDispatchThread.pumpOneEventForFilters(EventDispatchThread.java:201)
	at java.awt.EventDispatchThread.pumpEventsForFilter(EventDispatchThread.java:116)
	at java.awt.EventDispatchThread.pumpEventsForHierarchy(EventDispatchThread.java:105)
	at java.awt.EventDispatchThread.pumpEvents(EventDispatchThread.java:101)
	at java.awt.EventDispatchThread.pumpEvents(EventDispatchThread.java:93)
	at java.awt.EventDispatchThread.run(EventDispatchThread.java:82)
Caused by: java.lang.RuntimeException: Unable to resolve symbol: filter-kk in this context
	at clojure.lang.Util.runtimeException(Util.java:221)
	at clojure.lang.Compiler.resolveIn(Compiler.java:7164)
	at clojure.lang.Compiler.resolve(Compiler.java:7108)
	at clojure.lang.Compiler.analyzeSymbol(Compiler.java:7069)
	at clojure.lang.Compiler.analyze(Compiler.java:6648)
	... 201 more

2018.01.11 16:59:11.439 MSK SEVERE: null -- java.lang.RuntimeException: Unmatched delimiter: ), compiling:(clojure/osm/data.clj:69:30)
	at clojure.lang.Compiler.load(Compiler.java:7386)
	at clojure.lang.RT.loadResourceScript(RT.java:372)
	at clojure.lang.RT.loadResourceScript(RT.java:363)
	at clojure.lang.RT.load(RT.java:453)
	at clojure.lang.RT.load(RT.java:419)
	at clojure.core$load$fn__5677.invoke(core.clj:5893)
	at clojure.core$load.invokeStatic(core.clj:5892)
	at clojure.core$load.doInvoke(core.clj:5876)
	at clojure.lang.RestFn.invoke(RestFn.java:408)
	at clojure.lang.Var.invoke(Var.java:379)
	at clojuretab.ClojureTab.loadProgram(ClojureTab.java:544)
	at clojuretab.ClojureTab.loadSelectedPrograms(ClojureTab.java:533)
	at clojuretab.ClojureTab.access$3(ClojureTab.java:529)
	at clojuretab.ClojureTab$5.actionPerformed(ClojureTab.java:255)
	at javax.swing.AbstractButton.fireActionPerformed(AbstractButton.java:2022)
	at javax.swing.AbstractButton$Handler.actionPerformed(AbstractButton.java:2346)
	at javax.swing.DefaultButtonModel.fireActionPerformed(DefaultButtonModel.java:402)
	at javax.swing.DefaultButtonModel.setPressed(DefaultButtonModel.java:259)
	at javax.swing.plaf.basic.BasicButtonListener.mouseReleased(BasicButtonListener.java:252)
	at java.awt.AWTEventMulticaster.mouseReleased(AWTEventMulticaster.java:289)
	at java.awt.Component.processMouseEvent(Component.java:6525)
	at javax.swing.JComponent.processMouseEvent(JComponent.java:3322)
	at java.awt.Component.processEvent(Component.java:6290)
	at java.awt.Container.processEvent(Container.java:2234)
	at java.awt.Component.dispatchEventImpl(Component.java:4881)
	at java.awt.Container.dispatchEventImpl(Container.java:2292)
	at java.awt.Component.dispatchEvent(Component.java:4703)
	at java.awt.LightweightDispatcher.retargetMouseEvent(Container.java:4898)
	at java.awt.LightweightDispatcher.processMouseEvent(Container.java:4533)
	at java.awt.LightweightDispatcher.dispatchEvent(Container.java:4462)
	at java.awt.Container.dispatchEventImpl(Container.java:2278)
	at java.awt.Window.dispatchEventImpl(Window.java:2739)
	at java.awt.Component.dispatchEvent(Component.java:4703)
	at java.awt.EventQueue.dispatchEventImpl(EventQueue.java:751)
	at java.awt.EventQueue.access$500(EventQueue.java:97)
	at java.awt.EventQueue$3.run(EventQueue.java:702)
	at java.awt.EventQueue$3.run(EventQueue.java:696)
	at java.security.AccessController.doPrivileged(Native Method)
	at java.security.ProtectionDomain$1.doIntersectionPrivilege(ProtectionDomain.java:75)
	at java.security.ProtectionDomain$1.doIntersectionPrivilege(ProtectionDomain.java:86)
	at java.awt.EventQueue$4.run(EventQueue.java:724)
	at java.awt.EventQueue$4.run(EventQueue.java:722)
	at java.security.AccessController.doPrivileged(Native Method)
	at java.security.ProtectionDomain$1.doIntersectionPrivilege(ProtectionDomain.java:75)
	at java.awt.EventQueue.dispatchEvent(EventQueue.java:721)
	at java.awt.EventDispatchThread.pumpOneEventForFilters(EventDispatchThread.java:201)
	at java.awt.EventDispatchThread.pumpEventsForFilter(EventDispatchThread.java:116)
	at java.awt.EventDispatchThread.pumpEventsForHierarchy(EventDispatchThread.java:105)
	at java.awt.EventDispatchThread.pumpEvents(EventDispatchThread.java:101)
	at java.awt.EventDispatchThread.pumpEvents(EventDispatchThread.java:93)
	at java.awt.EventDispatchThread.run(EventDispatchThread.java:82)
Caused by: java.lang.RuntimeException: Unmatched delimiter: )
	at clojure.lang.Util.runtimeException(Util.java:221)
	at clojure.lang.LispReader$UnmatchedDelimiterReader.invoke(LispReader.java:1176)
	at clojure.lang.LispReader.read(LispReader.java:263)
	at clojure.lang.LispReader.read(LispReader.java:196)
	at clojure.lang.Compiler.load(Compiler.java:7374)
	... 50 more

2018.01.11 18:25:02.937 MSK SEVERE: null -- java.lang.RuntimeException: Unable to resolve symbol: pruntln in this context, compiling:(clojure/osm/data.clj:18:12)
	at clojure.lang.Compiler.analyze(Compiler.java:6688)
	at clojure.lang.Compiler.analyze(Compiler.java:6625)
	at clojure.lang.Compiler$InvokeExpr.parse(Compiler.java:3766)
	at clojure.lang.Compiler.analyzeSeq(Compiler.java:6870)
	at clojure.lang.Compiler.analyze(Compiler.java:6669)
	at clojure.lang.Compiler.access$300(Compiler.java:38)
	at clojure.lang.Compiler$LetExpr$Parser.parse(Compiler.java:6269)
	at clojure.lang.Compiler.analyzeSeq(Compiler.java:6868)
	at clojure.lang.Compiler.analyze(Compiler.java:6669)
	at clojure.lang.Compiler.analyzeSeq(Compiler.java:6856)
	at clojure.lang.Compiler.analyze(Compiler.java:6669)
	at clojure.lang.Compiler.analyze(Compiler.java:6625)
	at clojure.lang.Compiler$BodyExpr$Parser.parse(Compiler.java:6001)
	at clojure.lang.Compiler$TryExpr$Parser.parse(Compiler.java:2277)
	at clojure.lang.Compiler.analyzeSeq(Compiler.java:6868)
	at clojure.lang.Compiler.analyze(Compiler.java:6669)
	at clojure.lang.Compiler.analyze(Compiler.java:6625)
	at clojure.lang.Compiler$BodyExpr$Parser.parse(Compiler.java:6001)
	at clojure.lang.Compiler$FnMethod.parse(Compiler.java:5380)
	at clojure.lang.Compiler$FnExpr.parse(Compiler.java:3972)
	at clojure.lang.Compiler.analyzeSeq(Compiler.java:6866)
	at clojure.lang.Compiler.analyze(Compiler.java:6669)
	at clojure.lang.Compiler.analyzeSeq(Compiler.java:6856)
	at clojure.lang.Compiler.analyze(Compiler.java:6669)
	at clojure.lang.Compiler.access$300(Compiler.java:38)
	at clojure.lang.Compiler$DefExpr$Parser.parse(Compiler.java:589)
	at clojure.lang.Compiler.analyzeSeq(Compiler.java:6868)
	at clojure.lang.Compiler.analyze(Compiler.java:6669)
	at clojure.lang.Compiler.analyze(Compiler.java:6625)
	at clojure.lang.Compiler.eval(Compiler.java:6931)
	at clojure.lang.Compiler.load(Compiler.java:7379)
	at clojure.lang.RT.loadResourceScript(RT.java:372)
	at clojure.lang.RT.loadResourceScript(RT.java:363)
	at clojure.lang.RT.load(RT.java:453)
	at clojure.lang.RT.load(RT.java:419)
	at clojure.core$load$fn__5677.invoke(core.clj:5893)
	at clojure.core$load.invokeStatic(core.clj:5892)
	at clojure.core$load.doInvoke(core.clj:5876)
	at clojure.lang.RestFn.invoke(RestFn.java:408)
	at clojure.lang.Var.invoke(Var.java:379)
	at clojuretab.ClojureTab.loadProgram(ClojureTab.java:544)
	at clojuretab.ClojureTab.loadSelectedPrograms(ClojureTab.java:533)
	at clojuretab.ClojureTab.access$3(ClojureTab.java:529)
	at clojuretab.ClojureTab$5.actionPerformed(ClojureTab.java:255)
	at javax.swing.AbstractButton.fireActionPerformed(AbstractButton.java:2022)
	at javax.swing.AbstractButton$Handler.actionPerformed(AbstractButton.java:2346)
	at javax.swing.DefaultButtonModel.fireActionPerformed(DefaultButtonModel.java:402)
	at javax.swing.DefaultButtonModel.setPressed(DefaultButtonModel.java:259)
	at javax.swing.plaf.basic.BasicButtonListener.mouseReleased(BasicButtonListener.java:252)
	at java.awt.AWTEventMulticaster.mouseReleased(AWTEventMulticaster.java:289)
	at java.awt.Component.processMouseEvent(Component.java:6525)
	at javax.swing.JComponent.processMouseEvent(JComponent.java:3322)
	at java.awt.Component.processEvent(Component.java:6290)
	at java.awt.Container.processEvent(Container.java:2234)
	at java.awt.Component.dispatchEventImpl(Component.java:4881)
	at java.awt.Container.dispatchEventImpl(Container.java:2292)
	at java.awt.Component.dispatchEvent(Component.java:4703)
	at java.awt.LightweightDispatcher.retargetMouseEvent(Container.java:4898)
	at java.awt.LightweightDispatcher.processMouseEvent(Container.java:4533)
	at java.awt.LightweightDispatcher.dispatchEvent(Container.java:4462)
	at java.awt.Container.dispatchEventImpl(Container.java:2278)
	at java.awt.Window.dispatchEventImpl(Window.java:2739)
	at java.awt.Component.dispatchEvent(Component.java:4703)
	at java.awt.EventQueue.dispatchEventImpl(EventQueue.java:751)
	at java.awt.EventQueue.access$500(EventQueue.java:97)
	at java.awt.EventQueue$3.run(EventQueue.java:702)
	at java.awt.EventQueue$3.run(EventQueue.java:696)
	at java.security.AccessController.doPrivileged(Native Method)
	at java.security.ProtectionDomain$1.doIntersectionPrivilege(ProtectionDomain.java:75)
	at java.security.ProtectionDomain$1.doIntersectionPrivilege(ProtectionDomain.java:86)
	at java.awt.EventQueue$4.run(EventQueue.java:724)
	at java.awt.EventQueue$4.run(EventQueue.java:722)
	at java.security.AccessController.doPrivileged(Native Method)
	at java.security.ProtectionDomain$1.doIntersectionPrivilege(ProtectionDomain.java:75)
	at java.awt.EventQueue.dispatchEvent(EventQueue.java:721)
	at java.awt.EventDispatchThread.pumpOneEventForFilters(EventDispatchThread.java:201)
	at java.awt.EventDispatchThread.pumpEventsForFilter(EventDispatchThread.java:116)
	at java.awt.EventDispatchThread.pumpEventsForHierarchy(EventDispatchThread.java:105)
	at java.awt.EventDispatchThread.pumpEvents(EventDispatchThread.java:101)
	at java.awt.EventDispatchThread.pumpEvents(EventDispatchThread.java:93)
	at java.awt.EventDispatchThread.run(EventDispatchThread.java:82)
Caused by: java.lang.RuntimeException: Unable to resolve symbol: pruntln in this context
	at clojure.lang.Util.runtimeException(Util.java:221)
	at clojure.lang.Compiler.resolveIn(Compiler.java:7164)
	at clojure.lang.Compiler.resolve(Compiler.java:7108)
	at clojure.lang.Compiler.analyzeSymbol(Compiler.java:7069)
	at clojure.lang.Compiler.analyze(Compiler.java:6648)
	... 80 more

