2017.12.01 15:54:09.184 MSK INFO: *** SYSTEM START *** -- SystemUtilities.logSystemInfo()
2017.12.01 15:54:09.194 MSK CONFIG: Protege 3.5 Build 663, JVM 1.8.0_31-b13, memory=1908M, Mac OS X, encoding=UTF-8, language=en, country=US -- SystemUtilities.logSystemInfo()
2017.12.01 15:54:09.926 MSK CONFIG: Loaded plugin clojuretab -- PluginUtilities.logClassLoaderInformation()
2017.12.01 15:54:09.968 MSK CONFIG: Loaded plugin edu.stanford.smi.protegex.standard_extensions - Graph Widget, Table Widget -- PluginUtilities.logClassLoaderInformation()
2017.12.01 15:54:10.088 MSK CONFIG: Loaded plugin ru.igis.omtab -- PluginUtilities.logClassLoaderInformation()
2017.12.01 15:54:11.541 MSK WARNING: missing bundle: protege_text -- BundleHelper.<init>()
2017.12.01 15:54:24.648 MSK INFO: Loaded 5000 instances: ScenarioN_ProjectKB_Class72404 -- Parser.getInstance()
2017.12.01 15:54:24.652 MSK INFO: Loaded 6000 instances: ScenarioN_ProjectKB_Class83404 -- Parser.getInstance()
2017.12.01 15:54:24.669 MSK INFO: Set type on 5000 instances: ScenarioN_ProjectKB_Class83023 -- Parser.getInstance()
2017.12.01 15:54:24.685 MSK INFO: Set type on 6000 instances: ScenarioN_ProjectKB_Class84023 -- Parser.getInstance()
2017.12.01 15:54:29.729 MSK INFO: Load time for file:/Users/ru/clojure/simpro-scene/pprj_examples/Sea.pprj = 2 sec (project) + 3 sec (ui) -- ProjectManager$3.run()
2017.12.01 15:54:44.753 MSK INFO: Loaded 5000 instances: ScenarioN_ProjectKB_Class72404 -- Parser.getInstance()
2017.12.01 15:54:44.772 MSK INFO: Loaded 6000 instances: ScenarioN_ProjectKB_Class83404 -- Parser.getInstance()
2017.12.01 15:54:44.788 MSK INFO: Set type on 5000 instances: ScenarioN_ProjectKB_Class83023 -- Parser.getInstance()
2017.12.01 15:54:44.805 MSK INFO: Set type on 6000 instances: ScenarioN_ProjectKB_Class84023 -- Parser.getInstance()
2017.12.01 15:54:45.775 MSK INFO: Project load time for file:/Users/ru/clojure/simpro-scene/pprj_base/Scenario.pprj: 1 sec -- ProjectChooser.loadProject()
2017.12.01 15:54:46.315 MSK INFO: UI display time = 0 sec -- ProjectManager$2.run()
2017.12.01 16:20:49.916 MSK INFO: Loaded 5000 instances: ScenarioN_ProjectKB_Class72412 -- Parser.getInstance()
2017.12.01 16:20:49.928 MSK INFO: Loaded 6000 instances: ScenarioN_ProjectKB_Class83412 -- Parser.getInstance()
2017.12.01 16:20:49.944 MSK INFO: Set type on 5000 instances: ScenarioN_ProjectKB_Class83027 -- Parser.getInstance()
2017.12.01 16:20:49.963 MSK INFO: Set type on 6000 instances: ScenarioN_ProjectKB_Class84027 -- Parser.getInstance()
2017.12.01 16:20:50.771 MSK INFO: Project load time for file:/Users/ru/clojure/simpro-scene/pprj_base/Scenario.pprj: 0 sec -- ProjectChooser.loadProject()
2017.12.01 16:20:51.231 MSK INFO: UI display time = 0 sec -- ProjectManager$2.run()
