2018.01.03 15:32:09.568 MSK INFO: *** SYSTEM START *** -- SystemUtilities.logSystemInfo()
2018.01.03 15:32:09.578 MSK CONFIG: Protege 3.5 Build 663, JVM 1.8.0_151-8u151-b12-0ubuntu0.16.04.2-b12, memory=441M, Linux, encoding=UTF-8, language=ru, country=RU -- SystemUtilities.logSystemInfo()
2018.01.03 15:32:09.945 MSK CONFIG: Loaded plugin clojuretab -- PluginUtilities.logClassLoaderInformation()
2018.01.03 15:32:09.952 MSK CONFIG: Loaded plugin ru.igis.omtab -- PluginUtilities.logClassLoaderInformation()
2018.01.03 15:32:09.957 MSK CONFIG: Loaded plugin edu.stanford.smi.protegex.standard_extensions - Graph Widget, Table Widget -- PluginUtilities.logClassLoaderInformation()
2018.01.03 15:32:10.246 MSK WARNING: Look and feel not found: com.apple.laf.AquaLookAndFeel -- SystemUtilities.setLookAndFeel()
2018.01.03 15:32:10.780 MSK WARNING: missing bundle: protege_text -- BundleHelper.<init>()
2018.01.03 15:32:17.608 MSK INFO: Loaded 5000 instances: ScenarioN_ProjectKB_Class82571 -- Parser.getInstance()
2018.01.03 15:32:17.633 MSK INFO: Loaded 6000 instances: ScenarioN_ProjectKB_Class83571 -- Parser.getInstance()
2018.01.03 15:32:18.134 MSK INFO: Set type on 5000 instances: ScenarioN_ProjectKB_Class83178 -- Parser.getInstance()
2018.01.03 15:32:28.527 MSK INFO: Load time for file:/home/ta/clojure/simpro-scene/pprj_examples/PyongyangStPetersburg.pprj = 8 sec (project) + 3 sec (ui) -- ProjectManager$3.run()
2018.01.03 15:32:36.973 MSK SEVERE: null -- java.lang.IllegalArgumentException: Don't know how to create ISeq from: clojure.lang.Symbol
	at clojure.lang.RT.seqFrom(RT.java:542)
	at clojure.lang.RT.seq(RT.java:523)
	at clojure.lang.RT.first(RT.java:668)
	at clojure.core$first__4339.invokeStatic(core.clj:55)
	at clojure.core$first__4339.invoke(core.clj:55)
	at rete.core$add_anet_entry.invokeStatic(core.clj:124)
	at rete.core$add_anet_entry.invoke(core.clj:121)
	at rete.core$anet_for_pset.invokeStatic(core.clj:141)
	at rete.core$anet_for_pset.invoke(core.clj:134)
	at rete.core$create_rete.invokeStatic(core.clj:308)
	at rete.core$create_rete.invoke(core.clj:299)
	at rete.core$run_with.invokeStatic(core.clj:857)
	at rete.core$run_with.invoke(core.clj:848)
	at ru.rules$run_engine.invokeStatic(rules.clj:94)
	at ru.rules$run_engine.invoke(rules.clj:60)
	at ru.rules$run_engine.invokeStatic(rules.clj:66)
	at ru.rules$run_engine.invoke(rules.clj:60)
	at clojure.lang.Var.invoke(Var.java:379)
	at clojuretab.ClojureTab.invoke(ClojureTab.java:696)
	at menu.item$clojure_work.invokeStatic(item.clj:16)
	at menu.item$clojure_work.invoke(item.clj:5)
	at clojure.lang.Var.invoke(Var.java:375)
	at clojuretab.ClojureTab.invoke(ClojureTab.java:692)
	at clojuretab.MenuItemInserter$1.actionPerformed(MenuItemInserter.java:59)
	at javax.swing.AbstractButton.fireActionPerformed(AbstractButton.java:2022)
	at javax.swing.AbstractButton$Handler.actionPerformed(AbstractButton.java:2348)
	at javax.swing.DefaultButtonModel.fireActionPerformed(DefaultButtonModel.java:402)
	at javax.swing.DefaultButtonModel.setPressed(DefaultButtonModel.java:259)
	at javax.swing.AbstractButton.doClick(AbstractButton.java:376)
	at javax.swing.plaf.basic.BasicMenuItemUI.doClick(BasicMenuItemUI.java:833)
	at javax.swing.plaf.basic.BasicMenuItemUI$Handler.mouseReleased(BasicMenuItemUI.java:877)
	at java.awt.Component.processMouseEvent(Component.java:6533)
	at javax.swing.JComponent.processMouseEvent(JComponent.java:3324)
	at java.awt.Component.processEvent(Component.java:6298)
	at java.awt.Container.processEvent(Container.java:2236)
	at java.awt.Component.dispatchEventImpl(Component.java:4889)
	at java.awt.Container.dispatchEventImpl(Container.java:2294)
	at java.awt.Component.dispatchEvent(Component.java:4711)
	at java.awt.LightweightDispatcher.retargetMouseEvent(Container.java:4888)
	at java.awt.LightweightDispatcher.processMouseEvent(Container.java:4525)
	at java.awt.LightweightDispatcher.dispatchEvent(Container.java:4466)
	at java.awt.Container.dispatchEventImpl(Container.java:2280)
	at java.awt.Window.dispatchEventImpl(Window.java:2746)
	at java.awt.Component.dispatchEvent(Component.java:4711)
	at java.awt.EventQueue.dispatchEventImpl(EventQueue.java:758)
	at java.awt.EventQueue.access$500(EventQueue.java:97)
	at java.awt.EventQueue$3.run(EventQueue.java:709)
	at java.awt.EventQueue$3.run(EventQueue.java:703)
	at java.security.AccessController.doPrivileged(Native Method)
	at java.security.ProtectionDomain$JavaSecurityAccessImpl.doIntersectionPrivilege(ProtectionDomain.java:80)
	at java.security.ProtectionDomain$JavaSecurityAccessImpl.doIntersectionPrivilege(ProtectionDomain.java:90)
	at java.awt.EventQueue$4.run(EventQueue.java:731)
	at java.awt.EventQueue$4.run(EventQueue.java:729)
	at java.security.AccessController.doPrivileged(Native Method)
	at java.security.ProtectionDomain$JavaSecurityAccessImpl.doIntersectionPrivilege(ProtectionDomain.java:80)
	at java.awt.EventQueue.dispatchEvent(EventQueue.java:728)
	at java.awt.EventDispatchThread.pumpOneEventForFilters(EventDispatchThread.java:201)
	at java.awt.EventDispatchThread.pumpEventsForFilter(EventDispatchThread.java:116)
	at java.awt.EventDispatchThread.pumpEventsForHierarchy(EventDispatchThread.java:105)
	at java.awt.EventDispatchThread.pumpEvents(EventDispatchThread.java:101)
	at java.awt.EventDispatchThread.pumpEvents(EventDispatchThread.java:93)
	at java.awt.EventDispatchThread.run(EventDispatchThread.java:82)

2018.01.03 15:33:44.533 MSK SEVERE: null -- java.lang.IllegalArgumentException: Don't know how to create ISeq from: clojure.lang.Symbol
	at clojure.lang.RT.seqFrom(RT.java:542)
	at clojure.lang.RT.seq(RT.java:523)
	at clojure.lang.RT.first(RT.java:668)
	at clojure.core$first__4339.invokeStatic(core.clj:55)
	at clojure.core$first__4339.invoke(core.clj:55)
	at rete.core$add_anet_entry.invokeStatic(core.clj:124)
	at rete.core$add_anet_entry.invoke(core.clj:121)
	at rete.core$anet_for_pset.invokeStatic(core.clj:141)
	at rete.core$anet_for_pset.invoke(core.clj:134)
	at rete.core$create_rete.invokeStatic(core.clj:308)
	at rete.core$create_rete.invoke(core.clj:299)
	at rete.core$run_with.invokeStatic(core.clj:857)
	at rete.core$run_with.invoke(core.clj:848)
	at ru.rules$run_engine.invokeStatic(rules.clj:94)
	at ru.rules$run_engine.invoke(rules.clj:60)
	at ru.rules$run_engine.invokeStatic(rules.clj:78)
	at ru.rules$run_engine.invoke(rules.clj:60)
	at clojure.lang.Var.invoke(Var.java:383)
	at clojuretab.ClojureTab.invoke(ClojureTab.java:700)
	at clojuretab.ClojureActionButton$1.actionPerformed(ClojureActionButton.java:53)
	at javax.swing.AbstractButton.fireActionPerformed(AbstractButton.java:2022)
	at javax.swing.AbstractButton$Handler.actionPerformed(AbstractButton.java:2348)
	at javax.swing.DefaultButtonModel.fireActionPerformed(DefaultButtonModel.java:402)
	at javax.swing.DefaultButtonModel.setPressed(DefaultButtonModel.java:259)
	at javax.swing.plaf.basic.BasicButtonListener.mouseReleased(BasicButtonListener.java:252)
	at java.awt.Component.processMouseEvent(Component.java:6533)
	at javax.swing.JComponent.processMouseEvent(JComponent.java:3324)
	at java.awt.Component.processEvent(Component.java:6298)
	at java.awt.Container.processEvent(Container.java:2236)
	at java.awt.Component.dispatchEventImpl(Component.java:4889)
	at java.awt.Container.dispatchEventImpl(Container.java:2294)
	at java.awt.Component.dispatchEvent(Component.java:4711)
	at java.awt.LightweightDispatcher.retargetMouseEvent(Container.java:4888)
	at java.awt.LightweightDispatcher.processMouseEvent(Container.java:4525)
	at java.awt.LightweightDispatcher.dispatchEvent(Container.java:4466)
	at java.awt.Container.dispatchEventImpl(Container.java:2280)
	at java.awt.Window.dispatchEventImpl(Window.java:2746)
	at java.awt.Component.dispatchEvent(Component.java:4711)
	at java.awt.EventQueue.dispatchEventImpl(EventQueue.java:758)
	at java.awt.EventQueue.access$500(EventQueue.java:97)
	at java.awt.EventQueue$3.run(EventQueue.java:709)
	at java.awt.EventQueue$3.run(EventQueue.java:703)
	at java.security.AccessController.doPrivileged(Native Method)
	at java.security.ProtectionDomain$JavaSecurityAccessImpl.doIntersectionPrivilege(ProtectionDomain.java:80)
	at java.security.ProtectionDomain$JavaSecurityAccessImpl.doIntersectionPrivilege(ProtectionDomain.java:90)
	at java.awt.EventQueue$4.run(EventQueue.java:731)
	at java.awt.EventQueue$4.run(EventQueue.java:729)
	at java.security.AccessController.doPrivileged(Native Method)
	at java.security.ProtectionDomain$JavaSecurityAccessImpl.doIntersectionPrivilege(ProtectionDomain.java:80)
	at java.awt.EventQueue.dispatchEvent(EventQueue.java:728)
	at java.awt.EventDispatchThread.pumpOneEventForFilters(EventDispatchThread.java:201)
	at java.awt.EventDispatchThread.pumpEventsForFilter(EventDispatchThread.java:116)
	at java.awt.EventDispatchThread.pumpEventsForHierarchy(EventDispatchThread.java:105)
	at java.awt.EventDispatchThread.pumpEvents(EventDispatchThread.java:101)
	at java.awt.EventDispatchThread.pumpEvents(EventDispatchThread.java:93)
	at java.awt.EventDispatchThread.run(EventDispatchThread.java:82)

2018.01.03 15:34:43.725 MSK INFO: Loaded 5000 instances: ScenarioN_ProjectKB_Class82571 -- Parser.getInstance()
2018.01.03 15:34:43.746 MSK INFO: Loaded 6000 instances: ScenarioN_ProjectKB_Class83571 -- Parser.getInstance()
2018.01.03 15:34:43.831 MSK INFO: Set type on 5000 instances: ScenarioN_ProjectKB_Class83178 -- Parser.getInstance()
2018.01.03 15:34:46.930 MSK INFO: Project load time for file:/home/ta/clojure/simpro-scene/pprj_base/Scenario.pprj: 3 sec -- ProjectChooser.loadProject()
2018.01.03 15:34:48.382 MSK INFO: UI display time = 1 sec -- ProjectManager$2.run()
