2018.02.06 09:32:40.997 MSK INFO: *** SYSTEM START *** -- SystemUtilities.logSystemInfo()
2018.02.06 09:32:41.014 MSK CONFIG: Protege 3.5 Build 663, JVM 1.8.0_151-8u151-b12-0ubuntu0.16.04.2-b12, memory=1610M, Linux, encoding=UTF-8, language=en, country=US -- SystemUtilities.logSystemInfo()
2018.02.06 09:32:41.792 MSK CONFIG: Loaded plugin ru.igis.omtab -- PluginUtilities.logClassLoaderInformation()
2018.02.06 09:32:41.805 MSK CONFIG: Loaded plugin edu.stanford.smi.protegex.standard_extensions - Graph Widget, Table Widget -- PluginUtilities.logClassLoaderInformation()
2018.02.06 09:32:42.015 MSK CONFIG: Loaded plugin clojuretab -- PluginUtilities.logClassLoaderInformation()
2018.02.06 09:32:42.946 MSK WARNING: Look and feel not found: com.apple.laf.AquaLookAndFeel -- SystemUtilities.setLookAndFeel()
2018.02.06 09:32:43.796 MSK WARNING: missing bundle: protege_text -- BundleHelper.<init>()
2018.02.06 09:33:12.310 MSK SEVERE: Unable to load project from: file:/Users/ru/clojure/simpro-scene/pprj_base/Scenario.pprj -- Project.getProjectInstancesReader()
2018.02.06 09:33:12.366 MSK WARNING: Unable to load prj:file:/Users/ru/clojure/simpro-scene/pprj_base/Scenario.pprj -- Project.includeDomainKB()
2018.02.06 09:33:12.451 MSK SEVERE: Unable to load project from: file:/Users/ru/clojure/simpro-scene/pprj_base/Cezium.pprj -- Project.getProjectInstancesReader()
2018.02.06 09:33:12.504 MSK WARNING: Unable to load prj:file:/Users/ru/clojure/simpro-scene/pprj_base/Cezium.pprj -- Project.includeDomainKB()
2018.02.06 09:33:12.567 MSK WARNING: Unable to find child FrameStore: file:/Users/ru/clojure/simpro-scene/pprj_base/Scenario.pprj -- MergingNarrowFrameStore.addActiveFrameStore()
2018.02.06 09:33:12.568 MSK WARNING: Unable to find child FrameStore: file:/Users/ru/clojure/simpro-scene/pprj_base/Cezium.pprj -- MergingNarrowFrameStore.addActiveFrameStore()
2018.02.06 09:33:12.589 MSK SEVERE: Undefined class: Road found while loading classes -- Parser.recordError()
2018.02.06 09:33:12.592 MSK SEVERE: non-existent slot: butt-load-progs -- Parser.recordError()
2018.02.06 09:33:12.593 MSK SEVERE: non-existent slot: cloPrograms -- Parser.recordError()
2018.02.06 09:33:12.595 MSK SEVERE: non-existent slot: source -- Parser.recordError()
2018.02.06 09:33:12.596 MSK SEVERE: non-existent slot: altitude -- Parser.recordError()
2018.02.06 09:33:12.597 MSK SEVERE: non-existent slot: course -- Parser.recordError()
2018.02.06 09:33:12.598 MSK SEVERE: non-existent slot: label -- Parser.recordError()
2018.02.06 09:33:12.599 MSK SEVERE: non-existent slot: latitude -- Parser.recordError()
2018.02.06 09:33:12.600 MSK SEVERE: non-existent slot: longitude -- Parser.recordError()
2018.02.06 09:33:12.600 MSK SEVERE: non-existent slot: playground-index -- Parser.recordError()
2018.02.06 09:33:12.601 MSK SEVERE: non-existent slot: speed -- Parser.recordError()
2018.02.06 09:33:12.602 MSK SEVERE: non-existent slot: tangage -- Parser.recordError()
2018.02.06 09:33:12.603 MSK SEVERE: non-existent slot: url -- Parser.recordError()
2018.02.06 09:33:12.605 MSK SEVERE: non-existent slot: description -- Parser.recordError()
2018.02.06 09:33:12.607 MSK SEVERE: non-existent slot: lineColor -- Parser.recordError()
2018.02.06 09:33:12.608 MSK SEVERE: non-existent slot: points -- Parser.recordError()
2018.02.06 09:33:12.609 MSK SEVERE: non-existent slot: relative -- Parser.recordError()
2018.02.06 09:33:12.610 MSK SEVERE: non-existent slot: id -- Parser.recordError()
2018.02.06 09:33:12.611 MSK SEVERE: non-existent slot: poly -- Parser.recordError()
2018.02.06 09:33:12.635 MSK SEVERE: non-existent slot: direction -- Parser.recordError()
2018.02.06 09:33:12.636 MSK SEVERE: non-existent slot: way -- Parser.recordError()
2018.02.06 09:33:12.642 MSK SEVERE: non-existent slot: dirways -- Parser.recordError()
2018.02.06 09:33:12.646 MSK SEVERE: non-existent slot: object -- Parser.recordError()
2018.02.06 09:33:12.647 MSK SEVERE: non-existent slot: road -- Parser.recordError()
2018.02.06 09:33:12.648 MSK SEVERE: non-existent slot: spd -- Parser.recordError()
2018.02.06 09:33:12.649 MSK SEVERE: non-existent slot: capDecoration -- Parser.recordError()
2018.02.06 09:33:12.650 MSK SEVERE: non-existent slot: jointDecoration -- Parser.recordError()
2018.02.06 09:33:12.652 MSK SEVERE: non-existent slot: lineType -- Parser.recordError()
2018.02.06 09:33:12.653 MSK SEVERE: non-existent slot: lineWidth -- Parser.recordError()
2018.02.06 09:33:12.696 MSK SEVERE: non-existent slot: butt-ass-inss -- Parser.recordError()
2018.02.06 09:33:12.697 MSK SEVERE: non-existent slot: butt-fire -- Parser.recordError()
2018.02.06 09:33:12.698 MSK SEVERE: non-existent slot: butt-run -- Parser.recordError()
2018.02.06 09:33:12.698 MSK SEVERE: non-existent slot: butt-step -- Parser.recordError()
2018.02.06 09:33:12.699 MSK SEVERE: non-existent slot: mode -- Parser.recordError()
2018.02.06 09:33:12.700 MSK SEVERE: non-existent slot: rule-sets -- Parser.recordError()
2018.02.06 09:33:12.701 MSK SEVERE: non-existent slot: steps -- Parser.recordError()
2018.02.06 09:33:12.706 MSK SEVERE: non-existent slot: components -- Parser.recordError()
2018.02.06 09:33:12.708 MSK SEVERE: non-existent slot: Debug -- Parser.recordError()
2018.02.06 09:33:12.709 MSK SEVERE: non-existent slot: Latitude -- Parser.recordError()
2018.02.06 09:33:12.709 MSK SEVERE: non-existent slot: layers -- Parser.recordError()
2018.02.06 09:33:12.710 MSK SEVERE: non-existent slot: Longitude -- Parser.recordError()
2018.02.06 09:33:12.710 MSK SEVERE: non-existent slot: Scale -- Parser.recordError()
2018.02.06 09:33:12.711 MSK SEVERE: non-existent slot: startUpLayers -- Parser.recordError()
2018.02.06 09:33:12.713 MSK SEVERE: non-existent slot: but-onboard -- Parser.recordError()
2018.02.06 09:33:12.714 MSK SEVERE: non-existent slot: but-start-serv -- Parser.recordError()
2018.02.06 09:33:12.715 MSK SEVERE: non-existent slot: but-stop-serv -- Parser.recordError()
2018.02.06 09:33:12.715 MSK SEVERE: non-existent slot: onboard -- Parser.recordError()
2018.02.06 09:33:12.717 MSK SEVERE: non-existent slot: but-deep-copy -- Parser.recordError()
2018.02.06 09:33:12.718 MSK SEVERE: non-existent slot: but-del-fil -- Parser.recordError()
2018.02.06 09:33:12.719 MSK SEVERE: non-existent slot: but-del-unref -- Parser.recordError()
2018.02.06 09:33:12.720 MSK SEVERE: non-existent slot: but-find-unref -- Parser.recordError()
2018.02.06 09:33:12.720 MSK SEVERE: non-existent slot: but-load-prj -- Parser.recordError()
2018.02.06 09:33:12.721 MSK SEVERE: non-existent slot: but-shal-copy -- Parser.recordError()
2018.02.06 09:33:12.722 MSK SEVERE: non-existent slot: source-project -- Parser.recordError()
2018.02.06 09:33:12.731 MSK SEVERE: non-existent slot: cloFunctions -- Parser.recordError()
2018.02.06 09:33:12.732 MSK SEVERE: non-existent slot: cloNamespace -- Parser.recordError()
2018.02.06 09:33:12.733 MSK SEVERE: non-existent slot: cloVars -- Parser.recordError()
2018.02.06 09:33:12.769 MSK SEVERE: non-existent slot: line -- Parser.recordError()
2018.02.06 09:33:12.774 MSK SEVERE: non-existent slot: final_tasks -- Parser.recordError()
2018.02.06 09:33:12.775 MSK SEVERE: non-existent slot: finish_type -- Parser.recordError()
2018.02.06 09:33:12.776 MSK SEVERE: non-existent slot: initial_tasks -- Parser.recordError()
2018.02.06 09:33:12.777 MSK SEVERE: non-existent slot: scenario_scheme -- Parser.recordError()
2018.02.06 09:33:12.779 MSK SEVERE: non-existent slot: final_actions -- Parser.recordError()
2018.02.06 09:33:12.781 MSK SEVERE: non-existent slot: initial_actions -- Parser.recordError()
2018.02.06 09:33:12.782 MSK SEVERE: non-existent slot: task_scheme -- Parser.recordError()
2018.02.06 09:33:12.783 MSK SEVERE: non-existent slot: next_actions -- Parser.recordError()
2018.02.06 09:33:12.792 MSK SEVERE: Undefined class: ShareOnto found while loading instances -- Parser.recordError()
2018.02.06 09:33:12.793 MSK SEVERE: Undefined class: WorkingPrograms found while loading instances -- Parser.recordError()
2018.02.06 09:33:12.794 MSK SEVERE: Undefined class: CloFunction found while loading instances -- Parser.recordError()
2018.02.06 09:33:12.794 MSK SEVERE: Undefined class: Scenario found while loading instances -- Parser.recordError()
2018.02.06 09:33:12.795 MSK SEVERE: Undefined class: Task found while loading instances -- Parser.recordError()
2018.02.06 09:33:12.797 MSK SEVERE: Undefined class: CloProgram found while loading instances -- Parser.recordError()
2018.02.06 09:33:12.797 MSK SEVERE: Undefined class: Dirway found while loading instances -- Parser.recordError()
2018.02.06 09:33:12.798 MSK SEVERE: Undefined class: CeziumControl found while loading instances -- Parser.recordError()
2018.02.06 09:33:12.798 MSK SEVERE: Undefined class: CloFuncall found while loading instances -- Parser.recordError()
2018.02.06 09:33:12.799 MSK SEVERE: Undefined class: CloVar found while loading instances -- Parser.recordError()
2018.02.06 09:33:12.799 MSK SEVERE: Undefined class: Openmap found while loading instances -- Parser.recordError()
2018.02.06 09:33:12.800 MSK SEVERE: Undefined class: Display found while loading instances -- Parser.recordError()
2018.02.06 09:33:12.800 MSK SEVERE: Undefined class: Run found while loading instances -- Parser.recordError()
2018.02.06 09:33:12.800 MSK SEVERE: Undefined class: Way found while loading instances -- Parser.recordError()
2018.02.06 09:33:12.801 MSK SEVERE: Undefined class: CloNamespace found while loading instances -- Parser.recordError()
2018.02.06 09:33:12.801 MSK SEVERE: Undefined class: NavOb found while loading instances -- Parser.recordError()
2018.02.06 09:33:12.801 MSK SEVERE: Undefined class: GoRoad found while loading instances -- Parser.recordError()
2018.02.06 09:33:12.801 MSK SEVERE: Undefined class: Line found while loading instances -- Parser.recordError()
2018.02.06 09:33:12.802 MSK SEVERE: Undefined class: OMTPoly found while loading instances -- Parser.recordError()
2018.02.06 09:33:12.802 MSK SEVERE: Undefined instance: ScenarioN_Class510000 -- Parser.recordError()
2018.02.06 09:33:12.803 MSK SEVERE: Undefined instance: ScenarioN_Class550020 -- Parser.recordError()
2018.02.06 09:33:12.803 MSK SEVERE: Undefined instance: igis_Class30 -- Parser.recordError()
2018.02.06 09:33:12.803 MSK SEVERE: Undefined instance: Scenario_Class250011 -- Parser.recordError()
2018.02.06 09:33:12.804 MSK SEVERE: Undefined instance: igis_Class26 -- Parser.recordError()
2018.02.06 09:33:12.804 MSK SEVERE: Undefined instance: igis_Class25 -- Parser.recordError()
2018.02.06 09:33:12.804 MSK SEVERE: Undefined instance: igis_Class3 -- Parser.recordError()
2018.02.06 09:33:12.805 MSK SEVERE: Undefined instance: igis_Class4 -- Parser.recordError()
2018.02.06 09:33:12.805 MSK SEVERE: Undefined instance: igis_Class22 -- Parser.recordError()
2018.02.06 09:33:12.805 MSK SEVERE: Undefined instance: igis_Class1 -- Parser.recordError()
2018.02.06 09:33:12.805 MSK SEVERE: Undefined instance: igis_Class2 -- Parser.recordError()
2018.02.06 09:33:12.806 MSK SEVERE: Undefined instance: igis_Class21 -- Parser.recordError()
2018.02.06 09:33:12.806 MSK SEVERE: Undefined instance: Algorithm_Class10000 -- Parser.recordError()
2018.02.06 09:33:12.806 MSK SEVERE: Undefined instance: igis_Class20 -- Parser.recordError()
2018.02.06 09:33:12.807 MSK SEVERE: Undefined instance: Scenario_Class120024 -- Parser.recordError()
2018.02.06 09:33:12.807 MSK SEVERE: Undefined instance: igis_Class29 -- Parser.recordError()
2018.02.06 09:33:12.807 MSK SEVERE: Undefined instance: igis_Class28 -- Parser.recordError()
2018.02.06 09:33:12.808 MSK SEVERE: Undefined instance: igis_Class27 -- Parser.recordError()
2018.02.06 09:33:12.808 MSK SEVERE: Undefined instance: igis_Class15 -- Parser.recordError()
2018.02.06 09:33:12.809 MSK SEVERE: Undefined instance: igis_Class14 -- Parser.recordError()
2018.02.06 09:33:12.809 MSK SEVERE: Undefined instance: igis_Class12 -- Parser.recordError()
2018.02.06 09:33:12.810 MSK SEVERE: Undefined instance: igis_Class19 -- Parser.recordError()
2018.02.06 09:33:12.810 MSK SEVERE: Undefined instance: igis_Class40012 -- Parser.recordError()
2018.02.06 09:33:12.811 MSK SEVERE: Undefined instance: igis_Class18 -- Parser.recordError()
2018.02.06 09:33:12.812 MSK SEVERE: Undefined instance: igis_Class17 -- Parser.recordError()
2018.02.06 09:33:12.812 MSK SEVERE: Undefined instance: igis_Class16 -- Parser.recordError()
2018.02.06 09:33:12.813 MSK SEVERE: Undefined instance: igis_Class40011 -- Parser.recordError()
2018.02.06 09:33:12.814 MSK SEVERE: Undefined instance: Scenario_Class100006 -- Parser.recordError()
2018.02.06 09:33:12.815 MSK SEVERE: Undefined instance: ScenarioN_Class550030 -- Parser.recordError()
2018.02.06 09:33:12.815 MSK SEVERE: Undefined instance: igis_Class40001 -- Parser.recordError()
2018.02.06 09:33:12.816 MSK SEVERE: Undefined instance: igis_Class40000 -- Parser.recordError()
2018.02.06 09:33:12.816 MSK SEVERE: Undefined instance: Scenario_Class250008 -- Parser.recordError()
2018.02.06 09:33:12.817 MSK SEVERE: Undefined instance: Cezium_Class40000 -- Parser.recordError()
2018.02.06 09:33:12.817 MSK SEVERE: Undefined instance: Scenario_Class3 -- Parser.recordError()
2018.02.06 09:33:12.817 MSK SEVERE: Undefined instance: Scenario_Class17 -- Parser.recordError()
2018.02.06 09:33:12.818 MSK SEVERE: Undefined instance: Cezium_Class30043 -- Parser.recordError()
2018.02.06 09:33:12.818 MSK SEVERE: Undefined instance: Scenario_Class220003 -- Parser.recordError()
2018.02.06 09:33:12.818 MSK SEVERE: Undefined instance: Clojure_Class10000 -- Parser.recordError()
2018.02.06 09:33:12.818 MSK SEVERE: Undefined instance: RuleEngine_Class30000 -- Parser.recordError()
2018.02.06 09:33:12.819 MSK SEVERE: Undefined instance: igis_Class70000 -- Parser.recordError()
2018.02.06 09:33:12.819 MSK SEVERE: Undefined instance: Scenario_Class340000 -- Parser.recordError()
2018.02.06 09:33:12.820 MSK SEVERE: Undefined instance: Cezium_Class30026 -- Parser.recordError()
2018.02.06 09:33:12.820 MSK SEVERE: Undefined instance: Scenario_Class60001 -- Parser.recordError()
2018.02.06 09:33:12.826 MSK WARNING: unable to load frame: ScenarioN_Class590017 -- PropertyMapUtil.getFrame()
2018.02.06 09:33:12.828 MSK WARNING: unable to load frame: ScenarioN_Class540004 -- PropertyMapUtil.getFrame()
2018.02.06 09:33:12.828 MSK WARNING: unable to load frame: ScenarioN_Class290013 -- PropertyMapUtil.getFrame()
2018.02.06 09:33:12.829 MSK WARNING: unable to load frame: ScenarioN_Class500009 -- PropertyMapUtil.getFrame()
2018.02.06 09:33:12.829 MSK WARNING: unable to load frame: Scenario_Instance_240000 -- PropertyMapUtil.getFrame()
2018.02.06 09:33:12.830 MSK WARNING: unable to load frame: ScenarioN_Class370007 -- PropertyMapUtil.getFrame()
2018.02.06 09:33:12.831 MSK WARNING: unable to load frame: ScenarioN_Class110007 -- PropertyMapUtil.getFrame()
2018.02.06 09:33:12.832 MSK WARNING: unable to load frame: ScenarioN_Class650008 -- PropertyMapUtil.getFrame()
2018.02.06 09:33:12.832 MSK WARNING: unable to load frame: ScenarioN_Class680011 -- PropertyMapUtil.getFrame()
2018.02.06 09:33:12.833 MSK WARNING: unable to load frame: ScenarioN_Class380010 -- PropertyMapUtil.getFrame()
2018.02.06 09:33:12.835 MSK WARNING: unable to load frame: ScenarioN_Class320007 -- PropertyMapUtil.getFrame()
2018.02.06 09:33:12.836 MSK WARNING: unable to load frame: ScenarioN_Class620009 -- PropertyMapUtil.getFrame()
2018.02.06 09:33:12.837 MSK WARNING: unable to load frame: Scenario_Class60003 -- PropertyMapUtil.getFrame()
2018.02.06 09:33:12.839 MSK WARNING: unable to load frame: ScenarioN_Class640008 -- PropertyMapUtil.getFrame()
2018.02.06 09:33:12.851 MSK INFO: Project load time for file:/home/ru/clojure/simpro-scene/pprj_examples/OSMRoads.pprj: 1 sec -- ProjectChooser.loadProject()
2018.02.06 09:33:14.207 MSK WARNING: empty values: Slot(altitude) Slot(:SLOT-VALUE-TYPE) -- ValueTypeWidget.setValues()
2018.02.06 09:33:15.491 MSK WARNING: java.lang.NullPointerException
	at java.awt.Container.addImpl(Container.java:1097)
	at java.awt.Container.add(Container.java:973)
	at ru.igis.omtab.OpenMapTab.setMap(OpenMapTab.java:143)
	at ru.igis.omtab.OpenMapTab.initialize(OpenMapTab.java:97)
	at edu.stanford.smi.protege.widget.WidgetUtilities.createTabWidget(Unknown Source)
	at edu.stanford.smi.protege.ui.ProjectView.addTab(Unknown Source)
	at edu.stanford.smi.protege.ui.ProjectView.createTabbedPane(Unknown Source)
	at edu.stanford.smi.protege.ui.ProjectView.<init>(Unknown Source)
	at edu.stanford.smi.protege.ui.ProjectManager.displayCurrentProject(Unknown Source)
	at edu.stanford.smi.protege.ui.ProjectManager.displayCurrentProject(Unknown Source)
	at edu.stanford.smi.protege.ui.ProjectManager.openProjectRequest(Unknown Source)
	at edu.stanford.smi.protege.ui.WelcomeDialog.openOtherButton_actionPerformed(Unknown Source)
	at edu.stanford.smi.protege.ui.WelcomeDialog$3.actionPerformed(Unknown Source)
	at javax.swing.AbstractButton.fireActionPerformed(AbstractButton.java:2022)
	at javax.swing.AbstractButton$Handler.actionPerformed(AbstractButton.java:2348)
	at javax.swing.DefaultButtonModel.fireActionPerformed(DefaultButtonModel.java:402)
	at javax.swing.DefaultButtonModel.setPressed(DefaultButtonModel.java:259)
	at javax.swing.plaf.basic.BasicButtonListener.mouseReleased(BasicButtonListener.java:252)
	at java.awt.AWTEventMulticaster.mouseReleased(AWTEventMulticaster.java:289)
	at java.awt.Component.processMouseEvent(Component.java:6533)
	at javax.swing.JComponent.processMouseEvent(JComponent.java:3324)
	at java.awt.Component.processEvent(Component.java:6298)
	at java.awt.Container.processEvent(Container.java:2236)
	at java.awt.Component.dispatchEventImpl(Component.java:4889)
	at java.awt.Container.dispatchEventImpl(Container.java:2294)
	at java.awt.Component.dispatchEvent(Component.java:4711)
	at java.awt.LightweightDispatcher.retargetMouseEvent(Container.java:4888)
	at java.awt.LightweightDispatcher.processMouseEvent(Container.java:4525)
	at java.awt.LightweightDispatcher.dispatchEvent(Container.java:4466)
	at java.awt.Container.dispatchEventImpl(Container.java:2280)
	at java.awt.Window.dispatchEventImpl(Window.java:2746)
	at java.awt.Component.dispatchEvent(Component.java:4711)
	at java.awt.EventQueue.dispatchEventImpl(EventQueue.java:758)
	at java.awt.EventQueue.access$500(EventQueue.java:97)
	at java.awt.EventQueue$3.run(EventQueue.java:709)
	at java.awt.EventQueue$3.run(EventQueue.java:703)
	at java.security.AccessController.doPrivileged(Native Method)
	at java.security.ProtectionDomain$JavaSecurityAccessImpl.doIntersectionPrivilege(ProtectionDomain.java:80)
	at java.security.ProtectionDomain$JavaSecurityAccessImpl.doIntersectionPrivilege(ProtectionDomain.java:90)
	at java.awt.EventQueue$4.run(EventQueue.java:731)
	at java.awt.EventQueue$4.run(EventQueue.java:729)
	at java.security.AccessController.doPrivileged(Native Method)
	at java.security.ProtectionDomain$JavaSecurityAccessImpl.doIntersectionPrivilege(ProtectionDomain.java:80)
	at java.awt.EventQueue.dispatchEvent(EventQueue.java:728)
	at java.awt.EventDispatchThread.pumpOneEventForFilters(EventDispatchThread.java:201)
	at java.awt.EventDispatchThread.pumpEventsForFilter(EventDispatchThread.java:116)
	at java.awt.EventDispatchThread.pumpEventsForFilter(EventDispatchThread.java:109)
	at java.awt.WaitDispatchSupport$2.run(WaitDispatchSupport.java:184)
	at java.awt.event.InvocationEvent.dispatch(InvocationEvent.java:311)
	at java.awt.EventQueue.dispatchEventImpl(EventQueue.java:756)
	at java.awt.EventQueue.access$500(EventQueue.java:97)
	at java.awt.EventQueue$3.run(EventQueue.java:709)
	at java.awt.EventQueue$3.run(EventQueue.java:703)
	at java.security.AccessController.doPrivileged(Native Method)
	at java.security.ProtectionDomain$JavaSecurityAccessImpl.doIntersectionPrivilege(ProtectionDomain.java:80)
	at java.awt.EventQueue.dispatchEvent(EventQueue.java:726)
	at java.awt.EventDispatchThread.pumpOneEventForFilters(EventDispatchThread.java:201)
	at java.awt.EventDispatchThread.pumpEventsForFilter(EventDispatchThread.java:116)
	at java.awt.EventDispatchThread.pumpEventsForHierarchy(EventDispatchThread.java:105)
	at java.awt.EventDispatchThread.pumpEvents(EventDispatchThread.java:101)
	at java.awt.EventDispatchThread.pumpEvents(EventDispatchThread.java:93)
	at java.awt.EventDispatchThread.run(EventDispatchThread.java:82)
 -- WidgetUtilities.createTabWidget()
2018.02.06 09:33:15.975 MSK INFO: UI display time = 3 sec -- ProjectManager$2.run()
2018.02.06 09:35:24.805 MSK INFO: Loaded 5000 instances: ScenarioN_ProjectKB_Class72402 -- Parser.getInstance()
2018.02.06 09:35:24.826 MSK INFO: Loaded 6000 instances: ScenarioN_ProjectKB_Class83402 -- Parser.getInstance()
2018.02.06 09:35:24.910 MSK INFO: Set type on 5000 instances: ScenarioN_ProjectKB_Class83072 -- Parser.getInstance()
2018.02.06 09:35:24.988 MSK INFO: Set type on 6000 instances: ScenarioN_ProjectKB_Class84072 -- Parser.getInstance()
2018.02.06 09:35:32.217 MSK INFO: Project load time for file:/home/ru/clojure/simpro-scene/pprj_examples/OSMRoads.pprj: 8 sec -- ProjectChooser.loadProject()
2018.02.06 09:35:53.406 MSK INFO: UI display time = 21 sec -- ProjectManager$2.run()
