2020.04.15 16:56:28.861 MSK INFO: *** SYSTEM START *** -- SystemUtilities.logSystemInfo()
2020.04.15 16:56:28.922 MSK CONFIG: Protege 3.5 Build 663, JVM 11.0.6+10-post-Debian-1deb10u1, memory=2076M, Linux, encoding=UTF-8, language=en, country=US -- SystemUtilities.logSystemInfo()
2020.04.15 16:56:28.937 MSK WARNING: Plugins directory not found: /home/ru/clojure/simpro-scene/plugins -- PluginUtilities.findPluginsDirectory()
2020.04.15 16:56:30.774 MSK WARNING: missing bundle: standard_extensions_text -- BundleHelper.<init>()
2020.04.15 16:56:30.804 MSK WARNING: no resource bundle: tab.queries -- BundleHelper.internalGetText()
2020.04.15 16:56:32.008 MSK WARNING: Look and feel not found:  -- SystemUtilities.setLookAndFeel()
2020.04.15 16:56:33.273 MSK WARNING: missing bundle: protege_text -- BundleHelper.<init>()
2020.04.15 16:56:44.587 MSK INFO: Load time for file:/home/ru/clojure/simpro-scene/pprj_cesium/CesiumWorkshop.pprj = 0 sec (project) + 6 sec (ui) -- ProjectManager$3.run()
2020.04.15 17:44:26.534 MSK SEVERE: null -- clojure.lang.ExceptionInfo: failed compiling file:src/cljs/workshop/workshop/client.cljs {:file #object[java.io.File 0x40215310 "src/cljs/workshop/workshop/client.cljs"]}
	at cljs.compiler$compile_file$fn__3822.invoke(compiler.cljc:1705)
	at cljs.compiler$compile_file.invokeStatic(compiler.cljc:1665)
	at cljs.compiler$compile_file.invoke(compiler.cljc:1641)
	at cljs.closure$compile_file.invokeStatic(closure.clj:647)
	at cljs.closure$compile_file.invoke(closure.clj:625)
	at cljs.closure$fn__5294.invokeStatic(closure.clj:721)
	at cljs.closure$fn__5294.invoke(closure.clj:715)
	at cljs.closure$fn__5207$G__5200__5214.invoke(closure.clj:543)
	at cljs.closure$compile_sources$iter__5420__5424$fn__5425.invoke(closure.clj:1081)
	at clojure.lang.LazySeq.sval(LazySeq.java:42)
	at clojure.lang.LazySeq.seq(LazySeq.java:51)
	at clojure.lang.Cons.next(Cons.java:39)
	at clojure.lang.RT.next(RT.java:713)
	at clojure.core$next__5386.invokeStatic(core.clj:64)
	at clojure.core$dorun.invokeStatic(core.clj:3142)
	at clojure.core$doall.invokeStatic(core.clj:3148)
	at clojure.core$doall.invoke(core.clj:3148)
	at cljs.closure$compile_sources.invokeStatic(closure.clj:1077)
	at cljs.closure$compile_sources.invoke(closure.clj:1066)
	at cljs.closure$build.invokeStatic(closure.clj:2995)
	at cljs.closure$build.invoke(closure.clj:2903)
	at cljs.build.api$build.invokeStatic(api.clj:208)
	at cljs.build.api$build.invoke(api.clj:189)
	at cljs.build.api$build.invokeStatic(api.clj:195)
	at cljs.build.api$build.invoke(api.clj:189)
	at cljs.compile$build.invokeStatic(compile.clj:69)
	at cljs.compile$build.invoke(compile.clj:42)
	at clojure.lang.Var.invoke(Var.java:388)
	at clojuretab.ClojureTab.invoke(ClojureTab.java:700)
	at clojuretab.ClojureActionButton$1.actionPerformed(ClojureActionButton.java:53)
	at java.desktop/javax.swing.AbstractButton.fireActionPerformed(AbstractButton.java:1967)
	at java.desktop/javax.swing.AbstractButton$Handler.actionPerformed(AbstractButton.java:2308)
	at java.desktop/javax.swing.DefaultButtonModel.fireActionPerformed(DefaultButtonModel.java:405)
	at java.desktop/javax.swing.DefaultButtonModel.setPressed(DefaultButtonModel.java:262)
	at java.desktop/javax.swing.plaf.basic.BasicButtonListener.mouseReleased(BasicButtonListener.java:279)
	at java.desktop/java.awt.Component.processMouseEvent(Component.java:6632)
	at java.desktop/javax.swing.JComponent.processMouseEvent(JComponent.java:3342)
	at java.desktop/java.awt.Component.processEvent(Component.java:6397)
	at java.desktop/java.awt.Container.processEvent(Container.java:2263)
	at java.desktop/java.awt.Component.dispatchEventImpl(Component.java:5008)
	at java.desktop/java.awt.Container.dispatchEventImpl(Container.java:2321)
	at java.desktop/java.awt.Component.dispatchEvent(Component.java:4840)
	at java.desktop/java.awt.LightweightDispatcher.retargetMouseEvent(Container.java:4918)
	at java.desktop/java.awt.LightweightDispatcher.processMouseEvent(Container.java:4547)
	at java.desktop/java.awt.LightweightDispatcher.dispatchEvent(Container.java:4488)
	at java.desktop/java.awt.Container.dispatchEventImpl(Container.java:2307)
	at java.desktop/java.awt.Window.dispatchEventImpl(Window.java:2772)
	at java.desktop/java.awt.Component.dispatchEvent(Component.java:4840)
	at java.desktop/java.awt.EventQueue.dispatchEventImpl(EventQueue.java:772)
	at java.desktop/java.awt.EventQueue$4.run(EventQueue.java:721)
	at java.desktop/java.awt.EventQueue$4.run(EventQueue.java:715)
	at java.base/java.security.AccessController.doPrivileged(Native Method)
	at java.base/java.security.ProtectionDomain$JavaSecurityAccessImpl.doIntersectionPrivilege(ProtectionDomain.java:85)
	at java.base/java.security.ProtectionDomain$JavaSecurityAccessImpl.doIntersectionPrivilege(ProtectionDomain.java:95)
	at java.desktop/java.awt.EventQueue$5.run(EventQueue.java:745)
	at java.desktop/java.awt.EventQueue$5.run(EventQueue.java:743)
	at java.base/java.security.AccessController.doPrivileged(Native Method)
	at java.base/java.security.ProtectionDomain$JavaSecurityAccessImpl.doIntersectionPrivilege(ProtectionDomain.java:85)
	at java.desktop/java.awt.EventQueue.dispatchEvent(EventQueue.java:742)
	at java.desktop/java.awt.EventDispatchThread.pumpOneEventForFilters(EventDispatchThread.java:203)
	at java.desktop/java.awt.EventDispatchThread.pumpEventsForFilter(EventDispatchThread.java:124)
	at java.desktop/java.awt.EventDispatchThread.pumpEventsForHierarchy(EventDispatchThread.java:113)
	at java.desktop/java.awt.EventDispatchThread.pumpEvents(EventDispatchThread.java:109)
	at java.desktop/java.awt.EventDispatchThread.pumpEvents(EventDispatchThread.java:101)
	at java.desktop/java.awt.EventDispatchThread.run(EventDispatchThread.java:90)
Caused by: clojure.lang.ExceptionInfo: Unknown dot form of (. sel -value ((.item (.-selectedIndex tile-sty)))) with classification [:cljs.analyzer/expr :cljs.analyzer/property :cljs.analyzer/expr] at line 147 src/cljs/workshop/workshop/client.cljs {:file "src/cljs/workshop/workshop/client.cljs", :line 147, :column 71, :tag :cljs/analysis-error}
	at cljs.analyzer$error.invokeStatic(analyzer.cljc:718)
	at cljs.analyzer$error.invoke(analyzer.cljc:714)
	at cljs.analyzer$analyze_seq_STAR__wrap.invokeStatic(analyzer.cljc:3604)
	at cljs.analyzer$analyze_seq_STAR__wrap.invoke(analyzer.cljc:3603)
	at cljs.analyzer$analyze_seq.invokeStatic(analyzer.cljc:3629)
	at cljs.analyzer$analyze_seq.invoke(analyzer.cljc:3607)
	at cljs.analyzer$analyze_form.invokeStatic(analyzer.cljc:3810)
	at cljs.analyzer$analyze_form.invoke(analyzer.cljc:3807)
	at cljs.analyzer$analyze_STAR_.invokeStatic(analyzer.cljc:3860)
	at cljs.analyzer$analyze_STAR_.invoke(analyzer.cljc:3851)
	at cljs.analyzer$analyze.invokeStatic(analyzer.cljc:3880)
	at cljs.analyzer$analyze.invoke(analyzer.cljc:3863)
	at cljs.analyzer$analyze_seq.invokeStatic(analyzer.cljc:3630)
	at cljs.analyzer$analyze_seq.invoke(analyzer.cljc:3607)
	at cljs.analyzer$analyze_form.invokeStatic(analyzer.cljc:3810)
	at cljs.analyzer$analyze_form.invoke(analyzer.cljc:3807)
	at cljs.analyzer$analyze_STAR_.invokeStatic(analyzer.cljc:3860)
	at cljs.analyzer$analyze_STAR_.invoke(analyzer.cljc:3851)
	at cljs.analyzer$analyze.invokeStatic(analyzer.cljc:3880)
	at cljs.analyzer$analyze.invoke(analyzer.cljc:3863)
	at cljs.analyzer$analyze.invokeStatic(analyzer.cljc:3873)
	at cljs.analyzer$analyze.invoke(analyzer.cljc:3863)
	at cljs.analyzer$analyze.invokeStatic(analyzer.cljc:3871)
	at cljs.analyzer$analyze.invoke(analyzer.cljc:3863)
	at cljs.analyzer$analyze_let_binding_init.invokeStatic(analyzer.cljc:2062)
	at cljs.analyzer$analyze_let_binding_init.invoke(analyzer.cljc:2060)
	at cljs.analyzer$analyze_let_bindings_STAR_.invokeStatic(analyzer.cljc:2082)
	at cljs.analyzer$analyze_let_bindings_STAR_.invoke(analyzer.cljc:2071)
	at cljs.analyzer$analyze_let_bindings.invokeStatic(analyzer.cljc:2114)
	at cljs.analyzer$analyze_let_bindings.invoke(analyzer.cljc:2113)
	at cljs.analyzer$analyze_let.invokeStatic(analyzer.cljc:2130)
	at cljs.analyzer$analyze_let.invoke(analyzer.cljc:2124)
	at cljs.analyzer$fn__1898.invokeStatic(analyzer.cljc:2150)
	at cljs.analyzer$fn__1898.invoke(analyzer.cljc:2148)
	at clojure.lang.MultiFn.invoke(MultiFn.java:252)
	at cljs.analyzer$analyze_seq_STAR_.invokeStatic(analyzer.cljc:3600)
	at cljs.analyzer$analyze_seq_STAR_.invoke(analyzer.cljc:3598)
	at cljs.analyzer$analyze_seq_STAR__wrap.invokeStatic(analyzer.cljc:3605)
	at cljs.analyzer$analyze_seq_STAR__wrap.invoke(analyzer.cljc:3603)
	at cljs.analyzer$analyze_seq.invokeStatic(analyzer.cljc:3629)
	at cljs.analyzer$analyze_seq.invoke(analyzer.cljc:3607)
	at cljs.analyzer$analyze_form.invokeStatic(analyzer.cljc:3810)
	at cljs.analyzer$analyze_form.invoke(analyzer.cljc:3807)
	at cljs.analyzer$analyze_STAR_.invokeStatic(analyzer.cljc:3860)
	at cljs.analyzer$analyze_STAR_.invoke(analyzer.cljc:3851)
	at cljs.analyzer$analyze.invokeStatic(analyzer.cljc:3880)
	at cljs.analyzer$analyze.invoke(analyzer.cljc:3863)
	at cljs.analyzer$analyze_seq.invokeStatic(analyzer.cljc:3630)
	at cljs.analyzer$analyze_seq.invoke(analyzer.cljc:3607)
	at cljs.analyzer$analyze_form.invokeStatic(analyzer.cljc:3810)
	at cljs.analyzer$analyze_form.invoke(analyzer.cljc:3807)
	at cljs.analyzer$analyze_STAR_.invokeStatic(analyzer.cljc:3860)
	at cljs.analyzer$analyze_STAR_.invoke(analyzer.cljc:3851)
	at cljs.analyzer$analyze.invokeStatic(analyzer.cljc:3880)
	at cljs.analyzer$analyze.invoke(analyzer.cljc:3863)
	at cljs.analyzer$analyze_seq.invokeStatic(analyzer.cljc:3630)
	at cljs.analyzer$analyze_seq.invoke(analyzer.cljc:3607)
	at cljs.analyzer$analyze_form.invokeStatic(analyzer.cljc:3810)
	at cljs.analyzer$analyze_form.invoke(analyzer.cljc:3807)
	at cljs.analyzer$analyze_STAR_.invokeStatic(analyzer.cljc:3860)
	at cljs.analyzer$analyze_STAR_.invoke(analyzer.cljc:3851)
	at cljs.analyzer$analyze.invokeStatic(analyzer.cljc:3880)
	at cljs.analyzer$analyze.invoke(analyzer.cljc:3863)
	at cljs.analyzer$analyze.invokeStatic(analyzer.cljc:3873)
	at cljs.analyzer$analyze.invoke(analyzer.cljc:3863)
	at cljs.analyzer$analyze.invokeStatic(analyzer.cljc:3871)
	at cljs.analyzer$analyze.invoke(analyzer.cljc:3863)
	at cljs.analyzer$fn__1879.invokeStatic(analyzer.cljc:2041)
	at cljs.analyzer$fn__1879.invoke(analyzer.cljc:2037)
	at clojure.lang.MultiFn.invoke(MultiFn.java:252)
	at cljs.analyzer$analyze_seq_STAR_.invokeStatic(analyzer.cljc:3600)
	at cljs.analyzer$analyze_seq_STAR_.invoke(analyzer.cljc:3598)
	at cljs.analyzer$analyze_seq_STAR__wrap.invokeStatic(analyzer.cljc:3605)
	at cljs.analyzer$analyze_seq_STAR__wrap.invoke(analyzer.cljc:3603)
	at cljs.analyzer$analyze_seq.invokeStatic(analyzer.cljc:3629)
	at cljs.analyzer$analyze_seq.invoke(analyzer.cljc:3607)
	at cljs.analyzer$analyze_form.invokeStatic(analyzer.cljc:3810)
	at cljs.analyzer$analyze_form.invoke(analyzer.cljc:3807)
	at cljs.analyzer$analyze_STAR_.invokeStatic(analyzer.cljc:3860)
	at cljs.analyzer$analyze_STAR_.invoke(analyzer.cljc:3851)
	at cljs.analyzer$analyze.invokeStatic(analyzer.cljc:3880)
	at cljs.analyzer$analyze.invoke(analyzer.cljc:3863)
	at cljs.analyzer$analyze.invokeStatic(analyzer.cljc:3873)
	at cljs.analyzer$analyze.invoke(analyzer.cljc:3863)
	at cljs.analyzer$analyze.invokeStatic(analyzer.cljc:3871)
	at cljs.analyzer$analyze.invoke(analyzer.cljc:3863)
	at cljs.analyzer$analyze_fn_method_body.invokeStatic(analyzer.cljc:1835)
	at cljs.analyzer$analyze_fn_method_body.invoke(analyzer.cljc:1833)
	at cljs.analyzer$analyze_fn_method.invokeStatic(analyzer.cljc:1856)
	at cljs.analyzer$analyze_fn_method.invoke(analyzer.cljc:1837)
	at cljs.analyzer$fn__1842$fn__1845.invoke(analyzer.cljc:1928)
	at clojure.core$map$fn__5866.invoke(core.clj:2755)
	at clojure.lang.LazySeq.sval(LazySeq.java:42)
	at clojure.lang.LazySeq.seq(LazySeq.java:51)
	at clojure.lang.RT.seq(RT.java:535)
	at clojure.core$seq__5402.invokeStatic(core.clj:137)
	at clojure.core.protocols$seq_reduce.invokeStatic(protocols.clj:24)
	at clojure.core.protocols$fn__8146.invokeStatic(protocols.clj:75)
	at clojure.core.protocols$fn__8146.invoke(protocols.clj:75)
	at clojure.core.protocols$fn__8088$G__8083__8101.invoke(protocols.clj:13)
	at clojure.core$transduce.invokeStatic(core.clj:6884)
	at clojure.core$transduce.invoke(core.clj:6870)
	at cljs.analyzer$fn__1842.invokeStatic(analyzer.cljc:1929)
	at cljs.analyzer$fn__1842.invoke(analyzer.cljc:1899)
	at clojure.lang.MultiFn.invoke(MultiFn.java:252)
	at cljs.analyzer$analyze_seq_STAR_.invokeStatic(analyzer.cljc:3600)
	at cljs.analyzer$analyze_seq_STAR_.invoke(analyzer.cljc:3598)
	at cljs.analyzer$analyze_seq_STAR__wrap.invokeStatic(analyzer.cljc:3605)
	at cljs.analyzer$analyze_seq_STAR__wrap.invoke(analyzer.cljc:3603)
	at cljs.analyzer$analyze_seq.invokeStatic(analyzer.cljc:3629)
	at cljs.analyzer$analyze_seq.invoke(analyzer.cljc:3607)
	at cljs.analyzer$analyze_form.invokeStatic(analyzer.cljc:3810)
	at cljs.analyzer$analyze_form.invoke(analyzer.cljc:3807)
	at cljs.analyzer$analyze_STAR_.invokeStatic(analyzer.cljc:3860)
	at cljs.analyzer$analyze_STAR_.invoke(analyzer.cljc:3851)
	at cljs.analyzer$analyze.invokeStatic(analyzer.cljc:3880)
	at cljs.analyzer$analyze.invoke(analyzer.cljc:3863)
	at cljs.analyzer$analyze_seq.invokeStatic(analyzer.cljc:3630)
	at cljs.analyzer$analyze_seq.invoke(analyzer.cljc:3607)
	at cljs.analyzer$analyze_form.invokeStatic(analyzer.cljc:3810)
	at cljs.analyzer$analyze_form.invoke(analyzer.cljc:3807)
	at cljs.analyzer$analyze_STAR_.invokeStatic(analyzer.cljc:3860)
	at cljs.analyzer$analyze_STAR_.invoke(analyzer.cljc:3851)
	at cljs.analyzer$analyze.invokeStatic(analyzer.cljc:3880)
	at cljs.analyzer$analyze.invoke(analyzer.cljc:3863)
	at cljs.analyzer$analyze.invokeStatic(analyzer.cljc:3873)
	at cljs.analyzer$analyze.invoke(analyzer.cljc:3863)
	at cljs.analyzer$analyze.invokeStatic(analyzer.cljc:3871)
	at cljs.analyzer$analyze.invoke(analyzer.cljc:3863)
	at cljs.analyzer$analyze_dot$fn__2326.invoke(analyzer.cljc:3150)
	at clojure.core$mapv$fn__8445.invoke(core.clj:6912)
	at clojure.lang.PersistentList.reduce(PersistentList.java:144)
	at clojure.core$reduce.invokeStatic(core.clj:6827)
	at clojure.core$mapv.invokeStatic(core.clj:6903)
	at clojure.core$mapv.invoke(core.clj:6903)
	at cljs.analyzer$analyze_dot.invokeStatic(analyzer.cljc:3150)
	at cljs.analyzer$analyze_dot.invoke(analyzer.cljc:3101)
	at cljs.analyzer$fn__2339.invokeStatic(analyzer.cljc:3165)
	at cljs.analyzer$fn__2339.invoke(analyzer.cljc:3163)
	at clojure.lang.MultiFn.invoke(MultiFn.java:252)
	at cljs.analyzer$analyze_seq_STAR_.invokeStatic(analyzer.cljc:3600)
	at cljs.analyzer$analyze_seq_STAR_.invoke(analyzer.cljc:3598)
	at cljs.analyzer$analyze_seq_STAR__wrap.invokeStatic(analyzer.cljc:3605)
	at cljs.analyzer$analyze_seq_STAR__wrap.invoke(analyzer.cljc:3603)
	at cljs.analyzer$analyze_seq.invokeStatic(analyzer.cljc:3629)
	at cljs.analyzer$analyze_seq.invoke(analyzer.cljc:3607)
	at cljs.analyzer$analyze_form.invokeStatic(analyzer.cljc:3810)
	at cljs.analyzer$analyze_form.invoke(analyzer.cljc:3807)
	at cljs.analyzer$analyze_STAR_.invokeStatic(analyzer.cljc:3860)
	at cljs.analyzer$analyze_STAR_.invoke(analyzer.cljc:3851)
	at cljs.analyzer$analyze.invokeStatic(analyzer.cljc:3880)
	at cljs.analyzer$analyze.invoke(analyzer.cljc:3863)
	at cljs.analyzer$analyze_seq.invokeStatic(analyzer.cljc:3630)
	at cljs.analyzer$analyze_seq.invoke(analyzer.cljc:3607)
	at cljs.analyzer$analyze_form.invokeStatic(analyzer.cljc:3810)
	at cljs.analyzer$analyze_form.invoke(analyzer.cljc:3807)
	at cljs.analyzer$analyze_STAR_.invokeStatic(analyzer.cljc:3860)
	at cljs.analyzer$analyze_STAR_.invoke(analyzer.cljc:3851)
	at cljs.analyzer$analyze.invokeStatic(analyzer.cljc:3880)
	at cljs.analyzer$analyze.invoke(analyzer.cljc:3863)
	at cljs.analyzer$analyze.invokeStatic(analyzer.cljc:3873)
	at cljs.analyzer$analyze.invoke(analyzer.cljc:3863)
	at cljs.analyzer$analyze.invokeStatic(analyzer.cljc:3871)
	at cljs.analyzer$analyze.invoke(analyzer.cljc:3863)
	at cljs.analyzer$fn__1879.invokeStatic(analyzer.cljc:2051)
	at cljs.analyzer$fn__1879.invoke(analyzer.cljc:2037)
	at clojure.lang.MultiFn.invoke(MultiFn.java:252)
	at cljs.analyzer$analyze_seq_STAR_.invokeStatic(analyzer.cljc:3600)
	at cljs.analyzer$analyze_seq_STAR_.invoke(analyzer.cljc:3598)
	at cljs.analyzer$analyze_seq_STAR__wrap.invokeStatic(analyzer.cljc:3605)
	at cljs.analyzer$analyze_seq_STAR__wrap.invoke(analyzer.cljc:3603)
	at cljs.analyzer$analyze_seq.invokeStatic(analyzer.cljc:3629)
	at cljs.analyzer$analyze_seq.invoke(analyzer.cljc:3607)
	at cljs.analyzer$analyze_form.invokeStatic(analyzer.cljc:3810)
	at cljs.analyzer$analyze_form.invoke(analyzer.cljc:3807)
	at cljs.analyzer$analyze_STAR_.invokeStatic(analyzer.cljc:3860)
	at cljs.analyzer$analyze_STAR_.invoke(analyzer.cljc:3851)
	at cljs.analyzer$analyze.invokeStatic(analyzer.cljc:3880)
	at cljs.analyzer$analyze.invoke(analyzer.cljc:3863)
	at cljs.analyzer$analyze.invokeStatic(analyzer.cljc:3873)
	at cljs.analyzer$analyze.invoke(analyzer.cljc:3863)
	at cljs.analyzer$analyze.invokeStatic(analyzer.cljc:3871)
	at cljs.analyzer$analyze.invoke(analyzer.cljc:3863)
	at cljs.analyzer$analyze_let_body_STAR_.invokeStatic(analyzer.cljc:2117)
	at cljs.analyzer$analyze_let_body_STAR_.invoke(analyzer.cljc:2116)
	at cljs.analyzer$analyze_let_body.invokeStatic(analyzer.cljc:2122)
	at cljs.analyzer$analyze_let_body.invoke(analyzer.cljc:2119)
	at cljs.analyzer$analyze_let.invokeStatic(analyzer.cljc:2139)
	at cljs.analyzer$analyze_let.invoke(analyzer.cljc:2124)
	at cljs.analyzer$fn__1898.invokeStatic(analyzer.cljc:2150)
	at cljs.analyzer$fn__1898.invoke(analyzer.cljc:2148)
	at clojure.lang.MultiFn.invoke(MultiFn.java:252)
	at cljs.analyzer$analyze_seq_STAR_.invokeStatic(analyzer.cljc:3600)
	at cljs.analyzer$analyze_seq_STAR_.invoke(analyzer.cljc:3598)
	at cljs.analyzer$analyze_seq_STAR__wrap.invokeStatic(analyzer.cljc:3605)
	at cljs.analyzer$analyze_seq_STAR__wrap.invoke(analyzer.cljc:3603)
	at cljs.analyzer$analyze_seq.invokeStatic(analyzer.cljc:3629)
	at cljs.analyzer$analyze_seq.invoke(analyzer.cljc:3607)
	at cljs.analyzer$analyze_form.invokeStatic(analyzer.cljc:3810)
	at cljs.analyzer$analyze_form.invoke(analyzer.cljc:3807)
	at cljs.analyzer$analyze_STAR_.invokeStatic(analyzer.cljc:3860)
	at cljs.analyzer$analyze_STAR_.invoke(analyzer.cljc:3851)
	at cljs.analyzer$analyze.invokeStatic(analyzer.cljc:3880)
	at cljs.analyzer$analyze.invoke(analyzer.cljc:3863)
	at cljs.analyzer$analyze_seq.invokeStatic(analyzer.cljc:3630)
	at cljs.analyzer$analyze_seq.invoke(analyzer.cljc:3607)
	at cljs.analyzer$analyze_form.invokeStatic(analyzer.cljc:3810)
	at cljs.analyzer$analyze_form.invoke(analyzer.cljc:3807)
	at cljs.analyzer$analyze_STAR_.invokeStatic(analyzer.cljc:3860)
	at cljs.analyzer$analyze_STAR_.invoke(analyzer.cljc:3851)
	at cljs.analyzer$analyze.invokeStatic(analyzer.cljc:3880)
	at cljs.analyzer$analyze.invoke(analyzer.cljc:3863)
	at cljs.analyzer$analyze.invokeStatic(analyzer.cljc:3873)
	at cljs.analyzer$analyze.invoke(analyzer.cljc:3863)
	at cljs.analyzer$analyze.invokeStatic(analyzer.cljc:3871)
	at cljs.analyzer$analyze.invoke(analyzer.cljc:3863)
	at cljs.analyzer$fn__1879.invokeStatic(analyzer.cljc:2041)
	at cljs.analyzer$fn__1879.invoke(analyzer.cljc:2037)
	at clojure.lang.MultiFn.invoke(MultiFn.java:252)
	at cljs.analyzer$analyze_seq_STAR_.invokeStatic(analyzer.cljc:3600)
	at cljs.analyzer$analyze_seq_STAR_.invoke(analyzer.cljc:3598)
	at cljs.analyzer$analyze_seq_STAR__wrap.invokeStatic(analyzer.cljc:3605)
	at cljs.analyzer$analyze_seq_STAR__wrap.invoke(analyzer.cljc:3603)
	at cljs.analyzer$analyze_seq.invokeStatic(analyzer.cljc:3629)
	at cljs.analyzer$analyze_seq.invoke(analyzer.cljc:3607)
	at cljs.analyzer$analyze_form.invokeStatic(analyzer.cljc:3810)
	at cljs.analyzer$analyze_form.invoke(analyzer.cljc:3807)
	at cljs.analyzer$analyze_STAR_.invokeStatic(analyzer.cljc:3860)
	at cljs.analyzer$analyze_STAR_.invoke(analyzer.cljc:3851)
	at cljs.analyzer$analyze.invokeStatic(analyzer.cljc:3880)
	at cljs.analyzer$analyze.invoke(analyzer.cljc:3863)
	at cljs.analyzer$analyze.invokeStatic(analyzer.cljc:3873)
	at cljs.analyzer$analyze.invoke(analyzer.cljc:3863)
	at cljs.analyzer$analyze.invokeStatic(analyzer.cljc:3871)
	at cljs.analyzer$analyze.invoke(analyzer.cljc:3863)
	at cljs.analyzer$analyze_fn_method_body.invokeStatic(analyzer.cljc:1835)
	at cljs.analyzer$analyze_fn_method_body.invoke(analyzer.cljc:1833)
	at cljs.analyzer$analyze_fn_method.invokeStatic(analyzer.cljc:1856)
	at cljs.analyzer$analyze_fn_method.invoke(analyzer.cljc:1837)
	at cljs.analyzer$analyze_fn_methods_pass2_STAR_$fn__1836.invoke(analyzer.cljc:1894)
	at clojure.core$mapv$fn__8445.invoke(core.clj:6912)
	at clojure.core.protocols$fn__8159.invokeStatic(protocols.clj:168)
	at clojure.core.protocols$fn__8159.invoke(protocols.clj:124)
	at clojure.core.protocols$fn__8114$G__8109__8123.invoke(protocols.clj:19)
	at clojure.core.protocols$seq_reduce.invokeStatic(protocols.clj:31)
	at clojure.core.protocols$fn__8144.invokeStatic(protocols.clj:75)
	at clojure.core.protocols$fn__8144.invoke(protocols.clj:75)
	at clojure.core.protocols$fn__8088$G__8083__8101.invoke(protocols.clj:13)
	at clojure.core$reduce.invokeStatic(core.clj:6828)
	at clojure.core$mapv.invokeStatic(core.clj:6903)
	at clojure.core$mapv.invoke(core.clj:6903)
	at cljs.analyzer$analyze_fn_methods_pass2_STAR_.invokeStatic(analyzer.cljc:1894)
	at cljs.analyzer$analyze_fn_methods_pass2_STAR_.invoke(analyzer.cljc:1893)
	at cljs.analyzer$analyze_fn_methods_pass2.invokeStatic(analyzer.cljc:1897)
	at cljs.analyzer$analyze_fn_methods_pass2.invoke(analyzer.cljc:1896)
	at cljs.analyzer$fn__1842$fn__1847.invoke(analyzer.cljc:1942)
	at cljs.analyzer$fn__1842.invokeStatic(analyzer.cljc:1942)
	at cljs.analyzer$fn__1842.invoke(analyzer.cljc:1899)
	at clojure.lang.MultiFn.invoke(MultiFn.java:252)
	at cljs.analyzer$analyze_seq_STAR_.invokeStatic(analyzer.cljc:3600)
	at cljs.analyzer$analyze_seq_STAR_.invoke(analyzer.cljc:3598)
	at cljs.analyzer$analyze_seq_STAR__wrap.invokeStatic(analyzer.cljc:3605)
	at cljs.analyzer$analyze_seq_STAR__wrap.invoke(analyzer.cljc:3603)
	at cljs.analyzer$analyze_seq.invokeStatic(analyzer.cljc:3629)
	at cljs.analyzer$analyze_seq.invoke(analyzer.cljc:3607)
	at cljs.analyzer$analyze_form.invokeStatic(analyzer.cljc:3810)
	at cljs.analyzer$analyze_form.invoke(analyzer.cljc:3807)
	at cljs.analyzer$analyze_STAR_.invokeStatic(analyzer.cljc:3860)
	at cljs.analyzer$analyze_STAR_.invoke(analyzer.cljc:3851)
	at cljs.analyzer$analyze.invokeStatic(analyzer.cljc:3880)
	at cljs.analyzer$analyze.invoke(analyzer.cljc:3863)
	at cljs.analyzer$analyze_seq.invokeStatic(analyzer.cljc:3630)
	at cljs.analyzer$analyze_seq.invoke(analyzer.cljc:3607)
	at cljs.analyzer$analyze_form.invokeStatic(analyzer.cljc:3810)
	at cljs.analyzer$analyze_form.invoke(analyzer.cljc:3807)
	at cljs.analyzer$analyze_STAR_.invokeStatic(analyzer.cljc:3860)
	at cljs.analyzer$analyze_STAR_.invoke(analyzer.cljc:3851)
	at cljs.analyzer$analyze.invokeStatic(analyzer.cljc:3880)
	at cljs.analyzer$analyze.invoke(analyzer.cljc:3863)
	at cljs.analyzer$analyze.invokeStatic(analyzer.cljc:3873)
	at cljs.analyzer$analyze.invoke(analyzer.cljc:3863)
	at cljs.analyzer$fn__1783$fn__1786.invoke(analyzer.cljc:1702)
	at cljs.analyzer$fn__1783.invokeStatic(analyzer.cljc:1700)
	at cljs.analyzer$fn__1783.invoke(analyzer.cljc:1623)
	at clojure.lang.MultiFn.invoke(MultiFn.java:252)
	at cljs.analyzer$analyze_seq_STAR_.invokeStatic(analyzer.cljc:3600)
	at cljs.analyzer$analyze_seq_STAR_.invoke(analyzer.cljc:3598)
	at cljs.analyzer$analyze_seq_STAR__wrap.invokeStatic(analyzer.cljc:3605)
	at cljs.analyzer$analyze_seq_STAR__wrap.invoke(analyzer.cljc:3603)
	at cljs.analyzer$analyze_seq.invokeStatic(analyzer.cljc:3629)
	at cljs.analyzer$analyze_seq.invoke(analyzer.cljc:3607)
	at cljs.analyzer$analyze_form.invokeStatic(analyzer.cljc:3810)
	at cljs.analyzer$analyze_form.invoke(analyzer.cljc:3807)
	at cljs.analyzer$analyze_STAR_.invokeStatic(analyzer.cljc:3860)
	at cljs.analyzer$analyze_STAR_.invoke(analyzer.cljc:3851)
	at cljs.analyzer$analyze.invokeStatic(analyzer.cljc:3880)
	at cljs.analyzer$analyze.invoke(analyzer.cljc:3863)
	at cljs.analyzer$analyze_seq.invokeStatic(analyzer.cljc:3630)
	at cljs.analyzer$analyze_seq.invoke(analyzer.cljc:3607)
	at cljs.analyzer$analyze_form.invokeStatic(analyzer.cljc:3810)
	at cljs.analyzer$analyze_form.invoke(analyzer.cljc:3807)
	at cljs.analyzer$analyze_STAR_.invokeStatic(analyzer.cljc:3860)
	at cljs.analyzer$analyze_STAR_.invoke(analyzer.cljc:3851)
	at cljs.analyzer$analyze.invokeStatic(analyzer.cljc:3880)
	at cljs.analyzer$analyze.invoke(analyzer.cljc:3863)
	at cljs.compiler$emit_source.invokeStatic(compiler.cljc:1523)
	at cljs.compiler$emit_source.invoke(compiler.cljc:1496)
	at cljs.compiler$compile_file_STAR_$fn__3791.invoke(compiler.cljc:1608)
	at cljs.compiler$with_core_cljs.invokeStatic(compiler.cljc:1416)
	at cljs.compiler$with_core_cljs.invoke(compiler.cljc:1405)
	at cljs.compiler$compile_file_STAR_.invokeStatic(compiler.cljc:1592)
	at cljs.compiler$compile_file_STAR_.invoke(compiler.cljc:1585)
	at cljs.compiler$compile_file$fn__3822.invoke(compiler.cljc:1690)
	... 64 more
Caused by: java.lang.Error: Unknown dot form of (. sel -value ((.item (.-selectedIndex tile-sty)))) with classification [:cljs.analyzer/expr :cljs.analyzer/property :cljs.analyzer/expr]
	at cljs.analyzer$fn__2319.invokeStatic(analyzer.cljc:3092)
	at cljs.analyzer$fn__2319.invoke(analyzer.cljc:3088)
	at clojure.lang.MultiFn.invoke(MultiFn.java:229)
	at cljs.analyzer$analyze_dot.invokeStatic(analyzer.cljc:3103)
	at cljs.analyzer$analyze_dot.invoke(analyzer.cljc:3101)
	at cljs.analyzer$fn__2339.invokeStatic(analyzer.cljc:3165)
	at cljs.analyzer$fn__2339.invoke(analyzer.cljc:3163)
	at clojure.lang.MultiFn.invoke(MultiFn.java:252)
	at cljs.analyzer$analyze_seq_STAR_.invokeStatic(analyzer.cljc:3600)
	at cljs.analyzer$analyze_seq_STAR_.invoke(analyzer.cljc:3598)
	at cljs.analyzer$analyze_seq_STAR__wrap.invokeStatic(analyzer.cljc:3605)
	... 374 more

2020.04.15 17:55:03.349 MSK SEVERE: null -- clojure.lang.ExceptionInfo: failed compiling file:src/cljs/workshop/workshop/client.cljs {:file #object[java.io.File 0x2f06cbb1 "src/cljs/workshop/workshop/client.cljs"]}
	at cljs.compiler$compile_file$fn__3822.invoke(compiler.cljc:1705)
	at cljs.compiler$compile_file.invokeStatic(compiler.cljc:1665)
	at cljs.compiler$compile_file.invoke(compiler.cljc:1641)
	at cljs.closure$compile_file.invokeStatic(closure.clj:647)
	at cljs.closure$compile_file.invoke(closure.clj:625)
	at cljs.closure$fn__5294.invokeStatic(closure.clj:721)
	at cljs.closure$fn__5294.invoke(closure.clj:715)
	at cljs.closure$fn__5207$G__5200__5214.invoke(closure.clj:543)
	at cljs.closure$compile_sources$iter__5420__5424$fn__5425.invoke(closure.clj:1081)
	at clojure.lang.LazySeq.sval(LazySeq.java:42)
	at clojure.lang.LazySeq.seq(LazySeq.java:51)
	at clojure.lang.Cons.next(Cons.java:39)
	at clojure.lang.RT.next(RT.java:713)
	at clojure.core$next__5386.invokeStatic(core.clj:64)
	at clojure.core$dorun.invokeStatic(core.clj:3142)
	at clojure.core$doall.invokeStatic(core.clj:3148)
	at clojure.core$doall.invoke(core.clj:3148)
	at cljs.closure$compile_sources.invokeStatic(closure.clj:1077)
	at cljs.closure$compile_sources.invoke(closure.clj:1066)
	at cljs.closure$build.invokeStatic(closure.clj:2995)
	at cljs.closure$build.invoke(closure.clj:2903)
	at cljs.build.api$build.invokeStatic(api.clj:208)
	at cljs.build.api$build.invoke(api.clj:189)
	at cljs.build.api$build.invokeStatic(api.clj:195)
	at cljs.build.api$build.invoke(api.clj:189)
	at cljs.compile$build.invokeStatic(compile.clj:69)
	at cljs.compile$build.invoke(compile.clj:42)
	at clojure.lang.Var.invoke(Var.java:388)
	at clojuretab.ClojureTab.invoke(ClojureTab.java:700)
	at clojuretab.ClojureActionButton$1.actionPerformed(ClojureActionButton.java:53)
	at java.desktop/javax.swing.AbstractButton.fireActionPerformed(AbstractButton.java:1967)
	at java.desktop/javax.swing.AbstractButton$Handler.actionPerformed(AbstractButton.java:2308)
	at java.desktop/javax.swing.DefaultButtonModel.fireActionPerformed(DefaultButtonModel.java:405)
	at java.desktop/javax.swing.DefaultButtonModel.setPressed(DefaultButtonModel.java:262)
	at java.desktop/javax.swing.plaf.basic.BasicButtonListener.mouseReleased(BasicButtonListener.java:279)
	at java.desktop/java.awt.Component.processMouseEvent(Component.java:6632)
	at java.desktop/javax.swing.JComponent.processMouseEvent(JComponent.java:3342)
	at java.desktop/java.awt.Component.processEvent(Component.java:6397)
	at java.desktop/java.awt.Container.processEvent(Container.java:2263)
	at java.desktop/java.awt.Component.dispatchEventImpl(Component.java:5008)
	at java.desktop/java.awt.Container.dispatchEventImpl(Container.java:2321)
	at java.desktop/java.awt.Component.dispatchEvent(Component.java:4840)
	at java.desktop/java.awt.LightweightDispatcher.retargetMouseEvent(Container.java:4918)
	at java.desktop/java.awt.LightweightDispatcher.processMouseEvent(Container.java:4547)
	at java.desktop/java.awt.LightweightDispatcher.dispatchEvent(Container.java:4488)
	at java.desktop/java.awt.Container.dispatchEventImpl(Container.java:2307)
	at java.desktop/java.awt.Window.dispatchEventImpl(Window.java:2772)
	at java.desktop/java.awt.Component.dispatchEvent(Component.java:4840)
	at java.desktop/java.awt.EventQueue.dispatchEventImpl(EventQueue.java:772)
	at java.desktop/java.awt.EventQueue$4.run(EventQueue.java:721)
	at java.desktop/java.awt.EventQueue$4.run(EventQueue.java:715)
	at java.base/java.security.AccessController.doPrivileged(Native Method)
	at java.base/java.security.ProtectionDomain$JavaSecurityAccessImpl.doIntersectionPrivilege(ProtectionDomain.java:85)
	at java.base/java.security.ProtectionDomain$JavaSecurityAccessImpl.doIntersectionPrivilege(ProtectionDomain.java:95)
	at java.desktop/java.awt.EventQueue$5.run(EventQueue.java:745)
	at java.desktop/java.awt.EventQueue$5.run(EventQueue.java:743)
	at java.base/java.security.AccessController.doPrivileged(Native Method)
	at java.base/java.security.ProtectionDomain$JavaSecurityAccessImpl.doIntersectionPrivilege(ProtectionDomain.java:85)
	at java.desktop/java.awt.EventQueue.dispatchEvent(EventQueue.java:742)
	at java.desktop/java.awt.EventDispatchThread.pumpOneEventForFilters(EventDispatchThread.java:203)
	at java.desktop/java.awt.EventDispatchThread.pumpEventsForFilter(EventDispatchThread.java:124)
	at java.desktop/java.awt.EventDispatchThread.pumpEventsForHierarchy(EventDispatchThread.java:113)
	at java.desktop/java.awt.EventDispatchThread.pumpEvents(EventDispatchThread.java:109)
	at java.desktop/java.awt.EventDispatchThread.pumpEvents(EventDispatchThread.java:101)
	at java.desktop/java.awt.EventDispatchThread.run(EventDispatchThread.java:90)
Caused by: clojure.lang.ExceptionInfo: /home/ru/clojure/simpro-scene/src/cljs/workshop/workshop/client.cljs [line 192, col 32] Unmatched delimiter ). {:type :reader-exception, :ex-kind :reader-error, :file "/home/ru/clojure/simpro-scene/src/cljs/workshop/workshop/client.cljs", :line 192, :col 32}
	at clojure.tools.reader.impl.errors$throw_ex.invokeStatic(errors.clj:34)
	at clojure.tools.reader.impl.errors$throw_ex.doInvoke(errors.clj:24)
	at clojure.lang.RestFn.invoke(RestFn.java:442)
	at clojure.tools.reader.impl.errors$reader_error.invokeStatic(errors.clj:40)
	at clojure.tools.reader.impl.errors$reader_error.doInvoke(errors.clj:36)
	at clojure.lang.RestFn.invoke(RestFn.java:460)
	at clojure.tools.reader.impl.errors$throw_unmatch_delimiter.invokeStatic(errors.clj:112)
	at clojure.tools.reader.impl.errors$throw_unmatch_delimiter.invoke(errors.clj:111)
	at clojure.tools.reader$read_unmatched_delimiter.invokeStatic(reader.clj:77)
	at clojure.tools.reader$read_unmatched_delimiter.invoke(reader.clj:75)
	at clojure.tools.reader$read_STAR_.invokeStatic(reader.clj:924)
	at clojure.tools.reader$read_STAR_.invoke(reader.clj:906)
	at clojure.tools.reader$read.invokeStatic(reader.clj:977)
	at clojure.tools.reader$read.invoke(reader.clj:950)
	at cljs.analyzer$forms_seq_STAR_$forms_seq___2593$fn__2594$fn__2595.invoke(analyzer.cljc:3938)
	at cljs.analyzer$forms_seq_STAR_$forms_seq___2593$fn__2594.invoke(analyzer.cljc:3931)
	at clojure.lang.LazySeq.sval(LazySeq.java:42)
	at clojure.lang.LazySeq.seq(LazySeq.java:51)
	at clojure.lang.RT.seq(RT.java:535)
	at clojure.core$seq__5402.invokeStatic(core.clj:137)
	at clojure.core$seq__5402.invoke(core.clj:137)
	at cljs.compiler$emit_source.invokeStatic(compiler.cljc:1521)
	at cljs.compiler$emit_source.invoke(compiler.cljc:1496)
	at cljs.compiler$compile_file_STAR_$fn__3791.invoke(compiler.cljc:1608)
	at cljs.compiler$with_core_cljs.invokeStatic(compiler.cljc:1416)
	at cljs.compiler$with_core_cljs.invoke(compiler.cljc:1405)
	at cljs.compiler$compile_file_STAR_.invokeStatic(compiler.cljc:1592)
	at cljs.compiler$compile_file_STAR_.invoke(compiler.cljc:1585)
	at cljs.compiler$compile_file$fn__3822.invoke(compiler.cljc:1690)
	... 64 more

2020.04.15 18:35:47.755 MSK SEVERE: null -- clojure.lang.ExceptionInfo: failed compiling file:src/cljs/workshop/workshop/client.cljs {:file #object[java.io.File 0x296fc476 "src/cljs/workshop/workshop/client.cljs"]}
	at cljs.compiler$compile_file$fn__3822.invoke(compiler.cljc:1705)
	at cljs.compiler$compile_file.invokeStatic(compiler.cljc:1665)
	at cljs.compiler$compile_file.invoke(compiler.cljc:1641)
	at cljs.closure$compile_file.invokeStatic(closure.clj:647)
	at cljs.closure$compile_file.invoke(closure.clj:625)
	at cljs.closure$fn__5294.invokeStatic(closure.clj:721)
	at cljs.closure$fn__5294.invoke(closure.clj:715)
	at cljs.closure$fn__5207$G__5200__5214.invoke(closure.clj:543)
	at cljs.closure$compile_sources$iter__5420__5424$fn__5425.invoke(closure.clj:1081)
	at clojure.lang.LazySeq.sval(LazySeq.java:42)
	at clojure.lang.LazySeq.seq(LazySeq.java:51)
	at clojure.lang.Cons.next(Cons.java:39)
	at clojure.lang.RT.next(RT.java:713)
	at clojure.core$next__5386.invokeStatic(core.clj:64)
	at clojure.core$dorun.invokeStatic(core.clj:3142)
	at clojure.core$doall.invokeStatic(core.clj:3148)
	at clojure.core$doall.invoke(core.clj:3148)
	at cljs.closure$compile_sources.invokeStatic(closure.clj:1077)
	at cljs.closure$compile_sources.invoke(closure.clj:1066)
	at cljs.closure$build.invokeStatic(closure.clj:2995)
	at cljs.closure$build.invoke(closure.clj:2903)
	at cljs.build.api$build.invokeStatic(api.clj:208)
	at cljs.build.api$build.invoke(api.clj:189)
	at cljs.build.api$build.invokeStatic(api.clj:195)
	at cljs.build.api$build.invoke(api.clj:189)
	at cljs.compile$build.invokeStatic(compile.clj:69)
	at cljs.compile$build.invoke(compile.clj:42)
	at clojure.lang.Var.invoke(Var.java:388)
	at clojuretab.ClojureTab.invoke(ClojureTab.java:700)
	at clojuretab.ClojureActionButton$1.actionPerformed(ClojureActionButton.java:53)
	at java.desktop/javax.swing.AbstractButton.fireActionPerformed(AbstractButton.java:1967)
	at java.desktop/javax.swing.AbstractButton$Handler.actionPerformed(AbstractButton.java:2308)
	at java.desktop/javax.swing.DefaultButtonModel.fireActionPerformed(DefaultButtonModel.java:405)
	at java.desktop/javax.swing.DefaultButtonModel.setPressed(DefaultButtonModel.java:262)
	at java.desktop/javax.swing.plaf.basic.BasicButtonListener.mouseReleased(BasicButtonListener.java:279)
	at java.desktop/java.awt.Component.processMouseEvent(Component.java:6632)
	at java.desktop/javax.swing.JComponent.processMouseEvent(JComponent.java:3342)
	at java.desktop/java.awt.Component.processEvent(Component.java:6397)
	at java.desktop/java.awt.Container.processEvent(Container.java:2263)
	at java.desktop/java.awt.Component.dispatchEventImpl(Component.java:5008)
	at java.desktop/java.awt.Container.dispatchEventImpl(Container.java:2321)
	at java.desktop/java.awt.Component.dispatchEvent(Component.java:4840)
	at java.desktop/java.awt.LightweightDispatcher.retargetMouseEvent(Container.java:4918)
	at java.desktop/java.awt.LightweightDispatcher.processMouseEvent(Container.java:4547)
	at java.desktop/java.awt.LightweightDispatcher.dispatchEvent(Container.java:4488)
	at java.desktop/java.awt.Container.dispatchEventImpl(Container.java:2307)
	at java.desktop/java.awt.Window.dispatchEventImpl(Window.java:2772)
	at java.desktop/java.awt.Component.dispatchEvent(Component.java:4840)
	at java.desktop/java.awt.EventQueue.dispatchEventImpl(EventQueue.java:772)
	at java.desktop/java.awt.EventQueue$4.run(EventQueue.java:721)
	at java.desktop/java.awt.EventQueue$4.run(EventQueue.java:715)
	at java.base/java.security.AccessController.doPrivileged(Native Method)
	at java.base/java.security.ProtectionDomain$JavaSecurityAccessImpl.doIntersectionPrivilege(ProtectionDomain.java:85)
	at java.base/java.security.ProtectionDomain$JavaSecurityAccessImpl.doIntersectionPrivilege(ProtectionDomain.java:95)
	at java.desktop/java.awt.EventQueue$5.run(EventQueue.java:745)
	at java.desktop/java.awt.EventQueue$5.run(EventQueue.java:743)
	at java.base/java.security.AccessController.doPrivileged(Native Method)
	at java.base/java.security.ProtectionDomain$JavaSecurityAccessImpl.doIntersectionPrivilege(ProtectionDomain.java:85)
	at java.desktop/java.awt.EventQueue.dispatchEvent(EventQueue.java:742)
	at java.desktop/java.awt.EventDispatchThread.pumpOneEventForFilters(EventDispatchThread.java:203)
	at java.desktop/java.awt.EventDispatchThread.pumpEventsForFilter(EventDispatchThread.java:124)
	at java.desktop/java.awt.EventDispatchThread.pumpEventsForHierarchy(EventDispatchThread.java:113)
	at java.desktop/java.awt.EventDispatchThread.pumpEvents(EventDispatchThread.java:109)
	at java.desktop/java.awt.EventDispatchThread.pumpEvents(EventDispatchThread.java:101)
	at java.desktop/java.awt.EventDispatchThread.run(EventDispatchThread.java:90)
Caused by: clojure.lang.ExceptionInfo: /home/ru/clojure/simpro-scene/src/cljs/workshop/workshop/client.cljs [line 164, col 59] Unmatched delimiter ]. {:type :reader-exception, :ex-kind :reader-error, :file "/home/ru/clojure/simpro-scene/src/cljs/workshop/workshop/client.cljs", :line 164, :col 59}
	at clojure.tools.reader.impl.errors$throw_ex.invokeStatic(errors.clj:34)
	at clojure.tools.reader.impl.errors$throw_ex.doInvoke(errors.clj:24)
	at clojure.lang.RestFn.invoke(RestFn.java:442)
	at clojure.tools.reader.impl.errors$reader_error.invokeStatic(errors.clj:40)
	at clojure.tools.reader.impl.errors$reader_error.doInvoke(errors.clj:36)
	at clojure.lang.RestFn.invoke(RestFn.java:460)
	at clojure.tools.reader.impl.errors$throw_unmatch_delimiter.invokeStatic(errors.clj:112)
	at clojure.tools.reader.impl.errors$throw_unmatch_delimiter.invoke(errors.clj:111)
	at clojure.tools.reader$read_unmatched_delimiter.invokeStatic(reader.clj:77)
	at clojure.tools.reader$read_unmatched_delimiter.invoke(reader.clj:75)
	at clojure.tools.reader$read_STAR_.invokeStatic(reader.clj:924)
	at clojure.tools.reader$read_STAR_.invoke(reader.clj:906)
	at clojure.tools.reader$read_delimited.invokeStatic(reader.clj:197)
	at clojure.tools.reader$read_delimited.invoke(reader.clj:190)
	at clojure.tools.reader$read_list.invokeStatic(reader.clj:208)
	at clojure.tools.reader$read_list.invoke(reader.clj:204)
	at clojure.tools.reader$read_STAR_.invokeStatic(reader.clj:924)
	at clojure.tools.reader$read_STAR_.invoke(reader.clj:906)
	at clojure.tools.reader$read_delimited.invokeStatic(reader.clj:197)
	at clojure.tools.reader$read_delimited.invoke(reader.clj:190)
	at clojure.tools.reader$read_vector.invokeStatic(reader.clj:226)
	at clojure.tools.reader$read_vector.invoke(reader.clj:222)
	at clojure.tools.reader$read_STAR_.invokeStatic(reader.clj:924)
	at clojure.tools.reader$read_STAR_.invoke(reader.clj:906)
	at clojure.tools.reader$read_delimited.invokeStatic(reader.clj:197)
	at clojure.tools.reader$read_delimited.invoke(reader.clj:190)
	at clojure.tools.reader$read_list.invokeStatic(reader.clj:208)
	at clojure.tools.reader$read_list.invoke(reader.clj:204)
	at clojure.tools.reader$read_STAR_.invokeStatic(reader.clj:924)
	at clojure.tools.reader$read_STAR_.invoke(reader.clj:906)
	at clojure.tools.reader$read_delimited.invokeStatic(reader.clj:197)
	at clojure.tools.reader$read_delimited.invoke(reader.clj:190)
	at clojure.tools.reader$read_list.invokeStatic(reader.clj:208)
	at clojure.tools.reader$read_list.invoke(reader.clj:204)
	at clojure.tools.reader$read_STAR_.invokeStatic(reader.clj:924)
	at clojure.tools.reader$read_STAR_.invoke(reader.clj:906)
	at clojure.tools.reader$read.invokeStatic(reader.clj:977)
	at clojure.tools.reader$read.invoke(reader.clj:950)
	at cljs.analyzer$forms_seq_STAR_$forms_seq___2593$fn__2594$fn__2595.invoke(analyzer.cljc:3938)
	at cljs.analyzer$forms_seq_STAR_$forms_seq___2593$fn__2594.invoke(analyzer.cljc:3931)
	at clojure.lang.LazySeq.sval(LazySeq.java:42)
	at clojure.lang.LazySeq.seq(LazySeq.java:51)
	at clojure.lang.RT.seq(RT.java:535)
	at clojure.core$seq__5402.invokeStatic(core.clj:137)
	at clojure.core$seq__5402.invoke(core.clj:137)
	at cljs.compiler$emit_source.invokeStatic(compiler.cljc:1521)
	at cljs.compiler$emit_source.invoke(compiler.cljc:1496)
	at cljs.compiler$compile_file_STAR_$fn__3791.invoke(compiler.cljc:1608)
	at cljs.compiler$with_core_cljs.invokeStatic(compiler.cljc:1416)
	at cljs.compiler$with_core_cljs.invoke(compiler.cljc:1405)
	at cljs.compiler$compile_file_STAR_.invokeStatic(compiler.cljc:1592)
	at cljs.compiler$compile_file_STAR_.invoke(compiler.cljc:1585)
	at cljs.compiler$compile_file$fn__3822.invoke(compiler.cljc:1690)
	... 64 more

2020.04.15 18:37:41.659 MSK SEVERE: null -- clojure.lang.ExceptionInfo: failed compiling file:src/cljs/workshop/workshop/client.cljs {:file #object[java.io.File 0x762423f5 "src/cljs/workshop/workshop/client.cljs"]}
	at cljs.compiler$compile_file$fn__3822.invoke(compiler.cljc:1705)
	at cljs.compiler$compile_file.invokeStatic(compiler.cljc:1665)
	at cljs.compiler$compile_file.invoke(compiler.cljc:1641)
	at cljs.closure$compile_file.invokeStatic(closure.clj:647)
	at cljs.closure$compile_file.invoke(closure.clj:625)
	at cljs.closure$fn__5294.invokeStatic(closure.clj:721)
	at cljs.closure$fn__5294.invoke(closure.clj:715)
	at cljs.closure$fn__5207$G__5200__5214.invoke(closure.clj:543)
	at cljs.closure$compile_sources$iter__5420__5424$fn__5425.invoke(closure.clj:1081)
	at clojure.lang.LazySeq.sval(LazySeq.java:42)
	at clojure.lang.LazySeq.seq(LazySeq.java:51)
	at clojure.lang.Cons.next(Cons.java:39)
	at clojure.lang.RT.next(RT.java:713)
	at clojure.core$next__5386.invokeStatic(core.clj:64)
	at clojure.core$dorun.invokeStatic(core.clj:3142)
	at clojure.core$doall.invokeStatic(core.clj:3148)
	at clojure.core$doall.invoke(core.clj:3148)
	at cljs.closure$compile_sources.invokeStatic(closure.clj:1077)
	at cljs.closure$compile_sources.invoke(closure.clj:1066)
	at cljs.closure$build.invokeStatic(closure.clj:2995)
	at cljs.closure$build.invoke(closure.clj:2903)
	at cljs.build.api$build.invokeStatic(api.clj:208)
	at cljs.build.api$build.invoke(api.clj:189)
	at cljs.build.api$build.invokeStatic(api.clj:195)
	at cljs.build.api$build.invoke(api.clj:189)
	at cljs.compile$build.invokeStatic(compile.clj:69)
	at cljs.compile$build.invoke(compile.clj:42)
	at clojure.lang.Var.invoke(Var.java:388)
	at clojuretab.ClojureTab.invoke(ClojureTab.java:700)
	at clojuretab.ClojureActionButton$1.actionPerformed(ClojureActionButton.java:53)
	at java.desktop/javax.swing.AbstractButton.fireActionPerformed(AbstractButton.java:1967)
	at java.desktop/javax.swing.AbstractButton$Handler.actionPerformed(AbstractButton.java:2308)
	at java.desktop/javax.swing.DefaultButtonModel.fireActionPerformed(DefaultButtonModel.java:405)
	at java.desktop/javax.swing.DefaultButtonModel.setPressed(DefaultButtonModel.java:262)
	at java.desktop/javax.swing.plaf.basic.BasicButtonListener.mouseReleased(BasicButtonListener.java:279)
	at java.desktop/java.awt.Component.processMouseEvent(Component.java:6632)
	at java.desktop/javax.swing.JComponent.processMouseEvent(JComponent.java:3342)
	at java.desktop/java.awt.Component.processEvent(Component.java:6397)
	at java.desktop/java.awt.Container.processEvent(Container.java:2263)
	at java.desktop/java.awt.Component.dispatchEventImpl(Component.java:5008)
	at java.desktop/java.awt.Container.dispatchEventImpl(Container.java:2321)
	at java.desktop/java.awt.Component.dispatchEvent(Component.java:4840)
	at java.desktop/java.awt.LightweightDispatcher.retargetMouseEvent(Container.java:4918)
	at java.desktop/java.awt.LightweightDispatcher.processMouseEvent(Container.java:4547)
	at java.desktop/java.awt.LightweightDispatcher.dispatchEvent(Container.java:4488)
	at java.desktop/java.awt.Container.dispatchEventImpl(Container.java:2307)
	at java.desktop/java.awt.Window.dispatchEventImpl(Window.java:2772)
	at java.desktop/java.awt.Component.dispatchEvent(Component.java:4840)
	at java.desktop/java.awt.EventQueue.dispatchEventImpl(EventQueue.java:772)
	at java.desktop/java.awt.EventQueue$4.run(EventQueue.java:721)
	at java.desktop/java.awt.EventQueue$4.run(EventQueue.java:715)
	at java.base/java.security.AccessController.doPrivileged(Native Method)
	at java.base/java.security.ProtectionDomain$JavaSecurityAccessImpl.doIntersectionPrivilege(ProtectionDomain.java:85)
	at java.base/java.security.ProtectionDomain$JavaSecurityAccessImpl.doIntersectionPrivilege(ProtectionDomain.java:95)
	at java.desktop/java.awt.EventQueue$5.run(EventQueue.java:745)
	at java.desktop/java.awt.EventQueue$5.run(EventQueue.java:743)
	at java.base/java.security.AccessController.doPrivileged(Native Method)
	at java.base/java.security.ProtectionDomain$JavaSecurityAccessImpl.doIntersectionPrivilege(ProtectionDomain.java:85)
	at java.desktop/java.awt.EventQueue.dispatchEvent(EventQueue.java:742)
	at java.desktop/java.awt.EventDispatchThread.pumpOneEventForFilters(EventDispatchThread.java:203)
	at java.desktop/java.awt.EventDispatchThread.pumpEventsForFilter(EventDispatchThread.java:124)
	at java.desktop/java.awt.EventDispatchThread.pumpEventsForHierarchy(EventDispatchThread.java:113)
	at java.desktop/java.awt.EventDispatchThread.pumpEvents(EventDispatchThread.java:109)
	at java.desktop/java.awt.EventDispatchThread.pumpEvents(EventDispatchThread.java:101)
	at java.desktop/java.awt.EventDispatchThread.run(EventDispatchThread.java:90)
Caused by: clojure.lang.ExceptionInfo: Parameter declaration fn should be a vector at line 155 src/cljs/workshop/workshop/client.cljs {:file "src/cljs/workshop/workshop/client.cljs", :line 155, :column 3, :tag :cljs/analysis-error}
	at cljs.analyzer$error.invokeStatic(analyzer.cljc:718)
	at cljs.analyzer$error.invoke(analyzer.cljc:714)
	at cljs.analyzer$analyze_seq_STAR__wrap.invokeStatic(analyzer.cljc:3604)
	at cljs.analyzer$analyze_seq_STAR__wrap.invoke(analyzer.cljc:3603)
	at cljs.analyzer$analyze_seq.invokeStatic(analyzer.cljc:3629)
	at cljs.analyzer$analyze_seq.invoke(analyzer.cljc:3607)
	at cljs.analyzer$analyze_form.invokeStatic(analyzer.cljc:3810)
	at cljs.analyzer$analyze_form.invoke(analyzer.cljc:3807)
	at cljs.analyzer$analyze_STAR_.invokeStatic(analyzer.cljc:3860)
	at cljs.analyzer$analyze_STAR_.invoke(analyzer.cljc:3851)
	at cljs.analyzer$analyze.invokeStatic(analyzer.cljc:3880)
	at cljs.analyzer$analyze.invoke(analyzer.cljc:3863)
	at cljs.analyzer$analyze_seq.invokeStatic(analyzer.cljc:3630)
	at cljs.analyzer$analyze_seq.invoke(analyzer.cljc:3607)
	at cljs.analyzer$analyze_form.invokeStatic(analyzer.cljc:3810)
	at cljs.analyzer$analyze_form.invoke(analyzer.cljc:3807)
	at cljs.analyzer$analyze_STAR_.invokeStatic(analyzer.cljc:3860)
	at cljs.analyzer$analyze_STAR_.invoke(analyzer.cljc:3851)
	at cljs.analyzer$analyze.invokeStatic(analyzer.cljc:3880)
	at cljs.analyzer$analyze.invoke(analyzer.cljc:3863)
	at cljs.analyzer$analyze.invokeStatic(analyzer.cljc:3873)
	at cljs.analyzer$analyze.invoke(analyzer.cljc:3863)
	at cljs.analyzer$analyze.invokeStatic(analyzer.cljc:3871)
	at cljs.analyzer$analyze.invoke(analyzer.cljc:3863)
	at cljs.analyzer$fn__1853$fn__1858$fn__1861.invoke(analyzer.cljc:1996)
	at cljs.analyzer$fn__1853$fn__1858.invoke(analyzer.cljc:1996)
	at clojure.core.protocols$iter_reduce.invokeStatic(protocols.clj:49)
	at clojure.core.protocols$fn__8138.invokeStatic(protocols.clj:75)
	at clojure.core.protocols$fn__8138.invoke(protocols.clj:75)
	at clojure.core.protocols$fn__8088$G__8083__8101.invoke(protocols.clj:13)
	at clojure.core$reduce.invokeStatic(core.clj:6828)
	at clojure.core$reduce.invoke(core.clj:6810)
	at cljs.analyzer$fn__1853.invokeStatic(analyzer.cljc:1994)
	at cljs.analyzer$fn__1853.invoke(analyzer.cljc:1985)
	at clojure.lang.MultiFn.invoke(MultiFn.java:252)
	at cljs.analyzer$analyze_seq_STAR_.invokeStatic(analyzer.cljc:3600)
	at cljs.analyzer$analyze_seq_STAR_.invoke(analyzer.cljc:3598)
	at cljs.analyzer$analyze_seq_STAR__wrap.invokeStatic(analyzer.cljc:3605)
	at cljs.analyzer$analyze_seq_STAR__wrap.invoke(analyzer.cljc:3603)
	at cljs.analyzer$analyze_seq.invokeStatic(analyzer.cljc:3629)
	at cljs.analyzer$analyze_seq.invoke(analyzer.cljc:3607)
	at cljs.analyzer$analyze_form.invokeStatic(analyzer.cljc:3810)
	at cljs.analyzer$analyze_form.invoke(analyzer.cljc:3807)
	at cljs.analyzer$analyze_STAR_.invokeStatic(analyzer.cljc:3860)
	at cljs.analyzer$analyze_STAR_.invoke(analyzer.cljc:3851)
	at cljs.analyzer$analyze.invokeStatic(analyzer.cljc:3880)
	at cljs.analyzer$analyze.invoke(analyzer.cljc:3863)
	at cljs.analyzer$analyze_seq.invokeStatic(analyzer.cljc:3630)
	at cljs.analyzer$analyze_seq.invoke(analyzer.cljc:3607)
	at cljs.analyzer$analyze_form.invokeStatic(analyzer.cljc:3810)
	at cljs.analyzer$analyze_form.invoke(analyzer.cljc:3807)
	at cljs.analyzer$analyze_STAR_.invokeStatic(analyzer.cljc:3860)
	at cljs.analyzer$analyze_STAR_.invoke(analyzer.cljc:3851)
	at cljs.analyzer$analyze.invokeStatic(analyzer.cljc:3880)
	at cljs.analyzer$analyze.invoke(analyzer.cljc:3863)
	at cljs.analyzer$analyze.invokeStatic(analyzer.cljc:3873)
	at cljs.analyzer$analyze.invoke(analyzer.cljc:3863)
	at cljs.analyzer$analyze.invokeStatic(analyzer.cljc:3871)
	at cljs.analyzer$analyze.invoke(analyzer.cljc:3863)
	at cljs.analyzer$fn__1879.invokeStatic(analyzer.cljc:2041)
	at cljs.analyzer$fn__1879.invoke(analyzer.cljc:2037)
	at clojure.lang.MultiFn.invoke(MultiFn.java:252)
	at cljs.analyzer$analyze_seq_STAR_.invokeStatic(analyzer.cljc:3600)
	at cljs.analyzer$analyze_seq_STAR_.invoke(analyzer.cljc:3598)
	at cljs.analyzer$analyze_seq_STAR__wrap.invokeStatic(analyzer.cljc:3605)
	at cljs.analyzer$analyze_seq_STAR__wrap.invoke(analyzer.cljc:3603)
	at cljs.analyzer$analyze_seq.invokeStatic(analyzer.cljc:3629)
	at cljs.analyzer$analyze_seq.invoke(analyzer.cljc:3607)
	at cljs.analyzer$analyze_form.invokeStatic(analyzer.cljc:3810)
	at cljs.analyzer$analyze_form.invoke(analyzer.cljc:3807)
	at cljs.analyzer$analyze_STAR_.invokeStatic(analyzer.cljc:3860)
	at cljs.analyzer$analyze_STAR_.invoke(analyzer.cljc:3851)
	at cljs.analyzer$analyze.invokeStatic(analyzer.cljc:3880)
	at cljs.analyzer$analyze.invoke(analyzer.cljc:3863)
	at cljs.analyzer$analyze.invokeStatic(analyzer.cljc:3873)
	at cljs.analyzer$analyze.invoke(analyzer.cljc:3863)
	at cljs.analyzer$analyze.invokeStatic(analyzer.cljc:3871)
	at cljs.analyzer$analyze.invoke(analyzer.cljc:3863)
	at cljs.analyzer$analyze_fn_method_body.invokeStatic(analyzer.cljc:1835)
	at cljs.analyzer$analyze_fn_method_body.invoke(analyzer.cljc:1833)
	at cljs.analyzer$analyze_fn_method.invokeStatic(analyzer.cljc:1856)
	at cljs.analyzer$analyze_fn_method.invoke(analyzer.cljc:1837)
	at cljs.analyzer$analyze_fn_methods_pass2_STAR_$fn__1836.invoke(analyzer.cljc:1894)
	at clojure.core$mapv$fn__8445.invoke(core.clj:6912)
	at clojure.core.protocols$fn__8159.invokeStatic(protocols.clj:168)
	at clojure.core.protocols$fn__8159.invoke(protocols.clj:124)
	at clojure.core.protocols$fn__8114$G__8109__8123.invoke(protocols.clj:19)
	at clojure.core.protocols$seq_reduce.invokeStatic(protocols.clj:31)
	at clojure.core.protocols$fn__8144.invokeStatic(protocols.clj:75)
	at clojure.core.protocols$fn__8144.invoke(protocols.clj:75)
	at clojure.core.protocols$fn__8088$G__8083__8101.invoke(protocols.clj:13)
	at clojure.core$reduce.invokeStatic(core.clj:6828)
	at clojure.core$mapv.invokeStatic(core.clj:6903)
	at clojure.core$mapv.invoke(core.clj:6903)
	at cljs.analyzer$analyze_fn_methods_pass2_STAR_.invokeStatic(analyzer.cljc:1894)
	at cljs.analyzer$analyze_fn_methods_pass2_STAR_.invoke(analyzer.cljc:1893)
	at cljs.analyzer$analyze_fn_methods_pass2.invokeStatic(analyzer.cljc:1897)
	at cljs.analyzer$analyze_fn_methods_pass2.invoke(analyzer.cljc:1896)
	at cljs.analyzer$fn__1842$fn__1847.invoke(analyzer.cljc:1942)
	at cljs.analyzer$fn__1842.invokeStatic(analyzer.cljc:1942)
	at cljs.analyzer$fn__1842.invoke(analyzer.cljc:1899)
	at clojure.lang.MultiFn.invoke(MultiFn.java:252)
	at cljs.analyzer$analyze_seq_STAR_.invokeStatic(analyzer.cljc:3600)
	at cljs.analyzer$analyze_seq_STAR_.invoke(analyzer.cljc:3598)
	at cljs.analyzer$analyze_seq_STAR__wrap.invokeStatic(analyzer.cljc:3605)
	at cljs.analyzer$analyze_seq_STAR__wrap.invoke(analyzer.cljc:3603)
	at cljs.analyzer$analyze_seq.invokeStatic(analyzer.cljc:3629)
	at cljs.analyzer$analyze_seq.invoke(analyzer.cljc:3607)
	at cljs.analyzer$analyze_form.invokeStatic(analyzer.cljc:3810)
	at cljs.analyzer$analyze_form.invoke(analyzer.cljc:3807)
	at cljs.analyzer$analyze_STAR_.invokeStatic(analyzer.cljc:3860)
	at cljs.analyzer$analyze_STAR_.invoke(analyzer.cljc:3851)
	at cljs.analyzer$analyze.invokeStatic(analyzer.cljc:3880)
	at cljs.analyzer$analyze.invoke(analyzer.cljc:3863)
	at cljs.analyzer$analyze_seq.invokeStatic(analyzer.cljc:3630)
	at cljs.analyzer$analyze_seq.invoke(analyzer.cljc:3607)
	at cljs.analyzer$analyze_form.invokeStatic(analyzer.cljc:3810)
	at cljs.analyzer$analyze_form.invoke(analyzer.cljc:3807)
	at cljs.analyzer$analyze_STAR_.invokeStatic(analyzer.cljc:3860)
	at cljs.analyzer$analyze_STAR_.invoke(analyzer.cljc:3851)
	at cljs.analyzer$analyze.invokeStatic(analyzer.cljc:3880)
	at cljs.analyzer$analyze.invoke(analyzer.cljc:3863)
	at cljs.analyzer$analyze.invokeStatic(analyzer.cljc:3873)
	at cljs.analyzer$analyze.invoke(analyzer.cljc:3863)
	at cljs.analyzer$fn__1783$fn__1786.invoke(analyzer.cljc:1702)
	at cljs.analyzer$fn__1783.invokeStatic(analyzer.cljc:1700)
	at cljs.analyzer$fn__1783.invoke(analyzer.cljc:1623)
	at clojure.lang.MultiFn.invoke(MultiFn.java:252)
	at cljs.analyzer$analyze_seq_STAR_.invokeStatic(analyzer.cljc:3600)
	at cljs.analyzer$analyze_seq_STAR_.invoke(analyzer.cljc:3598)
	at cljs.analyzer$analyze_seq_STAR__wrap.invokeStatic(analyzer.cljc:3605)
	at cljs.analyzer$analyze_seq_STAR__wrap.invoke(analyzer.cljc:3603)
	at cljs.analyzer$analyze_seq.invokeStatic(analyzer.cljc:3629)
	at cljs.analyzer$analyze_seq.invoke(analyzer.cljc:3607)
	at cljs.analyzer$analyze_form.invokeStatic(analyzer.cljc:3810)
	at cljs.analyzer$analyze_form.invoke(analyzer.cljc:3807)
	at cljs.analyzer$analyze_STAR_.invokeStatic(analyzer.cljc:3860)
	at cljs.analyzer$analyze_STAR_.invoke(analyzer.cljc:3851)
	at cljs.analyzer$analyze.invokeStatic(analyzer.cljc:3880)
	at cljs.analyzer$analyze.invoke(analyzer.cljc:3863)
	at cljs.analyzer$analyze_seq.invokeStatic(analyzer.cljc:3630)
	at cljs.analyzer$analyze_seq.invoke(analyzer.cljc:3607)
	at cljs.analyzer$analyze_form.invokeStatic(analyzer.cljc:3810)
	at cljs.analyzer$analyze_form.invoke(analyzer.cljc:3807)
	at cljs.analyzer$analyze_STAR_.invokeStatic(analyzer.cljc:3860)
	at cljs.analyzer$analyze_STAR_.invoke(analyzer.cljc:3851)
	at cljs.analyzer$analyze.invokeStatic(analyzer.cljc:3880)
	at cljs.analyzer$analyze.invoke(analyzer.cljc:3863)
	at cljs.compiler$emit_source.invokeStatic(compiler.cljc:1523)
	at cljs.compiler$emit_source.invoke(compiler.cljc:1496)
	at cljs.compiler$compile_file_STAR_$fn__3791.invoke(compiler.cljc:1608)
	at cljs.compiler$with_core_cljs.invokeStatic(compiler.cljc:1416)
	at cljs.compiler$with_core_cljs.invoke(compiler.cljc:1405)
	at cljs.compiler$compile_file_STAR_.invokeStatic(compiler.cljc:1592)
	at cljs.compiler$compile_file_STAR_.invoke(compiler.cljc:1585)
	at cljs.compiler$compile_file$fn__3822.invoke(compiler.cljc:1690)
	... 64 more
Caused by: java.lang.IllegalArgumentException: Parameter declaration fn should be a vector
	at clojure.core$fn$psig__6271.invoke(core.clj:4545)
	at clojure.core$map$fn__5866.invoke(core.clj:2755)
	at clojure.lang.LazySeq.sval(LazySeq.java:42)
	at clojure.lang.LazySeq.seq(LazySeq.java:51)
	at clojure.lang.Cons.next(Cons.java:39)
	at clojure.lang.RT.next(RT.java:713)
	at clojure.core$next__5386.invokeStatic(core.clj:64)
	at clojure.core$next__5386.invoke(core.clj:64)
	at cljs.analyzer$fn__1842.invokeStatic(analyzer.cljc:1903)
	at cljs.analyzer$fn__1842.invoke(analyzer.cljc:1899)
	at clojure.lang.MultiFn.invoke(MultiFn.java:252)
	at cljs.analyzer$analyze_seq_STAR_.invokeStatic(analyzer.cljc:3600)
	at cljs.analyzer$analyze_seq_STAR_.invoke(analyzer.cljc:3598)
	at cljs.analyzer$analyze_seq_STAR__wrap.invokeStatic(analyzer.cljc:3605)
	... 217 more

