2018.08.24 18:18:01.925 MSK INFO: *** SYSTEM START *** -- SystemUtilities.logSystemInfo()
2018.08.24 18:18:01.929 MSK CONFIG: Protege 3.5 Build 663, JVM 1.8.0_31-b13, memory=1908M, Mac OS X, encoding=UTF-8, language=en, country=US -- SystemUtilities.logSystemInfo()
2018.08.24 18:18:01.931 MSK WARNING: Plugins directory not found: /Users/ru/clojure/simpro-scene/plugins -- PluginUtilities.findPluginsDirectory()
2018.08.24 18:18:02.591 MSK WARNING: missing bundle: standard_extensions_text -- BundleHelper.<init>()
2018.08.24 18:18:02.593 MSK WARNING: no resource bundle: tab.queries -- BundleHelper.internalGetText()
2018.08.24 18:18:05.294 MSK WARNING: missing bundle: protege_text -- BundleHelper.<init>()
2018.08.24 18:18:14.217 MSK INFO: Load time for file:/Users/ru/clojure/simpro-scene/pprj_examples/SailExpert.pprj = 0 sec (project) + 4 sec (ui) -- ProjectManager$3.run()
2018.08.24 18:18:20.876 MSK SEVERE: null -- java.lang.RuntimeException: Unable to resolve symbol: b in this context, compiling:(clojure/sail/exp.clj:85:13)
	at clojure.lang.Compiler.analyze(Compiler.java:6792)
	at clojure.lang.Compiler.analyze(Compiler.java:6729)
	at clojure.lang.Compiler$HostExpr$Parser.parse(Compiler.java:986)
	at clojure.lang.Compiler.analyzeSeq(Compiler.java:7003)
	at clojure.lang.Compiler.analyze(Compiler.java:6773)
	at clojure.lang.Compiler.analyzeSeq(Compiler.java:6991)
	at clojure.lang.Compiler.analyze(Compiler.java:6773)
	at clojure.lang.Compiler.access$300(Compiler.java:38)
	at clojure.lang.Compiler$LetExpr$Parser.parse(Compiler.java:6368)
	at clojure.lang.Compiler.analyzeSeq(Compiler.java:7003)
	at clojure.lang.Compiler.analyze(Compiler.java:6773)
	at clojure.lang.Compiler.analyzeSeq(Compiler.java:6991)
	at clojure.lang.Compiler.analyze(Compiler.java:6773)
	at clojure.lang.Compiler.analyze(Compiler.java:6729)
	at clojure.lang.Compiler$BodyExpr$Parser.parse(Compiler.java:6100)
	at clojure.lang.Compiler$LetExpr$Parser.parse(Compiler.java:6420)
	at clojure.lang.Compiler.analyzeSeq(Compiler.java:7003)
	at clojure.lang.Compiler.analyze(Compiler.java:6773)
	at clojure.lang.Compiler.analyzeSeq(Compiler.java:6991)
	at clojure.lang.Compiler.analyze(Compiler.java:6773)
	at clojure.lang.Compiler.analyze(Compiler.java:6729)
	at clojure.lang.Compiler$IfExpr$Parser.parse(Compiler.java:2822)
	at clojure.lang.Compiler.analyzeSeq(Compiler.java:7003)
	at clojure.lang.Compiler.analyze(Compiler.java:6773)
	at clojure.lang.Compiler.analyze(Compiler.java:6729)
	at clojure.lang.Compiler$BodyExpr$Parser.parse(Compiler.java:6100)
	at clojure.lang.Compiler$LetExpr$Parser.parse(Compiler.java:6420)
	at clojure.lang.Compiler.analyzeSeq(Compiler.java:7003)
	at clojure.lang.Compiler.analyze(Compiler.java:6773)
	at clojure.lang.Compiler.analyzeSeq(Compiler.java:6991)
	at clojure.lang.Compiler.analyze(Compiler.java:6773)
	at clojure.lang.Compiler.analyzeSeq(Compiler.java:6991)
	at clojure.lang.Compiler.analyze(Compiler.java:6773)
	at clojure.lang.Compiler.analyzeSeq(Compiler.java:6991)
	at clojure.lang.Compiler.analyze(Compiler.java:6773)
	at clojure.lang.Compiler.analyze(Compiler.java:6729)
	at clojure.lang.Compiler$BodyExpr$Parser.parse(Compiler.java:6100)
	at clojure.lang.Compiler$FnMethod.parse(Compiler.java:5460)
	at clojure.lang.Compiler$FnExpr.parse(Compiler.java:4022)
	at clojure.lang.Compiler.analyzeSeq(Compiler.java:7001)
	at clojure.lang.Compiler.analyze(Compiler.java:6773)
	at clojure.lang.Compiler.analyzeSeq(Compiler.java:6991)
	at clojure.lang.Compiler.analyze(Compiler.java:6773)
	at clojure.lang.Compiler.access$300(Compiler.java:38)
	at clojure.lang.Compiler$DefExpr$Parser.parse(Compiler.java:595)
	at clojure.lang.Compiler.analyzeSeq(Compiler.java:7003)
	at clojure.lang.Compiler.analyze(Compiler.java:6773)
	at clojure.lang.Compiler.analyze(Compiler.java:6729)
	at clojure.lang.Compiler.eval(Compiler.java:7066)
	at clojure.lang.Compiler.load(Compiler.java:7514)
	at clojure.lang.RT.loadResourceScript(RT.java:379)
	at clojure.lang.RT.loadResourceScript(RT.java:370)
	at clojure.lang.RT.load(RT.java:460)
	at clojure.lang.RT.load(RT.java:426)
	at clojure.core$load$fn__6548.invoke(core.clj:6046)
	at clojure.core$load.invokeStatic(core.clj:6045)
	at clojure.core$load.doInvoke(core.clj:6029)
	at clojure.lang.RestFn.invoke(RestFn.java:408)
	at clojure.lang.Var.invoke(Var.java:381)
	at clojuretab.ClojureTab.loadProgram(ClojureTab.java:544)
	at menu.item$clojure_work.invokeStatic(item.clj:11)
	at menu.item$clojure_work.invoke(item.clj:5)
	at clojure.lang.Var.invoke(Var.java:377)
	at clojuretab.ClojureTab.invoke(ClojureTab.java:692)
	at clojuretab.MenuItemInserter$1.actionPerformed(MenuItemInserter.java:59)
	at javax.swing.AbstractButton.fireActionPerformed(AbstractButton.java:2022)
	at javax.swing.AbstractButton$Handler.actionPerformed(AbstractButton.java:2346)
	at javax.swing.DefaultButtonModel.fireActionPerformed(DefaultButtonModel.java:402)
	at javax.swing.DefaultButtonModel.setPressed(DefaultButtonModel.java:259)
	at javax.swing.AbstractButton.doClick(AbstractButton.java:376)
	at javax.swing.plaf.basic.BasicMenuItemUI.doClick(BasicMenuItemUI.java:833)
	at com.apple.laf.AquaMenuItemUI.doClick(AquaMenuItemUI.java:157)
	at javax.swing.plaf.basic.BasicMenuItemUI$Handler.mouseReleased(BasicMenuItemUI.java:877)
	at java.awt.Component.processMouseEvent(Component.java:6525)
	at javax.swing.JComponent.processMouseEvent(JComponent.java:3322)
	at java.awt.Component.processEvent(Component.java:6290)
	at java.awt.Container.processEvent(Container.java:2234)
	at java.awt.Component.dispatchEventImpl(Component.java:4881)
	at java.awt.Container.dispatchEventImpl(Container.java:2292)
	at java.awt.Component.dispatchEvent(Component.java:4703)
	at java.awt.LightweightDispatcher.retargetMouseEvent(Container.java:4898)
	at java.awt.LightweightDispatcher.processMouseEvent(Container.java:4533)
	at java.awt.LightweightDispatcher.dispatchEvent(Container.java:4462)
	at java.awt.Container.dispatchEventImpl(Container.java:2278)
	at java.awt.Window.dispatchEventImpl(Window.java:2739)
	at java.awt.Component.dispatchEvent(Component.java:4703)
	at java.awt.EventQueue.dispatchEventImpl(EventQueue.java:751)
	at java.awt.EventQueue.access$500(EventQueue.java:97)
	at java.awt.EventQueue$3.run(EventQueue.java:702)
	at java.awt.EventQueue$3.run(EventQueue.java:696)
	at java.security.AccessController.doPrivileged(Native Method)
	at java.security.ProtectionDomain$1.doIntersectionPrivilege(ProtectionDomain.java:75)
	at java.security.ProtectionDomain$1.doIntersectionPrivilege(ProtectionDomain.java:86)
	at java.awt.EventQueue$4.run(EventQueue.java:724)
	at java.awt.EventQueue$4.run(EventQueue.java:722)
	at java.security.AccessController.doPrivileged(Native Method)
	at java.security.ProtectionDomain$1.doIntersectionPrivilege(ProtectionDomain.java:75)
	at java.awt.EventQueue.dispatchEvent(EventQueue.java:721)
	at java.awt.EventDispatchThread.pumpOneEventForFilters(EventDispatchThread.java:201)
	at java.awt.EventDispatchThread.pumpEventsForFilter(EventDispatchThread.java:116)
	at java.awt.EventDispatchThread.pumpEventsForHierarchy(EventDispatchThread.java:105)
	at java.awt.EventDispatchThread.pumpEvents(EventDispatchThread.java:101)
	at java.awt.EventDispatchThread.pumpEvents(EventDispatchThread.java:93)
	at java.awt.EventDispatchThread.run(EventDispatchThread.java:82)
Caused by: java.lang.RuntimeException: Unable to resolve symbol: b in this context
	at clojure.lang.Util.runtimeException(Util.java:221)
	at clojure.lang.Compiler.resolveIn(Compiler.java:7299)
	at clojure.lang.Compiler.resolve(Compiler.java:7243)
	at clojure.lang.Compiler.analyzeSymbol(Compiler.java:7204)
	at clojure.lang.Compiler.analyze(Compiler.java:6752)
	... 103 more

