2018.09.08 10:22:04.090 MSK INFO: *** SYSTEM START *** -- SystemUtilities.logSystemInfo()
2018.09.08 10:22:04.094 MSK CONFIG: Protege 3.5 Build 663, JVM 1.8.0_31-b13, memory=1908M, Mac OS X, encoding=UTF-8, language=en, country=US -- SystemUtilities.logSystemInfo()
2018.09.08 10:22:04.127 MSK WARNING: Plugins directory not found: /Users/ru/clojure/simpro-scene/plugins -- PluginUtilities.findPluginsDirectory()
2018.09.08 10:22:05.730 MSK WARNING: missing bundle: standard_extensions_text -- BundleHelper.<init>()
2018.09.08 10:22:05.749 MSK WARNING: no resource bundle: tab.queries -- BundleHelper.internalGetText()
2018.09.08 10:22:10.724 MSK WARNING: missing bundle: protege_text -- BundleHelper.<init>()
2018.09.08 10:22:40.925 MSK INFO: Project load time for file:/Users/ru/clojure/simpro-scene/pprj_examples/SailExpert.pprj: 1 sec -- ProjectChooser.loadProject()
2018.09.08 10:22:48.390 MSK INFO: UI display time = 7 sec -- ProjectManager$2.run()
2018.09.08 11:19:19.651 MSK SEVERE: null -- java.util.ConcurrentModificationException
	at java.util.ArrayList$Itr.checkForComodification(ArrayList.java:901)
	at java.util.ArrayList$Itr.next(ArrayList.java:851)
	at ru.igis.omtab.Playground.fireMOEvent(Playground.java:70)
	at ru.igis.omtab.Playground.addMapOb(Playground.java:148)
	at ru.igis.omtab.OMT.addMapOb(OMT.java:68)
	at ru.igis.omtab.OMT.getOrAdd(OMT.java:78)
	at clojure.core$eval21874$fn__21875.invoke(NO_SOURCE_FILE:0)
	at clojure.lang.AFn.applyToHelper(AFn.java:160)
	at clojure.lang.AFn.applyTo(AFn.java:144)
	at clojure.core$apply.invokeStatic(core.clj:657)
	at clojure.core$apply.invoke(core.clj:652)
	at rete.core$fire_resolved.invokeStatic(core.clj:653)
	at rete.core$fire_resolved.invoke(core.clj:644)
	at rete.core$fire.invokeStatic(core.clj:663)
	at rete.core$fire.invoke(core.clj:655)
	at rete.core$fire.invokeStatic(core.clj:659)
	at rete.core$fire.invoke(core.clj:655)
	at sail.exp$ass_mo_event.invokeStatic(exp.clj:27)
	at sail.exp$ass_mo_event.invoke(exp.clj:14)
	at sail.exp$start_evt_listen$fn__21469.invoke(exp.clj:39)
	at sail.exp.proxy$java.lang.Object$ActionListener$c1f703.actionPerformed(Unknown Source)
	at ru.igis.omtab.Playground.fireMOEvent(Playground.java:71)
	at ru.igis.omtab.Playground.addMapOb(Playground.java:148)
	at ru.igis.omtab.OMT.addMapOb(OMT.java:68)
	at ru.igis.omtab.OMT.getOrAdd(OMT.java:78)
	at clojure.core$eval21789$fn__21790.invoke(NO_SOURCE_FILE:0)
	at clojure.lang.AFn.applyToHelper(AFn.java:156)
	at clojure.lang.AFn.applyTo(AFn.java:144)
	at clojure.core$apply.invokeStatic(core.clj:657)
	at clojure.core$apply.invoke(core.clj:652)
	at rete.core$fire_resolved.invokeStatic(core.clj:653)
	at rete.core$fire_resolved.invoke(core.clj:644)
	at rete.core$fire.invokeStatic(core.clj:663)
	at rete.core$fire.invoke(core.clj:655)
	at rete.core$fire.invokeStatic(core.clj:659)
	at rete.core$fire.invoke(core.clj:655)
	at sail.exp$ass_mo_event.invokeStatic(exp.clj:27)
	at sail.exp$ass_mo_event.invoke(exp.clj:14)
	at sail.exp$start_evt_listen$fn__21469.invoke(exp.clj:39)
	at sail.exp.proxy$java.lang.Object$ActionListener$c1f703.actionPerformed(Unknown Source)
	at ru.igis.omtab.Playground.fireMOEvent(Playground.java:71)
	at ru.igis.omtab.Playground.addMapOb(Playground.java:148)
	at ru.igis.omtab.OMT.addMapOb(OMT.java:68)
	at ru.igis.omtab.OMT.getOrAdd(OMT.java:78)
	at clojure.core$eval21845$fn__21846.invoke(NO_SOURCE_FILE:0)
	at clojure.lang.AFn.applyToHelper(AFn.java:160)
	at clojure.lang.AFn.applyTo(AFn.java:144)
	at clojure.core$apply.invokeStatic(core.clj:657)
	at clojure.core$apply.invoke(core.clj:652)
	at rete.core$fire_resolved.invokeStatic(core.clj:653)
	at rete.core$fire_resolved.invoke(core.clj:644)
	at rete.core$fire.invokeStatic(core.clj:663)
	at rete.core$fire.invoke(core.clj:655)
	at rete.core$fire.invokeStatic(core.clj:659)
	at rete.core$fire.invoke(core.clj:655)
	at rete.core$run.invokeStatic(core.clj:844)
	at rete.core$run.invoke(core.clj:840)
	at rete.core$run_with.invokeStatic(core.clj:862)
	at rete.core$run_with.invoke(core.clj:848)
	at ru.rules$run_engine.invokeStatic(rules.clj:94)
	at ru.rules$run_engine.invoke(rules.clj:60)
	at ru.rules$run_engine.invokeStatic(rules.clj:78)
	at ru.rules$run_engine.invoke(rules.clj:60)
	at clojure.lang.Var.invoke(Var.java:385)
	at clojuretab.ClojureTab.invoke(ClojureTab.java:700)
	at clojuretab.ClojureActionButton$1.actionPerformed(ClojureActionButton.java:53)
	at javax.swing.AbstractButton.fireActionPerformed(AbstractButton.java:2022)
	at javax.swing.AbstractButton$Handler.actionPerformed(AbstractButton.java:2346)
	at javax.swing.DefaultButtonModel.fireActionPerformed(DefaultButtonModel.java:402)
	at javax.swing.DefaultButtonModel.setPressed(DefaultButtonModel.java:259)
	at javax.swing.plaf.basic.BasicButtonListener.mouseReleased(BasicButtonListener.java:252)
	at java.awt.Component.processMouseEvent(Component.java:6525)
	at javax.swing.JComponent.processMouseEvent(JComponent.java:3322)
	at java.awt.Component.processEvent(Component.java:6290)
	at java.awt.Container.processEvent(Container.java:2234)
	at java.awt.Component.dispatchEventImpl(Component.java:4881)
	at java.awt.Container.dispatchEventImpl(Container.java:2292)
	at java.awt.Component.dispatchEvent(Component.java:4703)
	at java.awt.LightweightDispatcher.retargetMouseEvent(Container.java:4898)
	at java.awt.LightweightDispatcher.processMouseEvent(Container.java:4533)
	at java.awt.LightweightDispatcher.dispatchEvent(Container.java:4462)
	at java.awt.Container.dispatchEventImpl(Container.java:2278)
	at java.awt.Window.dispatchEventImpl(Window.java:2739)
	at java.awt.Component.dispatchEvent(Component.java:4703)
	at java.awt.EventQueue.dispatchEventImpl(EventQueue.java:751)
	at java.awt.EventQueue.access$500(EventQueue.java:97)
	at java.awt.EventQueue$3.run(EventQueue.java:702)
	at java.awt.EventQueue$3.run(EventQueue.java:696)
	at java.security.AccessController.doPrivileged(Native Method)
	at java.security.ProtectionDomain$1.doIntersectionPrivilege(ProtectionDomain.java:75)
	at java.security.ProtectionDomain$1.doIntersectionPrivilege(ProtectionDomain.java:86)
	at java.awt.EventQueue$4.run(EventQueue.java:724)
	at java.awt.EventQueue$4.run(EventQueue.java:722)
	at java.security.AccessController.doPrivileged(Native Method)
	at java.security.ProtectionDomain$1.doIntersectionPrivilege(ProtectionDomain.java:75)
	at java.awt.EventQueue.dispatchEvent(EventQueue.java:721)
	at java.awt.EventDispatchThread.pumpOneEventForFilters(EventDispatchThread.java:201)
	at java.awt.EventDispatchThread.pumpEventsForFilter(EventDispatchThread.java:116)
	at java.awt.EventDispatchThread.pumpEventsForHierarchy(EventDispatchThread.java:105)
	at java.awt.EventDispatchThread.pumpEvents(EventDispatchThread.java:101)
	at java.awt.EventDispatchThread.pumpEvents(EventDispatchThread.java:93)
	at java.awt.EventDispatchThread.run(EventDispatchThread.java:82)

