2017.12.19 00:05:49.557 MSK INFO: *** SYSTEM START *** -- SystemUtilities.logSystemInfo()
2017.12.19 00:05:49.561 MSK CONFIG: Protege 3.5 Build 663, JVM 1.8.0_31-b13, memory=1908M, Mac OS X, encoding=UTF-8, language=en, country=US -- SystemUtilities.logSystemInfo()
2017.12.19 00:05:50.460 MSK CONFIG: Loaded plugin clojuretab -- PluginUtilities.logClassLoaderInformation()
2017.12.19 00:05:50.479 MSK CONFIG: Loaded plugin edu.stanford.smi.protegex.standard_extensions - Graph Widget, Table Widget -- PluginUtilities.logClassLoaderInformation()
2017.12.19 00:05:50.526 MSK CONFIG: Loaded plugin ru.igis.omtab -- PluginUtilities.logClassLoaderInformation()
2017.12.19 00:05:52.568 MSK WARNING: missing bundle: protege_text -- BundleHelper.<init>()
2017.12.19 00:05:56.148 MSK INFO: Loaded 5000 instances: ScenarioN_ProjectKB_Class72395 -- Parser.getInstance()
2017.12.19 00:05:56.152 MSK INFO: Loaded 6000 instances: ScenarioN_ProjectKB_Class83395 -- Parser.getInstance()
2017.12.19 00:05:56.169 MSK INFO: Set type on 5000 instances: ScenarioN_ProjectKB_Class83007 -- Parser.getInstance()
2017.12.19 00:05:56.184 MSK INFO: Set type on 6000 instances: ScenarioN_ProjectKB_Class84007 -- Parser.getInstance()
2017.12.19 00:05:58.255 MSK INFO: Load time for file:/Users/ru/clojure/simpro-scene/pprj_base/Scenario.pprj = 1 sec (project) + 1 sec (ui) -- ProjectManager$3.run()
2017.12.19 00:07:13.731 MSK SEVERE: null -- java.lang.RuntimeException: Unable to resolve symbol: _ in this context, compiling:(clojure/csv/imp.clj:111:5)
	at clojure.lang.Compiler.analyze(Compiler.java:6688)
	at clojure.lang.Compiler.analyze(Compiler.java:6625)
	at clojure.lang.Compiler$BodyExpr$Parser.parse(Compiler.java:6001)
	at clojure.lang.Compiler.analyzeSeq(Compiler.java:6868)
	at clojure.lang.Compiler.analyze(Compiler.java:6669)
	at clojure.lang.Compiler.analyze(Compiler.java:6625)
	at clojure.lang.Compiler$BodyExpr$Parser.parse(Compiler.java:6001)
	at clojure.lang.Compiler$LetExpr$Parser.parse(Compiler.java:6319)
	at clojure.lang.Compiler.analyzeSeq(Compiler.java:6868)
	at clojure.lang.Compiler.analyze(Compiler.java:6669)
	at clojure.lang.Compiler.analyzeSeq(Compiler.java:6856)
	at clojure.lang.Compiler.analyze(Compiler.java:6669)
	at clojure.lang.Compiler.analyze(Compiler.java:6625)
	at clojure.lang.Compiler$IfExpr$Parser.parse(Compiler.java:2797)
	at clojure.lang.Compiler.analyzeSeq(Compiler.java:6868)
	at clojure.lang.Compiler.analyze(Compiler.java:6669)
	at clojure.lang.Compiler.analyze(Compiler.java:6625)
	at clojure.lang.Compiler$BodyExpr$Parser.parse(Compiler.java:6001)
	at clojure.lang.Compiler$LetExpr$Parser.parse(Compiler.java:6319)
	at clojure.lang.Compiler.analyzeSeq(Compiler.java:6868)
	at clojure.lang.Compiler.analyze(Compiler.java:6669)
	at clojure.lang.Compiler.analyzeSeq(Compiler.java:6856)
	at clojure.lang.Compiler.analyze(Compiler.java:6669)
	at clojure.lang.Compiler.analyzeSeq(Compiler.java:6856)
	at clojure.lang.Compiler.analyze(Compiler.java:6669)
	at clojure.lang.Compiler.analyze(Compiler.java:6625)
	at clojure.lang.Compiler$BodyExpr$Parser.parse(Compiler.java:6001)
	at clojure.lang.Compiler.analyzeSeq(Compiler.java:6868)
	at clojure.lang.Compiler.analyze(Compiler.java:6669)
	at clojure.lang.Compiler.analyze(Compiler.java:6625)
	at clojure.lang.Compiler$IfExpr$Parser.parse(Compiler.java:2797)
	at clojure.lang.Compiler.analyzeSeq(Compiler.java:6868)
	at clojure.lang.Compiler.analyze(Compiler.java:6669)
	at clojure.lang.Compiler.analyzeSeq(Compiler.java:6856)
	at clojure.lang.Compiler.analyze(Compiler.java:6669)
	at clojure.lang.Compiler.analyze(Compiler.java:6625)
	at clojure.lang.Compiler$BodyExpr$Parser.parse(Compiler.java:6001)
	at clojure.lang.Compiler$LetExpr$Parser.parse(Compiler.java:6319)
	at clojure.lang.Compiler.analyzeSeq(Compiler.java:6868)
	at clojure.lang.Compiler.analyze(Compiler.java:6669)
	at clojure.lang.Compiler.analyzeSeq(Compiler.java:6856)
	at clojure.lang.Compiler.analyze(Compiler.java:6669)
	at clojure.lang.Compiler.analyze(Compiler.java:6625)
	at clojure.lang.Compiler$BodyExpr$Parser.parse(Compiler.java:6001)
	at clojure.lang.Compiler$FnMethod.parse(Compiler.java:5380)
	at clojure.lang.Compiler$FnExpr.parse(Compiler.java:3972)
	at clojure.lang.Compiler.analyzeSeq(Compiler.java:6866)
	at clojure.lang.Compiler.analyze(Compiler.java:6669)
	at clojure.lang.Compiler.analyzeSeq(Compiler.java:6856)
	at clojure.lang.Compiler.analyze(Compiler.java:6669)
	at clojure.lang.Compiler.access$300(Compiler.java:38)
	at clojure.lang.Compiler$DefExpr$Parser.parse(Compiler.java:589)
	at clojure.lang.Compiler.analyzeSeq(Compiler.java:6868)
	at clojure.lang.Compiler.analyze(Compiler.java:6669)
	at clojure.lang.Compiler.analyze(Compiler.java:6625)
	at clojure.lang.Compiler.eval(Compiler.java:6931)
	at clojure.lang.Compiler.load(Compiler.java:7379)
	at clojure.lang.RT.loadResourceScript(RT.java:372)
	at clojure.lang.RT.loadResourceScript(RT.java:363)
	at clojure.lang.RT.load(RT.java:453)
	at clojure.lang.RT.load(RT.java:419)
	at clojure.core$load$fn__5677.invoke(core.clj:5893)
	at clojure.core$load.invokeStatic(core.clj:5892)
	at clojure.core$load.doInvoke(core.clj:5876)
	at clojure.lang.RestFn.invoke(RestFn.java:408)
	at clojure.lang.Var.invoke(Var.java:379)
	at clojuretab.ClojureTab.loadProgram(ClojureTab.java:544)
	at clojuretab.ClojureTab.loadSelectedPrograms(ClojureTab.java:533)
	at clojuretab.ClojureTab.access$3(ClojureTab.java:529)
	at clojuretab.ClojureTab$5.actionPerformed(ClojureTab.java:255)
	at javax.swing.AbstractButton.fireActionPerformed(AbstractButton.java:2022)
	at javax.swing.AbstractButton$Handler.actionPerformed(AbstractButton.java:2346)
	at javax.swing.DefaultButtonModel.fireActionPerformed(DefaultButtonModel.java:402)
	at javax.swing.DefaultButtonModel.setPressed(DefaultButtonModel.java:259)
	at javax.swing.plaf.basic.BasicButtonListener.mouseReleased(BasicButtonListener.java:252)
	at java.awt.AWTEventMulticaster.mouseReleased(AWTEventMulticaster.java:289)
	at java.awt.Component.processMouseEvent(Component.java:6525)
	at javax.swing.JComponent.processMouseEvent(JComponent.java:3322)
	at java.awt.Component.processEvent(Component.java:6290)
	at java.awt.Container.processEvent(Container.java:2234)
	at java.awt.Component.dispatchEventImpl(Component.java:4881)
	at java.awt.Container.dispatchEventImpl(Container.java:2292)
	at java.awt.Component.dispatchEvent(Component.java:4703)
	at java.awt.LightweightDispatcher.retargetMouseEvent(Container.java:4898)
	at java.awt.LightweightDispatcher.processMouseEvent(Container.java:4533)
	at java.awt.LightweightDispatcher.dispatchEvent(Container.java:4462)
	at java.awt.Container.dispatchEventImpl(Container.java:2278)
	at java.awt.Window.dispatchEventImpl(Window.java:2739)
	at java.awt.Component.dispatchEvent(Component.java:4703)
	at java.awt.EventQueue.dispatchEventImpl(EventQueue.java:751)
	at java.awt.EventQueue.access$500(EventQueue.java:97)
	at java.awt.EventQueue$3.run(EventQueue.java:702)
	at java.awt.EventQueue$3.run(EventQueue.java:696)
	at java.security.AccessController.doPrivileged(Native Method)
	at java.security.ProtectionDomain$1.doIntersectionPrivilege(ProtectionDomain.java:75)
	at java.security.ProtectionDomain$1.doIntersectionPrivilege(ProtectionDomain.java:86)
	at java.awt.EventQueue$4.run(EventQueue.java:724)
	at java.awt.EventQueue$4.run(EventQueue.java:722)
	at java.security.AccessController.doPrivileged(Native Method)
	at java.security.ProtectionDomain$1.doIntersectionPrivilege(ProtectionDomain.java:75)
	at java.awt.EventQueue.dispatchEvent(EventQueue.java:721)
	at java.awt.EventDispatchThread.pumpOneEventForFilters(EventDispatchThread.java:201)
	at java.awt.EventDispatchThread.pumpEventsForFilter(EventDispatchThread.java:116)
	at java.awt.EventDispatchThread.pumpEventsForHierarchy(EventDispatchThread.java:105)
	at java.awt.EventDispatchThread.pumpEvents(EventDispatchThread.java:101)
	at java.awt.EventDispatchThread.pumpEvents(EventDispatchThread.java:93)
	at java.awt.EventDispatchThread.run(EventDispatchThread.java:82)
Caused by: java.lang.RuntimeException: Unable to resolve symbol: _ in this context
	at clojure.lang.Util.runtimeException(Util.java:221)
	at clojure.lang.Compiler.resolveIn(Compiler.java:7164)
	at clojure.lang.Compiler.resolve(Compiler.java:7108)
	at clojure.lang.Compiler.analyzeSymbol(Compiler.java:7069)
	at clojure.lang.Compiler.analyze(Compiler.java:6648)
	... 106 more

2017.12.19 00:08:46.895 MSK SEVERE: null -- java.lang.NullPointerException
	at ru.igis.omtab.Playground.addMapOb(Playground.java:138)
	at ru.igis.omtab.OMT.addMapOb(OMT.java:69)
	at csv.imp$load_cities.invokeStatic(imp.clj:121)
	at csv.imp$load_cities.invoke(imp.clj:103)
	at clojure.lang.Var.invoke(Var.java:383)
	at clojuretab.ClojureTab.invoke(ClojureTab.java:700)
	at clojuretab.ClojureActionButton$1.actionPerformed(ClojureActionButton.java:53)
	at javax.swing.AbstractButton.fireActionPerformed(AbstractButton.java:2022)
	at javax.swing.AbstractButton$Handler.actionPerformed(AbstractButton.java:2346)
	at javax.swing.DefaultButtonModel.fireActionPerformed(DefaultButtonModel.java:402)
	at javax.swing.DefaultButtonModel.setPressed(DefaultButtonModel.java:259)
	at javax.swing.plaf.basic.BasicButtonListener.mouseReleased(BasicButtonListener.java:252)
	at java.awt.Component.processMouseEvent(Component.java:6525)
	at javax.swing.JComponent.processMouseEvent(JComponent.java:3322)
	at java.awt.Component.processEvent(Component.java:6290)
	at java.awt.Container.processEvent(Container.java:2234)
	at java.awt.Component.dispatchEventImpl(Component.java:4881)
	at java.awt.Container.dispatchEventImpl(Container.java:2292)
	at java.awt.Component.dispatchEvent(Component.java:4703)
	at java.awt.LightweightDispatcher.retargetMouseEvent(Container.java:4898)
	at java.awt.LightweightDispatcher.processMouseEvent(Container.java:4533)
	at java.awt.LightweightDispatcher.dispatchEvent(Container.java:4462)
	at java.awt.Container.dispatchEventImpl(Container.java:2278)
	at java.awt.Window.dispatchEventImpl(Window.java:2739)
	at java.awt.Component.dispatchEvent(Component.java:4703)
	at java.awt.EventQueue.dispatchEventImpl(EventQueue.java:751)
	at java.awt.EventQueue.access$500(EventQueue.java:97)
	at java.awt.EventQueue$3.run(EventQueue.java:702)
	at java.awt.EventQueue$3.run(EventQueue.java:696)
	at java.security.AccessController.doPrivileged(Native Method)
	at java.security.ProtectionDomain$1.doIntersectionPrivilege(ProtectionDomain.java:75)
	at java.security.ProtectionDomain$1.doIntersectionPrivilege(ProtectionDomain.java:86)
	at java.awt.EventQueue$4.run(EventQueue.java:724)
	at java.awt.EventQueue$4.run(EventQueue.java:722)
	at java.security.AccessController.doPrivileged(Native Method)
	at java.security.ProtectionDomain$1.doIntersectionPrivilege(ProtectionDomain.java:75)
	at java.awt.EventQueue.dispatchEvent(EventQueue.java:721)
	at java.awt.EventDispatchThread.pumpOneEventForFilters(EventDispatchThread.java:201)
	at java.awt.EventDispatchThread.pumpEventsForFilter(EventDispatchThread.java:116)
	at java.awt.EventDispatchThread.pumpEventsForHierarchy(EventDispatchThread.java:105)
	at java.awt.EventDispatchThread.pumpEvents(EventDispatchThread.java:101)
	at java.awt.EventDispatchThread.pumpEvents(EventDispatchThread.java:93)
	at java.awt.EventDispatchThread.run(EventDispatchThread.java:82)

2017.12.19 00:10:24.548 MSK SEVERE: null -- java.lang.RuntimeException: Unable to resolve symbol: in in this context, compiling:(clojure/csv/imp.clj:120:9)
	at clojure.lang.Compiler.analyze(Compiler.java:6688)
	at clojure.lang.Compiler.analyze(Compiler.java:6625)
	at clojure.lang.Compiler$HostExpr$Parser.parse(Compiler.java:1009)
	at clojure.lang.Compiler.analyzeSeq(Compiler.java:6868)
	at clojure.lang.Compiler.analyze(Compiler.java:6669)
	at clojure.lang.Compiler.analyzeSeq(Compiler.java:6856)
	at clojure.lang.Compiler.analyze(Compiler.java:6669)
	at clojure.lang.Compiler.analyze(Compiler.java:6625)
	at clojure.lang.Compiler$BodyExpr$Parser.parse(Compiler.java:6001)
	at clojure.lang.Compiler.analyzeSeq(Compiler.java:6868)
	at clojure.lang.Compiler.analyze(Compiler.java:6669)
	at clojure.lang.Compiler.analyze(Compiler.java:6625)
	at clojure.lang.Compiler$BodyExpr$Parser.parse(Compiler.java:6001)
	at clojure.lang.Compiler$LetExpr$Parser.parse(Compiler.java:6319)
	at clojure.lang.Compiler.analyzeSeq(Compiler.java:6868)
	at clojure.lang.Compiler.analyze(Compiler.java:6669)
	at clojure.lang.Compiler.analyzeSeq(Compiler.java:6856)
	at clojure.lang.Compiler.analyze(Compiler.java:6669)
	at clojure.lang.Compiler.analyze(Compiler.java:6625)
	at clojure.lang.Compiler$IfExpr$Parser.parse(Compiler.java:2797)
	at clojure.lang.Compiler.analyzeSeq(Compiler.java:6868)
	at clojure.lang.Compiler.analyze(Compiler.java:6669)
	at clojure.lang.Compiler.analyze(Compiler.java:6625)
	at clojure.lang.Compiler$BodyExpr$Parser.parse(Compiler.java:6001)
	at clojure.lang.Compiler$LetExpr$Parser.parse(Compiler.java:6319)
	at clojure.lang.Compiler.analyzeSeq(Compiler.java:6868)
	at clojure.lang.Compiler.analyze(Compiler.java:6669)
	at clojure.lang.Compiler.analyzeSeq(Compiler.java:6856)
	at clojure.lang.Compiler.analyze(Compiler.java:6669)
	at clojure.lang.Compiler.analyzeSeq(Compiler.java:6856)
	at clojure.lang.Compiler.analyze(Compiler.java:6669)
	at clojure.lang.Compiler.analyze(Compiler.java:6625)
	at clojure.lang.Compiler$BodyExpr$Parser.parse(Compiler.java:6001)
	at clojure.lang.Compiler.analyzeSeq(Compiler.java:6868)
	at clojure.lang.Compiler.analyze(Compiler.java:6669)
	at clojure.lang.Compiler.analyze(Compiler.java:6625)
	at clojure.lang.Compiler$IfExpr$Parser.parse(Compiler.java:2797)
	at clojure.lang.Compiler.analyzeSeq(Compiler.java:6868)
	at clojure.lang.Compiler.analyze(Compiler.java:6669)
	at clojure.lang.Compiler.analyzeSeq(Compiler.java:6856)
	at clojure.lang.Compiler.analyze(Compiler.java:6669)
	at clojure.lang.Compiler.analyze(Compiler.java:6625)
	at clojure.lang.Compiler$BodyExpr$Parser.parse(Compiler.java:6001)
	at clojure.lang.Compiler$LetExpr$Parser.parse(Compiler.java:6319)
	at clojure.lang.Compiler.analyzeSeq(Compiler.java:6868)
	at clojure.lang.Compiler.analyze(Compiler.java:6669)
	at clojure.lang.Compiler.analyzeSeq(Compiler.java:6856)
	at clojure.lang.Compiler.analyze(Compiler.java:6669)
	at clojure.lang.Compiler.analyze(Compiler.java:6625)
	at clojure.lang.Compiler$BodyExpr$Parser.parse(Compiler.java:6001)
	at clojure.lang.Compiler$FnMethod.parse(Compiler.java:5380)
	at clojure.lang.Compiler$FnExpr.parse(Compiler.java:3972)
	at clojure.lang.Compiler.analyzeSeq(Compiler.java:6866)
	at clojure.lang.Compiler.analyze(Compiler.java:6669)
	at clojure.lang.Compiler.analyzeSeq(Compiler.java:6856)
	at clojure.lang.Compiler.analyze(Compiler.java:6669)
	at clojure.lang.Compiler.access$300(Compiler.java:38)
	at clojure.lang.Compiler$DefExpr$Parser.parse(Compiler.java:589)
	at clojure.lang.Compiler.analyzeSeq(Compiler.java:6868)
	at clojure.lang.Compiler.analyze(Compiler.java:6669)
	at clojure.lang.Compiler.analyze(Compiler.java:6625)
	at clojure.lang.Compiler.eval(Compiler.java:6931)
	at clojure.lang.Compiler.load(Compiler.java:7379)
	at clojure.lang.RT.loadResourceScript(RT.java:372)
	at clojure.lang.RT.loadResourceScript(RT.java:363)
	at clojure.lang.RT.load(RT.java:453)
	at clojure.lang.RT.load(RT.java:419)
	at clojure.core$load$fn__5677.invoke(core.clj:5893)
	at clojure.core$load.invokeStatic(core.clj:5892)
	at clojure.core$load.doInvoke(core.clj:5876)
	at clojure.lang.RestFn.invoke(RestFn.java:408)
	at clojure.lang.Var.invoke(Var.java:379)
	at clojuretab.ClojureTab.loadProgram(ClojureTab.java:544)
	at clojuretab.ClojureTab.loadSelectedPrograms(ClojureTab.java:533)
	at clojuretab.ClojureTab.access$3(ClojureTab.java:529)
	at clojuretab.ClojureTab$5.actionPerformed(ClojureTab.java:255)
	at javax.swing.AbstractButton.fireActionPerformed(AbstractButton.java:2022)
	at javax.swing.AbstractButton$Handler.actionPerformed(AbstractButton.java:2346)
	at javax.swing.DefaultButtonModel.fireActionPerformed(DefaultButtonModel.java:402)
	at javax.swing.DefaultButtonModel.setPressed(DefaultButtonModel.java:259)
	at javax.swing.plaf.basic.BasicButtonListener.mouseReleased(BasicButtonListener.java:252)
	at java.awt.AWTEventMulticaster.mouseReleased(AWTEventMulticaster.java:289)
	at java.awt.Component.processMouseEvent(Component.java:6525)
	at javax.swing.JComponent.processMouseEvent(JComponent.java:3322)
	at java.awt.Component.processEvent(Component.java:6290)
	at java.awt.Container.processEvent(Container.java:2234)
	at java.awt.Component.dispatchEventImpl(Component.java:4881)
	at java.awt.Container.dispatchEventImpl(Container.java:2292)
	at java.awt.Component.dispatchEvent(Component.java:4703)
	at java.awt.LightweightDispatcher.retargetMouseEvent(Container.java:4898)
	at java.awt.LightweightDispatcher.processMouseEvent(Container.java:4533)
	at java.awt.LightweightDispatcher.dispatchEvent(Container.java:4462)
	at java.awt.Container.dispatchEventImpl(Container.java:2278)
	at java.awt.Window.dispatchEventImpl(Window.java:2739)
	at java.awt.Component.dispatchEvent(Component.java:4703)
	at java.awt.EventQueue.dispatchEventImpl(EventQueue.java:751)
	at java.awt.EventQueue.access$500(EventQueue.java:97)
	at java.awt.EventQueue$3.run(EventQueue.java:702)
	at java.awt.EventQueue$3.run(EventQueue.java:696)
	at java.security.AccessController.doPrivileged(Native Method)
	at java.security.ProtectionDomain$1.doIntersectionPrivilege(ProtectionDomain.java:75)
	at java.security.ProtectionDomain$1.doIntersectionPrivilege(ProtectionDomain.java:86)
	at java.awt.EventQueue$4.run(EventQueue.java:724)
	at java.awt.EventQueue$4.run(EventQueue.java:722)
	at java.security.AccessController.doPrivileged(Native Method)
	at java.security.ProtectionDomain$1.doIntersectionPrivilege(ProtectionDomain.java:75)
	at java.awt.EventQueue.dispatchEvent(EventQueue.java:721)
	at java.awt.EventDispatchThread.pumpOneEventForFilters(EventDispatchThread.java:201)
	at java.awt.EventDispatchThread.pumpEventsForFilter(EventDispatchThread.java:116)
	at java.awt.EventDispatchThread.pumpEventsForHierarchy(EventDispatchThread.java:105)
	at java.awt.EventDispatchThread.pumpEvents(EventDispatchThread.java:101)
	at java.awt.EventDispatchThread.pumpEvents(EventDispatchThread.java:93)
	at java.awt.EventDispatchThread.run(EventDispatchThread.java:82)
Caused by: java.lang.RuntimeException: Unable to resolve symbol: in in this context
	at clojure.lang.Util.runtimeException(Util.java:221)
	at clojure.lang.Compiler.resolveIn(Compiler.java:7164)
	at clojure.lang.Compiler.resolve(Compiler.java:7108)
	at clojure.lang.Compiler.analyzeSymbol(Compiler.java:7069)
	at clojure.lang.Compiler.analyze(Compiler.java:6648)
	... 112 more

2017.12.19 00:11:06.598 MSK SEVERE: null -- java.lang.RuntimeException: EOF while reading, starting at line 103, compiling:(clojure/csv/imp.clj:122:1)
	at clojure.lang.Compiler.load(Compiler.java:7386)
	at clojure.lang.RT.loadResourceScript(RT.java:372)
	at clojure.lang.RT.loadResourceScript(RT.java:363)
	at clojure.lang.RT.load(RT.java:453)
	at clojure.lang.RT.load(RT.java:419)
	at clojure.core$load$fn__5677.invoke(core.clj:5893)
	at clojure.core$load.invokeStatic(core.clj:5892)
	at clojure.core$load.doInvoke(core.clj:5876)
	at clojure.lang.RestFn.invoke(RestFn.java:408)
	at clojure.lang.Var.invoke(Var.java:379)
	at clojuretab.ClojureTab.loadProgram(ClojureTab.java:544)
	at clojuretab.ClojureTab.loadSelectedPrograms(ClojureTab.java:533)
	at clojuretab.ClojureTab.access$3(ClojureTab.java:529)
	at clojuretab.ClojureTab$5.actionPerformed(ClojureTab.java:255)
	at javax.swing.AbstractButton.fireActionPerformed(AbstractButton.java:2022)
	at javax.swing.AbstractButton$Handler.actionPerformed(AbstractButton.java:2346)
	at javax.swing.DefaultButtonModel.fireActionPerformed(DefaultButtonModel.java:402)
	at javax.swing.DefaultButtonModel.setPressed(DefaultButtonModel.java:259)
	at javax.swing.plaf.basic.BasicButtonListener.mouseReleased(BasicButtonListener.java:252)
	at java.awt.AWTEventMulticaster.mouseReleased(AWTEventMulticaster.java:289)
	at java.awt.Component.processMouseEvent(Component.java:6525)
	at javax.swing.JComponent.processMouseEvent(JComponent.java:3322)
	at java.awt.Component.processEvent(Component.java:6290)
	at java.awt.Container.processEvent(Container.java:2234)
	at java.awt.Component.dispatchEventImpl(Component.java:4881)
	at java.awt.Container.dispatchEventImpl(Container.java:2292)
	at java.awt.Component.dispatchEvent(Component.java:4703)
	at java.awt.LightweightDispatcher.retargetMouseEvent(Container.java:4898)
	at java.awt.LightweightDispatcher.processMouseEvent(Container.java:4533)
	at java.awt.LightweightDispatcher.dispatchEvent(Container.java:4462)
	at java.awt.Container.dispatchEventImpl(Container.java:2278)
	at java.awt.Window.dispatchEventImpl(Window.java:2739)
	at java.awt.Component.dispatchEvent(Component.java:4703)
	at java.awt.EventQueue.dispatchEventImpl(EventQueue.java:751)
	at java.awt.EventQueue.access$500(EventQueue.java:97)
	at java.awt.EventQueue$3.run(EventQueue.java:702)
	at java.awt.EventQueue$3.run(EventQueue.java:696)
	at java.security.AccessController.doPrivileged(Native Method)
	at java.security.ProtectionDomain$1.doIntersectionPrivilege(ProtectionDomain.java:75)
	at java.security.ProtectionDomain$1.doIntersectionPrivilege(ProtectionDomain.java:86)
	at java.awt.EventQueue$4.run(EventQueue.java:724)
	at java.awt.EventQueue$4.run(EventQueue.java:722)
	at java.security.AccessController.doPrivileged(Native Method)
	at java.security.ProtectionDomain$1.doIntersectionPrivilege(ProtectionDomain.java:75)
	at java.awt.EventQueue.dispatchEvent(EventQueue.java:721)
	at java.awt.EventDispatchThread.pumpOneEventForFilters(EventDispatchThread.java:201)
	at java.awt.EventDispatchThread.pumpEventsForFilter(EventDispatchThread.java:116)
	at java.awt.EventDispatchThread.pumpEventsForHierarchy(EventDispatchThread.java:105)
	at java.awt.EventDispatchThread.pumpEvents(EventDispatchThread.java:101)
	at java.awt.EventDispatchThread.pumpEvents(EventDispatchThread.java:93)
	at java.awt.EventDispatchThread.run(EventDispatchThread.java:82)
Caused by: java.lang.RuntimeException: EOF while reading, starting at line 103
	at clojure.lang.Util.runtimeException(Util.java:221)
	at clojure.lang.LispReader.readDelimitedList(LispReader.java:1206)
	at clojure.lang.LispReader$ListReader.invoke(LispReader.java:1049)
	at clojure.lang.LispReader.read(LispReader.java:263)
	at clojure.lang.LispReader.read(LispReader.java:196)
	at clojure.lang.Compiler.load(Compiler.java:7374)
	... 50 more

