2018.10.11 11:09:50.994 MSK INFO: *** SYSTEM START *** -- SystemUtilities.logSystemInfo()
2018.10.11 11:09:51.021 MSK CONFIG: Protege 3.5 Build 663, JVM 10.0.2+13-Ubuntu-1ubuntu0.18.04.2, memory=494M, Linux, encoding=UTF-8, language=en, country=US -- SystemUtilities.logSystemInfo()
2018.10.11 11:09:51.029 MSK WARNING: Plugins directory not found: /home/ru/clojure/simpro-scene/plugins -- PluginUtilities.findPluginsDirectory()
2018.10.11 11:09:51.648 MSK WARNING: missing bundle: standard_extensions_text -- BundleHelper.<init>()
2018.10.11 11:09:51.655 MSK WARNING: no resource bundle: tab.queries -- BundleHelper.internalGetText()
2018.10.11 11:09:52.851 MSK WARNING: Look and feel not found: com.apple.laf.AquaLookAndFeel -- SystemUtilities.setLookAndFeel()
2018.10.11 11:09:53.877 MSK WARNING: missing bundle: protege_text -- BundleHelper.<init>()
2018.10.11 11:10:26.015 MSK INFO: Load time for file:/home/ru/clojure/simpro-scene/pprj_examples/SailExpert.pprj = 5 sec (project) + 21 sec (ui) -- ProjectManager$3.run()
2018.10.11 11:10:57.666 MSK SEVERE: null -- java.lang.IllegalArgumentException: Don't know how to create ISeq from: java.lang.Long
	at clojure.lang.RT.seqFrom(RT.java:550)
	at clojure.lang.RT.seq(RT.java:530)
	at clojure.core$seq__5124.invokeStatic(core.clj:137)
	at clojure.core$seq__5124.invoke(core.clj:137)
	at rete.core$log_anp.invokeStatic(core.clj:286)
	at rete.core$log_anp.invoke(core.clj:281)
	at rete.core$create_rete.invokeStatic(core.clj:310)
	at rete.core$create_rete.invoke(core.clj:299)
	at rete.core$run_with.invokeStatic(core.clj:857)
	at rete.core$run_with.invoke(core.clj:848)
	at ru.rules$run_engine.invokeStatic(rules.clj:94)
	at ru.rules$run_engine.invoke(rules.clj:60)
	at ru.rules$run_engine.invokeStatic(rules.clj:66)
	at ru.rules$run_engine.invoke(rules.clj:60)
	at clojure.lang.Var.invoke(Var.java:381)
	at clojuretab.ClojureTab.invoke(ClojureTab.java:696)
	at menu.item$clojure_work.invokeStatic(item.clj:16)
	at menu.item$clojure_work.invoke(item.clj:5)
	at clojure.lang.Var.invoke(Var.java:377)
	at clojuretab.ClojureTab.invoke(ClojureTab.java:692)
	at clojuretab.MenuItemInserter$1.actionPerformed(MenuItemInserter.java:59)
	at java.desktop/javax.swing.AbstractButton.fireActionPerformed(AbstractButton.java:1967)
	at java.desktop/javax.swing.AbstractButton$Handler.actionPerformed(AbstractButton.java:2308)
	at java.desktop/javax.swing.DefaultButtonModel.fireActionPerformed(DefaultButtonModel.java:405)
	at java.desktop/javax.swing.DefaultButtonModel.setPressed(DefaultButtonModel.java:262)
	at java.desktop/javax.swing.AbstractButton.doClick(AbstractButton.java:369)
	at java.desktop/javax.swing.plaf.basic.BasicMenuItemUI.doClick(BasicMenuItemUI.java:980)
	at java.desktop/javax.swing.plaf.basic.BasicMenuItemUI$Handler.mouseReleased(BasicMenuItemUI.java:1024)
	at java.desktop/java.awt.Component.processMouseEvent(Component.java:6589)
	at java.desktop/javax.swing.JComponent.processMouseEvent(JComponent.java:3342)
	at java.desktop/java.awt.Component.processEvent(Component.java:6354)
	at java.desktop/java.awt.Container.processEvent(Container.java:2261)
	at java.desktop/java.awt.Component.dispatchEventImpl(Component.java:4966)
	at java.desktop/java.awt.Container.dispatchEventImpl(Container.java:2319)
	at java.desktop/java.awt.Component.dispatchEvent(Component.java:4798)
	at java.desktop/java.awt.LightweightDispatcher.retargetMouseEvent(Container.java:4914)
	at java.desktop/java.awt.LightweightDispatcher.processMouseEvent(Container.java:4543)
	at java.desktop/java.awt.LightweightDispatcher.dispatchEvent(Container.java:4484)
	at java.desktop/java.awt.Container.dispatchEventImpl(Container.java:2305)
	at java.desktop/java.awt.Window.dispatchEventImpl(Window.java:2772)
	at java.desktop/java.awt.Component.dispatchEvent(Component.java:4798)
	at java.desktop/java.awt.EventQueue.dispatchEventImpl(EventQueue.java:772)
	at java.desktop/java.awt.EventQueue.access$600(EventQueue.java:97)
	at java.desktop/java.awt.EventQueue$4.run(EventQueue.java:721)
	at java.desktop/java.awt.EventQueue$4.run(EventQueue.java:715)
	at java.base/java.security.AccessController.doPrivileged(Native Method)
	at java.base/java.security.ProtectionDomain$JavaSecurityAccessImpl.doIntersectionPrivilege(ProtectionDomain.java:87)
	at java.base/java.security.ProtectionDomain$JavaSecurityAccessImpl.doIntersectionPrivilege(ProtectionDomain.java:97)
	at java.desktop/java.awt.EventQueue$5.run(EventQueue.java:745)
	at java.desktop/java.awt.EventQueue$5.run(EventQueue.java:743)
	at java.base/java.security.AccessController.doPrivileged(Native Method)
	at java.base/java.security.ProtectionDomain$JavaSecurityAccessImpl.doIntersectionPrivilege(ProtectionDomain.java:87)
	at java.desktop/java.awt.EventQueue.dispatchEvent(EventQueue.java:742)
	at java.desktop/java.awt.EventDispatchThread.pumpOneEventForFilters(EventDispatchThread.java:203)
	at java.desktop/java.awt.EventDispatchThread.pumpEventsForFilter(EventDispatchThread.java:124)
	at java.desktop/java.awt.EventDispatchThread.pumpEventsForHierarchy(EventDispatchThread.java:113)
	at java.desktop/java.awt.EventDispatchThread.pumpEvents(EventDispatchThread.java:109)
	at java.desktop/java.awt.EventDispatchThread.pumpEvents(EventDispatchThread.java:101)
	at java.desktop/java.awt.EventDispatchThread.run(EventDispatchThread.java:90)

