2017.10.20 17:29:22.825 MSK INFO: *** SYSTEM START *** -- SystemUtilities.logSystemInfo()
2017.10.20 17:29:22.830 MSK CONFIG: Protege 3.5 Build 663, JVM 1.8.0_31-b13, memory=1908M, Mac OS X, encoding=UTF-8, language=en, country=US -- SystemUtilities.logSystemInfo()
2017.10.20 17:29:23.022 MSK CONFIG: Loaded plugin clojuretab -- PluginUtilities.logClassLoaderInformation()
2017.10.20 17:29:23.024 MSK CONFIG: Loaded plugin edu.stanford.smi.protegex.standard_extensions - Graph Widget, Table Widget -- PluginUtilities.logClassLoaderInformation()
2017.10.20 17:29:23.055 MSK CONFIG: Loaded plugin ru.igis.omtab -- PluginUtilities.logClassLoaderInformation()
2017.10.20 17:29:23.936 MSK WARNING: missing bundle: protege_text -- BundleHelper.<init>()
2017.10.20 17:29:36.347 MSK FINE: no include files found. -- PropertyHandler.getIncludeProperties()
2017.10.20 17:29:36.348 MSK FINE: no include file properties found in URL -- PropertyHandler.merge()
2017.10.20 17:29:36.348 MSK FINE: loaded properties -- PropertyHandler.init()
2017.10.20 17:29:36.463 MSK FINE: adding FINE to Debug list. -- PropertyHandler.createComponents()
2017.10.20 17:29:36.464 MSK FINER: creating components from [graphicLoaderConnector, layerHandler, layersPanel, menuList, omtHelp2, omtHelp1, omtHelp3, mouseDelegator, mouseModeButtonPanel, navMouseMode, nullMouseMode, PanMouseMode, RuDistanceMouseMode, selectMouseMode, BluePlayground, RedPlayground, runa, informationDelegator, OMT, ProjStack, runaControlPanel, toolPanel, toolSet] -- PropertyHandler.createComponents()
2017.10.20 17:29:36.465 MSK FINER: creating: com.bbn.openmap.plugin.graphicLoader.GraphicLoaderConnector -- ComponentFactory._create()
2017.10.20 17:29:36.466 MSK FINER:  - got class for com.bbn.openmap.plugin.graphicLoader.GraphicLoaderConnector -- ComponentFactory._create()
2017.10.20 17:29:36.466 MSK FINER:  - created class arguments [null] -- ComponentFactory._create()
2017.10.20 17:29:36.466 MSK FINER:  - got constructor -- ComponentFactory._create()
2017.10.20 17:29:36.466 MSK FINER:  - got object -- ComponentFactory._create()
2017.10.20 17:29:36.466 MSK FINER:   setting properties with prefix "graphicLoaderConnector" -- ComponentFactory._create()
2017.10.20 17:29:36.466 MSK FINER:  - set properties -- ComponentFactory._create()
2017.10.20 17:29:36.466 MSK FINE: ComponentFactory: [com.bbn.openmap.plugin.graphicLoader.GraphicLoaderConnector(0)] created -- ComponentFactory._create()
2017.10.20 17:29:36.467 MSK FINER: creating: com.bbn.openmap.LayerHandler -- ComponentFactory._create()
2017.10.20 17:29:36.468 MSK FINER:  - got class for com.bbn.openmap.LayerHandler -- ComponentFactory._create()
2017.10.20 17:29:36.468 MSK FINER:  - created class arguments [null] -- ComponentFactory._create()
2017.10.20 17:29:36.468 MSK FINER:  - got constructor -- ComponentFactory._create()
2017.10.20 17:29:36.469 MSK FINER:  - got object -- ComponentFactory._create()
2017.10.20 17:29:36.469 MSK FINER:   setting properties with prefix "layerHandler" -- ComponentFactory._create()
2017.10.20 17:29:36.469 MSK FINER: creating: com.bbn.openmap.layer.GraticuleLayer -- ComponentFactory._create()
2017.10.20 17:29:36.474 MSK FINER:  - got class for com.bbn.openmap.layer.GraticuleLayer -- ComponentFactory._create()
2017.10.20 17:29:36.474 MSK FINER:  - created class arguments [null] -- ComponentFactory._create()
2017.10.20 17:29:36.474 MSK FINER:  - got constructor -- ComponentFactory._create()
2017.10.20 17:29:36.478 MSK FINER:  - got object -- ComponentFactory._create()
2017.10.20 17:29:36.478 MSK FINER:   setting properties with prefix "graticule" -- ComponentFactory._create()
2017.10.20 17:29:36.478 MSK FINER:  - set properties -- ComponentFactory._create()
2017.10.20 17:29:36.478 MSK FINER: creating: com.bbn.openmap.layer.imageTile.MapTileLayer -- ComponentFactory._create()
2017.10.20 17:29:36.479 MSK FINER:  - got class for com.bbn.openmap.layer.imageTile.MapTileLayer -- ComponentFactory._create()
2017.10.20 17:29:36.479 MSK FINER:  - created class arguments [null] -- ComponentFactory._create()
2017.10.20 17:29:36.479 MSK FINER:  - got constructor -- ComponentFactory._create()
2017.10.20 17:29:36.486 MSK FINER:  - got object -- ComponentFactory._create()
2017.10.20 17:29:36.487 MSK FINER:   setting properties with prefix "OSM_Tiles" -- ComponentFactory._create()
2017.10.20 17:29:36.487 MSK FINER: creating: com.bbn.openmap.dataAccess.mapTile.ServerMapTileFactory -- ComponentFactory._create()
2017.10.20 17:29:36.488 MSK FINER:  - got class for com.bbn.openmap.dataAccess.mapTile.ServerMapTileFactory -- ComponentFactory._create()
2017.10.20 17:29:36.488 MSK FINER:  - created class arguments [null] -- ComponentFactory._create()
2017.10.20 17:29:36.488 MSK FINER:  - got constructor -- ComponentFactory._create()
2017.10.20 17:29:36.488 MSK FINER:  - got object -- ComponentFactory._create()
2017.10.20 17:29:36.488 MSK FINER:   setting properties with prefix "OSM_Tiles." -- ComponentFactory._create()
2017.10.20 17:29:36.489 MSK FINER: creating: com.bbn.openmap.dataAccess.mapTile.ShpFileEmptyTileHandler -- ComponentFactory._create()
2017.10.20 17:29:36.490 MSK FINER:  - got class for com.bbn.openmap.dataAccess.mapTile.ShpFileEmptyTileHandler -- ComponentFactory._create()
2017.10.20 17:29:36.490 MSK FINER:  - created class arguments [null] -- ComponentFactory._create()
2017.10.20 17:29:36.490 MSK FINER:  - got constructor -- ComponentFactory._create()
2017.10.20 17:29:36.490 MSK FINER:  - got object -- ComponentFactory._create()
2017.10.20 17:29:36.490 MSK FINER:   setting properties with prefix "OSM_Tiles." -- ComponentFactory._create()
2017.10.20 17:29:36.492 MSK FINER:  - set properties -- ComponentFactory._create()
2017.10.20 17:29:36.492 MSK FINER:  - set properties -- ComponentFactory._create()
2017.10.20 17:29:36.492 MSK FINER: creating: com.bbn.openmap.dataAccess.mapTile.ShpFileEmptyTileHandler -- ComponentFactory._create()
2017.10.20 17:29:36.492 MSK FINER:  - got class for com.bbn.openmap.dataAccess.mapTile.ShpFileEmptyTileHandler -- ComponentFactory._create()
2017.10.20 17:29:36.492 MSK FINER:  - created class arguments [null] -- ComponentFactory._create()
2017.10.20 17:29:36.492 MSK FINER:  - got constructor -- ComponentFactory._create()
2017.10.20 17:29:36.493 MSK FINER:  - got object -- ComponentFactory._create()
2017.10.20 17:29:36.493 MSK FINER:   setting properties with prefix "OSM_Tiles." -- ComponentFactory._create()
2017.10.20 17:29:36.493 MSK FINER:  - set properties -- ComponentFactory._create()
2017.10.20 17:29:36.493 MSK FINER:  - set properties -- ComponentFactory._create()
2017.10.20 17:29:36.493 MSK FINER: creating: com.bbn.openmap.layer.shape.ShapeLayer -- ComponentFactory._create()
2017.10.20 17:29:36.495 MSK FINER:  - got class for com.bbn.openmap.layer.shape.ShapeLayer -- ComponentFactory._create()
2017.10.20 17:29:36.495 MSK FINER:  - created class arguments [null] -- ComponentFactory._create()
2017.10.20 17:29:36.495 MSK FINER:  - got constructor -- ComponentFactory._create()
2017.10.20 17:29:36.497 MSK FINER:  - got object -- ComponentFactory._create()
2017.10.20 17:29:36.497 MSK FINER:   setting properties with prefix "dcwpo" -- ComponentFactory._create()
2017.10.20 17:29:36.511 MSK FINER:  - set properties -- ComponentFactory._create()
2017.10.20 17:29:36.511 MSK FINER:  - set properties -- ComponentFactory._create()
2017.10.20 17:29:36.511 MSK FINE: ComponentFactory: [com.bbn.openmap.LayerHandler(1)] created -- ComponentFactory._create()
2017.10.20 17:29:36.511 MSK FINER: creating: com.bbn.openmap.gui.LayersPanel -- ComponentFactory._create()
2017.10.20 17:29:36.514 MSK FINER:  - got class for com.bbn.openmap.gui.LayersPanel -- ComponentFactory._create()
2017.10.20 17:29:36.514 MSK FINER:  - created class arguments [null] -- ComponentFactory._create()
2017.10.20 17:29:36.514 MSK FINER:  - got constructor -- ComponentFactory._create()
2017.10.20 17:29:36.515 MSK FINER:  - got object -- ComponentFactory._create()
2017.10.20 17:29:36.515 MSK FINER:   setting properties with prefix "layersPanel" -- ComponentFactory._create()
2017.10.20 17:29:36.523 MSK FINER:  - set properties -- ComponentFactory._create()
2017.10.20 17:29:36.523 MSK FINE: ComponentFactory: [com.bbn.openmap.gui.LayersPanel(2)] created -- ComponentFactory._create()
2017.10.20 17:29:36.523 MSK FINER: creating: com.bbn.openmap.gui.menu.MenuList -- ComponentFactory._create()
2017.10.20 17:29:36.523 MSK FINER:  - got class for com.bbn.openmap.gui.menu.MenuList -- ComponentFactory._create()
2017.10.20 17:29:36.523 MSK FINER:  - created class arguments [null] -- ComponentFactory._create()
2017.10.20 17:29:36.524 MSK FINER:  - got constructor -- ComponentFactory._create()
2017.10.20 17:29:36.524 MSK FINER:  - got object -- ComponentFactory._create()
2017.10.20 17:29:36.524 MSK FINER:   setting properties with prefix "menuList" -- ComponentFactory._create()
2017.10.20 17:29:36.524 MSK FINER: creating: com.bbn.openmap.gui.ControlMenu -- ComponentFactory._create()
2017.10.20 17:29:36.526 MSK FINER:  - got class for com.bbn.openmap.gui.ControlMenu -- ComponentFactory._create()
2017.10.20 17:29:36.526 MSK FINER:  - created class arguments [null] -- ComponentFactory._create()
2017.10.20 17:29:36.526 MSK FINER:  - got constructor -- ComponentFactory._create()
2017.10.20 17:29:36.532 MSK FINER:  - got object -- ComponentFactory._create()
2017.10.20 17:29:36.532 MSK FINER:   setting properties with prefix "controlMenu" -- ComponentFactory._create()
2017.10.20 17:29:36.532 MSK FINER:  - set properties -- ComponentFactory._create()
2017.10.20 17:29:36.532 MSK FINER: creating: com.bbn.openmap.gui.FileMenu -- ComponentFactory._create()
2017.10.20 17:29:36.534 MSK FINER:  - got class for com.bbn.openmap.gui.FileMenu -- ComponentFactory._create()
2017.10.20 17:29:36.534 MSK FINER:  - created class arguments [null] -- ComponentFactory._create()
2017.10.20 17:29:36.534 MSK FINER:  - got constructor -- ComponentFactory._create()
2017.10.20 17:29:36.538 MSK FINER: creating: com.bbn.openmap.image.SVGFormatter -- ComponentFactory._create()
2017.10.20 17:29:36.539 MSK FINE: Failed to create "com.bbn.openmap.image.SVGFormatter - error message: ClassNotFoundException: com.bbn.openmap.image.SVGFormatter -- ComponentFactory._create()
2017.10.20 17:29:36.540 MSK WARNING: Exception reported is as follows: -- java.lang.ClassNotFoundException: com.bbn.openmap.image.SVGFormatter
	at java.net.URLClassLoader$1.run(URLClassLoader.java:372)
	at java.net.URLClassLoader$1.run(URLClassLoader.java:361)
	at java.security.AccessController.doPrivileged(Native Method)
	at java.net.URLClassLoader.findClass(URLClassLoader.java:360)
	at java.lang.ClassLoader.loadClass(ClassLoader.java:424)
	at sun.misc.Launcher$AppClassLoader.loadClass(Launcher.java:308)
	at java.lang.ClassLoader.loadClass(ClassLoader.java:357)
	at java.lang.Class.forName0(Native Method)
	at java.lang.Class.forName(Class.java:344)
	at com.bbn.openmap.util.ComponentFactory._create(ComponentFactory.java:433)
	at com.bbn.openmap.util.ComponentFactory.create(ComponentFactory.java:391)
	at com.bbn.openmap.util.ComponentFactory.create(ComponentFactory.java:370)
	at com.bbn.openmap.util.ComponentFactory.create(ComponentFactory.java:296)
	at com.bbn.openmap.gui.menu.SaveAsMenu.addSVGMenuItem(SaveAsMenu.java:53)
	at com.bbn.openmap.gui.menu.SaveAsMenu.<init>(SaveAsMenu.java:43)
	at com.bbn.openmap.gui.menu.SaveAsMenu.<init>(SaveAsMenu.java:36)
	at com.bbn.openmap.gui.FileMenu.<init>(FileMenu.java:62)
	at sun.reflect.NativeConstructorAccessorImpl.newInstance0(Native Method)
	at sun.reflect.NativeConstructorAccessorImpl.newInstance(NativeConstructorAccessorImpl.java:62)
	at sun.reflect.DelegatingConstructorAccessorImpl.newInstance(DelegatingConstructorAccessorImpl.java:45)
	at java.lang.reflect.Constructor.newInstance(Constructor.java:408)
	at com.bbn.openmap.util.ComponentFactory._create(ComponentFactory.java:475)
	at com.bbn.openmap.util.ComponentFactory.create(ComponentFactory.java:391)
	at com.bbn.openmap.util.ComponentFactory.create(ComponentFactory.java:370)
	at com.bbn.openmap.util.ComponentFactory.create(ComponentFactory.java:324)
	at com.bbn.openmap.gui.menu.MenuList.setProperties(MenuList.java:137)
	at com.bbn.openmap.util.ComponentFactory._create(ComponentFactory.java:493)
	at com.bbn.openmap.util.ComponentFactory.create(ComponentFactory.java:391)
	at com.bbn.openmap.util.ComponentFactory.create(ComponentFactory.java:370)
	at com.bbn.openmap.util.ComponentFactory.create(ComponentFactory.java:324)
	at com.bbn.openmap.util.ComponentFactory._create(ComponentFactory.java:267)
	at com.bbn.openmap.util.ComponentFactory.create(ComponentFactory.java:183)
	at com.bbn.openmap.PropertyHandler.createComponents(PropertyHandler.java:809)
	at com.bbn.openmap.gui.BasicMapPanel.createComponents(BasicMapPanel.java:198)
	at com.bbn.openmap.gui.BasicMapPanel.create(BasicMapPanel.java:160)
	at com.bbn.openmap.gui.BasicMapPanel.<init>(BasicMapPanel.java:130)
	at com.bbn.openmap.gui.OverlayMapPanel.<init>(OverlayMapPanel.java:113)
	at ru.igis.omtab.OpenMapTab.setMap(OpenMapTab.java:139)
	at ru.igis.omtab.OpenMapTab.initialize(OpenMapTab.java:97)
	at edu.stanford.smi.protege.widget.WidgetUtilities.createTabWidget(Unknown Source)
	at edu.stanford.smi.protege.ui.ProjectView.addTab(Unknown Source)
	at edu.stanford.smi.protege.ui.ProjectView.createTabbedPane(Unknown Source)
	at edu.stanford.smi.protege.ui.ProjectView.<init>(Unknown Source)
	at edu.stanford.smi.protege.ui.ProjectManager.displayCurrentProject(Unknown Source)
	at edu.stanford.smi.protege.ui.ProjectManager.displayCurrentProject(Unknown Source)
	at edu.stanford.smi.protege.ui.ProjectManager.loadProject(Unknown Source)
	at edu.stanford.smi.protege.ui.WelcomeDialog.doOpenProject(Unknown Source)
	at edu.stanford.smi.protege.ui.WelcomeDialog.openButton_actionPerformed(Unknown Source)
	at edu.stanford.smi.protege.ui.WelcomeDialog$2.actionPerformed(Unknown Source)
	at javax.swing.AbstractButton.fireActionPerformed(AbstractButton.java:2022)
	at javax.swing.AbstractButton$Handler.actionPerformed(AbstractButton.java:2346)
	at javax.swing.DefaultButtonModel.fireActionPerformed(DefaultButtonModel.java:402)
	at javax.swing.DefaultButtonModel.setPressed(DefaultButtonModel.java:259)
	at javax.swing.plaf.basic.BasicButtonListener.mouseReleased(BasicButtonListener.java:252)
	at java.awt.AWTEventMulticaster.mouseReleased(AWTEventMulticaster.java:289)
	at java.awt.Component.processMouseEvent(Component.java:6525)
	at javax.swing.JComponent.processMouseEvent(JComponent.java:3322)
	at java.awt.Component.processEvent(Component.java:6290)
	at java.awt.Container.processEvent(Container.java:2234)
	at java.awt.Component.dispatchEventImpl(Component.java:4881)
	at java.awt.Container.dispatchEventImpl(Container.java:2292)
	at java.awt.Component.dispatchEvent(Component.java:4703)
	at java.awt.LightweightDispatcher.retargetMouseEvent(Container.java:4898)
	at java.awt.LightweightDispatcher.processMouseEvent(Container.java:4533)
	at java.awt.LightweightDispatcher.dispatchEvent(Container.java:4462)
	at java.awt.Container.dispatchEventImpl(Container.java:2278)
	at java.awt.Window.dispatchEventImpl(Window.java:2739)
	at java.awt.Component.dispatchEvent(Component.java:4703)
	at java.awt.EventQueue.dispatchEventImpl(EventQueue.java:751)
	at java.awt.EventQueue.access$500(EventQueue.java:97)
	at java.awt.EventQueue$3.run(EventQueue.java:702)
	at java.awt.EventQueue$3.run(EventQueue.java:696)
	at java.security.AccessController.doPrivileged(Native Method)
	at java.security.ProtectionDomain$1.doIntersectionPrivilege(ProtectionDomain.java:75)
	at java.security.ProtectionDomain$1.doIntersectionPrivilege(ProtectionDomain.java:86)
	at java.awt.EventQueue$4.run(EventQueue.java:724)
	at java.awt.EventQueue$4.run(EventQueue.java:722)
	at java.security.AccessController.doPrivileged(Native Method)
	at java.security.ProtectionDomain$1.doIntersectionPrivilege(ProtectionDomain.java:75)
	at java.awt.EventQueue.dispatchEvent(EventQueue.java:721)
	at java.awt.EventDispatchThread.pumpOneEventForFilters(EventDispatchThread.java:201)
	at java.awt.EventDispatchThread.pumpEventsForFilter(EventDispatchThread.java:116)
	at java.awt.EventDispatchThread.pumpEventsForFilter(EventDispatchThread.java:109)
	at java.awt.WaitDispatchSupport$2.run(WaitDispatchSupport.java:184)
	at java.awt.event.InvocationEvent.dispatch(InvocationEvent.java:311)
	at java.awt.EventQueue.dispatchEventImpl(EventQueue.java:749)
	at java.awt.EventQueue.access$500(EventQueue.java:97)
	at java.awt.EventQueue$3.run(EventQueue.java:702)
	at java.awt.EventQueue$3.run(EventQueue.java:696)
	at java.security.AccessController.doPrivileged(Native Method)
	at java.security.ProtectionDomain$1.doIntersectionPrivilege(ProtectionDomain.java:75)
	at java.awt.EventQueue.dispatchEvent(EventQueue.java:719)
	at java.awt.EventDispatchThread.pumpOneEventForFilters(EventDispatchThread.java:201)
	at java.awt.EventDispatchThread.pumpEventsForFilter(EventDispatchThread.java:116)
	at java.awt.EventDispatchThread.pumpEventsForHierarchy(EventDispatchThread.java:105)
	at java.awt.EventDispatchThread.pumpEvents(EventDispatchThread.java:101)
	at java.awt.EventDispatchThread.pumpEvents(EventDispatchThread.java:93)
	at java.awt.EventDispatchThread.run(EventDispatchThread.java:82)

2017.10.20 17:29:36.541 MSK FINER:  - got object -- ComponentFactory._create()
2017.10.20 17:29:36.541 MSK FINER:   setting properties with prefix "fileMenu" -- ComponentFactory._create()
2017.10.20 17:29:36.541 MSK FINER:  - set properties -- ComponentFactory._create()
2017.10.20 17:29:36.541 MSK FINER: creating: com.bbn.openmap.gui.GoToMenu -- ComponentFactory._create()
2017.10.20 17:29:36.543 MSK FINER:  - got class for com.bbn.openmap.gui.GoToMenu -- ComponentFactory._create()
2017.10.20 17:29:36.543 MSK FINER:  - created class arguments [null] -- ComponentFactory._create()
2017.10.20 17:29:36.543 MSK FINER:  - got constructor -- ComponentFactory._create()
2017.10.20 17:29:36.544 MSK FINER:  - got object -- ComponentFactory._create()
2017.10.20 17:29:36.544 MSK FINER:   setting properties with prefix "gotoMenu" -- ComponentFactory._create()
2017.10.20 17:29:36.545 MSK FINER:  - set properties -- ComponentFactory._create()
2017.10.20 17:29:36.545 MSK FINER: creating: com.bbn.openmap.gui.LayersMenu -- ComponentFactory._create()
2017.10.20 17:29:36.546 MSK FINER:  - got class for com.bbn.openmap.gui.LayersMenu -- ComponentFactory._create()
2017.10.20 17:29:36.546 MSK FINER:  - created class arguments [null] -- ComponentFactory._create()
2017.10.20 17:29:36.546 MSK FINER:  - got constructor -- ComponentFactory._create()
2017.10.20 17:29:36.546 MSK FINER:  - got object -- ComponentFactory._create()
2017.10.20 17:29:36.546 MSK FINER:   setting properties with prefix "layersMenu" -- ComponentFactory._create()
2017.10.20 17:29:36.546 MSK FINER:  - set properties -- ComponentFactory._create()
2017.10.20 17:29:36.546 MSK FINER: creating: com.bbn.openmap.gui.NavigateMenu -- ComponentFactory._create()
2017.10.20 17:29:36.547 MSK FINER:  - got class for com.bbn.openmap.gui.NavigateMenu -- ComponentFactory._create()
2017.10.20 17:29:36.548 MSK FINER:  - created class arguments [null] -- ComponentFactory._create()
2017.10.20 17:29:36.548 MSK FINER:  - got constructor -- ComponentFactory._create()
2017.10.20 17:29:36.557 MSK FINER:  - got object -- ComponentFactory._create()
2017.10.20 17:29:36.557 MSK FINER:   setting properties with prefix "navigateMenu" -- ComponentFactory._create()
2017.10.20 17:29:36.557 MSK FINER:  - set properties -- ComponentFactory._create()
2017.10.20 17:29:36.557 MSK FINER: creating: ru.igis.omtab.menu.ProtegeMenu -- ComponentFactory._create()
2017.10.20 17:29:36.598 MSK FINER:  - got class for ru.igis.omtab.menu.ProtegeMenu -- ComponentFactory._create()
2017.10.20 17:29:36.598 MSK FINER:  - created class arguments [null] -- ComponentFactory._create()
2017.10.20 17:29:36.598 MSK FINER:  - got constructor -- ComponentFactory._create()
2017.10.20 17:29:36.600 MSK FINER:  - got object -- ComponentFactory._create()
2017.10.20 17:29:36.601 MSK FINER:   setting properties with prefix "protegeMenu" -- ComponentFactory._create()
2017.10.20 17:29:36.601 MSK FINER:  - set properties -- ComponentFactory._create()
2017.10.20 17:29:36.601 MSK FINER: creating: com.bbn.openmap.gui.DefaultHelpMenu -- ComponentFactory._create()
2017.10.20 17:29:36.602 MSK FINER:  - got class for com.bbn.openmap.gui.DefaultHelpMenu -- ComponentFactory._create()
2017.10.20 17:29:36.602 MSK FINER:  - created class arguments [null] -- ComponentFactory._create()
2017.10.20 17:29:36.602 MSK FINER:  - got constructor -- ComponentFactory._create()
2017.10.20 17:29:36.602 MSK FINER:  - got object -- ComponentFactory._create()
2017.10.20 17:29:36.602 MSK FINER:   setting properties with prefix "helpMenu" -- ComponentFactory._create()
2017.10.20 17:29:36.602 MSK FINER: creating: ru.igis.omtab.menu.InstanceHelpMenuItem -- ComponentFactory._create()
2017.10.20 17:29:36.603 MSK FINER:  - got class for ru.igis.omtab.menu.InstanceHelpMenuItem -- ComponentFactory._create()
2017.10.20 17:29:36.603 MSK FINER:  - created class arguments [null] -- ComponentFactory._create()
2017.10.20 17:29:36.603 MSK FINER:  - got constructor -- ComponentFactory._create()
2017.10.20 17:29:36.604 MSK FINER:  - got object -- ComponentFactory._create()
2017.10.20 17:29:36.604 MSK FINER:   setting properties with prefix "omtHelp1" -- ComponentFactory._create()
2017.10.20 17:29:36.604 MSK FINER:  - set properties -- ComponentFactory._create()
2017.10.20 17:29:36.605 MSK FINER: creating: ru.igis.omtab.menu.URLHelpMenuItem -- ComponentFactory._create()
2017.10.20 17:29:36.605 MSK FINER:  - got class for ru.igis.omtab.menu.URLHelpMenuItem -- ComponentFactory._create()
2017.10.20 17:29:36.605 MSK FINER:  - created class arguments [null] -- ComponentFactory._create()
2017.10.20 17:29:36.605 MSK FINER:  - got constructor -- ComponentFactory._create()
2017.10.20 17:29:36.605 MSK FINER:  - got object -- ComponentFactory._create()
2017.10.20 17:29:36.605 MSK FINER:   setting properties with prefix "omtHelp2" -- ComponentFactory._create()
2017.10.20 17:29:36.605 MSK FINER:  - set properties -- ComponentFactory._create()
2017.10.20 17:29:36.605 MSK FINER: creating: ru.igis.omtab.menu.URLHelpMenuItem -- ComponentFactory._create()
2017.10.20 17:29:36.606 MSK FINER:  - got class for ru.igis.omtab.menu.URLHelpMenuItem -- ComponentFactory._create()
2017.10.20 17:29:36.606 MSK FINER:  - created class arguments [null] -- ComponentFactory._create()
2017.10.20 17:29:36.606 MSK FINER:  - got constructor -- ComponentFactory._create()
2017.10.20 17:29:36.606 MSK FINER:  - got object -- ComponentFactory._create()
2017.10.20 17:29:36.606 MSK FINER:   setting properties with prefix "omtHelp3" -- ComponentFactory._create()
2017.10.20 17:29:36.606 MSK FINER:  - set properties -- ComponentFactory._create()
2017.10.20 17:29:36.606 MSK FINER:  - set properties -- ComponentFactory._create()
2017.10.20 17:29:36.606 MSK FINER:  - set properties -- ComponentFactory._create()
2017.10.20 17:29:36.606 MSK FINE: ComponentFactory: [com.bbn.openmap.gui.menu.MenuList(3)] created -- ComponentFactory._create()
2017.10.20 17:29:36.606 MSK FINER: creating: ru.igis.omtab.menu.URLHelpMenuItem -- ComponentFactory._create()
2017.10.20 17:29:36.606 MSK FINER:  - got class for ru.igis.omtab.menu.URLHelpMenuItem -- ComponentFactory._create()
2017.10.20 17:29:36.606 MSK FINER:  - created class arguments [null] -- ComponentFactory._create()
2017.10.20 17:29:36.606 MSK FINER:  - got constructor -- ComponentFactory._create()
2017.10.20 17:29:36.607 MSK FINER:  - got object -- ComponentFactory._create()
2017.10.20 17:29:36.607 MSK FINER:   setting properties with prefix "omtHelp2" -- ComponentFactory._create()
2017.10.20 17:29:36.607 MSK FINER:  - set properties -- ComponentFactory._create()
2017.10.20 17:29:36.607 MSK FINE: ComponentFactory: [ru.igis.omtab.menu.URLHelpMenuItem(4)] created -- ComponentFactory._create()
2017.10.20 17:29:36.607 MSK FINER: creating: ru.igis.omtab.menu.InstanceHelpMenuItem -- ComponentFactory._create()
2017.10.20 17:29:36.607 MSK FINER:  - got class for ru.igis.omtab.menu.InstanceHelpMenuItem -- ComponentFactory._create()
2017.10.20 17:29:36.607 MSK FINER:  - created class arguments [null] -- ComponentFactory._create()
2017.10.20 17:29:36.607 MSK FINER:  - got constructor -- ComponentFactory._create()
2017.10.20 17:29:36.607 MSK FINER:  - got object -- ComponentFactory._create()
2017.10.20 17:29:36.607 MSK FINER:   setting properties with prefix "omtHelp1" -- ComponentFactory._create()
2017.10.20 17:29:36.608 MSK FINER:  - set properties -- ComponentFactory._create()
2017.10.20 17:29:36.608 MSK FINE: ComponentFactory: [ru.igis.omtab.menu.InstanceHelpMenuItem(5)] created -- ComponentFactory._create()
2017.10.20 17:29:36.608 MSK FINER: creating: ru.igis.omtab.menu.URLHelpMenuItem -- ComponentFactory._create()
2017.10.20 17:29:36.608 MSK FINER:  - got class for ru.igis.omtab.menu.URLHelpMenuItem -- ComponentFactory._create()
2017.10.20 17:29:36.608 MSK FINER:  - created class arguments [null] -- ComponentFactory._create()
2017.10.20 17:29:36.608 MSK FINER:  - got constructor -- ComponentFactory._create()
2017.10.20 17:29:36.608 MSK FINER:  - got object -- ComponentFactory._create()
2017.10.20 17:29:36.608 MSK FINER:   setting properties with prefix "omtHelp3" -- ComponentFactory._create()
2017.10.20 17:29:36.608 MSK FINER:  - set properties -- ComponentFactory._create()
2017.10.20 17:29:36.608 MSK FINE: ComponentFactory: [ru.igis.omtab.menu.URLHelpMenuItem(6)] created -- ComponentFactory._create()
2017.10.20 17:29:36.608 MSK FINER: creating: com.bbn.openmap.MouseDelegator -- ComponentFactory._create()
2017.10.20 17:29:36.609 MSK FINER:  - got class for com.bbn.openmap.MouseDelegator -- ComponentFactory._create()
2017.10.20 17:29:36.609 MSK FINER:  - created class arguments [null] -- ComponentFactory._create()
2017.10.20 17:29:36.609 MSK FINER:  - got constructor -- ComponentFactory._create()
2017.10.20 17:29:36.609 MSK FINER:  - got object -- ComponentFactory._create()
2017.10.20 17:29:36.609 MSK FINE: ComponentFactory: [com.bbn.openmap.MouseDelegator(7)] created -- ComponentFactory._create()
2017.10.20 17:29:36.610 MSK FINER: creating: com.bbn.openmap.gui.MouseModeButtonPanel -- ComponentFactory._create()
2017.10.20 17:29:36.611 MSK FINER:  - got class for com.bbn.openmap.gui.MouseModeButtonPanel -- ComponentFactory._create()
2017.10.20 17:29:36.611 MSK FINER:  - created class arguments [null] -- ComponentFactory._create()
2017.10.20 17:29:36.611 MSK FINER:  - got constructor -- ComponentFactory._create()
2017.10.20 17:29:36.611 MSK FINER:  - got object -- ComponentFactory._create()
2017.10.20 17:29:36.611 MSK FINER:   setting properties with prefix "mouseModeButtonPanel" -- ComponentFactory._create()
2017.10.20 17:29:36.611 MSK FINER:  - set properties -- ComponentFactory._create()
2017.10.20 17:29:36.612 MSK FINE: ComponentFactory: [com.bbn.openmap.gui.MouseModeButtonPanel(8)] created -- ComponentFactory._create()
2017.10.20 17:29:36.612 MSK FINER: creating: com.bbn.openmap.event.NavMouseMode2 -- ComponentFactory._create()
2017.10.20 17:29:36.614 MSK FINER:  - got class for com.bbn.openmap.event.NavMouseMode2 -- ComponentFactory._create()
2017.10.20 17:29:36.614 MSK FINER:  - created class arguments [null] -- ComponentFactory._create()
2017.10.20 17:29:36.615 MSK FINER:  - got constructor -- ComponentFactory._create()
2017.10.20 17:29:36.616 MSK FINER:  - got object -- ComponentFactory._create()
2017.10.20 17:29:36.616 MSK FINER:   setting properties with prefix "navMouseMode" -- ComponentFactory._create()
2017.10.20 17:29:36.617 MSK FINER:  - set properties -- ComponentFactory._create()
2017.10.20 17:29:36.617 MSK FINE: ComponentFactory: [com.bbn.openmap.event.NavMouseMode2(9)] created -- ComponentFactory._create()
2017.10.20 17:29:36.617 MSK FINER: creating: com.bbn.openmap.event.NullMouseMode -- ComponentFactory._create()
2017.10.20 17:29:36.617 MSK FINER:  - got class for com.bbn.openmap.event.NullMouseMode -- ComponentFactory._create()
2017.10.20 17:29:36.617 MSK FINER:  - created class arguments [null] -- ComponentFactory._create()
2017.10.20 17:29:36.617 MSK FINER:  - got constructor -- ComponentFactory._create()
2017.10.20 17:29:36.618 MSK FINER:  - got object -- ComponentFactory._create()
2017.10.20 17:29:36.618 MSK FINER:   setting properties with prefix "nullMouseMode" -- ComponentFactory._create()
2017.10.20 17:29:36.618 MSK FINER:  - set properties -- ComponentFactory._create()
2017.10.20 17:29:36.618 MSK FINE: ComponentFactory: [com.bbn.openmap.event.NullMouseMode(10)] created -- ComponentFactory._create()
2017.10.20 17:29:36.618 MSK FINER: creating: com.bbn.openmap.event.PanMouseMode -- ComponentFactory._create()
2017.10.20 17:29:36.619 MSK FINER:  - got class for com.bbn.openmap.event.PanMouseMode -- ComponentFactory._create()
2017.10.20 17:29:36.619 MSK FINER:  - created class arguments [null] -- ComponentFactory._create()
2017.10.20 17:29:36.620 MSK FINER:  - got constructor -- ComponentFactory._create()
2017.10.20 17:29:36.621 MSK FINER:  - got object -- ComponentFactory._create()
2017.10.20 17:29:36.621 MSK FINER:   setting properties with prefix "PanMouseMode" -- ComponentFactory._create()
2017.10.20 17:29:36.621 MSK FINER:  - set properties -- ComponentFactory._create()
2017.10.20 17:29:36.621 MSK FINE: ComponentFactory: [com.bbn.openmap.event.PanMouseMode(11)] created -- ComponentFactory._create()
2017.10.20 17:29:36.621 MSK FINER: creating: ru.igis.omtab.gui.RuDistanceMouseMode -- ComponentFactory._create()
2017.10.20 17:29:36.633 MSK FINER:  - got class for ru.igis.omtab.gui.RuDistanceMouseMode -- ComponentFactory._create()
2017.10.20 17:29:36.633 MSK FINER:  - created class arguments [null] -- ComponentFactory._create()
2017.10.20 17:29:36.633 MSK FINER:  - got constructor -- ComponentFactory._create()
2017.10.20 17:29:36.633 MSK FINER:  - got object -- ComponentFactory._create()
2017.10.20 17:29:36.634 MSK FINER:   setting properties with prefix "RuDistanceMouseMode" -- ComponentFactory._create()
2017.10.20 17:29:36.634 MSK FINER:  - set properties -- ComponentFactory._create()
2017.10.20 17:29:36.634 MSK FINE: ComponentFactory: [ru.igis.omtab.gui.RuDistanceMouseMode(12)] created -- ComponentFactory._create()
2017.10.20 17:29:36.634 MSK FINER: creating: com.bbn.openmap.event.SelectMouseMode -- ComponentFactory._create()
2017.10.20 17:29:36.634 MSK FINER:  - got class for com.bbn.openmap.event.SelectMouseMode -- ComponentFactory._create()
2017.10.20 17:29:36.634 MSK FINER:  - created class arguments [null] -- ComponentFactory._create()
2017.10.20 17:29:36.634 MSK FINER:  - got constructor -- ComponentFactory._create()
2017.10.20 17:29:36.635 MSK FINER:  - got object -- ComponentFactory._create()
2017.10.20 17:29:36.635 MSK FINER:   setting properties with prefix "selectMouseMode" -- ComponentFactory._create()
2017.10.20 17:29:36.635 MSK FINER:  - set properties -- ComponentFactory._create()
2017.10.20 17:29:36.635 MSK FINE: ComponentFactory: [com.bbn.openmap.event.SelectMouseMode(13)] created -- ComponentFactory._create()
2017.10.20 17:29:36.635 MSK FINER: creating: ru.igis.omtab.Playground -- ComponentFactory._create()
2017.10.20 17:29:36.637 MSK FINER:  - got class for ru.igis.omtab.Playground -- ComponentFactory._create()
2017.10.20 17:29:36.637 MSK FINER:  - created class arguments [null] -- ComponentFactory._create()
2017.10.20 17:29:36.637 MSK FINER:  - got constructor -- ComponentFactory._create()
2017.10.20 17:29:36.637 MSK FINER:  - got object -- ComponentFactory._create()
2017.10.20 17:29:36.637 MSK FINER:   setting properties with prefix "BluePlayground" -- ComponentFactory._create()
2017.10.20 17:29:36.637 MSK FINER:  - set properties -- ComponentFactory._create()
2017.10.20 17:29:36.637 MSK FINE: ComponentFactory: [ru.igis.omtab.Playground(14)] created -- ComponentFactory._create()
2017.10.20 17:29:36.637 MSK FINER: creating: ru.igis.omtab.Playground -- ComponentFactory._create()
2017.10.20 17:29:36.637 MSK FINER:  - got class for ru.igis.omtab.Playground -- ComponentFactory._create()
2017.10.20 17:29:36.637 MSK FINER:  - created class arguments [null] -- ComponentFactory._create()
2017.10.20 17:29:36.637 MSK FINER:  - got constructor -- ComponentFactory._create()
2017.10.20 17:29:36.637 MSK FINER:  - got object -- ComponentFactory._create()
2017.10.20 17:29:36.638 MSK FINER:   setting properties with prefix "RedPlayground" -- ComponentFactory._create()
2017.10.20 17:29:36.638 MSK FINER:  - set properties -- ComponentFactory._create()
2017.10.20 17:29:36.638 MSK FINE: ComponentFactory: [ru.igis.omtab.Playground(15)] created -- ComponentFactory._create()
2017.10.20 17:29:36.638 MSK FINER: creating: ru.igis.omtab.Playground -- ComponentFactory._create()
2017.10.20 17:29:36.638 MSK FINER:  - got class for ru.igis.omtab.Playground -- ComponentFactory._create()
2017.10.20 17:29:36.638 MSK FINER:  - created class arguments [null] -- ComponentFactory._create()
2017.10.20 17:29:36.638 MSK FINER:  - got constructor -- ComponentFactory._create()
2017.10.20 17:29:36.638 MSK FINER:  - got object -- ComponentFactory._create()
2017.10.20 17:29:36.638 MSK FINER:   setting properties with prefix "runa" -- ComponentFactory._create()
2017.10.20 17:29:36.638 MSK FINER:  - set properties -- ComponentFactory._create()
2017.10.20 17:29:36.638 MSK FINE: ComponentFactory: [ru.igis.omtab.Playground(16)] created -- ComponentFactory._create()
2017.10.20 17:29:36.638 MSK FINER: creating: com.bbn.openmap.InformationDelegator -- ComponentFactory._create()
2017.10.20 17:29:36.640 MSK FINER:  - got class for com.bbn.openmap.InformationDelegator -- ComponentFactory._create()
2017.10.20 17:29:36.640 MSK FINER:  - created class arguments [null] -- ComponentFactory._create()
2017.10.20 17:29:36.640 MSK FINER:  - got constructor -- ComponentFactory._create()
2017.10.20 17:29:36.644 MSK FINER:  - got object -- ComponentFactory._create()
2017.10.20 17:29:36.644 MSK FINER:   setting properties with prefix "informationDelegator" -- ComponentFactory._create()
2017.10.20 17:29:36.644 MSK FINER:  - set properties -- ComponentFactory._create()
2017.10.20 17:29:36.644 MSK FINE: ComponentFactory: [com.bbn.openmap.InformationDelegator(17)] created -- ComponentFactory._create()
2017.10.20 17:29:36.644 MSK FINER: creating: ru.igis.omtab.OMT -- ComponentFactory._create()
2017.10.20 17:29:36.645 MSK FINER:  - got class for ru.igis.omtab.OMT -- ComponentFactory._create()
2017.10.20 17:29:36.645 MSK FINER:  - created class arguments [null] -- ComponentFactory._create()
2017.10.20 17:29:36.645 MSK FINER:  - got constructor -- ComponentFactory._create()
2017.10.20 17:29:36.645 MSK FINER:  - got object -- ComponentFactory._create()
2017.10.20 17:29:36.645 MSK FINE: ComponentFactory: [ru.igis.omtab.OMT(18)] created -- ComponentFactory._create()
2017.10.20 17:29:36.645 MSK FINER: creating: com.bbn.openmap.proj.ProjectionStack -- ComponentFactory._create()
2017.10.20 17:29:36.645 MSK FINER:  - got class for com.bbn.openmap.proj.ProjectionStack -- ComponentFactory._create()
2017.10.20 17:29:36.645 MSK FINER:  - created class arguments [null] -- ComponentFactory._create()
2017.10.20 17:29:36.645 MSK FINER:  - got constructor -- ComponentFactory._create()
2017.10.20 17:29:36.645 MSK FINER:  - got object -- ComponentFactory._create()
2017.10.20 17:29:36.646 MSK FINER:   setting properties with prefix "ProjStack" -- ComponentFactory._create()
2017.10.20 17:29:36.646 MSK FINER:  - set properties -- ComponentFactory._create()
2017.10.20 17:29:36.646 MSK FINE: ComponentFactory: [com.bbn.openmap.proj.ProjectionStack(19)] created -- ComponentFactory._create()
2017.10.20 17:29:36.646 MSK FINER: creating: ru.igis.omtab.RunaControlPanel -- ComponentFactory._create()
2017.10.20 17:29:36.676 MSK FINER:  - got class for ru.igis.omtab.RunaControlPanel -- ComponentFactory._create()
2017.10.20 17:29:36.676 MSK FINER:  - created class arguments [null] -- ComponentFactory._create()
2017.10.20 17:29:36.676 MSK FINER:  - got constructor -- ComponentFactory._create()
2017.10.20 17:29:36.734 MSK FINER:  - got object -- ComponentFactory._create()
2017.10.20 17:29:36.734 MSK FINER:   setting properties with prefix "runaControlPanel" -- ComponentFactory._create()
2017.10.20 17:29:36.734 MSK FINER:  - set properties -- ComponentFactory._create()
2017.10.20 17:29:36.734 MSK FINE: ComponentFactory: [ru.igis.omtab.RunaControlPanel(20)] created -- ComponentFactory._create()
2017.10.20 17:29:36.734 MSK FINER: creating: com.bbn.openmap.gui.ToolPanel -- ComponentFactory._create()
2017.10.20 17:29:36.736 MSK FINER:  - got class for com.bbn.openmap.gui.ToolPanel -- ComponentFactory._create()
2017.10.20 17:29:36.736 MSK FINER:  - created class arguments [null] -- ComponentFactory._create()
2017.10.20 17:29:36.736 MSK FINER:  - got constructor -- ComponentFactory._create()
2017.10.20 17:29:36.736 MSK FINER:  - got object -- ComponentFactory._create()
2017.10.20 17:29:36.736 MSK FINER:   setting properties with prefix "toolPanel" -- ComponentFactory._create()
2017.10.20 17:29:36.736 MSK FINER:  - set properties -- ComponentFactory._create()
2017.10.20 17:29:36.736 MSK FINE: ComponentFactory: [com.bbn.openmap.gui.ToolPanel(21)] created -- ComponentFactory._create()
2017.10.20 17:29:36.737 MSK FINER: creating: com.bbn.openmap.gui.OMToolSet -- ComponentFactory._create()
2017.10.20 17:29:36.738 MSK FINER:  - got class for com.bbn.openmap.gui.OMToolSet -- ComponentFactory._create()
2017.10.20 17:29:36.738 MSK FINER:  - created class arguments [null] -- ComponentFactory._create()
2017.10.20 17:29:36.739 MSK FINER:  - got constructor -- ComponentFactory._create()
2017.10.20 17:29:36.745 MSK FINER:  - got object -- ComponentFactory._create()
2017.10.20 17:29:36.745 MSK FINER:   setting properties with prefix "toolSet" -- ComponentFactory._create()
2017.10.20 17:29:36.746 MSK FINER:  - set properties -- ComponentFactory._create()
2017.10.20 17:29:36.746 MSK FINE: ComponentFactory: [com.bbn.openmap.gui.OMToolSet(22)] created -- ComponentFactory._create()
2017.10.20 17:29:36.751 MSK FINER: creating: javax.media.jai.JAI -- ComponentFactory._create()
2017.10.20 17:29:36.751 MSK FINE: Failed to create "javax.media.jai.JAI - error message: ClassNotFoundException: javax.media.jai.JAI -- ComponentFactory._create()
2017.10.20 17:29:36.753 MSK WARNING: Exception reported is as follows: -- java.lang.ClassNotFoundException: javax.media.jai.JAI
	at java.net.URLClassLoader$1.run(URLClassLoader.java:372)
	at java.net.URLClassLoader$1.run(URLClassLoader.java:361)
	at java.security.AccessController.doPrivileged(Native Method)
	at java.net.URLClassLoader.findClass(URLClassLoader.java:360)
	at java.lang.ClassLoader.loadClass(ClassLoader.java:424)
	at sun.misc.Launcher$AppClassLoader.loadClass(Launcher.java:308)
	at java.lang.ClassLoader.loadClass(ClassLoader.java:357)
	at java.lang.Class.forName0(Native Method)
	at java.lang.Class.forName(Class.java:344)
	at com.bbn.openmap.util.ComponentFactory._create(ComponentFactory.java:433)
	at com.bbn.openmap.util.ComponentFactory.create(ComponentFactory.java:391)
	at com.bbn.openmap.util.ComponentFactory.create(ComponentFactory.java:370)
	at com.bbn.openmap.util.ComponentFactory.create(ComponentFactory.java:296)
	at com.bbn.openmap.image.BufferedImageHelper.getJAI(BufferedImageHelper.java:73)
	at com.bbn.openmap.image.BufferedImageHelper.getJAIBufferedImage(BufferedImageHelper.java:92)
	at com.bbn.openmap.image.BufferedImageHelper.getJAIBufferedImage(BufferedImageHelper.java:178)
	at com.bbn.openmap.image.BufferedImageHelper.getBufferedImage(BufferedImageHelper.java:225)
	at com.bbn.openmap.image.BufferedImageHelper.getBufferedImage(BufferedImageHelper.java:202)
	at com.bbn.openmap.dataAccess.mapTile.StandardMapTileFactory.load(StandardMapTileFactory.java:201)
	at com.bbn.openmap.dataAccess.mapTile.ServerMapTileFactory.load(ServerMapTileFactory.java:145)
	at com.bbn.openmap.dataAccess.mapTile.StandardMapTileFactory.loadTile(StandardMapTileFactory.java:750)
	at com.bbn.openmap.dataAccess.mapTile.StandardMapTileFactory.getTiles(StandardMapTileFactory.java:643)
	at com.bbn.openmap.dataAccess.mapTile.StandardMapTileFactory.getTiles(StandardMapTileFactory.java:531)
	at com.bbn.openmap.layer.imageTile.MapTileLayer.prepare(MapTileLayer.java:233)
	at com.bbn.openmap.layer.policy.StandardRenderPolicy.prepare(StandardRenderPolicy.java:107)
	at com.bbn.openmap.layer.OMGraphicHandlerLayer$LayerWorker.construct(OMGraphicHandlerLayer.java:701)
	at com.bbn.openmap.layer.OMGraphicHandlerLayer$LayerWorker.construct(OMGraphicHandlerLayer.java:685)
	at com.bbn.openmap.util.SwingWorker$1.call(SwingWorker.java:25)
	at java.util.concurrent.FutureTask.run(FutureTask.java:266)
	at java.util.concurrent.ThreadPoolExecutor.runWorker(ThreadPoolExecutor.java:1142)
	at java.util.concurrent.ThreadPoolExecutor$Worker.run(ThreadPoolExecutor.java:617)
	at java.lang.Thread.run(Thread.java:745)

2017.10.20 17:29:36.919 MSK INFO: Load time for file:/Users/ru/clojure/simpro-scene/plugins/ru.igis.omtab/projects/igis.pprj = 0 sec (project) + 0 sec (ui) -- ProjectManager$3.run()
