2018.01.31 19:01:57.318 MSK INFO: *** SYSTEM START *** -- SystemUtilities.logSystemInfo()
2018.01.31 19:01:57.323 MSK CONFIG: Protege 3.5 Build 663, JVM 1.8.0_31-b13, memory=1908M, Mac OS X, encoding=UTF-8, language=en, country=US -- SystemUtilities.logSystemInfo()
2018.01.31 19:01:58.181 MSK CONFIG: Loaded plugin clojuretab -- PluginUtilities.logClassLoaderInformation()
2018.01.31 19:01:58.206 MSK CONFIG: Loaded plugin edu.stanford.smi.protegex.standard_extensions - Graph Widget, Table Widget -- PluginUtilities.logClassLoaderInformation()
2018.01.31 19:01:58.264 MSK CONFIG: Loaded plugin ru.igis.omtab -- PluginUtilities.logClassLoaderInformation()
2018.01.31 19:02:00.183 MSK WARNING: missing bundle: protege_text -- BundleHelper.<init>()
2018.01.31 19:02:03.256 MSK INFO: Loaded 5000 instances: ScenarioN_ProjectKB_Class72402 -- Parser.getInstance()
2018.01.31 19:02:03.261 MSK INFO: Loaded 6000 instances: ScenarioN_ProjectKB_Class83402 -- Parser.getInstance()
2018.01.31 19:02:03.283 MSK INFO: Set type on 5000 instances: ScenarioN_ProjectKB_Class83072 -- Parser.getInstance()
2018.01.31 19:02:03.307 MSK INFO: Set type on 6000 instances: ScenarioN_ProjectKB_Class84072 -- Parser.getInstance()
2018.01.31 19:02:06.070 MSK SEVERE: null -- java.lang.ClassNotFoundException: com.google.javascript.jscomp.CompilerOptions, compiling:(cljs/externs.clj:1:1)
	at clojure.lang.Compiler.load(Compiler.java:7391)
	at clojure.lang.RT.loadResourceScript(RT.java:372)
	at clojure.lang.RT.loadResourceScript(RT.java:363)
	at clojure.lang.RT.load(RT.java:453)
	at clojure.lang.RT.load(RT.java:419)
	at clojure.core$load$fn__5677.invoke(core.clj:5893)
	at clojure.core$load.invokeStatic(core.clj:5892)
	at clojure.core$load.doInvoke(core.clj:5876)
	at clojure.lang.RestFn.invoke(RestFn.java:408)
	at clojure.core$load_one.invokeStatic(core.clj:5697)
	at clojure.core$load_one.invoke(core.clj:5692)
	at clojure.core$load_lib$fn__5626.invoke(core.clj:5737)
	at clojure.core$load_lib.invokeStatic(core.clj:5736)
	at clojure.core$load_lib.doInvoke(core.clj:5717)
	at clojure.lang.RestFn.applyTo(RestFn.java:142)
	at clojure.core$apply.invokeStatic(core.clj:648)
	at clojure.core$load_libs.invokeStatic(core.clj:5774)
	at clojure.core$load_libs.doInvoke(core.clj:5758)
	at clojure.lang.RestFn.applyTo(RestFn.java:137)
	at clojure.core$apply.invokeStatic(core.clj:648)
	at clojure.core$require.invokeStatic(core.clj:5796)
	at clojure.core$require.doInvoke(core.clj:5796)
	at clojure.lang.RestFn.invoke(RestFn.java:421)
	at cljs.env$eval513$loading__5569__auto____514.invoke(env.cljc:9)
	at cljs.env$eval513.invokeStatic(env.cljc:9)
	at cljs.env$eval513.invoke(env.cljc:9)
	at clojure.lang.Compiler.eval(Compiler.java:6927)
	at clojure.lang.Compiler.eval(Compiler.java:6916)
	at clojure.lang.Compiler.load(Compiler.java:7379)
	at clojure.lang.RT.loadResourceScript(RT.java:372)
	at clojure.lang.RT.loadResourceScript(RT.java:363)
	at clojure.lang.RT.load(RT.java:453)
	at clojure.lang.RT.load(RT.java:419)
	at clojure.core$load$fn__5677.invoke(core.clj:5893)
	at clojure.core$load.invokeStatic(core.clj:5892)
	at clojure.core$load.doInvoke(core.clj:5876)
	at clojure.lang.RestFn.invoke(RestFn.java:408)
	at clojure.core$load_one.invokeStatic(core.clj:5697)
	at clojure.core$load_one.invoke(core.clj:5692)
	at clojure.core$load_lib$fn__5626.invoke(core.clj:5737)
	at clojure.core$load_lib.invokeStatic(core.clj:5736)
	at clojure.core$load_lib.doInvoke(core.clj:5717)
	at clojure.lang.RestFn.applyTo(RestFn.java:142)
	at clojure.core$apply.invokeStatic(core.clj:648)
	at clojure.core$load_libs.invokeStatic(core.clj:5774)
	at clojure.core$load_libs.doInvoke(core.clj:5758)
	at clojure.lang.RestFn.applyTo(RestFn.java:137)
	at clojure.core$apply.invokeStatic(core.clj:648)
	at clojure.core$require.invokeStatic(core.clj:5796)
	at clojure.core$require.doInvoke(core.clj:5796)
	at clojure.lang.RestFn.invoke(RestFn.java:703)
	at cljs.build.api$eval188$loading__5569__auto____189.invoke(api.clj:8)
	at cljs.build.api$eval188.invokeStatic(api.clj:8)
	at cljs.build.api$eval188.invoke(api.clj:8)
	at clojure.lang.Compiler.eval(Compiler.java:6927)
	at clojure.lang.Compiler.eval(Compiler.java:6916)
	at clojure.lang.Compiler.load(Compiler.java:7379)
	at clojure.lang.RT.loadResourceScript(RT.java:372)
	at clojure.lang.RT.loadResourceScript(RT.java:363)
	at clojure.lang.RT.load(RT.java:453)
	at clojure.lang.RT.load(RT.java:419)
	at clojure.core$load$fn__5677.invoke(core.clj:5893)
	at clojure.core$load.invokeStatic(core.clj:5892)
	at clojure.core$load.doInvoke(core.clj:5876)
	at clojure.lang.RestFn.invoke(RestFn.java:408)
	at clojure.core$load_one.invokeStatic(core.clj:5697)
	at clojure.core$load_one.invoke(core.clj:5692)
	at clojure.core$load_lib$fn__5626.invoke(core.clj:5737)
	at clojure.core$load_lib.invokeStatic(core.clj:5736)
	at clojure.core$load_lib.doInvoke(core.clj:5717)
	at clojure.lang.RestFn.applyTo(RestFn.java:142)
	at clojure.core$apply.invokeStatic(core.clj:648)
	at clojure.core$load_libs.invokeStatic(core.clj:5774)
	at clojure.core$load_libs.doInvoke(core.clj:5758)
	at clojure.lang.RestFn.applyTo(RestFn.java:137)
	at clojure.core$apply.invokeStatic(core.clj:648)
	at clojure.core$require.invokeStatic(core.clj:5796)
	at clojure.core$require.doInvoke(core.clj:5796)
	at clojure.lang.RestFn.invoke(RestFn.java:421)
	at cljs.compile$eval180$loading__5569__auto____181.invoke(compile.clj:1)
	at cljs.compile$eval180.invokeStatic(compile.clj:1)
	at cljs.compile$eval180.invoke(compile.clj:1)
	at clojure.lang.Compiler.eval(Compiler.java:6927)
	at clojure.lang.Compiler.eval(Compiler.java:6916)
	at clojure.lang.Compiler.load(Compiler.java:7379)
	at clojure.lang.RT.loadResourceScript(RT.java:372)
	at clojure.lang.RT.loadResourceScript(RT.java:363)
	at clojure.lang.RT.load(RT.java:453)
	at clojure.lang.RT.load(RT.java:419)
	at clojure.core$load$fn__5677.invoke(core.clj:5893)
	at clojure.core$load.invokeStatic(core.clj:5892)
	at clojure.core$load.doInvoke(core.clj:5876)
	at clojure.lang.RestFn.invoke(RestFn.java:408)
	at clojure.lang.Var.invoke(Var.java:379)
	at clojuretab.ClojureTab.loadProgram(ClojureTab.java:544)
	at clojuretab.ClojureActionButton.loadProgram(ClojureActionButton.java:130)
	at clojuretab.ClojureActionButton.setValues(ClojureActionButton.java:101)
	at edu.stanford.smi.protege.widget.AbstractSlotWidget.setWidgetValues(Unknown Source)
	at edu.stanford.smi.protege.widget.AbstractSlotWidget.loadValues(Unknown Source)
	at edu.stanford.smi.protege.widget.AbstractSlotWidget.setInstance(Unknown Source)
	at edu.stanford.smi.protege.widget.FormWidget.propagateSetInstanceToWidgets(Unknown Source)
	at edu.stanford.smi.protege.widget.FormWidget.setInstance(Unknown Source)
	at edu.stanford.smi.protege.model.Project.createRuntimeClsWidget(Unknown Source)
	at edu.stanford.smi.protege.model.Project.createRuntimeClsWidget(Unknown Source)
	at edu.stanford.smi.protege.model.Project.createRuntimeClsWidget(Unknown Source)
	at clojuretab.ClojureTab.setRightProgramComponent(ClojureTab.java:490)
	at clojuretab.ClojureTab.access$9(ClojureTab.java:486)
	at clojuretab.ClojureTab$11.valueChanged(ClojureTab.java:508)
	at javax.swing.JList.fireSelectionValueChanged(JList.java:1796)
	at javax.swing.JList$ListSelectionHandler.valueChanged(JList.java:1810)
	at javax.swing.DefaultListSelectionModel.fireValueChanged(DefaultListSelectionModel.java:184)
	at javax.swing.DefaultListSelectionModel.fireValueChanged(DefaultListSelectionModel.java:164)
	at javax.swing.DefaultListSelectionModel.fireValueChanged(DefaultListSelectionModel.java:211)
	at javax.swing.DefaultListSelectionModel.changeSelection(DefaultListSelectionModel.java:405)
	at javax.swing.DefaultListSelectionModel.changeSelection(DefaultListSelectionModel.java:415)
	at javax.swing.DefaultListSelectionModel.setSelectionInterval(DefaultListSelectionModel.java:459)
	at javax.swing.JList.setSelectedIndex(JList.java:2210)
	at clojuretab.ClojureTab.fillProgramList(ClojureTab.java:512)
	at clojuretab.ClojureTab.createProgramList(ClojureTab.java:517)
	at clojuretab.ClojureTab.initialize(ClojureTab.java:140)
	at edu.stanford.smi.protege.widget.WidgetUtilities.createTabWidget(Unknown Source)
	at edu.stanford.smi.protege.ui.ProjectView.addTab(Unknown Source)
	at edu.stanford.smi.protege.ui.ProjectView.createTabbedPane(Unknown Source)
	at edu.stanford.smi.protege.ui.ProjectView.<init>(Unknown Source)
	at edu.stanford.smi.protege.ui.ProjectManager.displayCurrentProject(Unknown Source)
	at edu.stanford.smi.protege.ui.ProjectManager.displayCurrentProject(Unknown Source)
	at edu.stanford.smi.protege.ui.ProjectManager.loadProject(Unknown Source)
	at edu.stanford.smi.protege.ui.WelcomeDialog.doOpenProject(Unknown Source)
	at edu.stanford.smi.protege.ui.WelcomeDialog.openButton_actionPerformed(Unknown Source)
	at edu.stanford.smi.protege.ui.WelcomeDialog$2.actionPerformed(Unknown Source)
	at javax.swing.AbstractButton.fireActionPerformed(AbstractButton.java:2022)
	at javax.swing.AbstractButton$Handler.actionPerformed(AbstractButton.java:2346)
	at javax.swing.DefaultButtonModel.fireActionPerformed(DefaultButtonModel.java:402)
	at javax.swing.DefaultButtonModel.setPressed(DefaultButtonModel.java:259)
	at javax.swing.plaf.basic.BasicButtonListener.mouseReleased(BasicButtonListener.java:252)
	at java.awt.AWTEventMulticaster.mouseReleased(AWTEventMulticaster.java:289)
	at java.awt.Component.processMouseEvent(Component.java:6525)
	at javax.swing.JComponent.processMouseEvent(JComponent.java:3322)
	at java.awt.Component.processEvent(Component.java:6290)
	at java.awt.Container.processEvent(Container.java:2234)
	at java.awt.Component.dispatchEventImpl(Component.java:4881)
	at java.awt.Container.dispatchEventImpl(Container.java:2292)
	at java.awt.Component.dispatchEvent(Component.java:4703)
	at java.awt.LightweightDispatcher.retargetMouseEvent(Container.java:4898)
	at java.awt.LightweightDispatcher.processMouseEvent(Container.java:4533)
	at java.awt.LightweightDispatcher.dispatchEvent(Container.java:4462)
	at java.awt.Container.dispatchEventImpl(Container.java:2278)
	at java.awt.Window.dispatchEventImpl(Window.java:2739)
	at java.awt.Component.dispatchEvent(Component.java:4703)
	at java.awt.EventQueue.dispatchEventImpl(EventQueue.java:751)
	at java.awt.EventQueue.access$500(EventQueue.java:97)
	at java.awt.EventQueue$3.run(EventQueue.java:702)
	at java.awt.EventQueue$3.run(EventQueue.java:696)
	at java.security.AccessController.doPrivileged(Native Method)
	at java.security.ProtectionDomain$1.doIntersectionPrivilege(ProtectionDomain.java:75)
	at java.security.ProtectionDomain$1.doIntersectionPrivilege(ProtectionDomain.java:86)
	at java.awt.EventQueue$4.run(EventQueue.java:724)
	at java.awt.EventQueue$4.run(EventQueue.java:722)
	at java.security.AccessController.doPrivileged(Native Method)
	at java.security.ProtectionDomain$1.doIntersectionPrivilege(ProtectionDomain.java:75)
	at java.awt.EventQueue.dispatchEvent(EventQueue.java:721)
	at java.awt.EventDispatchThread.pumpOneEventForFilters(EventDispatchThread.java:201)
	at java.awt.EventDispatchThread.pumpEventsForFilter(EventDispatchThread.java:116)
	at java.awt.EventDispatchThread.pumpEventsForFilter(EventDispatchThread.java:109)
	at java.awt.WaitDispatchSupport$2.run(WaitDispatchSupport.java:184)
	at java.awt.event.InvocationEvent.dispatch(InvocationEvent.java:311)
	at java.awt.EventQueue.dispatchEventImpl(EventQueue.java:749)
	at java.awt.EventQueue.access$500(EventQueue.java:97)
	at java.awt.EventQueue$3.run(EventQueue.java:702)
	at java.awt.EventQueue$3.run(EventQueue.java:696)
	at java.security.AccessController.doPrivileged(Native Method)
	at java.security.ProtectionDomain$1.doIntersectionPrivilege(ProtectionDomain.java:75)
	at java.awt.EventQueue.dispatchEvent(EventQueue.java:719)
	at java.awt.EventDispatchThread.pumpOneEventForFilters(EventDispatchThread.java:201)
	at java.awt.EventDispatchThread.pumpEventsForFilter(EventDispatchThread.java:116)
	at java.awt.EventDispatchThread.pumpEventsForHierarchy(EventDispatchThread.java:105)
	at java.awt.EventDispatchThread.pumpEvents(EventDispatchThread.java:101)
	at java.awt.EventDispatchThread.pumpEvents(EventDispatchThread.java:93)
	at java.awt.EventDispatchThread.run(EventDispatchThread.java:82)
Caused by: java.lang.ClassNotFoundException: com.google.javascript.jscomp.CompilerOptions
	at java.net.URLClassLoader$1.run(URLClassLoader.java:372)
	at java.net.URLClassLoader$1.run(URLClassLoader.java:361)
	at java.security.AccessController.doPrivileged(Native Method)
	at java.net.URLClassLoader.findClass(URLClassLoader.java:360)
	at clojure.lang.DynamicClassLoader.findClass(DynamicClassLoader.java:69)
	at java.lang.ClassLoader.loadClass(ClassLoader.java:424)
	at clojure.lang.DynamicClassLoader.loadClass(DynamicClassLoader.java:77)
	at java.lang.ClassLoader.loadClass(ClassLoader.java:357)
	at java.lang.Class.forName0(Native Method)
	at java.lang.Class.forName(Class.java:344)
	at clojure.lang.RT.classForName(RT.java:2168)
	at clojure.lang.RT.classForNameNonLoading(RT.java:2181)
	at cljs.externs$eval779$loading__5569__auto____780.invoke(externs.clj:9)
	at cljs.externs$eval779.invokeStatic(externs.clj:9)
	at cljs.externs$eval779.invoke(externs.clj:9)
	at clojure.lang.Compiler.eval(Compiler.java:6927)
	at clojure.lang.Compiler.eval(Compiler.java:6916)
	at clojure.lang.Compiler.load(Compiler.java:7379)
	... 178 more

2018.01.31 19:02:06.164 MSK SEVERE: null -- java.lang.ClassNotFoundException: com.google.javascript.jscomp.CompilerOptions, compiling:(cljs/externs.clj:1:1)
	at clojure.lang.Compiler.load(Compiler.java:7391)
	at clojure.lang.RT.loadResourceScript(RT.java:372)
	at clojure.lang.RT.loadResourceScript(RT.java:363)
	at clojure.lang.RT.load(RT.java:453)
	at clojure.lang.RT.load(RT.java:419)
	at clojure.core$load$fn__5677.invoke(core.clj:5893)
	at clojure.core$load.invokeStatic(core.clj:5892)
	at clojure.core$load.doInvoke(core.clj:5876)
	at clojure.lang.RestFn.invoke(RestFn.java:408)
	at clojure.core$load_one.invokeStatic(core.clj:5697)
	at clojure.core$load_one.invoke(core.clj:5692)
	at clojure.core$load_lib$fn__5626.invoke(core.clj:5737)
	at clojure.core$load_lib.invokeStatic(core.clj:5736)
	at clojure.core$load_lib.doInvoke(core.clj:5717)
	at clojure.lang.RestFn.applyTo(RestFn.java:142)
	at clojure.core$apply.invokeStatic(core.clj:648)
	at clojure.core$load_libs.invokeStatic(core.clj:5774)
	at clojure.core$load_libs.doInvoke(core.clj:5758)
	at clojure.lang.RestFn.applyTo(RestFn.java:137)
	at clojure.core$apply.invokeStatic(core.clj:648)
	at clojure.core$require.invokeStatic(core.clj:5796)
	at clojure.core$require.doInvoke(core.clj:5796)
	at clojure.lang.RestFn.invoke(RestFn.java:421)
	at cljs.env$eval945$loading__5569__auto____946.invoke(env.cljc:9)
	at cljs.env$eval945.invokeStatic(env.cljc:9)
	at cljs.env$eval945.invoke(env.cljc:9)
	at clojure.lang.Compiler.eval(Compiler.java:6927)
	at clojure.lang.Compiler.eval(Compiler.java:6916)
	at clojure.lang.Compiler.load(Compiler.java:7379)
	at clojure.lang.RT.loadResourceScript(RT.java:372)
	at clojure.lang.RT.loadResourceScript(RT.java:363)
	at clojure.lang.RT.load(RT.java:453)
	at clojure.lang.RT.load(RT.java:419)
	at clojure.core$load$fn__5677.invoke(core.clj:5893)
	at clojure.core$load.invokeStatic(core.clj:5892)
	at clojure.core$load.doInvoke(core.clj:5876)
	at clojure.lang.RestFn.invoke(RestFn.java:408)
	at clojure.core$load_one.invokeStatic(core.clj:5697)
	at clojure.core$load_one.invoke(core.clj:5692)
	at clojure.core$load_lib$fn__5626.invoke(core.clj:5737)
	at clojure.core$load_lib.invokeStatic(core.clj:5736)
	at clojure.core$load_lib.doInvoke(core.clj:5717)
	at clojure.lang.RestFn.applyTo(RestFn.java:142)
	at clojure.core$apply.invokeStatic(core.clj:648)
	at clojure.core$load_libs.invokeStatic(core.clj:5774)
	at clojure.core$load_libs.doInvoke(core.clj:5758)
	at clojure.lang.RestFn.applyTo(RestFn.java:137)
	at clojure.core$apply.invokeStatic(core.clj:648)
	at clojure.core$require.invokeStatic(core.clj:5796)
	at clojure.core$require.doInvoke(core.clj:5796)
	at clojure.lang.RestFn.invoke(RestFn.java:703)
	at cljs.build.api$eval937$loading__5569__auto____938.invoke(api.clj:8)
	at cljs.build.api$eval937.invokeStatic(api.clj:8)
	at cljs.build.api$eval937.invoke(api.clj:8)
	at clojure.lang.Compiler.eval(Compiler.java:6927)
	at clojure.lang.Compiler.eval(Compiler.java:6916)
	at clojure.lang.Compiler.load(Compiler.java:7379)
	at clojure.lang.RT.loadResourceScript(RT.java:372)
	at clojure.lang.RT.loadResourceScript(RT.java:363)
	at clojure.lang.RT.load(RT.java:453)
	at clojure.lang.RT.load(RT.java:419)
	at clojure.core$load$fn__5677.invoke(core.clj:5893)
	at clojure.core$load.invokeStatic(core.clj:5892)
	at clojure.core$load.doInvoke(core.clj:5876)
	at clojure.lang.RestFn.invoke(RestFn.java:408)
	at clojure.core$load_one.invokeStatic(core.clj:5697)
	at clojure.core$load_one.invoke(core.clj:5692)
	at clojure.core$load_lib$fn__5626.invoke(core.clj:5737)
	at clojure.core$load_lib.invokeStatic(core.clj:5736)
	at clojure.core$load_lib.doInvoke(core.clj:5717)
	at clojure.lang.RestFn.applyTo(RestFn.java:142)
	at clojure.core$apply.invokeStatic(core.clj:648)
	at clojure.core$load_libs.invokeStatic(core.clj:5774)
	at clojure.core$load_libs.doInvoke(core.clj:5758)
	at clojure.lang.RestFn.applyTo(RestFn.java:137)
	at clojure.core$apply.invokeStatic(core.clj:648)
	at clojure.core$require.invokeStatic(core.clj:5796)
	at clojure.core$require.doInvoke(core.clj:5796)
	at clojure.lang.RestFn.invoke(RestFn.java:421)
	at cljs.compile$eval929$loading__5569__auto____930.invoke(compile.clj:1)
	at cljs.compile$eval929.invokeStatic(compile.clj:1)
	at cljs.compile$eval929.invoke(compile.clj:1)
	at clojure.lang.Compiler.eval(Compiler.java:6927)
	at clojure.lang.Compiler.eval(Compiler.java:6916)
	at clojure.lang.Compiler.load(Compiler.java:7379)
	at clojure.lang.RT.loadResourceScript(RT.java:372)
	at clojure.lang.RT.loadResourceScript(RT.java:363)
	at clojure.lang.RT.load(RT.java:453)
	at clojure.lang.RT.load(RT.java:419)
	at clojure.core$load$fn__5677.invoke(core.clj:5893)
	at clojure.core$load.invokeStatic(core.clj:5892)
	at clojure.core$load.doInvoke(core.clj:5876)
	at clojure.lang.RestFn.invoke(RestFn.java:408)
	at clojure.lang.Var.invoke(Var.java:379)
	at clojuretab.ClojureTab.loadProgram(ClojureTab.java:544)
	at clojuretab.ClojureActionButton.loadProgram(ClojureActionButton.java:130)
	at clojuretab.ClojureActionButton.setValues(ClojureActionButton.java:101)
	at edu.stanford.smi.protege.widget.AbstractSlotWidget.setWidgetValues(Unknown Source)
	at edu.stanford.smi.protege.widget.AbstractSlotWidget.loadValues(Unknown Source)
	at edu.stanford.smi.protege.widget.AbstractSlotWidget.setInstance(Unknown Source)
	at edu.stanford.smi.protege.widget.FormWidget.propagateSetInstanceToWidgets(Unknown Source)
	at edu.stanford.smi.protege.widget.FormWidget.setInstance(Unknown Source)
	at edu.stanford.smi.protege.model.Project.createRuntimeClsWidget(Unknown Source)
	at edu.stanford.smi.protege.model.Project.createRuntimeClsWidget(Unknown Source)
	at edu.stanford.smi.protege.model.Project.createRuntimeClsWidget(Unknown Source)
	at clojuretab.ClojureTab.setRightProgramComponent(ClojureTab.java:490)
	at clojuretab.ClojureTab.initialize(ClojureTab.java:142)
	at edu.stanford.smi.protege.widget.WidgetUtilities.createTabWidget(Unknown Source)
	at edu.stanford.smi.protege.ui.ProjectView.addTab(Unknown Source)
	at edu.stanford.smi.protege.ui.ProjectView.createTabbedPane(Unknown Source)
	at edu.stanford.smi.protege.ui.ProjectView.<init>(Unknown Source)
	at edu.stanford.smi.protege.ui.ProjectManager.displayCurrentProject(Unknown Source)
	at edu.stanford.smi.protege.ui.ProjectManager.displayCurrentProject(Unknown Source)
	at edu.stanford.smi.protege.ui.ProjectManager.loadProject(Unknown Source)
	at edu.stanford.smi.protege.ui.WelcomeDialog.doOpenProject(Unknown Source)
	at edu.stanford.smi.protege.ui.WelcomeDialog.openButton_actionPerformed(Unknown Source)
	at edu.stanford.smi.protege.ui.WelcomeDialog$2.actionPerformed(Unknown Source)
	at javax.swing.AbstractButton.fireActionPerformed(AbstractButton.java:2022)
	at javax.swing.AbstractButton$Handler.actionPerformed(AbstractButton.java:2346)
	at javax.swing.DefaultButtonModel.fireActionPerformed(DefaultButtonModel.java:402)
	at javax.swing.DefaultButtonModel.setPressed(DefaultButtonModel.java:259)
	at javax.swing.plaf.basic.BasicButtonListener.mouseReleased(BasicButtonListener.java:252)
	at java.awt.AWTEventMulticaster.mouseReleased(AWTEventMulticaster.java:289)
	at java.awt.Component.processMouseEvent(Component.java:6525)
	at javax.swing.JComponent.processMouseEvent(JComponent.java:3322)
	at java.awt.Component.processEvent(Component.java:6290)
	at java.awt.Container.processEvent(Container.java:2234)
	at java.awt.Component.dispatchEventImpl(Component.java:4881)
	at java.awt.Container.dispatchEventImpl(Container.java:2292)
	at java.awt.Component.dispatchEvent(Component.java:4703)
	at java.awt.LightweightDispatcher.retargetMouseEvent(Container.java:4898)
	at java.awt.LightweightDispatcher.processMouseEvent(Container.java:4533)
	at java.awt.LightweightDispatcher.dispatchEvent(Container.java:4462)
	at java.awt.Container.dispatchEventImpl(Container.java:2278)
	at java.awt.Window.dispatchEventImpl(Window.java:2739)
	at java.awt.Component.dispatchEvent(Component.java:4703)
	at java.awt.EventQueue.dispatchEventImpl(EventQueue.java:751)
	at java.awt.EventQueue.access$500(EventQueue.java:97)
	at java.awt.EventQueue$3.run(EventQueue.java:702)
	at java.awt.EventQueue$3.run(EventQueue.java:696)
	at java.security.AccessController.doPrivileged(Native Method)
	at java.security.ProtectionDomain$1.doIntersectionPrivilege(ProtectionDomain.java:75)
	at java.security.ProtectionDomain$1.doIntersectionPrivilege(ProtectionDomain.java:86)
	at java.awt.EventQueue$4.run(EventQueue.java:724)
	at java.awt.EventQueue$4.run(EventQueue.java:722)
	at java.security.AccessController.doPrivileged(Native Method)
	at java.security.ProtectionDomain$1.doIntersectionPrivilege(ProtectionDomain.java:75)
	at java.awt.EventQueue.dispatchEvent(EventQueue.java:721)
	at java.awt.EventDispatchThread.pumpOneEventForFilters(EventDispatchThread.java:201)
	at java.awt.EventDispatchThread.pumpEventsForFilter(EventDispatchThread.java:116)
	at java.awt.EventDispatchThread.pumpEventsForFilter(EventDispatchThread.java:109)
	at java.awt.WaitDispatchSupport$2.run(WaitDispatchSupport.java:184)
	at java.awt.event.InvocationEvent.dispatch(InvocationEvent.java:311)
	at java.awt.EventQueue.dispatchEventImpl(EventQueue.java:749)
	at java.awt.EventQueue.access$500(EventQueue.java:97)
	at java.awt.EventQueue$3.run(EventQueue.java:702)
	at java.awt.EventQueue$3.run(EventQueue.java:696)
	at java.security.AccessController.doPrivileged(Native Method)
	at java.security.ProtectionDomain$1.doIntersectionPrivilege(ProtectionDomain.java:75)
	at java.awt.EventQueue.dispatchEvent(EventQueue.java:719)
	at java.awt.EventDispatchThread.pumpOneEventForFilters(EventDispatchThread.java:201)
	at java.awt.EventDispatchThread.pumpEventsForFilter(EventDispatchThread.java:116)
	at java.awt.EventDispatchThread.pumpEventsForHierarchy(EventDispatchThread.java:105)
	at java.awt.EventDispatchThread.pumpEvents(EventDispatchThread.java:101)
	at java.awt.EventDispatchThread.pumpEvents(EventDispatchThread.java:93)
	at java.awt.EventDispatchThread.run(EventDispatchThread.java:82)
Caused by: java.lang.ClassNotFoundException: com.google.javascript.jscomp.CompilerOptions
	at java.net.URLClassLoader$1.run(URLClassLoader.java:372)
	at java.net.URLClassLoader$1.run(URLClassLoader.java:361)
	at java.security.AccessController.doPrivileged(Native Method)
	at java.net.URLClassLoader.findClass(URLClassLoader.java:360)
	at clojure.lang.DynamicClassLoader.findClass(DynamicClassLoader.java:69)
	at java.lang.ClassLoader.loadClass(ClassLoader.java:424)
	at clojure.lang.DynamicClassLoader.loadClass(DynamicClassLoader.java:77)
	at java.lang.ClassLoader.loadClass(ClassLoader.java:357)
	at java.lang.Class.forName0(Native Method)
	at java.lang.Class.forName(Class.java:344)
	at clojure.lang.RT.classForName(RT.java:2168)
	at clojure.lang.RT.classForNameNonLoading(RT.java:2181)
	at cljs.externs$eval951$loading__5569__auto____952.invoke(externs.clj:9)
	at cljs.externs$eval951.invokeStatic(externs.clj:9)
	at cljs.externs$eval951.invoke(externs.clj:9)
	at clojure.lang.Compiler.eval(Compiler.java:6927)
	at clojure.lang.Compiler.eval(Compiler.java:6916)
	at clojure.lang.Compiler.load(Compiler.java:7379)
	... 165 more

2018.01.31 19:02:06.906 MSK INFO: Load time for file:/Users/ru/clojure/simpro-scene/pprj_base/Cezium.pprj = 2 sec (project) + 1 sec (ui) -- ProjectManager$3.run()
