2017.10.21 19:27:11.360 MSK INFO: *** SYSTEM START *** -- SystemUtilities.logSystemInfo()
2017.10.21 19:27:11.364 MSK CONFIG: Protege 3.5 Build 663, JVM 1.8.0_31-b13, memory=1908M, Mac OS X, encoding=UTF-8, language=en, country=US -- SystemUtilities.logSystemInfo()
2017.10.21 19:27:11.548 MSK CONFIG: Loaded plugin clojuretab -- PluginUtilities.logClassLoaderInformation()
2017.10.21 19:27:11.550 MSK CONFIG: Loaded plugin edu.stanford.smi.protegex.standard_extensions - Graph Widget, Table Widget -- PluginUtilities.logClassLoaderInformation()
2017.10.21 19:27:11.579 MSK CONFIG: Loaded plugin ru.igis.omtab -- PluginUtilities.logClassLoaderInformation()
2017.10.21 19:27:12.425 MSK WARNING: missing bundle: protege_text -- BundleHelper.<init>()
2017.10.21 19:27:41.443 MSK SEVERE: Unable to load project from: file:/Users/ru/clojure/simpro-scene/file:/Users/ru/clojure/simpro-scene/pprj_examples/“../pprj_base/Scenario.pprj%22 -- Project.getProjectInstancesReader()
2017.10.21 19:27:41.452 MSK WARNING: Unable to load prj:file:/Users/ru/clojure/simpro-scene/file:/Users/ru/clojure/simpro-scene/pprj_examples/“../pprj_base/Scenario.pprj%22 -- Project.includeDomainKB()
2017.10.21 19:27:41.466 MSK WARNING: Unable to find child FrameStore: file:/Users/ru/clojure/simpro-scene/file:/Users/ru/clojure/simpro-scene/pprj_examples/“../pprj_base/Scenario.pprj%22 -- MergingNarrowFrameStore.addActiveFrameStore()
2017.10.21 19:27:41.470 MSK SEVERE: Undefined class: Spill found while loading classes -- Parser.recordError()
2017.10.21 19:27:41.470 MSK SEVERE: Undefined class: SpillRepeatAction found while loading classes -- Parser.recordError()
2017.10.21 19:27:41.471 MSK SEVERE: Undefined class: Computation found while loading classes -- Parser.recordError()
2017.10.21 19:27:41.471 MSK SEVERE: Undefined class: RepeatAction found while loading classes -- Parser.recordError()
2017.10.21 19:27:41.471 MSK SEVERE: Undefined class: NavOb found while loading classes -- Parser.recordError()
2017.10.21 19:27:41.471 MSK SEVERE: Undefined class: Variable found while loading classes -- Parser.recordError()
2017.10.21 19:27:41.471 MSK SEVERE: Undefined class: Artefact found while loading classes -- Parser.recordError()
2017.10.21 19:27:41.471 MSK SEVERE: Undefined class: RepeatActionOnOff found while loading classes -- Parser.recordError()
2017.10.21 19:27:41.472 MSK SEVERE: type mismatch: Cls(PrepareSpill) cannot become an instance of [Cls(ComputationClass)] -- Parser.recordError()
2017.10.21 19:27:41.472 MSK SEVERE: non-existent slot: namespace -- Parser.recordError()
2017.10.21 19:27:41.472 MSK SEVERE: non-existent slot: source -- Parser.recordError()
2017.10.21 19:27:41.473 MSK SEVERE: non-existent slot: id -- Parser.recordError()
2017.10.21 19:27:41.473 MSK SEVERE: non-existent slot: instance -- Parser.recordError()
2017.10.21 19:27:41.473 MSK SEVERE: non-existent slot: object -- Parser.recordError()
2017.10.21 19:27:41.473 MSK SEVERE: non-existent slot: observer -- Parser.recordError()
2017.10.21 19:27:41.473 MSK SEVERE: non-existent slot: parent -- Parser.recordError()
2017.10.21 19:27:41.473 MSK SEVERE: non-existent slot: position-angle -- Parser.recordError()
2017.10.21 19:27:41.474 MSK SEVERE: non-existent slot: position-distance -- Parser.recordError()
2017.10.21 19:27:41.474 MSK SEVERE: non-existent slot: position-speed -- Parser.recordError()
2017.10.21 19:27:41.474 MSK SEVERE: non-existent slot: protagonist -- Parser.recordError()
2017.10.21 19:27:41.474 MSK SEVERE: non-existent slot: radius -- Parser.recordError()
2017.10.21 19:27:41.474 MSK SEVERE: non-existent slot: relative -- Parser.recordError()
2017.10.21 19:27:41.474 MSK SEVERE: non-existent slot: run -- Parser.recordError()
2017.10.21 19:27:41.475 MSK SEVERE: non-existent slot: title -- Parser.recordError()
2017.10.21 19:27:41.475 MSK SEVERE: non-existent slot: interval -- Parser.recordError()
2017.10.21 19:27:41.475 MSK SEVERE: non-existent slot: lifetime -- Parser.recordError()
2017.10.21 19:27:41.475 MSK SEVERE: non-existent slot: period -- Parser.recordError()
2017.10.21 19:27:41.475 MSK SEVERE: non-existent slot: poly -- Parser.recordError()
2017.10.21 19:27:41.475 MSK SEVERE: non-existent slot: task_impl -- Parser.recordError()
2017.10.21 19:27:41.476 MSK SEVERE: non-existent slot: fillColor -- Parser.recordError()
2017.10.21 19:27:41.476 MSK SEVERE: non-existent slot: isPolygon -- Parser.recordError()
2017.10.21 19:27:41.476 MSK SEVERE: non-existent slot: latitude -- Parser.recordError()
2017.10.21 19:27:41.476 MSK SEVERE: non-existent slot: lineColor -- Parser.recordError()
2017.10.21 19:27:41.476 MSK SEVERE: non-existent slot: longitude -- Parser.recordError()
2017.10.21 19:27:41.476 MSK SEVERE: non-existent slot: N -- Parser.recordError()
2017.10.21 19:27:41.476 MSK SEVERE: non-existent slot: playground-index -- Parser.recordError()
2017.10.21 19:27:41.477 MSK SEVERE: non-existent slot: speed -- Parser.recordError()
2017.10.21 19:27:41.477 MSK SEVERE: non-existent slot: input_data -- Parser.recordError()
2017.10.21 19:27:41.477 MSK SEVERE: non-existent slot: flag -- Parser.recordError()
2017.10.21 19:27:41.477 MSK SEVERE: non-existent slot: next_actions -- Parser.recordError()
2017.10.21 19:27:41.478 MSK SEVERE: non-existent slot: delay -- Parser.recordError()
2017.10.21 19:27:41.478 MSK SEVERE: non-existent slot: mapob -- Parser.recordError()
2017.10.21 19:27:41.479 MSK SEVERE: non-existent slot: ob_property -- Parser.recordError()
2017.10.21 19:27:41.479 MSK SEVERE: non-existent slot: variable -- Parser.recordError()
2017.10.21 19:27:41.479 MSK SEVERE: non-existent slot: ob_relation -- Parser.recordError()
2017.10.21 19:27:41.479 MSK SEVERE: non-existent slot: repeat-action -- Parser.recordError()
2017.10.21 19:27:41.481 MSK SEVERE: non-existent slot: route -- Parser.recordError()
2017.10.21 19:27:41.481 MSK SEVERE: non-existent slot: spd -- Parser.recordError()
2017.10.21 19:27:41.481 MSK SEVERE: non-existent slot: context -- Parser.recordError()
2017.10.21 19:27:41.481 MSK SEVERE: non-existent slot: final_tasks -- Parser.recordError()
2017.10.21 19:27:41.481 MSK SEVERE: non-existent slot: finish_type -- Parser.recordError()
2017.10.21 19:27:41.481 MSK SEVERE: non-existent slot: initial_tasks -- Parser.recordError()
2017.10.21 19:27:41.481 MSK SEVERE: non-existent slot: scenario_scheme -- Parser.recordError()
2017.10.21 19:27:41.482 MSK SEVERE: non-existent slot: category -- Parser.recordError()
2017.10.21 19:27:41.482 MSK SEVERE: non-existent slot: text -- Parser.recordError()
2017.10.21 19:27:41.482 MSK SEVERE: non-existent slot: url -- Parser.recordError()
2017.10.21 19:27:41.482 MSK SEVERE: non-existent slot: event -- Parser.recordError()
2017.10.21 19:27:41.483 MSK SEVERE: non-existent slot: conditions -- Parser.recordError()
2017.10.21 19:27:41.483 MSK SEVERE: non-existent slot: variants -- Parser.recordError()
2017.10.21 19:27:41.484 MSK SEVERE: non-existent slot: lhs -- Parser.recordError()
2017.10.21 19:27:41.484 MSK SEVERE: non-existent slot: rhs -- Parser.recordError()
2017.10.21 19:27:41.484 MSK SEVERE: non-existent slot: salience -- Parser.recordError()
2017.10.21 19:27:41.484 MSK SEVERE: non-existent slot: attribute -- Parser.recordError()
2017.10.21 19:27:41.484 MSK SEVERE: non-existent slot: tasks -- Parser.recordError()
2017.10.21 19:27:41.485 MSK SEVERE: non-existent slot: player -- Parser.recordError()
2017.10.21 19:27:41.485 MSK SEVERE: non-existent slot: sub_scenario -- Parser.recordError()
2017.10.21 19:27:41.485 MSK SEVERE: non-existent slot: wait_subscenario -- Parser.recordError()
2017.10.21 19:27:41.486 MSK SEVERE: non-existent slot: attributes -- Parser.recordError()
2017.10.21 19:27:41.487 MSK SEVERE: non-existent slot: values -- Parser.recordError()
2017.10.21 19:27:41.487 MSK SEVERE: non-existent slot: rules -- Parser.recordError()
2017.10.21 19:27:41.487 MSK SEVERE: non-existent slot: templates -- Parser.recordError()
2017.10.21 19:27:41.487 MSK SEVERE: non-existent slot: cloFunctions -- Parser.recordError()
2017.10.21 19:27:41.487 MSK SEVERE: non-existent slot: cloNamespace -- Parser.recordError()
2017.10.21 19:27:41.488 MSK SEVERE: non-existent slot: final_actions -- Parser.recordError()
2017.10.21 19:27:41.488 MSK SEVERE: non-existent slot: initial_actions -- Parser.recordError()
2017.10.21 19:27:41.488 MSK SEVERE: non-existent slot: task_scheme -- Parser.recordError()
2017.10.21 19:27:41.490 MSK SEVERE: non-existent slot: detect-distance -- Parser.recordError()
2017.10.21 19:27:41.490 MSK SEVERE: non-existent slot: detect-probability -- Parser.recordError()
2017.10.21 19:27:41.490 MSK SEVERE: non-existent slot: time -- Parser.recordError()
2017.10.21 19:27:41.490 MSK SEVERE: non-existent slot: activity -- Parser.recordError()
2017.10.21 19:27:41.491 MSK SEVERE: non-existent slot: field -- Parser.recordError()
2017.10.21 19:27:41.491 MSK SEVERE: non-existent slot: interval2 -- Parser.recordError()
2017.10.21 19:27:41.491 MSK SEVERE: non-existent slot: lifetime2 -- Parser.recordError()
2017.10.21 19:27:41.491 MSK SEVERE: non-existent slot: period2 -- Parser.recordError()
2017.10.21 19:27:41.491 MSK SEVERE: non-existent slot: spill -- Parser.recordError()
2017.10.21 19:27:41.492 MSK SEVERE: non-existent slot: cloVars -- Parser.recordError()
2017.10.21 19:27:41.492 MSK SEVERE: non-existent slot: new_speed -- Parser.recordError()
2017.10.21 19:27:41.493 MSK SEVERE: non-existent slot: butt-run -- Parser.recordError()
2017.10.21 19:27:41.493 MSK SEVERE: non-existent slot: facts -- Parser.recordError()
2017.10.21 19:27:41.493 MSK SEVERE: non-existent slot: rule-sets -- Parser.recordError()
2017.10.21 19:27:41.493 MSK SEVERE: non-existent slot: synchro -- Parser.recordError()
2017.10.21 19:27:41.493 MSK SEVERE: non-existent slot: trace -- Parser.recordError()
2017.10.21 19:27:41.494 MSK SEVERE: non-existent slot: next_tasks -- Parser.recordError()
2017.10.21 19:27:41.496 MSK SEVERE: non-existent slot: course -- Parser.recordError()
2017.10.21 19:27:41.496 MSK SEVERE: non-existent slot: type -- Parser.recordError()
2017.10.21 19:27:41.497 MSK SEVERE: non-existent slot: cloPrograms -- Parser.recordError()
2017.10.21 19:27:41.498 MSK SEVERE: non-existent slot: speed2 -- Parser.recordError()
2017.10.21 19:27:41.498 MSK SEVERE: non-existent slot: points -- Parser.recordError()
2017.10.21 19:27:41.498 MSK SEVERE: non-existent slot: results -- Parser.recordError()
2017.10.21 19:27:41.499 MSK SEVERE: non-existent slot: value -- Parser.recordError()
2017.10.21 19:27:41.499 MSK SEVERE: non-existent slot: pairs -- Parser.recordError()
2017.10.21 19:27:41.501 MSK SEVERE: non-existent slot: relation -- Parser.recordError()
2017.10.21 19:27:41.503 MSK SEVERE: non-existent slot: BackgroundColor -- Parser.recordError()
2017.10.21 19:27:41.503 MSK SEVERE: non-existent slot: components -- Parser.recordError()
2017.10.21 19:27:41.503 MSK SEVERE: non-existent slot: Latitude -- Parser.recordError()
2017.10.21 19:27:41.503 MSK SEVERE: non-existent slot: layers -- Parser.recordError()
2017.10.21 19:27:41.503 MSK SEVERE: non-existent slot: Longitude -- Parser.recordError()
2017.10.21 19:27:41.503 MSK SEVERE: non-existent slot: Projection -- Parser.recordError()
2017.10.21 19:27:41.504 MSK SEVERE: non-existent slot: Scale -- Parser.recordError()
2017.10.21 19:27:41.504 MSK SEVERE: non-existent slot: startUpLayers -- Parser.recordError()
2017.10.21 19:27:41.504 MSK SEVERE: non-existent slot: class -- Parser.recordError()
2017.10.21 19:27:41.504 MSK SEVERE: non-existent slot: dashPattern -- Parser.recordError()
2017.10.21 19:27:41.504 MSK SEVERE: non-existent slot: lineWidth -- Parser.recordError()
2017.10.21 19:27:41.505 MSK SEVERE: non-existent slot: prettyName -- Parser.recordError()
2017.10.21 19:27:41.505 MSK SEVERE: non-existent slot: shapeFile -- Parser.recordError()
2017.10.21 19:27:41.505 MSK SEVERE: non-existent slot: spatialIndex -- Parser.recordError()
2017.10.21 19:27:41.505 MSK SEVERE: non-existent slot: pointImageURL -- Parser.recordError()
2017.10.21 19:27:41.506 MSK SEVERE: non-existent slot: area -- Parser.recordError()
2017.10.21 19:27:41.506 MSK SEVERE: non-existent slot: coverageType -- Parser.recordError()
2017.10.21 19:27:41.506 MSK SEVERE: non-existent slot: edge -- Parser.recordError()
2017.10.21 19:27:41.507 MSK SEVERE: non-existent slot: featureTypes -- Parser.recordError()
2017.10.21 19:27:41.507 MSK SEVERE: non-existent slot: vpfPath -- Parser.recordError()
2017.10.21 19:27:41.507 MSK SEVERE: non-existent slot: capDecoration -- Parser.recordError()
2017.10.21 19:27:41.507 MSK SEVERE: non-existent slot: jointDecoration -- Parser.recordError()
2017.10.21 19:27:41.507 MSK SEVERE: non-existent slot: lineType -- Parser.recordError()
2017.10.21 19:27:41.507 MSK SEVERE: non-existent slot: angle -- Parser.recordError()
2017.10.21 19:27:41.508 MSK SEVERE: non-existent slot: BOLD -- Parser.recordError()
2017.10.21 19:27:41.508 MSK SEVERE: non-existent slot: fontName -- Parser.recordError()
2017.10.21 19:27:41.508 MSK SEVERE: non-existent slot: fontSize -- Parser.recordError()
2017.10.21 19:27:41.508 MSK SEVERE: non-existent slot: ITALIC -- Parser.recordError()
2017.10.21 19:27:41.508 MSK SEVERE: non-existent slot: textColor -- Parser.recordError()
2017.10.21 19:27:41.509 MSK SEVERE: non-existent slot: join_tasks -- Parser.recordError()
2017.10.21 19:27:41.509 MSK SEVERE: non-existent slot: statuses -- Parser.recordError()
2017.10.21 19:27:41.509 MSK SEVERE: non-existent slot: computation -- Parser.recordError()
2017.10.21 19:27:41.510 MSK SEVERE: PrepareSpill is both a class and a simple instance -- Parser.recordError()
2017.10.21 19:27:41.510 MSK SEVERE: PrepareSpill is both a class and a simple instance -- Parser.recordError()
2017.10.21 19:27:41.510 MSK SEVERE: non-existent slot: events -- Parser.recordError()
2017.10.21 19:27:41.512 MSK SEVERE: non-existent slot: csv_delimiter -- Parser.recordError()
2017.10.21 19:27:41.512 MSK SEVERE: non-existent slot: east -- Parser.recordError()
2017.10.21 19:27:41.512 MSK SEVERE: non-existent slot: north -- Parser.recordError()
2017.10.21 19:27:41.512 MSK SEVERE: non-existent slot: parameters -- Parser.recordError()
2017.10.21 19:27:41.512 MSK SEVERE: non-existent slot: south -- Parser.recordError()
2017.10.21 19:27:41.512 MSK SEVERE: non-existent slot: west -- Parser.recordError()
2017.10.21 19:27:41.513 MSK SEVERE: Undefined class: TwoObRelation found while loading instances -- Parser.recordError()
2017.10.21 19:27:41.513 MSK SEVERE: Undefined class: CloFunction found while loading instances -- Parser.recordError()
2017.10.21 19:27:41.513 MSK SEVERE: Undefined class: TowOnOff found while loading instances -- Parser.recordError()
2017.10.21 19:27:41.513 MSK SEVERE: Undefined class: Field found while loading instances -- Parser.recordError()
2017.10.21 19:27:41.514 MSK SEVERE: Undefined class: CloVar found while loading instances -- Parser.recordError()
2017.10.21 19:27:41.514 MSK SEVERE: Undefined class: Run found while loading instances -- Parser.recordError()
2017.10.21 19:27:41.514 MSK SEVERE: Undefined class: OMTText found while loading instances -- Parser.recordError()
2017.10.21 19:27:41.514 MSK SEVERE: Undefined class: Line found while loading instances -- Parser.recordError()
2017.10.21 19:27:41.514 MSK SEVERE: Undefined class: Position found while loading instances -- Parser.recordError()
2017.10.21 19:27:41.514 MSK SEVERE: Undefined class: Attribute found while loading instances -- Parser.recordError()
2017.10.21 19:27:41.514 MSK SEVERE: Undefined class: Compute found while loading instances -- Parser.recordError()
2017.10.21 19:27:41.514 MSK SEVERE: Undefined class: WorkingPrograms found while loading instances -- Parser.recordError()
2017.10.21 19:27:41.514 MSK SEVERE: Undefined class: NavObTask found while loading instances -- Parser.recordError()
2017.10.21 19:27:41.514 MSK SEVERE: Undefined class: ShapeLayer found while loading instances -- Parser.recordError()
2017.10.21 19:27:41.514 MSK SEVERE: Undefined class: Type found while loading instances -- Parser.recordError()
2017.10.21 19:27:41.514 MSK SEVERE: Undefined class: UserDecision found while loading instances -- Parser.recordError()
2017.10.21 19:27:41.515 MSK SEVERE: Undefined class: Search found while loading instances -- Parser.recordError()
2017.10.21 19:27:41.515 MSK SEVERE: Undefined class: CloFuncall found while loading instances -- Parser.recordError()
2017.10.21 19:27:41.515 MSK SEVERE: Undefined class: EventDecision found while loading instances -- Parser.recordError()
2017.10.21 19:27:41.515 MSK SEVERE: Undefined class: Openmap found while loading instances -- Parser.recordError()
2017.10.21 19:27:41.515 MSK SEVERE: Undefined class: Calculus found while loading instances -- Parser.recordError()
2017.10.21 19:27:41.515 MSK SEVERE: Undefined class: GeneralDecision found while loading instances -- Parser.recordError()
2017.10.21 19:27:41.515 MSK SEVERE: Undefined class: InputData found while loading instances -- Parser.recordError()
2017.10.21 19:27:41.515 MSK SEVERE: Undefined class: GoRoute found while loading instances -- Parser.recordError()
2017.10.21 19:27:41.515 MSK SEVERE: Undefined class: ValuePair found while loading instances -- Parser.recordError()
2017.10.21 19:27:41.515 MSK SEVERE: Undefined class: ComputationClass found while loading instances -- Parser.recordError()
2017.10.21 19:27:41.515 MSK SEVERE: Undefined class: PutOnPlace found while loading instances -- Parser.recordError()
2017.10.21 19:27:41.515 MSK SEVERE: Undefined class: Drift found while loading instances -- Parser.recordError()
2017.10.21 19:27:41.516 MSK SEVERE: Undefined class: TimeMessage found while loading instances -- Parser.recordError()
2017.10.21 19:27:41.516 MSK SEVERE: Undefined class: Scenario found while loading instances -- Parser.recordError()
2017.10.21 19:27:41.516 MSK SEVERE: Undefined class: Arrive found while loading instances -- Parser.recordError()
2017.10.21 19:27:41.516 MSK SEVERE: Undefined class: CloProgram found while loading instances -- Parser.recordError()
2017.10.21 19:27:41.516 MSK SEVERE: Undefined class: AttributeMessage found while loading instances -- Parser.recordError()
2017.10.21 19:27:41.516 MSK SEVERE: Undefined class: PutObProperties found while loading instances -- Parser.recordError()
2017.10.21 19:27:41.516 MSK SEVERE: Undefined class: PrepareSpill_ found while loading instances -- Parser.recordError()
2017.10.21 19:27:41.516 MSK SEVERE: Undefined class: Result found while loading instances -- Parser.recordError()
2017.10.21 19:27:41.516 MSK SEVERE: Undefined class: IfActionStatus found while loading instances -- Parser.recordError()
2017.10.21 19:27:41.516 MSK SEVERE: Undefined class: Context found while loading instances -- Parser.recordError()
2017.10.21 19:27:41.516 MSK SEVERE: Undefined class: RuleSet found while loading instances -- Parser.recordError()
2017.10.21 19:27:41.517 MSK SEVERE: Undefined class: Join found while loading instances -- Parser.recordError()
2017.10.21 19:27:41.517 MSK SEVERE: Undefined class: WaitEvent found while loading instances -- Parser.recordError()
2017.10.21 19:27:41.517 MSK SEVERE: Undefined class: PutOffMap found while loading instances -- Parser.recordError()
2017.10.21 19:27:41.517 MSK SEVERE: Undefined class: Break found while loading instances -- Parser.recordError()
2017.10.21 19:27:41.517 MSK SEVERE: Undefined class: Delay found while loading instances -- Parser.recordError()
2017.10.21 19:27:41.517 MSK SEVERE: Undefined class: Link found while loading instances -- Parser.recordError()
2017.10.21 19:27:41.517 MSK SEVERE: Undefined class: Rule found while loading instances -- Parser.recordError()
2017.10.21 19:27:41.517 MSK SEVERE: Undefined class: Route found while loading instances -- Parser.recordError()
2017.10.21 19:27:41.517 MSK SEVERE: Undefined class: ObjectPair found while loading instances -- Parser.recordError()
2017.10.21 19:27:41.518 MSK SEVERE: Undefined class: DropRepeatAction found while loading instances -- Parser.recordError()
2017.10.21 19:27:41.518 MSK SEVERE: Undefined class: Task found while loading instances -- Parser.recordError()
2017.10.21 19:27:41.518 MSK SEVERE: Undefined class: PutObAttributes found while loading instances -- Parser.recordError()
2017.10.21 19:27:41.518 MSK SEVERE: Undefined class: VPFLayer found while loading instances -- Parser.recordError()
2017.10.21 19:27:41.518 MSK SEVERE: Undefined class: ObjectMessage found while loading instances -- Parser.recordError()
2017.10.21 19:27:41.518 MSK SEVERE: Undefined class: TaskImpl found while loading instances -- Parser.recordError()
2017.10.21 19:27:41.518 MSK SEVERE: Undefined class: PutOnMap found while loading instances -- Parser.recordError()
2017.10.21 19:27:41.518 MSK SEVERE: Undefined class: Subscenario found while loading instances -- Parser.recordError()
2017.10.21 19:27:41.518 MSK SEVERE: Undefined class: CloNamespace found while loading instances -- Parser.recordError()
2017.10.21 19:27:41.518 MSK SEVERE: Undefined class: ObAttribute found while loading instances -- Parser.recordError()
2017.10.21 19:27:41.518 MSK SEVERE: Undefined class: LinkOnOff found while loading instances -- Parser.recordError()
2017.10.21 19:27:41.518 MSK SEVERE: Undefined instance: Sea3_Class4 -- Parser.recordError()
2017.10.21 19:27:41.519 MSK SEVERE: Undefined instance: Scenario_Class250011 -- Parser.recordError()
2017.10.21 19:27:41.519 MSK SEVERE: Undefined instance: Scenario_Class580000 -- Parser.recordError()
2017.10.21 19:27:41.519 MSK SEVERE: Undefined instance: Scenario_Class120024 -- Parser.recordError()
2017.10.21 19:27:41.519 MSK SEVERE: Undefined instance: Target -- Parser.recordError()
2017.10.21 19:27:41.519 MSK SEVERE: Undefined instance: Scenario_Instance_4 -- Parser.recordError()
2017.10.21 19:27:41.519 MSK SEVERE: Undefined instance: Scenario_Class100006 -- Parser.recordError()
2017.10.21 19:27:41.519 MSK SEVERE: Undefined instance: Mission -- Parser.recordError()
2017.10.21 19:27:41.519 MSK SEVERE: Undefined instance: CompoServ_Class0 -- Parser.recordError()
2017.10.21 19:27:41.519 MSK SEVERE: Undefined instance: Scenario_Class250008 -- Parser.recordError()
2017.10.21 19:27:41.519 MSK SEVERE: Undefined instance: Scenario_Instance_100002 -- Parser.recordError()
2017.10.21 19:27:41.519 MSK SEVERE: Undefined instance: CompoServer_Class160000 -- Parser.recordError()
2017.10.21 19:27:41.519 MSK SEVERE: Undefined instance: Scenario_Class16 -- Parser.recordError()
2017.10.21 19:27:41.520 MSK SEVERE: Undefined instance: Scenario_Class17 -- Parser.recordError()
2017.10.21 19:27:41.520 MSK SEVERE: Undefined instance: Scenario_Class3 -- Parser.recordError()
2017.10.21 19:27:41.520 MSK SEVERE: Undefined instance: Scenario_Class220003 -- Parser.recordError()
2017.10.21 19:27:41.520 MSK SEVERE: Undefined instance: Scenario_Instance_100010 -- Parser.recordError()
2017.10.21 19:27:41.520 MSK SEVERE: Undefined instance: Scenario_Instance_100011 -- Parser.recordError()
2017.10.21 19:27:41.520 MSK SEVERE: Undefined instance: Scenario_Class520002 -- Parser.recordError()
2017.10.21 19:27:41.520 MSK SEVERE: Undefined instance: Scenario_Instance_100012 -- Parser.recordError()
2017.10.21 19:27:41.520 MSK SEVERE: Undefined instance: Clojure_Class10000 -- Parser.recordError()
2017.10.21 19:27:41.520 MSK SEVERE: Undefined instance: Scenario_Instance_100013 -- Parser.recordError()
2017.10.21 19:27:41.520 MSK SEVERE: Undefined instance: Scenario_Class520000 -- Parser.recordError()
2017.10.21 19:27:41.520 MSK SEVERE: Undefined instance: Scenario_Instance_100014 -- Parser.recordError()
2017.10.21 19:27:41.520 MSK SEVERE: Undefined instance: Scenario_Class520001 -- Parser.recordError()
2017.10.21 19:27:41.520 MSK SEVERE: Undefined instance: Scenario_Instance_100015 -- Parser.recordError()
2017.10.21 19:27:41.521 MSK SEVERE: Undefined instance: Scenario_Instance_100016 -- Parser.recordError()
2017.10.21 19:27:41.521 MSK SEVERE: Undefined instance: Scenario_Instance_100017 -- Parser.recordError()
2017.10.21 19:27:41.521 MSK SEVERE: Undefined instance: Scenario_Instance_100018 -- Parser.recordError()
2017.10.21 19:27:41.521 MSK SEVERE: Undefined instance: Scenario_Instance_100019 -- Parser.recordError()
2017.10.21 19:27:41.521 MSK SEVERE: Undefined instance: Scenario_Instance_10 -- Parser.recordError()
2017.10.21 19:27:41.521 MSK SEVERE: Undefined instance: RuleEngine_Class30000 -- Parser.recordError()
2017.10.21 19:27:41.521 MSK SEVERE: Undefined instance: Scenario_Class340000 -- Parser.recordError()
2017.10.21 19:27:41.521 MSK SEVERE: Undefined instance: Scenario_Instance_100020 -- Parser.recordError()
2017.10.21 19:27:41.521 MSK SEVERE: Undefined instance: Scenario_Instance_100021 -- Parser.recordError()
2017.10.21 19:27:41.521 MSK SEVERE: Undefined instance: Scenario_Instance_100022 -- Parser.recordError()
2017.10.21 19:27:41.521 MSK SEVERE: Undefined instance: Scenario_Instance_100023 -- Parser.recordError()
2017.10.21 19:27:41.521 MSK SEVERE: Undefined instance: Scenario_Class60000 -- Parser.recordError()
2017.10.21 19:27:41.531 MSK WARNING: unable to load frame: Scenario_Instance_240000 -- PropertyMapUtil.getFrame()
2017.10.21 19:27:41.580 MSK WARNING: Wrong type: SimpleInstance(PrepareSpill of [Cls(ComputationClass)]) -- DefaultKnowledgeBase.getFrameOfType()
2017.10.21 19:27:41.580 MSK WARNING: Unknown class: PrepareSpill -- Project.loadWidgetDescriptors()
2017.10.21 19:27:41.581 MSK WARNING: Wrong type: SimpleInstance(PrepareSpill of [Cls(ComputationClass)]) -- DefaultKnowledgeBase.getFrameOfType()
2017.10.21 19:27:41.581 MSK INFO: Project load time for file:/Users/ru/clojure/simpro-scene/pprj_examples/Sea.pprj: 0 sec -- ProjectChooser.loadProject()
2017.10.21 19:27:42.051 MSK WARNING: java.lang.NullPointerException
	at java.awt.Container.addImpl(Container.java:1095)
	at java.awt.Container.add(Container.java:971)
	at ru.igis.omtab.OpenMapTab.setMap(OpenMapTab.java:143)
	at ru.igis.omtab.OpenMapTab.initialize(OpenMapTab.java:97)
	at edu.stanford.smi.protege.widget.WidgetUtilities.createTabWidget(Unknown Source)
	at edu.stanford.smi.protege.ui.ProjectView.addTab(Unknown Source)
	at edu.stanford.smi.protege.ui.ProjectView.createTabbedPane(Unknown Source)
	at edu.stanford.smi.protege.ui.ProjectView.<init>(Unknown Source)
	at edu.stanford.smi.protege.ui.ProjectManager.displayCurrentProject(Unknown Source)
	at edu.stanford.smi.protege.ui.ProjectManager.displayCurrentProject(Unknown Source)
	at edu.stanford.smi.protege.ui.ProjectManager.openProjectRequest(Unknown Source)
	at edu.stanford.smi.protege.ui.WelcomeDialog.openOtherButton_actionPerformed(Unknown Source)
	at edu.stanford.smi.protege.ui.WelcomeDialog$3.actionPerformed(Unknown Source)
	at javax.swing.AbstractButton.fireActionPerformed(AbstractButton.java:2022)
	at javax.swing.AbstractButton$Handler.actionPerformed(AbstractButton.java:2346)
	at javax.swing.DefaultButtonModel.fireActionPerformed(DefaultButtonModel.java:402)
	at javax.swing.DefaultButtonModel.setPressed(DefaultButtonModel.java:259)
	at javax.swing.plaf.basic.BasicButtonListener.mouseReleased(BasicButtonListener.java:252)
	at java.awt.AWTEventMulticaster.mouseReleased(AWTEventMulticaster.java:289)
	at java.awt.Component.processMouseEvent(Component.java:6525)
	at javax.swing.JComponent.processMouseEvent(JComponent.java:3322)
	at java.awt.Component.processEvent(Component.java:6290)
	at java.awt.Container.processEvent(Container.java:2234)
	at java.awt.Component.dispatchEventImpl(Component.java:4881)
	at java.awt.Container.dispatchEventImpl(Container.java:2292)
	at java.awt.Component.dispatchEvent(Component.java:4703)
	at java.awt.LightweightDispatcher.retargetMouseEvent(Container.java:4898)
	at java.awt.LightweightDispatcher.processMouseEvent(Container.java:4533)
	at java.awt.LightweightDispatcher.dispatchEvent(Container.java:4462)
	at java.awt.Container.dispatchEventImpl(Container.java:2278)
	at java.awt.Window.dispatchEventImpl(Window.java:2739)
	at java.awt.Component.dispatchEvent(Component.java:4703)
	at java.awt.EventQueue.dispatchEventImpl(EventQueue.java:751)
	at java.awt.EventQueue.access$500(EventQueue.java:97)
	at java.awt.EventQueue$3.run(EventQueue.java:702)
	at java.awt.EventQueue$3.run(EventQueue.java:696)
	at java.security.AccessController.doPrivileged(Native Method)
	at java.security.ProtectionDomain$1.doIntersectionPrivilege(ProtectionDomain.java:75)
	at java.security.ProtectionDomain$1.doIntersectionPrivilege(ProtectionDomain.java:86)
	at java.awt.EventQueue$4.run(EventQueue.java:724)
	at java.awt.EventQueue$4.run(EventQueue.java:722)
	at java.security.AccessController.doPrivileged(Native Method)
	at java.security.ProtectionDomain$1.doIntersectionPrivilege(ProtectionDomain.java:75)
	at java.awt.EventQueue.dispatchEvent(EventQueue.java:721)
	at java.awt.EventDispatchThread.pumpOneEventForFilters(EventDispatchThread.java:201)
	at java.awt.EventDispatchThread.pumpEventsForFilter(EventDispatchThread.java:116)
	at java.awt.EventDispatchThread.pumpEventsForFilter(EventDispatchThread.java:109)
	at java.awt.WaitDispatchSupport$2.run(WaitDispatchSupport.java:184)
	at java.awt.event.InvocationEvent.dispatch(InvocationEvent.java:311)
	at java.awt.EventQueue.dispatchEventImpl(EventQueue.java:749)
	at java.awt.EventQueue.access$500(EventQueue.java:97)
	at java.awt.EventQueue$3.run(EventQueue.java:702)
	at java.awt.EventQueue$3.run(EventQueue.java:696)
	at java.security.AccessController.doPrivileged(Native Method)
	at java.security.ProtectionDomain$1.doIntersectionPrivilege(ProtectionDomain.java:75)
	at java.awt.EventQueue.dispatchEvent(EventQueue.java:719)
	at java.awt.EventDispatchThread.pumpOneEventForFilters(EventDispatchThread.java:201)
	at java.awt.EventDispatchThread.pumpEventsForFilter(EventDispatchThread.java:116)
	at java.awt.EventDispatchThread.pumpEventsForHierarchy(EventDispatchThread.java:105)
	at java.awt.EventDispatchThread.pumpEvents(EventDispatchThread.java:101)
	at java.awt.EventDispatchThread.pumpEvents(EventDispatchThread.java:93)
	at java.awt.EventDispatchThread.run(EventDispatchThread.java:82)
 -- WidgetUtilities.createTabWidget()
2017.10.21 19:27:42.177 MSK INFO: UI display time = 0 sec -- ProjectManager$2.run()
