2018.08.02 14:03:24.529 MSK INFO: *** SYSTEM START *** -- SystemUtilities.logSystemInfo()
2018.08.02 14:03:24.534 MSK CONFIG: Protege 3.5 Build 663, JVM 1.8.0_31-b13, memory=1908M, Mac OS X, encoding=UTF-8, language=en, country=US -- SystemUtilities.logSystemInfo()
2018.08.02 14:03:24.535 MSK WARNING: Plugins directory not found: /Users/ru/clojure/simpro-scene/plugins -- PluginUtilities.findPluginsDirectory()
2018.08.02 14:03:25.833 MSK WARNING: missing bundle: protege_text -- BundleHelper.<init>()
2018.08.02 14:03:30.216 MSK INFO: Loaded 5000 instances: ScenarioN_ProjectKB_Class72426 -- Parser.getInstance()
2018.08.02 14:03:30.221 MSK INFO: Loaded 6000 instances: ScenarioN_ProjectKB_Class83426 -- Parser.getInstance()
2018.08.02 14:03:30.241 MSK INFO: Set type on 5000 instances: ScenarioN_ProjectKB_Class83146 -- Parser.getInstance()
2018.08.02 14:03:30.259 MSK INFO: Set type on 6000 instances: ScenarioN_ProjectKB_Class91405 -- Parser.getInstance()
2018.08.02 14:03:31.624 MSK WARNING: missing bundle: standard_extensions_text -- BundleHelper.<init>()
2018.08.02 14:03:31.625 MSK WARNING: no resource bundle: tab.queries -- BundleHelper.internalGetText()
2018.08.02 14:03:33.229 MSK INFO: Load time for file:/Users/ru/clojure/simpro-scene/pprj_examples/RasterToVector.pprj = 1 sec (project) + 1 sec (ui) -- ProjectManager$3.run()
2018.08.02 14:05:13.385 MSK SEVERE: non-existent slot: but-deep-copy -- Parser.recordError()
2018.08.02 14:05:13.385 MSK SEVERE: non-existent slot: but-del-fil -- Parser.recordError()
2018.08.02 14:05:13.386 MSK SEVERE: non-existent slot: but-del-unref -- Parser.recordError()
2018.08.02 14:05:13.386 MSK SEVERE: non-existent slot: but-find-unref -- Parser.recordError()
2018.08.02 14:05:13.386 MSK SEVERE: non-existent slot: but-load-prj -- Parser.recordError()
2018.08.02 14:05:13.386 MSK SEVERE: non-existent slot: but-shal-copy -- Parser.recordError()
2018.08.02 14:05:13.386 MSK SEVERE: non-existent slot: source-project -- Parser.recordError()
2018.08.02 14:05:13.389 MSK SEVERE: Undefined class: ShareOnto found while loading instances -- Parser.recordError()
2018.08.02 14:05:13.389 MSK SEVERE: Undefined instance: Scenario_Class60001 -- Parser.recordError()
2018.08.02 14:05:13.389 MSK WARNING: unable to load frame: ScenarioN_Class590017 -- PropertyMapUtil.getFrame()
2018.08.02 14:05:13.389 MSK WARNING: unable to load frame: ScenarioN_Class540004 -- PropertyMapUtil.getFrame()
2018.08.02 14:05:13.389 MSK WARNING: unable to load frame: ScenarioN_Class290013 -- PropertyMapUtil.getFrame()
2018.08.02 14:05:13.389 MSK WARNING: unable to load frame: ScenarioN_Class500009 -- PropertyMapUtil.getFrame()
2018.08.02 14:05:13.390 MSK WARNING: unable to load frame: Scenario_Instance_240000 -- PropertyMapUtil.getFrame()
2018.08.02 14:05:13.390 MSK WARNING: unable to load frame: ScenarioN_Class370007 -- PropertyMapUtil.getFrame()
2018.08.02 14:05:13.390 MSK WARNING: unable to load frame: ScenarioN_Class110007 -- PropertyMapUtil.getFrame()
2018.08.02 14:05:13.390 MSK WARNING: unable to load frame: ScenarioN_Class650008 -- PropertyMapUtil.getFrame()
2018.08.02 14:05:13.390 MSK WARNING: unable to load frame: ScenarioN_Class680011 -- PropertyMapUtil.getFrame()
2018.08.02 14:05:13.390 MSK WARNING: unable to load frame: ScenarioN_Class380010 -- PropertyMapUtil.getFrame()
2018.08.02 14:05:13.390 MSK WARNING: unable to load frame: ScenarioN_Class320007 -- PropertyMapUtil.getFrame()
2018.08.02 14:05:13.390 MSK WARNING: unable to load frame: ScenarioN_Class620009 -- PropertyMapUtil.getFrame()
2018.08.02 14:05:13.390 MSK WARNING: unable to load frame: Scenario_Class60003 -- PropertyMapUtil.getFrame()
2018.08.02 14:05:13.391 MSK WARNING: unable to load frame: ScenarioN_Class640008 -- PropertyMapUtil.getFrame()
2018.08.02 14:05:13.722 MSK WARNING: Failed to locate property "null" with class "null.class"
  Skipping component "null" -- ComponentFactory._create()
2018.08.02 14:05:13.727 MSK WARNING: finding out that the null wasn't created -- PropertyHandler.createComponents()
2018.08.02 14:05:14.018 MSK WARNING: java.lang.NullPointerException
	at ru.igis.omtab.Clock.<init>(Clock.java:42)
	at ru.igis.omtab.OpenMapTab.arrangePlaygrounds(OpenMapTab.java:134)
	at ru.igis.omtab.OpenMapTab.initialize(OpenMapTab.java:99)
	at edu.stanford.smi.protege.widget.WidgetUtilities.createTabWidget(Unknown Source)
	at edu.stanford.smi.protege.ui.ProjectView.addTab(Unknown Source)
	at edu.stanford.smi.protege.ui.ProjectView.createTabbedPane(Unknown Source)
	at edu.stanford.smi.protege.ui.ProjectView.<init>(Unknown Source)
	at edu.stanford.smi.protege.ui.ProjectManager.displayCurrentProject(Unknown Source)
	at edu.stanford.smi.protege.ui.ProjectManager.displayCurrentProject(Unknown Source)
	at edu.stanford.smi.protege.ui.ProjectManager.loadProject(Unknown Source)
	at edu.stanford.smi.protege.ui.ProjectManager.reload(Unknown Source)
	at edu.stanford.smi.protege.ui.ProjectManager.changeIncludedProjectURIsRequest(Unknown Source)
	at edu.stanford.smi.protege.action.ManageIncludedProjectsPanel.saveContents(Unknown Source)
	at edu.stanford.smi.protege.util.ModalDialog.attemptClose(Unknown Source)
	at edu.stanford.smi.protege.util.ModalDialog$1.actionPerformed(Unknown Source)
	at javax.swing.AbstractButton.fireActionPerformed(AbstractButton.java:2022)
	at javax.swing.AbstractButton$Handler.actionPerformed(AbstractButton.java:2346)
	at javax.swing.DefaultButtonModel.fireActionPerformed(DefaultButtonModel.java:402)
	at javax.swing.DefaultButtonModel.setPressed(DefaultButtonModel.java:259)
	at javax.swing.plaf.basic.BasicButtonListener.mouseReleased(BasicButtonListener.java:252)
	at java.awt.Component.processMouseEvent(Component.java:6525)
	at javax.swing.JComponent.processMouseEvent(JComponent.java:3322)
	at java.awt.Component.processEvent(Component.java:6290)
	at java.awt.Container.processEvent(Container.java:2234)
	at java.awt.Component.dispatchEventImpl(Component.java:4881)
	at java.awt.Container.dispatchEventImpl(Container.java:2292)
	at java.awt.Component.dispatchEvent(Component.java:4703)
	at java.awt.LightweightDispatcher.retargetMouseEvent(Container.java:4898)
	at java.awt.LightweightDispatcher.processMouseEvent(Container.java:4533)
	at java.awt.LightweightDispatcher.dispatchEvent(Container.java:4462)
	at java.awt.Container.dispatchEventImpl(Container.java:2278)
	at java.awt.Window.dispatchEventImpl(Window.java:2739)
	at java.awt.Component.dispatchEvent(Component.java:4703)
	at java.awt.EventQueue.dispatchEventImpl(EventQueue.java:751)
	at java.awt.EventQueue.access$500(EventQueue.java:97)
	at java.awt.EventQueue$3.run(EventQueue.java:702)
	at java.awt.EventQueue$3.run(EventQueue.java:696)
	at java.security.AccessController.doPrivileged(Native Method)
	at java.security.ProtectionDomain$1.doIntersectionPrivilege(ProtectionDomain.java:75)
	at java.security.ProtectionDomain$1.doIntersectionPrivilege(ProtectionDomain.java:86)
	at java.awt.EventQueue$4.run(EventQueue.java:724)
	at java.awt.EventQueue$4.run(EventQueue.java:722)
	at java.security.AccessController.doPrivileged(Native Method)
	at java.security.ProtectionDomain$1.doIntersectionPrivilege(ProtectionDomain.java:75)
	at java.awt.EventQueue.dispatchEvent(EventQueue.java:721)
	at java.awt.EventDispatchThread.pumpOneEventForFilters(EventDispatchThread.java:201)
	at java.awt.EventDispatchThread.pumpEventsForFilter(EventDispatchThread.java:116)
	at java.awt.EventDispatchThread.pumpEventsForFilter(EventDispatchThread.java:109)
	at java.awt.WaitDispatchSupport$2.run(WaitDispatchSupport.java:184)
	at java.awt.WaitDispatchSupport$4.run(WaitDispatchSupport.java:229)
	at java.awt.WaitDispatchSupport$4.run(WaitDispatchSupport.java:227)
	at java.security.AccessController.doPrivileged(Native Method)
	at java.awt.WaitDispatchSupport.enter(WaitDispatchSupport.java:227)
	at java.awt.Dialog.show(Dialog.java:1084)
	at java.awt.Component.show(Component.java:1654)
	at java.awt.Component.setVisible(Component.java:1606)
	at java.awt.Window.setVisible(Window.java:1014)
	at java.awt.Dialog.setVisible(Dialog.java:1005)
	at edu.stanford.smi.protege.util.ModalDialog.init(Unknown Source)
	at edu.stanford.smi.protege.util.ModalDialog.<init>(Unknown Source)
	at edu.stanford.smi.protege.util.ModalDialog.showDialog(Unknown Source)
	at edu.stanford.smi.protege.util.ModalDialog.showDialog(Unknown Source)
	at edu.stanford.smi.protege.util.ModalDialog.showDialog(Unknown Source)
	at edu.stanford.smi.protege.action.ManageIncludedProjectsAction.actionPerformed(Unknown Source)
	at javax.swing.AbstractButton.fireActionPerformed(AbstractButton.java:2022)
	at javax.swing.AbstractButton$Handler.actionPerformed(AbstractButton.java:2346)
	at javax.swing.DefaultButtonModel.fireActionPerformed(DefaultButtonModel.java:402)
	at javax.swing.DefaultButtonModel.setPressed(DefaultButtonModel.java:259)
	at javax.swing.AbstractButton.doClick(AbstractButton.java:376)
	at javax.swing.plaf.basic.BasicMenuItemUI.doClick(BasicMenuItemUI.java:833)
	at com.apple.laf.AquaMenuItemUI.doClick(AquaMenuItemUI.java:157)
	at javax.swing.plaf.basic.BasicMenuItemUI$Handler.mouseReleased(BasicMenuItemUI.java:877)
	at java.awt.Component.processMouseEvent(Component.java:6525)
	at javax.swing.JComponent.processMouseEvent(JComponent.java:3322)
	at java.awt.Component.processEvent(Component.java:6290)
	at java.awt.Container.processEvent(Container.java:2234)
	at java.awt.Component.dispatchEventImpl(Component.java:4881)
	at java.awt.Container.dispatchEventImpl(Container.java:2292)
	at java.awt.Component.dispatchEvent(Component.java:4703)
	at java.awt.LightweightDispatcher.retargetMouseEvent(Container.java:4898)
	at java.awt.LightweightDispatcher.processMouseEvent(Container.java:4533)
	at java.awt.LightweightDispatcher.dispatchEvent(Container.java:4462)
	at java.awt.Container.dispatchEventImpl(Container.java:2278)
	at java.awt.Window.dispatchEventImpl(Window.java:2739)
	at java.awt.Component.dispatchEvent(Component.java:4703)
	at java.awt.EventQueue.dispatchEventImpl(EventQueue.java:751)
	at java.awt.EventQueue.access$500(EventQueue.java:97)
	at java.awt.EventQueue$3.run(EventQueue.java:702)
	at java.awt.EventQueue$3.run(EventQueue.java:696)
	at java.security.AccessController.doPrivileged(Native Method)
	at java.security.ProtectionDomain$1.doIntersectionPrivilege(ProtectionDomain.java:75)
	at java.security.ProtectionDomain$1.doIntersectionPrivilege(ProtectionDomain.java:86)
	at java.awt.EventQueue$4.run(EventQueue.java:724)
	at java.awt.EventQueue$4.run(EventQueue.java:722)
	at java.security.AccessController.doPrivileged(Native Method)
	at java.security.ProtectionDomain$1.doIntersectionPrivilege(ProtectionDomain.java:75)
	at java.awt.EventQueue.dispatchEvent(EventQueue.java:721)
	at java.awt.EventDispatchThread.pumpOneEventForFilters(EventDispatchThread.java:201)
	at java.awt.EventDispatchThread.pumpEventsForFilter(EventDispatchThread.java:116)
	at java.awt.EventDispatchThread.pumpEventsForHierarchy(EventDispatchThread.java:105)
	at java.awt.EventDispatchThread.pumpEvents(EventDispatchThread.java:101)
	at java.awt.EventDispatchThread.pumpEvents(EventDispatchThread.java:93)
	at java.awt.EventDispatchThread.run(EventDispatchThread.java:82)
 -- WidgetUtilities.createTabWidget()
2018.08.02 14:05:14.130 MSK INFO: Load time for file:/Users/ru/clojure/simpro-scene/pprj_examples/RasterToVector.pprj = 0 sec (project) + 0 sec (ui) -- ProjectManager$3.run()
