2018.01.31 19:28:56.408 MSK INFO: *** SYSTEM START *** -- SystemUtilities.logSystemInfo()
2018.01.31 19:28:56.413 MSK CONFIG: Protege 3.5 Build 663, JVM 1.8.0_31-b13, memory=1908M, Mac OS X, encoding=UTF-8, language=en, country=US -- SystemUtilities.logSystemInfo()
2018.01.31 19:28:57.377 MSK CONFIG: Loaded plugin clojuretab -- PluginUtilities.logClassLoaderInformation()
2018.01.31 19:28:57.397 MSK CONFIG: Loaded plugin edu.stanford.smi.protegex.standard_extensions - Graph Widget, Table Widget -- PluginUtilities.logClassLoaderInformation()
2018.01.31 19:28:57.454 MSK CONFIG: Loaded plugin ru.igis.omtab -- PluginUtilities.logClassLoaderInformation()
2018.01.31 19:28:59.035 MSK WARNING: missing bundle: protege_text -- BundleHelper.<init>()
2018.01.31 19:29:01.779 MSK INFO: Loaded 5000 instances: ScenarioN_ProjectKB_Class72402 -- Parser.getInstance()
2018.01.31 19:29:01.783 MSK INFO: Loaded 6000 instances: ScenarioN_ProjectKB_Class83402 -- Parser.getInstance()
2018.01.31 19:29:01.800 MSK INFO: Set type on 5000 instances: ScenarioN_ProjectKB_Class83072 -- Parser.getInstance()
2018.01.31 19:29:01.816 MSK INFO: Set type on 6000 instances: ScenarioN_ProjectKB_Class84072 -- Parser.getInstance()
2018.01.31 19:29:08.014 MSK INFO: Load time for file:/Users/ru/clojure/simpro-scene/pprj_base/Cezium.pprj = 2 sec (project) + 4 sec (ui) -- ProjectManager$3.run()
2018.01.31 19:29:18.897 MSK SEVERE: null -- clojure.lang.ExceptionInfo: failed compiling file:src/cljs/view3d/client.cljs {:file #object[java.io.File 0x5e6ce687 "src/cljs/view3d/client.cljs"]}
	at clojure.core$ex_info.invokeStatic(core.clj:4617)
	at clojure.core$ex_info.invoke(core.clj:4617)
	at cljs.compiler$compile_file$fn__3809.invoke(compiler.cljc:1410)
	at cljs.compiler$compile_file.invokeStatic(compiler.cljc:1376)
	at cljs.compiler$compile_file.invoke(compiler.cljc:1356)
	at cljs.closure$compile_file.invokeStatic(closure.clj:432)
	at cljs.closure$compile_file.invoke(closure.clj:423)
	at cljs.closure$eval5574$fn__5575.invoke(closure.clj:499)
	at cljs.closure$eval5510$fn__5511$G__5499__5518.invoke(closure.clj:389)
	at cljs.closure$compile_sources$iter__5695__5699$fn__5700.invoke(closure.clj:829)
	at clojure.lang.LazySeq.sval(LazySeq.java:40)
	at clojure.lang.LazySeq.seq(LazySeq.java:49)
	at clojure.lang.Cons.next(Cons.java:39)
	at clojure.lang.RT.next(RT.java:688)
	at clojure.core$next__4341.invokeStatic(core.clj:64)
	at clojure.core$dorun.invokeStatic(core.clj:3033)
	at clojure.core$doall.invokeStatic(core.clj:3039)
	at clojure.core$doall.invoke(core.clj:3039)
	at cljs.closure$compile_sources.invokeStatic(closure.clj:825)
	at cljs.closure$compile_sources.invoke(closure.clj:814)
	at cljs.closure$build.invokeStatic(closure.clj:1945)
	at cljs.closure$build.invoke(closure.clj:1883)
	at cljs.build.api$build.invokeStatic(api.clj:199)
	at cljs.build.api$build.invoke(api.clj:187)
	at cljs.build.api$build.invokeStatic(api.clj:190)
	at cljs.build.api$build.invoke(api.clj:187)
	at cljs.compile$build.invokeStatic(compile.clj:70)
	at cljs.compile$build.invoke(compile.clj:43)
	at clojure.lang.Var.invoke(Var.java:383)
	at clojuretab.ClojureTab.invoke(ClojureTab.java:700)
	at clojuretab.ClojureActionButton$1.actionPerformed(ClojureActionButton.java:53)
	at javax.swing.AbstractButton.fireActionPerformed(AbstractButton.java:2022)
	at javax.swing.AbstractButton$Handler.actionPerformed(AbstractButton.java:2346)
	at javax.swing.DefaultButtonModel.fireActionPerformed(DefaultButtonModel.java:402)
	at javax.swing.DefaultButtonModel.setPressed(DefaultButtonModel.java:259)
	at javax.swing.plaf.basic.BasicButtonListener.mouseReleased(BasicButtonListener.java:252)
	at java.awt.Component.processMouseEvent(Component.java:6525)
	at javax.swing.JComponent.processMouseEvent(JComponent.java:3322)
	at java.awt.Component.processEvent(Component.java:6290)
	at java.awt.Container.processEvent(Container.java:2234)
	at java.awt.Component.dispatchEventImpl(Component.java:4881)
	at java.awt.Container.dispatchEventImpl(Container.java:2292)
	at java.awt.Component.dispatchEvent(Component.java:4703)
	at java.awt.LightweightDispatcher.retargetMouseEvent(Container.java:4898)
	at java.awt.LightweightDispatcher.processMouseEvent(Container.java:4533)
	at java.awt.LightweightDispatcher.dispatchEvent(Container.java:4462)
	at java.awt.Container.dispatchEventImpl(Container.java:2278)
	at java.awt.Window.dispatchEventImpl(Window.java:2739)
	at java.awt.Component.dispatchEvent(Component.java:4703)
	at java.awt.EventQueue.dispatchEventImpl(EventQueue.java:751)
	at java.awt.EventQueue.access$500(EventQueue.java:97)
	at java.awt.EventQueue$3.run(EventQueue.java:702)
	at java.awt.EventQueue$3.run(EventQueue.java:696)
	at java.security.AccessController.doPrivileged(Native Method)
	at java.security.ProtectionDomain$1.doIntersectionPrivilege(ProtectionDomain.java:75)
	at java.security.ProtectionDomain$1.doIntersectionPrivilege(ProtectionDomain.java:86)
	at java.awt.EventQueue$4.run(EventQueue.java:724)
	at java.awt.EventQueue$4.run(EventQueue.java:722)
	at java.security.AccessController.doPrivileged(Native Method)
	at java.security.ProtectionDomain$1.doIntersectionPrivilege(ProtectionDomain.java:75)
	at java.awt.EventQueue.dispatchEvent(EventQueue.java:721)
	at java.awt.EventDispatchThread.pumpOneEventForFilters(EventDispatchThread.java:201)
	at java.awt.EventDispatchThread.pumpEventsForFilter(EventDispatchThread.java:116)
	at java.awt.EventDispatchThread.pumpEventsForHierarchy(EventDispatchThread.java:105)
	at java.awt.EventDispatchThread.pumpEvents(EventDispatchThread.java:101)
	at java.awt.EventDispatchThread.pumpEvents(EventDispatchThread.java:93)
	at java.awt.EventDispatchThread.run(EventDispatchThread.java:82)
Caused by: clojure.lang.ExceptionInfo: No such namespace: cljs.core.async, could not locate cljs/core/async.cljs, cljs/core/async.cljc, or Closure namespace "cljs.core.async" in file src/cljs/view3d/client.cljs {:tag :cljs/analysis-error}
	at clojure.core$ex_info.invokeStatic(core.clj:4617)
	at clojure.core$ex_info.invoke(core.clj:4617)
	at cljs.analyzer$error.invokeStatic(analyzer.cljc:632)
	at cljs.analyzer$error.invoke(analyzer.cljc:628)
	at cljs.analyzer$error.invokeStatic(analyzer.cljc:630)
	at cljs.analyzer$error.invoke(analyzer.cljc:628)
	at cljs.analyzer$analyze_deps.invokeStatic(analyzer.cljc:1774)
	at cljs.analyzer$analyze_deps.invoke(analyzer.cljc:1753)
	at cljs.analyzer$ns_side_effects.invokeStatic(analyzer.cljc:2969)
	at cljs.analyzer$ns_side_effects.invoke(analyzer.cljc:2964)
	at cljs.analyzer$analyze_STAR_$fn__2535.invoke(analyzer.cljc:3059)
	at clojure.lang.PersistentVector.reduce(PersistentVector.java:341)
	at clojure.core$reduce.invokeStatic(core.clj:6544)
	at clojure.core$reduce.invoke(core.clj:6527)
	at cljs.analyzer$analyze_STAR_.invokeStatic(analyzer.cljc:3059)
	at cljs.analyzer$analyze_STAR_.invoke(analyzer.cljc:3049)
	at cljs.analyzer$analyze.invokeStatic(analyzer.cljc:3074)
	at cljs.analyzer$analyze.invoke(analyzer.cljc:3061)
	at cljs.compiler$emit_source.invokeStatic(compiler.cljc:1257)
	at cljs.compiler$emit_source.invoke(compiler.cljc:1237)
	at cljs.compiler$compile_file_STAR_$fn__3786.invoke(compiler.cljc:1328)
	at cljs.compiler$with_core_cljs.invokeStatic(compiler.cljc:1159)
	at cljs.compiler$with_core_cljs.invoke(compiler.cljc:1150)
	at cljs.compiler$compile_file_STAR_.invokeStatic(compiler.cljc:1317)
	at cljs.compiler$compile_file_STAR_.invoke(compiler.cljc:1313)
	at cljs.compiler$compile_file$fn__3809.invoke(compiler.cljc:1398)
	... 64 more

