2017.12.18 18:29:08.113 MSK INFO: *** SYSTEM START *** -- SystemUtilities.logSystemInfo()
2017.12.18 18:29:08.119 MSK CONFIG: Protege 3.5 Build 663, JVM 1.8.0_31-b13, memory=1908M, Mac OS X, encoding=UTF-8, language=en, country=US -- SystemUtilities.logSystemInfo()
2017.12.18 18:29:08.976 MSK CONFIG: Loaded plugin clojuretab -- PluginUtilities.logClassLoaderInformation()
2017.12.18 18:29:09.003 MSK CONFIG: Loaded plugin edu.stanford.smi.protegex.standard_extensions - Graph Widget, Table Widget -- PluginUtilities.logClassLoaderInformation()
2017.12.18 18:29:09.050 MSK CONFIG: Loaded plugin ru.igis.omtab -- PluginUtilities.logClassLoaderInformation()
2017.12.18 18:29:10.705 MSK WARNING: missing bundle: protege_text -- BundleHelper.<init>()
2017.12.18 18:30:22.996 MSK INFO: Loaded 5000 instances: ScenarioN_ProjectKB_Class72435 -- Parser.getInstance()
2017.12.18 18:30:23.001 MSK INFO: Loaded 6000 instances: ScenarioN_ProjectKB_Class83435 -- Parser.getInstance()
2017.12.18 18:30:23.022 MSK INFO: Set type on 5000 instances: ScenarioN_ProjectKB_Class83047 -- Parser.getInstance()
2017.12.18 18:30:23.045 MSK INFO: Set type on 6000 instances: ScenarioN_ProjectKB_Class84047 -- Parser.getInstance()
2017.12.18 18:30:25.037 MSK INFO: Load time for file:/Users/ru/clojure/simpro-scene/pprj_examples/Air.pprj = 2 sec (project) + 0 sec (ui) -- ProjectManager$3.run()
2017.12.18 18:30:46.836 MSK INFO: Skipped "ETOPO5Ele"  - unable to create  -- LayerHandler.getLayers()
2017.12.18 18:30:46.889 MSK WARNING: Couldn't locate shape file data/shape/dcwpo-browse.shp -- SpatialIndex.locateAndSetShapeData()
2017.12.18 18:38:04.154 MSK SEVERE: null -- java.io.FileNotFoundException: Could not locate clojure_csv/core__init.class or clojure_csv/core.clj on classpath. Please check that namespaces with dashes use underscores in the Clojure file name., compiling:(clojure/csv/imp.clj:1:1)
	at clojure.lang.Compiler.load(Compiler.java:7391)
	at clojure.lang.RT.loadResourceScript(RT.java:372)
	at clojure.lang.RT.loadResourceScript(RT.java:363)
	at clojure.lang.RT.load(RT.java:453)
	at clojure.lang.RT.load(RT.java:419)
	at clojure.core$load$fn__5677.invoke(core.clj:5893)
	at clojure.core$load.invokeStatic(core.clj:5892)
	at clojure.core$load.doInvoke(core.clj:5876)
	at clojure.lang.RestFn.invoke(RestFn.java:408)
	at clojure.lang.Var.invoke(Var.java:379)
	at clojuretab.ClojureTab.loadProgram(ClojureTab.java:544)
	at clojuretab.ClojureActionButton.loadProgram(ClojureActionButton.java:130)
	at clojuretab.ClojureActionButton.setValues(ClojureActionButton.java:101)
	at edu.stanford.smi.protege.widget.AbstractSlotWidget.setWidgetValues(Unknown Source)
	at edu.stanford.smi.protege.widget.AbstractSlotWidget.loadValues(Unknown Source)
	at edu.stanford.smi.protege.widget.AbstractSlotWidget.setInstance(Unknown Source)
	at edu.stanford.smi.protege.widget.FormWidget.propagateSetInstanceToWidgets(Unknown Source)
	at edu.stanford.smi.protege.widget.FormWidget.setInstance(Unknown Source)
	at edu.stanford.smi.protege.model.Project.createRuntimeClsWidget(Unknown Source)
	at edu.stanford.smi.protege.ui.InstanceDisplay.getWidget(Unknown Source)
	at edu.stanford.smi.protege.ui.InstanceDisplay.addRuntimeWidgets(Unknown Source)
	at edu.stanford.smi.protege.ui.InstanceDisplay.setInstance(Unknown Source)
	at edu.stanford.smi.protege.ui.InstanceDisplay.reloadForm(Unknown Source)
	at edu.stanford.smi.protege.ui.InstanceDisplay.access$000(Unknown Source)
	at edu.stanford.smi.protege.ui.InstanceDisplay$5.formChanged(Unknown Source)
	at edu.stanford.smi.protege.event.ProjectEventDispatcher.postEvent(Unknown Source)
	at edu.stanford.smi.protege.util.ListenerCollection.postEvent(Unknown Source)
	at edu.stanford.smi.protege.util.ListenerCollection.postEvent(Unknown Source)
	at edu.stanford.smi.protege.model.Project.postProjectEvent(Unknown Source)
	at edu.stanford.smi.protege.model.Project.postFormChangeEvent(Unknown Source)
	at edu.stanford.smi.protege.model.Project.postFormChangeEvent(Unknown Source)
	at edu.stanford.smi.protege.widget.FormWidget.setModified(Unknown Source)
	at edu.stanford.smi.protege.widget.FormWidget.replaceSelectedWidget(Unknown Source)
	at edu.stanford.smi.protege.ui.FormDisplay$2.changed(Unknown Source)
	at edu.stanford.smi.protege.util.SwitchableItemListener.itemStateChanged(Unknown Source)
	at javax.swing.JComboBox.fireItemStateChanged(JComboBox.java:1223)
	at javax.swing.JComboBox.selectedItemChanged(JComboBox.java:1280)
	at javax.swing.JComboBox.contentsChanged(JComboBox.java:1329)
	at javax.swing.AbstractListModel.fireContentsChanged(AbstractListModel.java:118)
	at javax.swing.DefaultComboBoxModel.setSelectedItem(DefaultComboBoxModel.java:93)
	at javax.swing.JComboBox.setSelectedItem(JComboBox.java:576)
	at javax.swing.JComboBox.setSelectedIndex(JComboBox.java:622)
	at javax.swing.plaf.basic.BasicComboPopup$Handler.mouseReleased(BasicComboPopup.java:834)
	at java.awt.AWTEventMulticaster.mouseReleased(AWTEventMulticaster.java:290)
	at java.awt.Component.processMouseEvent(Component.java:6525)
	at javax.swing.JComponent.processMouseEvent(JComponent.java:3322)
	at com.apple.laf.AquaComboBoxPopup$1.processMouseEvent(AquaComboBoxPopup.java:157)
	at java.awt.Component.processEvent(Component.java:6290)
	at java.awt.Container.processEvent(Container.java:2234)
	at java.awt.Component.dispatchEventImpl(Component.java:4881)
	at java.awt.Container.dispatchEventImpl(Container.java:2292)
	at java.awt.Component.dispatchEvent(Component.java:4703)
	at java.awt.LightweightDispatcher.retargetMouseEvent(Container.java:4898)
	at java.awt.LightweightDispatcher.processMouseEvent(Container.java:4533)
	at java.awt.LightweightDispatcher.dispatchEvent(Container.java:4462)
	at java.awt.Container.dispatchEventImpl(Container.java:2278)
	at java.awt.Window.dispatchEventImpl(Window.java:2739)
	at java.awt.Component.dispatchEvent(Component.java:4703)
	at java.awt.EventQueue.dispatchEventImpl(EventQueue.java:751)
	at java.awt.EventQueue.access$500(EventQueue.java:97)
	at java.awt.EventQueue$3.run(EventQueue.java:702)
	at java.awt.EventQueue$3.run(EventQueue.java:696)
	at java.security.AccessController.doPrivileged(Native Method)
	at java.security.ProtectionDomain$1.doIntersectionPrivilege(ProtectionDomain.java:75)
	at java.security.ProtectionDomain$1.doIntersectionPrivilege(ProtectionDomain.java:86)
	at java.awt.EventQueue$4.run(EventQueue.java:724)
	at java.awt.EventQueue$4.run(EventQueue.java:722)
	at java.security.AccessController.doPrivileged(Native Method)
	at java.security.ProtectionDomain$1.doIntersectionPrivilege(ProtectionDomain.java:75)
	at java.awt.EventQueue.dispatchEvent(EventQueue.java:721)
	at java.awt.EventDispatchThread.pumpOneEventForFilters(EventDispatchThread.java:201)
	at java.awt.EventDispatchThread.pumpEventsForFilter(EventDispatchThread.java:116)
	at java.awt.EventDispatchThread.pumpEventsForHierarchy(EventDispatchThread.java:105)
	at java.awt.EventDispatchThread.pumpEvents(EventDispatchThread.java:101)
	at java.awt.EventDispatchThread.pumpEvents(EventDispatchThread.java:93)
	at java.awt.EventDispatchThread.run(EventDispatchThread.java:82)
Caused by: java.io.FileNotFoundException: Could not locate clojure_csv/core__init.class or clojure_csv/core.clj on classpath. Please check that namespaces with dashes use underscores in the Clojure file name.
	at clojure.lang.RT.load(RT.java:456)
	at clojure.lang.RT.load(RT.java:419)
	at clojure.core$load$fn__5677.invoke(core.clj:5893)
	at clojure.core$load.invokeStatic(core.clj:5892)
	at clojure.core$load.doInvoke(core.clj:5876)
	at clojure.lang.RestFn.invoke(RestFn.java:408)
	at clojure.core$load_one.invokeStatic(core.clj:5697)
	at clojure.core$load_one.invoke(core.clj:5692)
	at clojure.core$load_lib$fn__5626.invoke(core.clj:5737)
	at clojure.core$load_lib.invokeStatic(core.clj:5736)
	at clojure.core$load_lib.doInvoke(core.clj:5717)
	at clojure.lang.RestFn.applyTo(RestFn.java:142)
	at clojure.core$apply.invokeStatic(core.clj:648)
	at clojure.core$load_libs.invokeStatic(core.clj:5774)
	at clojure.core$load_libs.doInvoke(core.clj:5758)
	at clojure.lang.RestFn.applyTo(RestFn.java:137)
	at clojure.core$apply.invokeStatic(core.clj:648)
	at clojure.core$require.invokeStatic(core.clj:5796)
	at clojure.core$require.doInvoke(core.clj:5796)
	at clojure.lang.RestFn.invoke(RestFn.java:436)
	at csv.imp$eval180$loading__5569__auto____181.invoke(imp.clj:1)
	at csv.imp$eval180.invokeStatic(imp.clj:1)
	at csv.imp$eval180.invoke(imp.clj:1)
	at clojure.lang.Compiler.eval(Compiler.java:6927)
	at clojure.lang.Compiler.eval(Compiler.java:6916)
	at clojure.lang.Compiler.load(Compiler.java:7379)
	... 75 more

2017.12.18 18:38:15.251 MSK SEVERE: null -- java.io.FileNotFoundException: Could not locate clojure_csv/core__init.class or clojure_csv/core.clj on classpath. Please check that namespaces with dashes use underscores in the Clojure file name., compiling:(clojure/csv/imp.clj:1:1)
	at clojure.lang.Compiler.load(Compiler.java:7391)
	at clojure.lang.RT.loadResourceScript(RT.java:372)
	at clojure.lang.RT.loadResourceScript(RT.java:363)
	at clojure.lang.RT.load(RT.java:453)
	at clojure.lang.RT.load(RT.java:419)
	at clojure.core$load$fn__5677.invoke(core.clj:5893)
	at clojure.core$load.invokeStatic(core.clj:5892)
	at clojure.core$load.doInvoke(core.clj:5876)
	at clojure.lang.RestFn.invoke(RestFn.java:408)
	at clojure.lang.Var.invoke(Var.java:379)
	at clojuretab.ClojureTab.loadProgram(ClojureTab.java:544)
	at clojuretab.ClojureActionButton.loadProgram(ClojureActionButton.java:130)
	at clojuretab.ClojureActionButton.setValues(ClojureActionButton.java:101)
	at edu.stanford.smi.protege.widget.AbstractSlotWidget.setWidgetValues(Unknown Source)
	at edu.stanford.smi.protege.widget.AbstractSlotWidget.loadValues(Unknown Source)
	at edu.stanford.smi.protege.widget.AbstractSlotWidget.setInstance(Unknown Source)
	at edu.stanford.smi.protege.widget.FormWidget.propagateSetInstanceToWidgets(Unknown Source)
	at edu.stanford.smi.protege.widget.FormWidget.setInstance(Unknown Source)
	at edu.stanford.smi.protege.model.Project.createRuntimeClsWidget(Unknown Source)
	at edu.stanford.smi.protege.ui.InstanceDisplay.getWidget(Unknown Source)
	at edu.stanford.smi.protege.ui.InstanceDisplay.addRuntimeWidgets(Unknown Source)
	at edu.stanford.smi.protege.ui.InstanceDisplay.setInstance(Unknown Source)
	at edu.stanford.smi.protege.ui.InstanceDisplay.reloadForm(Unknown Source)
	at edu.stanford.smi.protege.ui.InstanceDisplay.access$000(Unknown Source)
	at edu.stanford.smi.protege.ui.InstanceDisplay$5.formChanged(Unknown Source)
	at edu.stanford.smi.protege.event.ProjectEventDispatcher.postEvent(Unknown Source)
	at edu.stanford.smi.protege.util.ListenerCollection.postEvent(Unknown Source)
	at edu.stanford.smi.protege.util.ListenerCollection.postEvent(Unknown Source)
	at edu.stanford.smi.protege.model.Project.postProjectEvent(Unknown Source)
	at edu.stanford.smi.protege.model.Project.postFormChangeEvent(Unknown Source)
	at edu.stanford.smi.protege.model.Project.postFormChangeEvent(Unknown Source)
	at edu.stanford.smi.protege.widget.FormWidget.setModified(Unknown Source)
	at edu.stanford.smi.protege.widget.FormWidget.replaceSelectedWidget(Unknown Source)
	at edu.stanford.smi.protege.ui.FormDisplay$2.changed(Unknown Source)
	at edu.stanford.smi.protege.util.SwitchableItemListener.itemStateChanged(Unknown Source)
	at javax.swing.JComboBox.fireItemStateChanged(JComboBox.java:1223)
	at javax.swing.JComboBox.selectedItemChanged(JComboBox.java:1280)
	at javax.swing.JComboBox.contentsChanged(JComboBox.java:1329)
	at javax.swing.AbstractListModel.fireContentsChanged(AbstractListModel.java:118)
	at javax.swing.DefaultComboBoxModel.setSelectedItem(DefaultComboBoxModel.java:93)
	at javax.swing.JComboBox.setSelectedItem(JComboBox.java:576)
	at javax.swing.JComboBox.setSelectedIndex(JComboBox.java:622)
	at javax.swing.plaf.basic.BasicComboPopup$Handler.mouseReleased(BasicComboPopup.java:834)
	at java.awt.AWTEventMulticaster.mouseReleased(AWTEventMulticaster.java:290)
	at java.awt.Component.processMouseEvent(Component.java:6525)
	at javax.swing.JComponent.processMouseEvent(JComponent.java:3322)
	at com.apple.laf.AquaComboBoxPopup$1.processMouseEvent(AquaComboBoxPopup.java:157)
	at java.awt.Component.processEvent(Component.java:6290)
	at java.awt.Container.processEvent(Container.java:2234)
	at java.awt.Component.dispatchEventImpl(Component.java:4881)
	at java.awt.Container.dispatchEventImpl(Container.java:2292)
	at java.awt.Component.dispatchEvent(Component.java:4703)
	at java.awt.LightweightDispatcher.retargetMouseEvent(Container.java:4898)
	at java.awt.LightweightDispatcher.processMouseEvent(Container.java:4533)
	at java.awt.LightweightDispatcher.dispatchEvent(Container.java:4462)
	at java.awt.Container.dispatchEventImpl(Container.java:2278)
	at java.awt.Window.dispatchEventImpl(Window.java:2739)
	at java.awt.Component.dispatchEvent(Component.java:4703)
	at java.awt.EventQueue.dispatchEventImpl(EventQueue.java:751)
	at java.awt.EventQueue.access$500(EventQueue.java:97)
	at java.awt.EventQueue$3.run(EventQueue.java:702)
	at java.awt.EventQueue$3.run(EventQueue.java:696)
	at java.security.AccessController.doPrivileged(Native Method)
	at java.security.ProtectionDomain$1.doIntersectionPrivilege(ProtectionDomain.java:75)
	at java.security.ProtectionDomain$1.doIntersectionPrivilege(ProtectionDomain.java:86)
	at java.awt.EventQueue$4.run(EventQueue.java:724)
	at java.awt.EventQueue$4.run(EventQueue.java:722)
	at java.security.AccessController.doPrivileged(Native Method)
	at java.security.ProtectionDomain$1.doIntersectionPrivilege(ProtectionDomain.java:75)
	at java.awt.EventQueue.dispatchEvent(EventQueue.java:721)
	at java.awt.EventDispatchThread.pumpOneEventForFilters(EventDispatchThread.java:201)
	at java.awt.EventDispatchThread.pumpEventsForFilter(EventDispatchThread.java:116)
	at java.awt.EventDispatchThread.pumpEventsForHierarchy(EventDispatchThread.java:105)
	at java.awt.EventDispatchThread.pumpEvents(EventDispatchThread.java:101)
	at java.awt.EventDispatchThread.pumpEvents(EventDispatchThread.java:93)
	at java.awt.EventDispatchThread.run(EventDispatchThread.java:82)
Caused by: java.io.FileNotFoundException: Could not locate clojure_csv/core__init.class or clojure_csv/core.clj on classpath. Please check that namespaces with dashes use underscores in the Clojure file name.
	at clojure.lang.RT.load(RT.java:456)
	at clojure.lang.RT.load(RT.java:419)
	at clojure.core$load$fn__5677.invoke(core.clj:5893)
	at clojure.core$load.invokeStatic(core.clj:5892)
	at clojure.core$load.doInvoke(core.clj:5876)
	at clojure.lang.RestFn.invoke(RestFn.java:408)
	at clojure.core$load_one.invokeStatic(core.clj:5697)
	at clojure.core$load_one.invoke(core.clj:5692)
	at clojure.core$load_lib$fn__5626.invoke(core.clj:5737)
	at clojure.core$load_lib.invokeStatic(core.clj:5736)
	at clojure.core$load_lib.doInvoke(core.clj:5717)
	at clojure.lang.RestFn.applyTo(RestFn.java:142)
	at clojure.core$apply.invokeStatic(core.clj:648)
	at clojure.core$load_libs.invokeStatic(core.clj:5774)
	at clojure.core$load_libs.doInvoke(core.clj:5758)
	at clojure.lang.RestFn.applyTo(RestFn.java:137)
	at clojure.core$apply.invokeStatic(core.clj:648)
	at clojure.core$require.invokeStatic(core.clj:5796)
	at clojure.core$require.doInvoke(core.clj:5796)
	at clojure.lang.RestFn.invoke(RestFn.java:436)
	at csv.imp$eval330$loading__5569__auto____331.invoke(imp.clj:1)
	at csv.imp$eval330.invokeStatic(imp.clj:1)
	at csv.imp$eval330.invoke(imp.clj:1)
	at clojure.lang.Compiler.eval(Compiler.java:6927)
	at clojure.lang.Compiler.eval(Compiler.java:6916)
	at clojure.lang.Compiler.load(Compiler.java:7379)
	... 75 more

2017.12.18 18:38:15.311 MSK SEVERE: null -- java.io.FileNotFoundException: Could not locate clojure_csv/core__init.class or clojure_csv/core.clj on classpath. Please check that namespaces with dashes use underscores in the Clojure file name., compiling:(clojure/csv/imp.clj:1:1)
	at clojure.lang.Compiler.load(Compiler.java:7391)
	at clojure.lang.RT.loadResourceScript(RT.java:372)
	at clojure.lang.RT.loadResourceScript(RT.java:363)
	at clojure.lang.RT.load(RT.java:453)
	at clojure.lang.RT.load(RT.java:419)
	at clojure.core$load$fn__5677.invoke(core.clj:5893)
	at clojure.core$load.invokeStatic(core.clj:5892)
	at clojure.core$load.doInvoke(core.clj:5876)
	at clojure.lang.RestFn.invoke(RestFn.java:408)
	at clojure.lang.Var.invoke(Var.java:379)
	at clojuretab.ClojureTab.loadProgram(ClojureTab.java:544)
	at clojuretab.ClojureActionButton.loadProgram(ClojureActionButton.java:130)
	at clojuretab.ClojureActionButton.setValues(ClojureActionButton.java:101)
	at edu.stanford.smi.protege.widget.AbstractSlotWidget.setWidgetValues(Unknown Source)
	at edu.stanford.smi.protege.widget.AbstractSlotWidget.loadValues(Unknown Source)
	at edu.stanford.smi.protege.widget.AbstractSlotWidget.setInstance(Unknown Source)
	at edu.stanford.smi.protege.widget.FormWidget.propagateSetInstanceToWidgets(Unknown Source)
	at edu.stanford.smi.protege.widget.FormWidget.setInstance(Unknown Source)
	at edu.stanford.smi.protege.model.Project.createRuntimeClsWidget(Unknown Source)
	at edu.stanford.smi.protege.ui.InstanceDisplay.getWidget(Unknown Source)
	at edu.stanford.smi.protege.ui.InstanceDisplay.addRuntimeWidgets(Unknown Source)
	at edu.stanford.smi.protege.ui.InstanceDisplay.setInstance(Unknown Source)
	at edu.stanford.smi.protege.ui.InstanceDisplay.reloadForm(Unknown Source)
	at edu.stanford.smi.protege.ui.InstanceDisplay.access$000(Unknown Source)
	at edu.stanford.smi.protege.ui.InstanceDisplay$5.formChanged(Unknown Source)
	at edu.stanford.smi.protege.event.ProjectEventDispatcher.postEvent(Unknown Source)
	at edu.stanford.smi.protege.util.ListenerCollection.postEvent(Unknown Source)
	at edu.stanford.smi.protege.util.ListenerCollection.postEvent(Unknown Source)
	at edu.stanford.smi.protege.model.Project.postProjectEvent(Unknown Source)
	at edu.stanford.smi.protege.model.Project.postFormChangeEvent(Unknown Source)
	at edu.stanford.smi.protege.model.Project.postFormChangeEvent(Unknown Source)
	at edu.stanford.smi.protege.widget.FormWidget.setModified(Unknown Source)
	at edu.stanford.smi.protege.widget.FormWidget.replaceSelectedWidget(Unknown Source)
	at edu.stanford.smi.protege.ui.FormDisplay$2.changed(Unknown Source)
	at edu.stanford.smi.protege.util.SwitchableItemListener.itemStateChanged(Unknown Source)
	at javax.swing.JComboBox.fireItemStateChanged(JComboBox.java:1223)
	at javax.swing.JComboBox.selectedItemChanged(JComboBox.java:1280)
	at javax.swing.JComboBox.contentsChanged(JComboBox.java:1329)
	at javax.swing.AbstractListModel.fireContentsChanged(AbstractListModel.java:118)
	at javax.swing.DefaultComboBoxModel.setSelectedItem(DefaultComboBoxModel.java:93)
	at javax.swing.JComboBox.setSelectedItem(JComboBox.java:576)
	at javax.swing.JComboBox.setSelectedIndex(JComboBox.java:622)
	at javax.swing.plaf.basic.BasicComboPopup$Handler.mouseReleased(BasicComboPopup.java:834)
	at java.awt.AWTEventMulticaster.mouseReleased(AWTEventMulticaster.java:290)
	at java.awt.Component.processMouseEvent(Component.java:6525)
	at javax.swing.JComponent.processMouseEvent(JComponent.java:3322)
	at com.apple.laf.AquaComboBoxPopup$1.processMouseEvent(AquaComboBoxPopup.java:157)
	at java.awt.Component.processEvent(Component.java:6290)
	at java.awt.Container.processEvent(Container.java:2234)
	at java.awt.Component.dispatchEventImpl(Component.java:4881)
	at java.awt.Container.dispatchEventImpl(Container.java:2292)
	at java.awt.Component.dispatchEvent(Component.java:4703)
	at java.awt.LightweightDispatcher.retargetMouseEvent(Container.java:4898)
	at java.awt.LightweightDispatcher.processMouseEvent(Container.java:4533)
	at java.awt.LightweightDispatcher.dispatchEvent(Container.java:4462)
	at java.awt.Container.dispatchEventImpl(Container.java:2278)
	at java.awt.Window.dispatchEventImpl(Window.java:2739)
	at java.awt.Component.dispatchEvent(Component.java:4703)
	at java.awt.EventQueue.dispatchEventImpl(EventQueue.java:751)
	at java.awt.EventQueue.access$500(EventQueue.java:97)
	at java.awt.EventQueue$3.run(EventQueue.java:702)
	at java.awt.EventQueue$3.run(EventQueue.java:696)
	at java.security.AccessController.doPrivileged(Native Method)
	at java.security.ProtectionDomain$1.doIntersectionPrivilege(ProtectionDomain.java:75)
	at java.security.ProtectionDomain$1.doIntersectionPrivilege(ProtectionDomain.java:86)
	at java.awt.EventQueue$4.run(EventQueue.java:724)
	at java.awt.EventQueue$4.run(EventQueue.java:722)
	at java.security.AccessController.doPrivileged(Native Method)
	at java.security.ProtectionDomain$1.doIntersectionPrivilege(ProtectionDomain.java:75)
	at java.awt.EventQueue.dispatchEvent(EventQueue.java:721)
	at java.awt.EventDispatchThread.pumpOneEventForFilters(EventDispatchThread.java:201)
	at java.awt.EventDispatchThread.pumpEventsForFilter(EventDispatchThread.java:116)
	at java.awt.EventDispatchThread.pumpEventsForHierarchy(EventDispatchThread.java:105)
	at java.awt.EventDispatchThread.pumpEvents(EventDispatchThread.java:101)
	at java.awt.EventDispatchThread.pumpEvents(EventDispatchThread.java:93)
	at java.awt.EventDispatchThread.run(EventDispatchThread.java:82)
Caused by: java.io.FileNotFoundException: Could not locate clojure_csv/core__init.class or clojure_csv/core.clj on classpath. Please check that namespaces with dashes use underscores in the Clojure file name.
	at clojure.lang.RT.load(RT.java:456)
	at clojure.lang.RT.load(RT.java:419)
	at clojure.core$load$fn__5677.invoke(core.clj:5893)
	at clojure.core$load.invokeStatic(core.clj:5892)
	at clojure.core$load.doInvoke(core.clj:5876)
	at clojure.lang.RestFn.invoke(RestFn.java:408)
	at clojure.core$load_one.invokeStatic(core.clj:5697)
	at clojure.core$load_one.invoke(core.clj:5692)
	at clojure.core$load_lib$fn__5626.invoke(core.clj:5737)
	at clojure.core$load_lib.invokeStatic(core.clj:5736)
	at clojure.core$load_lib.doInvoke(core.clj:5717)
	at clojure.lang.RestFn.applyTo(RestFn.java:142)
	at clojure.core$apply.invokeStatic(core.clj:648)
	at clojure.core$load_libs.invokeStatic(core.clj:5774)
	at clojure.core$load_libs.doInvoke(core.clj:5758)
	at clojure.lang.RestFn.applyTo(RestFn.java:137)
	at clojure.core$apply.invokeStatic(core.clj:648)
	at clojure.core$require.invokeStatic(core.clj:5796)
	at clojure.core$require.doInvoke(core.clj:5796)
	at clojure.lang.RestFn.invoke(RestFn.java:436)
	at csv.imp$eval480$loading__5569__auto____481.invoke(imp.clj:1)
	at csv.imp$eval480.invokeStatic(imp.clj:1)
	at csv.imp$eval480.invoke(imp.clj:1)
	at clojure.lang.Compiler.eval(Compiler.java:6927)
	at clojure.lang.Compiler.eval(Compiler.java:6916)
	at clojure.lang.Compiler.load(Compiler.java:7379)
	... 75 more

2017.12.18 18:39:18.883 MSK INFO: Loaded 5000 instances: ScenarioN_ProjectKB_Class72432 -- Parser.getInstance()
2017.12.18 18:39:18.888 MSK INFO: Loaded 6000 instances: ScenarioN_ProjectKB_Class83432 -- Parser.getInstance()
2017.12.18 18:39:18.905 MSK INFO: Set type on 5000 instances: ScenarioN_ProjectKB_Class82763 -- Parser.getInstance()
2017.12.18 18:39:18.927 MSK INFO: Set type on 6000 instances: ScenarioN_ProjectKB_Class83763 -- Parser.getInstance()
2017.12.18 18:43:43.448 MSK SEVERE: null -- java.io.FileNotFoundException: Could not locate clojure_csv/core__init.class or clojure_csv/core.clj on classpath. Please check that namespaces with dashes use underscores in the Clojure file name., compiling:(clojure/csv/imp.clj:1:1)
	at clojure.lang.Compiler.load(Compiler.java:7391)
	at clojure.lang.RT.loadResourceScript(RT.java:372)
	at clojure.lang.RT.loadResourceScript(RT.java:363)
	at clojure.lang.RT.load(RT.java:453)
	at clojure.lang.RT.load(RT.java:419)
	at clojure.core$load$fn__5677.invoke(core.clj:5893)
	at clojure.core$load.invokeStatic(core.clj:5892)
	at clojure.core$load.doInvoke(core.clj:5876)
	at clojure.lang.RestFn.invoke(RestFn.java:408)
	at clojure.lang.Var.invoke(Var.java:379)
	at clojuretab.ClojureTab.loadProgram(ClojureTab.java:544)
	at menu.item$clojure_work.invokeStatic(item.clj:11)
	at menu.item$clojure_work.invoke(item.clj:5)
	at clojure.lang.Var.invoke(Var.java:375)
	at clojuretab.ClojureTab.invoke(ClojureTab.java:692)
	at clojuretab.MenuItemInserter$1.actionPerformed(MenuItemInserter.java:59)
	at javax.swing.AbstractButton.fireActionPerformed(AbstractButton.java:2022)
	at javax.swing.AbstractButton$Handler.actionPerformed(AbstractButton.java:2346)
	at javax.swing.DefaultButtonModel.fireActionPerformed(DefaultButtonModel.java:402)
	at javax.swing.DefaultButtonModel.setPressed(DefaultButtonModel.java:259)
	at javax.swing.AbstractButton.doClick(AbstractButton.java:376)
	at javax.swing.plaf.basic.BasicMenuItemUI.doClick(BasicMenuItemUI.java:833)
	at com.apple.laf.AquaMenuItemUI.doClick(AquaMenuItemUI.java:157)
	at javax.swing.plaf.basic.BasicMenuItemUI$Handler.mouseReleased(BasicMenuItemUI.java:877)
	at java.awt.Component.processMouseEvent(Component.java:6525)
	at javax.swing.JComponent.processMouseEvent(JComponent.java:3322)
	at java.awt.Component.processEvent(Component.java:6290)
	at java.awt.Container.processEvent(Container.java:2234)
	at java.awt.Component.dispatchEventImpl(Component.java:4881)
	at java.awt.Container.dispatchEventImpl(Container.java:2292)
	at java.awt.Component.dispatchEvent(Component.java:4703)
	at java.awt.LightweightDispatcher.retargetMouseEvent(Container.java:4898)
	at java.awt.LightweightDispatcher.processMouseEvent(Container.java:4533)
	at java.awt.LightweightDispatcher.dispatchEvent(Container.java:4462)
	at java.awt.Container.dispatchEventImpl(Container.java:2278)
	at java.awt.Window.dispatchEventImpl(Window.java:2739)
	at java.awt.Component.dispatchEvent(Component.java:4703)
	at java.awt.EventQueue.dispatchEventImpl(EventQueue.java:751)
	at java.awt.EventQueue.access$500(EventQueue.java:97)
	at java.awt.EventQueue$3.run(EventQueue.java:702)
	at java.awt.EventQueue$3.run(EventQueue.java:696)
	at java.security.AccessController.doPrivileged(Native Method)
	at java.security.ProtectionDomain$1.doIntersectionPrivilege(ProtectionDomain.java:75)
	at java.security.ProtectionDomain$1.doIntersectionPrivilege(ProtectionDomain.java:86)
	at java.awt.EventQueue$4.run(EventQueue.java:724)
	at java.awt.EventQueue$4.run(EventQueue.java:722)
	at java.security.AccessController.doPrivileged(Native Method)
	at java.security.ProtectionDomain$1.doIntersectionPrivilege(ProtectionDomain.java:75)
	at java.awt.EventQueue.dispatchEvent(EventQueue.java:721)
	at java.awt.EventDispatchThread.pumpOneEventForFilters(EventDispatchThread.java:201)
	at java.awt.EventDispatchThread.pumpEventsForFilter(EventDispatchThread.java:116)
	at java.awt.EventDispatchThread.pumpEventsForHierarchy(EventDispatchThread.java:105)
	at java.awt.EventDispatchThread.pumpEvents(EventDispatchThread.java:101)
	at java.awt.EventDispatchThread.pumpEvents(EventDispatchThread.java:93)
	at java.awt.EventDispatchThread.run(EventDispatchThread.java:82)
Caused by: java.io.FileNotFoundException: Could not locate clojure_csv/core__init.class or clojure_csv/core.clj on classpath. Please check that namespaces with dashes use underscores in the Clojure file name.
	at clojure.lang.RT.load(RT.java:456)
	at clojure.lang.RT.load(RT.java:419)
	at clojure.core$load$fn__5677.invoke(core.clj:5893)
	at clojure.core$load.invokeStatic(core.clj:5892)
	at clojure.core$load.doInvoke(core.clj:5876)
	at clojure.lang.RestFn.invoke(RestFn.java:408)
	at clojure.core$load_one.invokeStatic(core.clj:5697)
	at clojure.core$load_one.invoke(core.clj:5692)
	at clojure.core$load_lib$fn__5626.invoke(core.clj:5737)
	at clojure.core$load_lib.invokeStatic(core.clj:5736)
	at clojure.core$load_lib.doInvoke(core.clj:5717)
	at clojure.lang.RestFn.applyTo(RestFn.java:142)
	at clojure.core$apply.invokeStatic(core.clj:648)
	at clojure.core$load_libs.invokeStatic(core.clj:5774)
	at clojure.core$load_libs.doInvoke(core.clj:5758)
	at clojure.lang.RestFn.applyTo(RestFn.java:137)
	at clojure.core$apply.invokeStatic(core.clj:648)
	at clojure.core$require.invokeStatic(core.clj:5796)
	at clojure.core$require.doInvoke(core.clj:5796)
	at clojure.lang.RestFn.invoke(RestFn.java:436)
	at csv.imp$eval5124$loading__5569__auto____5125.invoke(imp.clj:1)
	at csv.imp$eval5124.invokeStatic(imp.clj:1)
	at csv.imp$eval5124.invoke(imp.clj:1)
	at clojure.lang.Compiler.eval(Compiler.java:6927)
	at clojure.lang.Compiler.eval(Compiler.java:6916)
	at clojure.lang.Compiler.load(Compiler.java:7379)
	... 54 more

