2020.09.08 18:37:14.740 MSK INFO: *** SYSTEM START *** -- SystemUtilities.logSystemInfo()
2020.09.08 18:37:14.749 MSK CONFIG: Protege 3.5 Build 663, JVM 11.0.8+10-post-Ubuntu-0ubuntu120.04, memory=2071M, Linux, encoding=UTF-8, language=en, country=US -- SystemUtilities.logSystemInfo()
2020.09.08 18:37:14.751 MSK WARNING: Plugins directory not found: /home/ru/clojure/simpro-scene/plugins -- PluginUtilities.findPluginsDirectory()
2020.09.08 18:37:15.101 MSK WARNING: missing bundle: standard_extensions_text -- BundleHelper.<init>()
2020.09.08 18:37:15.104 MSK WARNING: no resource bundle: tab.queries -- BundleHelper.internalGetText()
2020.09.08 18:37:15.285 MSK WARNING: Look and feel not found:  -- SystemUtilities.setLookAndFeel()
2020.09.08 18:37:15.467 MSK WARNING: missing bundle: protege_text -- BundleHelper.<init>()
2020.09.08 18:37:19.988 MSK INFO: Loaded 5000 instances: ScenarioN_ProjectKB_Class72291 -- Parser.getInstance()
2020.09.08 18:37:19.997 MSK INFO: Loaded 6000 instances: ScenarioN_ProjectKB_Class83291 -- Parser.getInstance()
2020.09.08 18:37:20.021 MSK INFO: Set type on 5000 instances: ScenarioN_ProjectKB_Class83122 -- Parser.getInstance()
2020.09.08 18:37:20.041 MSK INFO: Set type on 6000 instances: ScenarioN_ProjectKB_Class84132 -- Parser.getInstance()
2020.09.08 18:37:24.461 MSK INFO: Load time for file:/home/ru/clojure/simpro-scene/pprj_cesium/ScenarioMigration.pprj = 2 sec (project) + 2 sec (ui) -- ProjectManager$3.run()
2020.09.08 18:37:33.507 MSK SEVERE: null -- Syntax error compiling at (0:0).
	at clojure.lang.Compiler.analyze(Compiler.java:6808)
	at clojure.lang.Compiler.analyze(Compiler.java:6745)
	at clojure.lang.Compiler$IfExpr$Parser.parse(Compiler.java:2837)
	at clojure.lang.Compiler.analyzeSeq(Compiler.java:7107)
	at clojure.lang.Compiler.analyze(Compiler.java:6789)
	at clojure.lang.Compiler.analyze(Compiler.java:6745)
	at clojure.lang.Compiler$InvokeExpr.parse(Compiler.java:3888)
	at clojure.lang.Compiler.analyzeSeq(Compiler.java:7109)
	at clojure.lang.Compiler.analyze(Compiler.java:6789)
	at clojure.lang.Compiler.analyze(Compiler.java:6745)
	at clojure.lang.Compiler$BodyExpr$Parser.parse(Compiler.java:6118)
	at clojure.lang.Compiler$LetExpr$Parser.parse(Compiler.java:6436)
	at clojure.lang.Compiler.analyzeSeq(Compiler.java:7107)
	at clojure.lang.Compiler.analyze(Compiler.java:6789)
	at clojure.lang.Compiler.analyzeSeq(Compiler.java:7095)
	at clojure.lang.Compiler.analyze(Compiler.java:6789)
	at clojure.lang.Compiler.analyze(Compiler.java:6745)
	at clojure.lang.Compiler$BodyExpr$Parser.parse(Compiler.java:6120)
	at clojure.lang.Compiler$FnMethod.parse(Compiler.java:5467)
	at clojure.lang.Compiler$FnExpr.parse(Compiler.java:4029)
	at clojure.lang.Compiler.analyzeSeq(Compiler.java:7105)
	at clojure.lang.Compiler.analyze(Compiler.java:6789)
	at clojure.lang.Compiler.analyze(Compiler.java:6745)
	at clojure.lang.Compiler$BodyExpr$Parser.parse(Compiler.java:6120)
	at clojure.lang.Compiler$FnMethod.parse(Compiler.java:5467)
	at clojure.lang.Compiler$FnExpr.parse(Compiler.java:4029)
	at clojure.lang.Compiler.analyzeSeq(Compiler.java:7105)
	at clojure.lang.Compiler.analyze(Compiler.java:6789)
	at clojure.lang.Compiler.eval(Compiler.java:7174)
	at clojure.lang.Compiler.eval(Compiler.java:7132)
	at clojure.core$eval.invokeStatic(core.clj:3214)
	at clojure.core$eval.invoke(core.clj:3210)
	at rete.core$mk_rhs_func.invokeStatic(core.clj:227)
	at rete.core$mk_rhs_func.invoke(core.clj:222)
	at rete.core$beta_net_plan.invokeStatic(core.clj:252)
	at rete.core$beta_net_plan.invoke(core.clj:231)
	at rete.core$beta_net_plan$fn__137.invoke(core.clj:239)
	at clojure.core$map$fn__5866.invoke(core.clj:2755)
	at clojure.lang.LazySeq.sval(LazySeq.java:42)
	at clojure.lang.LazySeq.seq(LazySeq.java:51)
	at clojure.lang.ChunkedCons.chunkedNext(ChunkedCons.java:59)
	at clojure.lang.ChunkedCons.next(ChunkedCons.java:43)
	at clojure.lang.RT.next(RT.java:713)
	at clojure.core$next__5386.invokeStatic(core.clj:64)
	at clojure.core$concat$cat__5495$fn__5496.invoke(core.clj:742)
	at clojure.lang.LazySeq.sval(LazySeq.java:42)
	at clojure.lang.LazySeq.seq(LazySeq.java:51)
	at clojure.lang.Cons.next(Cons.java:39)
	at clojure.lang.RT.countFrom(RT.java:653)
	at clojure.lang.RT.count(RT.java:643)
	at rete.core$enl.invokeStatic(core.clj:220)
	at rete.core$enl.invoke(core.clj:218)
	at rete.core$beta_net_plan.invokeStatic(core.clj:238)
	at rete.core$beta_net_plan.invoke(core.clj:231)
	at rete.core$create_rete.invokeStatic(core.clj:314)
	at rete.core$create_rete.invoke(core.clj:299)
	at rete.core$run_with.invokeStatic(core.clj:857)
	at rete.core$run_with.invoke(core.clj:848)
	at ru.rules$run_engine.invokeStatic(rules.clj:93)
	at ru.rules$run_engine.invoke(rules.clj:59)
	at ru.rules$run_engine.invokeStatic(rules.clj:65)
	at ru.rules$run_engine.invoke(rules.clj:59)
	at clojure.lang.Var.invoke(Var.java:384)
	at clojuretab.ClojureTab.invoke(ClojureTab.java:696)
	at menu.item$clojure_work.invokeStatic(item.clj:15)
	at menu.item$clojure_work.invoke(item.clj:4)
	at clojure.lang.Var.invoke(Var.java:380)
	at clojuretab.ClojureTab.invoke(ClojureTab.java:692)
	at clojuretab.MenuItemInserter$1.actionPerformed(MenuItemInserter.java:59)
	at java.desktop/javax.swing.AbstractButton.fireActionPerformed(AbstractButton.java:1967)
	at java.desktop/javax.swing.AbstractButton$Handler.actionPerformed(AbstractButton.java:2308)
	at java.desktop/javax.swing.DefaultButtonModel.fireActionPerformed(DefaultButtonModel.java:405)
	at java.desktop/javax.swing.DefaultButtonModel.setPressed(DefaultButtonModel.java:262)
	at java.desktop/javax.swing.AbstractButton.doClick(AbstractButton.java:369)
	at java.desktop/javax.swing.plaf.basic.BasicMenuItemUI.doClick(BasicMenuItemUI.java:1020)
	at java.desktop/javax.swing.plaf.basic.BasicMenuItemUI$Handler.mouseReleased(BasicMenuItemUI.java:1064)
	at java.desktop/java.awt.Component.processMouseEvent(Component.java:6635)
	at java.desktop/javax.swing.JComponent.processMouseEvent(JComponent.java:3342)
	at java.desktop/java.awt.Component.processEvent(Component.java:6400)
	at java.desktop/java.awt.Container.processEvent(Container.java:2263)
	at java.desktop/java.awt.Component.dispatchEventImpl(Component.java:5011)
	at java.desktop/java.awt.Container.dispatchEventImpl(Container.java:2321)
	at java.desktop/java.awt.Component.dispatchEvent(Component.java:4843)
	at java.desktop/java.awt.LightweightDispatcher.retargetMouseEvent(Container.java:4918)
	at java.desktop/java.awt.LightweightDispatcher.processMouseEvent(Container.java:4547)
	at java.desktop/java.awt.LightweightDispatcher.dispatchEvent(Container.java:4488)
	at java.desktop/java.awt.Container.dispatchEventImpl(Container.java:2307)
	at java.desktop/java.awt.Window.dispatchEventImpl(Window.java:2772)
	at java.desktop/java.awt.Component.dispatchEvent(Component.java:4843)
	at java.desktop/java.awt.EventQueue.dispatchEventImpl(EventQueue.java:772)
	at java.desktop/java.awt.EventQueue$4.run(EventQueue.java:721)
	at java.desktop/java.awt.EventQueue$4.run(EventQueue.java:715)
	at java.base/java.security.AccessController.doPrivileged(Native Method)
	at java.base/java.security.ProtectionDomain$JavaSecurityAccessImpl.doIntersectionPrivilege(ProtectionDomain.java:85)
	at java.base/java.security.ProtectionDomain$JavaSecurityAccessImpl.doIntersectionPrivilege(ProtectionDomain.java:95)
	at java.desktop/java.awt.EventQueue$5.run(EventQueue.java:745)
	at java.desktop/java.awt.EventQueue$5.run(EventQueue.java:743)
	at java.base/java.security.AccessController.doPrivileged(Native Method)
	at java.base/java.security.ProtectionDomain$JavaSecurityAccessImpl.doIntersectionPrivilege(ProtectionDomain.java:85)
	at java.desktop/java.awt.EventQueue.dispatchEvent(EventQueue.java:742)
	at java.desktop/java.awt.EventDispatchThread.pumpOneEventForFilters(EventDispatchThread.java:203)
	at java.desktop/java.awt.EventDispatchThread.pumpEventsForFilter(EventDispatchThread.java:124)
	at java.desktop/java.awt.EventDispatchThread.pumpEventsForHierarchy(EventDispatchThread.java:113)
	at java.desktop/java.awt.EventDispatchThread.pumpEvents(EventDispatchThread.java:109)
	at java.desktop/java.awt.EventDispatchThread.pumpEvents(EventDispatchThread.java:101)
	at java.desktop/java.awt.EventDispatchThread.run(EventDispatchThread.java:90)
Caused by: java.lang.RuntimeException: Unable to resolve symbol: lk2 in this context
	at clojure.lang.Util.runtimeException(Util.java:221)
	at clojure.lang.Compiler.resolveIn(Compiler.java:7414)
	at clojure.lang.Compiler.resolve(Compiler.java:7358)
	at clojure.lang.Compiler.analyzeSymbol(Compiler.java:7319)
	at clojure.lang.Compiler.analyze(Compiler.java:6768)
	... 105 more

