2017.11.22 21:29:13.836 MSK INFO: *** SYSTEM START *** -- SystemUtilities.logSystemInfo()
2017.11.22 21:29:13.840 MSK CONFIG: Protege 3.5 Build 663, JVM 1.8.0_31-b13, memory=1908M, Mac OS X, encoding=UTF-8, language=en, country=US -- SystemUtilities.logSystemInfo()
2017.11.22 21:29:14.092 MSK CONFIG: Loaded plugin clojuretab -- PluginUtilities.logClassLoaderInformation()
2017.11.22 21:29:14.109 MSK CONFIG: Loaded plugin edu.stanford.smi.protegex.standard_extensions - Graph Widget, Table Widget -- PluginUtilities.logClassLoaderInformation()
2017.11.22 21:29:14.169 MSK CONFIG: Loaded plugin ru.igis.omtab -- PluginUtilities.logClassLoaderInformation()
2017.11.22 21:29:15.226 MSK WARNING: missing bundle: protege_text -- BundleHelper.<init>()
2017.11.22 21:29:22.999 MSK INFO: Loaded 5000 instances: ScenarioN_ProjectKB_Class82911 -- Parser.getInstance()
2017.11.22 21:29:23.005 MSK INFO: Loaded 6000 instances: ScenarioN_ProjectKB_Class83911 -- Parser.getInstance()
2017.11.22 21:29:23.031 MSK INFO: Set type on 5000 instances: ScenarioN_ProjectKB_Class83497 -- Parser.getInstance()
2017.11.22 21:29:26.027 MSK INFO: Load time for file:/Users/ru/clojure/simpro-scene/pprj_examples/Sea.pprj = 2 sec (project) + 1 sec (ui) -- ProjectManager$3.run()
2017.11.22 21:33:51.596 MSK INFO: Loaded 5000 instances: ScenarioN_ProjectKB_Class82911 -- Parser.getInstance()
2017.11.22 21:33:51.614 MSK INFO: Loaded 6000 instances: ScenarioN_ProjectKB_Class83911 -- Parser.getInstance()
2017.11.22 21:33:51.636 MSK INFO: Set type on 5000 instances: ScenarioN_ProjectKB_Class83497 -- Parser.getInstance()
2017.11.22 21:33:53.320 MSK INFO: Project load time for file:/Users/ru/clojure/simpro-scene/pprj_examples/Sea.pprj: 2 sec -- ProjectChooser.loadProject()
2017.11.22 21:33:53.862 MSK INFO: UI display time = 0 sec -- ProjectManager$2.run()
2017.11.22 22:02:18.266 MSK INFO: Loaded 5000 instances: ScenarioN_ProjectKB_Class82911 -- Parser.getInstance()
2017.11.22 22:02:18.281 MSK INFO: Loaded 6000 instances: ScenarioN_ProjectKB_Class83911 -- Parser.getInstance()
2017.11.22 22:02:18.303 MSK INFO: Set type on 5000 instances: ScenarioN_ProjectKB_Class83497 -- Parser.getInstance()
2017.11.22 22:02:19.106 MSK INFO: Project load time for file:/Users/ru/clojure/simpro-scene/pprj_base/Scenario.pprj: 0 sec -- ProjectChooser.loadProject()
2017.11.22 22:02:19.670 MSK INFO: UI display time = 0 sec -- ProjectManager$2.run()
