2017.11.06 19:11:09.436 MSK INFO: *** SYSTEM START *** -- SystemUtilities.logSystemInfo()
2017.11.06 19:11:09.440 MSK CONFIG: Protege 3.5 Build 663, JVM 1.8.0_31-b13, memory=1908M, Mac OS X, encoding=UTF-8, language=en, country=US -- SystemUtilities.logSystemInfo()
2017.11.06 19:11:09.668 MSK CONFIG: Loaded plugin clojuretab -- PluginUtilities.logClassLoaderInformation()
2017.11.06 19:11:09.670 MSK CONFIG: Loaded plugin edu.stanford.smi.protegex.standard_extensions - Graph Widget, Table Widget -- PluginUtilities.logClassLoaderInformation()
2017.11.06 19:11:09.705 MSK CONFIG: Loaded plugin ru.igis.omtab -- PluginUtilities.logClassLoaderInformation()
2017.11.06 19:11:10.676 MSK WARNING: missing bundle: protege_text -- BundleHelper.<init>()
2017.11.06 19:11:17.066 MSK INFO: Loaded 5000 instances: ScenarioN_ProjectKB_Class82905 -- Parser.getInstance()
2017.11.06 19:11:17.072 MSK INFO: Loaded 6000 instances: ScenarioN_ProjectKB_Class83905 -- Parser.getInstance()
2017.11.06 19:11:17.099 MSK INFO: Set type on 5000 instances: ScenarioN_ProjectKB_Class83424 -- Parser.getInstance()
2017.11.06 19:11:20.003 MSK INFO: Load time for file:/Users/ru/clojure/simpro-scene/pprj_examples/Sea.pprj = 2 sec (project) + 1 sec (ui) -- ProjectManager$3.run()
2017.11.06 22:19:18.711 MSK INFO: Loaded 5000 instances: ScenarioN_ProjectKB_Class82905 -- Parser.getInstance()
2017.11.06 22:19:18.731 MSK INFO: Loaded 6000 instances: ScenarioN_ProjectKB_Class83905 -- Parser.getInstance()
2017.11.06 22:19:18.753 MSK INFO: Set type on 5000 instances: ScenarioN_ProjectKB_Class83424 -- Parser.getInstance()
2017.11.06 22:19:19.632 MSK INFO: Project load time for file:/Users/ru/clojure/simpro-scene/pprj_base/Scenario.pprj: 1 sec -- ProjectChooser.loadProject()
2017.11.06 22:19:20.126 MSK INFO: UI display time = 0 sec -- ProjectManager$2.run()
2017.11.06 22:49:01.715 MSK INFO: Loaded 5000 instances: ScenarioN_ProjectKB_Class82905 -- Parser.getInstance()
2017.11.06 22:49:01.732 MSK INFO: Loaded 6000 instances: ScenarioN_ProjectKB_Class83905 -- Parser.getInstance()
2017.11.06 22:49:01.753 MSK INFO: Set type on 5000 instances: ScenarioN_ProjectKB_Class83424 -- Parser.getInstance()
2017.11.06 22:49:02.486 MSK SEVERE: Undefined instance: Algorithm_Class10000 -- Parser.recordError()
2017.11.06 22:49:03.029 MSK INFO: Load time for file:/Users/ru/clojure/simpro-scene/pprj_base/Scenario.pprj = 0 sec (project) + 0 sec (ui) -- ProjectManager$3.run()
