2018.01.06 13:45:54.126 MSK INFO: *** SYSTEM START *** -- SystemUtilities.logSystemInfo()
2018.01.06 13:45:54.138 MSK CONFIG: Protege 3.5 Build 663, JVM 1.8.0_151-8u151-b12-0ubuntu0.16.04.2-b12, memory=441M, Linux, encoding=UTF-8, language=ru, country=RU -- SystemUtilities.logSystemInfo()
2018.01.06 13:45:54.575 MSK CONFIG: Loaded plugin clojuretab -- PluginUtilities.logClassLoaderInformation()
2018.01.06 13:45:54.584 MSK CONFIG: Loaded plugin ru.igis.omtab -- PluginUtilities.logClassLoaderInformation()
2018.01.06 13:45:54.597 MSK CONFIG: Loaded plugin edu.stanford.smi.protegex.standard_extensions - Graph Widget, Table Widget -- PluginUtilities.logClassLoaderInformation()
2018.01.06 13:45:55.056 MSK WARNING: Look and feel not found: com.apple.laf.AquaLookAndFeel -- SystemUtilities.setLookAndFeel()
2018.01.06 13:45:56.008 MSK WARNING: missing bundle: protege_text -- BundleHelper.<init>()
2018.01.06 13:46:04.850 MSK INFO: Loaded 5000 instances: ScenarioN_ProjectKB_Class82484 -- Parser.getInstance()
2018.01.06 13:46:04.877 MSK INFO: Loaded 6000 instances: ScenarioN_ProjectKB_Class83484 -- Parser.getInstance()
2018.01.06 13:46:05.440 MSK INFO: Set type on 5000 instances: ScenarioN_ProjectKB_Class83150 -- Parser.getInstance()
2018.01.06 13:46:05.521 MSK INFO: Set type on 6000 instances: ScenarioN_ProjectKB_Class91448 -- Parser.getInstance()
2018.01.06 13:46:17.507 MSK INFO: Load time for file:/home/ta/clojure/simpro-scene/pprj_examples/PyongyangStPetersburg.pprj = 8 sec (project) + 5 sec (ui) -- ProjectManager$3.run()
2018.01.06 14:09:48.601 MSK WARNING: has been deleted: MapInspector_Class20000 -- InstanceStorer.isStorableInstance()
2018.01.06 14:09:48.602 MSK WARNING: has been deleted: MapInspector_Class20001 -- InstanceStorer.isStorableInstance()
2018.01.06 14:09:48.602 MSK WARNING: has been deleted: MapInspector_Class20002 -- InstanceStorer.isStorableInstance()
2018.01.06 14:09:48.603 MSK WARNING: has been deleted: MapInspector_Class20003 -- InstanceStorer.isStorableInstance()
2018.01.06 14:09:48.603 MSK WARNING: has been deleted: MapInspector_Class20004 -- InstanceStorer.isStorableInstance()
2018.01.06 14:09:48.604 MSK WARNING: has been deleted: MapInspector_Class20005 -- InstanceStorer.isStorableInstance()
2018.01.06 14:09:48.604 MSK WARNING: has been deleted: MapInspector_Class20006 -- InstanceStorer.isStorableInstance()
2018.01.06 14:09:48.605 MSK WARNING: has been deleted: MapInspector_Class20007 -- InstanceStorer.isStorableInstance()
2018.01.06 14:09:48.605 MSK WARNING: has been deleted: MapInspector_Class20008 -- InstanceStorer.isStorableInstance()
2018.01.06 14:09:48.606 MSK WARNING: has been deleted: MapInspector_Class20009 -- InstanceStorer.isStorableInstance()
2018.01.06 14:09:48.606 MSK WARNING: has been deleted: MapInspector_Class20010 -- InstanceStorer.isStorableInstance()
2018.01.06 14:09:48.607 MSK WARNING: has been deleted: MapInspector_Class20011 -- InstanceStorer.isStorableInstance()
2018.01.06 14:09:48.607 MSK WARNING: has been deleted: MapInspector_Class20012 -- InstanceStorer.isStorableInstance()
2018.01.06 14:09:48.607 MSK WARNING: has been deleted: MapInspector_Class20013 -- InstanceStorer.isStorableInstance()
2018.01.06 14:09:48.608 MSK WARNING: has been deleted: MapInspector_Class20014 -- InstanceStorer.isStorableInstance()
2018.01.06 14:09:48.608 MSK WARNING: has been deleted: MapInspector_Class20015 -- InstanceStorer.isStorableInstance()
2018.01.06 14:09:48.609 MSK WARNING: has been deleted: MapInspector_Class20016 -- InstanceStorer.isStorableInstance()
2018.01.06 14:09:48.609 MSK WARNING: has been deleted: MapInspector_Class20017 -- InstanceStorer.isStorableInstance()
2018.01.06 14:09:48.610 MSK WARNING: has been deleted: MapInspector_Class20018 -- InstanceStorer.isStorableInstance()
2018.01.06 17:12:48.392 MSK WARNING: has been deleted: MapInspector_Class20000 -- InstanceStorer.isStorableInstance()
2018.01.06 17:12:48.394 MSK WARNING: has been deleted: MapInspector_Class20001 -- InstanceStorer.isStorableInstance()
2018.01.06 17:12:48.395 MSK WARNING: has been deleted: MapInspector_Class20002 -- InstanceStorer.isStorableInstance()
2018.01.06 17:12:48.396 MSK WARNING: has been deleted: MapInspector_Class20003 -- InstanceStorer.isStorableInstance()
2018.01.06 17:12:48.396 MSK WARNING: has been deleted: MapInspector_Class20004 -- InstanceStorer.isStorableInstance()
2018.01.06 17:12:48.397 MSK WARNING: has been deleted: MapInspector_Class20005 -- InstanceStorer.isStorableInstance()
2018.01.06 17:12:48.398 MSK WARNING: has been deleted: MapInspector_Class20006 -- InstanceStorer.isStorableInstance()
2018.01.06 17:12:48.398 MSK WARNING: has been deleted: MapInspector_Class20007 -- InstanceStorer.isStorableInstance()
2018.01.06 17:12:48.398 MSK WARNING: has been deleted: MapInspector_Class20008 -- InstanceStorer.isStorableInstance()
2018.01.06 17:12:48.398 MSK WARNING: has been deleted: MapInspector_Class20009 -- InstanceStorer.isStorableInstance()
2018.01.06 17:12:48.398 MSK WARNING: has been deleted: MapInspector_Class20010 -- InstanceStorer.isStorableInstance()
2018.01.06 17:12:48.399 MSK WARNING: has been deleted: MapInspector_Class20011 -- InstanceStorer.isStorableInstance()
2018.01.06 17:12:48.399 MSK WARNING: has been deleted: MapInspector_Class20012 -- InstanceStorer.isStorableInstance()
2018.01.06 17:12:48.399 MSK WARNING: has been deleted: MapInspector_Class20013 -- InstanceStorer.isStorableInstance()
2018.01.06 17:12:48.400 MSK WARNING: has been deleted: MapInspector_Class20014 -- InstanceStorer.isStorableInstance()
2018.01.06 17:12:48.400 MSK WARNING: has been deleted: MapInspector_Class20015 -- InstanceStorer.isStorableInstance()
2018.01.06 17:12:48.401 MSK WARNING: has been deleted: MapInspector_Class20016 -- InstanceStorer.isStorableInstance()
2018.01.06 17:12:48.402 MSK WARNING: has been deleted: MapInspector_Class20017 -- InstanceStorer.isStorableInstance()
2018.01.06 17:12:48.402 MSK WARNING: has been deleted: MapInspector_Class20018 -- InstanceStorer.isStorableInstance()
