2017.12.31 10:44:01.791 MSK INFO: *** SYSTEM START *** -- SystemUtilities.logSystemInfo()
2017.12.31 10:44:01.795 MSK CONFIG: Protege 3.5 Build 663, JVM 1.8.0_31-b13, memory=1908M, Mac OS X, encoding=UTF-8, language=en, country=US -- SystemUtilities.logSystemInfo()
2017.12.31 10:44:02.044 MSK CONFIG: Loaded plugin clojuretab -- PluginUtilities.logClassLoaderInformation()
2017.12.31 10:44:02.046 MSK CONFIG: Loaded plugin edu.stanford.smi.protegex.standard_extensions - Graph Widget, Table Widget -- PluginUtilities.logClassLoaderInformation()
2017.12.31 10:44:02.088 MSK CONFIG: Loaded plugin ru.igis.omtab -- PluginUtilities.logClassLoaderInformation()
2017.12.31 10:44:03.039 MSK WARNING: missing bundle: protege_text -- BundleHelper.<init>()
2017.12.31 10:44:10.175 MSK INFO: Loaded 5000 instances: ScenarioN_ProjectKB_Class82577 -- Parser.getInstance()
2017.12.31 10:44:10.181 MSK INFO: Loaded 6000 instances: ScenarioN_ProjectKB_Class83577 -- Parser.getInstance()
2017.12.31 10:44:10.199 MSK INFO: Set type on 5000 instances: ScenarioN_ProjectKB_Class83179 -- Parser.getInstance()
2017.12.31 10:44:12.827 MSK INFO: Load time for file:/Users/ru/clojure/simpro-scene/pprj_examples/PyongyangStPetersburg.pprj = 1 sec (project) + 1 sec (ui) -- ProjectManager$3.run()
2017.12.31 11:08:59.835 MSK WARNING: has been deleted: MapInspector_Class20000 -- InstanceStorer.isStorableInstance()
2017.12.31 11:08:59.853 MSK WARNING: has been deleted: MapInspector_Class20001 -- InstanceStorer.isStorableInstance()
2017.12.31 11:08:59.853 MSK WARNING: has been deleted: MapInspector_Class20002 -- InstanceStorer.isStorableInstance()
2017.12.31 11:08:59.853 MSK WARNING: has been deleted: MapInspector_Class20003 -- InstanceStorer.isStorableInstance()
2017.12.31 11:08:59.853 MSK WARNING: has been deleted: MapInspector_Class20004 -- InstanceStorer.isStorableInstance()
2017.12.31 11:08:59.853 MSK WARNING: has been deleted: MapInspector_Class20005 -- InstanceStorer.isStorableInstance()
2017.12.31 11:08:59.853 MSK WARNING: has been deleted: MapInspector_Class20006 -- InstanceStorer.isStorableInstance()
2017.12.31 11:08:59.853 MSK WARNING: has been deleted: MapInspector_Class20007 -- InstanceStorer.isStorableInstance()
2017.12.31 11:08:59.853 MSK WARNING: has been deleted: MapInspector_Class20008 -- InstanceStorer.isStorableInstance()
2017.12.31 11:08:59.853 MSK WARNING: has been deleted: MapInspector_Class20009 -- InstanceStorer.isStorableInstance()
2017.12.31 11:08:59.853 MSK WARNING: has been deleted: MapInspector_Class20010 -- InstanceStorer.isStorableInstance()
2017.12.31 11:08:59.853 MSK WARNING: has been deleted: MapInspector_Class20011 -- InstanceStorer.isStorableInstance()
2017.12.31 11:08:59.854 MSK WARNING: has been deleted: MapInspector_Class20012 -- InstanceStorer.isStorableInstance()
2017.12.31 11:08:59.854 MSK WARNING: has been deleted: MapInspector_Class20013 -- InstanceStorer.isStorableInstance()
2017.12.31 11:08:59.854 MSK WARNING: has been deleted: MapInspector_Class20014 -- InstanceStorer.isStorableInstance()
2017.12.31 11:08:59.854 MSK WARNING: has been deleted: MapInspector_Class20015 -- InstanceStorer.isStorableInstance()
2017.12.31 11:08:59.854 MSK WARNING: has been deleted: MapInspector_Class20016 -- InstanceStorer.isStorableInstance()
2017.12.31 11:08:59.854 MSK WARNING: has been deleted: MapInspector_Class20017 -- InstanceStorer.isStorableInstance()
2017.12.31 11:08:59.854 MSK WARNING: has been deleted: MapInspector_Class20018 -- InstanceStorer.isStorableInstance()
