2017.12.22 23:34:10.182 MSK INFO: *** SYSTEM START *** -- SystemUtilities.logSystemInfo()
2017.12.22 23:34:10.195 MSK CONFIG: Protege 3.5 Build 663, JVM 1.8.0_151-8u151-b12-0ubuntu0.16.04.2-b12, memory=1610M, Linux, encoding=UTF-8, language=en, country=US -- SystemUtilities.logSystemInfo()
2017.12.22 23:34:10.539 MSK CONFIG: Loaded plugin ru.igis.omtab -- PluginUtilities.logClassLoaderInformation()
2017.12.22 23:34:10.545 MSK CONFIG: Loaded plugin edu.stanford.smi.protegex.standard_extensions - Graph Widget, Table Widget -- PluginUtilities.logClassLoaderInformation()
2017.12.22 23:34:10.645 MSK CONFIG: Loaded plugin clojuretab -- PluginUtilities.logClassLoaderInformation()
2017.12.22 23:34:10.842 MSK WARNING: Look and feel not found: com.apple.laf.AquaLookAndFeel -- SystemUtilities.setLookAndFeel()
2017.12.22 23:34:11.364 MSK WARNING: missing bundle: protege_text -- BundleHelper.<init>()
2017.12.22 23:34:34.661 MSK SEVERE: Unable to load project from: file:/Users/ru/clojure/simpro-scene/pprj_base/Scenario.pprj -- Project.getProjectInstancesReader()
2017.12.22 23:34:34.704 MSK WARNING: Unable to load prj:file:/Users/ru/clojure/simpro-scene/pprj_base/Scenario.pprj -- Project.includeDomainKB()
2017.12.22 23:34:34.764 MSK WARNING: Unable to find child FrameStore: file:/Users/ru/clojure/simpro-scene/pprj_base/Scenario.pprj -- MergingNarrowFrameStore.addActiveFrameStore()
2017.12.22 23:34:34.809 MSK SEVERE: Undefined class: SpillRepeatAction found while loading classes -- Parser.recordError()
2017.12.22 23:34:34.810 MSK SEVERE: Undefined class: OMTPoly found while loading classes -- Parser.recordError()
2017.12.22 23:34:34.810 MSK SEVERE: Undefined class: TableFunction found while loading classes -- Parser.recordError()
2017.12.22 23:34:34.811 MSK SEVERE: non-existent slot: but-deep-copy -- Parser.recordError()
2017.12.22 23:34:34.812 MSK SEVERE: non-existent slot: but-del-fil -- Parser.recordError()
2017.12.22 23:34:34.812 MSK SEVERE: non-existent slot: but-del-unref -- Parser.recordError()
2017.12.22 23:34:34.813 MSK SEVERE: non-existent slot: but-find-unref -- Parser.recordError()
2017.12.22 23:34:34.813 MSK SEVERE: non-existent slot: but-load-prj -- Parser.recordError()
2017.12.22 23:34:34.814 MSK SEVERE: non-existent slot: but-shal-copy -- Parser.recordError()
2017.12.22 23:34:34.814 MSK SEVERE: non-existent slot: source-project -- Parser.recordError()
2017.12.22 23:34:34.815 MSK SEVERE: non-existent slot: cloFunctions -- Parser.recordError()
2017.12.22 23:34:34.815 MSK SEVERE: non-existent slot: cloNamespace -- Parser.recordError()
2017.12.22 23:34:34.816 MSK SEVERE: non-existent slot: cloVars -- Parser.recordError()
2017.12.22 23:34:34.816 MSK SEVERE: non-existent slot: title -- Parser.recordError()
2017.12.22 23:34:34.818 MSK SEVERE: non-existent slot: butt-load-progs -- Parser.recordError()
2017.12.22 23:34:34.819 MSK SEVERE: non-existent slot: cloPrograms -- Parser.recordError()
2017.12.22 23:34:34.820 MSK SEVERE: non-existent slot: components -- Parser.recordError()
2017.12.22 23:34:34.822 MSK SEVERE: non-existent slot: Debug -- Parser.recordError()
2017.12.22 23:34:34.822 MSK SEVERE: non-existent slot: label -- Parser.recordError()
2017.12.22 23:34:34.823 MSK SEVERE: non-existent slot: Latitude -- Parser.recordError()
2017.12.22 23:34:34.823 MSK SEVERE: non-existent slot: layers -- Parser.recordError()
2017.12.22 23:34:34.824 MSK SEVERE: non-existent slot: Longitude -- Parser.recordError()
2017.12.22 23:34:34.825 MSK SEVERE: non-existent slot: Scale -- Parser.recordError()
2017.12.22 23:34:34.826 MSK SEVERE: non-existent slot: startUpLayers -- Parser.recordError()
2017.12.22 23:34:34.826 MSK SEVERE: non-existent slot: interval -- Parser.recordError()
2017.12.22 23:34:34.827 MSK SEVERE: non-existent slot: lifetime -- Parser.recordError()
2017.12.22 23:34:34.828 MSK SEVERE: non-existent slot: period -- Parser.recordError()
2017.12.22 23:34:34.828 MSK SEVERE: non-existent slot: playground-index -- Parser.recordError()
2017.12.22 23:34:34.829 MSK SEVERE: non-existent slot: poly -- Parser.recordError()
2017.12.22 23:34:34.830 MSK SEVERE: non-existent slot: isPolygon -- Parser.recordError()
2017.12.22 23:34:34.831 MSK SEVERE: non-existent slot: latitude -- Parser.recordError()
2017.12.22 23:34:34.831 MSK SEVERE: non-existent slot: lineColor -- Parser.recordError()
2017.12.22 23:34:34.832 MSK SEVERE: non-existent slot: longitude -- Parser.recordError()
2017.12.22 23:34:34.833 MSK SEVERE: non-existent slot: N -- Parser.recordError()
2017.12.22 23:34:34.833 MSK SEVERE: non-existent slot: radius -- Parser.recordError()
2017.12.22 23:34:34.834 MSK SEVERE: non-existent slot: relative -- Parser.recordError()
2017.12.22 23:34:34.835 MSK SEVERE: non-existent slot: speed -- Parser.recordError()
2017.12.22 23:34:34.836 MSK SEVERE: non-existent slot: fillColor -- Parser.recordError()
2017.12.22 23:34:34.837 MSK SEVERE: non-existent slot: x -- Parser.recordError()
2017.12.22 23:34:34.838 MSK SEVERE: non-existent slot: y -- Parser.recordError()
2017.12.22 23:34:34.839 MSK SEVERE: non-existent slot: butt-ass-inss -- Parser.recordError()
2017.12.22 23:34:34.840 MSK SEVERE: non-existent slot: butt-fire -- Parser.recordError()
2017.12.22 23:34:34.841 MSK SEVERE: non-existent slot: butt-run -- Parser.recordError()
2017.12.22 23:34:34.841 MSK SEVERE: non-existent slot: butt-step -- Parser.recordError()
2017.12.22 23:34:34.842 MSK SEVERE: non-existent slot: mode -- Parser.recordError()
2017.12.22 23:34:34.842 MSK SEVERE: non-existent slot: rule-sets -- Parser.recordError()
2017.12.22 23:34:34.844 MSK SEVERE: non-existent slot: steps -- Parser.recordError()
2017.12.22 23:34:34.845 MSK SEVERE: non-existent slot: source -- Parser.recordError()
2017.12.22 23:34:34.850 MSK SEVERE: Undefined class: ShareOnto found while loading instances -- Parser.recordError()
2017.12.22 23:34:34.851 MSK SEVERE: Undefined class: Spill found while loading instances -- Parser.recordError()
2017.12.22 23:34:34.851 MSK SEVERE: Undefined class: Openmap found while loading instances -- Parser.recordError()
2017.12.22 23:34:34.852 MSK SEVERE: Undefined class: CloVar found while loading instances -- Parser.recordError()
2017.12.22 23:34:34.852 MSK SEVERE: Undefined class: WorkingPrograms found while loading instances -- Parser.recordError()
2017.12.22 23:34:34.853 MSK SEVERE: Undefined class: OMTSpline found while loading instances -- Parser.recordError()
2017.12.22 23:34:34.853 MSK SEVERE: Undefined class: Run found while loading instances -- Parser.recordError()
2017.12.22 23:34:34.854 MSK SEVERE: Undefined class: CloFunction found while loading instances -- Parser.recordError()
2017.12.22 23:34:34.854 MSK SEVERE: Undefined class: CloNamespace found while loading instances -- Parser.recordError()
2017.12.22 23:34:34.855 MSK SEVERE: Undefined class: CloProgram found while loading instances -- Parser.recordError()
2017.12.22 23:34:34.855 MSK SEVERE: Undefined instance: ScenarioN_Class510000 -- Parser.recordError()
2017.12.22 23:34:34.856 MSK SEVERE: Undefined instance: ScenarioN_Class550020 -- Parser.recordError()
2017.12.22 23:34:34.856 MSK SEVERE: Undefined instance: igis_Class30 -- Parser.recordError()
2017.12.22 23:34:34.856 MSK SEVERE: Undefined instance: Scenario_Class250011 -- Parser.recordError()
2017.12.22 23:34:34.857 MSK SEVERE: Undefined instance: Scenario_Class3 -- Parser.recordError()
2017.12.22 23:34:34.857 MSK SEVERE: Undefined instance: Scenario_Class17 -- Parser.recordError()
2017.12.22 23:34:34.858 MSK SEVERE: Undefined instance: Scenario_Class220003 -- Parser.recordError()
2017.12.22 23:34:34.858 MSK SEVERE: Undefined instance: Clojure_Class10000 -- Parser.recordError()
2017.12.22 23:34:34.858 MSK SEVERE: Undefined instance: igis_Class26 -- Parser.recordError()
2017.12.22 23:34:34.859 MSK SEVERE: Undefined instance: igis_Class25 -- Parser.recordError()
2017.12.22 23:34:34.859 MSK SEVERE: Undefined instance: igis_Class3 -- Parser.recordError()
2017.12.22 23:34:34.859 MSK SEVERE: Undefined instance: igis_Class4 -- Parser.recordError()
2017.12.22 23:34:34.860 MSK SEVERE: Undefined instance: igis_Class23 -- Parser.recordError()
2017.12.22 23:34:34.860 MSK SEVERE: Undefined instance: igis_Class22 -- Parser.recordError()
2017.12.22 23:34:34.861 MSK SEVERE: Undefined instance: igis_Class1 -- Parser.recordError()
2017.12.22 23:34:34.861 MSK SEVERE: Undefined instance: igis_Class2 -- Parser.recordError()
2017.12.22 23:34:34.861 MSK SEVERE: Undefined instance: igis_Class21 -- Parser.recordError()
2017.12.22 23:34:34.862 MSK SEVERE: Undefined instance: Algorithm_Class10000 -- Parser.recordError()
2017.12.22 23:34:34.862 MSK SEVERE: Undefined instance: igis_Class20 -- Parser.recordError()
2017.12.22 23:34:34.862 MSK SEVERE: Undefined instance: RuleEngine_Class30000 -- Parser.recordError()
2017.12.22 23:34:34.863 MSK SEVERE: Undefined instance: igis_Class70000 -- Parser.recordError()
2017.12.22 23:34:34.863 MSK SEVERE: Undefined instance: Scenario_Class120024 -- Parser.recordError()
2017.12.22 23:34:34.863 MSK SEVERE: Undefined instance: igis_Class29 -- Parser.recordError()
2017.12.22 23:34:34.864 MSK SEVERE: Undefined instance: igis_Class28 -- Parser.recordError()
2017.12.22 23:34:34.864 MSK SEVERE: Undefined instance: igis_Class27 -- Parser.recordError()
2017.12.22 23:34:34.864 MSK SEVERE: Undefined instance: Scenario_Class340000 -- Parser.recordError()
2017.12.22 23:34:34.865 MSK SEVERE: Undefined instance: igis_Class15 -- Parser.recordError()
2017.12.22 23:34:34.865 MSK SEVERE: Undefined instance: igis_Class14 -- Parser.recordError()
2017.12.22 23:34:34.866 MSK SEVERE: Undefined instance: igis_Class12 -- Parser.recordError()
2017.12.22 23:34:34.866 MSK SEVERE: Undefined instance: igis_Class19 -- Parser.recordError()
2017.12.22 23:34:34.866 MSK SEVERE: Undefined instance: igis_Class40012 -- Parser.recordError()
2017.12.22 23:34:34.867 MSK SEVERE: Undefined instance: igis_Class18 -- Parser.recordError()
2017.12.22 23:34:34.867 MSK SEVERE: Undefined instance: igis_Class17 -- Parser.recordError()
2017.12.22 23:34:34.868 MSK SEVERE: Undefined instance: igis_Class16 -- Parser.recordError()
2017.12.22 23:34:34.868 MSK SEVERE: Undefined instance: igis_Class40011 -- Parser.recordError()
2017.12.22 23:34:34.869 MSK SEVERE: Undefined instance: Scenario_Class100006 -- Parser.recordError()
2017.12.22 23:34:34.869 MSK SEVERE: Undefined instance: ScenarioN_Class550030 -- Parser.recordError()
2017.12.22 23:34:34.869 MSK SEVERE: Undefined instance: ScenarioN_Class330002 -- Parser.recordError()
2017.12.22 23:34:34.870 MSK SEVERE: Undefined instance: ScenarioN_Class590000 -- Parser.recordError()
2017.12.22 23:34:34.870 MSK SEVERE: Undefined instance: igis_Class40001 -- Parser.recordError()
2017.12.22 23:34:34.871 MSK SEVERE: Undefined instance: igis_Class40000 -- Parser.recordError()
2017.12.22 23:34:34.872 MSK SEVERE: Undefined instance: Scenario_Class250008 -- Parser.recordError()
2017.12.22 23:34:34.876 MSK WARNING: unable to load frame: ScenarioN_Class590017 -- PropertyMapUtil.getFrame()
2017.12.22 23:34:34.878 MSK WARNING: unable to load frame: ScenarioN_Class540004 -- PropertyMapUtil.getFrame()
2017.12.22 23:34:34.878 MSK WARNING: unable to load frame: ScenarioN_Class290013 -- PropertyMapUtil.getFrame()
2017.12.22 23:34:34.879 MSK WARNING: unable to load frame: ScenarioN_Class500009 -- PropertyMapUtil.getFrame()
2017.12.22 23:34:34.879 MSK WARNING: unable to load frame: Scenario_Instance_240000 -- PropertyMapUtil.getFrame()
2017.12.22 23:34:34.880 MSK WARNING: unable to load frame: ScenarioN_Class370007 -- PropertyMapUtil.getFrame()
2017.12.22 23:34:34.880 MSK WARNING: unable to load frame: ScenarioN_Class110007 -- PropertyMapUtil.getFrame()
2017.12.22 23:34:34.881 MSK WARNING: unable to load frame: ScenarioN_Class650008 -- PropertyMapUtil.getFrame()
2017.12.22 23:34:34.881 MSK WARNING: unable to load frame: ScenarioN_Class680011 -- PropertyMapUtil.getFrame()
2017.12.22 23:34:34.882 MSK WARNING: unable to load frame: ScenarioN_Class380010 -- PropertyMapUtil.getFrame()
2017.12.22 23:34:34.882 MSK WARNING: unable to load frame: ScenarioN_Class320007 -- PropertyMapUtil.getFrame()
2017.12.22 23:34:34.882 MSK WARNING: unable to load frame: ScenarioN_Class620009 -- PropertyMapUtil.getFrame()
2017.12.22 23:34:34.883 MSK WARNING: unable to load frame: Scenario_Class60003 -- PropertyMapUtil.getFrame()
2017.12.22 23:34:34.883 MSK WARNING: unable to load frame: ScenarioN_Class640008 -- PropertyMapUtil.getFrame()
2017.12.22 23:34:34.887 MSK INFO: Project load time for file:/home/ru/clojure/simpro-scene/pprj_examples/Tsunami.pprj: 0 sec -- ProjectChooser.loadProject()
2017.12.22 23:34:35.653 MSK WARNING: empty values: Slot(but-deep-copy) Slot(:SLOT-VALUE-TYPE) -- ValueTypeWidget.setValues()
2017.12.22 23:34:36.316 MSK WARNING: java.lang.NullPointerException
	at java.awt.Container.addImpl(Container.java:1097)
	at java.awt.Container.add(Container.java:973)
	at ru.igis.omtab.OpenMapTab.setMap(OpenMapTab.java:143)
	at ru.igis.omtab.OpenMapTab.initialize(OpenMapTab.java:97)
	at edu.stanford.smi.protege.widget.WidgetUtilities.createTabWidget(Unknown Source)
	at edu.stanford.smi.protege.ui.ProjectView.addTab(Unknown Source)
	at edu.stanford.smi.protege.ui.ProjectView.createTabbedPane(Unknown Source)
	at edu.stanford.smi.protege.ui.ProjectView.<init>(Unknown Source)
	at edu.stanford.smi.protege.ui.ProjectManager.displayCurrentProject(Unknown Source)
	at edu.stanford.smi.protege.ui.ProjectManager.displayCurrentProject(Unknown Source)
	at edu.stanford.smi.protege.ui.ProjectManager.openProjectRequest(Unknown Source)
	at edu.stanford.smi.protege.ui.WelcomeDialog.openOtherButton_actionPerformed(Unknown Source)
	at edu.stanford.smi.protege.ui.WelcomeDialog$3.actionPerformed(Unknown Source)
	at javax.swing.AbstractButton.fireActionPerformed(AbstractButton.java:2022)
	at javax.swing.AbstractButton$Handler.actionPerformed(AbstractButton.java:2348)
	at javax.swing.DefaultButtonModel.fireActionPerformed(DefaultButtonModel.java:402)
	at javax.swing.DefaultButtonModel.setPressed(DefaultButtonModel.java:259)
	at javax.swing.plaf.basic.BasicButtonListener.mouseReleased(BasicButtonListener.java:252)
	at java.awt.AWTEventMulticaster.mouseReleased(AWTEventMulticaster.java:289)
	at java.awt.Component.processMouseEvent(Component.java:6533)
	at javax.swing.JComponent.processMouseEvent(JComponent.java:3324)
	at java.awt.Component.processEvent(Component.java:6298)
	at java.awt.Container.processEvent(Container.java:2236)
	at java.awt.Component.dispatchEventImpl(Component.java:4889)
	at java.awt.Container.dispatchEventImpl(Container.java:2294)
	at java.awt.Component.dispatchEvent(Component.java:4711)
	at java.awt.LightweightDispatcher.retargetMouseEvent(Container.java:4888)
	at java.awt.LightweightDispatcher.processMouseEvent(Container.java:4525)
	at java.awt.LightweightDispatcher.dispatchEvent(Container.java:4466)
	at java.awt.Container.dispatchEventImpl(Container.java:2280)
	at java.awt.Window.dispatchEventImpl(Window.java:2746)
	at java.awt.Component.dispatchEvent(Component.java:4711)
	at java.awt.EventQueue.dispatchEventImpl(EventQueue.java:758)
	at java.awt.EventQueue.access$500(EventQueue.java:97)
	at java.awt.EventQueue$3.run(EventQueue.java:709)
	at java.awt.EventQueue$3.run(EventQueue.java:703)
	at java.security.AccessController.doPrivileged(Native Method)
	at java.security.ProtectionDomain$JavaSecurityAccessImpl.doIntersectionPrivilege(ProtectionDomain.java:80)
	at java.security.ProtectionDomain$JavaSecurityAccessImpl.doIntersectionPrivilege(ProtectionDomain.java:90)
	at java.awt.EventQueue$4.run(EventQueue.java:731)
	at java.awt.EventQueue$4.run(EventQueue.java:729)
	at java.security.AccessController.doPrivileged(Native Method)
	at java.security.ProtectionDomain$JavaSecurityAccessImpl.doIntersectionPrivilege(ProtectionDomain.java:80)
	at java.awt.EventQueue.dispatchEvent(EventQueue.java:728)
	at java.awt.EventDispatchThread.pumpOneEventForFilters(EventDispatchThread.java:201)
	at java.awt.EventDispatchThread.pumpEventsForFilter(EventDispatchThread.java:116)
	at java.awt.EventDispatchThread.pumpEventsForFilter(EventDispatchThread.java:109)
	at java.awt.WaitDispatchSupport$2.run(WaitDispatchSupport.java:184)
	at java.awt.event.InvocationEvent.dispatch(InvocationEvent.java:311)
	at java.awt.EventQueue.dispatchEventImpl(EventQueue.java:756)
	at java.awt.EventQueue.access$500(EventQueue.java:97)
	at java.awt.EventQueue$3.run(EventQueue.java:709)
	at java.awt.EventQueue$3.run(EventQueue.java:703)
	at java.security.AccessController.doPrivileged(Native Method)
	at java.security.ProtectionDomain$JavaSecurityAccessImpl.doIntersectionPrivilege(ProtectionDomain.java:80)
	at java.awt.EventQueue.dispatchEvent(EventQueue.java:726)
	at java.awt.EventDispatchThread.pumpOneEventForFilters(EventDispatchThread.java:201)
	at java.awt.EventDispatchThread.pumpEventsForFilter(EventDispatchThread.java:116)
	at java.awt.EventDispatchThread.pumpEventsForHierarchy(EventDispatchThread.java:105)
	at java.awt.EventDispatchThread.pumpEvents(EventDispatchThread.java:101)
	at java.awt.EventDispatchThread.pumpEvents(EventDispatchThread.java:93)
	at java.awt.EventDispatchThread.run(EventDispatchThread.java:82)
 -- WidgetUtilities.createTabWidget()
2017.12.22 23:34:36.620 MSK INFO: UI display time = 1 sec -- ProjectManager$2.run()
