2017.12.23 19:30:38.400 MSK INFO: *** SYSTEM START *** -- SystemUtilities.logSystemInfo()
2017.12.23 19:30:38.404 MSK CONFIG: Protege 3.5 Build 663, JVM 1.8.0_31-b13, memory=1908M, Mac OS X, encoding=UTF-8, language=en, country=US -- SystemUtilities.logSystemInfo()
2017.12.23 19:30:38.853 MSK CONFIG: Loaded plugin clojuretab -- PluginUtilities.logClassLoaderInformation()
2017.12.23 19:30:38.865 MSK CONFIG: Loaded plugin edu.stanford.smi.protegex.standard_extensions - Graph Widget, Table Widget -- PluginUtilities.logClassLoaderInformation()
2017.12.23 19:30:38.919 MSK CONFIG: Loaded plugin ru.igis.omtab -- PluginUtilities.logClassLoaderInformation()
2017.12.23 19:30:40.056 MSK WARNING: missing bundle: protege_text -- BundleHelper.<init>()
2017.12.23 19:30:44.806 MSK INFO: Loaded 5000 instances: ScenarioN_ProjectKB_Class82481 -- Parser.getInstance()
2017.12.23 19:30:44.812 MSK INFO: Loaded 6000 instances: ScenarioN_ProjectKB_Class83481 -- Parser.getInstance()
2017.12.23 19:30:44.861 MSK INFO: Set type on 5000 instances: ScenarioN_ProjectKB_Class83092 -- Parser.getInstance()
2017.12.23 19:30:44.877 MSK INFO: Set type on 6000 instances: ScenarioN_ProjectKB_Class84092 -- Parser.getInstance()
2017.12.23 19:30:46.660 MSK SEVERE: Undefined instance: Scenario_Instance_100020 -- Parser.recordError()
2017.12.23 19:30:46.660 MSK SEVERE: Undefined instance: Scenario_Instance_100010 -- Parser.recordError()
2017.12.23 19:30:46.661 MSK SEVERE: Undefined instance: Scenario_Instance_100021 -- Parser.recordError()
2017.12.23 19:30:46.661 MSK SEVERE: Undefined instance: Scenario_Instance_100022 -- Parser.recordError()
2017.12.23 19:30:46.661 MSK SEVERE: Undefined instance: Scenario_Instance_100011 -- Parser.recordError()
2017.12.23 19:30:46.661 MSK SEVERE: Undefined instance: Scenario_Class520002 -- Parser.recordError()
2017.12.23 19:30:46.661 MSK SEVERE: Undefined instance: Scenario_Instance_100012 -- Parser.recordError()
2017.12.23 19:30:46.661 MSK SEVERE: Undefined instance: Scenario_Instance_100023 -- Parser.recordError()
2017.12.23 19:30:46.661 MSK SEVERE: Undefined instance: Scenario_Instance_100002 -- Parser.recordError()
2017.12.23 19:30:46.662 MSK SEVERE: Undefined instance: Scenario_Instance_100013 -- Parser.recordError()
2017.12.23 19:30:46.662 MSK SEVERE: Undefined instance: Scenario_Class520000 -- Parser.recordError()
2017.12.23 19:30:46.662 MSK SEVERE: Undefined instance: Scenario_Instance_100014 -- Parser.recordError()
2017.12.23 19:30:46.662 MSK SEVERE: Undefined instance: Scenario_Class520001 -- Parser.recordError()
2017.12.23 19:30:46.662 MSK SEVERE: Undefined instance: Scenario_Instance_100025 -- Parser.recordError()
2017.12.23 19:30:46.663 MSK SEVERE: Undefined instance: Scenario_Instance_100015 -- Parser.recordError()
2017.12.23 19:30:46.663 MSK SEVERE: Undefined instance: Scenario_Instance_100016 -- Parser.recordError()
2017.12.23 19:30:46.663 MSK SEVERE: Undefined instance: Scenario_Instance_100017 -- Parser.recordError()
2017.12.23 19:30:46.663 MSK SEVERE: Undefined instance: Scenario_Instance_100018 -- Parser.recordError()
2017.12.23 19:30:46.663 MSK SEVERE: Undefined instance: Scenario_Instance_100019 -- Parser.recordError()
2017.12.23 19:30:47.336 MSK WARNING: Failed to locate property "null" with class "null.class"
  Skipping component "null" -- ComponentFactory._create()
2017.12.23 19:30:47.337 MSK WARNING: Failed to locate property "null" with class "null.class"
  Skipping component "null" -- ComponentFactory._create()
2017.12.23 19:30:47.337 MSK WARNING: Failed to locate property "null" with class "null.class"
  Skipping component "null" -- ComponentFactory._create()
2017.12.23 19:30:47.337 MSK WARNING: Failed to locate property "null" with class "null.class"
  Skipping component "null" -- ComponentFactory._create()
2017.12.23 19:30:47.337 MSK WARNING: Failed to locate property "null" with class "null.class"
  Skipping component "null" -- ComponentFactory._create()
2017.12.23 19:30:47.337 MSK WARNING: Failed to locate property "null" with class "null.class"
  Skipping component "null" -- ComponentFactory._create()
2017.12.23 19:30:47.338 MSK WARNING: Failed to locate property "null" with class "null.class"
  Skipping component "null" -- ComponentFactory._create()
2017.12.23 19:30:47.338 MSK WARNING: Failed to locate property "null" with class "null.class"
  Skipping component "null" -- ComponentFactory._create()
2017.12.23 19:30:47.338 MSK WARNING: Failed to locate property "null" with class "null.class"
  Skipping component "null" -- ComponentFactory._create()
2017.12.23 19:30:47.338 MSK WARNING: Failed to locate property "null" with class "null.class"
  Skipping component "null" -- ComponentFactory._create()
2017.12.23 19:30:47.338 MSK WARNING: Failed to locate property "null" with class "null.class"
  Skipping component "null" -- ComponentFactory._create()
2017.12.23 19:30:47.339 MSK WARNING: Failed to locate property "null" with class "null.class"
  Skipping component "null" -- ComponentFactory._create()
2017.12.23 19:30:47.339 MSK WARNING: Failed to locate property "null" with class "null.class"
  Skipping component "null" -- ComponentFactory._create()
2017.12.23 19:30:47.339 MSK WARNING: Failed to locate property "null" with class "null.class"
  Skipping component "null" -- ComponentFactory._create()
2017.12.23 19:30:47.339 MSK WARNING: Failed to locate property "null" with class "null.class"
  Skipping component "null" -- ComponentFactory._create()
2017.12.23 19:30:47.339 MSK WARNING: Failed to locate property "null" with class "null.class"
  Skipping component "null" -- ComponentFactory._create()
2017.12.23 19:30:47.340 MSK WARNING: Failed to locate property "null" with class "null.class"
  Skipping component "null" -- ComponentFactory._create()
2017.12.23 19:30:47.340 MSK WARNING: Failed to locate property "null" with class "null.class"
  Skipping component "null" -- ComponentFactory._create()
2017.12.23 19:30:47.340 MSK WARNING: finding out that the null wasn't created -- PropertyHandler.createComponents()
2017.12.23 19:30:47.340 MSK WARNING: finding out that the null wasn't created -- PropertyHandler.createComponents()
2017.12.23 19:30:47.340 MSK WARNING: finding out that the null wasn't created -- PropertyHandler.createComponents()
2017.12.23 19:30:47.340 MSK WARNING: finding out that the null wasn't created -- PropertyHandler.createComponents()
2017.12.23 19:30:47.341 MSK WARNING: finding out that the null wasn't created -- PropertyHandler.createComponents()
2017.12.23 19:30:47.341 MSK WARNING: finding out that the null wasn't created -- PropertyHandler.createComponents()
2017.12.23 19:30:47.341 MSK WARNING: finding out that the null wasn't created -- PropertyHandler.createComponents()
2017.12.23 19:30:47.341 MSK WARNING: finding out that the null wasn't created -- PropertyHandler.createComponents()
2017.12.23 19:30:47.341 MSK WARNING: finding out that the null wasn't created -- PropertyHandler.createComponents()
2017.12.23 19:30:47.341 MSK WARNING: finding out that the null wasn't created -- PropertyHandler.createComponents()
2017.12.23 19:30:47.342 MSK WARNING: finding out that the null wasn't created -- PropertyHandler.createComponents()
2017.12.23 19:30:47.342 MSK WARNING: finding out that the null wasn't created -- PropertyHandler.createComponents()
2017.12.23 19:30:47.342 MSK WARNING: finding out that the null wasn't created -- PropertyHandler.createComponents()
2017.12.23 19:30:47.342 MSK WARNING: finding out that the null wasn't created -- PropertyHandler.createComponents()
2017.12.23 19:30:47.342 MSK WARNING: finding out that the null wasn't created -- PropertyHandler.createComponents()
2017.12.23 19:30:47.342 MSK WARNING: finding out that the null wasn't created -- PropertyHandler.createComponents()
2017.12.23 19:30:47.343 MSK WARNING: finding out that the null wasn't created -- PropertyHandler.createComponents()
2017.12.23 19:30:47.343 MSK WARNING: finding out that the null wasn't created -- PropertyHandler.createComponents()
2017.12.23 19:30:47.352 MSK WARNING: java.lang.NullPointerException
	at java.awt.Container.addImpl(Container.java:1095)
	at java.awt.Container.add(Container.java:971)
	at ru.igis.omtab.OpenMapTab.setMap(OpenMapTab.java:143)
	at ru.igis.omtab.OpenMapTab.initialize(OpenMapTab.java:97)
	at edu.stanford.smi.protege.widget.WidgetUtilities.createTabWidget(Unknown Source)
	at edu.stanford.smi.protege.ui.ProjectView.addTab(Unknown Source)
	at edu.stanford.smi.protege.ui.ProjectView.createTabbedPane(Unknown Source)
	at edu.stanford.smi.protege.ui.ProjectView.<init>(Unknown Source)
	at edu.stanford.smi.protege.ui.ProjectManager.displayCurrentProject(Unknown Source)
	at edu.stanford.smi.protege.ui.ProjectManager.displayCurrentProject(Unknown Source)
	at edu.stanford.smi.protege.ui.ProjectManager.loadProject(Unknown Source)
	at edu.stanford.smi.protege.ui.WelcomeDialog.doOpenProject(Unknown Source)
	at edu.stanford.smi.protege.ui.WelcomeDialog.openButton_actionPerformed(Unknown Source)
	at edu.stanford.smi.protege.ui.WelcomeDialog$2.actionPerformed(Unknown Source)
	at javax.swing.AbstractButton.fireActionPerformed(AbstractButton.java:2022)
	at javax.swing.AbstractButton$Handler.actionPerformed(AbstractButton.java:2346)
	at javax.swing.DefaultButtonModel.fireActionPerformed(DefaultButtonModel.java:402)
	at javax.swing.DefaultButtonModel.setPressed(DefaultButtonModel.java:259)
	at javax.swing.plaf.basic.BasicButtonListener.mouseReleased(BasicButtonListener.java:252)
	at java.awt.AWTEventMulticaster.mouseReleased(AWTEventMulticaster.java:289)
	at java.awt.Component.processMouseEvent(Component.java:6525)
	at javax.swing.JComponent.processMouseEvent(JComponent.java:3322)
	at java.awt.Component.processEvent(Component.java:6290)
	at java.awt.Container.processEvent(Container.java:2234)
	at java.awt.Component.dispatchEventImpl(Component.java:4881)
	at java.awt.Container.dispatchEventImpl(Container.java:2292)
	at java.awt.Component.dispatchEvent(Component.java:4703)
	at java.awt.LightweightDispatcher.retargetMouseEvent(Container.java:4898)
	at java.awt.LightweightDispatcher.processMouseEvent(Container.java:4533)
	at java.awt.LightweightDispatcher.dispatchEvent(Container.java:4462)
	at java.awt.Container.dispatchEventImpl(Container.java:2278)
	at java.awt.Window.dispatchEventImpl(Window.java:2739)
	at java.awt.Component.dispatchEvent(Component.java:4703)
	at java.awt.EventQueue.dispatchEventImpl(EventQueue.java:751)
	at java.awt.EventQueue.access$500(EventQueue.java:97)
	at java.awt.EventQueue$3.run(EventQueue.java:702)
	at java.awt.EventQueue$3.run(EventQueue.java:696)
	at java.security.AccessController.doPrivileged(Native Method)
	at java.security.ProtectionDomain$1.doIntersectionPrivilege(ProtectionDomain.java:75)
	at java.security.ProtectionDomain$1.doIntersectionPrivilege(ProtectionDomain.java:86)
	at java.awt.EventQueue$4.run(EventQueue.java:724)
	at java.awt.EventQueue$4.run(EventQueue.java:722)
	at java.security.AccessController.doPrivileged(Native Method)
	at java.security.ProtectionDomain$1.doIntersectionPrivilege(ProtectionDomain.java:75)
	at java.awt.EventQueue.dispatchEvent(EventQueue.java:721)
	at java.awt.EventDispatchThread.pumpOneEventForFilters(EventDispatchThread.java:201)
	at java.awt.EventDispatchThread.pumpEventsForFilter(EventDispatchThread.java:116)
	at java.awt.EventDispatchThread.pumpEventsForFilter(EventDispatchThread.java:109)
	at java.awt.WaitDispatchSupport$2.run(WaitDispatchSupport.java:184)
	at java.awt.event.InvocationEvent.dispatch(InvocationEvent.java:311)
	at java.awt.EventQueue.dispatchEventImpl(EventQueue.java:749)
	at java.awt.EventQueue.access$500(EventQueue.java:97)
	at java.awt.EventQueue$3.run(EventQueue.java:702)
	at java.awt.EventQueue$3.run(EventQueue.java:696)
	at java.security.AccessController.doPrivileged(Native Method)
	at java.security.ProtectionDomain$1.doIntersectionPrivilege(ProtectionDomain.java:75)
	at java.awt.EventQueue.dispatchEvent(EventQueue.java:719)
	at java.awt.EventDispatchThread.pumpOneEventForFilters(EventDispatchThread.java:201)
	at java.awt.EventDispatchThread.pumpEventsForFilter(EventDispatchThread.java:116)
	at java.awt.EventDispatchThread.pumpEventsForHierarchy(EventDispatchThread.java:105)
	at java.awt.EventDispatchThread.pumpEvents(EventDispatchThread.java:101)
	at java.awt.EventDispatchThread.pumpEvents(EventDispatchThread.java:93)
	at java.awt.EventDispatchThread.run(EventDispatchThread.java:82)
 -- WidgetUtilities.createTabWidget()
2017.12.23 19:30:47.584 MSK INFO: Load time for file:/Users/ru/clojure/simpro-scene/pprj_examples/ShuffleEurope.pprj = 2 sec (project) + 0 sec (ui) -- ProjectManager$3.run()
