2018.07.08 21:54:24.646 MSK INFO: *** SYSTEM START *** -- SystemUtilities.logSystemInfo()
2018.07.08 21:54:24.668 MSK CONFIG: Protege 3.5 Build 663, JVM 10.0.1+10, memory=1811M, Linux, encoding=UTF-8, language=en, country=US -- SystemUtilities.logSystemInfo()
2018.07.08 21:54:25.015 MSK CONFIG: Loaded plugin clojuretab -- PluginUtilities.logClassLoaderInformation()
2018.07.08 21:54:25.030 MSK CONFIG: Loaded plugin edu.stanford.smi.protegex.standard_extensions - Graph Widget, Table Widget -- PluginUtilities.logClassLoaderInformation()
2018.07.08 21:54:25.155 MSK CONFIG: Loaded plugin ru.igis.omtab -- PluginUtilities.logClassLoaderInformation()
2018.07.08 21:54:25.472 MSK WARNING: Look and feel not found: com.apple.laf.AquaLookAndFeel -- SystemUtilities.setLookAndFeel()
2018.07.08 21:54:25.963 MSK WARNING: missing bundle: protege_text -- BundleHelper.<init>()
2018.07.08 21:54:31.214 MSK INFO: Loaded 5000 instances: ScenarioN_ProjectKB_Class72426 -- Parser.getInstance()
2018.07.08 21:54:31.243 MSK INFO: Loaded 6000 instances: ScenarioN_ProjectKB_Class83426 -- Parser.getInstance()
2018.07.08 21:54:31.346 MSK INFO: Set type on 5000 instances: ScenarioN_ProjectKB_Class83146 -- Parser.getInstance()
2018.07.08 21:54:31.528 MSK INFO: Set type on 6000 instances: ScenarioN_ProjectKB_Class91405 -- Parser.getInstance()
2018.07.08 21:54:40.556 MSK INFO: Load time for file:/home/ru/clojure/simpro-scene/pprj_examples/RasterToVector.pprj = 8 sec (project) + 1 sec (ui) -- ProjectManager$3.run()
2018.07.08 21:58:00.035 MSK INFO: Loaded 5000 instances: ScenarioN_ProjectKB_Class72426 -- Parser.getInstance()
2018.07.08 21:58:00.061 MSK INFO: Loaded 6000 instances: ScenarioN_ProjectKB_Class83426 -- Parser.getInstance()
2018.07.08 21:58:00.164 MSK INFO: Set type on 5000 instances: ScenarioN_ProjectKB_Class83146 -- Parser.getInstance()
2018.07.08 21:58:00.255 MSK INFO: Set type on 6000 instances: ScenarioN_ProjectKB_Class91405 -- Parser.getInstance()
2018.07.08 21:58:07.706 MSK INFO: Project load time for file:/home/ru/clojure/simpro-scene/pprj_examples/Tsunami.pprj: 8 sec -- ProjectChooser.loadProject()
2018.07.08 21:58:10.448 MSK INFO: UI display time = 2 sec -- ProjectManager$2.run()
2018.07.08 22:08:03.424 MSK INFO: Loaded 5000 instances: ScenarioN_ProjectKB_Class72426 -- Parser.getInstance()
2018.07.08 22:08:03.450 MSK INFO: Loaded 6000 instances: ScenarioN_ProjectKB_Class83426 -- Parser.getInstance()
2018.07.08 22:08:03.553 MSK INFO: Set type on 5000 instances: ScenarioN_ProjectKB_Class83146 -- Parser.getInstance()
2018.07.08 22:08:03.686 MSK INFO: Set type on 6000 instances: ScenarioN_ProjectKB_Class91405 -- Parser.getInstance()
2018.07.08 22:08:11.055 MSK INFO: Project load time for file:/home/ru/clojure/simpro-scene/pprj_examples/RasterToVector.pprj: 8 sec -- ProjectChooser.loadProject()
2018.07.08 22:08:12.320 MSK INFO: UI display time = 1 sec -- ProjectManager$2.run()
2018.07.08 22:09:07.546 MSK INFO: Loaded 5000 instances: ScenarioN_ProjectKB_Class72426 -- Parser.getInstance()
2018.07.08 22:09:07.572 MSK INFO: Loaded 6000 instances: ScenarioN_ProjectKB_Class83426 -- Parser.getInstance()
2018.07.08 22:09:07.674 MSK INFO: Set type on 5000 instances: ScenarioN_ProjectKB_Class83146 -- Parser.getInstance()
2018.07.08 22:09:07.764 MSK INFO: Set type on 6000 instances: ScenarioN_ProjectKB_Class91405 -- Parser.getInstance()
