2020.04.15 10:12:15.204 MSK INFO: *** SYSTEM START *** -- SystemUtilities.logSystemInfo()
2020.04.15 10:12:15.258 MSK CONFIG: Protege 3.5 Build 663, JVM 11.0.6+10-post-Debian-1deb10u1, memory=2076M, Linux, encoding=UTF-8, language=en, country=US -- SystemUtilities.logSystemInfo()
2020.04.15 10:12:15.274 MSK WARNING: Plugins directory not found: /home/ru/clojure/simpro-scene/plugins -- PluginUtilities.findPluginsDirectory()
2020.04.15 10:12:16.918 MSK WARNING: missing bundle: standard_extensions_text -- BundleHelper.<init>()
2020.04.15 10:12:16.949 MSK WARNING: no resource bundle: tab.queries -- BundleHelper.internalGetText()
2020.04.15 10:12:17.732 MSK WARNING: Look and feel not found:  -- SystemUtilities.setLookAndFeel()
2020.04.15 10:12:18.911 MSK WARNING: missing bundle: protege_text -- BundleHelper.<init>()
2020.04.15 10:12:28.888 MSK INFO: Load time for file:/home/ru/clojure/simpro-scene/pprj_cesium/CesiumWorkshop.pprj = 0 sec (project) + 4 sec (ui) -- ProjectManager$3.run()
2020.04.15 10:53:10.978 MSK SEVERE: null -- clojure.lang.ExceptionInfo: failed compiling file:src/cljs/workshop/workshop/client.cljs {:file #object[java.io.File 0x75a1d89b "src/cljs/workshop/workshop/client.cljs"]}
	at cljs.compiler$compile_file$fn__3822.invoke(compiler.cljc:1705)
	at cljs.compiler$compile_file.invokeStatic(compiler.cljc:1665)
	at cljs.compiler$compile_file.invoke(compiler.cljc:1641)
	at cljs.closure$compile_file.invokeStatic(closure.clj:647)
	at cljs.closure$compile_file.invoke(closure.clj:625)
	at cljs.closure$fn__5294.invokeStatic(closure.clj:721)
	at cljs.closure$fn__5294.invoke(closure.clj:715)
	at cljs.closure$fn__5207$G__5200__5214.invoke(closure.clj:543)
	at cljs.closure$compile_sources$iter__5420__5424$fn__5425.invoke(closure.clj:1081)
	at clojure.lang.LazySeq.sval(LazySeq.java:42)
	at clojure.lang.LazySeq.seq(LazySeq.java:51)
	at clojure.lang.Cons.next(Cons.java:39)
	at clojure.lang.RT.next(RT.java:713)
	at clojure.core$next__5386.invokeStatic(core.clj:64)
	at clojure.core$dorun.invokeStatic(core.clj:3142)
	at clojure.core$doall.invokeStatic(core.clj:3148)
	at clojure.core$doall.invoke(core.clj:3148)
	at cljs.closure$compile_sources.invokeStatic(closure.clj:1077)
	at cljs.closure$compile_sources.invoke(closure.clj:1066)
	at cljs.closure$build.invokeStatic(closure.clj:2995)
	at cljs.closure$build.invoke(closure.clj:2903)
	at cljs.build.api$build.invokeStatic(api.clj:208)
	at cljs.build.api$build.invoke(api.clj:189)
	at cljs.build.api$build.invokeStatic(api.clj:195)
	at cljs.build.api$build.invoke(api.clj:189)
	at cljs.compile$build.invokeStatic(compile.clj:69)
	at cljs.compile$build.invoke(compile.clj:42)
	at clojure.lang.Var.invoke(Var.java:388)
	at clojuretab.ClojureTab.invoke(ClojureTab.java:700)
	at clojuretab.ClojureActionButton$1.actionPerformed(ClojureActionButton.java:53)
	at java.desktop/javax.swing.AbstractButton.fireActionPerformed(AbstractButton.java:1967)
	at java.desktop/javax.swing.AbstractButton$Handler.actionPerformed(AbstractButton.java:2308)
	at java.desktop/javax.swing.DefaultButtonModel.fireActionPerformed(DefaultButtonModel.java:405)
	at java.desktop/javax.swing.DefaultButtonModel.setPressed(DefaultButtonModel.java:262)
	at java.desktop/javax.swing.plaf.basic.BasicButtonListener.mouseReleased(BasicButtonListener.java:279)
	at java.desktop/java.awt.Component.processMouseEvent(Component.java:6632)
	at java.desktop/javax.swing.JComponent.processMouseEvent(JComponent.java:3342)
	at java.desktop/java.awt.Component.processEvent(Component.java:6397)
	at java.desktop/java.awt.Container.processEvent(Container.java:2263)
	at java.desktop/java.awt.Component.dispatchEventImpl(Component.java:5008)
	at java.desktop/java.awt.Container.dispatchEventImpl(Container.java:2321)
	at java.desktop/java.awt.Component.dispatchEvent(Component.java:4840)
	at java.desktop/java.awt.LightweightDispatcher.retargetMouseEvent(Container.java:4918)
	at java.desktop/java.awt.LightweightDispatcher.processMouseEvent(Container.java:4547)
	at java.desktop/java.awt.LightweightDispatcher.dispatchEvent(Container.java:4488)
	at java.desktop/java.awt.Container.dispatchEventImpl(Container.java:2307)
	at java.desktop/java.awt.Window.dispatchEventImpl(Window.java:2772)
	at java.desktop/java.awt.Component.dispatchEvent(Component.java:4840)
	at java.desktop/java.awt.EventQueue.dispatchEventImpl(EventQueue.java:772)
	at java.desktop/java.awt.EventQueue$4.run(EventQueue.java:721)
	at java.desktop/java.awt.EventQueue$4.run(EventQueue.java:715)
	at java.base/java.security.AccessController.doPrivileged(Native Method)
	at java.base/java.security.ProtectionDomain$JavaSecurityAccessImpl.doIntersectionPrivilege(ProtectionDomain.java:85)
	at java.base/java.security.ProtectionDomain$JavaSecurityAccessImpl.doIntersectionPrivilege(ProtectionDomain.java:95)
	at java.desktop/java.awt.EventQueue$5.run(EventQueue.java:745)
	at java.desktop/java.awt.EventQueue$5.run(EventQueue.java:743)
	at java.base/java.security.AccessController.doPrivileged(Native Method)
	at java.base/java.security.ProtectionDomain$JavaSecurityAccessImpl.doIntersectionPrivilege(ProtectionDomain.java:85)
	at java.desktop/java.awt.EventQueue.dispatchEvent(EventQueue.java:742)
	at java.desktop/java.awt.EventDispatchThread.pumpOneEventForFilters(EventDispatchThread.java:203)
	at java.desktop/java.awt.EventDispatchThread.pumpEventsForFilter(EventDispatchThread.java:124)
	at java.desktop/java.awt.EventDispatchThread.pumpEventsForHierarchy(EventDispatchThread.java:113)
	at java.desktop/java.awt.EventDispatchThread.pumpEvents(EventDispatchThread.java:109)
	at java.desktop/java.awt.EventDispatchThread.pumpEvents(EventDispatchThread.java:101)
	at java.desktop/java.awt.EventDispatchThread.run(EventDispatchThread.java:90)
Caused by: clojure.lang.ExceptionInfo: /home/ru/clojure/simpro-scene/src/cljs/workshop/workshop/client.cljs [line 159, col 42] Unexpected EOF while reading item 7 of list, starting at line 113 and column 1. {:type :reader-exception, :ex-kind :eof, :file "/home/ru/clojure/simpro-scene/src/cljs/workshop/workshop/client.cljs", :line 159, :col 42}
	at clojure.tools.reader.impl.errors$throw_ex.invokeStatic(errors.clj:34)
	at clojure.tools.reader.impl.errors$throw_ex.doInvoke(errors.clj:24)
	at clojure.lang.RestFn.invoke(RestFn.java:442)
	at clojure.tools.reader.impl.errors$eof_error.invokeStatic(errors.clj:46)
	at clojure.tools.reader.impl.errors$eof_error.doInvoke(errors.clj:42)
	at clojure.lang.RestFn.invoke(RestFn.java:516)
	at clojure.tools.reader.impl.errors$throw_eof_delimited.invokeStatic(errors.clj:57)
	at clojure.tools.reader.impl.errors$throw_eof_delimited.invoke(errors.clj:54)
	at clojure.tools.reader$read_delimited.invokeStatic(reader.clj:201)
	at clojure.tools.reader$read_delimited.invoke(reader.clj:190)
	at clojure.tools.reader$read_list.invokeStatic(reader.clj:208)
	at clojure.tools.reader$read_list.invoke(reader.clj:204)
	at clojure.tools.reader$read_STAR_.invokeStatic(reader.clj:924)
	at clojure.tools.reader$read_STAR_.invoke(reader.clj:906)
	at clojure.tools.reader$read_delimited.invokeStatic(reader.clj:197)
	at clojure.tools.reader$read_delimited.invoke(reader.clj:190)
	at clojure.tools.reader$read_list.invokeStatic(reader.clj:208)
	at clojure.tools.reader$read_list.invoke(reader.clj:204)
	at clojure.tools.reader$read_STAR_.invokeStatic(reader.clj:924)
	at clojure.tools.reader$read_STAR_.invoke(reader.clj:906)
	at clojure.tools.reader$read.invokeStatic(reader.clj:977)
	at clojure.tools.reader$read.invoke(reader.clj:950)
	at cljs.analyzer$forms_seq_STAR_$forms_seq___2593$fn__2594$fn__2595.invoke(analyzer.cljc:3938)
	at cljs.analyzer$forms_seq_STAR_$forms_seq___2593$fn__2594.invoke(analyzer.cljc:3931)
	at clojure.lang.LazySeq.sval(LazySeq.java:42)
	at clojure.lang.LazySeq.seq(LazySeq.java:51)
	at clojure.lang.RT.seq(RT.java:535)
	at clojure.core$seq__5402.invokeStatic(core.clj:137)
	at clojure.core$seq__5402.invoke(core.clj:137)
	at cljs.compiler$emit_source.invokeStatic(compiler.cljc:1521)
	at cljs.compiler$emit_source.invoke(compiler.cljc:1496)
	at cljs.compiler$compile_file_STAR_$fn__3791.invoke(compiler.cljc:1608)
	at cljs.compiler$with_core_cljs.invokeStatic(compiler.cljc:1416)
	at cljs.compiler$with_core_cljs.invoke(compiler.cljc:1405)
	at cljs.compiler$compile_file_STAR_.invokeStatic(compiler.cljc:1592)
	at cljs.compiler$compile_file_STAR_.invoke(compiler.cljc:1585)
	at cljs.compiler$compile_file$fn__3822.invoke(compiler.cljc:1690)
	... 64 more

2020.04.15 10:55:49.010 MSK SEVERE: null -- clojure.lang.ExceptionInfo: failed compiling file:src/cljs/workshop/workshop/client.cljs {:file #object[java.io.File 0x15b572b2 "src/cljs/workshop/workshop/client.cljs"]}
	at cljs.compiler$compile_file$fn__3822.invoke(compiler.cljc:1705)
	at cljs.compiler$compile_file.invokeStatic(compiler.cljc:1665)
	at cljs.compiler$compile_file.invoke(compiler.cljc:1641)
	at cljs.closure$compile_file.invokeStatic(closure.clj:647)
	at cljs.closure$compile_file.invoke(closure.clj:625)
	at cljs.closure$fn__5294.invokeStatic(closure.clj:721)
	at cljs.closure$fn__5294.invoke(closure.clj:715)
	at cljs.closure$fn__5207$G__5200__5214.invoke(closure.clj:543)
	at cljs.closure$compile_sources$iter__5420__5424$fn__5425.invoke(closure.clj:1081)
	at clojure.lang.LazySeq.sval(LazySeq.java:42)
	at clojure.lang.LazySeq.seq(LazySeq.java:51)
	at clojure.lang.Cons.next(Cons.java:39)
	at clojure.lang.RT.next(RT.java:713)
	at clojure.core$next__5386.invokeStatic(core.clj:64)
	at clojure.core$dorun.invokeStatic(core.clj:3142)
	at clojure.core$doall.invokeStatic(core.clj:3148)
	at clojure.core$doall.invoke(core.clj:3148)
	at cljs.closure$compile_sources.invokeStatic(closure.clj:1077)
	at cljs.closure$compile_sources.invoke(closure.clj:1066)
	at cljs.closure$build.invokeStatic(closure.clj:2995)
	at cljs.closure$build.invoke(closure.clj:2903)
	at cljs.build.api$build.invokeStatic(api.clj:208)
	at cljs.build.api$build.invoke(api.clj:189)
	at cljs.build.api$build.invokeStatic(api.clj:195)
	at cljs.build.api$build.invoke(api.clj:189)
	at cljs.compile$build.invokeStatic(compile.clj:69)
	at cljs.compile$build.invoke(compile.clj:42)
	at clojure.lang.Var.invoke(Var.java:388)
	at clojuretab.ClojureTab.invoke(ClojureTab.java:700)
	at clojuretab.ClojureActionButton$1.actionPerformed(ClojureActionButton.java:53)
	at java.desktop/javax.swing.AbstractButton.fireActionPerformed(AbstractButton.java:1967)
	at java.desktop/javax.swing.AbstractButton$Handler.actionPerformed(AbstractButton.java:2308)
	at java.desktop/javax.swing.DefaultButtonModel.fireActionPerformed(DefaultButtonModel.java:405)
	at java.desktop/javax.swing.DefaultButtonModel.setPressed(DefaultButtonModel.java:262)
	at java.desktop/javax.swing.plaf.basic.BasicButtonListener.mouseReleased(BasicButtonListener.java:279)
	at java.desktop/java.awt.Component.processMouseEvent(Component.java:6632)
	at java.desktop/javax.swing.JComponent.processMouseEvent(JComponent.java:3342)
	at java.desktop/java.awt.Component.processEvent(Component.java:6397)
	at java.desktop/java.awt.Container.processEvent(Container.java:2263)
	at java.desktop/java.awt.Component.dispatchEventImpl(Component.java:5008)
	at java.desktop/java.awt.Container.dispatchEventImpl(Container.java:2321)
	at java.desktop/java.awt.Component.dispatchEvent(Component.java:4840)
	at java.desktop/java.awt.LightweightDispatcher.retargetMouseEvent(Container.java:4918)
	at java.desktop/java.awt.LightweightDispatcher.processMouseEvent(Container.java:4547)
	at java.desktop/java.awt.LightweightDispatcher.dispatchEvent(Container.java:4488)
	at java.desktop/java.awt.Container.dispatchEventImpl(Container.java:2307)
	at java.desktop/java.awt.Window.dispatchEventImpl(Window.java:2772)
	at java.desktop/java.awt.Component.dispatchEvent(Component.java:4840)
	at java.desktop/java.awt.EventQueue.dispatchEventImpl(EventQueue.java:772)
	at java.desktop/java.awt.EventQueue$4.run(EventQueue.java:721)
	at java.desktop/java.awt.EventQueue$4.run(EventQueue.java:715)
	at java.base/java.security.AccessController.doPrivileged(Native Method)
	at java.base/java.security.ProtectionDomain$JavaSecurityAccessImpl.doIntersectionPrivilege(ProtectionDomain.java:85)
	at java.base/java.security.ProtectionDomain$JavaSecurityAccessImpl.doIntersectionPrivilege(ProtectionDomain.java:95)
	at java.desktop/java.awt.EventQueue$5.run(EventQueue.java:745)
	at java.desktop/java.awt.EventQueue$5.run(EventQueue.java:743)
	at java.base/java.security.AccessController.doPrivileged(Native Method)
	at java.base/java.security.ProtectionDomain$JavaSecurityAccessImpl.doIntersectionPrivilege(ProtectionDomain.java:85)
	at java.desktop/java.awt.EventQueue.dispatchEvent(EventQueue.java:742)
	at java.desktop/java.awt.EventDispatchThread.pumpOneEventForFilters(EventDispatchThread.java:203)
	at java.desktop/java.awt.EventDispatchThread.pumpEventsForFilter(EventDispatchThread.java:124)
	at java.desktop/java.awt.EventDispatchThread.pumpEventsForHierarchy(EventDispatchThread.java:113)
	at java.desktop/java.awt.EventDispatchThread.pumpEvents(EventDispatchThread.java:109)
	at java.desktop/java.awt.EventDispatchThread.pumpEvents(EventDispatchThread.java:101)
	at java.desktop/java.awt.EventDispatchThread.run(EventDispatchThread.java:90)
Caused by: clojure.lang.ExceptionInfo: /home/ru/clojure/simpro-scene/src/cljs/workshop/workshop/client.cljs [line 159, col 42] Unexpected EOF while reading item 8 of list, starting at line 102 and column 1. {:type :reader-exception, :ex-kind :eof, :file "/home/ru/clojure/simpro-scene/src/cljs/workshop/workshop/client.cljs", :line 159, :col 42}
	at clojure.tools.reader.impl.errors$throw_ex.invokeStatic(errors.clj:34)
	at clojure.tools.reader.impl.errors$throw_ex.doInvoke(errors.clj:24)
	at clojure.lang.RestFn.invoke(RestFn.java:442)
	at clojure.tools.reader.impl.errors$eof_error.invokeStatic(errors.clj:46)
	at clojure.tools.reader.impl.errors$eof_error.doInvoke(errors.clj:42)
	at clojure.lang.RestFn.invoke(RestFn.java:516)
	at clojure.tools.reader.impl.errors$throw_eof_delimited.invokeStatic(errors.clj:57)
	at clojure.tools.reader.impl.errors$throw_eof_delimited.invoke(errors.clj:54)
	at clojure.tools.reader$read_delimited.invokeStatic(reader.clj:201)
	at clojure.tools.reader$read_delimited.invoke(reader.clj:190)
	at clojure.tools.reader$read_list.invokeStatic(reader.clj:208)
	at clojure.tools.reader$read_list.invoke(reader.clj:204)
	at clojure.tools.reader$read_STAR_.invokeStatic(reader.clj:924)
	at clojure.tools.reader$read_STAR_.invoke(reader.clj:906)
	at clojure.tools.reader$read.invokeStatic(reader.clj:977)
	at clojure.tools.reader$read.invoke(reader.clj:950)
	at cljs.analyzer$forms_seq_STAR_$forms_seq___2593$fn__2594$fn__2595.invoke(analyzer.cljc:3938)
	at cljs.analyzer$forms_seq_STAR_$forms_seq___2593$fn__2594.invoke(analyzer.cljc:3931)
	at clojure.lang.LazySeq.sval(LazySeq.java:42)
	at clojure.lang.LazySeq.seq(LazySeq.java:51)
	at clojure.lang.RT.seq(RT.java:535)
	at clojure.core$seq__5402.invokeStatic(core.clj:137)
	at clojure.core$seq__5402.invoke(core.clj:137)
	at cljs.compiler$emit_source.invokeStatic(compiler.cljc:1521)
	at cljs.compiler$emit_source.invoke(compiler.cljc:1496)
	at cljs.compiler$compile_file_STAR_$fn__3791.invoke(compiler.cljc:1608)
	at cljs.compiler$with_core_cljs.invokeStatic(compiler.cljc:1416)
	at cljs.compiler$with_core_cljs.invoke(compiler.cljc:1405)
	at cljs.compiler$compile_file_STAR_.invokeStatic(compiler.cljc:1592)
	at cljs.compiler$compile_file_STAR_.invoke(compiler.cljc:1585)
	at cljs.compiler$compile_file$fn__3822.invoke(compiler.cljc:1690)
	... 64 more

2020.04.15 11:33:13.903 MSK SEVERE: null -- clojure.lang.ExceptionInfo: failed compiling file:src/cljs/workshop/workshop/client.cljs {:file #object[java.io.File 0xa2909a4 "src/cljs/workshop/workshop/client.cljs"]}
	at cljs.compiler$compile_file$fn__3822.invoke(compiler.cljc:1705)
	at cljs.compiler$compile_file.invokeStatic(compiler.cljc:1665)
	at cljs.compiler$compile_file.invoke(compiler.cljc:1641)
	at cljs.closure$compile_file.invokeStatic(closure.clj:647)
	at cljs.closure$compile_file.invoke(closure.clj:625)
	at cljs.closure$fn__5294.invokeStatic(closure.clj:721)
	at cljs.closure$fn__5294.invoke(closure.clj:715)
	at cljs.closure$fn__5207$G__5200__5214.invoke(closure.clj:543)
	at cljs.closure$compile_sources$iter__5420__5424$fn__5425.invoke(closure.clj:1081)
	at clojure.lang.LazySeq.sval(LazySeq.java:42)
	at clojure.lang.LazySeq.seq(LazySeq.java:51)
	at clojure.lang.Cons.next(Cons.java:39)
	at clojure.lang.RT.next(RT.java:713)
	at clojure.core$next__5386.invokeStatic(core.clj:64)
	at clojure.core$dorun.invokeStatic(core.clj:3142)
	at clojure.core$doall.invokeStatic(core.clj:3148)
	at clojure.core$doall.invoke(core.clj:3148)
	at cljs.closure$compile_sources.invokeStatic(closure.clj:1077)
	at cljs.closure$compile_sources.invoke(closure.clj:1066)
	at cljs.closure$build.invokeStatic(closure.clj:2995)
	at cljs.closure$build.invoke(closure.clj:2903)
	at cljs.build.api$build.invokeStatic(api.clj:208)
	at cljs.build.api$build.invoke(api.clj:189)
	at cljs.build.api$build.invokeStatic(api.clj:195)
	at cljs.build.api$build.invoke(api.clj:189)
	at cljs.compile$build.invokeStatic(compile.clj:69)
	at cljs.compile$build.invoke(compile.clj:42)
	at clojure.lang.Var.invoke(Var.java:388)
	at clojuretab.ClojureTab.invoke(ClojureTab.java:700)
	at clojuretab.ClojureActionButton$1.actionPerformed(ClojureActionButton.java:53)
	at java.desktop/javax.swing.AbstractButton.fireActionPerformed(AbstractButton.java:1967)
	at java.desktop/javax.swing.AbstractButton$Handler.actionPerformed(AbstractButton.java:2308)
	at java.desktop/javax.swing.DefaultButtonModel.fireActionPerformed(DefaultButtonModel.java:405)
	at java.desktop/javax.swing.DefaultButtonModel.setPressed(DefaultButtonModel.java:262)
	at java.desktop/javax.swing.plaf.basic.BasicButtonListener.mouseReleased(BasicButtonListener.java:279)
	at java.desktop/java.awt.Component.processMouseEvent(Component.java:6632)
	at java.desktop/javax.swing.JComponent.processMouseEvent(JComponent.java:3342)
	at java.desktop/java.awt.Component.processEvent(Component.java:6397)
	at java.desktop/java.awt.Container.processEvent(Container.java:2263)
	at java.desktop/java.awt.Component.dispatchEventImpl(Component.java:5008)
	at java.desktop/java.awt.Container.dispatchEventImpl(Container.java:2321)
	at java.desktop/java.awt.Component.dispatchEvent(Component.java:4840)
	at java.desktop/java.awt.LightweightDispatcher.retargetMouseEvent(Container.java:4918)
	at java.desktop/java.awt.LightweightDispatcher.processMouseEvent(Container.java:4547)
	at java.desktop/java.awt.LightweightDispatcher.dispatchEvent(Container.java:4488)
	at java.desktop/java.awt.Container.dispatchEventImpl(Container.java:2307)
	at java.desktop/java.awt.Window.dispatchEventImpl(Window.java:2772)
	at java.desktop/java.awt.Component.dispatchEvent(Component.java:4840)
	at java.desktop/java.awt.EventQueue.dispatchEventImpl(EventQueue.java:772)
	at java.desktop/java.awt.EventQueue$4.run(EventQueue.java:721)
	at java.desktop/java.awt.EventQueue$4.run(EventQueue.java:715)
	at java.base/java.security.AccessController.doPrivileged(Native Method)
	at java.base/java.security.ProtectionDomain$JavaSecurityAccessImpl.doIntersectionPrivilege(ProtectionDomain.java:85)
	at java.base/java.security.ProtectionDomain$JavaSecurityAccessImpl.doIntersectionPrivilege(ProtectionDomain.java:95)
	at java.desktop/java.awt.EventQueue$5.run(EventQueue.java:745)
	at java.desktop/java.awt.EventQueue$5.run(EventQueue.java:743)
	at java.base/java.security.AccessController.doPrivileged(Native Method)
	at java.base/java.security.ProtectionDomain$JavaSecurityAccessImpl.doIntersectionPrivilege(ProtectionDomain.java:85)
	at java.desktop/java.awt.EventQueue.dispatchEvent(EventQueue.java:742)
	at java.desktop/java.awt.EventDispatchThread.pumpOneEventForFilters(EventDispatchThread.java:203)
	at java.desktop/java.awt.EventDispatchThread.pumpEventsForFilter(EventDispatchThread.java:124)
	at java.desktop/java.awt.EventDispatchThread.pumpEventsForHierarchy(EventDispatchThread.java:113)
	at java.desktop/java.awt.EventDispatchThread.pumpEvents(EventDispatchThread.java:109)
	at java.desktop/java.awt.EventDispatchThread.pumpEvents(EventDispatchThread.java:101)
	at java.desktop/java.awt.EventDispatchThread.run(EventDispatchThread.java:90)
Caused by: clojure.lang.ExceptionInfo: /home/ru/clojure/simpro-scene/src/cljs/workshop/workshop/client.cljs [line 127, col 61] Unmatched delimiter ]. {:type :reader-exception, :ex-kind :reader-error, :file "/home/ru/clojure/simpro-scene/src/cljs/workshop/workshop/client.cljs", :line 127, :col 61}
	at clojure.tools.reader.impl.errors$throw_ex.invokeStatic(errors.clj:34)
	at clojure.tools.reader.impl.errors$throw_ex.doInvoke(errors.clj:24)
	at clojure.lang.RestFn.invoke(RestFn.java:442)
	at clojure.tools.reader.impl.errors$reader_error.invokeStatic(errors.clj:40)
	at clojure.tools.reader.impl.errors$reader_error.doInvoke(errors.clj:36)
	at clojure.lang.RestFn.invoke(RestFn.java:460)
	at clojure.tools.reader.impl.errors$throw_unmatch_delimiter.invokeStatic(errors.clj:112)
	at clojure.tools.reader.impl.errors$throw_unmatch_delimiter.invoke(errors.clj:111)
	at clojure.tools.reader$read_unmatched_delimiter.invokeStatic(reader.clj:77)
	at clojure.tools.reader$read_unmatched_delimiter.invoke(reader.clj:75)
	at clojure.tools.reader$read_STAR_.invokeStatic(reader.clj:924)
	at clojure.tools.reader$read_STAR_.invoke(reader.clj:906)
	at clojure.tools.reader$read_delimited.invokeStatic(reader.clj:197)
	at clojure.tools.reader$read_delimited.invoke(reader.clj:190)
	at clojure.tools.reader$read_list.invokeStatic(reader.clj:208)
	at clojure.tools.reader$read_list.invoke(reader.clj:204)
	at clojure.tools.reader$read_STAR_.invokeStatic(reader.clj:924)
	at clojure.tools.reader$read_STAR_.invoke(reader.clj:906)
	at clojure.tools.reader$read_delimited.invokeStatic(reader.clj:197)
	at clojure.tools.reader$read_delimited.invoke(reader.clj:190)
	at clojure.tools.reader$read_vector.invokeStatic(reader.clj:226)
	at clojure.tools.reader$read_vector.invoke(reader.clj:222)
	at clojure.tools.reader$read_STAR_.invokeStatic(reader.clj:924)
	at clojure.tools.reader$read_STAR_.invoke(reader.clj:906)
	at clojure.tools.reader$read_delimited.invokeStatic(reader.clj:197)
	at clojure.tools.reader$read_delimited.invoke(reader.clj:190)
	at clojure.tools.reader$read_list.invokeStatic(reader.clj:208)
	at clojure.tools.reader$read_list.invoke(reader.clj:204)
	at clojure.tools.reader$read_STAR_.invokeStatic(reader.clj:924)
	at clojure.tools.reader$read_STAR_.invoke(reader.clj:906)
	at clojure.tools.reader$read_delimited.invokeStatic(reader.clj:197)
	at clojure.tools.reader$read_delimited.invoke(reader.clj:190)
	at clojure.tools.reader$read_list.invokeStatic(reader.clj:208)
	at clojure.tools.reader$read_list.invoke(reader.clj:204)
	at clojure.tools.reader$read_STAR_.invokeStatic(reader.clj:924)
	at clojure.tools.reader$read_STAR_.invoke(reader.clj:906)
	at clojure.tools.reader$read.invokeStatic(reader.clj:977)
	at clojure.tools.reader$read.invoke(reader.clj:950)
	at cljs.analyzer$forms_seq_STAR_$forms_seq___2593$fn__2594$fn__2595.invoke(analyzer.cljc:3938)
	at cljs.analyzer$forms_seq_STAR_$forms_seq___2593$fn__2594.invoke(analyzer.cljc:3931)
	at clojure.lang.LazySeq.sval(LazySeq.java:42)
	at clojure.lang.LazySeq.seq(LazySeq.java:51)
	at clojure.lang.RT.seq(RT.java:535)
	at clojure.core$seq__5402.invokeStatic(core.clj:137)
	at clojure.core$seq__5402.invoke(core.clj:137)
	at cljs.compiler$emit_source.invokeStatic(compiler.cljc:1521)
	at cljs.compiler$emit_source.invoke(compiler.cljc:1496)
	at cljs.compiler$compile_file_STAR_$fn__3791.invoke(compiler.cljc:1608)
	at cljs.compiler$with_core_cljs.invokeStatic(compiler.cljc:1416)
	at cljs.compiler$with_core_cljs.invoke(compiler.cljc:1405)
	at cljs.compiler$compile_file_STAR_.invokeStatic(compiler.cljc:1592)
	at cljs.compiler$compile_file_STAR_.invoke(compiler.cljc:1585)
	at cljs.compiler$compile_file$fn__3822.invoke(compiler.cljc:1690)
	... 64 more

2020.04.15 11:33:14.014 MSK SEVERE: null -- clojure.lang.ExceptionInfo: failed compiling file:src/cljs/workshop/workshop/client.cljs {:file #object[java.io.File 0x2debf412 "src/cljs/workshop/workshop/client.cljs"]}
	at cljs.compiler$compile_file$fn__3822.invoke(compiler.cljc:1705)
	at cljs.compiler$compile_file.invokeStatic(compiler.cljc:1665)
	at cljs.compiler$compile_file.invoke(compiler.cljc:1641)
	at cljs.closure$compile_file.invokeStatic(closure.clj:647)
	at cljs.closure$compile_file.invoke(closure.clj:625)
	at cljs.closure$fn__5294.invokeStatic(closure.clj:721)
	at cljs.closure$fn__5294.invoke(closure.clj:715)
	at cljs.closure$fn__5207$G__5200__5214.invoke(closure.clj:543)
	at cljs.closure$compile_sources$iter__5420__5424$fn__5425.invoke(closure.clj:1081)
	at clojure.lang.LazySeq.sval(LazySeq.java:42)
	at clojure.lang.LazySeq.seq(LazySeq.java:51)
	at clojure.lang.Cons.next(Cons.java:39)
	at clojure.lang.RT.next(RT.java:713)
	at clojure.core$next__5386.invokeStatic(core.clj:64)
	at clojure.core$dorun.invokeStatic(core.clj:3142)
	at clojure.core$doall.invokeStatic(core.clj:3148)
	at clojure.core$doall.invoke(core.clj:3148)
	at cljs.closure$compile_sources.invokeStatic(closure.clj:1077)
	at cljs.closure$compile_sources.invoke(closure.clj:1066)
	at cljs.closure$build.invokeStatic(closure.clj:2995)
	at cljs.closure$build.invoke(closure.clj:2903)
	at cljs.build.api$build.invokeStatic(api.clj:208)
	at cljs.build.api$build.invoke(api.clj:189)
	at cljs.build.api$build.invokeStatic(api.clj:195)
	at cljs.build.api$build.invoke(api.clj:189)
	at cljs.compile$build.invokeStatic(compile.clj:69)
	at cljs.compile$build.invoke(compile.clj:42)
	at clojure.lang.Var.invoke(Var.java:388)
	at clojuretab.ClojureTab.invoke(ClojureTab.java:700)
	at clojuretab.ClojureActionButton$1.actionPerformed(ClojureActionButton.java:53)
	at java.desktop/javax.swing.AbstractButton.fireActionPerformed(AbstractButton.java:1967)
	at java.desktop/javax.swing.AbstractButton$Handler.actionPerformed(AbstractButton.java:2308)
	at java.desktop/javax.swing.DefaultButtonModel.fireActionPerformed(DefaultButtonModel.java:405)
	at java.desktop/javax.swing.DefaultButtonModel.setPressed(DefaultButtonModel.java:262)
	at java.desktop/javax.swing.plaf.basic.BasicButtonListener.mouseReleased(BasicButtonListener.java:279)
	at java.desktop/java.awt.Component.processMouseEvent(Component.java:6632)
	at java.desktop/javax.swing.JComponent.processMouseEvent(JComponent.java:3342)
	at java.desktop/java.awt.Component.processEvent(Component.java:6397)
	at java.desktop/java.awt.Container.processEvent(Container.java:2263)
	at java.desktop/java.awt.Component.dispatchEventImpl(Component.java:5008)
	at java.desktop/java.awt.Container.dispatchEventImpl(Container.java:2321)
	at java.desktop/java.awt.Component.dispatchEvent(Component.java:4840)
	at java.desktop/java.awt.LightweightDispatcher.retargetMouseEvent(Container.java:4918)
	at java.desktop/java.awt.LightweightDispatcher.processMouseEvent(Container.java:4547)
	at java.desktop/java.awt.LightweightDispatcher.dispatchEvent(Container.java:4488)
	at java.desktop/java.awt.Container.dispatchEventImpl(Container.java:2307)
	at java.desktop/java.awt.Window.dispatchEventImpl(Window.java:2772)
	at java.desktop/java.awt.Component.dispatchEvent(Component.java:4840)
	at java.desktop/java.awt.EventQueue.dispatchEventImpl(EventQueue.java:772)
	at java.desktop/java.awt.EventQueue$4.run(EventQueue.java:721)
	at java.desktop/java.awt.EventQueue$4.run(EventQueue.java:715)
	at java.base/java.security.AccessController.doPrivileged(Native Method)
	at java.base/java.security.ProtectionDomain$JavaSecurityAccessImpl.doIntersectionPrivilege(ProtectionDomain.java:85)
	at java.base/java.security.ProtectionDomain$JavaSecurityAccessImpl.doIntersectionPrivilege(ProtectionDomain.java:95)
	at java.desktop/java.awt.EventQueue$5.run(EventQueue.java:745)
	at java.desktop/java.awt.EventQueue$5.run(EventQueue.java:743)
	at java.base/java.security.AccessController.doPrivileged(Native Method)
	at java.base/java.security.ProtectionDomain$JavaSecurityAccessImpl.doIntersectionPrivilege(ProtectionDomain.java:85)
	at java.desktop/java.awt.EventQueue.dispatchEvent(EventQueue.java:742)
	at java.desktop/java.awt.EventDispatchThread.pumpOneEventForFilters(EventDispatchThread.java:203)
	at java.desktop/java.awt.EventDispatchThread.pumpEventsForFilter(EventDispatchThread.java:124)
	at java.desktop/java.awt.EventDispatchThread.pumpEventsForHierarchy(EventDispatchThread.java:113)
	at java.desktop/java.awt.EventDispatchThread.pumpEvents(EventDispatchThread.java:109)
	at java.desktop/java.awt.EventDispatchThread.pumpEvents(EventDispatchThread.java:101)
	at java.desktop/java.awt.EventDispatchThread.run(EventDispatchThread.java:90)
Caused by: clojure.lang.ExceptionInfo: /home/ru/clojure/simpro-scene/src/cljs/workshop/workshop/client.cljs [line 127, col 61] Unmatched delimiter ]. {:type :reader-exception, :ex-kind :reader-error, :file "/home/ru/clojure/simpro-scene/src/cljs/workshop/workshop/client.cljs", :line 127, :col 61}
	at clojure.tools.reader.impl.errors$throw_ex.invokeStatic(errors.clj:34)
	at clojure.tools.reader.impl.errors$throw_ex.doInvoke(errors.clj:24)
	at clojure.lang.RestFn.invoke(RestFn.java:442)
	at clojure.tools.reader.impl.errors$reader_error.invokeStatic(errors.clj:40)
	at clojure.tools.reader.impl.errors$reader_error.doInvoke(errors.clj:36)
	at clojure.lang.RestFn.invoke(RestFn.java:460)
	at clojure.tools.reader.impl.errors$throw_unmatch_delimiter.invokeStatic(errors.clj:112)
	at clojure.tools.reader.impl.errors$throw_unmatch_delimiter.invoke(errors.clj:111)
	at clojure.tools.reader$read_unmatched_delimiter.invokeStatic(reader.clj:77)
	at clojure.tools.reader$read_unmatched_delimiter.invoke(reader.clj:75)
	at clojure.tools.reader$read_STAR_.invokeStatic(reader.clj:924)
	at clojure.tools.reader$read_STAR_.invoke(reader.clj:906)
	at clojure.tools.reader$read_delimited.invokeStatic(reader.clj:197)
	at clojure.tools.reader$read_delimited.invoke(reader.clj:190)
	at clojure.tools.reader$read_list.invokeStatic(reader.clj:208)
	at clojure.tools.reader$read_list.invoke(reader.clj:204)
	at clojure.tools.reader$read_STAR_.invokeStatic(reader.clj:924)
	at clojure.tools.reader$read_STAR_.invoke(reader.clj:906)
	at clojure.tools.reader$read_delimited.invokeStatic(reader.clj:197)
	at clojure.tools.reader$read_delimited.invoke(reader.clj:190)
	at clojure.tools.reader$read_vector.invokeStatic(reader.clj:226)
	at clojure.tools.reader$read_vector.invoke(reader.clj:222)
	at clojure.tools.reader$read_STAR_.invokeStatic(reader.clj:924)
	at clojure.tools.reader$read_STAR_.invoke(reader.clj:906)
	at clojure.tools.reader$read_delimited.invokeStatic(reader.clj:197)
	at clojure.tools.reader$read_delimited.invoke(reader.clj:190)
	at clojure.tools.reader$read_list.invokeStatic(reader.clj:208)
	at clojure.tools.reader$read_list.invoke(reader.clj:204)
	at clojure.tools.reader$read_STAR_.invokeStatic(reader.clj:924)
	at clojure.tools.reader$read_STAR_.invoke(reader.clj:906)
	at clojure.tools.reader$read_delimited.invokeStatic(reader.clj:197)
	at clojure.tools.reader$read_delimited.invoke(reader.clj:190)
	at clojure.tools.reader$read_list.invokeStatic(reader.clj:208)
	at clojure.tools.reader$read_list.invoke(reader.clj:204)
	at clojure.tools.reader$read_STAR_.invokeStatic(reader.clj:924)
	at clojure.tools.reader$read_STAR_.invoke(reader.clj:906)
	at clojure.tools.reader$read.invokeStatic(reader.clj:977)
	at clojure.tools.reader$read.invoke(reader.clj:950)
	at cljs.analyzer$forms_seq_STAR_$forms_seq___2593$fn__2594$fn__2595.invoke(analyzer.cljc:3938)
	at cljs.analyzer$forms_seq_STAR_$forms_seq___2593$fn__2594.invoke(analyzer.cljc:3931)
	at clojure.lang.LazySeq.sval(LazySeq.java:42)
	at clojure.lang.LazySeq.seq(LazySeq.java:51)
	at clojure.lang.RT.seq(RT.java:535)
	at clojure.core$seq__5402.invokeStatic(core.clj:137)
	at clojure.core$seq__5402.invoke(core.clj:137)
	at cljs.compiler$emit_source.invokeStatic(compiler.cljc:1521)
	at cljs.compiler$emit_source.invoke(compiler.cljc:1496)
	at cljs.compiler$compile_file_STAR_$fn__3791.invoke(compiler.cljc:1608)
	at cljs.compiler$with_core_cljs.invokeStatic(compiler.cljc:1416)
	at cljs.compiler$with_core_cljs.invoke(compiler.cljc:1405)
	at cljs.compiler$compile_file_STAR_.invokeStatic(compiler.cljc:1592)
	at cljs.compiler$compile_file_STAR_.invoke(compiler.cljc:1585)
	at cljs.compiler$compile_file$fn__3822.invoke(compiler.cljc:1690)
	... 64 more

2020.04.15 11:33:57.461 MSK SEVERE: null -- clojure.lang.ExceptionInfo: failed compiling file:src/cljs/workshop/workshop/client.cljs {:file #object[java.io.File 0x44a63f87 "src/cljs/workshop/workshop/client.cljs"]}
	at cljs.compiler$compile_file$fn__3822.invoke(compiler.cljc:1705)
	at cljs.compiler$compile_file.invokeStatic(compiler.cljc:1665)
	at cljs.compiler$compile_file.invoke(compiler.cljc:1641)
	at cljs.closure$compile_file.invokeStatic(closure.clj:647)
	at cljs.closure$compile_file.invoke(closure.clj:625)
	at cljs.closure$fn__5294.invokeStatic(closure.clj:721)
	at cljs.closure$fn__5294.invoke(closure.clj:715)
	at cljs.closure$fn__5207$G__5200__5214.invoke(closure.clj:543)
	at cljs.closure$compile_sources$iter__5420__5424$fn__5425.invoke(closure.clj:1081)
	at clojure.lang.LazySeq.sval(LazySeq.java:42)
	at clojure.lang.LazySeq.seq(LazySeq.java:51)
	at clojure.lang.Cons.next(Cons.java:39)
	at clojure.lang.RT.next(RT.java:713)
	at clojure.core$next__5386.invokeStatic(core.clj:64)
	at clojure.core$dorun.invokeStatic(core.clj:3142)
	at clojure.core$doall.invokeStatic(core.clj:3148)
	at clojure.core$doall.invoke(core.clj:3148)
	at cljs.closure$compile_sources.invokeStatic(closure.clj:1077)
	at cljs.closure$compile_sources.invoke(closure.clj:1066)
	at cljs.closure$build.invokeStatic(closure.clj:2995)
	at cljs.closure$build.invoke(closure.clj:2903)
	at cljs.build.api$build.invokeStatic(api.clj:208)
	at cljs.build.api$build.invoke(api.clj:189)
	at cljs.build.api$build.invokeStatic(api.clj:195)
	at cljs.build.api$build.invoke(api.clj:189)
	at cljs.compile$build.invokeStatic(compile.clj:69)
	at cljs.compile$build.invoke(compile.clj:42)
	at clojure.lang.Var.invoke(Var.java:388)
	at clojuretab.ClojureTab.invoke(ClojureTab.java:700)
	at clojuretab.ClojureActionButton$1.actionPerformed(ClojureActionButton.java:53)
	at java.desktop/javax.swing.AbstractButton.fireActionPerformed(AbstractButton.java:1967)
	at java.desktop/javax.swing.AbstractButton$Handler.actionPerformed(AbstractButton.java:2308)
	at java.desktop/javax.swing.DefaultButtonModel.fireActionPerformed(DefaultButtonModel.java:405)
	at java.desktop/javax.swing.DefaultButtonModel.setPressed(DefaultButtonModel.java:262)
	at java.desktop/javax.swing.plaf.basic.BasicButtonListener.mouseReleased(BasicButtonListener.java:279)
	at java.desktop/java.awt.Component.processMouseEvent(Component.java:6632)
	at java.desktop/javax.swing.JComponent.processMouseEvent(JComponent.java:3342)
	at java.desktop/java.awt.Component.processEvent(Component.java:6397)
	at java.desktop/java.awt.Container.processEvent(Container.java:2263)
	at java.desktop/java.awt.Component.dispatchEventImpl(Component.java:5008)
	at java.desktop/java.awt.Container.dispatchEventImpl(Container.java:2321)
	at java.desktop/java.awt.Component.dispatchEvent(Component.java:4840)
	at java.desktop/java.awt.LightweightDispatcher.retargetMouseEvent(Container.java:4918)
	at java.desktop/java.awt.LightweightDispatcher.processMouseEvent(Container.java:4547)
	at java.desktop/java.awt.LightweightDispatcher.dispatchEvent(Container.java:4488)
	at java.desktop/java.awt.Container.dispatchEventImpl(Container.java:2307)
	at java.desktop/java.awt.Window.dispatchEventImpl(Window.java:2772)
	at java.desktop/java.awt.Component.dispatchEvent(Component.java:4840)
	at java.desktop/java.awt.EventQueue.dispatchEventImpl(EventQueue.java:772)
	at java.desktop/java.awt.EventQueue$4.run(EventQueue.java:721)
	at java.desktop/java.awt.EventQueue$4.run(EventQueue.java:715)
	at java.base/java.security.AccessController.doPrivileged(Native Method)
	at java.base/java.security.ProtectionDomain$JavaSecurityAccessImpl.doIntersectionPrivilege(ProtectionDomain.java:85)
	at java.base/java.security.ProtectionDomain$JavaSecurityAccessImpl.doIntersectionPrivilege(ProtectionDomain.java:95)
	at java.desktop/java.awt.EventQueue$5.run(EventQueue.java:745)
	at java.desktop/java.awt.EventQueue$5.run(EventQueue.java:743)
	at java.base/java.security.AccessController.doPrivileged(Native Method)
	at java.base/java.security.ProtectionDomain$JavaSecurityAccessImpl.doIntersectionPrivilege(ProtectionDomain.java:85)
	at java.desktop/java.awt.EventQueue.dispatchEvent(EventQueue.java:742)
	at java.desktop/java.awt.EventDispatchThread.pumpOneEventForFilters(EventDispatchThread.java:203)
	at java.desktop/java.awt.EventDispatchThread.pumpEventsForFilter(EventDispatchThread.java:124)
	at java.desktop/java.awt.EventDispatchThread.pumpEventsForHierarchy(EventDispatchThread.java:113)
	at java.desktop/java.awt.EventDispatchThread.pumpEvents(EventDispatchThread.java:109)
	at java.desktop/java.awt.EventDispatchThread.pumpEvents(EventDispatchThread.java:101)
	at java.desktop/java.awt.EventDispatchThread.run(EventDispatchThread.java:90)
Caused by: clojure.lang.ExceptionInfo: /home/ru/clojure/simpro-scene/src/cljs/workshop/workshop/client.cljs [line 172, col 42] Unexpected EOF while reading item 12 of list, starting at line 130 and column 1. {:type :reader-exception, :ex-kind :eof, :file "/home/ru/clojure/simpro-scene/src/cljs/workshop/workshop/client.cljs", :line 172, :col 42}
	at clojure.tools.reader.impl.errors$throw_ex.invokeStatic(errors.clj:34)
	at clojure.tools.reader.impl.errors$throw_ex.doInvoke(errors.clj:24)
	at clojure.lang.RestFn.invoke(RestFn.java:442)
	at clojure.tools.reader.impl.errors$eof_error.invokeStatic(errors.clj:46)
	at clojure.tools.reader.impl.errors$eof_error.doInvoke(errors.clj:42)
	at clojure.lang.RestFn.invoke(RestFn.java:516)
	at clojure.tools.reader.impl.errors$throw_eof_delimited.invokeStatic(errors.clj:57)
	at clojure.tools.reader.impl.errors$throw_eof_delimited.invoke(errors.clj:54)
	at clojure.tools.reader$read_delimited.invokeStatic(reader.clj:201)
	at clojure.tools.reader$read_delimited.invoke(reader.clj:190)
	at clojure.tools.reader$read_list.invokeStatic(reader.clj:208)
	at clojure.tools.reader$read_list.invoke(reader.clj:204)
	at clojure.tools.reader$read_STAR_.invokeStatic(reader.clj:924)
	at clojure.tools.reader$read_STAR_.invoke(reader.clj:906)
	at clojure.tools.reader$read.invokeStatic(reader.clj:977)
	at clojure.tools.reader$read.invoke(reader.clj:950)
	at cljs.analyzer$forms_seq_STAR_$forms_seq___2593$fn__2594$fn__2595.invoke(analyzer.cljc:3938)
	at cljs.analyzer$forms_seq_STAR_$forms_seq___2593$fn__2594.invoke(analyzer.cljc:3931)
	at clojure.lang.LazySeq.sval(LazySeq.java:42)
	at clojure.lang.LazySeq.seq(LazySeq.java:51)
	at clojure.lang.RT.seq(RT.java:535)
	at clojure.core$seq__5402.invokeStatic(core.clj:137)
	at clojure.core$seq__5402.invoke(core.clj:137)
	at cljs.compiler$emit_source.invokeStatic(compiler.cljc:1521)
	at cljs.compiler$emit_source.invoke(compiler.cljc:1496)
	at cljs.compiler$compile_file_STAR_$fn__3791.invoke(compiler.cljc:1608)
	at cljs.compiler$with_core_cljs.invokeStatic(compiler.cljc:1416)
	at cljs.compiler$with_core_cljs.invoke(compiler.cljc:1405)
	at cljs.compiler$compile_file_STAR_.invokeStatic(compiler.cljc:1592)
	at cljs.compiler$compile_file_STAR_.invoke(compiler.cljc:1585)
	at cljs.compiler$compile_file$fn__3822.invoke(compiler.cljc:1690)
	... 64 more

2020.04.15 13:19:34.446 MSK SEVERE: null -- clojure.lang.ExceptionInfo: failed compiling file:src/cljs/workshop/workshop/client.cljs {:file #object[java.io.File 0x5a64a7a5 "src/cljs/workshop/workshop/client.cljs"]}
	at cljs.compiler$compile_file$fn__3822.invoke(compiler.cljc:1705)
	at cljs.compiler$compile_file.invokeStatic(compiler.cljc:1665)
	at cljs.compiler$compile_file.invoke(compiler.cljc:1641)
	at cljs.closure$compile_file.invokeStatic(closure.clj:647)
	at cljs.closure$compile_file.invoke(closure.clj:625)
	at cljs.closure$fn__5294.invokeStatic(closure.clj:721)
	at cljs.closure$fn__5294.invoke(closure.clj:715)
	at cljs.closure$fn__5207$G__5200__5214.invoke(closure.clj:543)
	at cljs.closure$compile_sources$iter__5420__5424$fn__5425.invoke(closure.clj:1081)
	at clojure.lang.LazySeq.sval(LazySeq.java:42)
	at clojure.lang.LazySeq.seq(LazySeq.java:51)
	at clojure.lang.Cons.next(Cons.java:39)
	at clojure.lang.RT.next(RT.java:713)
	at clojure.core$next__5386.invokeStatic(core.clj:64)
	at clojure.core$dorun.invokeStatic(core.clj:3142)
	at clojure.core$doall.invokeStatic(core.clj:3148)
	at clojure.core$doall.invoke(core.clj:3148)
	at cljs.closure$compile_sources.invokeStatic(closure.clj:1077)
	at cljs.closure$compile_sources.invoke(closure.clj:1066)
	at cljs.closure$build.invokeStatic(closure.clj:2995)
	at cljs.closure$build.invoke(closure.clj:2903)
	at cljs.build.api$build.invokeStatic(api.clj:208)
	at cljs.build.api$build.invoke(api.clj:189)
	at cljs.build.api$build.invokeStatic(api.clj:195)
	at cljs.build.api$build.invoke(api.clj:189)
	at cljs.compile$build.invokeStatic(compile.clj:69)
	at cljs.compile$build.invoke(compile.clj:42)
	at clojure.lang.Var.invoke(Var.java:388)
	at clojuretab.ClojureTab.invoke(ClojureTab.java:700)
	at clojuretab.ClojureActionButton$1.actionPerformed(ClojureActionButton.java:53)
	at java.desktop/javax.swing.AbstractButton.fireActionPerformed(AbstractButton.java:1967)
	at java.desktop/javax.swing.AbstractButton$Handler.actionPerformed(AbstractButton.java:2308)
	at java.desktop/javax.swing.DefaultButtonModel.fireActionPerformed(DefaultButtonModel.java:405)
	at java.desktop/javax.swing.DefaultButtonModel.setPressed(DefaultButtonModel.java:262)
	at java.desktop/javax.swing.plaf.basic.BasicButtonListener.mouseReleased(BasicButtonListener.java:279)
	at java.desktop/java.awt.Component.processMouseEvent(Component.java:6632)
	at java.desktop/javax.swing.JComponent.processMouseEvent(JComponent.java:3342)
	at java.desktop/java.awt.Component.processEvent(Component.java:6397)
	at java.desktop/java.awt.Container.processEvent(Container.java:2263)
	at java.desktop/java.awt.Component.dispatchEventImpl(Component.java:5008)
	at java.desktop/java.awt.Container.dispatchEventImpl(Container.java:2321)
	at java.desktop/java.awt.Component.dispatchEvent(Component.java:4840)
	at java.desktop/java.awt.LightweightDispatcher.retargetMouseEvent(Container.java:4918)
	at java.desktop/java.awt.LightweightDispatcher.processMouseEvent(Container.java:4547)
	at java.desktop/java.awt.LightweightDispatcher.dispatchEvent(Container.java:4488)
	at java.desktop/java.awt.Container.dispatchEventImpl(Container.java:2307)
	at java.desktop/java.awt.Window.dispatchEventImpl(Window.java:2772)
	at java.desktop/java.awt.Component.dispatchEvent(Component.java:4840)
	at java.desktop/java.awt.EventQueue.dispatchEventImpl(EventQueue.java:772)
	at java.desktop/java.awt.EventQueue$4.run(EventQueue.java:721)
	at java.desktop/java.awt.EventQueue$4.run(EventQueue.java:715)
	at java.base/java.security.AccessController.doPrivileged(Native Method)
	at java.base/java.security.ProtectionDomain$JavaSecurityAccessImpl.doIntersectionPrivilege(ProtectionDomain.java:85)
	at java.base/java.security.ProtectionDomain$JavaSecurityAccessImpl.doIntersectionPrivilege(ProtectionDomain.java:95)
	at java.desktop/java.awt.EventQueue$5.run(EventQueue.java:745)
	at java.desktop/java.awt.EventQueue$5.run(EventQueue.java:743)
	at java.base/java.security.AccessController.doPrivileged(Native Method)
	at java.base/java.security.ProtectionDomain$JavaSecurityAccessImpl.doIntersectionPrivilege(ProtectionDomain.java:85)
	at java.desktop/java.awt.EventQueue.dispatchEvent(EventQueue.java:742)
	at java.desktop/java.awt.EventDispatchThread.pumpOneEventForFilters(EventDispatchThread.java:203)
	at java.desktop/java.awt.EventDispatchThread.pumpEventsForFilter(EventDispatchThread.java:124)
	at java.desktop/java.awt.EventDispatchThread.pumpEventsForHierarchy(EventDispatchThread.java:113)
	at java.desktop/java.awt.EventDispatchThread.pumpEvents(EventDispatchThread.java:109)
	at java.desktop/java.awt.EventDispatchThread.pumpEvents(EventDispatchThread.java:101)
	at java.desktop/java.awt.EventDispatchThread.run(EventDispatchThread.java:90)
Caused by: clojure.lang.ExceptionInfo: /home/ru/clojure/simpro-scene/src/cljs/workshop/workshop/client.cljs [line 143, col 127] Unmatched delimiter ]. {:type :reader-exception, :ex-kind :reader-error, :file "/home/ru/clojure/simpro-scene/src/cljs/workshop/workshop/client.cljs", :line 143, :col 127}
	at clojure.tools.reader.impl.errors$throw_ex.invokeStatic(errors.clj:34)
	at clojure.tools.reader.impl.errors$throw_ex.doInvoke(errors.clj:24)
	at clojure.lang.RestFn.invoke(RestFn.java:442)
	at clojure.tools.reader.impl.errors$reader_error.invokeStatic(errors.clj:40)
	at clojure.tools.reader.impl.errors$reader_error.doInvoke(errors.clj:36)
	at clojure.lang.RestFn.invoke(RestFn.java:460)
	at clojure.tools.reader.impl.errors$throw_unmatch_delimiter.invokeStatic(errors.clj:112)
	at clojure.tools.reader.impl.errors$throw_unmatch_delimiter.invoke(errors.clj:111)
	at clojure.tools.reader$read_unmatched_delimiter.invokeStatic(reader.clj:77)
	at clojure.tools.reader$read_unmatched_delimiter.invoke(reader.clj:75)
	at clojure.tools.reader$read_STAR_.invokeStatic(reader.clj:924)
	at clojure.tools.reader$read_STAR_.invoke(reader.clj:906)
	at clojure.tools.reader$read_delimited.invokeStatic(reader.clj:197)
	at clojure.tools.reader$read_delimited.invoke(reader.clj:190)
	at clojure.tools.reader$read_list.invokeStatic(reader.clj:208)
	at clojure.tools.reader$read_list.invoke(reader.clj:204)
	at clojure.tools.reader$read_STAR_.invokeStatic(reader.clj:924)
	at clojure.tools.reader$read_STAR_.invoke(reader.clj:906)
	at clojure.tools.reader$read_delimited.invokeStatic(reader.clj:197)
	at clojure.tools.reader$read_delimited.invoke(reader.clj:190)
	at clojure.tools.reader$read_vector.invokeStatic(reader.clj:226)
	at clojure.tools.reader$read_vector.invoke(reader.clj:222)
	at clojure.tools.reader$read_STAR_.invokeStatic(reader.clj:924)
	at clojure.tools.reader$read_STAR_.invoke(reader.clj:906)
	at clojure.tools.reader$read_delimited.invokeStatic(reader.clj:197)
	at clojure.tools.reader$read_delimited.invoke(reader.clj:190)
	at clojure.tools.reader$read_list.invokeStatic(reader.clj:208)
	at clojure.tools.reader$read_list.invoke(reader.clj:204)
	at clojure.tools.reader$read_STAR_.invokeStatic(reader.clj:924)
	at clojure.tools.reader$read_STAR_.invoke(reader.clj:906)
	at clojure.tools.reader$read_delimited.invokeStatic(reader.clj:197)
	at clojure.tools.reader$read_delimited.invoke(reader.clj:190)
	at clojure.tools.reader$read_list.invokeStatic(reader.clj:208)
	at clojure.tools.reader$read_list.invoke(reader.clj:204)
	at clojure.tools.reader$read_STAR_.invokeStatic(reader.clj:924)
	at clojure.tools.reader$read_STAR_.invoke(reader.clj:906)
	at clojure.tools.reader$read_delimited.invokeStatic(reader.clj:197)
	at clojure.tools.reader$read_delimited.invoke(reader.clj:190)
	at clojure.tools.reader$read_list.invokeStatic(reader.clj:208)
	at clojure.tools.reader$read_list.invoke(reader.clj:204)
	at clojure.tools.reader$read_STAR_.invokeStatic(reader.clj:924)
	at clojure.tools.reader$read_STAR_.invoke(reader.clj:906)
	at clojure.tools.reader$read_delimited.invokeStatic(reader.clj:197)
	at clojure.tools.reader$read_delimited.invoke(reader.clj:190)
	at clojure.tools.reader$read_list.invokeStatic(reader.clj:208)
	at clojure.tools.reader$read_list.invoke(reader.clj:204)
	at clojure.tools.reader$read_STAR_.invokeStatic(reader.clj:924)
	at clojure.tools.reader$read_STAR_.invoke(reader.clj:906)
	at clojure.tools.reader$read_delimited.invokeStatic(reader.clj:197)
	at clojure.tools.reader$read_delimited.invoke(reader.clj:190)
	at clojure.tools.reader$read_list.invokeStatic(reader.clj:208)
	at clojure.tools.reader$read_list.invoke(reader.clj:204)
	at clojure.tools.reader$read_STAR_.invokeStatic(reader.clj:924)
	at clojure.tools.reader$read_STAR_.invoke(reader.clj:906)
	at clojure.tools.reader$read.invokeStatic(reader.clj:977)
	at clojure.tools.reader$read.invoke(reader.clj:950)
	at cljs.analyzer$forms_seq_STAR_$forms_seq___2593$fn__2594$fn__2595.invoke(analyzer.cljc:3938)
	at cljs.analyzer$forms_seq_STAR_$forms_seq___2593$fn__2594.invoke(analyzer.cljc:3931)
	at clojure.lang.LazySeq.sval(LazySeq.java:42)
	at clojure.lang.LazySeq.seq(LazySeq.java:51)
	at clojure.lang.RT.seq(RT.java:535)
	at clojure.core$seq__5402.invokeStatic(core.clj:137)
	at clojure.core$seq__5402.invoke(core.clj:137)
	at cljs.compiler$emit_source.invokeStatic(compiler.cljc:1521)
	at cljs.compiler$emit_source.invoke(compiler.cljc:1496)
	at cljs.compiler$compile_file_STAR_$fn__3791.invoke(compiler.cljc:1608)
	at cljs.compiler$with_core_cljs.invokeStatic(compiler.cljc:1416)
	at cljs.compiler$with_core_cljs.invoke(compiler.cljc:1405)
	at cljs.compiler$compile_file_STAR_.invokeStatic(compiler.cljc:1592)
	at cljs.compiler$compile_file_STAR_.invoke(compiler.cljc:1585)
	at cljs.compiler$compile_file$fn__3822.invoke(compiler.cljc:1690)
	... 64 more

2020.04.15 13:36:45.313 MSK SEVERE: null -- clojure.lang.ExceptionInfo: failed compiling file:src/cljs/workshop/workshop/client.cljs {:file #object[java.io.File 0x5614ccbb "src/cljs/workshop/workshop/client.cljs"]}
	at cljs.compiler$compile_file$fn__3822.invoke(compiler.cljc:1705)
	at cljs.compiler$compile_file.invokeStatic(compiler.cljc:1665)
	at cljs.compiler$compile_file.invoke(compiler.cljc:1641)
	at cljs.closure$compile_file.invokeStatic(closure.clj:647)
	at cljs.closure$compile_file.invoke(closure.clj:625)
	at cljs.closure$fn__5294.invokeStatic(closure.clj:721)
	at cljs.closure$fn__5294.invoke(closure.clj:715)
	at cljs.closure$fn__5207$G__5200__5214.invoke(closure.clj:543)
	at cljs.closure$compile_sources$iter__5420__5424$fn__5425.invoke(closure.clj:1081)
	at clojure.lang.LazySeq.sval(LazySeq.java:42)
	at clojure.lang.LazySeq.seq(LazySeq.java:51)
	at clojure.lang.Cons.next(Cons.java:39)
	at clojure.lang.RT.next(RT.java:713)
	at clojure.core$next__5386.invokeStatic(core.clj:64)
	at clojure.core$dorun.invokeStatic(core.clj:3142)
	at clojure.core$doall.invokeStatic(core.clj:3148)
	at clojure.core$doall.invoke(core.clj:3148)
	at cljs.closure$compile_sources.invokeStatic(closure.clj:1077)
	at cljs.closure$compile_sources.invoke(closure.clj:1066)
	at cljs.closure$build.invokeStatic(closure.clj:2995)
	at cljs.closure$build.invoke(closure.clj:2903)
	at cljs.build.api$build.invokeStatic(api.clj:208)
	at cljs.build.api$build.invoke(api.clj:189)
	at cljs.build.api$build.invokeStatic(api.clj:195)
	at cljs.build.api$build.invoke(api.clj:189)
	at cljs.compile$build.invokeStatic(compile.clj:69)
	at cljs.compile$build.invoke(compile.clj:42)
	at clojure.lang.Var.invoke(Var.java:388)
	at clojuretab.ClojureTab.invoke(ClojureTab.java:700)
	at clojuretab.ClojureActionButton$1.actionPerformed(ClojureActionButton.java:53)
	at java.desktop/javax.swing.AbstractButton.fireActionPerformed(AbstractButton.java:1967)
	at java.desktop/javax.swing.AbstractButton$Handler.actionPerformed(AbstractButton.java:2308)
	at java.desktop/javax.swing.DefaultButtonModel.fireActionPerformed(DefaultButtonModel.java:405)
	at java.desktop/javax.swing.DefaultButtonModel.setPressed(DefaultButtonModel.java:262)
	at java.desktop/javax.swing.plaf.basic.BasicButtonListener.mouseReleased(BasicButtonListener.java:279)
	at java.desktop/java.awt.Component.processMouseEvent(Component.java:6632)
	at java.desktop/javax.swing.JComponent.processMouseEvent(JComponent.java:3342)
	at java.desktop/java.awt.Component.processEvent(Component.java:6397)
	at java.desktop/java.awt.Container.processEvent(Container.java:2263)
	at java.desktop/java.awt.Component.dispatchEventImpl(Component.java:5008)
	at java.desktop/java.awt.Container.dispatchEventImpl(Container.java:2321)
	at java.desktop/java.awt.Component.dispatchEvent(Component.java:4840)
	at java.desktop/java.awt.LightweightDispatcher.retargetMouseEvent(Container.java:4918)
	at java.desktop/java.awt.LightweightDispatcher.processMouseEvent(Container.java:4547)
	at java.desktop/java.awt.LightweightDispatcher.dispatchEvent(Container.java:4488)
	at java.desktop/java.awt.Container.dispatchEventImpl(Container.java:2307)
	at java.desktop/java.awt.Window.dispatchEventImpl(Window.java:2772)
	at java.desktop/java.awt.Component.dispatchEvent(Component.java:4840)
	at java.desktop/java.awt.EventQueue.dispatchEventImpl(EventQueue.java:772)
	at java.desktop/java.awt.EventQueue$4.run(EventQueue.java:721)
	at java.desktop/java.awt.EventQueue$4.run(EventQueue.java:715)
	at java.base/java.security.AccessController.doPrivileged(Native Method)
	at java.base/java.security.ProtectionDomain$JavaSecurityAccessImpl.doIntersectionPrivilege(ProtectionDomain.java:85)
	at java.base/java.security.ProtectionDomain$JavaSecurityAccessImpl.doIntersectionPrivilege(ProtectionDomain.java:95)
	at java.desktop/java.awt.EventQueue$5.run(EventQueue.java:745)
	at java.desktop/java.awt.EventQueue$5.run(EventQueue.java:743)
	at java.base/java.security.AccessController.doPrivileged(Native Method)
	at java.base/java.security.ProtectionDomain$JavaSecurityAccessImpl.doIntersectionPrivilege(ProtectionDomain.java:85)
	at java.desktop/java.awt.EventQueue.dispatchEvent(EventQueue.java:742)
	at java.desktop/java.awt.EventDispatchThread.pumpOneEventForFilters(EventDispatchThread.java:203)
	at java.desktop/java.awt.EventDispatchThread.pumpEventsForFilter(EventDispatchThread.java:124)
	at java.desktop/java.awt.EventDispatchThread.pumpEventsForHierarchy(EventDispatchThread.java:113)
	at java.desktop/java.awt.EventDispatchThread.pumpEvents(EventDispatchThread.java:109)
	at java.desktop/java.awt.EventDispatchThread.pumpEvents(EventDispatchThread.java:101)
	at java.desktop/java.awt.EventDispatchThread.run(EventDispatchThread.java:90)
Caused by: clojure.lang.ExceptionInfo: /home/ru/clojure/simpro-scene/src/cljs/workshop/workshop/client.cljs [line 138, col 77] Unmatched delimiter ]. {:type :reader-exception, :ex-kind :reader-error, :file "/home/ru/clojure/simpro-scene/src/cljs/workshop/workshop/client.cljs", :line 138, :col 77}
	at clojure.tools.reader.impl.errors$throw_ex.invokeStatic(errors.clj:34)
	at clojure.tools.reader.impl.errors$throw_ex.doInvoke(errors.clj:24)
	at clojure.lang.RestFn.invoke(RestFn.java:442)
	at clojure.tools.reader.impl.errors$reader_error.invokeStatic(errors.clj:40)
	at clojure.tools.reader.impl.errors$reader_error.doInvoke(errors.clj:36)
	at clojure.lang.RestFn.invoke(RestFn.java:460)
	at clojure.tools.reader.impl.errors$throw_unmatch_delimiter.invokeStatic(errors.clj:112)
	at clojure.tools.reader.impl.errors$throw_unmatch_delimiter.invoke(errors.clj:111)
	at clojure.tools.reader$read_unmatched_delimiter.invokeStatic(reader.clj:77)
	at clojure.tools.reader$read_unmatched_delimiter.invoke(reader.clj:75)
	at clojure.tools.reader$read_STAR_.invokeStatic(reader.clj:924)
	at clojure.tools.reader$read_STAR_.invoke(reader.clj:906)
	at clojure.tools.reader$read_delimited.invokeStatic(reader.clj:197)
	at clojure.tools.reader$read_delimited.invoke(reader.clj:190)
	at clojure.tools.reader$read_list.invokeStatic(reader.clj:208)
	at clojure.tools.reader$read_list.invoke(reader.clj:204)
	at clojure.tools.reader$read_STAR_.invokeStatic(reader.clj:924)
	at clojure.tools.reader$read_STAR_.invoke(reader.clj:906)
	at clojure.tools.reader$read_delimited.invokeStatic(reader.clj:197)
	at clojure.tools.reader$read_delimited.invoke(reader.clj:190)
	at clojure.tools.reader$read_vector.invokeStatic(reader.clj:226)
	at clojure.tools.reader$read_vector.invoke(reader.clj:222)
	at clojure.tools.reader$read_STAR_.invokeStatic(reader.clj:924)
	at clojure.tools.reader$read_STAR_.invoke(reader.clj:906)
	at clojure.tools.reader$read_delimited.invokeStatic(reader.clj:197)
	at clojure.tools.reader$read_delimited.invoke(reader.clj:190)
	at clojure.tools.reader$read_list.invokeStatic(reader.clj:208)
	at clojure.tools.reader$read_list.invoke(reader.clj:204)
	at clojure.tools.reader$read_STAR_.invokeStatic(reader.clj:924)
	at clojure.tools.reader$read_STAR_.invoke(reader.clj:906)
	at clojure.tools.reader$read_delimited.invokeStatic(reader.clj:197)
	at clojure.tools.reader$read_delimited.invoke(reader.clj:190)
	at clojure.tools.reader$read_list.invokeStatic(reader.clj:208)
	at clojure.tools.reader$read_list.invoke(reader.clj:204)
	at clojure.tools.reader$read_STAR_.invokeStatic(reader.clj:924)
	at clojure.tools.reader$read_STAR_.invoke(reader.clj:906)
	at clojure.tools.reader$read.invokeStatic(reader.clj:977)
	at clojure.tools.reader$read.invoke(reader.clj:950)
	at cljs.analyzer$forms_seq_STAR_$forms_seq___2593$fn__2594$fn__2595.invoke(analyzer.cljc:3938)
	at cljs.analyzer$forms_seq_STAR_$forms_seq___2593$fn__2594.invoke(analyzer.cljc:3931)
	at clojure.lang.LazySeq.sval(LazySeq.java:42)
	at clojure.lang.LazySeq.seq(LazySeq.java:51)
	at clojure.lang.RT.seq(RT.java:535)
	at clojure.core$seq__5402.invokeStatic(core.clj:137)
	at clojure.core$seq__5402.invoke(core.clj:137)
	at cljs.compiler$emit_source.invokeStatic(compiler.cljc:1521)
	at cljs.compiler$emit_source.invoke(compiler.cljc:1496)
	at cljs.compiler$compile_file_STAR_$fn__3791.invoke(compiler.cljc:1608)
	at cljs.compiler$with_core_cljs.invokeStatic(compiler.cljc:1416)
	at cljs.compiler$with_core_cljs.invoke(compiler.cljc:1405)
	at cljs.compiler$compile_file_STAR_.invokeStatic(compiler.cljc:1592)
	at cljs.compiler$compile_file_STAR_.invoke(compiler.cljc:1585)
	at cljs.compiler$compile_file$fn__3822.invoke(compiler.cljc:1690)
	... 64 more

2020.04.15 13:37:57.620 MSK SEVERE: null -- clojure.lang.ExceptionInfo: failed compiling file:src/cljs/workshop/workshop/client.cljs {:file #object[java.io.File 0x11e93ec3 "src/cljs/workshop/workshop/client.cljs"]}
	at cljs.compiler$compile_file$fn__3822.invoke(compiler.cljc:1705)
	at cljs.compiler$compile_file.invokeStatic(compiler.cljc:1665)
	at cljs.compiler$compile_file.invoke(compiler.cljc:1641)
	at cljs.closure$compile_file.invokeStatic(closure.clj:647)
	at cljs.closure$compile_file.invoke(closure.clj:625)
	at cljs.closure$fn__5294.invokeStatic(closure.clj:721)
	at cljs.closure$fn__5294.invoke(closure.clj:715)
	at cljs.closure$fn__5207$G__5200__5214.invoke(closure.clj:543)
	at cljs.closure$compile_sources$iter__5420__5424$fn__5425.invoke(closure.clj:1081)
	at clojure.lang.LazySeq.sval(LazySeq.java:42)
	at clojure.lang.LazySeq.seq(LazySeq.java:51)
	at clojure.lang.Cons.next(Cons.java:39)
	at clojure.lang.RT.next(RT.java:713)
	at clojure.core$next__5386.invokeStatic(core.clj:64)
	at clojure.core$dorun.invokeStatic(core.clj:3142)
	at clojure.core$doall.invokeStatic(core.clj:3148)
	at clojure.core$doall.invoke(core.clj:3148)
	at cljs.closure$compile_sources.invokeStatic(closure.clj:1077)
	at cljs.closure$compile_sources.invoke(closure.clj:1066)
	at cljs.closure$build.invokeStatic(closure.clj:2995)
	at cljs.closure$build.invoke(closure.clj:2903)
	at cljs.build.api$build.invokeStatic(api.clj:208)
	at cljs.build.api$build.invoke(api.clj:189)
	at cljs.build.api$build.invokeStatic(api.clj:195)
	at cljs.build.api$build.invoke(api.clj:189)
	at cljs.compile$build.invokeStatic(compile.clj:69)
	at cljs.compile$build.invoke(compile.clj:42)
	at clojure.lang.Var.invoke(Var.java:388)
	at clojuretab.ClojureTab.invoke(ClojureTab.java:700)
	at clojuretab.ClojureActionButton$1.actionPerformed(ClojureActionButton.java:53)
	at java.desktop/javax.swing.AbstractButton.fireActionPerformed(AbstractButton.java:1967)
	at java.desktop/javax.swing.AbstractButton$Handler.actionPerformed(AbstractButton.java:2308)
	at java.desktop/javax.swing.DefaultButtonModel.fireActionPerformed(DefaultButtonModel.java:405)
	at java.desktop/javax.swing.DefaultButtonModel.setPressed(DefaultButtonModel.java:262)
	at java.desktop/javax.swing.plaf.basic.BasicButtonListener.mouseReleased(BasicButtonListener.java:279)
	at java.desktop/java.awt.Component.processMouseEvent(Component.java:6632)
	at java.desktop/javax.swing.JComponent.processMouseEvent(JComponent.java:3342)
	at java.desktop/java.awt.Component.processEvent(Component.java:6397)
	at java.desktop/java.awt.Container.processEvent(Container.java:2263)
	at java.desktop/java.awt.Component.dispatchEventImpl(Component.java:5008)
	at java.desktop/java.awt.Container.dispatchEventImpl(Container.java:2321)
	at java.desktop/java.awt.Component.dispatchEvent(Component.java:4840)
	at java.desktop/java.awt.LightweightDispatcher.retargetMouseEvent(Container.java:4918)
	at java.desktop/java.awt.LightweightDispatcher.processMouseEvent(Container.java:4547)
	at java.desktop/java.awt.LightweightDispatcher.dispatchEvent(Container.java:4488)
	at java.desktop/java.awt.Container.dispatchEventImpl(Container.java:2307)
	at java.desktop/java.awt.Window.dispatchEventImpl(Window.java:2772)
	at java.desktop/java.awt.Component.dispatchEvent(Component.java:4840)
	at java.desktop/java.awt.EventQueue.dispatchEventImpl(EventQueue.java:772)
	at java.desktop/java.awt.EventQueue$4.run(EventQueue.java:721)
	at java.desktop/java.awt.EventQueue$4.run(EventQueue.java:715)
	at java.base/java.security.AccessController.doPrivileged(Native Method)
	at java.base/java.security.ProtectionDomain$JavaSecurityAccessImpl.doIntersectionPrivilege(ProtectionDomain.java:85)
	at java.base/java.security.ProtectionDomain$JavaSecurityAccessImpl.doIntersectionPrivilege(ProtectionDomain.java:95)
	at java.desktop/java.awt.EventQueue$5.run(EventQueue.java:745)
	at java.desktop/java.awt.EventQueue$5.run(EventQueue.java:743)
	at java.base/java.security.AccessController.doPrivileged(Native Method)
	at java.base/java.security.ProtectionDomain$JavaSecurityAccessImpl.doIntersectionPrivilege(ProtectionDomain.java:85)
	at java.desktop/java.awt.EventQueue.dispatchEvent(EventQueue.java:742)
	at java.desktop/java.awt.EventDispatchThread.pumpOneEventForFilters(EventDispatchThread.java:203)
	at java.desktop/java.awt.EventDispatchThread.pumpEventsForFilter(EventDispatchThread.java:124)
	at java.desktop/java.awt.EventDispatchThread.pumpEventsForHierarchy(EventDispatchThread.java:113)
	at java.desktop/java.awt.EventDispatchThread.pumpEvents(EventDispatchThread.java:109)
	at java.desktop/java.awt.EventDispatchThread.pumpEvents(EventDispatchThread.java:101)
	at java.desktop/java.awt.EventDispatchThread.run(EventDispatchThread.java:90)
Caused by: clojure.lang.ExceptionInfo: /home/ru/clojure/simpro-scene/src/cljs/workshop/workshop/client.cljs [line 137, col 77] Unmatched delimiter ]. {:type :reader-exception, :ex-kind :reader-error, :file "/home/ru/clojure/simpro-scene/src/cljs/workshop/workshop/client.cljs", :line 137, :col 77}
	at clojure.tools.reader.impl.errors$throw_ex.invokeStatic(errors.clj:34)
	at clojure.tools.reader.impl.errors$throw_ex.doInvoke(errors.clj:24)
	at clojure.lang.RestFn.invoke(RestFn.java:442)
	at clojure.tools.reader.impl.errors$reader_error.invokeStatic(errors.clj:40)
	at clojure.tools.reader.impl.errors$reader_error.doInvoke(errors.clj:36)
	at clojure.lang.RestFn.invoke(RestFn.java:460)
	at clojure.tools.reader.impl.errors$throw_unmatch_delimiter.invokeStatic(errors.clj:112)
	at clojure.tools.reader.impl.errors$throw_unmatch_delimiter.invoke(errors.clj:111)
	at clojure.tools.reader$read_unmatched_delimiter.invokeStatic(reader.clj:77)
	at clojure.tools.reader$read_unmatched_delimiter.invoke(reader.clj:75)
	at clojure.tools.reader$read_STAR_.invokeStatic(reader.clj:924)
	at clojure.tools.reader$read_STAR_.invoke(reader.clj:906)
	at clojure.tools.reader$read_delimited.invokeStatic(reader.clj:197)
	at clojure.tools.reader$read_delimited.invoke(reader.clj:190)
	at clojure.tools.reader$read_list.invokeStatic(reader.clj:208)
	at clojure.tools.reader$read_list.invoke(reader.clj:204)
	at clojure.tools.reader$read_STAR_.invokeStatic(reader.clj:924)
	at clojure.tools.reader$read_STAR_.invoke(reader.clj:906)
	at clojure.tools.reader$read_delimited.invokeStatic(reader.clj:197)
	at clojure.tools.reader$read_delimited.invoke(reader.clj:190)
	at clojure.tools.reader$read_vector.invokeStatic(reader.clj:226)
	at clojure.tools.reader$read_vector.invoke(reader.clj:222)
	at clojure.tools.reader$read_STAR_.invokeStatic(reader.clj:924)
	at clojure.tools.reader$read_STAR_.invoke(reader.clj:906)
	at clojure.tools.reader$read_delimited.invokeStatic(reader.clj:197)
	at clojure.tools.reader$read_delimited.invoke(reader.clj:190)
	at clojure.tools.reader$read_list.invokeStatic(reader.clj:208)
	at clojure.tools.reader$read_list.invoke(reader.clj:204)
	at clojure.tools.reader$read_STAR_.invokeStatic(reader.clj:924)
	at clojure.tools.reader$read_STAR_.invoke(reader.clj:906)
	at clojure.tools.reader$read_delimited.invokeStatic(reader.clj:197)
	at clojure.tools.reader$read_delimited.invoke(reader.clj:190)
	at clojure.tools.reader$read_list.invokeStatic(reader.clj:208)
	at clojure.tools.reader$read_list.invoke(reader.clj:204)
	at clojure.tools.reader$read_STAR_.invokeStatic(reader.clj:924)
	at clojure.tools.reader$read_STAR_.invoke(reader.clj:906)
	at clojure.tools.reader$read.invokeStatic(reader.clj:977)
	at clojure.tools.reader$read.invoke(reader.clj:950)
	at cljs.analyzer$forms_seq_STAR_$forms_seq___2593$fn__2594$fn__2595.invoke(analyzer.cljc:3938)
	at cljs.analyzer$forms_seq_STAR_$forms_seq___2593$fn__2594.invoke(analyzer.cljc:3931)
	at clojure.lang.LazySeq.sval(LazySeq.java:42)
	at clojure.lang.LazySeq.seq(LazySeq.java:51)
	at clojure.lang.RT.seq(RT.java:535)
	at clojure.core$seq__5402.invokeStatic(core.clj:137)
	at clojure.core$seq__5402.invoke(core.clj:137)
	at cljs.compiler$emit_source.invokeStatic(compiler.cljc:1521)
	at cljs.compiler$emit_source.invoke(compiler.cljc:1496)
	at cljs.compiler$compile_file_STAR_$fn__3791.invoke(compiler.cljc:1608)
	at cljs.compiler$with_core_cljs.invokeStatic(compiler.cljc:1416)
	at cljs.compiler$with_core_cljs.invoke(compiler.cljc:1405)
	at cljs.compiler$compile_file_STAR_.invokeStatic(compiler.cljc:1592)
	at cljs.compiler$compile_file_STAR_.invoke(compiler.cljc:1585)
	at cljs.compiler$compile_file$fn__3822.invoke(compiler.cljc:1690)
	... 64 more

2020.04.15 14:09:05.207 MSK SEVERE: null -- clojure.lang.ExceptionInfo: failed compiling file:src/cljs/workshop/workshop/client.cljs {:file #object[java.io.File 0x4c08ca7d "src/cljs/workshop/workshop/client.cljs"]}
	at cljs.compiler$compile_file$fn__3822.invoke(compiler.cljc:1705)
	at cljs.compiler$compile_file.invokeStatic(compiler.cljc:1665)
	at cljs.compiler$compile_file.invoke(compiler.cljc:1641)
	at cljs.closure$compile_file.invokeStatic(closure.clj:647)
	at cljs.closure$compile_file.invoke(closure.clj:625)
	at cljs.closure$fn__5294.invokeStatic(closure.clj:721)
	at cljs.closure$fn__5294.invoke(closure.clj:715)
	at cljs.closure$fn__5207$G__5200__5214.invoke(closure.clj:543)
	at cljs.closure$compile_sources$iter__5420__5424$fn__5425.invoke(closure.clj:1081)
	at clojure.lang.LazySeq.sval(LazySeq.java:42)
	at clojure.lang.LazySeq.seq(LazySeq.java:51)
	at clojure.lang.Cons.next(Cons.java:39)
	at clojure.lang.RT.next(RT.java:713)
	at clojure.core$next__5386.invokeStatic(core.clj:64)
	at clojure.core$dorun.invokeStatic(core.clj:3142)
	at clojure.core$doall.invokeStatic(core.clj:3148)
	at clojure.core$doall.invoke(core.clj:3148)
	at cljs.closure$compile_sources.invokeStatic(closure.clj:1077)
	at cljs.closure$compile_sources.invoke(closure.clj:1066)
	at cljs.closure$build.invokeStatic(closure.clj:2995)
	at cljs.closure$build.invoke(closure.clj:2903)
	at cljs.build.api$build.invokeStatic(api.clj:208)
	at cljs.build.api$build.invoke(api.clj:189)
	at cljs.build.api$build.invokeStatic(api.clj:195)
	at cljs.build.api$build.invoke(api.clj:189)
	at cljs.compile$build.invokeStatic(compile.clj:69)
	at cljs.compile$build.invoke(compile.clj:42)
	at clojure.lang.Var.invoke(Var.java:388)
	at clojuretab.ClojureTab.invoke(ClojureTab.java:700)
	at clojuretab.ClojureActionButton$1.actionPerformed(ClojureActionButton.java:53)
	at java.desktop/javax.swing.AbstractButton.fireActionPerformed(AbstractButton.java:1967)
	at java.desktop/javax.swing.AbstractButton$Handler.actionPerformed(AbstractButton.java:2308)
	at java.desktop/javax.swing.DefaultButtonModel.fireActionPerformed(DefaultButtonModel.java:405)
	at java.desktop/javax.swing.DefaultButtonModel.setPressed(DefaultButtonModel.java:262)
	at java.desktop/javax.swing.plaf.basic.BasicButtonListener.mouseReleased(BasicButtonListener.java:279)
	at java.desktop/java.awt.Component.processMouseEvent(Component.java:6632)
	at java.desktop/javax.swing.JComponent.processMouseEvent(JComponent.java:3342)
	at java.desktop/java.awt.Component.processEvent(Component.java:6397)
	at java.desktop/java.awt.Container.processEvent(Container.java:2263)
	at java.desktop/java.awt.Component.dispatchEventImpl(Component.java:5008)
	at java.desktop/java.awt.Container.dispatchEventImpl(Container.java:2321)
	at java.desktop/java.awt.Component.dispatchEvent(Component.java:4840)
	at java.desktop/java.awt.LightweightDispatcher.retargetMouseEvent(Container.java:4918)
	at java.desktop/java.awt.LightweightDispatcher.processMouseEvent(Container.java:4547)
	at java.desktop/java.awt.LightweightDispatcher.dispatchEvent(Container.java:4488)
	at java.desktop/java.awt.Container.dispatchEventImpl(Container.java:2307)
	at java.desktop/java.awt.Window.dispatchEventImpl(Window.java:2772)
	at java.desktop/java.awt.Component.dispatchEvent(Component.java:4840)
	at java.desktop/java.awt.EventQueue.dispatchEventImpl(EventQueue.java:772)
	at java.desktop/java.awt.EventQueue$4.run(EventQueue.java:721)
	at java.desktop/java.awt.EventQueue$4.run(EventQueue.java:715)
	at java.base/java.security.AccessController.doPrivileged(Native Method)
	at java.base/java.security.ProtectionDomain$JavaSecurityAccessImpl.doIntersectionPrivilege(ProtectionDomain.java:85)
	at java.base/java.security.ProtectionDomain$JavaSecurityAccessImpl.doIntersectionPrivilege(ProtectionDomain.java:95)
	at java.desktop/java.awt.EventQueue$5.run(EventQueue.java:745)
	at java.desktop/java.awt.EventQueue$5.run(EventQueue.java:743)
	at java.base/java.security.AccessController.doPrivileged(Native Method)
	at java.base/java.security.ProtectionDomain$JavaSecurityAccessImpl.doIntersectionPrivilege(ProtectionDomain.java:85)
	at java.desktop/java.awt.EventQueue.dispatchEvent(EventQueue.java:742)
	at java.desktop/java.awt.EventDispatchThread.pumpOneEventForFilters(EventDispatchThread.java:203)
	at java.desktop/java.awt.EventDispatchThread.pumpEventsForFilter(EventDispatchThread.java:124)
	at java.desktop/java.awt.EventDispatchThread.pumpEventsForHierarchy(EventDispatchThread.java:113)
	at java.desktop/java.awt.EventDispatchThread.pumpEvents(EventDispatchThread.java:109)
	at java.desktop/java.awt.EventDispatchThread.pumpEvents(EventDispatchThread.java:101)
	at java.desktop/java.awt.EventDispatchThread.run(EventDispatchThread.java:90)
Caused by: clojure.lang.ExceptionInfo: /home/ru/clojure/simpro-scene/src/cljs/workshop/workshop/client.cljs [line 49, col 69] Unmatched delimiter ). {:type :reader-exception, :ex-kind :reader-error, :file "/home/ru/clojure/simpro-scene/src/cljs/workshop/workshop/client.cljs", :line 49, :col 69}
	at clojure.tools.reader.impl.errors$throw_ex.invokeStatic(errors.clj:34)
	at clojure.tools.reader.impl.errors$throw_ex.doInvoke(errors.clj:24)
	at clojure.lang.RestFn.invoke(RestFn.java:442)
	at clojure.tools.reader.impl.errors$reader_error.invokeStatic(errors.clj:40)
	at clojure.tools.reader.impl.errors$reader_error.doInvoke(errors.clj:36)
	at clojure.lang.RestFn.invoke(RestFn.java:460)
	at clojure.tools.reader.impl.errors$throw_unmatch_delimiter.invokeStatic(errors.clj:112)
	at clojure.tools.reader.impl.errors$throw_unmatch_delimiter.invoke(errors.clj:111)
	at clojure.tools.reader$read_unmatched_delimiter.invokeStatic(reader.clj:77)
	at clojure.tools.reader$read_unmatched_delimiter.invoke(reader.clj:75)
	at clojure.tools.reader$read_STAR_.invokeStatic(reader.clj:924)
	at clojure.tools.reader$read_STAR_.invoke(reader.clj:906)
	at clojure.tools.reader$read.invokeStatic(reader.clj:977)
	at clojure.tools.reader$read.invoke(reader.clj:950)
	at cljs.analyzer$forms_seq_STAR_$forms_seq___2593$fn__2594$fn__2595.invoke(analyzer.cljc:3938)
	at cljs.analyzer$forms_seq_STAR_$forms_seq___2593$fn__2594.invoke(analyzer.cljc:3931)
	at clojure.lang.LazySeq.sval(LazySeq.java:42)
	at clojure.lang.LazySeq.seq(LazySeq.java:51)
	at clojure.lang.RT.seq(RT.java:535)
	at clojure.core$seq__5402.invokeStatic(core.clj:137)
	at clojure.core$seq__5402.invoke(core.clj:137)
	at cljs.compiler$emit_source.invokeStatic(compiler.cljc:1521)
	at cljs.compiler$emit_source.invoke(compiler.cljc:1496)
	at cljs.compiler$compile_file_STAR_$fn__3791.invoke(compiler.cljc:1608)
	at cljs.compiler$with_core_cljs.invokeStatic(compiler.cljc:1416)
	at cljs.compiler$with_core_cljs.invoke(compiler.cljc:1405)
	at cljs.compiler$compile_file_STAR_.invokeStatic(compiler.cljc:1592)
	at cljs.compiler$compile_file_STAR_.invoke(compiler.cljc:1585)
	at cljs.compiler$compile_file$fn__3822.invoke(compiler.cljc:1690)
	... 64 more

