2018.01.04 13:16:23.528 MSK INFO: *** SYSTEM START *** -- SystemUtilities.logSystemInfo()
2018.01.04 13:16:23.538 MSK CONFIG: Protege 3.5 Build 663, JVM 1.8.0_151-8u151-b12-0ubuntu0.16.04.2-b12, memory=441M, Linux, encoding=UTF-8, language=ru, country=RU -- SystemUtilities.logSystemInfo()
2018.01.04 13:16:23.864 MSK CONFIG: Loaded plugin clojuretab -- PluginUtilities.logClassLoaderInformation()
2018.01.04 13:16:23.869 MSK CONFIG: Loaded plugin ru.igis.omtab -- PluginUtilities.logClassLoaderInformation()
2018.01.04 13:16:23.875 MSK CONFIG: Loaded plugin edu.stanford.smi.protegex.standard_extensions - Graph Widget, Table Widget -- PluginUtilities.logClassLoaderInformation()
2018.01.04 13:16:24.117 MSK WARNING: Look and feel not found: com.apple.laf.AquaLookAndFeel -- SystemUtilities.setLookAndFeel()
2018.01.04 13:16:24.635 MSK WARNING: missing bundle: protege_text -- BundleHelper.<init>()
2018.01.04 13:16:28.585 MSK INFO: Loaded 5000 instances: ScenarioN_ProjectKB_Class82568 -- Parser.getInstance()
2018.01.04 13:16:28.606 MSK INFO: Loaded 6000 instances: ScenarioN_ProjectKB_Class83568 -- Parser.getInstance()
2018.01.04 13:16:28.693 MSK INFO: Set type on 5000 instances: ScenarioN_ProjectKB_Class83176 -- Parser.getInstance()
2018.01.04 13:16:36.852 MSK INFO: Load time for file:/home/ta/clojure/simpro-scene/pprj_base/Scenario.pprj = 4 sec (project) + 4 sec (ui) -- ProjectManager$3.run()
2018.01.04 13:16:56.916 MSK INFO: Loaded 5000 instances: ScenarioN_ProjectKB_Class82568 -- Parser.getInstance()
2018.01.04 13:16:56.937 MSK INFO: Loaded 6000 instances: ScenarioN_ProjectKB_Class83568 -- Parser.getInstance()
2018.01.04 13:16:57.022 MSK INFO: Set type on 5000 instances: ScenarioN_ProjectKB_Class83176 -- Parser.getInstance()
2018.01.04 13:17:03.122 MSK INFO: Project load time for file:/home/ta/clojure/simpro-scene/pprj_examples/Sea.pprj: 7 sec -- ProjectChooser.loadProject()
2018.01.04 13:17:05.416 MSK INFO: UI display time = 2 sec -- ProjectManager$2.run()
2018.01.04 13:19:41.993 MSK INFO: Loaded 5000 instances: ScenarioN_ProjectKB_Class82568 -- Parser.getInstance()
2018.01.04 13:19:42.015 MSK INFO: Loaded 6000 instances: ScenarioN_ProjectKB_Class83568 -- Parser.getInstance()
2018.01.04 13:19:42.102 MSK INFO: Set type on 5000 instances: ScenarioN_ProjectKB_Class83176 -- Parser.getInstance()
2018.01.04 13:19:45.191 MSK INFO: Project load time for file:/home/ta/clojure/simpro-scene/pprj_base/Scenario.pprj: 3 sec -- ProjectChooser.loadProject()
2018.01.04 13:19:46.573 MSK INFO: UI display time = 1 sec -- ProjectManager$2.run()
