2017.12.30 19:44:24.291 MSK INFO: *** SYSTEM START *** -- SystemUtilities.logSystemInfo()
2017.12.30 19:44:24.295 MSK CONFIG: Protege 3.5 Build 663, JVM 1.8.0_31-b13, memory=1908M, Mac OS X, encoding=UTF-8, language=en, country=US -- SystemUtilities.logSystemInfo()
2017.12.30 19:44:25.131 MSK CONFIG: Loaded plugin clojuretab -- PluginUtilities.logClassLoaderInformation()
2017.12.30 19:44:25.145 MSK CONFIG: Loaded plugin edu.stanford.smi.protegex.standard_extensions - Graph Widget, Table Widget -- PluginUtilities.logClassLoaderInformation()
2017.12.30 19:44:25.203 MSK CONFIG: Loaded plugin ru.igis.omtab -- PluginUtilities.logClassLoaderInformation()
2017.12.30 19:44:26.932 MSK WARNING: missing bundle: protege_text -- BundleHelper.<init>()
2017.12.30 19:44:32.182 MSK INFO: Loaded 5000 instances: ScenarioN_ProjectKB_Class82577 -- Parser.getInstance()
2017.12.30 19:44:32.186 MSK INFO: Loaded 6000 instances: ScenarioN_ProjectKB_Class83577 -- Parser.getInstance()
2017.12.30 19:44:32.205 MSK INFO: Set type on 5000 instances: ScenarioN_ProjectKB_Class83179 -- Parser.getInstance()
2017.12.30 19:44:34.185 MSK WARNING: Couldn't locate shape file data/shape/dcwpo-browse.shp -- SpatialIndex.locateAndSetShapeData()
2017.12.30 19:44:34.495 MSK INFO: Load time for file:/Users/ru/clojure/simpro-scene/pprj_examples/Finn.pprj = 2 sec (project) + 1 sec (ui) -- ProjectManager$3.run()
2017.12.30 19:51:04.571 MSK INFO: Project load time for file:/Users/ru/clojure/simpro-scene/pprj_base/igis.pprj: 0 sec -- ProjectChooser.loadProject()
2017.12.30 19:51:05.046 MSK INFO: UI display time = 0 sec -- ProjectManager$2.run()
2017.12.30 19:51:32.187 MSK INFO: Loaded 5000 instances: ScenarioN_ProjectKB_Class82577 -- Parser.getInstance()
2017.12.30 19:51:32.204 MSK INFO: Loaded 6000 instances: ScenarioN_ProjectKB_Class83577 -- Parser.getInstance()
2017.12.30 19:51:32.222 MSK INFO: Set type on 5000 instances: ScenarioN_ProjectKB_Class83179 -- Parser.getInstance()
2017.12.30 19:51:33.048 MSK INFO: Project load time for file:/Users/ru/clojure/simpro-scene/pprj_base/Scenario.pprj: 1 sec -- ProjectChooser.loadProject()
2017.12.30 19:51:33.732 MSK INFO: UI display time = 0 sec -- ProjectManager$2.run()
2017.12.30 19:52:25.603 MSK INFO: Project load time for file:/Users/ru/clojure/simpro-scene/pprj_base/igis.pprj: 0 sec -- ProjectChooser.loadProject()
2017.12.30 19:52:26.022 MSK INFO: UI display time = 0 sec -- ProjectManager$2.run()
