2017.12.14 12:35:45.457 MSK INFO: *** SYSTEM START *** -- SystemUtilities.logSystemInfo()
2017.12.14 12:35:45.460 MSK CONFIG: Protege 3.5 Build 663, JVM 1.8.0_31-b13, memory=1908M, Mac OS X, encoding=UTF-8, language=en, country=US -- SystemUtilities.logSystemInfo()
2017.12.14 12:35:45.883 MSK CONFIG: Loaded plugin clojuretab -- PluginUtilities.logClassLoaderInformation()
2017.12.14 12:35:45.885 MSK CONFIG: Loaded plugin edu.stanford.smi.protegex.standard_extensions - Graph Widget, Table Widget -- PluginUtilities.logClassLoaderInformation()
2017.12.14 12:35:45.924 MSK CONFIG: Loaded plugin ru.igis.omtab -- PluginUtilities.logClassLoaderInformation()
2017.12.14 12:35:47.028 MSK WARNING: missing bundle: protege_text -- BundleHelper.<init>()
2017.12.14 12:35:51.124 MSK INFO: Loaded 5000 instances: ScenarioN_ProjectKB_Class72448 -- Parser.getInstance()
2017.12.14 12:35:51.128 MSK INFO: Loaded 6000 instances: ScenarioN_ProjectKB_Class83448 -- Parser.getInstance()
2017.12.14 12:35:51.145 MSK INFO: Set type on 5000 instances: ScenarioN_ProjectKB_Class83059 -- Parser.getInstance()
2017.12.14 12:35:51.161 MSK INFO: Set type on 6000 instances: ScenarioN_ProjectKB_Class84059 -- Parser.getInstance()
2017.12.14 12:35:53.985 MSK INFO: Load time for file:/Users/ru/clojure/simpro-scene/pprj_examples/Sea.pprj = 2 sec (project) + 1 sec (ui) -- ProjectManager$3.run()
2017.12.14 13:24:35.000 MSK INFO: Loaded 5000 instances: ScenarioN_ProjectKB_Class72448 -- Parser.getInstance()
2017.12.14 13:24:35.016 MSK INFO: Loaded 6000 instances: ScenarioN_ProjectKB_Class83448 -- Parser.getInstance()
2017.12.14 13:24:35.033 MSK INFO: Set type on 5000 instances: ScenarioN_ProjectKB_Class83059 -- Parser.getInstance()
2017.12.14 13:24:35.048 MSK INFO: Set type on 6000 instances: ScenarioN_ProjectKB_Class84059 -- Parser.getInstance()
2017.12.14 13:24:36.636 MSK INFO: Project load time for file:/Users/ru/clojure/simpro-scene/pprj_examples/Sea.pprj: 1 sec -- ProjectChooser.loadProject()
2017.12.14 13:24:37.188 MSK INFO: UI display time = 0 sec -- ProjectManager$2.run()
2017.12.14 13:32:40.999 MSK INFO: Loaded 5000 instances: ScenarioN_ProjectKB_Class72448 -- Parser.getInstance()
2017.12.14 13:32:41.011 MSK INFO: Loaded 6000 instances: ScenarioN_ProjectKB_Class83448 -- Parser.getInstance()
2017.12.14 13:32:41.028 MSK INFO: Set type on 5000 instances: ScenarioN_ProjectKB_Class83059 -- Parser.getInstance()
2017.12.14 13:32:41.044 MSK INFO: Set type on 6000 instances: ScenarioN_ProjectKB_Class84059 -- Parser.getInstance()
2017.12.14 13:32:42.636 MSK INFO: Project load time for file:/Users/ru/clojure/simpro-scene/pprj_examples/Sea.pprj: 1 sec -- ProjectChooser.loadProject()
2017.12.14 13:32:43.186 MSK INFO: UI display time = 0 sec -- ProjectManager$2.run()
2017.12.14 13:37:38.958 MSK INFO: Loaded 5000 instances: ScenarioN_ProjectKB_Class72448 -- Parser.getInstance()
2017.12.14 13:37:38.962 MSK INFO: Loaded 6000 instances: ScenarioN_ProjectKB_Class83448 -- Parser.getInstance()
2017.12.14 13:37:38.979 MSK INFO: Set type on 5000 instances: ScenarioN_ProjectKB_Class83059 -- Parser.getInstance()
2017.12.14 13:37:38.995 MSK INFO: Set type on 6000 instances: ScenarioN_ProjectKB_Class84059 -- Parser.getInstance()
2017.12.14 13:37:40.422 MSK INFO: Project load time for file:/Users/ru/clojure/simpro-scene/pprj_examples/Sea.pprj: 1 sec -- ProjectChooser.loadProject()
2017.12.14 13:37:40.864 MSK INFO: UI display time = 0 sec -- ProjectManager$2.run()
2017.12.14 17:41:50.449 MSK INFO: Loaded 5000 instances: ScenarioN_ProjectKB_Class72448 -- Parser.getInstance()
2017.12.14 17:41:50.462 MSK INFO: Loaded 6000 instances: ScenarioN_ProjectKB_Class83448 -- Parser.getInstance()
2017.12.14 17:41:50.478 MSK INFO: Set type on 5000 instances: ScenarioN_ProjectKB_Class83059 -- Parser.getInstance()
2017.12.14 17:41:50.499 MSK INFO: Set type on 6000 instances: ScenarioN_ProjectKB_Class84059 -- Parser.getInstance()
2017.12.14 17:41:52.042 MSK INFO: Project load time for file:/Users/ru/clojure/simpro-scene/pprj_examples/Sea.pprj: 1 sec -- ProjectChooser.loadProject()
2017.12.14 17:41:52.570 MSK INFO: UI display time = 0 sec -- ProjectManager$2.run()
