2020.11.14 11:35:47.178 MSK INFO: *** SYSTEM START *** -- SystemUtilities.logSystemInfo()
2020.11.14 11:35:47.187 MSK CONFIG: Protege 3.5 Build 663, JVM 11.0.9+11-Ubuntu-0ubuntu1.20.04, memory=2071M, Linux, encoding=UTF-8, language=en, country=US -- SystemUtilities.logSystemInfo()
2020.11.14 11:35:47.222 MSK WARNING: Plugins directory not found: /home/ru/clojure/simpro-scene/plugins -- PluginUtilities.findPluginsDirectory()
2020.11.14 11:35:47.806 MSK WARNING: missing bundle: standard_extensions_text -- BundleHelper.<init>()
2020.11.14 11:35:47.808 MSK WARNING: no resource bundle: tab.queries -- BundleHelper.internalGetText()
2020.11.14 11:35:48.337 MSK WARNING: missing bundle: protege_text -- BundleHelper.<init>()
2020.11.14 11:36:03.408 MSK INFO: Loaded 5000 instances: ScenarioN_ProjectKB_Class72281 -- Parser.getInstance()
2020.11.14 11:36:03.413 MSK INFO: Loaded 6000 instances: ScenarioN_ProjectKB_Class83281 -- Parser.getInstance()
2020.11.14 11:36:03.436 MSK INFO: Set type on 5000 instances: ScenarioN_ProjectKB_Class83129 -- Parser.getInstance()
2020.11.14 11:36:03.459 MSK INFO: Set type on 6000 instances: ScenarioN_ProjectKB_Class84139 -- Parser.getInstance()
2020.11.14 11:36:05.536 MSK SEVERE: Duplicate definition of class Clock was ignored -- Parser.recordError()
2020.11.14 11:36:05.537 MSK SEVERE: Duplicate definition of class MapObEvent was ignored -- Parser.recordError()
2020.11.14 11:36:10.030 MSK INFO: Load time for file:/home/ru/clojure/simpro-scene/pprj_cesium/PyongyangSPb.pprj = 3 sec (project) + 4 sec (ui) -- ProjectManager$3.run()
2020.11.14 12:19:06.281 MSK WARNING: Couldn't locate shape file data/mas/hiitolanjoki/shape/Child_salmons.shp -- SpatialIndex.locateAndSetShapeData()
2020.11.14 12:19:06.284 MSK WARNING: Couldn't locate shape file data/mas/hiitolanjoki/shape/Adult_salmons.shp -- SpatialIndex.locateAndSetShapeData()
2020.11.14 12:19:06.284 MSK WARNING: Couldn't locate shape file data/mas/hiitolanjoki/shape/Young_salmons.shp -- SpatialIndex.locateAndSetShapeData()
2020.11.14 12:19:06.680 MSK INFO: Load time for file:/home/ru/clojure/simpro-scene/pprj_mas/Hiitolanjoki.pprj = 0 sec (project) + 0 sec (ui) -- ProjectManager$3.run()
2020.11.14 12:19:58.094 MSK INFO: Project load time for file:/home/ru/clojure/simpro-scene/pprj_mas/Hiitolanjoki.pprj: 0 sec -- ProjectChooser.loadProject()
2020.11.14 12:19:58.375 MSK WARNING: Couldn't locate shape file data/mas/hiitolanjoki/shape/Child_salmons.shp -- SpatialIndex.locateAndSetShapeData()
2020.11.14 12:19:58.375 MSK WARNING: Couldn't locate shape file data/mas/hiitolanjoki/shape/Adult_salmons.shp -- SpatialIndex.locateAndSetShapeData()
2020.11.14 12:19:58.376 MSK WARNING: Couldn't locate shape file data/mas/hiitolanjoki/shape/Young_salmons.shp -- SpatialIndex.locateAndSetShapeData()
2020.11.14 12:19:58.586 MSK INFO: UI display time = 0 sec -- ProjectManager$2.run()
