2019.08.11 21:24:42.926 MSK INFO: *** SYSTEM START *** -- SystemUtilities.logSystemInfo()
2019.08.11 21:24:42.936 MSK CONFIG: Protege 3.5 Build 663, JVM 11.0.2+9-LTS, memory=2076M, Linux, encoding=UTF-8, language=en, country=US -- SystemUtilities.logSystemInfo()
2019.08.11 21:24:42.938 MSK WARNING: Plugins directory not found: /home/ru/clojure/simpro-scene/plugins -- PluginUtilities.findPluginsDirectory()
2019.08.11 21:24:43.081 MSK WARNING: missing bundle: standard_extensions_text -- BundleHelper.<init>()
2019.08.11 21:24:43.084 MSK WARNING: no resource bundle: tab.queries -- BundleHelper.internalGetText()
2019.08.11 21:24:43.208 MSK WARNING: Look and feel not found:  -- SystemUtilities.setLookAndFeel()
2019.08.11 21:24:43.406 MSK WARNING: missing bundle: protege_text -- BundleHelper.<init>()
2019.08.11 21:24:46.526 MSK WARNING: Unknown class: option -- Project.loadWidgetDescriptors()
2019.08.11 21:24:47.425 MSK INFO: Load time for file:/home/ru/clojure/simpro-scene/pprj_examples/MASCampus.pprj = 0 sec (project) + 0 sec (ui) -- ProjectManager$3.run()
2019.08.11 22:30:44.049 MSK SEVERE: null -- java.lang.IllegalArgumentException: No matching field found: newInstance for class java.lang.reflect.Constructor
	at clojure.lang.Reflector.getInstanceField(Reflector.java:397)
	at clojure.lang.Reflector.invokeNoArgInstanceMember(Reflector.java:440)
	at mas.world$run_world_gui.invokeStatic(world.clj:218)
	at mas.world$run_world_gui.invoke(world.clj:210)
	at clojure.lang.Var.invoke(Var.java:388)
	at clojuretab.ClojureTab.invoke(ClojureTab.java:700)
	at clojuretab.ClojureActionButton$1.actionPerformed(ClojureActionButton.java:53)
	at java.desktop/javax.swing.AbstractButton.fireActionPerformed(AbstractButton.java:1967)
	at java.desktop/javax.swing.AbstractButton$Handler.actionPerformed(AbstractButton.java:2308)
	at java.desktop/javax.swing.DefaultButtonModel.fireActionPerformed(DefaultButtonModel.java:405)
	at java.desktop/javax.swing.DefaultButtonModel.setPressed(DefaultButtonModel.java:262)
	at java.desktop/javax.swing.plaf.basic.BasicButtonListener.mouseReleased(BasicButtonListener.java:279)
	at java.desktop/java.awt.Component.processMouseEvent(Component.java:6632)
	at java.desktop/javax.swing.JComponent.processMouseEvent(JComponent.java:3342)
	at java.desktop/java.awt.Component.processEvent(Component.java:6397)
	at java.desktop/java.awt.Container.processEvent(Container.java:2263)
	at java.desktop/java.awt.Component.dispatchEventImpl(Component.java:5008)
	at java.desktop/java.awt.Container.dispatchEventImpl(Container.java:2321)
	at java.desktop/java.awt.Component.dispatchEvent(Component.java:4840)
	at java.desktop/java.awt.LightweightDispatcher.retargetMouseEvent(Container.java:4918)
	at java.desktop/java.awt.LightweightDispatcher.processMouseEvent(Container.java:4547)
	at java.desktop/java.awt.LightweightDispatcher.dispatchEvent(Container.java:4488)
	at java.desktop/java.awt.Container.dispatchEventImpl(Container.java:2307)
	at java.desktop/java.awt.Window.dispatchEventImpl(Window.java:2772)
	at java.desktop/java.awt.Component.dispatchEvent(Component.java:4840)
	at java.desktop/java.awt.EventQueue.dispatchEventImpl(EventQueue.java:772)
	at java.desktop/java.awt.EventQueue$4.run(EventQueue.java:721)
	at java.desktop/java.awt.EventQueue$4.run(EventQueue.java:715)
	at java.base/java.security.AccessController.doPrivileged(Native Method)
	at java.base/java.security.ProtectionDomain$JavaSecurityAccessImpl.doIntersectionPrivilege(ProtectionDomain.java:85)
	at java.base/java.security.ProtectionDomain$JavaSecurityAccessImpl.doIntersectionPrivilege(ProtectionDomain.java:95)
	at java.desktop/java.awt.EventQueue$5.run(EventQueue.java:745)
	at java.desktop/java.awt.EventQueue$5.run(EventQueue.java:743)
	at java.base/java.security.AccessController.doPrivileged(Native Method)
	at java.base/java.security.ProtectionDomain$JavaSecurityAccessImpl.doIntersectionPrivilege(ProtectionDomain.java:85)
	at java.desktop/java.awt.EventQueue.dispatchEvent(EventQueue.java:742)
	at java.desktop/java.awt.EventDispatchThread.pumpOneEventForFilters(EventDispatchThread.java:203)
	at java.desktop/java.awt.EventDispatchThread.pumpEventsForFilter(EventDispatchThread.java:124)
	at java.desktop/java.awt.EventDispatchThread.pumpEventsForHierarchy(EventDispatchThread.java:113)
	at java.desktop/java.awt.EventDispatchThread.pumpEvents(EventDispatchThread.java:109)
	at java.desktop/java.awt.EventDispatchThread.pumpEvents(EventDispatchThread.java:101)
	at java.desktop/java.awt.EventDispatchThread.run(EventDispatchThread.java:90)

