2020.12.03 13:54:33.131 MSK INFO: *** SYSTEM START *** -- SystemUtilities.logSystemInfo()
2020.12.03 13:54:33.160 MSK CONFIG: Protege 3.5 Build 663, JVM 11.0.9.1+1-Ubuntu-0ubuntu1.20.04, memory=2071M, Linux, encoding=UTF-8, language=en, country=US -- SystemUtilities.logSystemInfo()
2020.12.03 13:54:33.188 MSK WARNING: Plugins directory not found: /home/ru/clojure/simpro-scene/plugins -- PluginUtilities.findPluginsDirectory()
2020.12.03 13:54:35.119 MSK WARNING: missing bundle: standard_extensions_text -- BundleHelper.<init>()
2020.12.03 13:54:35.157 MSK WARNING: no resource bundle: tab.queries -- BundleHelper.internalGetText()
2020.12.03 13:54:37.631 MSK WARNING: missing bundle: protege_text -- BundleHelper.<init>()
2020.12.03 13:54:44.424 MSK INFO: Loaded 5000 instances: ScenarioN_ProjectKB_Class72281 -- Parser.getInstance()
2020.12.03 13:54:44.430 MSK INFO: Loaded 6000 instances: ScenarioN_ProjectKB_Class83281 -- Parser.getInstance()
2020.12.03 13:54:44.455 MSK INFO: Set type on 5000 instances: ScenarioN_ProjectKB_Class83129 -- Parser.getInstance()
2020.12.03 13:54:44.476 MSK INFO: Set type on 6000 instances: ScenarioN_ProjectKB_Class84139 -- Parser.getInstance()
2020.12.03 13:54:46.247 MSK SEVERE: Duplicate definition of class Clock was ignored -- Parser.recordError()
2020.12.03 13:54:46.248 MSK SEVERE: Duplicate definition of class MapObEvent was ignored -- Parser.recordError()
2020.12.03 13:54:55.900 MSK INFO: Load time for file:/home/ru/clojure/simpro-scene/pprj_cesium/PyongyangSPb.pprj = 3 sec (project) + 9 sec (ui) -- ProjectManager$3.run()
2020.12.03 13:59:36.217 MSK SEVERE: Undefined class: Road found while loading classes -- Parser.recordError()
2020.12.03 13:59:36.217 MSK SEVERE: Undefined class: Railroad found while loading classes -- Parser.recordError()
2020.12.03 13:59:36.218 MSK SEVERE: non-existent slot: value -- Parser.recordError()
2020.12.03 13:59:36.225 MSK SEVERE: non-existent slot: final_tasks -- Parser.recordError()
2020.12.03 13:59:36.225 MSK SEVERE: non-existent slot: finish_type -- Parser.recordError()
2020.12.03 13:59:36.226 MSK SEVERE: non-existent slot: initial_tasks -- Parser.recordError()
2020.12.03 13:59:36.226 MSK SEVERE: non-existent slot: scenario_scheme -- Parser.recordError()
2020.12.03 13:59:36.226 MSK SEVERE: non-existent slot: final_actions -- Parser.recordError()
2020.12.03 13:59:36.227 MSK SEVERE: non-existent slot: initial_actions -- Parser.recordError()
2020.12.03 13:59:36.227 MSK SEVERE: non-existent slot: task_scheme -- Parser.recordError()
2020.12.03 13:59:36.227 MSK SEVERE: non-existent slot: next_actions -- Parser.recordError()
2020.12.03 13:59:36.227 MSK SEVERE: non-existent slot: object -- Parser.recordError()
2020.12.03 13:59:36.227 MSK SEVERE: non-existent slot: direction -- Parser.recordError()
2020.12.03 13:59:36.228 MSK SEVERE: non-existent slot: road -- Parser.recordError()
2020.12.03 13:59:36.228 MSK SEVERE: non-existent slot: spd -- Parser.recordError()
2020.12.03 13:59:36.228 MSK SEVERE: non-existent slot: from1 -- Parser.recordError()
2020.12.03 13:59:36.228 MSK SEVERE: non-existent slot: to1 -- Parser.recordError()
2020.12.03 13:59:36.229 MSK SEVERE: non-existent slot: dirways -- Parser.recordError()
2020.12.03 13:59:36.229 MSK SEVERE: non-existent slot: way -- Parser.recordError()
2020.12.03 13:59:36.230 MSK SEVERE: non-existent slot: but-deep-copy -- Parser.recordError()
2020.12.03 13:59:36.231 MSK SEVERE: non-existent slot: but-del-fil -- Parser.recordError()
2020.12.03 13:59:36.231 MSK SEVERE: non-existent slot: but-del-unref -- Parser.recordError()
2020.12.03 13:59:36.231 MSK SEVERE: non-existent slot: but-find-unref -- Parser.recordError()
2020.12.03 13:59:36.231 MSK SEVERE: non-existent slot: but-load-prj -- Parser.recordError()
2020.12.03 13:59:36.231 MSK SEVERE: non-existent slot: but-shal-copy -- Parser.recordError()
2020.12.03 13:59:36.231 MSK SEVERE: non-existent slot: source-project -- Parser.recordError()
2020.12.03 13:59:36.232 MSK SEVERE: non-existent slot: but-add -- Parser.recordError()
2020.12.03 13:59:36.232 MSK SEVERE: non-existent slot: but-clear -- Parser.recordError()
2020.12.03 13:59:36.232 MSK SEVERE: non-existent slot: but-cre -- Parser.recordError()
2020.12.03 13:59:36.233 MSK SEVERE: non-existent slot: but-hide-roads -- Parser.recordError()
2020.12.03 13:59:36.233 MSK SEVERE: non-existent slot: but-rem -- Parser.recordError()
2020.12.03 13:59:36.233 MSK SEVERE: non-existent slot: but-show-roads -- Parser.recordError()
2020.12.03 13:59:36.233 MSK SEVERE: non-existent slot: road-subclass -- Parser.recordError()
2020.12.03 13:59:36.233 MSK SEVERE: non-existent slot: tagvalue -- Parser.recordError()
2020.12.03 13:59:36.235 MSK SEVERE: Undefined class: ShareOnto found while loading instances -- Parser.recordError()
2020.12.03 13:59:36.235 MSK SEVERE: Undefined class: Scenario found while loading instances -- Parser.recordError()
2020.12.03 13:59:36.235 MSK SEVERE: Undefined class: Task found while loading instances -- Parser.recordError()
2020.12.03 13:59:36.235 MSK SEVERE: Undefined class: Way found while loading instances -- Parser.recordError()
2020.12.03 13:59:36.235 MSK SEVERE: Undefined class: GoRoad found while loading instances -- Parser.recordError()
2020.12.03 13:59:36.236 MSK SEVERE: Undefined class: Dirway found while loading instances -- Parser.recordError()
2020.12.03 13:59:36.236 MSK SEVERE: Undefined class: Directive found while loading instances -- Parser.recordError()
2020.12.03 13:59:36.236 MSK SEVERE: Undefined class: RoadControl found while loading instances -- Parser.recordError()
2020.12.03 13:59:36.236 MSK SEVERE: Undefined class: PutOnMap found while loading instances -- Parser.recordError()
2020.12.03 13:59:36.236 MSK SEVERE: Undefined class: Tagvalue found while loading instances -- Parser.recordError()
2020.12.03 13:59:36.236 MSK SEVERE: Undefined instance: BrigBern_Class7 -- Parser.recordError()
2020.12.03 13:59:36.237 MSK SEVERE: Undefined instance: OSMRoads_Class40001 -- Parser.recordError()
2020.12.03 13:59:36.237 MSK SEVERE: Undefined instance: ScenarioN_Class510000 -- Parser.recordError()
2020.12.03 13:59:36.237 MSK SEVERE: Undefined instance: BrigBern_Class90003 -- Parser.recordError()
2020.12.03 13:59:36.237 MSK SEVERE: Undefined instance: ScenarioN_Class550020 -- Parser.recordError()
2020.12.03 13:59:36.237 MSK SEVERE: Undefined instance: ScenarioN_Class550032 -- Parser.recordError()
2020.12.03 13:59:36.237 MSK SEVERE: Undefined instance: OSMRoads_Class70000 -- Parser.recordError()
2020.12.03 13:59:36.237 MSK SEVERE: Undefined instance: Scenario_Class3 -- Parser.recordError()
2020.12.03 13:59:36.238 MSK SEVERE: Undefined instance: OSMRoads_Class20142 -- Parser.recordError()
2020.12.03 13:59:36.238 MSK SEVERE: Undefined instance: OSMRoads_Class60003 -- Parser.recordError()
2020.12.03 13:59:36.238 MSK SEVERE: Undefined instance: BrigBern_Class80016 -- Parser.recordError()
2020.12.03 13:59:36.238 MSK SEVERE: Undefined instance: BrigBern_Class80017 -- Parser.recordError()
2020.12.03 13:59:36.238 MSK SEVERE: Undefined instance: Scenario_Class220003 -- Parser.recordError()
2020.12.03 13:59:36.238 MSK SEVERE: Undefined instance: OSMRoads_Class100006 -- Parser.recordError()
2020.12.03 13:59:36.238 MSK SEVERE: Undefined instance: OSMRoads_Class10001 -- Parser.recordError()
2020.12.03 13:59:36.239 MSK SEVERE: Undefined instance: Algorithm_Class10000 -- Parser.recordError()
2020.12.03 13:59:36.239 MSK SEVERE: Undefined instance: Scenario_Class120024 -- Parser.recordError()
2020.12.03 13:59:36.239 MSK SEVERE: Undefined instance: Scenario_Class21 -- Parser.recordError()
2020.12.03 13:59:36.239 MSK SEVERE: Undefined instance: Scenario_Class250008 -- Parser.recordError()
2020.12.03 13:59:36.239 MSK SEVERE: Undefined instance: Scenario_Class60001 -- Parser.recordError()
2020.12.03 13:59:36.240 MSK WARNING: unable to load frame: BrigBern_Class3 -- PropertyMapUtil.getFrame()
2020.12.03 13:59:36.612 MSK WARNING: Failed to locate property "null" with class "null.class"
  Skipping component "null" -- ComponentFactory._create()
2020.12.03 13:59:36.620 MSK WARNING: finding out that the null wasn't created -- PropertyHandler.createComponents()
2020.12.03 13:59:36.763 MSK WARNING: java.lang.NullPointerException
	at ru.igis.omtab.Clock.<init>(Clock.java:42)
	at ru.igis.omtab.OpenMapTab.arrangePlaygrounds(OpenMapTab.java:134)
	at ru.igis.omtab.OpenMapTab.initialize(OpenMapTab.java:99)
	at edu.stanford.smi.protege.widget.WidgetUtilities.createTabWidget(Unknown Source)
	at edu.stanford.smi.protege.ui.ProjectView.addTab(Unknown Source)
	at edu.stanford.smi.protege.ui.ProjectView.createTabbedPane(Unknown Source)
	at edu.stanford.smi.protege.ui.ProjectView.<init>(Unknown Source)
	at edu.stanford.smi.protege.ui.ProjectManager.displayCurrentProject(Unknown Source)
	at edu.stanford.smi.protege.ui.ProjectManager.displayCurrentProject(Unknown Source)
	at edu.stanford.smi.protege.ui.ProjectManager.loadProject(Unknown Source)
	at edu.stanford.smi.protege.ui.ProjectManager.reload(Unknown Source)
	at edu.stanford.smi.protege.ui.ProjectManager.changeIncludedProjectURIsRequest(Unknown Source)
	at edu.stanford.smi.protege.action.ManageIncludedProjectsPanel.saveContents(Unknown Source)
	at edu.stanford.smi.protege.util.ModalDialog.attemptClose(Unknown Source)
	at edu.stanford.smi.protege.util.ModalDialog$1.actionPerformed(Unknown Source)
	at java.desktop/javax.swing.AbstractButton.fireActionPerformed(AbstractButton.java:1967)
	at java.desktop/javax.swing.AbstractButton$Handler.actionPerformed(AbstractButton.java:2308)
	at java.desktop/javax.swing.DefaultButtonModel.fireActionPerformed(DefaultButtonModel.java:405)
	at java.desktop/javax.swing.DefaultButtonModel.setPressed(DefaultButtonModel.java:262)
	at java.desktop/javax.swing.plaf.basic.BasicButtonListener.mouseReleased(BasicButtonListener.java:279)
	at java.desktop/java.awt.Component.processMouseEvent(Component.java:6635)
	at java.desktop/javax.swing.JComponent.processMouseEvent(JComponent.java:3342)
	at java.desktop/java.awt.Component.processEvent(Component.java:6400)
	at java.desktop/java.awt.Container.processEvent(Container.java:2263)
	at java.desktop/java.awt.Component.dispatchEventImpl(Component.java:5011)
	at java.desktop/java.awt.Container.dispatchEventImpl(Container.java:2321)
	at java.desktop/java.awt.Component.dispatchEvent(Component.java:4843)
	at java.desktop/java.awt.LightweightDispatcher.retargetMouseEvent(Container.java:4918)
	at java.desktop/java.awt.LightweightDispatcher.processMouseEvent(Container.java:4547)
	at java.desktop/java.awt.LightweightDispatcher.dispatchEvent(Container.java:4488)
	at java.desktop/java.awt.Container.dispatchEventImpl(Container.java:2307)
	at java.desktop/java.awt.Window.dispatchEventImpl(Window.java:2772)
	at java.desktop/java.awt.Component.dispatchEvent(Component.java:4843)
	at java.desktop/java.awt.EventQueue.dispatchEventImpl(EventQueue.java:772)
	at java.desktop/java.awt.EventQueue$4.run(EventQueue.java:721)
	at java.desktop/java.awt.EventQueue$4.run(EventQueue.java:715)
	at java.base/java.security.AccessController.doPrivileged(Native Method)
	at java.base/java.security.ProtectionDomain$JavaSecurityAccessImpl.doIntersectionPrivilege(ProtectionDomain.java:85)
	at java.base/java.security.ProtectionDomain$JavaSecurityAccessImpl.doIntersectionPrivilege(ProtectionDomain.java:95)
	at java.desktop/java.awt.EventQueue$5.run(EventQueue.java:745)
	at java.desktop/java.awt.EventQueue$5.run(EventQueue.java:743)
	at java.base/java.security.AccessController.doPrivileged(Native Method)
	at java.base/java.security.ProtectionDomain$JavaSecurityAccessImpl.doIntersectionPrivilege(ProtectionDomain.java:85)
	at java.desktop/java.awt.EventQueue.dispatchEvent(EventQueue.java:742)
	at java.desktop/java.awt.EventDispatchThread.pumpOneEventForFilters(EventDispatchThread.java:203)
	at java.desktop/java.awt.EventDispatchThread.pumpEventsForFilter(EventDispatchThread.java:124)
	at java.desktop/java.awt.EventDispatchThread.pumpEventsForFilter(EventDispatchThread.java:117)
	at java.desktop/java.awt.WaitDispatchSupport$2.run(WaitDispatchSupport.java:190)
	at java.desktop/java.awt.WaitDispatchSupport$4.run(WaitDispatchSupport.java:235)
	at java.desktop/java.awt.WaitDispatchSupport$4.run(WaitDispatchSupport.java:233)
	at java.base/java.security.AccessController.doPrivileged(Native Method)
	at java.desktop/java.awt.WaitDispatchSupport.enter(WaitDispatchSupport.java:233)
	at java.desktop/java.awt.Dialog.show(Dialog.java:1070)
	at java.desktop/java.awt.Component.show(Component.java:1716)
	at java.desktop/java.awt.Component.setVisible(Component.java:1663)
	at java.desktop/java.awt.Window.setVisible(Window.java:1031)
	at java.desktop/java.awt.Dialog.setVisible(Dialog.java:1005)
	at edu.stanford.smi.protege.util.ModalDialog.init(Unknown Source)
	at edu.stanford.smi.protege.util.ModalDialog.<init>(Unknown Source)
	at edu.stanford.smi.protege.util.ModalDialog.showDialog(Unknown Source)
	at edu.stanford.smi.protege.util.ModalDialog.showDialog(Unknown Source)
	at edu.stanford.smi.protege.util.ModalDialog.showDialog(Unknown Source)
	at edu.stanford.smi.protege.action.ManageIncludedProjectsAction.actionPerformed(Unknown Source)
	at java.desktop/javax.swing.AbstractButton.fireActionPerformed(AbstractButton.java:1967)
	at java.desktop/javax.swing.AbstractButton$Handler.actionPerformed(AbstractButton.java:2308)
	at java.desktop/javax.swing.DefaultButtonModel.fireActionPerformed(DefaultButtonModel.java:405)
	at java.desktop/javax.swing.DefaultButtonModel.setPressed(DefaultButtonModel.java:262)
	at java.desktop/javax.swing.AbstractButton.doClick(AbstractButton.java:369)
	at java.desktop/javax.swing.plaf.basic.BasicMenuItemUI.doClick(BasicMenuItemUI.java:1020)
	at java.desktop/javax.swing.plaf.basic.BasicMenuItemUI$Handler.mouseReleased(BasicMenuItemUI.java:1064)
	at java.desktop/java.awt.Component.processMouseEvent(Component.java:6635)
	at java.desktop/javax.swing.JComponent.processMouseEvent(JComponent.java:3342)
	at java.desktop/java.awt.Component.processEvent(Component.java:6400)
	at java.desktop/java.awt.Container.processEvent(Container.java:2263)
	at java.desktop/java.awt.Component.dispatchEventImpl(Component.java:5011)
	at java.desktop/java.awt.Container.dispatchEventImpl(Container.java:2321)
	at java.desktop/java.awt.Component.dispatchEvent(Component.java:4843)
	at java.desktop/java.awt.LightweightDispatcher.retargetMouseEvent(Container.java:4918)
	at java.desktop/java.awt.LightweightDispatcher.processMouseEvent(Container.java:4547)
	at java.desktop/java.awt.LightweightDispatcher.dispatchEvent(Container.java:4488)
	at java.desktop/java.awt.Container.dispatchEventImpl(Container.java:2307)
	at java.desktop/java.awt.Window.dispatchEventImpl(Window.java:2772)
	at java.desktop/java.awt.Component.dispatchEvent(Component.java:4843)
	at java.desktop/java.awt.EventQueue.dispatchEventImpl(EventQueue.java:772)
	at java.desktop/java.awt.EventQueue$4.run(EventQueue.java:721)
	at java.desktop/java.awt.EventQueue$4.run(EventQueue.java:715)
	at java.base/java.security.AccessController.doPrivileged(Native Method)
	at java.base/java.security.ProtectionDomain$JavaSecurityAccessImpl.doIntersectionPrivilege(ProtectionDomain.java:85)
	at java.base/java.security.ProtectionDomain$JavaSecurityAccessImpl.doIntersectionPrivilege(ProtectionDomain.java:95)
	at java.desktop/java.awt.EventQueue$5.run(EventQueue.java:745)
	at java.desktop/java.awt.EventQueue$5.run(EventQueue.java:743)
	at java.base/java.security.AccessController.doPrivileged(Native Method)
	at java.base/java.security.ProtectionDomain$JavaSecurityAccessImpl.doIntersectionPrivilege(ProtectionDomain.java:85)
	at java.desktop/java.awt.EventQueue.dispatchEvent(EventQueue.java:742)
	at java.desktop/java.awt.EventDispatchThread.pumpOneEventForFilters(EventDispatchThread.java:203)
	at java.desktop/java.awt.EventDispatchThread.pumpEventsForFilter(EventDispatchThread.java:124)
	at java.desktop/java.awt.EventDispatchThread.pumpEventsForHierarchy(EventDispatchThread.java:113)
	at java.desktop/java.awt.EventDispatchThread.pumpEvents(EventDispatchThread.java:109)
	at java.desktop/java.awt.EventDispatchThread.pumpEvents(EventDispatchThread.java:101)
	at java.desktop/java.awt.EventDispatchThread.run(EventDispatchThread.java:90)
 -- WidgetUtilities.createTabWidget()
2020.12.03 13:59:36.969 MSK INFO: Load time for file:/home/ru/clojure/simpro-scene/pprj_base/PathsGraph.pprj = 0 sec (project) + 0 sec (ui) -- ProjectManager$3.run()
