2017.11.05 17:55:42.894 MSK INFO: *** SYSTEM START *** -- SystemUtilities.logSystemInfo()
2017.11.05 17:55:42.912 MSK CONFIG: Protege 3.5 Build 663, JVM 1.8.0_31-b13, memory=1908M, Mac OS X, encoding=UTF-8, language=en, country=US -- SystemUtilities.logSystemInfo()
2017.11.05 17:55:43.880 MSK CONFIG: Loaded plugin clojuretab -- PluginUtilities.logClassLoaderInformation()
2017.11.05 17:55:43.989 MSK CONFIG: Loaded plugin edu.stanford.smi.protegex.standard_extensions - Graph Widget, Table Widget -- PluginUtilities.logClassLoaderInformation()
2017.11.05 17:55:44.160 MSK CONFIG: Loaded plugin ru.igis.omtab -- PluginUtilities.logClassLoaderInformation()
2017.11.05 17:55:47.551 MSK WARNING: missing bundle: protege_text -- BundleHelper.<init>()
2017.11.05 17:55:53.593 MSK INFO: Loaded 5000 instances: ScenarioN_ProjectKB_Class82797 -- Parser.getInstance()
2017.11.05 17:55:53.598 MSK INFO: Loaded 6000 instances: ScenarioN_ProjectKB_Class83797 -- Parser.getInstance()
2017.11.05 17:55:53.622 MSK INFO: Set type on 5000 instances: ScenarioN_ProjectKB_Class83319 -- Parser.getInstance()
2017.11.05 17:55:56.980 MSK INFO: Load time for file:/Users/ru/clojure/simpro-scene/pprj_base/Scenario.pprj = 1 sec (project) + 2 sec (ui) -- ProjectManager$3.run()
2017.11.05 17:56:40.382 MSK SEVERE: null -- java.lang.RuntimeException: No such namespace: d, compiling:(clojure/a.clj:684:31)
	at clojure.lang.Compiler.analyze(Compiler.java:6688)
	at clojure.lang.Compiler.analyze(Compiler.java:6625)
	at clojure.lang.Compiler$InvokeExpr.parse(Compiler.java:3766)
	at clojure.lang.Compiler.analyzeSeq(Compiler.java:6870)
	at clojure.lang.Compiler.analyze(Compiler.java:6669)
	at clojure.lang.Compiler.analyze(Compiler.java:6625)
	at clojure.lang.Compiler$InvokeExpr.parse(Compiler.java:3834)
	at clojure.lang.Compiler.analyzeSeq(Compiler.java:6870)
	at clojure.lang.Compiler.analyze(Compiler.java:6669)
	at clojure.lang.Compiler.analyze(Compiler.java:6625)
	at clojure.lang.Compiler$BodyExpr$Parser.parse(Compiler.java:6001)
	at clojure.lang.Compiler$LetExpr$Parser.parse(Compiler.java:6319)
	at clojure.lang.Compiler.analyzeSeq(Compiler.java:6868)
	at clojure.lang.Compiler.analyze(Compiler.java:6669)
	at clojure.lang.Compiler.analyzeSeq(Compiler.java:6856)
	at clojure.lang.Compiler.analyze(Compiler.java:6669)
	at clojure.lang.Compiler.analyze(Compiler.java:6625)
	at clojure.lang.Compiler$BodyExpr$Parser.parse(Compiler.java:6001)
	at clojure.lang.Compiler$FnMethod.parse(Compiler.java:5380)
	at clojure.lang.Compiler$FnExpr.parse(Compiler.java:3972)
	at clojure.lang.Compiler.analyzeSeq(Compiler.java:6866)
	at clojure.lang.Compiler.analyze(Compiler.java:6669)
	at clojure.lang.Compiler.analyzeSeq(Compiler.java:6856)
	at clojure.lang.Compiler.analyze(Compiler.java:6669)
	at clojure.lang.Compiler.analyze(Compiler.java:6625)
	at clojure.lang.Compiler$InvokeExpr.parse(Compiler.java:3834)
	at clojure.lang.Compiler.analyzeSeq(Compiler.java:6870)
	at clojure.lang.Compiler.analyze(Compiler.java:6669)
	at clojure.lang.Compiler.access$300(Compiler.java:38)
	at clojure.lang.Compiler$LetExpr$Parser.parse(Compiler.java:6269)
	at clojure.lang.Compiler.analyzeSeq(Compiler.java:6868)
	at clojure.lang.Compiler.analyze(Compiler.java:6669)
	at clojure.lang.Compiler.analyzeSeq(Compiler.java:6856)
	at clojure.lang.Compiler.analyze(Compiler.java:6669)
	at clojure.lang.Compiler.analyze(Compiler.java:6625)
	at clojure.lang.Compiler$IfExpr$Parser.parse(Compiler.java:2797)
	at clojure.lang.Compiler.analyzeSeq(Compiler.java:6868)
	at clojure.lang.Compiler.analyze(Compiler.java:6669)
	at clojure.lang.Compiler.analyze(Compiler.java:6625)
	at clojure.lang.Compiler$BodyExpr$Parser.parse(Compiler.java:6001)
	at clojure.lang.Compiler$LetExpr$Parser.parse(Compiler.java:6319)
	at clojure.lang.Compiler.analyzeSeq(Compiler.java:6868)
	at clojure.lang.Compiler.analyze(Compiler.java:6669)
	at clojure.lang.Compiler.analyzeSeq(Compiler.java:6856)
	at clojure.lang.Compiler.analyze(Compiler.java:6669)
	at clojure.lang.Compiler.analyze(Compiler.java:6625)
	at clojure.lang.Compiler$BodyExpr$Parser.parse(Compiler.java:6001)
	at clojure.lang.Compiler$FnMethod.parse(Compiler.java:5380)
	at clojure.lang.Compiler$FnExpr.parse(Compiler.java:3972)
	at clojure.lang.Compiler.analyzeSeq(Compiler.java:6866)
	at clojure.lang.Compiler.analyze(Compiler.java:6669)
	at clojure.lang.Compiler.analyzeSeq(Compiler.java:6856)
	at clojure.lang.Compiler.analyze(Compiler.java:6669)
	at clojure.lang.Compiler.access$300(Compiler.java:38)
	at clojure.lang.Compiler$DefExpr$Parser.parse(Compiler.java:589)
	at clojure.lang.Compiler.analyzeSeq(Compiler.java:6868)
	at clojure.lang.Compiler.analyze(Compiler.java:6669)
	at clojure.lang.Compiler.analyze(Compiler.java:6625)
	at clojure.lang.Compiler.eval(Compiler.java:6931)
	at clojure.lang.Compiler.load(Compiler.java:7379)
	at clojure.lang.RT.loadResourceScript(RT.java:372)
	at clojure.lang.RT.loadResourceScript(RT.java:363)
	at clojure.lang.RT.load(RT.java:453)
	at clojure.lang.RT.load(RT.java:419)
	at clojure.core$load$fn__5677.invoke(core.clj:5893)
	at clojure.core$load.invokeStatic(core.clj:5892)
	at clojure.core$load.doInvoke(core.clj:5876)
	at clojure.lang.RestFn.invoke(RestFn.java:408)
	at clojure.lang.Var.invoke(Var.java:379)
	at clojuretab.ClojureTab.loadProgram(ClojureTab.java:544)
	at menu.item$clojure_work.invokeStatic(item.clj:11)
	at menu.item$clojure_work.invoke(item.clj:5)
	at clojure.lang.Var.invoke(Var.java:375)
	at clojuretab.ClojureTab.invoke(ClojureTab.java:692)
	at clojuretab.MenuItemInserter$1.actionPerformed(MenuItemInserter.java:59)
	at javax.swing.AbstractButton.fireActionPerformed(AbstractButton.java:2022)
	at javax.swing.AbstractButton$Handler.actionPerformed(AbstractButton.java:2346)
	at javax.swing.DefaultButtonModel.fireActionPerformed(DefaultButtonModel.java:402)
	at javax.swing.DefaultButtonModel.setPressed(DefaultButtonModel.java:259)
	at javax.swing.AbstractButton.doClick(AbstractButton.java:376)
	at javax.swing.plaf.basic.BasicMenuItemUI.doClick(BasicMenuItemUI.java:833)
	at com.apple.laf.AquaMenuItemUI.doClick(AquaMenuItemUI.java:157)
	at javax.swing.plaf.basic.BasicMenuItemUI$Handler.mouseReleased(BasicMenuItemUI.java:877)
	at java.awt.Component.processMouseEvent(Component.java:6525)
	at javax.swing.JComponent.processMouseEvent(JComponent.java:3322)
	at java.awt.Component.processEvent(Component.java:6290)
	at java.awt.Container.processEvent(Container.java:2234)
	at java.awt.Component.dispatchEventImpl(Component.java:4881)
	at java.awt.Container.dispatchEventImpl(Container.java:2292)
	at java.awt.Component.dispatchEvent(Component.java:4703)
	at java.awt.LightweightDispatcher.retargetMouseEvent(Container.java:4898)
	at java.awt.LightweightDispatcher.processMouseEvent(Container.java:4533)
	at java.awt.LightweightDispatcher.dispatchEvent(Container.java:4462)
	at java.awt.Container.dispatchEventImpl(Container.java:2278)
	at java.awt.Window.dispatchEventImpl(Window.java:2739)
	at java.awt.Component.dispatchEvent(Component.java:4703)
	at java.awt.EventQueue.dispatchEventImpl(EventQueue.java:751)
	at java.awt.EventQueue.access$500(EventQueue.java:97)
	at java.awt.EventQueue$3.run(EventQueue.java:702)
	at java.awt.EventQueue$3.run(EventQueue.java:696)
	at java.security.AccessController.doPrivileged(Native Method)
	at java.security.ProtectionDomain$1.doIntersectionPrivilege(ProtectionDomain.java:75)
	at java.security.ProtectionDomain$1.doIntersectionPrivilege(ProtectionDomain.java:86)
	at java.awt.EventQueue$4.run(EventQueue.java:724)
	at java.awt.EventQueue$4.run(EventQueue.java:722)
	at java.security.AccessController.doPrivileged(Native Method)
	at java.security.ProtectionDomain$1.doIntersectionPrivilege(ProtectionDomain.java:75)
	at java.awt.EventQueue.dispatchEvent(EventQueue.java:721)
	at java.awt.EventDispatchThread.pumpOneEventForFilters(EventDispatchThread.java:201)
	at java.awt.EventDispatchThread.pumpEventsForFilter(EventDispatchThread.java:116)
	at java.awt.EventDispatchThread.pumpEventsForHierarchy(EventDispatchThread.java:105)
	at java.awt.EventDispatchThread.pumpEvents(EventDispatchThread.java:101)
	at java.awt.EventDispatchThread.pumpEvents(EventDispatchThread.java:93)
	at java.awt.EventDispatchThread.run(EventDispatchThread.java:82)
Caused by: java.lang.RuntimeException: No such namespace: d
	at clojure.lang.Util.runtimeException(Util.java:221)
	at clojure.lang.Compiler.resolveIn(Compiler.java:7134)
	at clojure.lang.Compiler.resolve(Compiler.java:7108)
	at clojure.lang.Compiler.analyzeSymbol(Compiler.java:7069)
	at clojure.lang.Compiler.analyze(Compiler.java:6648)
	... 113 more

2017.11.05 18:03:19.931 MSK SEVERE: null -- java.lang.RuntimeException: Unable to resolve symbol: val-from-str in this context, compiling:(clojure/a.clj:684:5)
	at clojure.lang.Compiler.analyze(Compiler.java:6688)
	at clojure.lang.Compiler.analyze(Compiler.java:6625)
	at clojure.lang.Compiler$InvokeExpr.parse(Compiler.java:3766)
	at clojure.lang.Compiler.analyzeSeq(Compiler.java:6870)
	at clojure.lang.Compiler.analyze(Compiler.java:6669)
	at clojure.lang.Compiler.analyze(Compiler.java:6625)
	at clojure.lang.Compiler$IfExpr$Parser.parse(Compiler.java:2797)
	at clojure.lang.Compiler.analyzeSeq(Compiler.java:6868)
	at clojure.lang.Compiler.analyze(Compiler.java:6669)
	at clojure.lang.Compiler.analyzeSeq(Compiler.java:6856)
	at clojure.lang.Compiler.analyze(Compiler.java:6669)
	at clojure.lang.Compiler.analyze(Compiler.java:6625)
	at clojure.lang.Compiler$IfExpr$Parser.parse(Compiler.java:2805)
	at clojure.lang.Compiler.analyzeSeq(Compiler.java:6868)
	at clojure.lang.Compiler.analyze(Compiler.java:6669)
	at clojure.lang.Compiler.analyzeSeq(Compiler.java:6856)
	at clojure.lang.Compiler.analyze(Compiler.java:6669)
	at clojure.lang.Compiler.analyze(Compiler.java:6625)
	at clojure.lang.Compiler$IfExpr$Parser.parse(Compiler.java:2805)
	at clojure.lang.Compiler.analyzeSeq(Compiler.java:6868)
	at clojure.lang.Compiler.analyze(Compiler.java:6669)
	at clojure.lang.Compiler.analyzeSeq(Compiler.java:6856)
	at clojure.lang.Compiler.analyze(Compiler.java:6669)
	at clojure.lang.Compiler.analyze(Compiler.java:6625)
	at clojure.lang.Compiler$IfExpr$Parser.parse(Compiler.java:2805)
	at clojure.lang.Compiler.analyzeSeq(Compiler.java:6868)
	at clojure.lang.Compiler.analyze(Compiler.java:6669)
	at clojure.lang.Compiler.analyzeSeq(Compiler.java:6856)
	at clojure.lang.Compiler.analyze(Compiler.java:6669)
	at clojure.lang.Compiler.analyze(Compiler.java:6625)
	at clojure.lang.Compiler$IfExpr$Parser.parse(Compiler.java:2805)
	at clojure.lang.Compiler.analyzeSeq(Compiler.java:6868)
	at clojure.lang.Compiler.analyze(Compiler.java:6669)
	at clojure.lang.Compiler.analyzeSeq(Compiler.java:6856)
	at clojure.lang.Compiler.analyze(Compiler.java:6669)
	at clojure.lang.Compiler.analyze(Compiler.java:6625)
	at clojure.lang.Compiler$BodyExpr$Parser.parse(Compiler.java:6001)
	at clojure.lang.Compiler$FnMethod.parse(Compiler.java:5380)
	at clojure.lang.Compiler$FnExpr.parse(Compiler.java:3972)
	at clojure.lang.Compiler.analyzeSeq(Compiler.java:6866)
	at clojure.lang.Compiler.analyze(Compiler.java:6669)
	at clojure.lang.Compiler.analyzeSeq(Compiler.java:6856)
	at clojure.lang.Compiler.analyze(Compiler.java:6669)
	at clojure.lang.Compiler.access$300(Compiler.java:38)
	at clojure.lang.Compiler$DefExpr$Parser.parse(Compiler.java:589)
	at clojure.lang.Compiler.analyzeSeq(Compiler.java:6868)
	at clojure.lang.Compiler.analyze(Compiler.java:6669)
	at clojure.lang.Compiler.analyze(Compiler.java:6625)
	at clojure.lang.Compiler.eval(Compiler.java:6931)
	at clojure.lang.Compiler.load(Compiler.java:7379)
	at clojure.lang.RT.loadResourceScript(RT.java:372)
	at clojure.lang.RT.loadResourceScript(RT.java:363)
	at clojure.lang.RT.load(RT.java:453)
	at clojure.lang.RT.load(RT.java:419)
	at clojure.core$load$fn__5677.invoke(core.clj:5893)
	at clojure.core$load.invokeStatic(core.clj:5892)
	at clojure.core$load.doInvoke(core.clj:5876)
	at clojure.lang.RestFn.invoke(RestFn.java:408)
	at clojure.lang.Var.invoke(Var.java:379)
	at clojuretab.ClojureTab.loadProgram(ClojureTab.java:544)
	at menu.item$clojure_work.invokeStatic(item.clj:11)
	at menu.item$clojure_work.invoke(item.clj:5)
	at clojure.lang.Var.invoke(Var.java:375)
	at clojuretab.ClojureTab.invoke(ClojureTab.java:692)
	at clojuretab.MenuItemInserter$1.actionPerformed(MenuItemInserter.java:59)
	at javax.swing.AbstractButton.fireActionPerformed(AbstractButton.java:2022)
	at javax.swing.AbstractButton$Handler.actionPerformed(AbstractButton.java:2346)
	at javax.swing.DefaultButtonModel.fireActionPerformed(DefaultButtonModel.java:402)
	at javax.swing.DefaultButtonModel.setPressed(DefaultButtonModel.java:259)
	at javax.swing.AbstractButton.doClick(AbstractButton.java:376)
	at javax.swing.plaf.basic.BasicMenuItemUI.doClick(BasicMenuItemUI.java:833)
	at com.apple.laf.AquaMenuItemUI.doClick(AquaMenuItemUI.java:157)
	at javax.swing.plaf.basic.BasicMenuItemUI$Handler.mouseReleased(BasicMenuItemUI.java:877)
	at java.awt.Component.processMouseEvent(Component.java:6525)
	at javax.swing.JComponent.processMouseEvent(JComponent.java:3322)
	at java.awt.Component.processEvent(Component.java:6290)
	at java.awt.Container.processEvent(Container.java:2234)
	at java.awt.Component.dispatchEventImpl(Component.java:4881)
	at java.awt.Container.dispatchEventImpl(Container.java:2292)
	at java.awt.Component.dispatchEvent(Component.java:4703)
	at java.awt.LightweightDispatcher.retargetMouseEvent(Container.java:4898)
	at java.awt.LightweightDispatcher.processMouseEvent(Container.java:4533)
	at java.awt.LightweightDispatcher.dispatchEvent(Container.java:4462)
	at java.awt.Container.dispatchEventImpl(Container.java:2278)
	at java.awt.Window.dispatchEventImpl(Window.java:2739)
	at java.awt.Component.dispatchEvent(Component.java:4703)
	at java.awt.EventQueue.dispatchEventImpl(EventQueue.java:751)
	at java.awt.EventQueue.access$500(EventQueue.java:97)
	at java.awt.EventQueue$3.run(EventQueue.java:702)
	at java.awt.EventQueue$3.run(EventQueue.java:696)
	at java.security.AccessController.doPrivileged(Native Method)
	at java.security.ProtectionDomain$1.doIntersectionPrivilege(ProtectionDomain.java:75)
	at java.security.ProtectionDomain$1.doIntersectionPrivilege(ProtectionDomain.java:86)
	at java.awt.EventQueue$4.run(EventQueue.java:724)
	at java.awt.EventQueue$4.run(EventQueue.java:722)
	at java.security.AccessController.doPrivileged(Native Method)
	at java.security.ProtectionDomain$1.doIntersectionPrivilege(ProtectionDomain.java:75)
	at java.awt.EventQueue.dispatchEvent(EventQueue.java:721)
	at java.awt.EventDispatchThread.pumpOneEventForFilters(EventDispatchThread.java:201)
	at java.awt.EventDispatchThread.pumpEventsForFilter(EventDispatchThread.java:116)
	at java.awt.EventDispatchThread.pumpEventsForHierarchy(EventDispatchThread.java:105)
	at java.awt.EventDispatchThread.pumpEvents(EventDispatchThread.java:101)
	at java.awt.EventDispatchThread.pumpEvents(EventDispatchThread.java:93)
	at java.awt.EventDispatchThread.run(EventDispatchThread.java:82)
Caused by: java.lang.RuntimeException: Unable to resolve symbol: val-from-str in this context
	at clojure.lang.Util.runtimeException(Util.java:221)
	at clojure.lang.Compiler.resolveIn(Compiler.java:7164)
	at clojure.lang.Compiler.resolve(Compiler.java:7108)
	at clojure.lang.Compiler.analyzeSymbol(Compiler.java:7069)
	at clojure.lang.Compiler.analyze(Compiler.java:6648)
	... 103 more

2017.11.05 22:14:49.192 MSK SEVERE: null -- java.lang.RuntimeException: Unmatched delimiter: ]
	at clojure.lang.Util.runtimeException(Util.java:221)
	at clojure.lang.LispReader$UnmatchedDelimiterReader.invoke(LispReader.java:1176)
	at clojure.lang.LispReader.read(LispReader.java:263)
	at clojure.lang.LispReader.readDelimitedList(LispReader.java:1200)
	at clojure.lang.LispReader$ListReader.invoke(LispReader.java:1049)
	at clojure.lang.LispReader.read(LispReader.java:263)
	at clojure.lang.LispReader.readDelimitedList(LispReader.java:1200)
	at clojure.lang.LispReader$VectorReader.invoke(LispReader.java:1150)
	at clojure.lang.LispReader.read(LispReader.java:263)
	at clojure.lang.LispReader.readDelimitedList(LispReader.java:1200)
	at clojure.lang.LispReader$ListReader.invoke(LispReader.java:1049)
	at clojure.lang.LispReader.read(LispReader.java:263)
	at clojure.lang.LispReader.readDelimitedList(LispReader.java:1200)
	at clojure.lang.LispReader$ListReader.invoke(LispReader.java:1049)
	at clojure.lang.LispReader.read(LispReader.java:263)
	at clojure.lang.LispReader.readDelimitedList(LispReader.java:1200)
	at clojure.lang.LispReader$ListReader.invoke(LispReader.java:1049)
	at clojure.lang.LispReader.read(LispReader.java:263)
	at clojure.lang.LispReader.read(LispReader.java:196)
	at clojure.lang.LispReader.read(LispReader.java:185)
	at clojure.lang.RT.readString(RT.java:1835)
	at clojure.lang.RT.readString(RT.java:1830)
	at clojure.core$read_string.invokeStatic(core.clj:3687)
	at clojure.core$read_string.invoke(core.clj:3677)
	at ru.rules$mk_rule.invokeStatic(rules.clj:29)
	at ru.rules$mk_rule.invoke(rules.clj:21)
	at ru.rules$run_engine$fn__26995.invoke(rules.clj:80)
	at clojure.core$map$fn__4785.invoke(core.clj:2644)
	at clojure.lang.LazySeq.sval(LazySeq.java:40)
	at clojure.lang.LazySeq.seq(LazySeq.java:49)
	at clojure.lang.RT.seq(RT.java:521)
	at clojure.core$seq__4357.invokeStatic(core.clj:137)
	at clojure.core$map$fn__4785.invoke(core.clj:2637)
	at clojure.lang.LazySeq.sval(LazySeq.java:40)
	at clojure.lang.LazySeq.seq(LazySeq.java:49)
	at clojure.lang.ChunkedCons.chunkedNext(ChunkedCons.java:59)
	at clojure.lang.ChunkedCons.next(ChunkedCons.java:43)
	at clojure.lang.RT.countFrom(RT.java:628)
	at clojure.lang.RT.count(RT.java:618)
	at ru.rules$run_engine.invokeStatic(rules.clj:84)
	at ru.rules$run_engine.invoke(rules.clj:53)
	at ru.rules$run_engine.invokeStatic(rules.clj:59)
	at ru.rules$run_engine.invoke(rules.clj:53)
	at clojure.lang.Var.invoke(Var.java:379)
	at clojuretab.ClojureTab.invoke(ClojureTab.java:696)
	at menu.item$clojure_work.invokeStatic(item.clj:16)
	at menu.item$clojure_work.invoke(item.clj:5)
	at clojure.lang.Var.invoke(Var.java:375)
	at clojuretab.ClojureTab.invoke(ClojureTab.java:692)
	at clojuretab.MenuItemInserter$1.actionPerformed(MenuItemInserter.java:59)
	at javax.swing.AbstractButton.fireActionPerformed(AbstractButton.java:2022)
	at javax.swing.AbstractButton$Handler.actionPerformed(AbstractButton.java:2346)
	at javax.swing.DefaultButtonModel.fireActionPerformed(DefaultButtonModel.java:402)
	at javax.swing.DefaultButtonModel.setPressed(DefaultButtonModel.java:259)
	at javax.swing.AbstractButton.doClick(AbstractButton.java:376)
	at javax.swing.plaf.basic.BasicMenuItemUI.doClick(BasicMenuItemUI.java:833)
	at com.apple.laf.AquaMenuItemUI.doClick(AquaMenuItemUI.java:157)
	at javax.swing.plaf.basic.BasicMenuItemUI$Handler.mouseReleased(BasicMenuItemUI.java:877)
	at java.awt.Component.processMouseEvent(Component.java:6525)
	at javax.swing.JComponent.processMouseEvent(JComponent.java:3322)
	at java.awt.Component.processEvent(Component.java:6290)
	at java.awt.Container.processEvent(Container.java:2234)
	at java.awt.Component.dispatchEventImpl(Component.java:4881)
	at java.awt.Container.dispatchEventImpl(Container.java:2292)
	at java.awt.Component.dispatchEvent(Component.java:4703)
	at java.awt.LightweightDispatcher.retargetMouseEvent(Container.java:4898)
	at java.awt.LightweightDispatcher.processMouseEvent(Container.java:4533)
	at java.awt.LightweightDispatcher.dispatchEvent(Container.java:4462)
	at java.awt.Container.dispatchEventImpl(Container.java:2278)
	at java.awt.Window.dispatchEventImpl(Window.java:2739)
	at java.awt.Component.dispatchEvent(Component.java:4703)
	at java.awt.EventQueue.dispatchEventImpl(EventQueue.java:751)
	at java.awt.EventQueue.access$500(EventQueue.java:97)
	at java.awt.EventQueue$3.run(EventQueue.java:702)
	at java.awt.EventQueue$3.run(EventQueue.java:696)
	at java.security.AccessController.doPrivileged(Native Method)
	at java.security.ProtectionDomain$1.doIntersectionPrivilege(ProtectionDomain.java:75)
	at java.security.ProtectionDomain$1.doIntersectionPrivilege(ProtectionDomain.java:86)
	at java.awt.EventQueue$4.run(EventQueue.java:724)
	at java.awt.EventQueue$4.run(EventQueue.java:722)
	at java.security.AccessController.doPrivileged(Native Method)
	at java.security.ProtectionDomain$1.doIntersectionPrivilege(ProtectionDomain.java:75)
	at java.awt.EventQueue.dispatchEvent(EventQueue.java:721)
	at java.awt.EventDispatchThread.pumpOneEventForFilters(EventDispatchThread.java:201)
	at java.awt.EventDispatchThread.pumpEventsForFilter(EventDispatchThread.java:116)
	at java.awt.EventDispatchThread.pumpEventsForHierarchy(EventDispatchThread.java:105)
	at java.awt.EventDispatchThread.pumpEvents(EventDispatchThread.java:101)
	at java.awt.EventDispatchThread.pumpEvents(EventDispatchThread.java:93)
	at java.awt.EventDispatchThread.run(EventDispatchThread.java:82)

