2018.07.26 19:54:24.670 MSK INFO: *** SYSTEM START *** -- SystemUtilities.logSystemInfo()
2018.07.26 19:54:24.708 MSK CONFIG: Protege 3.5 Build 663, JVM 10.0.1+10-Ubuntu-3ubuntu1, memory=494M, Linux, encoding=UTF-8, language=en, country=US -- SystemUtilities.logSystemInfo()
2018.07.26 19:54:24.719 MSK WARNING: Plugins directory not found: /home/ru/clojure/simpro-scene/plugins -- PluginUtilities.findPluginsDirectory()
2018.07.26 19:54:25.916 MSK WARNING: Look and feel not found: com.apple.laf.AquaLookAndFeel -- SystemUtilities.setLookAndFeel()
2018.07.26 19:54:26.909 MSK WARNING: missing bundle: protege_text -- BundleHelper.<init>()
2018.07.26 19:55:01.947 MSK INFO: Loaded 5000 instances: ScenarioN_ProjectKB_Class72426 -- Parser.getInstance()
2018.07.26 19:55:02.009 MSK INFO: Loaded 6000 instances: ScenarioN_ProjectKB_Class83426 -- Parser.getInstance()
2018.07.26 19:55:02.149 MSK INFO: Set type on 5000 instances: ScenarioN_ProjectKB_Class83146 -- Parser.getInstance()
2018.07.26 19:55:02.421 MSK INFO: Set type on 6000 instances: ScenarioN_ProjectKB_Class91405 -- Parser.getInstance()
2018.07.26 19:55:10.397 MSK WARNING: missing bundle: standard_extensions_text -- BundleHelper.<init>()
2018.07.26 19:55:10.398 MSK WARNING: no resource bundle: tab.queries -- BundleHelper.internalGetText()
2018.07.26 19:55:18.570 MSK INFO: Load time for file:/home/ru/clojure/simpro-scene/pprj_examples/RasterToVector.pprj = 11 sec (project) + 8 sec (ui) -- ProjectManager$3.run()
2018.07.26 19:58:51.853 MSK SEVERE: null -- java.lang.RuntimeException: Unable to resolve symbol: _ in this context, compiling:(clojure/rtv/core.clj:70:20)
	at clojure.lang.Compiler.analyze(Compiler.java:6792)
	at clojure.lang.Compiler.analyze(Compiler.java:6729)
	at clojure.lang.Compiler$BodyExpr$Parser.parse(Compiler.java:6100)
	at clojure.lang.Compiler$LetExpr$Parser.parse(Compiler.java:6420)
	at clojure.lang.Compiler.analyzeSeq(Compiler.java:7003)
	at clojure.lang.Compiler.analyze(Compiler.java:6773)
	at clojure.lang.Compiler.analyzeSeq(Compiler.java:6991)
	at clojure.lang.Compiler.analyze(Compiler.java:6773)
	at clojure.lang.Compiler.analyze(Compiler.java:6729)
	at clojure.lang.Compiler$BodyExpr$Parser.parse(Compiler.java:6100)
	at clojure.lang.Compiler$FnMethod.parse(Compiler.java:5460)
	at clojure.lang.Compiler$FnExpr.parse(Compiler.java:4022)
	at clojure.lang.Compiler.analyzeSeq(Compiler.java:7001)
	at clojure.lang.Compiler.analyze(Compiler.java:6773)
	at clojure.lang.Compiler.analyzeSeq(Compiler.java:6991)
	at clojure.lang.Compiler.analyze(Compiler.java:6773)
	at clojure.lang.Compiler.access$300(Compiler.java:38)
	at clojure.lang.Compiler$LetExpr$Parser.parse(Compiler.java:6368)
	at clojure.lang.Compiler.analyzeSeq(Compiler.java:7003)
	at clojure.lang.Compiler.analyze(Compiler.java:6773)
	at clojure.lang.Compiler.analyzeSeq(Compiler.java:6991)
	at clojure.lang.Compiler.analyze(Compiler.java:6773)
	at clojure.lang.Compiler.analyze(Compiler.java:6729)
	at clojure.lang.Compiler$BodyExpr$Parser.parse(Compiler.java:6100)
	at clojure.lang.Compiler$FnMethod.parse(Compiler.java:5460)
	at clojure.lang.Compiler$FnExpr.parse(Compiler.java:4022)
	at clojure.lang.Compiler.analyzeSeq(Compiler.java:7001)
	at clojure.lang.Compiler.analyze(Compiler.java:6773)
	at clojure.lang.Compiler.analyzeSeq(Compiler.java:6991)
	at clojure.lang.Compiler.analyze(Compiler.java:6773)
	at clojure.lang.Compiler.access$300(Compiler.java:38)
	at clojure.lang.Compiler$DefExpr$Parser.parse(Compiler.java:595)
	at clojure.lang.Compiler.analyzeSeq(Compiler.java:7003)
	at clojure.lang.Compiler.analyze(Compiler.java:6773)
	at clojure.lang.Compiler.analyze(Compiler.java:6729)
	at clojure.lang.Compiler.eval(Compiler.java:7066)
	at clojure.lang.Compiler.load(Compiler.java:7514)
	at clojure.lang.RT.loadResourceScript(RT.java:379)
	at clojure.lang.RT.loadResourceScript(RT.java:370)
	at clojure.lang.RT.load(RT.java:460)
	at clojure.lang.RT.load(RT.java:426)
	at clojure.core$load$fn__6548.invoke(core.clj:6046)
	at clojure.core$load.invokeStatic(core.clj:6045)
	at clojure.core$load.doInvoke(core.clj:6029)
	at clojure.lang.RestFn.invoke(RestFn.java:408)
	at clojure.lang.Var.invoke(Var.java:381)
	at clojuretab.ClojureTab.loadProgram(ClojureTab.java:544)
	at clojuretab.ClojureTab.loadSelectedPrograms(ClojureTab.java:533)
	at clojuretab.ClojureTab.access$3(ClojureTab.java:529)
	at clojuretab.ClojureTab$5.actionPerformed(ClojureTab.java:255)
	at java.desktop/javax.swing.AbstractButton.fireActionPerformed(AbstractButton.java:1967)
	at java.desktop/javax.swing.AbstractButton$Handler.actionPerformed(AbstractButton.java:2308)
	at java.desktop/javax.swing.DefaultButtonModel.fireActionPerformed(DefaultButtonModel.java:405)
	at java.desktop/javax.swing.DefaultButtonModel.setPressed(DefaultButtonModel.java:262)
	at java.desktop/javax.swing.plaf.basic.BasicButtonListener.mouseReleased(BasicButtonListener.java:270)
	at java.desktop/java.awt.AWTEventMulticaster.mouseReleased(AWTEventMulticaster.java:297)
	at java.desktop/java.awt.Component.processMouseEvent(Component.java:6589)
	at java.desktop/javax.swing.JComponent.processMouseEvent(JComponent.java:3342)
	at java.desktop/java.awt.Component.processEvent(Component.java:6354)
	at java.desktop/java.awt.Container.processEvent(Container.java:2261)
	at java.desktop/java.awt.Component.dispatchEventImpl(Component.java:4966)
	at java.desktop/java.awt.Container.dispatchEventImpl(Container.java:2319)
	at java.desktop/java.awt.Component.dispatchEvent(Component.java:4798)
	at java.desktop/java.awt.LightweightDispatcher.retargetMouseEvent(Container.java:4914)
	at java.desktop/java.awt.LightweightDispatcher.processMouseEvent(Container.java:4543)
	at java.desktop/java.awt.LightweightDispatcher.dispatchEvent(Container.java:4484)
	at java.desktop/java.awt.Container.dispatchEventImpl(Container.java:2305)
	at java.desktop/java.awt.Window.dispatchEventImpl(Window.java:2772)
	at java.desktop/java.awt.Component.dispatchEvent(Component.java:4798)
	at java.desktop/java.awt.EventQueue.dispatchEventImpl(EventQueue.java:772)
	at java.desktop/java.awt.EventQueue.access$600(EventQueue.java:97)
	at java.desktop/java.awt.EventQueue$4.run(EventQueue.java:721)
	at java.desktop/java.awt.EventQueue$4.run(EventQueue.java:715)
	at java.base/java.security.AccessController.doPrivileged(Native Method)
	at java.base/java.security.ProtectionDomain$JavaSecurityAccessImpl.doIntersectionPrivilege(ProtectionDomain.java:87)
	at java.base/java.security.ProtectionDomain$JavaSecurityAccessImpl.doIntersectionPrivilege(ProtectionDomain.java:97)
	at java.desktop/java.awt.EventQueue$5.run(EventQueue.java:745)
	at java.desktop/java.awt.EventQueue$5.run(EventQueue.java:743)
	at java.base/java.security.AccessController.doPrivileged(Native Method)
	at java.base/java.security.ProtectionDomain$JavaSecurityAccessImpl.doIntersectionPrivilege(ProtectionDomain.java:87)
	at java.desktop/java.awt.EventQueue.dispatchEvent(EventQueue.java:742)
	at java.desktop/java.awt.EventDispatchThread.pumpOneEventForFilters(EventDispatchThread.java:203)
	at java.desktop/java.awt.EventDispatchThread.pumpEventsForFilter(EventDispatchThread.java:124)
	at java.desktop/java.awt.EventDispatchThread.pumpEventsForHierarchy(EventDispatchThread.java:113)
	at java.desktop/java.awt.EventDispatchThread.pumpEvents(EventDispatchThread.java:109)
	at java.desktop/java.awt.EventDispatchThread.pumpEvents(EventDispatchThread.java:101)
	at java.desktop/java.awt.EventDispatchThread.run(EventDispatchThread.java:90)
Caused by: java.lang.RuntimeException: Unable to resolve symbol: _ in this context
	at clojure.lang.Util.runtimeException(Util.java:221)
	at clojure.lang.Compiler.resolveIn(Compiler.java:7299)
	at clojure.lang.Compiler.resolve(Compiler.java:7243)
	at clojure.lang.Compiler.analyzeSymbol(Compiler.java:7204)
	at clojure.lang.Compiler.analyze(Compiler.java:6752)
	... 86 more

