2018.01.25 23:04:09.725 MSK INFO: *** SYSTEM START *** -- SystemUtilities.logSystemInfo()
2018.01.25 23:04:09.729 MSK CONFIG: Protege 3.5 Build 663, JVM 1.8.0_31-b13, memory=1908M, Mac OS X, encoding=UTF-8, language=en, country=US -- SystemUtilities.logSystemInfo()
2018.01.25 23:04:09.961 MSK CONFIG: Loaded plugin clojuretab -- PluginUtilities.logClassLoaderInformation()
2018.01.25 23:04:09.963 MSK CONFIG: Loaded plugin edu.stanford.smi.protegex.standard_extensions - Graph Widget, Table Widget -- PluginUtilities.logClassLoaderInformation()
2018.01.25 23:04:10.006 MSK CONFIG: Loaded plugin ru.igis.omtab -- PluginUtilities.logClassLoaderInformation()
2018.01.25 23:04:10.931 MSK WARNING: missing bundle: protege_text -- BundleHelper.<init>()
2018.01.25 23:04:15.165 MSK INFO: Loaded 5000 instances: ScenarioN_ProjectKB_Class72408 -- Parser.getInstance()
2018.01.25 23:04:15.171 MSK INFO: Loaded 6000 instances: ScenarioN_ProjectKB_Class83408 -- Parser.getInstance()
2018.01.25 23:04:15.196 MSK INFO: Set type on 5000 instances: ScenarioN_ProjectKB_Class83078 -- Parser.getInstance()
2018.01.25 23:04:15.252 MSK INFO: Set type on 6000 instances: ScenarioN_ProjectKB_Class84078 -- Parser.getInstance()
2018.01.25 23:04:17.068 MSK INFO: Load time for file:/Users/ru/clojure/simpro-scene/pprj_base/Scenario.pprj = 1 sec (project) + 0 sec (ui) -- ProjectManager$3.run()
2018.01.26 00:16:22.932 MSK INFO: Loaded 5000 instances: ScenarioN_ProjectKB_Class72406 -- Parser.getInstance()
2018.01.26 00:16:22.952 MSK INFO: Loaded 6000 instances: ScenarioN_ProjectKB_Class83406 -- Parser.getInstance()
2018.01.26 00:16:22.969 MSK INFO: Set type on 5000 instances: ScenarioN_ProjectKB_Class83076 -- Parser.getInstance()
2018.01.26 00:16:23.009 MSK INFO: Set type on 6000 instances: ScenarioN_ProjectKB_Class84076 -- Parser.getInstance()
2018.01.26 00:16:24.758 MSK SEVERE: Duplicate definition of class Railroad was ignored -- Parser.recordError()
2018.01.26 00:16:55.761 MSK INFO: Loaded 5000 instances: ScenarioN_ProjectKB_Class72406 -- Parser.getInstance()
2018.01.26 00:16:55.766 MSK INFO: Loaded 6000 instances: ScenarioN_ProjectKB_Class83406 -- Parser.getInstance()
2018.01.26 00:16:55.782 MSK INFO: Set type on 5000 instances: ScenarioN_ProjectKB_Class83076 -- Parser.getInstance()
2018.01.26 00:16:55.799 MSK INFO: Set type on 6000 instances: ScenarioN_ProjectKB_Class84076 -- Parser.getInstance()
2018.01.26 00:16:57.232 MSK SEVERE: Duplicate definition of class Railroad was ignored -- Parser.recordError()
2018.01.26 00:18:53.455 MSK INFO: Loaded 5000 instances: ScenarioN_ProjectKB_Class72406 -- Parser.getInstance()
2018.01.26 00:18:53.460 MSK INFO: Loaded 6000 instances: ScenarioN_ProjectKB_Class83406 -- Parser.getInstance()
2018.01.26 00:18:53.477 MSK INFO: Set type on 5000 instances: ScenarioN_ProjectKB_Class83076 -- Parser.getInstance()
2018.01.26 00:18:53.493 MSK INFO: Set type on 6000 instances: ScenarioN_ProjectKB_Class84076 -- Parser.getInstance()
2018.01.26 00:18:54.833 MSK SEVERE: Duplicate definition of class Railroad was ignored -- Parser.recordError()
