2017.10.21 21:58:03.605 MSK INFO: *** SYSTEM START *** -- SystemUtilities.logSystemInfo()
2017.10.21 21:58:03.610 MSK CONFIG: Protege 3.5 Build 663, JVM 1.8.0_31-b13, memory=1908M, Mac OS X, encoding=UTF-8, language=en, country=US -- SystemUtilities.logSystemInfo()
2017.10.21 21:58:03.834 MSK CONFIG: Loaded plugin clojuretab -- PluginUtilities.logClassLoaderInformation()
2017.10.21 21:58:03.848 MSK CONFIG: Loaded plugin edu.stanford.smi.protegex.standard_extensions - Graph Widget, Table Widget -- PluginUtilities.logClassLoaderInformation()
2017.10.21 21:58:03.881 MSK CONFIG: Loaded plugin ru.igis.omtab -- PluginUtilities.logClassLoaderInformation()
2017.10.21 21:58:04.799 MSK WARNING: missing bundle: protege_text -- BundleHelper.<init>()
2017.10.21 21:58:26.495 MSK INFO: Project load time for file:/Users/ru/clojure/simpro-scene/pprj_base/Algorithm.pprj: 0 sec -- ProjectChooser.loadProject()
2017.10.21 21:58:26.873 MSK INFO: UI display time = 0 sec -- ProjectManager$2.run()
2017.10.21 22:00:17.173 MSK INFO: Loaded 5000 instances: ScenarioN_ProjectKB_Class82876 -- Parser.getInstance()
2017.10.21 22:00:17.177 MSK INFO: Loaded 6000 instances: ScenarioN_ProjectKB_Class83876 -- Parser.getInstance()
2017.10.21 22:00:17.197 MSK INFO: Set type on 5000 instances: ScenarioN_ProjectKB_Class83370 -- Parser.getInstance()
2017.10.21 22:00:18.065 MSK INFO: Project load time for file:/Users/ru/clojure/simpro-scene/pprj_base/Scenario.pprj: 1 sec -- ProjectChooser.loadProject()
2017.10.21 22:00:18.749 MSK INFO: UI display time = 0 sec -- ProjectManager$2.run()
2017.10.21 22:04:18.812 MSK INFO: Loaded 5000 instances: ScenarioN_ProjectKB_Class82876 -- Parser.getInstance()
2017.10.21 22:04:18.816 MSK INFO: Loaded 6000 instances: ScenarioN_ProjectKB_Class83876 -- Parser.getInstance()
2017.10.21 22:04:18.836 MSK INFO: Set type on 5000 instances: ScenarioN_ProjectKB_Class83370 -- Parser.getInstance()
2017.10.21 22:04:19.449 MSK SEVERE: Undefined class: Algorithm found while loading classes -- Parser.recordError()
2017.10.21 22:04:19.469 MSK SEVERE: Undefined instance: Algorithm_Class10000 -- Parser.recordError()
2017.10.21 22:04:19.918 MSK INFO: Load time for file:/Users/ru/clojure/simpro-scene/pprj_base/Scenario.pprj = 0 sec (project) + 0 sec (ui) -- ProjectManager$3.run()
2017.10.21 22:08:14.615 MSK INFO: Loaded 5000 instances: ScenarioN_ProjectKB_Class82886 -- Parser.getInstance()
2017.10.21 22:08:14.619 MSK INFO: Loaded 6000 instances: ScenarioN_ProjectKB_Class83886 -- Parser.getInstance()
2017.10.21 22:08:14.639 MSK INFO: Set type on 5000 instances: ScenarioN_ProjectKB_Class83381 -- Parser.getInstance()
2017.10.21 22:08:15.778 MSK INFO: Load time for file:/Users/ru/clojure/simpro-scene/pprj_base/Scenario.pprj = 0 sec (project) + 0 sec (ui) -- ProjectManager$3.run()
2017.10.21 22:11:00.790 MSK INFO: Loaded 5000 instances: ScenarioN_ProjectKB_Class82876 -- Parser.getInstance()
2017.10.21 22:11:00.794 MSK INFO: Loaded 6000 instances: ScenarioN_ProjectKB_Class83876 -- Parser.getInstance()
2017.10.21 22:11:00.815 MSK INFO: Set type on 5000 instances: ScenarioN_ProjectKB_Class83370 -- Parser.getInstance()
2017.10.21 22:11:02.369 MSK INFO: Project load time for file:/Users/ru/clojure/simpro-scene/pprj_examples/Sea.pprj: 1 sec -- ProjectChooser.loadProject()
2017.10.21 22:11:02.772 MSK INFO: UI display time = 0 sec -- ProjectManager$2.run()
2017.10.21 22:14:40.432 MSK INFO: Loaded 5000 instances: ScenarioN_ProjectKB_Class82876 -- Parser.getInstance()
2017.10.21 22:14:40.437 MSK INFO: Loaded 6000 instances: ScenarioN_ProjectKB_Class83876 -- Parser.getInstance()
2017.10.21 22:14:40.456 MSK INFO: Set type on 5000 instances: ScenarioN_ProjectKB_Class83370 -- Parser.getInstance()
2017.10.21 22:14:41.151 MSK INFO: Project load time for file:/Users/ru/clojure/simpro-scene/pprj_base/Scenario.pprj: 0 sec -- ProjectChooser.loadProject()
2017.10.21 22:14:41.554 MSK INFO: UI display time = 0 sec -- ProjectManager$2.run()
