2018.01.22 13:08:00.069 MSK INFO: *** SYSTEM START *** -- SystemUtilities.logSystemInfo()
2018.01.22 13:08:00.073 MSK CONFIG: Protege 3.5 Build 663, JVM 1.8.0_31-b13, memory=1908M, Mac OS X, encoding=UTF-8, language=en, country=US -- SystemUtilities.logSystemInfo()
2018.01.22 13:08:00.331 MSK CONFIG: Loaded plugin clojuretab -- PluginUtilities.logClassLoaderInformation()
2018.01.22 13:08:00.333 MSK CONFIG: Loaded plugin edu.stanford.smi.protegex.standard_extensions - Graph Widget, Table Widget -- PluginUtilities.logClassLoaderInformation()
2018.01.22 13:08:00.376 MSK CONFIG: Loaded plugin ru.igis.omtab -- PluginUtilities.logClassLoaderInformation()
2018.01.22 13:08:01.291 MSK WARNING: missing bundle: protege_text -- BundleHelper.<init>()
2018.01.22 13:08:04.077 MSK INFO: Loaded 5000 instances: ScenarioN_ProjectKB_Class72416 -- Parser.getInstance()
2018.01.22 13:08:04.082 MSK INFO: Loaded 6000 instances: ScenarioN_ProjectKB_Class83416 -- Parser.getInstance()
2018.01.22 13:08:04.099 MSK INFO: Set type on 5000 instances: ScenarioN_ProjectKB_Class83086 -- Parser.getInstance()
2018.01.22 13:08:04.115 MSK INFO: Set type on 6000 instances: ScenarioN_ProjectKB_Class84086 -- Parser.getInstance()
2018.01.22 13:08:06.654 MSK INFO: Load time for file:/Users/ru/clojure/simpro-scene/pprj_examples/BrigBern.pprj = 1 sec (project) + 0 sec (ui) -- ProjectManager$3.run()
2018.01.22 13:18:55.893 MSK SEVERE: null -- java.lang.RuntimeException: EOF while reading string, compiling:(clojure/osm/data.clj:221:1)
	at clojure.lang.Compiler.load(Compiler.java:7386)
	at clojure.lang.RT.loadResourceScript(RT.java:372)
	at clojure.lang.RT.loadResourceScript(RT.java:363)
	at clojure.lang.RT.load(RT.java:453)
	at clojure.lang.RT.load(RT.java:419)
	at clojure.core$load$fn__5677.invoke(core.clj:5893)
	at clojure.core$load.invokeStatic(core.clj:5892)
	at clojure.core$load.doInvoke(core.clj:5876)
	at clojure.lang.RestFn.invoke(RestFn.java:408)
	at clojure.lang.Var.invoke(Var.java:379)
	at clojuretab.ClojureTab.loadProgram(ClojureTab.java:544)
	at clojuretab.ClojureActionButton.loadProgram(ClojureActionButton.java:130)
	at clojuretab.ClojureActionButton.setValues(ClojureActionButton.java:101)
	at edu.stanford.smi.protege.widget.AbstractSlotWidget.setWidgetValues(Unknown Source)
	at edu.stanford.smi.protege.widget.AbstractSlotWidget.loadValues(Unknown Source)
	at edu.stanford.smi.protege.widget.AbstractSlotWidget.setInstance(Unknown Source)
	at edu.stanford.smi.protege.widget.FormWidget.propagateSetInstanceToWidgets(Unknown Source)
	at edu.stanford.smi.protege.widget.FormWidget.setInstance(Unknown Source)
	at edu.stanford.smi.protege.model.Project.createRuntimeClsWidget(Unknown Source)
	at edu.stanford.smi.protege.ui.InstanceDisplay.getWidget(Unknown Source)
	at edu.stanford.smi.protege.ui.InstanceDisplay.addRuntimeWidgets(Unknown Source)
	at edu.stanford.smi.protege.ui.InstanceDisplay.setInstance(Unknown Source)
	at edu.stanford.smi.protege.ui.InstanceDisplay.setInstance(Unknown Source)
	at edu.stanford.smi.protege.widget.InstancesTab$2.selectionChanged(Unknown Source)
	at edu.stanford.smi.protege.util.SelectionEventDispatcher.postEvent(Unknown Source)
	at edu.stanford.smi.protege.util.ListenerCollection.postEvent(Unknown Source)
	at edu.stanford.smi.protege.util.ListenerCollection.postEvent(Unknown Source)
	at edu.stanford.smi.protege.util.SelectableContainer.notifySelectionListeners(Unknown Source)
	at edu.stanford.smi.protege.util.SelectableContainer$1.selectionChanged(Unknown Source)
	at edu.stanford.smi.protege.util.SelectionEventDispatcher.postEvent(Unknown Source)
	at edu.stanford.smi.protege.util.ListenerCollection.postEvent(Unknown Source)
	at edu.stanford.smi.protege.util.ListenerCollection.postEvent(Unknown Source)
	at edu.stanford.smi.protege.util.SelectableList.notifySelectionListeners(Unknown Source)
	at edu.stanford.smi.protege.util.SelectableList$1.valueChanged(Unknown Source)
	at javax.swing.JList.fireSelectionValueChanged(JList.java:1796)
	at javax.swing.JList$ListSelectionHandler.valueChanged(JList.java:1810)
	at javax.swing.DefaultListSelectionModel.fireValueChanged(DefaultListSelectionModel.java:184)
	at javax.swing.DefaultListSelectionModel.fireValueChanged(DefaultListSelectionModel.java:164)
	at javax.swing.DefaultListSelectionModel.fireValueChanged(DefaultListSelectionModel.java:211)
	at javax.swing.DefaultListSelectionModel.changeSelection(DefaultListSelectionModel.java:405)
	at javax.swing.DefaultListSelectionModel.changeSelection(DefaultListSelectionModel.java:415)
	at javax.swing.DefaultListSelectionModel.addSelectionInterval(DefaultListSelectionModel.java:518)
	at javax.swing.JList.setSelectedIndices(JList.java:2235)
	at edu.stanford.smi.protege.util.ComponentUtilities.setSelectedValues(Unknown Source)
	at edu.stanford.smi.protege.widget.AbstractTabWidget.synchronizeToInstances(Unknown Source)
	at edu.stanford.smi.protege.ui.ProjectView.synchronizeInstances(Unknown Source)
	at edu.stanford.smi.protege.ui.ProjectView$4.stateChanged(Unknown Source)
	at javax.swing.JTabbedPane.fireStateChanged(JTabbedPane.java:416)
	at javax.swing.JTabbedPane$ModelListener.stateChanged(JTabbedPane.java:270)
	at javax.swing.DefaultSingleSelectionModel.fireStateChanged(DefaultSingleSelectionModel.java:132)
	at javax.swing.DefaultSingleSelectionModel.setSelectedIndex(DefaultSingleSelectionModel.java:67)
	at javax.swing.JTabbedPane.setSelectedIndexImpl(JTabbedPane.java:616)
	at javax.swing.JTabbedPane.setSelectedIndex(JTabbedPane.java:591)
	at com.apple.laf.AquaTabbedPaneUI$MouseHandler.mouseReleased(AquaTabbedPaneUI.java:905)
	at java.awt.AWTEventMulticaster.mouseReleased(AWTEventMulticaster.java:289)
	at java.awt.Component.processMouseEvent(Component.java:6525)
	at javax.swing.JComponent.processMouseEvent(JComponent.java:3322)
	at java.awt.Component.processEvent(Component.java:6290)
	at java.awt.Container.processEvent(Container.java:2234)
	at java.awt.Component.dispatchEventImpl(Component.java:4881)
	at java.awt.Container.dispatchEventImpl(Container.java:2292)
	at java.awt.Component.dispatchEvent(Component.java:4703)
	at java.awt.LightweightDispatcher.retargetMouseEvent(Container.java:4898)
	at java.awt.LightweightDispatcher.processMouseEvent(Container.java:4533)
	at java.awt.LightweightDispatcher.dispatchEvent(Container.java:4462)
	at java.awt.Container.dispatchEventImpl(Container.java:2278)
	at java.awt.Window.dispatchEventImpl(Window.java:2739)
	at java.awt.Component.dispatchEvent(Component.java:4703)
	at java.awt.EventQueue.dispatchEventImpl(EventQueue.java:751)
	at java.awt.EventQueue.access$500(EventQueue.java:97)
	at java.awt.EventQueue$3.run(EventQueue.java:702)
	at java.awt.EventQueue$3.run(EventQueue.java:696)
	at java.security.AccessController.doPrivileged(Native Method)
	at java.security.ProtectionDomain$1.doIntersectionPrivilege(ProtectionDomain.java:75)
	at java.security.ProtectionDomain$1.doIntersectionPrivilege(ProtectionDomain.java:86)
	at java.awt.EventQueue$4.run(EventQueue.java:724)
	at java.awt.EventQueue$4.run(EventQueue.java:722)
	at java.security.AccessController.doPrivileged(Native Method)
	at java.security.ProtectionDomain$1.doIntersectionPrivilege(ProtectionDomain.java:75)
	at java.awt.EventQueue.dispatchEvent(EventQueue.java:721)
	at java.awt.EventDispatchThread.pumpOneEventForFilters(EventDispatchThread.java:201)
	at java.awt.EventDispatchThread.pumpEventsForFilter(EventDispatchThread.java:116)
	at java.awt.EventDispatchThread.pumpEventsForHierarchy(EventDispatchThread.java:105)
	at java.awt.EventDispatchThread.pumpEvents(EventDispatchThread.java:101)
	at java.awt.EventDispatchThread.pumpEvents(EventDispatchThread.java:93)
	at java.awt.EventDispatchThread.run(EventDispatchThread.java:82)
Caused by: java.lang.RuntimeException: EOF while reading string
	at clojure.lang.Util.runtimeException(Util.java:221)
	at clojure.lang.LispReader$StringReader.invoke(LispReader.java:525)
	at clojure.lang.LispReader.read(LispReader.java:263)
	at clojure.lang.LispReader.readDelimitedList(LispReader.java:1200)
	at clojure.lang.LispReader$ListReader.invoke(LispReader.java:1049)
	at clojure.lang.LispReader.read(LispReader.java:263)
	at clojure.lang.LispReader.readDelimitedList(LispReader.java:1200)
	at clojure.lang.LispReader$VectorReader.invoke(LispReader.java:1150)
	at clojure.lang.LispReader.read(LispReader.java:263)
	at clojure.lang.LispReader.readDelimitedList(LispReader.java:1200)
	at clojure.lang.LispReader$ListReader.invoke(LispReader.java:1049)
	at clojure.lang.LispReader.read(LispReader.java:263)
	at clojure.lang.LispReader.readDelimitedList(LispReader.java:1200)
	at clojure.lang.LispReader$ListReader.invoke(LispReader.java:1049)
	at clojure.lang.LispReader.read(LispReader.java:263)
	at clojure.lang.LispReader.read(LispReader.java:196)
	at clojure.lang.Compiler.load(Compiler.java:7374)
	... 85 more

2018.01.22 13:18:55.964 MSK SEVERE: null -- java.lang.RuntimeException: EOF while reading string, compiling:(clojure/osm/data.clj:221:1)
	at clojure.lang.Compiler.load(Compiler.java:7386)
	at clojure.lang.RT.loadResourceScript(RT.java:372)
	at clojure.lang.RT.loadResourceScript(RT.java:363)
	at clojure.lang.RT.load(RT.java:453)
	at clojure.lang.RT.load(RT.java:419)
	at clojure.core$load$fn__5677.invoke(core.clj:5893)
	at clojure.core$load.invokeStatic(core.clj:5892)
	at clojure.core$load.doInvoke(core.clj:5876)
	at clojure.lang.RestFn.invoke(RestFn.java:408)
	at clojure.lang.Var.invoke(Var.java:379)
	at clojuretab.ClojureTab.loadProgram(ClojureTab.java:544)
	at clojuretab.ClojureActionButton.loadProgram(ClojureActionButton.java:130)
	at clojuretab.ClojureActionButton.setValues(ClojureActionButton.java:101)
	at edu.stanford.smi.protege.widget.AbstractSlotWidget.setWidgetValues(Unknown Source)
	at edu.stanford.smi.protege.widget.AbstractSlotWidget.loadValues(Unknown Source)
	at edu.stanford.smi.protege.widget.AbstractSlotWidget.setInstance(Unknown Source)
	at edu.stanford.smi.protege.widget.FormWidget.propagateSetInstanceToWidgets(Unknown Source)
	at edu.stanford.smi.protege.widget.FormWidget.setInstance(Unknown Source)
	at edu.stanford.smi.protege.model.Project.createRuntimeClsWidget(Unknown Source)
	at edu.stanford.smi.protege.ui.InstanceDisplay.getWidget(Unknown Source)
	at edu.stanford.smi.protege.ui.InstanceDisplay.addRuntimeWidgets(Unknown Source)
	at edu.stanford.smi.protege.ui.InstanceDisplay.setInstance(Unknown Source)
	at edu.stanford.smi.protege.ui.InstanceDisplay.setInstance(Unknown Source)
	at edu.stanford.smi.protege.widget.InstancesTab$2.selectionChanged(Unknown Source)
	at edu.stanford.smi.protege.util.SelectionEventDispatcher.postEvent(Unknown Source)
	at edu.stanford.smi.protege.util.ListenerCollection.postEvent(Unknown Source)
	at edu.stanford.smi.protege.util.ListenerCollection.postEvent(Unknown Source)
	at edu.stanford.smi.protege.util.SelectableContainer.notifySelectionListeners(Unknown Source)
	at edu.stanford.smi.protege.util.SelectableContainer$1.selectionChanged(Unknown Source)
	at edu.stanford.smi.protege.util.SelectionEventDispatcher.postEvent(Unknown Source)
	at edu.stanford.smi.protege.util.ListenerCollection.postEvent(Unknown Source)
	at edu.stanford.smi.protege.util.ListenerCollection.postEvent(Unknown Source)
	at edu.stanford.smi.protege.util.SelectableList.notifySelectionListeners(Unknown Source)
	at edu.stanford.smi.protege.util.SelectableList$1.valueChanged(Unknown Source)
	at javax.swing.JList.fireSelectionValueChanged(JList.java:1796)
	at javax.swing.JList$ListSelectionHandler.valueChanged(JList.java:1810)
	at javax.swing.DefaultListSelectionModel.fireValueChanged(DefaultListSelectionModel.java:184)
	at javax.swing.DefaultListSelectionModel.fireValueChanged(DefaultListSelectionModel.java:164)
	at javax.swing.DefaultListSelectionModel.fireValueChanged(DefaultListSelectionModel.java:211)
	at javax.swing.DefaultListSelectionModel.changeSelection(DefaultListSelectionModel.java:405)
	at javax.swing.DefaultListSelectionModel.changeSelection(DefaultListSelectionModel.java:415)
	at javax.swing.DefaultListSelectionModel.addSelectionInterval(DefaultListSelectionModel.java:518)
	at javax.swing.JList.setSelectedIndices(JList.java:2235)
	at edu.stanford.smi.protege.util.ComponentUtilities.setSelectedValues(Unknown Source)
	at edu.stanford.smi.protege.widget.AbstractTabWidget.synchronizeToInstances(Unknown Source)
	at edu.stanford.smi.protege.ui.ProjectView.synchronizeInstances(Unknown Source)
	at edu.stanford.smi.protege.ui.ProjectView$4.stateChanged(Unknown Source)
	at javax.swing.JTabbedPane.fireStateChanged(JTabbedPane.java:416)
	at javax.swing.JTabbedPane$ModelListener.stateChanged(JTabbedPane.java:270)
	at javax.swing.DefaultSingleSelectionModel.fireStateChanged(DefaultSingleSelectionModel.java:132)
	at javax.swing.DefaultSingleSelectionModel.setSelectedIndex(DefaultSingleSelectionModel.java:67)
	at javax.swing.JTabbedPane.setSelectedIndexImpl(JTabbedPane.java:616)
	at javax.swing.JTabbedPane.setSelectedIndex(JTabbedPane.java:591)
	at com.apple.laf.AquaTabbedPaneUI$MouseHandler.mouseReleased(AquaTabbedPaneUI.java:905)
	at java.awt.AWTEventMulticaster.mouseReleased(AWTEventMulticaster.java:289)
	at java.awt.Component.processMouseEvent(Component.java:6525)
	at javax.swing.JComponent.processMouseEvent(JComponent.java:3322)
	at java.awt.Component.processEvent(Component.java:6290)
	at java.awt.Container.processEvent(Container.java:2234)
	at java.awt.Component.dispatchEventImpl(Component.java:4881)
	at java.awt.Container.dispatchEventImpl(Container.java:2292)
	at java.awt.Component.dispatchEvent(Component.java:4703)
	at java.awt.LightweightDispatcher.retargetMouseEvent(Container.java:4898)
	at java.awt.LightweightDispatcher.processMouseEvent(Container.java:4533)
	at java.awt.LightweightDispatcher.dispatchEvent(Container.java:4462)
	at java.awt.Container.dispatchEventImpl(Container.java:2278)
	at java.awt.Window.dispatchEventImpl(Window.java:2739)
	at java.awt.Component.dispatchEvent(Component.java:4703)
	at java.awt.EventQueue.dispatchEventImpl(EventQueue.java:751)
	at java.awt.EventQueue.access$500(EventQueue.java:97)
	at java.awt.EventQueue$3.run(EventQueue.java:702)
	at java.awt.EventQueue$3.run(EventQueue.java:696)
	at java.security.AccessController.doPrivileged(Native Method)
	at java.security.ProtectionDomain$1.doIntersectionPrivilege(ProtectionDomain.java:75)
	at java.security.ProtectionDomain$1.doIntersectionPrivilege(ProtectionDomain.java:86)
	at java.awt.EventQueue$4.run(EventQueue.java:724)
	at java.awt.EventQueue$4.run(EventQueue.java:722)
	at java.security.AccessController.doPrivileged(Native Method)
	at java.security.ProtectionDomain$1.doIntersectionPrivilege(ProtectionDomain.java:75)
	at java.awt.EventQueue.dispatchEvent(EventQueue.java:721)
	at java.awt.EventDispatchThread.pumpOneEventForFilters(EventDispatchThread.java:201)
	at java.awt.EventDispatchThread.pumpEventsForFilter(EventDispatchThread.java:116)
	at java.awt.EventDispatchThread.pumpEventsForHierarchy(EventDispatchThread.java:105)
	at java.awt.EventDispatchThread.pumpEvents(EventDispatchThread.java:101)
	at java.awt.EventDispatchThread.pumpEvents(EventDispatchThread.java:93)
	at java.awt.EventDispatchThread.run(EventDispatchThread.java:82)
Caused by: java.lang.RuntimeException: EOF while reading string
	at clojure.lang.Util.runtimeException(Util.java:221)
	at clojure.lang.LispReader$StringReader.invoke(LispReader.java:525)
	at clojure.lang.LispReader.read(LispReader.java:263)
	at clojure.lang.LispReader.readDelimitedList(LispReader.java:1200)
	at clojure.lang.LispReader$ListReader.invoke(LispReader.java:1049)
	at clojure.lang.LispReader.read(LispReader.java:263)
	at clojure.lang.LispReader.readDelimitedList(LispReader.java:1200)
	at clojure.lang.LispReader$VectorReader.invoke(LispReader.java:1150)
	at clojure.lang.LispReader.read(LispReader.java:263)
	at clojure.lang.LispReader.readDelimitedList(LispReader.java:1200)
	at clojure.lang.LispReader$ListReader.invoke(LispReader.java:1049)
	at clojure.lang.LispReader.read(LispReader.java:263)
	at clojure.lang.LispReader.readDelimitedList(LispReader.java:1200)
	at clojure.lang.LispReader$ListReader.invoke(LispReader.java:1049)
	at clojure.lang.LispReader.read(LispReader.java:263)
	at clojure.lang.LispReader.read(LispReader.java:196)
	at clojure.lang.Compiler.load(Compiler.java:7374)
	... 85 more

2018.01.22 13:18:56.035 MSK SEVERE: null -- java.lang.RuntimeException: EOF while reading string, compiling:(clojure/osm/data.clj:221:1)
	at clojure.lang.Compiler.load(Compiler.java:7386)
	at clojure.lang.RT.loadResourceScript(RT.java:372)
	at clojure.lang.RT.loadResourceScript(RT.java:363)
	at clojure.lang.RT.load(RT.java:453)
	at clojure.lang.RT.load(RT.java:419)
	at clojure.core$load$fn__5677.invoke(core.clj:5893)
	at clojure.core$load.invokeStatic(core.clj:5892)
	at clojure.core$load.doInvoke(core.clj:5876)
	at clojure.lang.RestFn.invoke(RestFn.java:408)
	at clojure.lang.Var.invoke(Var.java:379)
	at clojuretab.ClojureTab.loadProgram(ClojureTab.java:544)
	at clojuretab.ClojureActionButton.loadProgram(ClojureActionButton.java:130)
	at clojuretab.ClojureActionButton.setValues(ClojureActionButton.java:101)
	at edu.stanford.smi.protege.widget.AbstractSlotWidget.setWidgetValues(Unknown Source)
	at edu.stanford.smi.protege.widget.AbstractSlotWidget.loadValues(Unknown Source)
	at edu.stanford.smi.protege.widget.AbstractSlotWidget.setInstance(Unknown Source)
	at edu.stanford.smi.protege.widget.FormWidget.propagateSetInstanceToWidgets(Unknown Source)
	at edu.stanford.smi.protege.widget.FormWidget.setInstance(Unknown Source)
	at edu.stanford.smi.protege.model.Project.createRuntimeClsWidget(Unknown Source)
	at edu.stanford.smi.protege.ui.InstanceDisplay.getWidget(Unknown Source)
	at edu.stanford.smi.protege.ui.InstanceDisplay.addRuntimeWidgets(Unknown Source)
	at edu.stanford.smi.protege.ui.InstanceDisplay.setInstance(Unknown Source)
	at edu.stanford.smi.protege.ui.InstanceDisplay.setInstance(Unknown Source)
	at edu.stanford.smi.protege.widget.InstancesTab$2.selectionChanged(Unknown Source)
	at edu.stanford.smi.protege.util.SelectionEventDispatcher.postEvent(Unknown Source)
	at edu.stanford.smi.protege.util.ListenerCollection.postEvent(Unknown Source)
	at edu.stanford.smi.protege.util.ListenerCollection.postEvent(Unknown Source)
	at edu.stanford.smi.protege.util.SelectableContainer.notifySelectionListeners(Unknown Source)
	at edu.stanford.smi.protege.util.SelectableContainer$1.selectionChanged(Unknown Source)
	at edu.stanford.smi.protege.util.SelectionEventDispatcher.postEvent(Unknown Source)
	at edu.stanford.smi.protege.util.ListenerCollection.postEvent(Unknown Source)
	at edu.stanford.smi.protege.util.ListenerCollection.postEvent(Unknown Source)
	at edu.stanford.smi.protege.util.SelectableList.notifySelectionListeners(Unknown Source)
	at edu.stanford.smi.protege.util.SelectableList$1.valueChanged(Unknown Source)
	at javax.swing.JList.fireSelectionValueChanged(JList.java:1796)
	at javax.swing.JList$ListSelectionHandler.valueChanged(JList.java:1810)
	at javax.swing.DefaultListSelectionModel.fireValueChanged(DefaultListSelectionModel.java:184)
	at javax.swing.DefaultListSelectionModel.fireValueChanged(DefaultListSelectionModel.java:164)
	at javax.swing.DefaultListSelectionModel.fireValueChanged(DefaultListSelectionModel.java:211)
	at javax.swing.DefaultListSelectionModel.changeSelection(DefaultListSelectionModel.java:405)
	at javax.swing.DefaultListSelectionModel.changeSelection(DefaultListSelectionModel.java:415)
	at javax.swing.DefaultListSelectionModel.addSelectionInterval(DefaultListSelectionModel.java:518)
	at javax.swing.JList.setSelectedIndices(JList.java:2235)
	at edu.stanford.smi.protege.util.ComponentUtilities.setSelectedValues(Unknown Source)
	at edu.stanford.smi.protege.widget.AbstractTabWidget.synchronizeToInstances(Unknown Source)
	at edu.stanford.smi.protege.ui.ProjectView.synchronizeInstances(Unknown Source)
	at edu.stanford.smi.protege.ui.ProjectView$4.stateChanged(Unknown Source)
	at javax.swing.JTabbedPane.fireStateChanged(JTabbedPane.java:416)
	at javax.swing.JTabbedPane$ModelListener.stateChanged(JTabbedPane.java:270)
	at javax.swing.DefaultSingleSelectionModel.fireStateChanged(DefaultSingleSelectionModel.java:132)
	at javax.swing.DefaultSingleSelectionModel.setSelectedIndex(DefaultSingleSelectionModel.java:67)
	at javax.swing.JTabbedPane.setSelectedIndexImpl(JTabbedPane.java:616)
	at javax.swing.JTabbedPane.setSelectedIndex(JTabbedPane.java:591)
	at com.apple.laf.AquaTabbedPaneUI$MouseHandler.mouseReleased(AquaTabbedPaneUI.java:905)
	at java.awt.AWTEventMulticaster.mouseReleased(AWTEventMulticaster.java:289)
	at java.awt.Component.processMouseEvent(Component.java:6525)
	at javax.swing.JComponent.processMouseEvent(JComponent.java:3322)
	at java.awt.Component.processEvent(Component.java:6290)
	at java.awt.Container.processEvent(Container.java:2234)
	at java.awt.Component.dispatchEventImpl(Component.java:4881)
	at java.awt.Container.dispatchEventImpl(Container.java:2292)
	at java.awt.Component.dispatchEvent(Component.java:4703)
	at java.awt.LightweightDispatcher.retargetMouseEvent(Container.java:4898)
	at java.awt.LightweightDispatcher.processMouseEvent(Container.java:4533)
	at java.awt.LightweightDispatcher.dispatchEvent(Container.java:4462)
	at java.awt.Container.dispatchEventImpl(Container.java:2278)
	at java.awt.Window.dispatchEventImpl(Window.java:2739)
	at java.awt.Component.dispatchEvent(Component.java:4703)
	at java.awt.EventQueue.dispatchEventImpl(EventQueue.java:751)
	at java.awt.EventQueue.access$500(EventQueue.java:97)
	at java.awt.EventQueue$3.run(EventQueue.java:702)
	at java.awt.EventQueue$3.run(EventQueue.java:696)
	at java.security.AccessController.doPrivileged(Native Method)
	at java.security.ProtectionDomain$1.doIntersectionPrivilege(ProtectionDomain.java:75)
	at java.security.ProtectionDomain$1.doIntersectionPrivilege(ProtectionDomain.java:86)
	at java.awt.EventQueue$4.run(EventQueue.java:724)
	at java.awt.EventQueue$4.run(EventQueue.java:722)
	at java.security.AccessController.doPrivileged(Native Method)
	at java.security.ProtectionDomain$1.doIntersectionPrivilege(ProtectionDomain.java:75)
	at java.awt.EventQueue.dispatchEvent(EventQueue.java:721)
	at java.awt.EventDispatchThread.pumpOneEventForFilters(EventDispatchThread.java:201)
	at java.awt.EventDispatchThread.pumpEventsForFilter(EventDispatchThread.java:116)
	at java.awt.EventDispatchThread.pumpEventsForHierarchy(EventDispatchThread.java:105)
	at java.awt.EventDispatchThread.pumpEvents(EventDispatchThread.java:101)
	at java.awt.EventDispatchThread.pumpEvents(EventDispatchThread.java:93)
	at java.awt.EventDispatchThread.run(EventDispatchThread.java:82)
Caused by: java.lang.RuntimeException: EOF while reading string
	at clojure.lang.Util.runtimeException(Util.java:221)
	at clojure.lang.LispReader$StringReader.invoke(LispReader.java:525)
	at clojure.lang.LispReader.read(LispReader.java:263)
	at clojure.lang.LispReader.readDelimitedList(LispReader.java:1200)
	at clojure.lang.LispReader$ListReader.invoke(LispReader.java:1049)
	at clojure.lang.LispReader.read(LispReader.java:263)
	at clojure.lang.LispReader.readDelimitedList(LispReader.java:1200)
	at clojure.lang.LispReader$VectorReader.invoke(LispReader.java:1150)
	at clojure.lang.LispReader.read(LispReader.java:263)
	at clojure.lang.LispReader.readDelimitedList(LispReader.java:1200)
	at clojure.lang.LispReader$ListReader.invoke(LispReader.java:1049)
	at clojure.lang.LispReader.read(LispReader.java:263)
	at clojure.lang.LispReader.readDelimitedList(LispReader.java:1200)
	at clojure.lang.LispReader$ListReader.invoke(LispReader.java:1049)
	at clojure.lang.LispReader.read(LispReader.java:263)
	at clojure.lang.LispReader.read(LispReader.java:196)
	at clojure.lang.Compiler.load(Compiler.java:7374)
	... 85 more

2018.01.22 18:16:40.217 MSK SEVERE: null -- java.lang.RuntimeException: Unmatched delimiter: ], compiling:(clojure/osm/data.clj:135:61)
	at clojure.lang.Compiler.load(Compiler.java:7386)
	at clojure.lang.RT.loadResourceScript(RT.java:372)
	at clojure.lang.RT.loadResourceScript(RT.java:363)
	at clojure.lang.RT.load(RT.java:453)
	at clojure.lang.RT.load(RT.java:419)
	at clojure.core$load$fn__5677.invoke(core.clj:5893)
	at clojure.core$load.invokeStatic(core.clj:5892)
	at clojure.core$load.doInvoke(core.clj:5876)
	at clojure.lang.RestFn.invoke(RestFn.java:408)
	at clojure.lang.Var.invoke(Var.java:379)
	at clojuretab.ClojureTab.loadProgram(ClojureTab.java:544)
	at clojuretab.ClojureTab.loadSelectedPrograms(ClojureTab.java:533)
	at clojuretab.ClojureTab.access$3(ClojureTab.java:529)
	at clojuretab.ClojureTab$5.actionPerformed(ClojureTab.java:255)
	at javax.swing.AbstractButton.fireActionPerformed(AbstractButton.java:2022)
	at javax.swing.AbstractButton$Handler.actionPerformed(AbstractButton.java:2346)
	at javax.swing.DefaultButtonModel.fireActionPerformed(DefaultButtonModel.java:402)
	at javax.swing.DefaultButtonModel.setPressed(DefaultButtonModel.java:259)
	at javax.swing.plaf.basic.BasicButtonListener.mouseReleased(BasicButtonListener.java:252)
	at java.awt.AWTEventMulticaster.mouseReleased(AWTEventMulticaster.java:289)
	at java.awt.Component.processMouseEvent(Component.java:6525)
	at javax.swing.JComponent.processMouseEvent(JComponent.java:3322)
	at java.awt.Component.processEvent(Component.java:6290)
	at java.awt.Container.processEvent(Container.java:2234)
	at java.awt.Component.dispatchEventImpl(Component.java:4881)
	at java.awt.Container.dispatchEventImpl(Container.java:2292)
	at java.awt.Component.dispatchEvent(Component.java:4703)
	at java.awt.LightweightDispatcher.retargetMouseEvent(Container.java:4898)
	at java.awt.LightweightDispatcher.processMouseEvent(Container.java:4533)
	at java.awt.LightweightDispatcher.dispatchEvent(Container.java:4462)
	at java.awt.Container.dispatchEventImpl(Container.java:2278)
	at java.awt.Window.dispatchEventImpl(Window.java:2739)
	at java.awt.Component.dispatchEvent(Component.java:4703)
	at java.awt.EventQueue.dispatchEventImpl(EventQueue.java:751)
	at java.awt.EventQueue.access$500(EventQueue.java:97)
	at java.awt.EventQueue$3.run(EventQueue.java:702)
	at java.awt.EventQueue$3.run(EventQueue.java:696)
	at java.security.AccessController.doPrivileged(Native Method)
	at java.security.ProtectionDomain$1.doIntersectionPrivilege(ProtectionDomain.java:75)
	at java.security.ProtectionDomain$1.doIntersectionPrivilege(ProtectionDomain.java:86)
	at java.awt.EventQueue$4.run(EventQueue.java:724)
	at java.awt.EventQueue$4.run(EventQueue.java:722)
	at java.security.AccessController.doPrivileged(Native Method)
	at java.security.ProtectionDomain$1.doIntersectionPrivilege(ProtectionDomain.java:75)
	at java.awt.EventQueue.dispatchEvent(EventQueue.java:721)
	at java.awt.EventDispatchThread.pumpOneEventForFilters(EventDispatchThread.java:201)
	at java.awt.EventDispatchThread.pumpEventsForFilter(EventDispatchThread.java:116)
	at java.awt.EventDispatchThread.pumpEventsForHierarchy(EventDispatchThread.java:105)
	at java.awt.EventDispatchThread.pumpEvents(EventDispatchThread.java:101)
	at java.awt.EventDispatchThread.pumpEvents(EventDispatchThread.java:93)
	at java.awt.EventDispatchThread.run(EventDispatchThread.java:82)
Caused by: java.lang.RuntimeException: Unmatched delimiter: ]
	at clojure.lang.Util.runtimeException(Util.java:221)
	at clojure.lang.LispReader$UnmatchedDelimiterReader.invoke(LispReader.java:1176)
	at clojure.lang.LispReader.read(LispReader.java:263)
	at clojure.lang.LispReader.readDelimitedList(LispReader.java:1200)
	at clojure.lang.LispReader$MapReader.invoke(LispReader.java:1158)
	at clojure.lang.LispReader.read(LispReader.java:263)
	at clojure.lang.LispReader.readDelimitedList(LispReader.java:1200)
	at clojure.lang.LispReader$VectorReader.invoke(LispReader.java:1150)
	at clojure.lang.LispReader.read(LispReader.java:263)
	at clojure.lang.LispReader.readDelimitedList(LispReader.java:1200)
	at clojure.lang.LispReader$ListReader.invoke(LispReader.java:1049)
	at clojure.lang.LispReader.read(LispReader.java:263)
	at clojure.lang.LispReader.readDelimitedList(LispReader.java:1200)
	at clojure.lang.LispReader$ListReader.invoke(LispReader.java:1049)
	at clojure.lang.LispReader.read(LispReader.java:263)
	at clojure.lang.LispReader.read(LispReader.java:196)
	at clojure.lang.Compiler.load(Compiler.java:7374)
	... 50 more

2018.01.22 19:04:44.692 MSK SEVERE: null -- java.lang.RuntimeException: Unable to resolve symbol: w1w2 in this context, compiling:(clojure/osm/data.clj:128:3)
	at clojure.lang.Compiler.analyze(Compiler.java:6688)
	at clojure.lang.Compiler.analyze(Compiler.java:6625)
	at clojure.lang.Compiler$VectorExpr.parse(Compiler.java:3228)
	at clojure.lang.Compiler.analyze(Compiler.java:6671)
	at clojure.lang.Compiler.analyze(Compiler.java:6625)
	at clojure.lang.Compiler$InvokeExpr.parse(Compiler.java:3834)
	at clojure.lang.Compiler.analyzeSeq(Compiler.java:6870)
	at clojure.lang.Compiler.analyze(Compiler.java:6669)
	at clojure.lang.Compiler.analyze(Compiler.java:6625)
	at clojure.lang.Compiler$BodyExpr$Parser.parse(Compiler.java:6001)
	at clojure.lang.Compiler$FnMethod.parse(Compiler.java:5380)
	at clojure.lang.Compiler$FnExpr.parse(Compiler.java:3972)
	at clojure.lang.Compiler.analyzeSeq(Compiler.java:6866)
	at clojure.lang.Compiler.analyze(Compiler.java:6669)
	at clojure.lang.Compiler.analyzeSeq(Compiler.java:6856)
	at clojure.lang.Compiler.analyze(Compiler.java:6669)
	at clojure.lang.Compiler.access$300(Compiler.java:38)
	at clojure.lang.Compiler$DefExpr$Parser.parse(Compiler.java:589)
	at clojure.lang.Compiler.analyzeSeq(Compiler.java:6868)
	at clojure.lang.Compiler.analyze(Compiler.java:6669)
	at clojure.lang.Compiler.analyze(Compiler.java:6625)
	at clojure.lang.Compiler.eval(Compiler.java:6931)
	at clojure.lang.Compiler.load(Compiler.java:7379)
	at clojure.lang.RT.loadResourceScript(RT.java:372)
	at clojure.lang.RT.loadResourceScript(RT.java:363)
	at clojure.lang.RT.load(RT.java:453)
	at clojure.lang.RT.load(RT.java:419)
	at clojure.core$load$fn__5677.invoke(core.clj:5893)
	at clojure.core$load.invokeStatic(core.clj:5892)
	at clojure.core$load.doInvoke(core.clj:5876)
	at clojure.lang.RestFn.invoke(RestFn.java:408)
	at clojure.lang.Var.invoke(Var.java:379)
	at clojuretab.ClojureTab.loadProgram(ClojureTab.java:544)
	at clojuretab.ClojureTab.loadSelectedPrograms(ClojureTab.java:533)
	at clojuretab.ClojureTab.access$3(ClojureTab.java:529)
	at clojuretab.ClojureTab$5.actionPerformed(ClojureTab.java:255)
	at javax.swing.AbstractButton.fireActionPerformed(AbstractButton.java:2022)
	at javax.swing.AbstractButton$Handler.actionPerformed(AbstractButton.java:2346)
	at javax.swing.DefaultButtonModel.fireActionPerformed(DefaultButtonModel.java:402)
	at javax.swing.DefaultButtonModel.setPressed(DefaultButtonModel.java:259)
	at javax.swing.plaf.basic.BasicButtonListener.mouseReleased(BasicButtonListener.java:252)
	at java.awt.AWTEventMulticaster.mouseReleased(AWTEventMulticaster.java:289)
	at java.awt.Component.processMouseEvent(Component.java:6525)
	at javax.swing.JComponent.processMouseEvent(JComponent.java:3322)
	at java.awt.Component.processEvent(Component.java:6290)
	at java.awt.Container.processEvent(Container.java:2234)
	at java.awt.Component.dispatchEventImpl(Component.java:4881)
	at java.awt.Container.dispatchEventImpl(Container.java:2292)
	at java.awt.Component.dispatchEvent(Component.java:4703)
	at java.awt.LightweightDispatcher.retargetMouseEvent(Container.java:4898)
	at java.awt.LightweightDispatcher.processMouseEvent(Container.java:4533)
	at java.awt.LightweightDispatcher.dispatchEvent(Container.java:4462)
	at java.awt.Container.dispatchEventImpl(Container.java:2278)
	at java.awt.Window.dispatchEventImpl(Window.java:2739)
	at java.awt.Component.dispatchEvent(Component.java:4703)
	at java.awt.EventQueue.dispatchEventImpl(EventQueue.java:751)
	at java.awt.EventQueue.access$500(EventQueue.java:97)
	at java.awt.EventQueue$3.run(EventQueue.java:702)
	at java.awt.EventQueue$3.run(EventQueue.java:696)
	at java.security.AccessController.doPrivileged(Native Method)
	at java.security.ProtectionDomain$1.doIntersectionPrivilege(ProtectionDomain.java:75)
	at java.security.ProtectionDomain$1.doIntersectionPrivilege(ProtectionDomain.java:86)
	at java.awt.EventQueue$4.run(EventQueue.java:724)
	at java.awt.EventQueue$4.run(EventQueue.java:722)
	at java.security.AccessController.doPrivileged(Native Method)
	at java.security.ProtectionDomain$1.doIntersectionPrivilege(ProtectionDomain.java:75)
	at java.awt.EventQueue.dispatchEvent(EventQueue.java:721)
	at java.awt.EventDispatchThread.pumpOneEventForFilters(EventDispatchThread.java:201)
	at java.awt.EventDispatchThread.pumpEventsForFilter(EventDispatchThread.java:116)
	at java.awt.EventDispatchThread.pumpEventsForHierarchy(EventDispatchThread.java:105)
	at java.awt.EventDispatchThread.pumpEvents(EventDispatchThread.java:101)
	at java.awt.EventDispatchThread.pumpEvents(EventDispatchThread.java:93)
	at java.awt.EventDispatchThread.run(EventDispatchThread.java:82)
Caused by: java.lang.RuntimeException: Unable to resolve symbol: w1w2 in this context
	at clojure.lang.Util.runtimeException(Util.java:221)
	at clojure.lang.Compiler.resolveIn(Compiler.java:7164)
	at clojure.lang.Compiler.resolve(Compiler.java:7108)
	at clojure.lang.Compiler.analyzeSymbol(Compiler.java:7069)
	at clojure.lang.Compiler.analyze(Compiler.java:6648)
	... 72 more

2018.01.22 19:19:20.481 MSK INFO: Loaded 5000 instances: ScenarioN_ProjectKB_Class72416 -- Parser.getInstance()
2018.01.22 19:19:20.485 MSK INFO: Loaded 6000 instances: ScenarioN_ProjectKB_Class83416 -- Parser.getInstance()
2018.01.22 19:19:20.502 MSK INFO: Set type on 5000 instances: ScenarioN_ProjectKB_Class83086 -- Parser.getInstance()
2018.01.22 19:19:20.517 MSK INFO: Set type on 6000 instances: ScenarioN_ProjectKB_Class84086 -- Parser.getInstance()
2018.01.22 19:19:21.359 MSK INFO: Project load time for file:/Users/ru/clojure/simpro-scene/pprj_base/Scenario.pprj: 1 sec -- ProjectChooser.loadProject()
2018.01.22 19:19:21.998 MSK INFO: UI display time = 0 sec -- ProjectManager$2.run()
2018.01.22 19:33:40.151 MSK INFO: Loaded 5000 instances: ScenarioN_ProjectKB_Class72382 -- Parser.getInstance()
2018.01.22 19:33:40.155 MSK INFO: Loaded 6000 instances: ScenarioN_ProjectKB_Class83382 -- Parser.getInstance()
2018.01.22 19:33:40.172 MSK INFO: Set type on 5000 instances: ScenarioN_ProjectKB_Class83060 -- Parser.getInstance()
2018.01.22 19:33:40.188 MSK INFO: Set type on 6000 instances: ScenarioN_ProjectKB_Class84060 -- Parser.getInstance()
2018.01.22 19:33:41.526 MSK SEVERE: non-existent slot: ways -- Parser.recordError()
2018.01.22 19:33:41.551 MSK INFO: Project load time for file:/Users/ru/clojure/simpro-scene/pprj_examples/BrigBern.pprj: 1 sec -- ProjectChooser.loadProject()
2018.01.22 19:33:42.094 MSK INFO: UI display time = 0 sec -- ProjectManager$2.run()
