2019.07.27 14:19:44.201 MSK INFO: *** SYSTEM START *** -- SystemUtilities.logSystemInfo()
2019.07.27 14:19:44.213 MSK CONFIG: Protege 3.5 Build 663, JVM 11.0.2+9-LTS, memory=2076M, Linux, encoding=UTF-8, language=en, country=US -- SystemUtilities.logSystemInfo()
2019.07.27 14:19:44.230 MSK WARNING: Plugins directory not found: /home/ru/clojure/simpro-scene/plugins -- PluginUtilities.findPluginsDirectory()
2019.07.27 14:19:44.922 MSK WARNING: missing bundle: standard_extensions_text -- BundleHelper.<init>()
2019.07.27 14:19:44.924 MSK WARNING: no resource bundle: tab.queries -- BundleHelper.internalGetText()
2019.07.27 14:19:45.685 MSK WARNING: Look and feel not found:  -- SystemUtilities.setLookAndFeel()
2019.07.27 14:19:46.465 MSK WARNING: missing bundle: protege_text -- BundleHelper.<init>()
2019.07.27 14:19:51.423 MSK WARNING: Unknown class: option -- Project.loadWidgetDescriptors()
2019.07.27 14:19:52.586 MSK INFO: Load time for file:/home/ru/clojure/simpro-scene/pprj_examples/MASCloAgents.pprj = 0 sec (project) + 1 sec (ui) -- ProjectManager$3.run()
2019.07.27 17:42:46.354 MSK SEVERE: null -- Syntax error compiling new at (clojure/mas/cloagents.clj:22:15).
	at clojure.lang.Compiler.analyzeSeq(Compiler.java:7115)
	at clojure.lang.Compiler.analyze(Compiler.java:6789)
	at clojure.lang.Compiler.analyzeSeq(Compiler.java:7095)
	at clojure.lang.Compiler.analyze(Compiler.java:6789)
	at clojure.lang.Compiler.access$300(Compiler.java:38)
	at clojure.lang.Compiler$LetExpr$Parser.parse(Compiler.java:6384)
	at clojure.lang.Compiler.analyzeSeq(Compiler.java:7107)
	at clojure.lang.Compiler.analyze(Compiler.java:6789)
	at clojure.lang.Compiler.analyzeSeq(Compiler.java:7095)
	at clojure.lang.Compiler.analyze(Compiler.java:6789)
	at clojure.lang.Compiler.analyze(Compiler.java:6745)
	at clojure.lang.Compiler$BodyExpr$Parser.parse(Compiler.java:6118)
	at clojure.lang.Compiler.analyzeSeq(Compiler.java:7107)
	at clojure.lang.Compiler.analyze(Compiler.java:6789)
	at clojure.lang.Compiler.analyze(Compiler.java:6745)
	at clojure.lang.Compiler$IfExpr$Parser.parse(Compiler.java:2829)
	at clojure.lang.Compiler.analyzeSeq(Compiler.java:7107)
	at clojure.lang.Compiler.analyze(Compiler.java:6789)
	at clojure.lang.Compiler.analyzeSeq(Compiler.java:7095)
	at clojure.lang.Compiler.analyze(Compiler.java:6789)
	at clojure.lang.Compiler.analyze(Compiler.java:6745)
	at clojure.lang.Compiler$BodyExpr$Parser.parse(Compiler.java:6120)
	at clojure.lang.Compiler$LetExpr$Parser.parse(Compiler.java:6436)
	at clojure.lang.Compiler.analyzeSeq(Compiler.java:7107)
	at clojure.lang.Compiler.analyze(Compiler.java:6789)
	at clojure.lang.Compiler.analyzeSeq(Compiler.java:7095)
	at clojure.lang.Compiler.analyze(Compiler.java:6789)
	at clojure.lang.Compiler.analyze(Compiler.java:6745)
	at clojure.lang.Compiler$BodyExpr$Parser.parse(Compiler.java:6120)
	at clojure.lang.Compiler$LetExpr$Parser.parse(Compiler.java:6436)
	at clojure.lang.Compiler.analyzeSeq(Compiler.java:7107)
	at clojure.lang.Compiler.analyze(Compiler.java:6789)
	at clojure.lang.Compiler.analyzeSeq(Compiler.java:7095)
	at clojure.lang.Compiler.analyze(Compiler.java:6789)
	at clojure.lang.Compiler.analyzeSeq(Compiler.java:7095)
	at clojure.lang.Compiler.analyze(Compiler.java:6789)
	at clojure.lang.Compiler.analyze(Compiler.java:6745)
	at clojure.lang.Compiler$BodyExpr$Parser.parse(Compiler.java:6120)
	at clojure.lang.Compiler$LetExpr$Parser.parse(Compiler.java:6436)
	at clojure.lang.Compiler.analyzeSeq(Compiler.java:7107)
	at clojure.lang.Compiler.analyze(Compiler.java:6789)
	at clojure.lang.Compiler.analyzeSeq(Compiler.java:7095)
	at clojure.lang.Compiler.analyze(Compiler.java:6789)
	at clojure.lang.Compiler.analyze(Compiler.java:6745)
	at clojure.lang.Compiler$BodyExpr$Parser.parse(Compiler.java:6120)
	at clojure.lang.Compiler$NewInstanceMethod.parse(Compiler.java:8553)
	at clojure.lang.Compiler$NewInstanceExpr.build(Compiler.java:8059)
	at clojure.lang.Compiler$NewInstanceExpr$DeftypeParser.parse(Compiler.java:7935)
	at clojure.lang.Compiler.analyzeSeq(Compiler.java:7107)
	at clojure.lang.Compiler.analyze(Compiler.java:6789)
	at clojure.lang.Compiler.analyze(Compiler.java:6745)
	at clojure.lang.Compiler$BodyExpr$Parser.parse(Compiler.java:6118)
	at clojure.lang.Compiler$LetExpr$Parser.parse(Compiler.java:6436)
	at clojure.lang.Compiler.analyzeSeq(Compiler.java:7107)
	at clojure.lang.Compiler.analyze(Compiler.java:6789)
	at clojure.lang.Compiler.analyze(Compiler.java:6745)
	at clojure.lang.Compiler$BodyExpr$Parser.parse(Compiler.java:6120)
	at clojure.lang.Compiler$FnMethod.parse(Compiler.java:5467)
	at clojure.lang.Compiler$FnExpr.parse(Compiler.java:4029)
	at clojure.lang.Compiler.analyzeSeq(Compiler.java:7105)
	at clojure.lang.Compiler.analyze(Compiler.java:6789)
	at clojure.lang.Compiler.eval(Compiler.java:7174)
	at clojure.lang.Compiler.load(Compiler.java:7636)
	at clojure.lang.RT.loadResourceScript(RT.java:381)
	at clojure.lang.RT.loadResourceScript(RT.java:372)
	at clojure.lang.RT.load(RT.java:459)
	at clojure.lang.RT.load(RT.java:424)
	at clojure.core$load$fn__6839.invoke(core.clj:6126)
	at clojure.core$load.invokeStatic(core.clj:6125)
	at clojure.core$load.doInvoke(core.clj:6109)
	at clojure.lang.RestFn.invoke(RestFn.java:408)
	at clojure.lang.Var.invoke(Var.java:384)
	at clojuretab.ClojureTab.loadProgram(ClojureTab.java:544)
	at clojuretab.ClojureTab.loadSelectedPrograms(ClojureTab.java:533)
	at clojuretab.ClojureTab.access$3(ClojureTab.java:529)
	at clojuretab.ClojureTab$5.actionPerformed(ClojureTab.java:255)
	at java.desktop/javax.swing.AbstractButton.fireActionPerformed(AbstractButton.java:1967)
	at java.desktop/javax.swing.AbstractButton$Handler.actionPerformed(AbstractButton.java:2308)
	at java.desktop/javax.swing.DefaultButtonModel.fireActionPerformed(DefaultButtonModel.java:405)
	at java.desktop/javax.swing.DefaultButtonModel.setPressed(DefaultButtonModel.java:262)
	at java.desktop/javax.swing.plaf.basic.BasicButtonListener.mouseReleased(BasicButtonListener.java:279)
	at java.desktop/java.awt.AWTEventMulticaster.mouseReleased(AWTEventMulticaster.java:297)
	at java.desktop/java.awt.Component.processMouseEvent(Component.java:6632)
	at java.desktop/javax.swing.JComponent.processMouseEvent(JComponent.java:3342)
	at java.desktop/java.awt.Component.processEvent(Component.java:6397)
	at java.desktop/java.awt.Container.processEvent(Container.java:2263)
	at java.desktop/java.awt.Component.dispatchEventImpl(Component.java:5008)
	at java.desktop/java.awt.Container.dispatchEventImpl(Container.java:2321)
	at java.desktop/java.awt.Component.dispatchEvent(Component.java:4840)
	at java.desktop/java.awt.LightweightDispatcher.retargetMouseEvent(Container.java:4918)
	at java.desktop/java.awt.LightweightDispatcher.processMouseEvent(Container.java:4547)
	at java.desktop/java.awt.LightweightDispatcher.dispatchEvent(Container.java:4488)
	at java.desktop/java.awt.Container.dispatchEventImpl(Container.java:2307)
	at java.desktop/java.awt.Window.dispatchEventImpl(Window.java:2772)
	at java.desktop/java.awt.Component.dispatchEvent(Component.java:4840)
	at java.desktop/java.awt.EventQueue.dispatchEventImpl(EventQueue.java:772)
	at java.desktop/java.awt.EventQueue$4.run(EventQueue.java:721)
	at java.desktop/java.awt.EventQueue$4.run(EventQueue.java:715)
	at java.base/java.security.AccessController.doPrivileged(Native Method)
	at java.base/java.security.ProtectionDomain$JavaSecurityAccessImpl.doIntersectionPrivilege(ProtectionDomain.java:85)
	at java.base/java.security.ProtectionDomain$JavaSecurityAccessImpl.doIntersectionPrivilege(ProtectionDomain.java:95)
	at java.desktop/java.awt.EventQueue$5.run(EventQueue.java:745)
	at java.desktop/java.awt.EventQueue$5.run(EventQueue.java:743)
	at java.base/java.security.AccessController.doPrivileged(Native Method)
	at java.base/java.security.ProtectionDomain$JavaSecurityAccessImpl.doIntersectionPrivilege(ProtectionDomain.java:85)
	at java.desktop/java.awt.EventQueue.dispatchEvent(EventQueue.java:742)
	at java.desktop/java.awt.EventDispatchThread.pumpOneEventForFilters(EventDispatchThread.java:203)
	at java.desktop/java.awt.EventDispatchThread.pumpEventsForFilter(EventDispatchThread.java:124)
	at java.desktop/java.awt.EventDispatchThread.pumpEventsForHierarchy(EventDispatchThread.java:113)
	at java.desktop/java.awt.EventDispatchThread.pumpEvents(EventDispatchThread.java:109)
	at java.desktop/java.awt.EventDispatchThread.pumpEvents(EventDispatchThread.java:101)
	at java.desktop/java.awt.EventDispatchThread.run(EventDispatchThread.java:90)
Caused by: java.lang.IllegalArgumentException: No matching ctor found for class mas.cloagents.CloAgent
	at clojure.lang.Compiler$NewExpr.<init>(Compiler.java:2590)
	at clojure.lang.Compiler$NewExpr$Parser.parse(Compiler.java:2667)
	at clojure.lang.Compiler.analyzeSeq(Compiler.java:7107)
	... 111 more

2019.07.27 17:44:34.875 MSK SEVERE: null -- Syntax error compiling new at (clojure/mas/cloagents.clj:22:15).
	at clojure.lang.Compiler.analyzeSeq(Compiler.java:7115)
	at clojure.lang.Compiler.analyze(Compiler.java:6789)
	at clojure.lang.Compiler.analyzeSeq(Compiler.java:7095)
	at clojure.lang.Compiler.analyze(Compiler.java:6789)
	at clojure.lang.Compiler.access$300(Compiler.java:38)
	at clojure.lang.Compiler$LetExpr$Parser.parse(Compiler.java:6384)
	at clojure.lang.Compiler.analyzeSeq(Compiler.java:7107)
	at clojure.lang.Compiler.analyze(Compiler.java:6789)
	at clojure.lang.Compiler.analyzeSeq(Compiler.java:7095)
	at clojure.lang.Compiler.analyze(Compiler.java:6789)
	at clojure.lang.Compiler.analyze(Compiler.java:6745)
	at clojure.lang.Compiler$BodyExpr$Parser.parse(Compiler.java:6118)
	at clojure.lang.Compiler.analyzeSeq(Compiler.java:7107)
	at clojure.lang.Compiler.analyze(Compiler.java:6789)
	at clojure.lang.Compiler.analyze(Compiler.java:6745)
	at clojure.lang.Compiler$IfExpr$Parser.parse(Compiler.java:2829)
	at clojure.lang.Compiler.analyzeSeq(Compiler.java:7107)
	at clojure.lang.Compiler.analyze(Compiler.java:6789)
	at clojure.lang.Compiler.analyzeSeq(Compiler.java:7095)
	at clojure.lang.Compiler.analyze(Compiler.java:6789)
	at clojure.lang.Compiler.analyze(Compiler.java:6745)
	at clojure.lang.Compiler$BodyExpr$Parser.parse(Compiler.java:6120)
	at clojure.lang.Compiler$LetExpr$Parser.parse(Compiler.java:6436)
	at clojure.lang.Compiler.analyzeSeq(Compiler.java:7107)
	at clojure.lang.Compiler.analyze(Compiler.java:6789)
	at clojure.lang.Compiler.analyzeSeq(Compiler.java:7095)
	at clojure.lang.Compiler.analyze(Compiler.java:6789)
	at clojure.lang.Compiler.analyze(Compiler.java:6745)
	at clojure.lang.Compiler$BodyExpr$Parser.parse(Compiler.java:6120)
	at clojure.lang.Compiler$LetExpr$Parser.parse(Compiler.java:6436)
	at clojure.lang.Compiler.analyzeSeq(Compiler.java:7107)
	at clojure.lang.Compiler.analyze(Compiler.java:6789)
	at clojure.lang.Compiler.analyzeSeq(Compiler.java:7095)
	at clojure.lang.Compiler.analyze(Compiler.java:6789)
	at clojure.lang.Compiler.analyzeSeq(Compiler.java:7095)
	at clojure.lang.Compiler.analyze(Compiler.java:6789)
	at clojure.lang.Compiler.analyze(Compiler.java:6745)
	at clojure.lang.Compiler$BodyExpr$Parser.parse(Compiler.java:6120)
	at clojure.lang.Compiler$LetExpr$Parser.parse(Compiler.java:6436)
	at clojure.lang.Compiler.analyzeSeq(Compiler.java:7107)
	at clojure.lang.Compiler.analyze(Compiler.java:6789)
	at clojure.lang.Compiler.analyzeSeq(Compiler.java:7095)
	at clojure.lang.Compiler.analyze(Compiler.java:6789)
	at clojure.lang.Compiler.analyze(Compiler.java:6745)
	at clojure.lang.Compiler$BodyExpr$Parser.parse(Compiler.java:6120)
	at clojure.lang.Compiler$NewInstanceMethod.parse(Compiler.java:8553)
	at clojure.lang.Compiler$NewInstanceExpr.build(Compiler.java:8059)
	at clojure.lang.Compiler$NewInstanceExpr$DeftypeParser.parse(Compiler.java:7935)
	at clojure.lang.Compiler.analyzeSeq(Compiler.java:7107)
	at clojure.lang.Compiler.analyze(Compiler.java:6789)
	at clojure.lang.Compiler.analyze(Compiler.java:6745)
	at clojure.lang.Compiler$BodyExpr$Parser.parse(Compiler.java:6118)
	at clojure.lang.Compiler$LetExpr$Parser.parse(Compiler.java:6436)
	at clojure.lang.Compiler.analyzeSeq(Compiler.java:7107)
	at clojure.lang.Compiler.analyze(Compiler.java:6789)
	at clojure.lang.Compiler.analyze(Compiler.java:6745)
	at clojure.lang.Compiler$BodyExpr$Parser.parse(Compiler.java:6120)
	at clojure.lang.Compiler$FnMethod.parse(Compiler.java:5467)
	at clojure.lang.Compiler$FnExpr.parse(Compiler.java:4029)
	at clojure.lang.Compiler.analyzeSeq(Compiler.java:7105)
	at clojure.lang.Compiler.analyze(Compiler.java:6789)
	at clojure.lang.Compiler.eval(Compiler.java:7174)
	at clojure.lang.Compiler.load(Compiler.java:7636)
	at clojure.lang.RT.loadResourceScript(RT.java:381)
	at clojure.lang.RT.loadResourceScript(RT.java:372)
	at clojure.lang.RT.load(RT.java:459)
	at clojure.lang.RT.load(RT.java:424)
	at clojure.core$load$fn__6839.invoke(core.clj:6126)
	at clojure.core$load.invokeStatic(core.clj:6125)
	at clojure.core$load.doInvoke(core.clj:6109)
	at clojure.lang.RestFn.invoke(RestFn.java:408)
	at clojure.lang.Var.invoke(Var.java:384)
	at clojuretab.ClojureTab.loadProgram(ClojureTab.java:544)
	at clojuretab.ClojureTab.loadSelectedPrograms(ClojureTab.java:533)
	at clojuretab.ClojureTab.access$3(ClojureTab.java:529)
	at clojuretab.ClojureTab$5.actionPerformed(ClojureTab.java:255)
	at java.desktop/javax.swing.AbstractButton.fireActionPerformed(AbstractButton.java:1967)
	at java.desktop/javax.swing.AbstractButton$Handler.actionPerformed(AbstractButton.java:2308)
	at java.desktop/javax.swing.DefaultButtonModel.fireActionPerformed(DefaultButtonModel.java:405)
	at java.desktop/javax.swing.DefaultButtonModel.setPressed(DefaultButtonModel.java:262)
	at java.desktop/javax.swing.plaf.basic.BasicButtonListener.mouseReleased(BasicButtonListener.java:279)
	at java.desktop/java.awt.AWTEventMulticaster.mouseReleased(AWTEventMulticaster.java:297)
	at java.desktop/java.awt.Component.processMouseEvent(Component.java:6632)
	at java.desktop/javax.swing.JComponent.processMouseEvent(JComponent.java:3342)
	at java.desktop/java.awt.Component.processEvent(Component.java:6397)
	at java.desktop/java.awt.Container.processEvent(Container.java:2263)
	at java.desktop/java.awt.Component.dispatchEventImpl(Component.java:5008)
	at java.desktop/java.awt.Container.dispatchEventImpl(Container.java:2321)
	at java.desktop/java.awt.Component.dispatchEvent(Component.java:4840)
	at java.desktop/java.awt.LightweightDispatcher.retargetMouseEvent(Container.java:4918)
	at java.desktop/java.awt.LightweightDispatcher.processMouseEvent(Container.java:4547)
	at java.desktop/java.awt.LightweightDispatcher.dispatchEvent(Container.java:4488)
	at java.desktop/java.awt.Container.dispatchEventImpl(Container.java:2307)
	at java.desktop/java.awt.Window.dispatchEventImpl(Window.java:2772)
	at java.desktop/java.awt.Component.dispatchEvent(Component.java:4840)
	at java.desktop/java.awt.EventQueue.dispatchEventImpl(EventQueue.java:772)
	at java.desktop/java.awt.EventQueue$4.run(EventQueue.java:721)
	at java.desktop/java.awt.EventQueue$4.run(EventQueue.java:715)
	at java.base/java.security.AccessController.doPrivileged(Native Method)
	at java.base/java.security.ProtectionDomain$JavaSecurityAccessImpl.doIntersectionPrivilege(ProtectionDomain.java:85)
	at java.base/java.security.ProtectionDomain$JavaSecurityAccessImpl.doIntersectionPrivilege(ProtectionDomain.java:95)
	at java.desktop/java.awt.EventQueue$5.run(EventQueue.java:745)
	at java.desktop/java.awt.EventQueue$5.run(EventQueue.java:743)
	at java.base/java.security.AccessController.doPrivileged(Native Method)
	at java.base/java.security.ProtectionDomain$JavaSecurityAccessImpl.doIntersectionPrivilege(ProtectionDomain.java:85)
	at java.desktop/java.awt.EventQueue.dispatchEvent(EventQueue.java:742)
	at java.desktop/java.awt.EventDispatchThread.pumpOneEventForFilters(EventDispatchThread.java:203)
	at java.desktop/java.awt.EventDispatchThread.pumpEventsForFilter(EventDispatchThread.java:124)
	at java.desktop/java.awt.EventDispatchThread.pumpEventsForHierarchy(EventDispatchThread.java:113)
	at java.desktop/java.awt.EventDispatchThread.pumpEvents(EventDispatchThread.java:109)
	at java.desktop/java.awt.EventDispatchThread.pumpEvents(EventDispatchThread.java:101)
	at java.desktop/java.awt.EventDispatchThread.run(EventDispatchThread.java:90)
Caused by: java.lang.IllegalArgumentException: No matching ctor found for class mas.cloagents.CloAgent
	at clojure.lang.Compiler$NewExpr.<init>(Compiler.java:2590)
	at clojure.lang.Compiler$NewExpr$Parser.parse(Compiler.java:2667)
	at clojure.lang.Compiler.analyzeSeq(Compiler.java:7107)
	... 111 more

2019.07.27 17:44:36.168 MSK SEVERE: null -- Syntax error compiling new at (clojure/mas/cloagents.clj:22:15).
	at clojure.lang.Compiler.analyzeSeq(Compiler.java:7115)
	at clojure.lang.Compiler.analyze(Compiler.java:6789)
	at clojure.lang.Compiler.analyzeSeq(Compiler.java:7095)
	at clojure.lang.Compiler.analyze(Compiler.java:6789)
	at clojure.lang.Compiler.access$300(Compiler.java:38)
	at clojure.lang.Compiler$LetExpr$Parser.parse(Compiler.java:6384)
	at clojure.lang.Compiler.analyzeSeq(Compiler.java:7107)
	at clojure.lang.Compiler.analyze(Compiler.java:6789)
	at clojure.lang.Compiler.analyzeSeq(Compiler.java:7095)
	at clojure.lang.Compiler.analyze(Compiler.java:6789)
	at clojure.lang.Compiler.analyze(Compiler.java:6745)
	at clojure.lang.Compiler$BodyExpr$Parser.parse(Compiler.java:6118)
	at clojure.lang.Compiler.analyzeSeq(Compiler.java:7107)
	at clojure.lang.Compiler.analyze(Compiler.java:6789)
	at clojure.lang.Compiler.analyze(Compiler.java:6745)
	at clojure.lang.Compiler$IfExpr$Parser.parse(Compiler.java:2829)
	at clojure.lang.Compiler.analyzeSeq(Compiler.java:7107)
	at clojure.lang.Compiler.analyze(Compiler.java:6789)
	at clojure.lang.Compiler.analyzeSeq(Compiler.java:7095)
	at clojure.lang.Compiler.analyze(Compiler.java:6789)
	at clojure.lang.Compiler.analyze(Compiler.java:6745)
	at clojure.lang.Compiler$BodyExpr$Parser.parse(Compiler.java:6120)
	at clojure.lang.Compiler$LetExpr$Parser.parse(Compiler.java:6436)
	at clojure.lang.Compiler.analyzeSeq(Compiler.java:7107)
	at clojure.lang.Compiler.analyze(Compiler.java:6789)
	at clojure.lang.Compiler.analyzeSeq(Compiler.java:7095)
	at clojure.lang.Compiler.analyze(Compiler.java:6789)
	at clojure.lang.Compiler.analyze(Compiler.java:6745)
	at clojure.lang.Compiler$BodyExpr$Parser.parse(Compiler.java:6120)
	at clojure.lang.Compiler$LetExpr$Parser.parse(Compiler.java:6436)
	at clojure.lang.Compiler.analyzeSeq(Compiler.java:7107)
	at clojure.lang.Compiler.analyze(Compiler.java:6789)
	at clojure.lang.Compiler.analyzeSeq(Compiler.java:7095)
	at clojure.lang.Compiler.analyze(Compiler.java:6789)
	at clojure.lang.Compiler.analyzeSeq(Compiler.java:7095)
	at clojure.lang.Compiler.analyze(Compiler.java:6789)
	at clojure.lang.Compiler.analyze(Compiler.java:6745)
	at clojure.lang.Compiler$BodyExpr$Parser.parse(Compiler.java:6120)
	at clojure.lang.Compiler$LetExpr$Parser.parse(Compiler.java:6436)
	at clojure.lang.Compiler.analyzeSeq(Compiler.java:7107)
	at clojure.lang.Compiler.analyze(Compiler.java:6789)
	at clojure.lang.Compiler.analyzeSeq(Compiler.java:7095)
	at clojure.lang.Compiler.analyze(Compiler.java:6789)
	at clojure.lang.Compiler.analyze(Compiler.java:6745)
	at clojure.lang.Compiler$BodyExpr$Parser.parse(Compiler.java:6120)
	at clojure.lang.Compiler$NewInstanceMethod.parse(Compiler.java:8553)
	at clojure.lang.Compiler$NewInstanceExpr.build(Compiler.java:8059)
	at clojure.lang.Compiler$NewInstanceExpr$DeftypeParser.parse(Compiler.java:7935)
	at clojure.lang.Compiler.analyzeSeq(Compiler.java:7107)
	at clojure.lang.Compiler.analyze(Compiler.java:6789)
	at clojure.lang.Compiler.analyze(Compiler.java:6745)
	at clojure.lang.Compiler$BodyExpr$Parser.parse(Compiler.java:6118)
	at clojure.lang.Compiler$LetExpr$Parser.parse(Compiler.java:6436)
	at clojure.lang.Compiler.analyzeSeq(Compiler.java:7107)
	at clojure.lang.Compiler.analyze(Compiler.java:6789)
	at clojure.lang.Compiler.analyze(Compiler.java:6745)
	at clojure.lang.Compiler$BodyExpr$Parser.parse(Compiler.java:6120)
	at clojure.lang.Compiler$FnMethod.parse(Compiler.java:5467)
	at clojure.lang.Compiler$FnExpr.parse(Compiler.java:4029)
	at clojure.lang.Compiler.analyzeSeq(Compiler.java:7105)
	at clojure.lang.Compiler.analyze(Compiler.java:6789)
	at clojure.lang.Compiler.eval(Compiler.java:7174)
	at clojure.lang.Compiler.load(Compiler.java:7636)
	at clojure.lang.RT.loadResourceScript(RT.java:381)
	at clojure.lang.RT.loadResourceScript(RT.java:372)
	at clojure.lang.RT.load(RT.java:459)
	at clojure.lang.RT.load(RT.java:424)
	at clojure.core$load$fn__6839.invoke(core.clj:6126)
	at clojure.core$load.invokeStatic(core.clj:6125)
	at clojure.core$load.doInvoke(core.clj:6109)
	at clojure.lang.RestFn.invoke(RestFn.java:408)
	at clojure.lang.Var.invoke(Var.java:384)
	at clojuretab.ClojureTab.loadProgram(ClojureTab.java:544)
	at clojuretab.ClojureTab.loadSelectedPrograms(ClojureTab.java:533)
	at clojuretab.ClojureTab.access$3(ClojureTab.java:529)
	at clojuretab.ClojureTab$5.actionPerformed(ClojureTab.java:255)
	at java.desktop/javax.swing.AbstractButton.fireActionPerformed(AbstractButton.java:1967)
	at java.desktop/javax.swing.AbstractButton$Handler.actionPerformed(AbstractButton.java:2308)
	at java.desktop/javax.swing.DefaultButtonModel.fireActionPerformed(DefaultButtonModel.java:405)
	at java.desktop/javax.swing.DefaultButtonModel.setPressed(DefaultButtonModel.java:262)
	at java.desktop/javax.swing.plaf.basic.BasicButtonListener.mouseReleased(BasicButtonListener.java:279)
	at java.desktop/java.awt.AWTEventMulticaster.mouseReleased(AWTEventMulticaster.java:297)
	at java.desktop/java.awt.Component.processMouseEvent(Component.java:6632)
	at java.desktop/javax.swing.JComponent.processMouseEvent(JComponent.java:3342)
	at java.desktop/java.awt.Component.processEvent(Component.java:6397)
	at java.desktop/java.awt.Container.processEvent(Container.java:2263)
	at java.desktop/java.awt.Component.dispatchEventImpl(Component.java:5008)
	at java.desktop/java.awt.Container.dispatchEventImpl(Container.java:2321)
	at java.desktop/java.awt.Component.dispatchEvent(Component.java:4840)
	at java.desktop/java.awt.LightweightDispatcher.retargetMouseEvent(Container.java:4918)
	at java.desktop/java.awt.LightweightDispatcher.processMouseEvent(Container.java:4547)
	at java.desktop/java.awt.LightweightDispatcher.dispatchEvent(Container.java:4488)
	at java.desktop/java.awt.Container.dispatchEventImpl(Container.java:2307)
	at java.desktop/java.awt.Window.dispatchEventImpl(Window.java:2772)
	at java.desktop/java.awt.Component.dispatchEvent(Component.java:4840)
	at java.desktop/java.awt.EventQueue.dispatchEventImpl(EventQueue.java:772)
	at java.desktop/java.awt.EventQueue$4.run(EventQueue.java:721)
	at java.desktop/java.awt.EventQueue$4.run(EventQueue.java:715)
	at java.base/java.security.AccessController.doPrivileged(Native Method)
	at java.base/java.security.ProtectionDomain$JavaSecurityAccessImpl.doIntersectionPrivilege(ProtectionDomain.java:85)
	at java.base/java.security.ProtectionDomain$JavaSecurityAccessImpl.doIntersectionPrivilege(ProtectionDomain.java:95)
	at java.desktop/java.awt.EventQueue$5.run(EventQueue.java:745)
	at java.desktop/java.awt.EventQueue$5.run(EventQueue.java:743)
	at java.base/java.security.AccessController.doPrivileged(Native Method)
	at java.base/java.security.ProtectionDomain$JavaSecurityAccessImpl.doIntersectionPrivilege(ProtectionDomain.java:85)
	at java.desktop/java.awt.EventQueue.dispatchEvent(EventQueue.java:742)
	at java.desktop/java.awt.EventDispatchThread.pumpOneEventForFilters(EventDispatchThread.java:203)
	at java.desktop/java.awt.EventDispatchThread.pumpEventsForFilter(EventDispatchThread.java:124)
	at java.desktop/java.awt.EventDispatchThread.pumpEventsForHierarchy(EventDispatchThread.java:113)
	at java.desktop/java.awt.EventDispatchThread.pumpEvents(EventDispatchThread.java:109)
	at java.desktop/java.awt.EventDispatchThread.pumpEvents(EventDispatchThread.java:101)
	at java.desktop/java.awt.EventDispatchThread.run(EventDispatchThread.java:90)
Caused by: java.lang.IllegalArgumentException: No matching ctor found for class mas.cloagents.CloAgent
	at clojure.lang.Compiler$NewExpr.<init>(Compiler.java:2590)
	at clojure.lang.Compiler$NewExpr$Parser.parse(Compiler.java:2667)
	at clojure.lang.Compiler.analyzeSeq(Compiler.java:7107)
	... 111 more

2019.07.27 17:44:45.699 MSK SEVERE: null -- Syntax error compiling new at (clojure/mas/cloagents.clj:22:15).
	at clojure.lang.Compiler.analyzeSeq(Compiler.java:7115)
	at clojure.lang.Compiler.analyze(Compiler.java:6789)
	at clojure.lang.Compiler.analyzeSeq(Compiler.java:7095)
	at clojure.lang.Compiler.analyze(Compiler.java:6789)
	at clojure.lang.Compiler.access$300(Compiler.java:38)
	at clojure.lang.Compiler$LetExpr$Parser.parse(Compiler.java:6384)
	at clojure.lang.Compiler.analyzeSeq(Compiler.java:7107)
	at clojure.lang.Compiler.analyze(Compiler.java:6789)
	at clojure.lang.Compiler.analyzeSeq(Compiler.java:7095)
	at clojure.lang.Compiler.analyze(Compiler.java:6789)
	at clojure.lang.Compiler.analyze(Compiler.java:6745)
	at clojure.lang.Compiler$BodyExpr$Parser.parse(Compiler.java:6118)
	at clojure.lang.Compiler.analyzeSeq(Compiler.java:7107)
	at clojure.lang.Compiler.analyze(Compiler.java:6789)
	at clojure.lang.Compiler.analyze(Compiler.java:6745)
	at clojure.lang.Compiler$IfExpr$Parser.parse(Compiler.java:2829)
	at clojure.lang.Compiler.analyzeSeq(Compiler.java:7107)
	at clojure.lang.Compiler.analyze(Compiler.java:6789)
	at clojure.lang.Compiler.analyzeSeq(Compiler.java:7095)
	at clojure.lang.Compiler.analyze(Compiler.java:6789)
	at clojure.lang.Compiler.analyze(Compiler.java:6745)
	at clojure.lang.Compiler$BodyExpr$Parser.parse(Compiler.java:6120)
	at clojure.lang.Compiler$LetExpr$Parser.parse(Compiler.java:6436)
	at clojure.lang.Compiler.analyzeSeq(Compiler.java:7107)
	at clojure.lang.Compiler.analyze(Compiler.java:6789)
	at clojure.lang.Compiler.analyzeSeq(Compiler.java:7095)
	at clojure.lang.Compiler.analyze(Compiler.java:6789)
	at clojure.lang.Compiler.analyze(Compiler.java:6745)
	at clojure.lang.Compiler$BodyExpr$Parser.parse(Compiler.java:6120)
	at clojure.lang.Compiler$LetExpr$Parser.parse(Compiler.java:6436)
	at clojure.lang.Compiler.analyzeSeq(Compiler.java:7107)
	at clojure.lang.Compiler.analyze(Compiler.java:6789)
	at clojure.lang.Compiler.analyzeSeq(Compiler.java:7095)
	at clojure.lang.Compiler.analyze(Compiler.java:6789)
	at clojure.lang.Compiler.analyzeSeq(Compiler.java:7095)
	at clojure.lang.Compiler.analyze(Compiler.java:6789)
	at clojure.lang.Compiler.analyze(Compiler.java:6745)
	at clojure.lang.Compiler$BodyExpr$Parser.parse(Compiler.java:6120)
	at clojure.lang.Compiler$LetExpr$Parser.parse(Compiler.java:6436)
	at clojure.lang.Compiler.analyzeSeq(Compiler.java:7107)
	at clojure.lang.Compiler.analyze(Compiler.java:6789)
	at clojure.lang.Compiler.analyzeSeq(Compiler.java:7095)
	at clojure.lang.Compiler.analyze(Compiler.java:6789)
	at clojure.lang.Compiler.analyze(Compiler.java:6745)
	at clojure.lang.Compiler$BodyExpr$Parser.parse(Compiler.java:6120)
	at clojure.lang.Compiler$NewInstanceMethod.parse(Compiler.java:8553)
	at clojure.lang.Compiler$NewInstanceExpr.build(Compiler.java:8059)
	at clojure.lang.Compiler$NewInstanceExpr$DeftypeParser.parse(Compiler.java:7935)
	at clojure.lang.Compiler.analyzeSeq(Compiler.java:7107)
	at clojure.lang.Compiler.analyze(Compiler.java:6789)
	at clojure.lang.Compiler.analyze(Compiler.java:6745)
	at clojure.lang.Compiler$BodyExpr$Parser.parse(Compiler.java:6118)
	at clojure.lang.Compiler$LetExpr$Parser.parse(Compiler.java:6436)
	at clojure.lang.Compiler.analyzeSeq(Compiler.java:7107)
	at clojure.lang.Compiler.analyze(Compiler.java:6789)
	at clojure.lang.Compiler.analyze(Compiler.java:6745)
	at clojure.lang.Compiler$BodyExpr$Parser.parse(Compiler.java:6120)
	at clojure.lang.Compiler$FnMethod.parse(Compiler.java:5467)
	at clojure.lang.Compiler$FnExpr.parse(Compiler.java:4029)
	at clojure.lang.Compiler.analyzeSeq(Compiler.java:7105)
	at clojure.lang.Compiler.analyze(Compiler.java:6789)
	at clojure.lang.Compiler.eval(Compiler.java:7174)
	at clojure.lang.Compiler.load(Compiler.java:7636)
	at clojure.lang.RT.loadResourceScript(RT.java:381)
	at clojure.lang.RT.loadResourceScript(RT.java:372)
	at clojure.lang.RT.load(RT.java:459)
	at clojure.lang.RT.load(RT.java:424)
	at clojure.core$load$fn__6839.invoke(core.clj:6126)
	at clojure.core$load.invokeStatic(core.clj:6125)
	at clojure.core$load.doInvoke(core.clj:6109)
	at clojure.lang.RestFn.invoke(RestFn.java:408)
	at clojure.lang.Var.invoke(Var.java:384)
	at clojuretab.ClojureTab.loadProgram(ClojureTab.java:544)
	at clojuretab.ClojureTab.loadSelectedPrograms(ClojureTab.java:533)
	at clojuretab.ClojureTab.access$3(ClojureTab.java:529)
	at clojuretab.ClojureTab$5.actionPerformed(ClojureTab.java:255)
	at java.desktop/javax.swing.AbstractButton.fireActionPerformed(AbstractButton.java:1967)
	at java.desktop/javax.swing.AbstractButton$Handler.actionPerformed(AbstractButton.java:2308)
	at java.desktop/javax.swing.DefaultButtonModel.fireActionPerformed(DefaultButtonModel.java:405)
	at java.desktop/javax.swing.DefaultButtonModel.setPressed(DefaultButtonModel.java:262)
	at java.desktop/javax.swing.plaf.basic.BasicButtonListener.mouseReleased(BasicButtonListener.java:279)
	at java.desktop/java.awt.AWTEventMulticaster.mouseReleased(AWTEventMulticaster.java:297)
	at java.desktop/java.awt.Component.processMouseEvent(Component.java:6632)
	at java.desktop/javax.swing.JComponent.processMouseEvent(JComponent.java:3342)
	at java.desktop/java.awt.Component.processEvent(Component.java:6397)
	at java.desktop/java.awt.Container.processEvent(Container.java:2263)
	at java.desktop/java.awt.Component.dispatchEventImpl(Component.java:5008)
	at java.desktop/java.awt.Container.dispatchEventImpl(Container.java:2321)
	at java.desktop/java.awt.Component.dispatchEvent(Component.java:4840)
	at java.desktop/java.awt.LightweightDispatcher.retargetMouseEvent(Container.java:4918)
	at java.desktop/java.awt.LightweightDispatcher.processMouseEvent(Container.java:4547)
	at java.desktop/java.awt.LightweightDispatcher.dispatchEvent(Container.java:4488)
	at java.desktop/java.awt.Container.dispatchEventImpl(Container.java:2307)
	at java.desktop/java.awt.Window.dispatchEventImpl(Window.java:2772)
	at java.desktop/java.awt.Component.dispatchEvent(Component.java:4840)
	at java.desktop/java.awt.EventQueue.dispatchEventImpl(EventQueue.java:772)
	at java.desktop/java.awt.EventQueue$4.run(EventQueue.java:721)
	at java.desktop/java.awt.EventQueue$4.run(EventQueue.java:715)
	at java.base/java.security.AccessController.doPrivileged(Native Method)
	at java.base/java.security.ProtectionDomain$JavaSecurityAccessImpl.doIntersectionPrivilege(ProtectionDomain.java:85)
	at java.base/java.security.ProtectionDomain$JavaSecurityAccessImpl.doIntersectionPrivilege(ProtectionDomain.java:95)
	at java.desktop/java.awt.EventQueue$5.run(EventQueue.java:745)
	at java.desktop/java.awt.EventQueue$5.run(EventQueue.java:743)
	at java.base/java.security.AccessController.doPrivileged(Native Method)
	at java.base/java.security.ProtectionDomain$JavaSecurityAccessImpl.doIntersectionPrivilege(ProtectionDomain.java:85)
	at java.desktop/java.awt.EventQueue.dispatchEvent(EventQueue.java:742)
	at java.desktop/java.awt.EventDispatchThread.pumpOneEventForFilters(EventDispatchThread.java:203)
	at java.desktop/java.awt.EventDispatchThread.pumpEventsForFilter(EventDispatchThread.java:124)
	at java.desktop/java.awt.EventDispatchThread.pumpEventsForHierarchy(EventDispatchThread.java:113)
	at java.desktop/java.awt.EventDispatchThread.pumpEvents(EventDispatchThread.java:109)
	at java.desktop/java.awt.EventDispatchThread.pumpEvents(EventDispatchThread.java:101)
	at java.desktop/java.awt.EventDispatchThread.run(EventDispatchThread.java:90)
Caused by: java.lang.IllegalArgumentException: No matching ctor found for class mas.cloagents.CloAgent
	at clojure.lang.Compiler$NewExpr.<init>(Compiler.java:2590)
	at clojure.lang.Compiler$NewExpr$Parser.parse(Compiler.java:2667)
	at clojure.lang.Compiler.analyzeSeq(Compiler.java:7107)
	... 111 more

2019.07.27 18:30:46.156 MSK SEVERE: null -- Syntax error compiling deftype* at (clojure/mas/cloagents.clj:10:1).
	at clojure.lang.Compiler.analyzeSeq(Compiler.java:7115)
	at clojure.lang.Compiler.analyze(Compiler.java:6789)
	at clojure.lang.Compiler.analyze(Compiler.java:6745)
	at clojure.lang.Compiler$BodyExpr$Parser.parse(Compiler.java:6118)
	at clojure.lang.Compiler$LetExpr$Parser.parse(Compiler.java:6436)
	at clojure.lang.Compiler.analyzeSeq(Compiler.java:7107)
	at clojure.lang.Compiler.analyze(Compiler.java:6789)
	at clojure.lang.Compiler.analyze(Compiler.java:6745)
	at clojure.lang.Compiler$BodyExpr$Parser.parse(Compiler.java:6120)
	at clojure.lang.Compiler$FnMethod.parse(Compiler.java:5467)
	at clojure.lang.Compiler$FnExpr.parse(Compiler.java:4029)
	at clojure.lang.Compiler.analyzeSeq(Compiler.java:7105)
	at clojure.lang.Compiler.analyze(Compiler.java:6789)
	at clojure.lang.Compiler.eval(Compiler.java:7174)
	at clojure.lang.Compiler.load(Compiler.java:7636)
	at clojure.lang.RT.loadResourceScript(RT.java:381)
	at clojure.lang.RT.loadResourceScript(RT.java:372)
	at clojure.lang.RT.load(RT.java:459)
	at clojure.lang.RT.load(RT.java:424)
	at clojure.core$load$fn__6839.invoke(core.clj:6126)
	at clojure.core$load.invokeStatic(core.clj:6125)
	at clojure.core$load.doInvoke(core.clj:6109)
	at clojure.lang.RestFn.invoke(RestFn.java:408)
	at clojure.lang.Var.invoke(Var.java:384)
	at clojuretab.ClojureTab.loadProgram(ClojureTab.java:544)
	at clojuretab.ClojureTab.loadSelectedPrograms(ClojureTab.java:533)
	at clojuretab.ClojureTab.access$3(ClojureTab.java:529)
	at clojuretab.ClojureTab$5.actionPerformed(ClojureTab.java:255)
	at java.desktop/javax.swing.AbstractButton.fireActionPerformed(AbstractButton.java:1967)
	at java.desktop/javax.swing.AbstractButton$Handler.actionPerformed(AbstractButton.java:2308)
	at java.desktop/javax.swing.DefaultButtonModel.fireActionPerformed(DefaultButtonModel.java:405)
	at java.desktop/javax.swing.DefaultButtonModel.setPressed(DefaultButtonModel.java:262)
	at java.desktop/javax.swing.plaf.basic.BasicButtonListener.mouseReleased(BasicButtonListener.java:279)
	at java.desktop/java.awt.AWTEventMulticaster.mouseReleased(AWTEventMulticaster.java:297)
	at java.desktop/java.awt.Component.processMouseEvent(Component.java:6632)
	at java.desktop/javax.swing.JComponent.processMouseEvent(JComponent.java:3342)
	at java.desktop/java.awt.Component.processEvent(Component.java:6397)
	at java.desktop/java.awt.Container.processEvent(Container.java:2263)
	at java.desktop/java.awt.Component.dispatchEventImpl(Component.java:5008)
	at java.desktop/java.awt.Container.dispatchEventImpl(Container.java:2321)
	at java.desktop/java.awt.Component.dispatchEvent(Component.java:4840)
	at java.desktop/java.awt.LightweightDispatcher.retargetMouseEvent(Container.java:4918)
	at java.desktop/java.awt.LightweightDispatcher.processMouseEvent(Container.java:4547)
	at java.desktop/java.awt.LightweightDispatcher.dispatchEvent(Container.java:4488)
	at java.desktop/java.awt.Container.dispatchEventImpl(Container.java:2307)
	at java.desktop/java.awt.Window.dispatchEventImpl(Window.java:2772)
	at java.desktop/java.awt.Component.dispatchEvent(Component.java:4840)
	at java.desktop/java.awt.EventQueue.dispatchEventImpl(EventQueue.java:772)
	at java.desktop/java.awt.EventQueue$4.run(EventQueue.java:721)
	at java.desktop/java.awt.EventQueue$4.run(EventQueue.java:715)
	at java.base/java.security.AccessController.doPrivileged(Native Method)
	at java.base/java.security.ProtectionDomain$JavaSecurityAccessImpl.doIntersectionPrivilege(ProtectionDomain.java:85)
	at java.base/java.security.ProtectionDomain$JavaSecurityAccessImpl.doIntersectionPrivilege(ProtectionDomain.java:95)
	at java.desktop/java.awt.EventQueue$5.run(EventQueue.java:745)
	at java.desktop/java.awt.EventQueue$5.run(EventQueue.java:743)
	at java.base/java.security.AccessController.doPrivileged(Native Method)
	at java.base/java.security.ProtectionDomain$JavaSecurityAccessImpl.doIntersectionPrivilege(ProtectionDomain.java:85)
	at java.desktop/java.awt.EventQueue.dispatchEvent(EventQueue.java:742)
	at java.desktop/java.awt.EventDispatchThread.pumpOneEventForFilters(EventDispatchThread.java:203)
	at java.desktop/java.awt.EventDispatchThread.pumpEventsForFilter(EventDispatchThread.java:124)
	at java.desktop/java.awt.EventDispatchThread.pumpEventsForHierarchy(EventDispatchThread.java:113)
	at java.desktop/java.awt.EventDispatchThread.pumpEvents(EventDispatchThread.java:109)
	at java.desktop/java.awt.EventDispatchThread.pumpEvents(EventDispatchThread.java:101)
	at java.desktop/java.awt.EventDispatchThread.run(EventDispatchThread.java:90)
Caused by: java.lang.IllegalArgumentException: Unable to resolve classname: volatile
	at clojure.lang.Compiler$HostExpr.tagToClass(Compiler.java:1129)
	at clojure.lang.Compiler.tagClass(Compiler.java:8689)
	at clojure.lang.Compiler$NewInstanceExpr.build(Compiler.java:7992)
	at clojure.lang.Compiler$NewInstanceExpr$DeftypeParser.parse(Compiler.java:7935)
	at clojure.lang.Compiler.analyzeSeq(Compiler.java:7107)
	... 63 more

2019.07.27 18:31:17.638 MSK SEVERE: null -- Syntax error compiling deftype* at (clojure/mas/cloagents.clj:10:1).
	at clojure.lang.Compiler.analyzeSeq(Compiler.java:7115)
	at clojure.lang.Compiler.analyze(Compiler.java:6789)
	at clojure.lang.Compiler.analyze(Compiler.java:6745)
	at clojure.lang.Compiler$BodyExpr$Parser.parse(Compiler.java:6118)
	at clojure.lang.Compiler$LetExpr$Parser.parse(Compiler.java:6436)
	at clojure.lang.Compiler.analyzeSeq(Compiler.java:7107)
	at clojure.lang.Compiler.analyze(Compiler.java:6789)
	at clojure.lang.Compiler.analyze(Compiler.java:6745)
	at clojure.lang.Compiler$BodyExpr$Parser.parse(Compiler.java:6120)
	at clojure.lang.Compiler$FnMethod.parse(Compiler.java:5467)
	at clojure.lang.Compiler$FnExpr.parse(Compiler.java:4029)
	at clojure.lang.Compiler.analyzeSeq(Compiler.java:7105)
	at clojure.lang.Compiler.analyze(Compiler.java:6789)
	at clojure.lang.Compiler.eval(Compiler.java:7174)
	at clojure.lang.Compiler.load(Compiler.java:7636)
	at clojure.lang.RT.loadResourceScript(RT.java:381)
	at clojure.lang.RT.loadResourceScript(RT.java:372)
	at clojure.lang.RT.load(RT.java:459)
	at clojure.lang.RT.load(RT.java:424)
	at clojure.core$load$fn__6839.invoke(core.clj:6126)
	at clojure.core$load.invokeStatic(core.clj:6125)
	at clojure.core$load.doInvoke(core.clj:6109)
	at clojure.lang.RestFn.invoke(RestFn.java:408)
	at clojure.lang.Var.invoke(Var.java:384)
	at clojuretab.ClojureTab.loadProgram(ClojureTab.java:544)
	at clojuretab.ClojureTab.loadSelectedPrograms(ClojureTab.java:533)
	at clojuretab.ClojureTab.access$3(ClojureTab.java:529)
	at clojuretab.ClojureTab$5.actionPerformed(ClojureTab.java:255)
	at java.desktop/javax.swing.AbstractButton.fireActionPerformed(AbstractButton.java:1967)
	at java.desktop/javax.swing.AbstractButton$Handler.actionPerformed(AbstractButton.java:2308)
	at java.desktop/javax.swing.DefaultButtonModel.fireActionPerformed(DefaultButtonModel.java:405)
	at java.desktop/javax.swing.DefaultButtonModel.setPressed(DefaultButtonModel.java:262)
	at java.desktop/javax.swing.plaf.basic.BasicButtonListener.mouseReleased(BasicButtonListener.java:279)
	at java.desktop/java.awt.AWTEventMulticaster.mouseReleased(AWTEventMulticaster.java:297)
	at java.desktop/java.awt.Component.processMouseEvent(Component.java:6632)
	at java.desktop/javax.swing.JComponent.processMouseEvent(JComponent.java:3342)
	at java.desktop/java.awt.Component.processEvent(Component.java:6397)
	at java.desktop/java.awt.Container.processEvent(Container.java:2263)
	at java.desktop/java.awt.Component.dispatchEventImpl(Component.java:5008)
	at java.desktop/java.awt.Container.dispatchEventImpl(Container.java:2321)
	at java.desktop/java.awt.Component.dispatchEvent(Component.java:4840)
	at java.desktop/java.awt.LightweightDispatcher.retargetMouseEvent(Container.java:4918)
	at java.desktop/java.awt.LightweightDispatcher.processMouseEvent(Container.java:4547)
	at java.desktop/java.awt.LightweightDispatcher.dispatchEvent(Container.java:4488)
	at java.desktop/java.awt.Container.dispatchEventImpl(Container.java:2307)
	at java.desktop/java.awt.Window.dispatchEventImpl(Window.java:2772)
	at java.desktop/java.awt.Component.dispatchEvent(Component.java:4840)
	at java.desktop/java.awt.EventQueue.dispatchEventImpl(EventQueue.java:772)
	at java.desktop/java.awt.EventQueue$4.run(EventQueue.java:721)
	at java.desktop/java.awt.EventQueue$4.run(EventQueue.java:715)
	at java.base/java.security.AccessController.doPrivileged(Native Method)
	at java.base/java.security.ProtectionDomain$JavaSecurityAccessImpl.doIntersectionPrivilege(ProtectionDomain.java:85)
	at java.base/java.security.ProtectionDomain$JavaSecurityAccessImpl.doIntersectionPrivilege(ProtectionDomain.java:95)
	at java.desktop/java.awt.EventQueue$5.run(EventQueue.java:745)
	at java.desktop/java.awt.EventQueue$5.run(EventQueue.java:743)
	at java.base/java.security.AccessController.doPrivileged(Native Method)
	at java.base/java.security.ProtectionDomain$JavaSecurityAccessImpl.doIntersectionPrivilege(ProtectionDomain.java:85)
	at java.desktop/java.awt.EventQueue.dispatchEvent(EventQueue.java:742)
	at java.desktop/java.awt.EventDispatchThread.pumpOneEventForFilters(EventDispatchThread.java:203)
	at java.desktop/java.awt.EventDispatchThread.pumpEventsForFilter(EventDispatchThread.java:124)
	at java.desktop/java.awt.EventDispatchThread.pumpEventsForHierarchy(EventDispatchThread.java:113)
	at java.desktop/java.awt.EventDispatchThread.pumpEvents(EventDispatchThread.java:109)
	at java.desktop/java.awt.EventDispatchThread.pumpEvents(EventDispatchThread.java:101)
	at java.desktop/java.awt.EventDispatchThread.run(EventDispatchThread.java:90)
Caused by: java.lang.IllegalArgumentException: Unable to resolve classname: Volatile
	at clojure.lang.Compiler$HostExpr.tagToClass(Compiler.java:1129)
	at clojure.lang.Compiler.tagClass(Compiler.java:8689)
	at clojure.lang.Compiler$NewInstanceExpr.build(Compiler.java:7992)
	at clojure.lang.Compiler$NewInstanceExpr$DeftypeParser.parse(Compiler.java:7935)
	at clojure.lang.Compiler.analyzeSeq(Compiler.java:7107)
	... 63 more

2019.07.27 18:31:40.306 MSK SEVERE: null -- Syntax error compiling deftype* at (clojure/mas/cloagents.clj:10:1).
	at clojure.lang.Compiler.analyzeSeq(Compiler.java:7115)
	at clojure.lang.Compiler.analyze(Compiler.java:6789)
	at clojure.lang.Compiler.analyze(Compiler.java:6745)
	at clojure.lang.Compiler$BodyExpr$Parser.parse(Compiler.java:6118)
	at clojure.lang.Compiler$LetExpr$Parser.parse(Compiler.java:6436)
	at clojure.lang.Compiler.analyzeSeq(Compiler.java:7107)
	at clojure.lang.Compiler.analyze(Compiler.java:6789)
	at clojure.lang.Compiler.analyze(Compiler.java:6745)
	at clojure.lang.Compiler$BodyExpr$Parser.parse(Compiler.java:6120)
	at clojure.lang.Compiler$FnMethod.parse(Compiler.java:5467)
	at clojure.lang.Compiler$FnExpr.parse(Compiler.java:4029)
	at clojure.lang.Compiler.analyzeSeq(Compiler.java:7105)
	at clojure.lang.Compiler.analyze(Compiler.java:6789)
	at clojure.lang.Compiler.eval(Compiler.java:7174)
	at clojure.lang.Compiler.load(Compiler.java:7636)
	at clojure.lang.RT.loadResourceScript(RT.java:381)
	at clojure.lang.RT.loadResourceScript(RT.java:372)
	at clojure.lang.RT.load(RT.java:459)
	at clojure.lang.RT.load(RT.java:424)
	at clojure.core$load$fn__6839.invoke(core.clj:6126)
	at clojure.core$load.invokeStatic(core.clj:6125)
	at clojure.core$load.doInvoke(core.clj:6109)
	at clojure.lang.RestFn.invoke(RestFn.java:408)
	at clojure.lang.Var.invoke(Var.java:384)
	at clojuretab.ClojureTab.loadProgram(ClojureTab.java:544)
	at clojuretab.ClojureTab.loadSelectedPrograms(ClojureTab.java:533)
	at clojuretab.ClojureTab.access$3(ClojureTab.java:529)
	at clojuretab.ClojureTab$5.actionPerformed(ClojureTab.java:255)
	at java.desktop/javax.swing.AbstractButton.fireActionPerformed(AbstractButton.java:1967)
	at java.desktop/javax.swing.AbstractButton$Handler.actionPerformed(AbstractButton.java:2308)
	at java.desktop/javax.swing.DefaultButtonModel.fireActionPerformed(DefaultButtonModel.java:405)
	at java.desktop/javax.swing.DefaultButtonModel.setPressed(DefaultButtonModel.java:262)
	at java.desktop/javax.swing.plaf.basic.BasicButtonListener.mouseReleased(BasicButtonListener.java:279)
	at java.desktop/java.awt.AWTEventMulticaster.mouseReleased(AWTEventMulticaster.java:297)
	at java.desktop/java.awt.Component.processMouseEvent(Component.java:6632)
	at java.desktop/javax.swing.JComponent.processMouseEvent(JComponent.java:3342)
	at java.desktop/java.awt.Component.processEvent(Component.java:6397)
	at java.desktop/java.awt.Container.processEvent(Container.java:2263)
	at java.desktop/java.awt.Component.dispatchEventImpl(Component.java:5008)
	at java.desktop/java.awt.Container.dispatchEventImpl(Container.java:2321)
	at java.desktop/java.awt.Component.dispatchEvent(Component.java:4840)
	at java.desktop/java.awt.LightweightDispatcher.retargetMouseEvent(Container.java:4918)
	at java.desktop/java.awt.LightweightDispatcher.processMouseEvent(Container.java:4547)
	at java.desktop/java.awt.LightweightDispatcher.dispatchEvent(Container.java:4488)
	at java.desktop/java.awt.Container.dispatchEventImpl(Container.java:2307)
	at java.desktop/java.awt.Window.dispatchEventImpl(Window.java:2772)
	at java.desktop/java.awt.Component.dispatchEvent(Component.java:4840)
	at java.desktop/java.awt.EventQueue.dispatchEventImpl(EventQueue.java:772)
	at java.desktop/java.awt.EventQueue$4.run(EventQueue.java:721)
	at java.desktop/java.awt.EventQueue$4.run(EventQueue.java:715)
	at java.base/java.security.AccessController.doPrivileged(Native Method)
	at java.base/java.security.ProtectionDomain$JavaSecurityAccessImpl.doIntersectionPrivilege(ProtectionDomain.java:85)
	at java.base/java.security.ProtectionDomain$JavaSecurityAccessImpl.doIntersectionPrivilege(ProtectionDomain.java:95)
	at java.desktop/java.awt.EventQueue$5.run(EventQueue.java:745)
	at java.desktop/java.awt.EventQueue$5.run(EventQueue.java:743)
	at java.base/java.security.AccessController.doPrivileged(Native Method)
	at java.base/java.security.ProtectionDomain$JavaSecurityAccessImpl.doIntersectionPrivilege(ProtectionDomain.java:85)
	at java.desktop/java.awt.EventQueue.dispatchEvent(EventQueue.java:742)
	at java.desktop/java.awt.EventDispatchThread.pumpOneEventForFilters(EventDispatchThread.java:203)
	at java.desktop/java.awt.EventDispatchThread.pumpEventsForFilter(EventDispatchThread.java:124)
	at java.desktop/java.awt.EventDispatchThread.pumpEventsForHierarchy(EventDispatchThread.java:113)
	at java.desktop/java.awt.EventDispatchThread.pumpEvents(EventDispatchThread.java:109)
	at java.desktop/java.awt.EventDispatchThread.pumpEvents(EventDispatchThread.java:101)
	at java.desktop/java.awt.EventDispatchThread.run(EventDispatchThread.java:90)
Caused by: java.lang.IllegalArgumentException: Unable to resolve classname: Atom
	at clojure.lang.Compiler$HostExpr.tagToClass(Compiler.java:1129)
	at clojure.lang.Compiler.tagClass(Compiler.java:8689)
	at clojure.lang.Compiler$NewInstanceExpr.build(Compiler.java:7992)
	at clojure.lang.Compiler$NewInstanceExpr$DeftypeParser.parse(Compiler.java:7935)
	at clojure.lang.Compiler.analyzeSeq(Compiler.java:7107)
	... 63 more

2019.07.27 18:31:58.557 MSK SEVERE: null -- Syntax error compiling new at (clojure/mas/cloagents.clj:22:15).
	at clojure.lang.Compiler.analyzeSeq(Compiler.java:7115)
	at clojure.lang.Compiler.analyze(Compiler.java:6789)
	at clojure.lang.Compiler.analyzeSeq(Compiler.java:7095)
	at clojure.lang.Compiler.analyze(Compiler.java:6789)
	at clojure.lang.Compiler.access$300(Compiler.java:38)
	at clojure.lang.Compiler$LetExpr$Parser.parse(Compiler.java:6384)
	at clojure.lang.Compiler.analyzeSeq(Compiler.java:7107)
	at clojure.lang.Compiler.analyze(Compiler.java:6789)
	at clojure.lang.Compiler.analyzeSeq(Compiler.java:7095)
	at clojure.lang.Compiler.analyze(Compiler.java:6789)
	at clojure.lang.Compiler.analyze(Compiler.java:6745)
	at clojure.lang.Compiler$BodyExpr$Parser.parse(Compiler.java:6118)
	at clojure.lang.Compiler.analyzeSeq(Compiler.java:7107)
	at clojure.lang.Compiler.analyze(Compiler.java:6789)
	at clojure.lang.Compiler.analyze(Compiler.java:6745)
	at clojure.lang.Compiler$IfExpr$Parser.parse(Compiler.java:2829)
	at clojure.lang.Compiler.analyzeSeq(Compiler.java:7107)
	at clojure.lang.Compiler.analyze(Compiler.java:6789)
	at clojure.lang.Compiler.analyzeSeq(Compiler.java:7095)
	at clojure.lang.Compiler.analyze(Compiler.java:6789)
	at clojure.lang.Compiler.analyze(Compiler.java:6745)
	at clojure.lang.Compiler$BodyExpr$Parser.parse(Compiler.java:6120)
	at clojure.lang.Compiler$LetExpr$Parser.parse(Compiler.java:6436)
	at clojure.lang.Compiler.analyzeSeq(Compiler.java:7107)
	at clojure.lang.Compiler.analyze(Compiler.java:6789)
	at clojure.lang.Compiler.analyzeSeq(Compiler.java:7095)
	at clojure.lang.Compiler.analyze(Compiler.java:6789)
	at clojure.lang.Compiler.analyze(Compiler.java:6745)
	at clojure.lang.Compiler$BodyExpr$Parser.parse(Compiler.java:6120)
	at clojure.lang.Compiler$LetExpr$Parser.parse(Compiler.java:6436)
	at clojure.lang.Compiler.analyzeSeq(Compiler.java:7107)
	at clojure.lang.Compiler.analyze(Compiler.java:6789)
	at clojure.lang.Compiler.analyzeSeq(Compiler.java:7095)
	at clojure.lang.Compiler.analyze(Compiler.java:6789)
	at clojure.lang.Compiler.analyzeSeq(Compiler.java:7095)
	at clojure.lang.Compiler.analyze(Compiler.java:6789)
	at clojure.lang.Compiler.analyze(Compiler.java:6745)
	at clojure.lang.Compiler$BodyExpr$Parser.parse(Compiler.java:6120)
	at clojure.lang.Compiler$LetExpr$Parser.parse(Compiler.java:6436)
	at clojure.lang.Compiler.analyzeSeq(Compiler.java:7107)
	at clojure.lang.Compiler.analyze(Compiler.java:6789)
	at clojure.lang.Compiler.analyzeSeq(Compiler.java:7095)
	at clojure.lang.Compiler.analyze(Compiler.java:6789)
	at clojure.lang.Compiler.analyze(Compiler.java:6745)
	at clojure.lang.Compiler$BodyExpr$Parser.parse(Compiler.java:6120)
	at clojure.lang.Compiler$NewInstanceMethod.parse(Compiler.java:8553)
	at clojure.lang.Compiler$NewInstanceExpr.build(Compiler.java:8059)
	at clojure.lang.Compiler$NewInstanceExpr$DeftypeParser.parse(Compiler.java:7935)
	at clojure.lang.Compiler.analyzeSeq(Compiler.java:7107)
	at clojure.lang.Compiler.analyze(Compiler.java:6789)
	at clojure.lang.Compiler.analyze(Compiler.java:6745)
	at clojure.lang.Compiler$BodyExpr$Parser.parse(Compiler.java:6118)
	at clojure.lang.Compiler$LetExpr$Parser.parse(Compiler.java:6436)
	at clojure.lang.Compiler.analyzeSeq(Compiler.java:7107)
	at clojure.lang.Compiler.analyze(Compiler.java:6789)
	at clojure.lang.Compiler.analyze(Compiler.java:6745)
	at clojure.lang.Compiler$BodyExpr$Parser.parse(Compiler.java:6120)
	at clojure.lang.Compiler$FnMethod.parse(Compiler.java:5467)
	at clojure.lang.Compiler$FnExpr.parse(Compiler.java:4029)
	at clojure.lang.Compiler.analyzeSeq(Compiler.java:7105)
	at clojure.lang.Compiler.analyze(Compiler.java:6789)
	at clojure.lang.Compiler.eval(Compiler.java:7174)
	at clojure.lang.Compiler.load(Compiler.java:7636)
	at clojure.lang.RT.loadResourceScript(RT.java:381)
	at clojure.lang.RT.loadResourceScript(RT.java:372)
	at clojure.lang.RT.load(RT.java:459)
	at clojure.lang.RT.load(RT.java:424)
	at clojure.core$load$fn__6839.invoke(core.clj:6126)
	at clojure.core$load.invokeStatic(core.clj:6125)
	at clojure.core$load.doInvoke(core.clj:6109)
	at clojure.lang.RestFn.invoke(RestFn.java:408)
	at clojure.lang.Var.invoke(Var.java:384)
	at clojuretab.ClojureTab.loadProgram(ClojureTab.java:544)
	at clojuretab.ClojureTab.loadSelectedPrograms(ClojureTab.java:533)
	at clojuretab.ClojureTab.access$3(ClojureTab.java:529)
	at clojuretab.ClojureTab$5.actionPerformed(ClojureTab.java:255)
	at java.desktop/javax.swing.AbstractButton.fireActionPerformed(AbstractButton.java:1967)
	at java.desktop/javax.swing.AbstractButton$Handler.actionPerformed(AbstractButton.java:2308)
	at java.desktop/javax.swing.DefaultButtonModel.fireActionPerformed(DefaultButtonModel.java:405)
	at java.desktop/javax.swing.DefaultButtonModel.setPressed(DefaultButtonModel.java:262)
	at java.desktop/javax.swing.plaf.basic.BasicButtonListener.mouseReleased(BasicButtonListener.java:279)
	at java.desktop/java.awt.AWTEventMulticaster.mouseReleased(AWTEventMulticaster.java:297)
	at java.desktop/java.awt.Component.processMouseEvent(Component.java:6632)
	at java.desktop/javax.swing.JComponent.processMouseEvent(JComponent.java:3342)
	at java.desktop/java.awt.Component.processEvent(Component.java:6397)
	at java.desktop/java.awt.Container.processEvent(Container.java:2263)
	at java.desktop/java.awt.Component.dispatchEventImpl(Component.java:5008)
	at java.desktop/java.awt.Container.dispatchEventImpl(Container.java:2321)
	at java.desktop/java.awt.Component.dispatchEvent(Component.java:4840)
	at java.desktop/java.awt.LightweightDispatcher.retargetMouseEvent(Container.java:4918)
	at java.desktop/java.awt.LightweightDispatcher.processMouseEvent(Container.java:4547)
	at java.desktop/java.awt.LightweightDispatcher.dispatchEvent(Container.java:4488)
	at java.desktop/java.awt.Container.dispatchEventImpl(Container.java:2307)
	at java.desktop/java.awt.Window.dispatchEventImpl(Window.java:2772)
	at java.desktop/java.awt.Component.dispatchEvent(Component.java:4840)
	at java.desktop/java.awt.EventQueue.dispatchEventImpl(EventQueue.java:772)
	at java.desktop/java.awt.EventQueue$4.run(EventQueue.java:721)
	at java.desktop/java.awt.EventQueue$4.run(EventQueue.java:715)
	at java.base/java.security.AccessController.doPrivileged(Native Method)
	at java.base/java.security.ProtectionDomain$JavaSecurityAccessImpl.doIntersectionPrivilege(ProtectionDomain.java:85)
	at java.base/java.security.ProtectionDomain$JavaSecurityAccessImpl.doIntersectionPrivilege(ProtectionDomain.java:95)
	at java.desktop/java.awt.EventQueue$5.run(EventQueue.java:745)
	at java.desktop/java.awt.EventQueue$5.run(EventQueue.java:743)
	at java.base/java.security.AccessController.doPrivileged(Native Method)
	at java.base/java.security.ProtectionDomain$JavaSecurityAccessImpl.doIntersectionPrivilege(ProtectionDomain.java:85)
	at java.desktop/java.awt.EventQueue.dispatchEvent(EventQueue.java:742)
	at java.desktop/java.awt.EventDispatchThread.pumpOneEventForFilters(EventDispatchThread.java:203)
	at java.desktop/java.awt.EventDispatchThread.pumpEventsForFilter(EventDispatchThread.java:124)
	at java.desktop/java.awt.EventDispatchThread.pumpEventsForHierarchy(EventDispatchThread.java:113)
	at java.desktop/java.awt.EventDispatchThread.pumpEvents(EventDispatchThread.java:109)
	at java.desktop/java.awt.EventDispatchThread.pumpEvents(EventDispatchThread.java:101)
	at java.desktop/java.awt.EventDispatchThread.run(EventDispatchThread.java:90)
Caused by: java.lang.IllegalArgumentException: No matching ctor found for class mas.cloagents.CloAgent
	at clojure.lang.Compiler$NewExpr.<init>(Compiler.java:2590)
	at clojure.lang.Compiler$NewExpr$Parser.parse(Compiler.java:2667)
	at clojure.lang.Compiler.analyzeSeq(Compiler.java:7107)
	... 111 more

2019.07.27 18:50:06.827 MSK SEVERE: null -- Syntax error compiling at (clojure/mas/cloagents.clj:22:26).
	at clojure.lang.Compiler.analyze(Compiler.java:6808)
	at clojure.lang.Compiler.analyze(Compiler.java:6745)
	at clojure.lang.Compiler$InvokeExpr.parse(Compiler.java:3820)
	at clojure.lang.Compiler.analyzeSeq(Compiler.java:7109)
	at clojure.lang.Compiler.analyze(Compiler.java:6789)
	at clojure.lang.Compiler.analyze(Compiler.java:6745)
	at clojure.lang.Compiler$NewExpr$Parser.parse(Compiler.java:2666)
	at clojure.lang.Compiler.analyzeSeq(Compiler.java:7107)
	at clojure.lang.Compiler.analyze(Compiler.java:6789)
	at clojure.lang.Compiler.analyzeSeq(Compiler.java:7095)
	at clojure.lang.Compiler.analyze(Compiler.java:6789)
	at clojure.lang.Compiler.access$300(Compiler.java:38)
	at clojure.lang.Compiler$LetExpr$Parser.parse(Compiler.java:6384)
	at clojure.lang.Compiler.analyzeSeq(Compiler.java:7107)
	at clojure.lang.Compiler.analyze(Compiler.java:6789)
	at clojure.lang.Compiler.analyzeSeq(Compiler.java:7095)
	at clojure.lang.Compiler.analyze(Compiler.java:6789)
	at clojure.lang.Compiler.analyze(Compiler.java:6745)
	at clojure.lang.Compiler$BodyExpr$Parser.parse(Compiler.java:6118)
	at clojure.lang.Compiler.analyzeSeq(Compiler.java:7107)
	at clojure.lang.Compiler.analyze(Compiler.java:6789)
	at clojure.lang.Compiler.analyze(Compiler.java:6745)
	at clojure.lang.Compiler$IfExpr$Parser.parse(Compiler.java:2829)
	at clojure.lang.Compiler.analyzeSeq(Compiler.java:7107)
	at clojure.lang.Compiler.analyze(Compiler.java:6789)
	at clojure.lang.Compiler.analyzeSeq(Compiler.java:7095)
	at clojure.lang.Compiler.analyze(Compiler.java:6789)
	at clojure.lang.Compiler.analyze(Compiler.java:6745)
	at clojure.lang.Compiler$BodyExpr$Parser.parse(Compiler.java:6120)
	at clojure.lang.Compiler$LetExpr$Parser.parse(Compiler.java:6436)
	at clojure.lang.Compiler.analyzeSeq(Compiler.java:7107)
	at clojure.lang.Compiler.analyze(Compiler.java:6789)
	at clojure.lang.Compiler.analyzeSeq(Compiler.java:7095)
	at clojure.lang.Compiler.analyze(Compiler.java:6789)
	at clojure.lang.Compiler.analyze(Compiler.java:6745)
	at clojure.lang.Compiler$BodyExpr$Parser.parse(Compiler.java:6120)
	at clojure.lang.Compiler$LetExpr$Parser.parse(Compiler.java:6436)
	at clojure.lang.Compiler.analyzeSeq(Compiler.java:7107)
	at clojure.lang.Compiler.analyze(Compiler.java:6789)
	at clojure.lang.Compiler.analyzeSeq(Compiler.java:7095)
	at clojure.lang.Compiler.analyze(Compiler.java:6789)
	at clojure.lang.Compiler.analyzeSeq(Compiler.java:7095)
	at clojure.lang.Compiler.analyze(Compiler.java:6789)
	at clojure.lang.Compiler.analyze(Compiler.java:6745)
	at clojure.lang.Compiler$BodyExpr$Parser.parse(Compiler.java:6120)
	at clojure.lang.Compiler$LetExpr$Parser.parse(Compiler.java:6436)
	at clojure.lang.Compiler.analyzeSeq(Compiler.java:7107)
	at clojure.lang.Compiler.analyze(Compiler.java:6789)
	at clojure.lang.Compiler.analyzeSeq(Compiler.java:7095)
	at clojure.lang.Compiler.analyze(Compiler.java:6789)
	at clojure.lang.Compiler.analyze(Compiler.java:6745)
	at clojure.lang.Compiler$BodyExpr$Parser.parse(Compiler.java:6120)
	at clojure.lang.Compiler$NewInstanceMethod.parse(Compiler.java:8553)
	at clojure.lang.Compiler$NewInstanceExpr.build(Compiler.java:8059)
	at clojure.lang.Compiler$NewInstanceExpr$DeftypeParser.parse(Compiler.java:7935)
	at clojure.lang.Compiler.analyzeSeq(Compiler.java:7107)
	at clojure.lang.Compiler.analyze(Compiler.java:6789)
	at clojure.lang.Compiler.analyze(Compiler.java:6745)
	at clojure.lang.Compiler$BodyExpr$Parser.parse(Compiler.java:6118)
	at clojure.lang.Compiler$LetExpr$Parser.parse(Compiler.java:6436)
	at clojure.lang.Compiler.analyzeSeq(Compiler.java:7107)
	at clojure.lang.Compiler.analyze(Compiler.java:6789)
	at clojure.lang.Compiler.analyze(Compiler.java:6745)
	at clojure.lang.Compiler$BodyExpr$Parser.parse(Compiler.java:6120)
	at clojure.lang.Compiler$FnMethod.parse(Compiler.java:5467)
	at clojure.lang.Compiler$FnExpr.parse(Compiler.java:4029)
	at clojure.lang.Compiler.analyzeSeq(Compiler.java:7105)
	at clojure.lang.Compiler.analyze(Compiler.java:6789)
	at clojure.lang.Compiler.eval(Compiler.java:7174)
	at clojure.lang.Compiler.load(Compiler.java:7636)
	at clojure.lang.RT.loadResourceScript(RT.java:381)
	at clojure.lang.RT.loadResourceScript(RT.java:372)
	at clojure.lang.RT.load(RT.java:459)
	at clojure.lang.RT.load(RT.java:424)
	at clojure.core$load$fn__6839.invoke(core.clj:6126)
	at clojure.core$load.invokeStatic(core.clj:6125)
	at clojure.core$load.doInvoke(core.clj:6109)
	at clojure.lang.RestFn.invoke(RestFn.java:408)
	at clojure.lang.Var.invoke(Var.java:384)
	at clojuretab.ClojureTab.loadProgram(ClojureTab.java:544)
	at clojuretab.ClojureTab.loadSelectedPrograms(ClojureTab.java:533)
	at clojuretab.ClojureTab.access$3(ClojureTab.java:529)
	at clojuretab.ClojureTab$5.actionPerformed(ClojureTab.java:255)
	at java.desktop/javax.swing.AbstractButton.fireActionPerformed(AbstractButton.java:1967)
	at java.desktop/javax.swing.AbstractButton$Handler.actionPerformed(AbstractButton.java:2308)
	at java.desktop/javax.swing.DefaultButtonModel.fireActionPerformed(DefaultButtonModel.java:405)
	at java.desktop/javax.swing.DefaultButtonModel.setPressed(DefaultButtonModel.java:262)
	at java.desktop/javax.swing.plaf.basic.BasicButtonListener.mouseReleased(BasicButtonListener.java:279)
	at java.desktop/java.awt.AWTEventMulticaster.mouseReleased(AWTEventMulticaster.java:297)
	at java.desktop/java.awt.Component.processMouseEvent(Component.java:6632)
	at java.desktop/javax.swing.JComponent.processMouseEvent(JComponent.java:3342)
	at java.desktop/java.awt.Component.processEvent(Component.java:6397)
	at java.desktop/java.awt.Container.processEvent(Container.java:2263)
	at java.desktop/java.awt.Component.dispatchEventImpl(Component.java:5008)
	at java.desktop/java.awt.Container.dispatchEventImpl(Container.java:2321)
	at java.desktop/java.awt.Component.dispatchEvent(Component.java:4840)
	at java.desktop/java.awt.LightweightDispatcher.retargetMouseEvent(Container.java:4918)
	at java.desktop/java.awt.LightweightDispatcher.processMouseEvent(Container.java:4547)
	at java.desktop/java.awt.LightweightDispatcher.dispatchEvent(Container.java:4488)
	at java.desktop/java.awt.Container.dispatchEventImpl(Container.java:2307)
	at java.desktop/java.awt.Window.dispatchEventImpl(Window.java:2772)
	at java.desktop/java.awt.Component.dispatchEvent(Component.java:4840)
	at java.desktop/java.awt.EventQueue.dispatchEventImpl(EventQueue.java:772)
	at java.desktop/java.awt.EventQueue$4.run(EventQueue.java:721)
	at java.desktop/java.awt.EventQueue$4.run(EventQueue.java:715)
	at java.base/java.security.AccessController.doPrivileged(Native Method)
	at java.base/java.security.ProtectionDomain$JavaSecurityAccessImpl.doIntersectionPrivilege(ProtectionDomain.java:85)
	at java.base/java.security.ProtectionDomain$JavaSecurityAccessImpl.doIntersectionPrivilege(ProtectionDomain.java:95)
	at java.desktop/java.awt.EventQueue$5.run(EventQueue.java:745)
	at java.desktop/java.awt.EventQueue$5.run(EventQueue.java:743)
	at java.base/java.security.AccessController.doPrivileged(Native Method)
	at java.base/java.security.ProtectionDomain$JavaSecurityAccessImpl.doIntersectionPrivilege(ProtectionDomain.java:85)
	at java.desktop/java.awt.EventQueue.dispatchEvent(EventQueue.java:742)
	at java.desktop/java.awt.EventDispatchThread.pumpOneEventForFilters(EventDispatchThread.java:203)
	at java.desktop/java.awt.EventDispatchThread.pumpEventsForFilter(EventDispatchThread.java:124)
	at java.desktop/java.awt.EventDispatchThread.pumpEventsForHierarchy(EventDispatchThread.java:113)
	at java.desktop/java.awt.EventDispatchThread.pumpEvents(EventDispatchThread.java:109)
	at java.desktop/java.awt.EventDispatchThread.pumpEvents(EventDispatchThread.java:101)
	at java.desktop/java.awt.EventDispatchThread.run(EventDispatchThread.java:90)
Caused by: java.lang.RuntimeException: Unable to resolve symbol: Atom in this context
	at clojure.lang.Util.runtimeException(Util.java:221)
	at clojure.lang.Compiler.resolveIn(Compiler.java:7414)
	at clojure.lang.Compiler.resolve(Compiler.java:7358)
	at clojure.lang.Compiler.analyzeSymbol(Compiler.java:7319)
	at clojure.lang.Compiler.analyze(Compiler.java:6768)
	... 118 more

2019.07.27 18:50:08.734 MSK SEVERE: null -- Syntax error compiling at (clojure/mas/cloagents.clj:22:26).
	at clojure.lang.Compiler.analyze(Compiler.java:6808)
	at clojure.lang.Compiler.analyze(Compiler.java:6745)
	at clojure.lang.Compiler$InvokeExpr.parse(Compiler.java:3820)
	at clojure.lang.Compiler.analyzeSeq(Compiler.java:7109)
	at clojure.lang.Compiler.analyze(Compiler.java:6789)
	at clojure.lang.Compiler.analyze(Compiler.java:6745)
	at clojure.lang.Compiler$NewExpr$Parser.parse(Compiler.java:2666)
	at clojure.lang.Compiler.analyzeSeq(Compiler.java:7107)
	at clojure.lang.Compiler.analyze(Compiler.java:6789)
	at clojure.lang.Compiler.analyzeSeq(Compiler.java:7095)
	at clojure.lang.Compiler.analyze(Compiler.java:6789)
	at clojure.lang.Compiler.access$300(Compiler.java:38)
	at clojure.lang.Compiler$LetExpr$Parser.parse(Compiler.java:6384)
	at clojure.lang.Compiler.analyzeSeq(Compiler.java:7107)
	at clojure.lang.Compiler.analyze(Compiler.java:6789)
	at clojure.lang.Compiler.analyzeSeq(Compiler.java:7095)
	at clojure.lang.Compiler.analyze(Compiler.java:6789)
	at clojure.lang.Compiler.analyze(Compiler.java:6745)
	at clojure.lang.Compiler$BodyExpr$Parser.parse(Compiler.java:6118)
	at clojure.lang.Compiler.analyzeSeq(Compiler.java:7107)
	at clojure.lang.Compiler.analyze(Compiler.java:6789)
	at clojure.lang.Compiler.analyze(Compiler.java:6745)
	at clojure.lang.Compiler$IfExpr$Parser.parse(Compiler.java:2829)
	at clojure.lang.Compiler.analyzeSeq(Compiler.java:7107)
	at clojure.lang.Compiler.analyze(Compiler.java:6789)
	at clojure.lang.Compiler.analyzeSeq(Compiler.java:7095)
	at clojure.lang.Compiler.analyze(Compiler.java:6789)
	at clojure.lang.Compiler.analyze(Compiler.java:6745)
	at clojure.lang.Compiler$BodyExpr$Parser.parse(Compiler.java:6120)
	at clojure.lang.Compiler$LetExpr$Parser.parse(Compiler.java:6436)
	at clojure.lang.Compiler.analyzeSeq(Compiler.java:7107)
	at clojure.lang.Compiler.analyze(Compiler.java:6789)
	at clojure.lang.Compiler.analyzeSeq(Compiler.java:7095)
	at clojure.lang.Compiler.analyze(Compiler.java:6789)
	at clojure.lang.Compiler.analyze(Compiler.java:6745)
	at clojure.lang.Compiler$BodyExpr$Parser.parse(Compiler.java:6120)
	at clojure.lang.Compiler$LetExpr$Parser.parse(Compiler.java:6436)
	at clojure.lang.Compiler.analyzeSeq(Compiler.java:7107)
	at clojure.lang.Compiler.analyze(Compiler.java:6789)
	at clojure.lang.Compiler.analyzeSeq(Compiler.java:7095)
	at clojure.lang.Compiler.analyze(Compiler.java:6789)
	at clojure.lang.Compiler.analyzeSeq(Compiler.java:7095)
	at clojure.lang.Compiler.analyze(Compiler.java:6789)
	at clojure.lang.Compiler.analyze(Compiler.java:6745)
	at clojure.lang.Compiler$BodyExpr$Parser.parse(Compiler.java:6120)
	at clojure.lang.Compiler$LetExpr$Parser.parse(Compiler.java:6436)
	at clojure.lang.Compiler.analyzeSeq(Compiler.java:7107)
	at clojure.lang.Compiler.analyze(Compiler.java:6789)
	at clojure.lang.Compiler.analyzeSeq(Compiler.java:7095)
	at clojure.lang.Compiler.analyze(Compiler.java:6789)
	at clojure.lang.Compiler.analyze(Compiler.java:6745)
	at clojure.lang.Compiler$BodyExpr$Parser.parse(Compiler.java:6120)
	at clojure.lang.Compiler$NewInstanceMethod.parse(Compiler.java:8553)
	at clojure.lang.Compiler$NewInstanceExpr.build(Compiler.java:8059)
	at clojure.lang.Compiler$NewInstanceExpr$DeftypeParser.parse(Compiler.java:7935)
	at clojure.lang.Compiler.analyzeSeq(Compiler.java:7107)
	at clojure.lang.Compiler.analyze(Compiler.java:6789)
	at clojure.lang.Compiler.analyze(Compiler.java:6745)
	at clojure.lang.Compiler$BodyExpr$Parser.parse(Compiler.java:6118)
	at clojure.lang.Compiler$LetExpr$Parser.parse(Compiler.java:6436)
	at clojure.lang.Compiler.analyzeSeq(Compiler.java:7107)
	at clojure.lang.Compiler.analyze(Compiler.java:6789)
	at clojure.lang.Compiler.analyze(Compiler.java:6745)
	at clojure.lang.Compiler$BodyExpr$Parser.parse(Compiler.java:6120)
	at clojure.lang.Compiler$FnMethod.parse(Compiler.java:5467)
	at clojure.lang.Compiler$FnExpr.parse(Compiler.java:4029)
	at clojure.lang.Compiler.analyzeSeq(Compiler.java:7105)
	at clojure.lang.Compiler.analyze(Compiler.java:6789)
	at clojure.lang.Compiler.eval(Compiler.java:7174)
	at clojure.lang.Compiler.load(Compiler.java:7636)
	at clojure.lang.RT.loadResourceScript(RT.java:381)
	at clojure.lang.RT.loadResourceScript(RT.java:372)
	at clojure.lang.RT.load(RT.java:459)
	at clojure.lang.RT.load(RT.java:424)
	at clojure.core$load$fn__6839.invoke(core.clj:6126)
	at clojure.core$load.invokeStatic(core.clj:6125)
	at clojure.core$load.doInvoke(core.clj:6109)
	at clojure.lang.RestFn.invoke(RestFn.java:408)
	at clojure.lang.Var.invoke(Var.java:384)
	at clojuretab.ClojureTab.loadProgram(ClojureTab.java:544)
	at clojuretab.ClojureTab.loadSelectedPrograms(ClojureTab.java:533)
	at clojuretab.ClojureTab.access$3(ClojureTab.java:529)
	at clojuretab.ClojureTab$5.actionPerformed(ClojureTab.java:255)
	at java.desktop/javax.swing.AbstractButton.fireActionPerformed(AbstractButton.java:1967)
	at java.desktop/javax.swing.AbstractButton$Handler.actionPerformed(AbstractButton.java:2308)
	at java.desktop/javax.swing.DefaultButtonModel.fireActionPerformed(DefaultButtonModel.java:405)
	at java.desktop/javax.swing.DefaultButtonModel.setPressed(DefaultButtonModel.java:262)
	at java.desktop/javax.swing.plaf.basic.BasicButtonListener.mouseReleased(BasicButtonListener.java:279)
	at java.desktop/java.awt.AWTEventMulticaster.mouseReleased(AWTEventMulticaster.java:297)
	at java.desktop/java.awt.Component.processMouseEvent(Component.java:6632)
	at java.desktop/javax.swing.JComponent.processMouseEvent(JComponent.java:3342)
	at java.desktop/java.awt.Component.processEvent(Component.java:6397)
	at java.desktop/java.awt.Container.processEvent(Container.java:2263)
	at java.desktop/java.awt.Component.dispatchEventImpl(Component.java:5008)
	at java.desktop/java.awt.Container.dispatchEventImpl(Container.java:2321)
	at java.desktop/java.awt.Component.dispatchEvent(Component.java:4840)
	at java.desktop/java.awt.LightweightDispatcher.retargetMouseEvent(Container.java:4918)
	at java.desktop/java.awt.LightweightDispatcher.processMouseEvent(Container.java:4547)
	at java.desktop/java.awt.LightweightDispatcher.dispatchEvent(Container.java:4488)
	at java.desktop/java.awt.Container.dispatchEventImpl(Container.java:2307)
	at java.desktop/java.awt.Window.dispatchEventImpl(Window.java:2772)
	at java.desktop/java.awt.Component.dispatchEvent(Component.java:4840)
	at java.desktop/java.awt.EventQueue.dispatchEventImpl(EventQueue.java:772)
	at java.desktop/java.awt.EventQueue$4.run(EventQueue.java:721)
	at java.desktop/java.awt.EventQueue$4.run(EventQueue.java:715)
	at java.base/java.security.AccessController.doPrivileged(Native Method)
	at java.base/java.security.ProtectionDomain$JavaSecurityAccessImpl.doIntersectionPrivilege(ProtectionDomain.java:85)
	at java.base/java.security.ProtectionDomain$JavaSecurityAccessImpl.doIntersectionPrivilege(ProtectionDomain.java:95)
	at java.desktop/java.awt.EventQueue$5.run(EventQueue.java:745)
	at java.desktop/java.awt.EventQueue$5.run(EventQueue.java:743)
	at java.base/java.security.AccessController.doPrivileged(Native Method)
	at java.base/java.security.ProtectionDomain$JavaSecurityAccessImpl.doIntersectionPrivilege(ProtectionDomain.java:85)
	at java.desktop/java.awt.EventQueue.dispatchEvent(EventQueue.java:742)
	at java.desktop/java.awt.EventDispatchThread.pumpOneEventForFilters(EventDispatchThread.java:203)
	at java.desktop/java.awt.EventDispatchThread.pumpEventsForFilter(EventDispatchThread.java:124)
	at java.desktop/java.awt.EventDispatchThread.pumpEventsForHierarchy(EventDispatchThread.java:113)
	at java.desktop/java.awt.EventDispatchThread.pumpEvents(EventDispatchThread.java:109)
	at java.desktop/java.awt.EventDispatchThread.pumpEvents(EventDispatchThread.java:101)
	at java.desktop/java.awt.EventDispatchThread.run(EventDispatchThread.java:90)
Caused by: java.lang.RuntimeException: Unable to resolve symbol: Atom in this context
	at clojure.lang.Util.runtimeException(Util.java:221)
	at clojure.lang.Compiler.resolveIn(Compiler.java:7414)
	at clojure.lang.Compiler.resolve(Compiler.java:7358)
	at clojure.lang.Compiler.analyzeSymbol(Compiler.java:7319)
	at clojure.lang.Compiler.analyze(Compiler.java:6768)
	... 118 more

2019.07.27 18:54:56.216 MSK SEVERE: null -- Syntax error compiling at (clojure/mas/cloagents.clj:13:9).
	at clojure.lang.Compiler.analyze(Compiler.java:6808)
	at clojure.lang.Compiler.analyze(Compiler.java:6745)
	at clojure.lang.Compiler$HostExpr$Parser.parse(Compiler.java:1020)
	at clojure.lang.Compiler.analyzeSeq(Compiler.java:7107)
	at clojure.lang.Compiler.analyze(Compiler.java:6789)
	at clojure.lang.Compiler.analyze(Compiler.java:6745)
	at clojure.lang.Compiler.analyzeSeq(Compiler.java:7102)
	at clojure.lang.Compiler.analyze(Compiler.java:6789)
	at clojure.lang.Compiler.access$300(Compiler.java:38)
	at clojure.lang.Compiler$LetExpr$Parser.parse(Compiler.java:6384)
	at clojure.lang.Compiler.analyzeSeq(Compiler.java:7107)
	at clojure.lang.Compiler.analyze(Compiler.java:6789)
	at clojure.lang.Compiler.analyzeSeq(Compiler.java:7095)
	at clojure.lang.Compiler.analyze(Compiler.java:6789)
	at clojure.lang.Compiler.analyze(Compiler.java:6745)
	at clojure.lang.Compiler$BodyExpr$Parser.parse(Compiler.java:6120)
	at clojure.lang.Compiler$NewInstanceMethod.parse(Compiler.java:8553)
	at clojure.lang.Compiler$NewInstanceExpr.build(Compiler.java:8059)
	at clojure.lang.Compiler$NewInstanceExpr$DeftypeParser.parse(Compiler.java:7935)
	at clojure.lang.Compiler.analyzeSeq(Compiler.java:7107)
	at clojure.lang.Compiler.analyze(Compiler.java:6789)
	at clojure.lang.Compiler.analyze(Compiler.java:6745)
	at clojure.lang.Compiler$BodyExpr$Parser.parse(Compiler.java:6118)
	at clojure.lang.Compiler$LetExpr$Parser.parse(Compiler.java:6436)
	at clojure.lang.Compiler.analyzeSeq(Compiler.java:7107)
	at clojure.lang.Compiler.analyze(Compiler.java:6789)
	at clojure.lang.Compiler.analyze(Compiler.java:6745)
	at clojure.lang.Compiler$BodyExpr$Parser.parse(Compiler.java:6120)
	at clojure.lang.Compiler$FnMethod.parse(Compiler.java:5467)
	at clojure.lang.Compiler$FnExpr.parse(Compiler.java:4029)
	at clojure.lang.Compiler.analyzeSeq(Compiler.java:7105)
	at clojure.lang.Compiler.analyze(Compiler.java:6789)
	at clojure.lang.Compiler.eval(Compiler.java:7174)
	at clojure.lang.Compiler.load(Compiler.java:7636)
	at clojure.lang.RT.loadResourceScript(RT.java:381)
	at clojure.lang.RT.loadResourceScript(RT.java:372)
	at clojure.lang.RT.load(RT.java:459)
	at clojure.lang.RT.load(RT.java:424)
	at clojure.core$load$fn__6839.invoke(core.clj:6126)
	at clojure.core$load.invokeStatic(core.clj:6125)
	at clojure.core$load.doInvoke(core.clj:6109)
	at clojure.lang.RestFn.invoke(RestFn.java:408)
	at clojure.lang.Var.invoke(Var.java:384)
	at clojuretab.ClojureTab.loadProgram(ClojureTab.java:544)
	at clojuretab.ClojureTab.loadSelectedPrograms(ClojureTab.java:533)
	at clojuretab.ClojureTab.access$3(ClojureTab.java:529)
	at clojuretab.ClojureTab$5.actionPerformed(ClojureTab.java:255)
	at java.desktop/javax.swing.AbstractButton.fireActionPerformed(AbstractButton.java:1967)
	at java.desktop/javax.swing.AbstractButton$Handler.actionPerformed(AbstractButton.java:2308)
	at java.desktop/javax.swing.DefaultButtonModel.fireActionPerformed(DefaultButtonModel.java:405)
	at java.desktop/javax.swing.DefaultButtonModel.setPressed(DefaultButtonModel.java:262)
	at java.desktop/javax.swing.plaf.basic.BasicButtonListener.mouseReleased(BasicButtonListener.java:279)
	at java.desktop/java.awt.AWTEventMulticaster.mouseReleased(AWTEventMulticaster.java:297)
	at java.desktop/java.awt.Component.processMouseEvent(Component.java:6632)
	at java.desktop/javax.swing.JComponent.processMouseEvent(JComponent.java:3342)
	at java.desktop/java.awt.Component.processEvent(Component.java:6397)
	at java.desktop/java.awt.Container.processEvent(Container.java:2263)
	at java.desktop/java.awt.Component.dispatchEventImpl(Component.java:5008)
	at java.desktop/java.awt.Container.dispatchEventImpl(Container.java:2321)
	at java.desktop/java.awt.Component.dispatchEvent(Component.java:4840)
	at java.desktop/java.awt.LightweightDispatcher.retargetMouseEvent(Container.java:4918)
	at java.desktop/java.awt.LightweightDispatcher.processMouseEvent(Container.java:4547)
	at java.desktop/java.awt.LightweightDispatcher.dispatchEvent(Container.java:4488)
	at java.desktop/java.awt.Container.dispatchEventImpl(Container.java:2307)
	at java.desktop/java.awt.Window.dispatchEventImpl(Window.java:2772)
	at java.desktop/java.awt.Component.dispatchEvent(Component.java:4840)
	at java.desktop/java.awt.EventQueue.dispatchEventImpl(EventQueue.java:772)
	at java.desktop/java.awt.EventQueue$4.run(EventQueue.java:721)
	at java.desktop/java.awt.EventQueue$4.run(EventQueue.java:715)
	at java.base/java.security.AccessController.doPrivileged(Native Method)
	at java.base/java.security.ProtectionDomain$JavaSecurityAccessImpl.doIntersectionPrivilege(ProtectionDomain.java:85)
	at java.base/java.security.ProtectionDomain$JavaSecurityAccessImpl.doIntersectionPrivilege(ProtectionDomain.java:95)
	at java.desktop/java.awt.EventQueue$5.run(EventQueue.java:745)
	at java.desktop/java.awt.EventQueue$5.run(EventQueue.java:743)
	at java.base/java.security.AccessController.doPrivileged(Native Method)
	at java.base/java.security.ProtectionDomain$JavaSecurityAccessImpl.doIntersectionPrivilege(ProtectionDomain.java:85)
	at java.desktop/java.awt.EventQueue.dispatchEvent(EventQueue.java:742)
	at java.desktop/java.awt.EventDispatchThread.pumpOneEventForFilters(EventDispatchThread.java:203)
	at java.desktop/java.awt.EventDispatchThread.pumpEventsForFilter(EventDispatchThread.java:124)
	at java.desktop/java.awt.EventDispatchThread.pumpEventsForHierarchy(EventDispatchThread.java:113)
	at java.desktop/java.awt.EventDispatchThread.pumpEvents(EventDispatchThread.java:109)
	at java.desktop/java.awt.EventDispatchThread.pumpEvents(EventDispatchThread.java:101)
	at java.desktop/java.awt.EventDispatchThread.run(EventDispatchThread.java:90)
Caused by: java.lang.RuntimeException: Unable to resolve symbol: x in this context
	at clojure.lang.Util.runtimeException(Util.java:221)
	at clojure.lang.Compiler.resolveIn(Compiler.java:7414)
	at clojure.lang.Compiler.resolve(Compiler.java:7358)
	at clojure.lang.Compiler.analyzeSymbol(Compiler.java:7319)
	at clojure.lang.Compiler.analyze(Compiler.java:6768)
	... 82 more

2019.07.27 19:26:47.158 MSK SEVERE: null -- Syntax error reading source at (clojure/mas/cloagents.clj:30:32).
	at clojure.lang.Compiler.load(Compiler.java:7643)
	at clojure.lang.RT.loadResourceScript(RT.java:381)
	at clojure.lang.RT.loadResourceScript(RT.java:372)
	at clojure.lang.RT.load(RT.java:459)
	at clojure.lang.RT.load(RT.java:424)
	at clojure.core$load$fn__6839.invoke(core.clj:6126)
	at clojure.core$load.invokeStatic(core.clj:6125)
	at clojure.core$load.doInvoke(core.clj:6109)
	at clojure.lang.RestFn.invoke(RestFn.java:408)
	at clojure.lang.Var.invoke(Var.java:384)
	at clojuretab.ClojureTab.loadProgram(ClojureTab.java:544)
	at clojuretab.ClojureTab.loadSelectedPrograms(ClojureTab.java:533)
	at clojuretab.ClojureTab.access$3(ClojureTab.java:529)
	at clojuretab.ClojureTab$5.actionPerformed(ClojureTab.java:255)
	at java.desktop/javax.swing.AbstractButton.fireActionPerformed(AbstractButton.java:1967)
	at java.desktop/javax.swing.AbstractButton$Handler.actionPerformed(AbstractButton.java:2308)
	at java.desktop/javax.swing.DefaultButtonModel.fireActionPerformed(DefaultButtonModel.java:405)
	at java.desktop/javax.swing.DefaultButtonModel.setPressed(DefaultButtonModel.java:262)
	at java.desktop/javax.swing.plaf.basic.BasicButtonListener.mouseReleased(BasicButtonListener.java:279)
	at java.desktop/java.awt.AWTEventMulticaster.mouseReleased(AWTEventMulticaster.java:297)
	at java.desktop/java.awt.Component.processMouseEvent(Component.java:6632)
	at java.desktop/javax.swing.JComponent.processMouseEvent(JComponent.java:3342)
	at java.desktop/java.awt.Component.processEvent(Component.java:6397)
	at java.desktop/java.awt.Container.processEvent(Container.java:2263)
	at java.desktop/java.awt.Component.dispatchEventImpl(Component.java:5008)
	at java.desktop/java.awt.Container.dispatchEventImpl(Container.java:2321)
	at java.desktop/java.awt.Component.dispatchEvent(Component.java:4840)
	at java.desktop/java.awt.LightweightDispatcher.retargetMouseEvent(Container.java:4918)
	at java.desktop/java.awt.LightweightDispatcher.processMouseEvent(Container.java:4547)
	at java.desktop/java.awt.LightweightDispatcher.dispatchEvent(Container.java:4488)
	at java.desktop/java.awt.Container.dispatchEventImpl(Container.java:2307)
	at java.desktop/java.awt.Window.dispatchEventImpl(Window.java:2772)
	at java.desktop/java.awt.Component.dispatchEvent(Component.java:4840)
	at java.desktop/java.awt.EventQueue.dispatchEventImpl(EventQueue.java:772)
	at java.desktop/java.awt.EventQueue$4.run(EventQueue.java:721)
	at java.desktop/java.awt.EventQueue$4.run(EventQueue.java:715)
	at java.base/java.security.AccessController.doPrivileged(Native Method)
	at java.base/java.security.ProtectionDomain$JavaSecurityAccessImpl.doIntersectionPrivilege(ProtectionDomain.java:85)
	at java.base/java.security.ProtectionDomain$JavaSecurityAccessImpl.doIntersectionPrivilege(ProtectionDomain.java:95)
	at java.desktop/java.awt.EventQueue$5.run(EventQueue.java:745)
	at java.desktop/java.awt.EventQueue$5.run(EventQueue.java:743)
	at java.base/java.security.AccessController.doPrivileged(Native Method)
	at java.base/java.security.ProtectionDomain$JavaSecurityAccessImpl.doIntersectionPrivilege(ProtectionDomain.java:85)
	at java.desktop/java.awt.EventQueue.dispatchEvent(EventQueue.java:742)
	at java.desktop/java.awt.EventDispatchThread.pumpOneEventForFilters(EventDispatchThread.java:203)
	at java.desktop/java.awt.EventDispatchThread.pumpEventsForFilter(EventDispatchThread.java:124)
	at java.desktop/java.awt.EventDispatchThread.pumpEventsForHierarchy(EventDispatchThread.java:113)
	at java.desktop/java.awt.EventDispatchThread.pumpEvents(EventDispatchThread.java:109)
	at java.desktop/java.awt.EventDispatchThread.pumpEvents(EventDispatchThread.java:101)
	at java.desktop/java.awt.EventDispatchThread.run(EventDispatchThread.java:90)
Caused by: java.lang.RuntimeException: Unmatched delimiter: ]
	at clojure.lang.Util.runtimeException(Util.java:221)
	at clojure.lang.LispReader$UnmatchedDelimiterReader.invoke(LispReader.java:1373)
	at clojure.lang.LispReader.read(LispReader.java:285)
	at clojure.lang.LispReader.readDelimitedList(LispReader.java:1398)
	at clojure.lang.LispReader$ListReader.invoke(LispReader.java:1243)
	at clojure.lang.LispReader.read(LispReader.java:285)
	at clojure.lang.LispReader.readDelimitedList(LispReader.java:1398)
	at clojure.lang.LispReader$VectorReader.invoke(LispReader.java:1347)
	at clojure.lang.LispReader.read(LispReader.java:285)
	at clojure.lang.LispReader.readDelimitedList(LispReader.java:1398)
	at clojure.lang.LispReader$ListReader.invoke(LispReader.java:1243)
	at clojure.lang.LispReader.read(LispReader.java:285)
	at clojure.lang.LispReader.readDelimitedList(LispReader.java:1398)
	at clojure.lang.LispReader$ListReader.invoke(LispReader.java:1243)
	at clojure.lang.LispReader.read(LispReader.java:285)
	at clojure.lang.LispReader.readDelimitedList(LispReader.java:1398)
	at clojure.lang.LispReader$ListReader.invoke(LispReader.java:1243)
	at clojure.lang.LispReader.read(LispReader.java:285)
	at clojure.lang.LispReader.readDelimitedList(LispReader.java:1398)
	at clojure.lang.LispReader$ListReader.invoke(LispReader.java:1243)
	at clojure.lang.LispReader.read(LispReader.java:285)
	at clojure.lang.LispReader.readDelimitedList(LispReader.java:1398)
	at clojure.lang.LispReader$ListReader.invoke(LispReader.java:1243)
	at clojure.lang.LispReader.read(LispReader.java:285)
	at clojure.lang.LispReader.read(LispReader.java:216)
	at clojure.lang.Compiler.load(Compiler.java:7631)
	... 49 more

