2018.02.09 11:06:03.507 MSK INFO: *** SYSTEM START *** -- SystemUtilities.logSystemInfo()
2018.02.09 11:06:03.552 MSK CONFIG: Protege 3.5 Build 663, JVM 1.8.0_31-b13, memory=1908M, Mac OS X, encoding=UTF-8, language=en, country=US -- SystemUtilities.logSystemInfo()
2018.02.09 11:06:06.323 MSK CONFIG: Loaded plugin clojuretab -- PluginUtilities.logClassLoaderInformation()
2018.02.09 11:06:06.395 MSK CONFIG: Loaded plugin edu.stanford.smi.protegex.standard_extensions - Graph Widget, Table Widget -- PluginUtilities.logClassLoaderInformation()
2018.02.09 11:06:06.782 MSK CONFIG: Loaded plugin ru.igis.omtab -- PluginUtilities.logClassLoaderInformation()
2018.02.09 11:06:14.784 MSK WARNING: missing bundle: protege_text -- BundleHelper.<init>()
2018.02.09 11:06:36.813 MSK INFO: Load time for file:/Users/ru/clojure/simpro-scene/pprj_base/Cezium.pprj = 2 sec (project) + 8 sec (ui) -- ProjectManager$3.run()
2018.02.09 17:51:56.968 MSK SEVERE: null -- clojure.lang.ExceptionInfo: failed compiling file:src/cljs/view3d/client.cljs {:file #object[java.io.File 0x4e617b73 "src/cljs/view3d/client.cljs"]}
	at clojure.core$ex_info.invokeStatic(core.clj:4739)
	at clojure.core$ex_info.invoke(core.clj:4739)
	at cljs.compiler$compile_file$fn__4906.invoke(compiler.cljc:1552)
	at cljs.compiler$compile_file.invokeStatic(compiler.cljc:1513)
	at cljs.compiler$compile_file.invoke(compiler.cljc:1489)
	at cljs.closure$compile_file.invokeStatic(closure.clj:540)
	at cljs.closure$compile_file.invoke(closure.clj:531)
	at cljs.closure$eval7161$fn__7162.invoke(closure.clj:609)
	at cljs.closure$eval7097$fn__7098$G__7086__7105.invoke(closure.clj:493)
	at cljs.closure$compile_sources$iter__7285__7289$fn__7290.invoke(closure.clj:954)
	at clojure.lang.LazySeq.sval(LazySeq.java:40)
	at clojure.lang.LazySeq.seq(LazySeq.java:49)
	at clojure.lang.Cons.next(Cons.java:39)
	at clojure.lang.RT.next(RT.java:706)
	at clojure.core$next__5108.invokeStatic(core.clj:64)
	at clojure.core$dorun.invokeStatic(core.clj:3134)
	at clojure.core$doall.invokeStatic(core.clj:3140)
	at clojure.core$doall.invoke(core.clj:3140)
	at cljs.closure$compile_sources.invokeStatic(closure.clj:950)
	at cljs.closure$compile_sources.invoke(closure.clj:939)
	at cljs.closure$build.invokeStatic(closure.clj:2596)
	at cljs.closure$build.invoke(closure.clj:2507)
	at cljs.build.api$build.invokeStatic(api.clj:205)
	at cljs.build.api$build.invoke(api.clj:189)
	at cljs.build.api$build.invokeStatic(api.clj:192)
	at cljs.build.api$build.invoke(api.clj:189)
	at cljs.compile$build.invokeStatic(compile.clj:70)
	at cljs.compile$build.invoke(compile.clj:43)
	at clojure.lang.Var.invoke(Var.java:385)
	at clojuretab.ClojureTab.invoke(ClojureTab.java:700)
	at clojuretab.ClojureActionButton$1.actionPerformed(ClojureActionButton.java:53)
	at javax.swing.AbstractButton.fireActionPerformed(AbstractButton.java:2022)
	at javax.swing.AbstractButton$Handler.actionPerformed(AbstractButton.java:2346)
	at javax.swing.DefaultButtonModel.fireActionPerformed(DefaultButtonModel.java:402)
	at javax.swing.DefaultButtonModel.setPressed(DefaultButtonModel.java:259)
	at javax.swing.plaf.basic.BasicButtonListener.mouseReleased(BasicButtonListener.java:252)
	at java.awt.Component.processMouseEvent(Component.java:6525)
	at javax.swing.JComponent.processMouseEvent(JComponent.java:3322)
	at java.awt.Component.processEvent(Component.java:6290)
	at java.awt.Container.processEvent(Container.java:2234)
	at java.awt.Component.dispatchEventImpl(Component.java:4881)
	at java.awt.Container.dispatchEventImpl(Container.java:2292)
	at java.awt.Component.dispatchEvent(Component.java:4703)
	at java.awt.LightweightDispatcher.retargetMouseEvent(Container.java:4898)
	at java.awt.LightweightDispatcher.processMouseEvent(Container.java:4533)
	at java.awt.LightweightDispatcher.dispatchEvent(Container.java:4462)
	at java.awt.Container.dispatchEventImpl(Container.java:2278)
	at java.awt.Window.dispatchEventImpl(Window.java:2739)
	at java.awt.Component.dispatchEvent(Component.java:4703)
	at java.awt.EventQueue.dispatchEventImpl(EventQueue.java:751)
	at java.awt.EventQueue.access$500(EventQueue.java:97)
	at java.awt.EventQueue$3.run(EventQueue.java:702)
	at java.awt.EventQueue$3.run(EventQueue.java:696)
	at java.security.AccessController.doPrivileged(Native Method)
	at java.security.ProtectionDomain$1.doIntersectionPrivilege(ProtectionDomain.java:75)
	at java.security.ProtectionDomain$1.doIntersectionPrivilege(ProtectionDomain.java:86)
	at java.awt.EventQueue$4.run(EventQueue.java:724)
	at java.awt.EventQueue$4.run(EventQueue.java:722)
	at java.security.AccessController.doPrivileged(Native Method)
	at java.security.ProtectionDomain$1.doIntersectionPrivilege(ProtectionDomain.java:75)
	at java.awt.EventQueue.dispatchEvent(EventQueue.java:721)
	at java.awt.EventDispatchThread.pumpOneEventForFilters(EventDispatchThread.java:201)
	at java.awt.EventDispatchThread.pumpEventsForFilter(EventDispatchThread.java:116)
	at java.awt.EventDispatchThread.pumpEventsForHierarchy(EventDispatchThread.java:105)
	at java.awt.EventDispatchThread.pumpEvents(EventDispatchThread.java:101)
	at java.awt.EventDispatchThread.pumpEvents(EventDispatchThread.java:93)
	at java.awt.EventDispatchThread.run(EventDispatchThread.java:82)
Caused by: clojure.lang.ExceptionInfo: /Users/ru/clojure/simpro-scene/src/cljs/view3d/client.cljs [line 140, col 38] Unexpected EOF while reading item 6 of list, starting at line 131 and column 1. {:type :reader-exception, :ex-kind :eof, :file "/Users/ru/clojure/simpro-scene/src/cljs/view3d/client.cljs", :line 140, :col 38}
	at clojure.core$ex_info.invokeStatic(core.clj:4739)
	at clojure.core$ex_info.invoke(core.clj:4739)
	at clojure.tools.reader.impl.errors$throw_ex.invokeStatic(errors.clj:34)
	at clojure.tools.reader.impl.errors$throw_ex.doInvoke(errors.clj:24)
	at clojure.lang.RestFn.invoke(RestFn.java:442)
	at clojure.tools.reader.impl.errors$eof_error.invokeStatic(errors.clj:46)
	at clojure.tools.reader.impl.errors$eof_error.doInvoke(errors.clj:42)
	at clojure.lang.RestFn.invoke(RestFn.java:516)
	at clojure.tools.reader.impl.errors$throw_eof_delimited.invokeStatic(errors.clj:57)
	at clojure.tools.reader.impl.errors$throw_eof_delimited.invoke(errors.clj:54)
	at clojure.tools.reader$read_delimited.invokeStatic(reader.clj:200)
	at clojure.tools.reader$read_delimited.invoke(reader.clj:189)
	at clojure.tools.reader$read_list.invokeStatic(reader.clj:207)
	at clojure.tools.reader$read_list.invoke(reader.clj:203)
	at clojure.tools.reader$read_STAR_.invokeStatic(reader.clj:924)
	at clojure.tools.reader$read_STAR_.invoke(reader.clj:905)
	at clojure.tools.reader$read.invokeStatic(reader.clj:973)
	at clojure.tools.reader$read.invoke(reader.clj:950)
	at cljs.analyzer$forms_seq_STAR_$forms_seq___3632$fn__3633$fn__3634.invoke(analyzer.cljc:3666)
	at cljs.analyzer$forms_seq_STAR_$forms_seq___3632$fn__3633.invoke(analyzer.cljc:3659)
	at clojure.lang.LazySeq.sval(LazySeq.java:40)
	at clojure.lang.LazySeq.seq(LazySeq.java:49)
	at clojure.lang.RT.seq(RT.java:528)
	at clojure.core$seq__5124.invokeStatic(core.clj:137)
	at clojure.core$seq__5124.invoke(core.clj:137)
	at cljs.compiler$emit_source.invokeStatic(compiler.cljc:1375)
	at cljs.compiler$emit_source.invoke(compiler.cljc:1356)
	at cljs.compiler$compile_file_STAR_$fn__4875.invoke(compiler.cljc:1456)
	at cljs.compiler$with_core_cljs.invokeStatic(compiler.cljc:1271)
	at cljs.compiler$with_core_cljs.invoke(compiler.cljc:1260)
	at cljs.compiler$compile_file_STAR_.invokeStatic(compiler.cljc:1441)
	at cljs.compiler$compile_file_STAR_.invoke(compiler.cljc:1434)
	at cljs.compiler$compile_file$fn__4906.invoke(compiler.cljc:1538)
	... 64 more

2018.02.09 17:53:33.455 MSK SEVERE: null -- clojure.lang.ExceptionInfo: failed compiling file:src/cljs/view3d/client.cljs {:file #object[java.io.File 0x7cc3116a "src/cljs/view3d/client.cljs"]}
	at clojure.core$ex_info.invokeStatic(core.clj:4739)
	at clojure.core$ex_info.invoke(core.clj:4739)
	at cljs.compiler$compile_file$fn__4906.invoke(compiler.cljc:1552)
	at cljs.compiler$compile_file.invokeStatic(compiler.cljc:1513)
	at cljs.compiler$compile_file.invoke(compiler.cljc:1489)
	at cljs.closure$compile_file.invokeStatic(closure.clj:540)
	at cljs.closure$compile_file.invoke(closure.clj:531)
	at cljs.closure$eval7161$fn__7162.invoke(closure.clj:609)
	at cljs.closure$eval7097$fn__7098$G__7086__7105.invoke(closure.clj:493)
	at cljs.closure$compile_sources$iter__7285__7289$fn__7290.invoke(closure.clj:954)
	at clojure.lang.LazySeq.sval(LazySeq.java:40)
	at clojure.lang.LazySeq.seq(LazySeq.java:49)
	at clojure.lang.Cons.next(Cons.java:39)
	at clojure.lang.RT.next(RT.java:706)
	at clojure.core$next__5108.invokeStatic(core.clj:64)
	at clojure.core$dorun.invokeStatic(core.clj:3134)
	at clojure.core$doall.invokeStatic(core.clj:3140)
	at clojure.core$doall.invoke(core.clj:3140)
	at cljs.closure$compile_sources.invokeStatic(closure.clj:950)
	at cljs.closure$compile_sources.invoke(closure.clj:939)
	at cljs.closure$build.invokeStatic(closure.clj:2596)
	at cljs.closure$build.invoke(closure.clj:2507)
	at cljs.build.api$build.invokeStatic(api.clj:205)
	at cljs.build.api$build.invoke(api.clj:189)
	at cljs.build.api$build.invokeStatic(api.clj:192)
	at cljs.build.api$build.invoke(api.clj:189)
	at cljs.compile$build.invokeStatic(compile.clj:70)
	at cljs.compile$build.invoke(compile.clj:43)
	at clojure.lang.Var.invoke(Var.java:385)
	at clojuretab.ClojureTab.invoke(ClojureTab.java:700)
	at clojuretab.ClojureActionButton$1.actionPerformed(ClojureActionButton.java:53)
	at javax.swing.AbstractButton.fireActionPerformed(AbstractButton.java:2022)
	at javax.swing.AbstractButton$Handler.actionPerformed(AbstractButton.java:2346)
	at javax.swing.DefaultButtonModel.fireActionPerformed(DefaultButtonModel.java:402)
	at javax.swing.DefaultButtonModel.setPressed(DefaultButtonModel.java:259)
	at javax.swing.plaf.basic.BasicButtonListener.mouseReleased(BasicButtonListener.java:252)
	at java.awt.Component.processMouseEvent(Component.java:6525)
	at javax.swing.JComponent.processMouseEvent(JComponent.java:3322)
	at java.awt.Component.processEvent(Component.java:6290)
	at java.awt.Container.processEvent(Container.java:2234)
	at java.awt.Component.dispatchEventImpl(Component.java:4881)
	at java.awt.Container.dispatchEventImpl(Container.java:2292)
	at java.awt.Component.dispatchEvent(Component.java:4703)
	at java.awt.LightweightDispatcher.retargetMouseEvent(Container.java:4898)
	at java.awt.LightweightDispatcher.processMouseEvent(Container.java:4533)
	at java.awt.LightweightDispatcher.dispatchEvent(Container.java:4462)
	at java.awt.Container.dispatchEventImpl(Container.java:2278)
	at java.awt.Window.dispatchEventImpl(Window.java:2739)
	at java.awt.Component.dispatchEvent(Component.java:4703)
	at java.awt.EventQueue.dispatchEventImpl(EventQueue.java:751)
	at java.awt.EventQueue.access$500(EventQueue.java:97)
	at java.awt.EventQueue$3.run(EventQueue.java:702)
	at java.awt.EventQueue$3.run(EventQueue.java:696)
	at java.security.AccessController.doPrivileged(Native Method)
	at java.security.ProtectionDomain$1.doIntersectionPrivilege(ProtectionDomain.java:75)
	at java.security.ProtectionDomain$1.doIntersectionPrivilege(ProtectionDomain.java:86)
	at java.awt.EventQueue$4.run(EventQueue.java:724)
	at java.awt.EventQueue$4.run(EventQueue.java:722)
	at java.security.AccessController.doPrivileged(Native Method)
	at java.security.ProtectionDomain$1.doIntersectionPrivilege(ProtectionDomain.java:75)
	at java.awt.EventQueue.dispatchEvent(EventQueue.java:721)
	at java.awt.EventDispatchThread.pumpOneEventForFilters(EventDispatchThread.java:201)
	at java.awt.EventDispatchThread.pumpEventsForFilter(EventDispatchThread.java:116)
	at java.awt.EventDispatchThread.pumpEventsForHierarchy(EventDispatchThread.java:105)
	at java.awt.EventDispatchThread.pumpEvents(EventDispatchThread.java:101)
	at java.awt.EventDispatchThread.pumpEvents(EventDispatchThread.java:93)
	at java.awt.EventDispatchThread.run(EventDispatchThread.java:82)
Caused by: clojure.lang.ExceptionInfo: /Users/ru/clojure/simpro-scene/src/cljs/view3d/client.cljs [line 140, col 38] Unexpected EOF while reading item 6 of list, starting at line 131 and column 1. {:type :reader-exception, :ex-kind :eof, :file "/Users/ru/clojure/simpro-scene/src/cljs/view3d/client.cljs", :line 140, :col 38}
	at clojure.core$ex_info.invokeStatic(core.clj:4739)
	at clojure.core$ex_info.invoke(core.clj:4739)
	at clojure.tools.reader.impl.errors$throw_ex.invokeStatic(errors.clj:34)
	at clojure.tools.reader.impl.errors$throw_ex.doInvoke(errors.clj:24)
	at clojure.lang.RestFn.invoke(RestFn.java:442)
	at clojure.tools.reader.impl.errors$eof_error.invokeStatic(errors.clj:46)
	at clojure.tools.reader.impl.errors$eof_error.doInvoke(errors.clj:42)
	at clojure.lang.RestFn.invoke(RestFn.java:516)
	at clojure.tools.reader.impl.errors$throw_eof_delimited.invokeStatic(errors.clj:57)
	at clojure.tools.reader.impl.errors$throw_eof_delimited.invoke(errors.clj:54)
	at clojure.tools.reader$read_delimited.invokeStatic(reader.clj:200)
	at clojure.tools.reader$read_delimited.invoke(reader.clj:189)
	at clojure.tools.reader$read_list.invokeStatic(reader.clj:207)
	at clojure.tools.reader$read_list.invoke(reader.clj:203)
	at clojure.tools.reader$read_STAR_.invokeStatic(reader.clj:924)
	at clojure.tools.reader$read_STAR_.invoke(reader.clj:905)
	at clojure.tools.reader$read.invokeStatic(reader.clj:973)
	at clojure.tools.reader$read.invoke(reader.clj:950)
	at cljs.analyzer$forms_seq_STAR_$forms_seq___3632$fn__3633$fn__3634.invoke(analyzer.cljc:3666)
	at cljs.analyzer$forms_seq_STAR_$forms_seq___3632$fn__3633.invoke(analyzer.cljc:3659)
	at clojure.lang.LazySeq.sval(LazySeq.java:40)
	at clojure.lang.LazySeq.seq(LazySeq.java:49)
	at clojure.lang.RT.seq(RT.java:528)
	at clojure.core$seq__5124.invokeStatic(core.clj:137)
	at clojure.core$seq__5124.invoke(core.clj:137)
	at cljs.compiler$emit_source.invokeStatic(compiler.cljc:1375)
	at cljs.compiler$emit_source.invoke(compiler.cljc:1356)
	at cljs.compiler$compile_file_STAR_$fn__4875.invoke(compiler.cljc:1456)
	at cljs.compiler$with_core_cljs.invokeStatic(compiler.cljc:1271)
	at cljs.compiler$with_core_cljs.invoke(compiler.cljc:1260)
	at cljs.compiler$compile_file_STAR_.invokeStatic(compiler.cljc:1441)
	at cljs.compiler$compile_file_STAR_.invoke(compiler.cljc:1434)
	at cljs.compiler$compile_file$fn__4906.invoke(compiler.cljc:1538)
	... 64 more

2018.02.09 17:54:46.033 MSK SEVERE: null -- clojure.lang.ExceptionInfo: failed compiling file:src/cljs/view3d/client.cljs {:file #object[java.io.File 0x4a98c4d6 "src/cljs/view3d/client.cljs"]}
	at clojure.core$ex_info.invokeStatic(core.clj:4739)
	at clojure.core$ex_info.invoke(core.clj:4739)
	at cljs.compiler$compile_file$fn__4906.invoke(compiler.cljc:1552)
	at cljs.compiler$compile_file.invokeStatic(compiler.cljc:1513)
	at cljs.compiler$compile_file.invoke(compiler.cljc:1489)
	at cljs.closure$compile_file.invokeStatic(closure.clj:540)
	at cljs.closure$compile_file.invoke(closure.clj:531)
	at cljs.closure$eval7161$fn__7162.invoke(closure.clj:609)
	at cljs.closure$eval7097$fn__7098$G__7086__7105.invoke(closure.clj:493)
	at cljs.closure$compile_sources$iter__7285__7289$fn__7290.invoke(closure.clj:954)
	at clojure.lang.LazySeq.sval(LazySeq.java:40)
	at clojure.lang.LazySeq.seq(LazySeq.java:49)
	at clojure.lang.Cons.next(Cons.java:39)
	at clojure.lang.RT.next(RT.java:706)
	at clojure.core$next__5108.invokeStatic(core.clj:64)
	at clojure.core$dorun.invokeStatic(core.clj:3134)
	at clojure.core$doall.invokeStatic(core.clj:3140)
	at clojure.core$doall.invoke(core.clj:3140)
	at cljs.closure$compile_sources.invokeStatic(closure.clj:950)
	at cljs.closure$compile_sources.invoke(closure.clj:939)
	at cljs.closure$build.invokeStatic(closure.clj:2596)
	at cljs.closure$build.invoke(closure.clj:2507)
	at cljs.build.api$build.invokeStatic(api.clj:205)
	at cljs.build.api$build.invoke(api.clj:189)
	at cljs.build.api$build.invokeStatic(api.clj:192)
	at cljs.build.api$build.invoke(api.clj:189)
	at cljs.compile$build.invokeStatic(compile.clj:70)
	at cljs.compile$build.invoke(compile.clj:43)
	at clojure.lang.Var.invoke(Var.java:385)
	at clojuretab.ClojureTab.invoke(ClojureTab.java:700)
	at clojuretab.ClojureActionButton$1.actionPerformed(ClojureActionButton.java:53)
	at javax.swing.AbstractButton.fireActionPerformed(AbstractButton.java:2022)
	at javax.swing.AbstractButton$Handler.actionPerformed(AbstractButton.java:2346)
	at javax.swing.DefaultButtonModel.fireActionPerformed(DefaultButtonModel.java:402)
	at javax.swing.DefaultButtonModel.setPressed(DefaultButtonModel.java:259)
	at javax.swing.plaf.basic.BasicButtonListener.mouseReleased(BasicButtonListener.java:252)
	at java.awt.Component.processMouseEvent(Component.java:6525)
	at javax.swing.JComponent.processMouseEvent(JComponent.java:3322)
	at java.awt.Component.processEvent(Component.java:6290)
	at java.awt.Container.processEvent(Container.java:2234)
	at java.awt.Component.dispatchEventImpl(Component.java:4881)
	at java.awt.Container.dispatchEventImpl(Container.java:2292)
	at java.awt.Component.dispatchEvent(Component.java:4703)
	at java.awt.LightweightDispatcher.retargetMouseEvent(Container.java:4898)
	at java.awt.LightweightDispatcher.processMouseEvent(Container.java:4533)
	at java.awt.LightweightDispatcher.dispatchEvent(Container.java:4462)
	at java.awt.Container.dispatchEventImpl(Container.java:2278)
	at java.awt.Window.dispatchEventImpl(Window.java:2739)
	at java.awt.Component.dispatchEvent(Component.java:4703)
	at java.awt.EventQueue.dispatchEventImpl(EventQueue.java:751)
	at java.awt.EventQueue.access$500(EventQueue.java:97)
	at java.awt.EventQueue$3.run(EventQueue.java:702)
	at java.awt.EventQueue$3.run(EventQueue.java:696)
	at java.security.AccessController.doPrivileged(Native Method)
	at java.security.ProtectionDomain$1.doIntersectionPrivilege(ProtectionDomain.java:75)
	at java.security.ProtectionDomain$1.doIntersectionPrivilege(ProtectionDomain.java:86)
	at java.awt.EventQueue$4.run(EventQueue.java:724)
	at java.awt.EventQueue$4.run(EventQueue.java:722)
	at java.security.AccessController.doPrivileged(Native Method)
	at java.security.ProtectionDomain$1.doIntersectionPrivilege(ProtectionDomain.java:75)
	at java.awt.EventQueue.dispatchEvent(EventQueue.java:721)
	at java.awt.EventDispatchThread.pumpOneEventForFilters(EventDispatchThread.java:201)
	at java.awt.EventDispatchThread.pumpEventsForFilter(EventDispatchThread.java:116)
	at java.awt.EventDispatchThread.pumpEventsForHierarchy(EventDispatchThread.java:105)
	at java.awt.EventDispatchThread.pumpEvents(EventDispatchThread.java:101)
	at java.awt.EventDispatchThread.pumpEvents(EventDispatchThread.java:93)
	at java.awt.EventDispatchThread.run(EventDispatchThread.java:82)
Caused by: clojure.lang.ExceptionInfo: /Users/ru/clojure/simpro-scene/src/cljs/view3d/client.cljs [line 140, col 38] Unexpected EOF while reading item 6 of list, starting at line 131 and column 1. {:type :reader-exception, :ex-kind :eof, :file "/Users/ru/clojure/simpro-scene/src/cljs/view3d/client.cljs", :line 140, :col 38}
	at clojure.core$ex_info.invokeStatic(core.clj:4739)
	at clojure.core$ex_info.invoke(core.clj:4739)
	at clojure.tools.reader.impl.errors$throw_ex.invokeStatic(errors.clj:34)
	at clojure.tools.reader.impl.errors$throw_ex.doInvoke(errors.clj:24)
	at clojure.lang.RestFn.invoke(RestFn.java:442)
	at clojure.tools.reader.impl.errors$eof_error.invokeStatic(errors.clj:46)
	at clojure.tools.reader.impl.errors$eof_error.doInvoke(errors.clj:42)
	at clojure.lang.RestFn.invoke(RestFn.java:516)
	at clojure.tools.reader.impl.errors$throw_eof_delimited.invokeStatic(errors.clj:57)
	at clojure.tools.reader.impl.errors$throw_eof_delimited.invoke(errors.clj:54)
	at clojure.tools.reader$read_delimited.invokeStatic(reader.clj:200)
	at clojure.tools.reader$read_delimited.invoke(reader.clj:189)
	at clojure.tools.reader$read_list.invokeStatic(reader.clj:207)
	at clojure.tools.reader$read_list.invoke(reader.clj:203)
	at clojure.tools.reader$read_STAR_.invokeStatic(reader.clj:924)
	at clojure.tools.reader$read_STAR_.invoke(reader.clj:905)
	at clojure.tools.reader$read.invokeStatic(reader.clj:973)
	at clojure.tools.reader$read.invoke(reader.clj:950)
	at cljs.analyzer$forms_seq_STAR_$forms_seq___3632$fn__3633$fn__3634.invoke(analyzer.cljc:3666)
	at cljs.analyzer$forms_seq_STAR_$forms_seq___3632$fn__3633.invoke(analyzer.cljc:3659)
	at clojure.lang.LazySeq.sval(LazySeq.java:40)
	at clojure.lang.LazySeq.seq(LazySeq.java:49)
	at clojure.lang.RT.seq(RT.java:528)
	at clojure.core$seq__5124.invokeStatic(core.clj:137)
	at clojure.core$seq__5124.invoke(core.clj:137)
	at cljs.compiler$emit_source.invokeStatic(compiler.cljc:1375)
	at cljs.compiler$emit_source.invoke(compiler.cljc:1356)
	at cljs.compiler$compile_file_STAR_$fn__4875.invoke(compiler.cljc:1456)
	at cljs.compiler$with_core_cljs.invokeStatic(compiler.cljc:1271)
	at cljs.compiler$with_core_cljs.invoke(compiler.cljc:1260)
	at cljs.compiler$compile_file_STAR_.invokeStatic(compiler.cljc:1441)
	at cljs.compiler$compile_file_STAR_.invoke(compiler.cljc:1434)
	at cljs.compiler$compile_file$fn__4906.invoke(compiler.cljc:1538)
	... 64 more

