2018.02.02 11:18:15.158 MSK INFO: *** SYSTEM START *** -- SystemUtilities.logSystemInfo()
2018.02.02 11:18:15.162 MSK CONFIG: Protege 3.5 Build 663, JVM 1.8.0_31-b13, memory=1908M, Mac OS X, encoding=UTF-8, language=en, country=US -- SystemUtilities.logSystemInfo()
2018.02.02 11:18:15.862 MSK CONFIG: Loaded plugin clojuretab -- PluginUtilities.logClassLoaderInformation()
2018.02.02 11:18:15.902 MSK CONFIG: Loaded plugin edu.stanford.smi.protegex.standard_extensions - Graph Widget, Table Widget -- PluginUtilities.logClassLoaderInformation()
2018.02.02 11:18:16.017 MSK CONFIG: Loaded plugin ru.igis.omtab -- PluginUtilities.logClassLoaderInformation()
2018.02.02 11:18:17.564 MSK WARNING: missing bundle: protege_text -- BundleHelper.<init>()
2018.02.02 11:18:25.299 MSK INFO: Loaded 5000 instances: ScenarioN_ProjectKB_Class72402 -- Parser.getInstance()
2018.02.02 11:18:25.304 MSK INFO: Loaded 6000 instances: ScenarioN_ProjectKB_Class83402 -- Parser.getInstance()
2018.02.02 11:18:25.321 MSK INFO: Set type on 5000 instances: ScenarioN_ProjectKB_Class83072 -- Parser.getInstance()
2018.02.02 11:18:25.339 MSK INFO: Set type on 6000 instances: ScenarioN_ProjectKB_Class84072 -- Parser.getInstance()
2018.02.02 11:18:36.845 MSK INFO: Load time for file:/Users/ru/clojure/simpro-scene/pprj_examples/BrigBern.pprj = 2 sec (project) + 9 sec (ui) -- ProjectManager$3.run()
2018.02.02 14:33:27.951 MSK INFO: Project load time for file:/Users/ru/clojure/simpro-scene/pprj_base/Cezium.pprj: 0 sec -- ProjectChooser.loadProject()
2018.02.02 14:33:29.004 MSK INFO: UI display time = 1 sec -- ProjectManager$2.run()
2018.02.02 14:34:08.282 MSK INFO: Loaded 5000 instances: ScenarioN_ProjectKB_Class72402 -- Parser.getInstance()
2018.02.02 14:34:08.301 MSK INFO: Loaded 6000 instances: ScenarioN_ProjectKB_Class83402 -- Parser.getInstance()
2018.02.02 14:34:08.321 MSK INFO: Set type on 5000 instances: ScenarioN_ProjectKB_Class83072 -- Parser.getInstance()
2018.02.02 14:34:08.348 MSK INFO: Set type on 6000 instances: ScenarioN_ProjectKB_Class84072 -- Parser.getInstance()
2018.02.02 14:34:09.577 MSK INFO: Project load time for file:/Users/ru/clojure/simpro-scene/pprj_base/Scenario.pprj: 1 sec -- ProjectChooser.loadProject()
2018.02.02 14:34:10.398 MSK INFO: UI display time = 0 sec -- ProjectManager$2.run()
2018.02.02 14:34:59.963 MSK INFO: Loaded 5000 instances: ScenarioN_ProjectKB_Class72402 -- Parser.getInstance()
2018.02.02 14:34:59.992 MSK INFO: Loaded 6000 instances: ScenarioN_ProjectKB_Class83402 -- Parser.getInstance()
2018.02.02 14:35:00.012 MSK INFO: Set type on 5000 instances: ScenarioN_ProjectKB_Class83072 -- Parser.getInstance()
2018.02.02 14:35:00.031 MSK INFO: Set type on 6000 instances: ScenarioN_ProjectKB_Class84072 -- Parser.getInstance()
2018.02.02 14:35:01.842 MSK INFO: Project load time for file:/Users/ru/clojure/simpro-scene/pprj_examples/BrigBern.pprj: 2 sec -- ProjectChooser.loadProject()
2018.02.02 14:35:02.786 MSK INFO: UI display time = 0 sec -- ProjectManager$2.run()
2018.02.02 14:36:12.832 MSK INFO: Loaded 5000 instances: ScenarioN_ProjectKB_Class72402 -- Parser.getInstance()
2018.02.02 14:36:12.851 MSK INFO: Loaded 6000 instances: ScenarioN_ProjectKB_Class83402 -- Parser.getInstance()
2018.02.02 14:36:12.870 MSK INFO: Set type on 5000 instances: ScenarioN_ProjectKB_Class83072 -- Parser.getInstance()
2018.02.02 14:36:12.889 MSK INFO: Set type on 6000 instances: ScenarioN_ProjectKB_Class84072 -- Parser.getInstance()
2018.02.02 14:36:13.759 MSK INFO: Project load time for file:/Users/ru/clojure/simpro-scene/pprj_base/Scenario.pprj: 1 sec -- ProjectChooser.loadProject()
2018.02.02 14:36:14.378 MSK INFO: UI display time = 0 sec -- ProjectManager$2.run()
2018.02.02 14:36:59.935 MSK INFO: Loaded 5000 instances: ScenarioN_ProjectKB_Class72402 -- Parser.getInstance()
2018.02.02 14:36:59.964 MSK INFO: Loaded 6000 instances: ScenarioN_ProjectKB_Class83402 -- Parser.getInstance()
2018.02.02 14:36:59.986 MSK INFO: Set type on 5000 instances: ScenarioN_ProjectKB_Class83072 -- Parser.getInstance()
2018.02.02 14:37:00.005 MSK INFO: Set type on 6000 instances: ScenarioN_ProjectKB_Class84072 -- Parser.getInstance()
2018.02.02 14:37:01.747 MSK SEVERE: Undefined instance: Scenario_Class570044 -- Parser.recordError()
2018.02.02 14:37:01.770 MSK INFO: Project load time for file:/Users/ru/clojure/simpro-scene/pprj_examples/BrigBern.pprj: 2 sec -- ProjectChooser.loadProject()
2018.02.02 14:37:02.755 MSK INFO: UI display time = 0 sec -- ProjectManager$2.run()
